<?xml version="1.0" encoding="UTF-8" ?>
<testsuite tests="20" failures="0" name="io.michaelcane.CalculatorSpec" time="0.267" errors="20" skipped="0">
  <properties>
    <property name="java.runtime.name" value="OpenJDK Runtime Environment"/>
    <property name="java.vm.version" value="14.0.2+12-46"/>
    <property name="sun.boot.library.path" value="/Users/kuanweiyu/Library/Java/JavaVirtualMachines/openjdk-14.0.2/Contents/Home/lib"/>
    <property name="maven.multiModuleProjectDirectory" value="/Users/kuanweiyu/Desktop/kuanwei/CMU/22Spring/17643-qm/a3/Scientific-Calculator"/>
    <property name="java.vm.vendor" value="Oracle Corporation"/>
    <property name="java.vendor.url" value="https://java.oracle.com/"/>
    <property name="guice.disable.misplaced.annotation.check" value="true"/>
    <property name="path.separator" value=":"/>
    <property name="java.vm.name" value="OpenJDK 64-Bit Server VM"/>
    <property name="user.country" value="TW"/>
    <property name="sun.java.launcher" value="SUN_STANDARD"/>
    <property name="test" value="CalculatorSpec"/>
    <property name="java.vm.specification.name" value="Java Virtual Machine Specification"/>
    <property name="user.dir" value="/Users/kuanweiyu/Desktop/kuanwei/CMU/22Spring/17643-qm/a3/Scientific-Calculator"/>
    <property name="java.vm.compressedOopsMode" value="Zero based"/>
    <property name="java.runtime.version" value="14.0.2+12-46"/>
    <property name="os.arch" value="x86_64"/>
    <property name="java.io.tmpdir" value="/var/folders/0x/7gb8lg9j35lgykpnblpm9wrm0000gn/T/"/>
    <property name="line.separator" value="
"/>
    <property name="java.vm.specification.vendor" value="Oracle Corporation"/>
    <property name="os.name" value="Mac OS X"/>
    <property name="classworlds.conf" value="/Users/kuanweiyu/Desktop/kuanwei/programming/tools/mvn/apache-maven-3.6.3/bin/m2.conf"/>
    <property name="sun.jnu.encoding" value="UTF-8"/>
    <property name="java.library.path" value="/Users/kuanweiyu/Library/Java/Extensions:/Library/Java/Extensions:/Network/Library/Java/Extensions:/System/Library/Java/Extensions:/usr/lib/java:."/>
    <property name="maven.conf" value="/Users/kuanweiyu/Desktop/kuanwei/programming/tools/mvn/apache-maven-3.6.3/conf"/>
    <property name="jdk.debug" value="release"/>
    <property name="java.class.version" value="58.0"/>
    <property name="java.specification.name" value="Java Platform API Specification"/>
    <property name="sun.management.compiler" value="HotSpot 64-Bit Tiered Compilers"/>
    <property name="os.version" value="10.16"/>
    <property name="library.jansi.path" value="/Users/kuanweiyu/Desktop/kuanwei/programming/tools/mvn/apache-maven-3.6.3/lib/jansi-native"/>
    <property name="user.home" value="/Users/kuanweiyu"/>
    <property name="user.timezone" value="America/New_York"/>
    <property name="file.encoding" value="UTF-8"/>
    <property name="java.specification.version" value="14"/>
    <property name="user.name" value="kuanweiyu"/>
    <property name="java.class.path" value="/Users/kuanweiyu/Desktop/kuanwei/programming/tools/mvn/apache-maven-3.6.3/boot/plexus-classworlds-2.6.0.jar"/>
    <property name="java.vm.specification.version" value="14"/>
    <property name="sun.arch.data.model" value="64"/>
    <property name="sun.java.command" value="org.codehaus.plexus.classworlds.launcher.Launcher -Dtest=CalculatorSpec test"/>
    <property name="java.home" value="/Users/kuanweiyu/Library/Java/JavaVirtualMachines/openjdk-14.0.2/Contents/Home"/>
    <property name="user.language" value="en"/>
    <property name="java.specification.vendor" value="Oracle Corporation"/>
    <property name="java.vm.info" value="mixed mode, sharing"/>
    <property name="java.version" value="14.0.2"/>
    <property name="java.vendor" value="Oracle Corporation"/>
    <property name="maven.home" value="/Users/kuanweiyu/Desktop/kuanwei/programming/tools/mvn/apache-maven-3.6.3"/>
    <property name="file.separator" value="/"/>
    <property name="java.version.date" value="2020-07-14"/>
    <property name="java.vendor.url.bug" value="https://bugreport.java.com/bugreport/"/>
    <property name="sun.io.unicode.encoding" value="UnicodeBig"/>
    <property name="sun.cpu.endian" value="little"/>
  </properties>
  <testcase classname="io.michaelcane.CalculatorSpec" name="test$inverseTangent" time="0.021">
    <error type="java.lang.StackOverflowError">java.lang.StackOverflowError
	at io.michaelcane.Calculator.&lt;init&gt;(Calculator.java:6)
	at io.michaelcane.Commands.&lt;init&gt;(Commands.java:5)
	at io.michaelcane.Calculator.&lt;init&gt;(Calculator.java:6)
	at io.michaelcane.Commands.&lt;init&gt;(Commands.java:5)
	at io.michaelcane.Calculator.&lt;init&gt;(Calculator.java:6)
	at io.michaelcane.Commands.&lt;init&gt;(Commands.java:5)
	at io.michaelcane.Calculator.&lt;init&gt;(Calculator.java:6)
	at io.michaelcane.Commands.&lt;init&gt;(Commands.java:5)
	at io.michaelcane.Calculator.&lt;init&gt;(Calculator.java:6)
	at io.michaelcane.Commands.&lt;init&gt;(Commands.java:5)
	at io.michaelcane.Calculator.&lt;init&gt;(Calculator.java:6)
	at io.michaelcane.Commands.&lt;init&gt;(Commands.java:5)
	at io.michaelcane.Calculator.&lt;init&gt;(Calculator.java:6)
	at io.michaelcane.Commands.&lt;init&gt;(Commands.java:5)
	at io.michaelcane.Calculator.&lt;init&gt;(Calculator.java:6)
	at io.michaelcane.Commands.&lt;init&gt;(Commands.java:5)
	at io.michaelcane.Calculator.&lt;init&gt;(Calculator.java:6)
	at io.michaelcane.Commands.&lt;init&gt;(Commands.java:5)
	at io.michaelcane.Calculator.&lt;init&gt;(Calculator.java:6)
	at io.michaelcane.Commands.&lt;init&gt;(Commands.java:5)
	at io.michaelcane.Calculator.&lt;init&gt;(Calculator.java:6)
	at io.michaelcane.Commands.&lt;init&gt;(Commands.java:5)
	at io.michaelcane.Calculator.&lt;init&gt;(Calculator.java:6)
	at io.michaelcane.Commands.&lt;init&gt;(Commands.java:5)
	at io.michaelcane.Calculator.&lt;init&gt;(Calculator.java:6)
	at io.michaelcane.Commands.&lt;init&gt;(Commands.java:5)
	at io.michaelcane.Calculator.&lt;init&gt;(Calculator.java:6)
	at io.michaelcane.Commands.&lt;init&gt;(Commands.java:5)
	at io.michaelcane.Calculator.&lt;init&gt;(Calculator.java:6)
	at io.michaelcane.Commands.&lt;init&gt;(Commands.java:5)
	at io.michaelcane.Calculator.&lt;init&gt;(Calculator.java:6)
	at io.michaelcane.Commands.&lt;init&gt;(Commands.java:5)
	at io.michaelcane.Calculator.&lt;init&gt;(Calculator.java:6)
	at io.michaelcane.Commands.&lt;init&gt;(Commands.java:5)
	at io.michaelcane.Calculator.&lt;init&gt;(Calculator.java:6)
	at io.michaelcane.Commands.&lt;init&gt;(Commands.java:5)
	at io.michaelcane.Calculator.&lt;init&gt;(Calculator.java:6)
	at io.michaelcane.Commands.&lt;init&gt;(Commands.java:5)
	at io.michaelcane.Calculator.&lt;init&gt;(Calculator.java:6)
	at io.michaelcane.Commands.&lt;init&gt;(Commands.java:5)
	at io.michaelcane.Calculator.&lt;init&gt;(Calculator.java:6)
	at io.michaelcane.Commands.&lt;init&gt;(Commands.java:5)
	at io.michaelcane.Calculator.&lt;init&gt;(Calculator.java:6)
	at io.michaelcane.Commands.&lt;init&gt;(Commands.java:5)
	at io.michaelcane.Calculator.&lt;init&gt;(Calculator.java:6)
	at io.michaelcane.Commands.&lt;init&gt;(Commands.java:5)
	at io.michaelcane.Calculator.&lt;init&gt;(Calculator.java:6)
	at io.michaelcane.Commands.&lt;init&gt;(Commands.java:5)
	at io.michaelcane.Calculator.&lt;init&gt;(Calculator.java:6)
	at io.michaelcane.Commands.&lt;init&gt;(Commands.java:5)
	at io.michaelcane.Calculator.&lt;init&gt;(Calculator.java:6)
	at io.michaelcane.Commands.&lt;init&gt;(Commands.java:5)
	at io.michaelcane.Calculator.&lt;init&gt;(Calculator.java:6)
	at io.michaelcane.Commands.&lt;init&gt;(Commands.java:5)
	at io.michaelcane.Calculator.&lt;init&gt;(Calculator.java:6)
	at io.michaelcane.Commands.&lt;init&gt;(Commands.java:5)
	at io.michaelcane.Calculator.&lt;init&gt;(Calculator.java:6)
	at io.michaelcane.Commands.&lt;init&gt;(Commands.java:5)
	at io.michaelcane.Calculator.&lt;init&gt;(Calculator.java:6)
	at io.michaelcane.Commands.&lt;init&gt;(Commands.java:5)
	at io.michaelcane.Calculator.&lt;init&gt;(Calculator.java:6)
	at io.michaelcane.Commands.&lt;init&gt;(Commands.java:5)
	at io.michaelcane.Calculator.&lt;init&gt;(Calculator.java:6)
	at io.michaelcane.Commands.&lt;init&gt;(Commands.java:5)
	at io.michaelcane.Calculator.&lt;init&gt;(Calculator.java:6)
	at io.michaelcane.Commands.&lt;init&gt;(Commands.java:5)
	at io.michaelcane.Calculator.&lt;init&gt;(Calculator.java:6)
	at io.michaelcane.Commands.&lt;init&gt;(Commands.java:5)
	at io.michaelcane.Calculator.&lt;init&gt;(Calculator.java:6)
	at io.michaelcane.Commands.&lt;init&gt;(Commands.java:5)
	at io.michaelcane.Calculator.&lt;init&gt;(Calculator.java:6)
	at io.michaelcane.Commands.&lt;init&gt;(Commands.java:5)
	at io.michaelcane.Calculator.&lt;init&gt;(Calculator.java:6)
	at io.michaelcane.Commands.&lt;init&gt;(Commands.java:5)
	at io.michaelcane.Calculator.&lt;init&gt;(Calculator.java:6)
	at io.michaelcane.Commands.&lt;init&gt;(Commands.java:5)
	at io.michaelcane.Calculator.&lt;init&gt;(Calculator.java:6)
	at io.michaelcane.Commands.&lt;init&gt;(Commands.java:5)
	at io.michaelcane.Calculator.&lt;init&gt;(Calculator.java:6)
	at io.michaelcane.Commands.&lt;init&gt;(Commands.java:5)
	at io.michaelcane.Calculator.&lt;init&gt;(Calculator.java:6)
	at io.michaelcane.Commands.&lt;init&gt;(Commands.java:5)
	at io.michaelcane.Calculator.&lt;init&gt;(Calculator.java:6)
	at io.michaelcane.Commands.&lt;init&gt;(Commands.java:5)
	at io.michaelcane.Calculator.&lt;init&gt;(Calculator.java:6)
	at io.michaelcane.Commands.&lt;init&gt;(Commands.java:5)
	at io.michaelcane.Calculator.&lt;init&gt;(Calculator.java:6)
	at io.michaelcane.Commands.&lt;init&gt;(Commands.java:5)
	at io.michaelcane.Calculator.&lt;init&gt;(Calculator.java:6)
	at io.michaelcane.Commands.&lt;init&gt;(Commands.java:5)
	at io.michaelcane.Calculator.&lt;init&gt;(Calculator.java:6)
	at io.michaelcane.Commands.&lt;init&gt;(Commands.java:5)
	at io.michaelcane.Calculator.&lt;init&gt;(Calculator.java:6)
	at io.michaelcane.Commands.&lt;init&gt;(Commands.java:5)
	at io.michaelcane.Calculator.&lt;init&gt;(Calculator.java:6)
	at io.michaelcane.Commands.&lt;init&gt;(Commands.java:5)
	at io.michaelcane.Calculator.&lt;init&gt;(Calculator.java:6)
	at io.michaelcane.Commands.&lt;init&gt;(Commands.java:5)
	at io.michaelcane.Calculator.&lt;init&gt;(Calculator.java:6)
	at io.michaelcane.Commands.&lt;init&gt;(Commands.java:5)
	at io.michaelcane.Calculator.&lt;init&gt;(Calculator.java:6)
	at io.michaelcane.Commands.&lt;init&gt;(Commands.java:5)
	at io.michaelcane.Calculator.&lt;init&gt;(Calculator.java:6)
	at io.michaelcane.Commands.&lt;init&gt;(Commands.java:5)
	at io.michaelcane.Calculator.&lt;init&gt;(Calculator.java:6)
	at io.michaelcane.Commands.&lt;init&gt;(Commands.java:5)
	at io.michaelcane.Calculator.&lt;init&gt;(Calculator.java:6)
	at io.michaelcane.Commands.&lt;init&gt;(Commands.java:5)
	at io.michaelcane.Calculator.&lt;init&gt;(Calculator.java:6)
	at io.michaelcane.Commands.&lt;init&gt;(Commands.java:5)
	at io.michaelcane.Calculator.&lt;init&gt;(Calculator.java:6)
	at io.michaelcane.Commands.&lt;init&gt;(Commands.java:5)
	at io.michaelcane.Calculator.&lt;init&gt;(Calculator.java:6)
	at io.michaelcane.Commands.&lt;init&gt;(Commands.java:5)
	at io.michaelcane.Calculator.&lt;init&gt;(Calculator.java:6)
	at io.michaelcane.Commands.&lt;init&gt;(Commands.java:5)
	at io.michaelcane.Calculator.&lt;init&gt;(Calculator.java:6)
	at io.michaelcane.Commands.&lt;init&gt;(Commands.java:5)
	at io.michaelcane.Calculator.&lt;init&gt;(Calculator.java:6)
	at io.michaelcane.Commands.&lt;init&gt;(Commands.java:5)
	at io.michaelcane.Calculator.&lt;init&gt;(Calculator.java:6)
	at io.michaelcane.Commands.&lt;init&gt;(Commands.java:5)
	at io.michaelcane.Calculator.&lt;init&gt;(Calculator.java:6)
	at io.michaelcane.Commands.&lt;init&gt;(Commands.java:5)
	at io.michaelcane.Calculator.&lt;init&gt;(Calculator.java:6)
	at io.michaelcane.Commands.&lt;init&gt;(Commands.java:5)
	at io.michaelcane.Calculator.&lt;init&gt;(Calculator.java:6)
	at io.michaelcane.Commands.&lt;init&gt;(Commands.java:5)
	at io.michaelcane.Calculator.&lt;init&gt;(Calculator.java:6)
	at io.michaelcane.Commands.&lt;init&gt;(Commands.java:5)
	at io.michaelcane.Calculator.&lt;init&gt;(Calculator.java:6)
	at io.michaelcane.Commands.&lt;init&gt;(Commands.java:5)
	at io.michaelcane.Calculator.&lt;init&gt;(Calculator.java:6)
	at io.michaelcane.Commands.&lt;init&gt;(Commands.java:5)
	at io.michaelcane.Calculator.&lt;init&gt;(Calculator.java:6)
	at io.michaelcane.Commands.&lt;init&gt;(Commands.java:5)
	at io.michaelcane.Calculator.&lt;init&gt;(Calculator.java:6)
	at io.michaelcane.Commands.&lt;init&gt;(Commands.java:5)
	at io.michaelcane.Calculator.&lt;init&gt;(Calculator.java:6)
	at io.michaelcane.Commands.&lt;init&gt;(Commands.java:5)
	at io.michaelcane.Calculator.&lt;init&gt;(Calculator.java:6)
	at io.michaelcane.Commands.&lt;init&gt;(Commands.java:5)
	at io.michaelcane.Calculator.&lt;init&gt;(Calculator.java:6)
	at io.michaelcane.Commands.&lt;init&gt;(Commands.java:5)
	at io.michaelcane.Calculator.&lt;init&gt;(Calculator.java:6)
	at io.michaelcane.Commands.&lt;init&gt;(Commands.java:5)
	at io.michaelcane.Calculator.&lt;init&gt;(Calculator.java:6)
	at io.michaelcane.Commands.&lt;init&gt;(Commands.java:5)
	at io.michaelcane.Calculator.&lt;init&gt;(Calculator.java:6)
	at io.michaelcane.Commands.&lt;init&gt;(Commands.java:5)
	at io.michaelcane.Calculator.&lt;init&gt;(Calculator.java:6)
	at io.michaelcane.Commands.&lt;init&gt;(Commands.java:5)
	at io.michaelcane.Calculator.&lt;init&gt;(Calculator.java:6)
	at io.michaelcane.Commands.&lt;init&gt;(Commands.java:5)
	at io.michaelcane.Calculator.&lt;init&gt;(Calculator.java:6)
	at io.michaelcane.Commands.&lt;init&gt;(Commands.java:5)
	at io.michaelcane.Calculator.&lt;init&gt;(Calculator.java:6)
	at io.michaelcane.Commands.&lt;init&gt;(Commands.java:5)
	at io.michaelcane.Calculator.&lt;init&gt;(Calculator.java:6)
	at io.michaelcane.Commands.&lt;init&gt;(Commands.java:5)
	at io.michaelcane.Calculator.&lt;init&gt;(Calculator.java:6)
	at io.michaelcane.Commands.&lt;init&gt;(Commands.java:5)
	at io.michaelcane.Calculator.&lt;init&gt;(Calculator.java:6)
	at io.michaelcane.Commands.&lt;init&gt;(Commands.java:5)
	at io.michaelcane.Calculator.&lt;init&gt;(Calculator.java:6)
	at io.michaelcane.Commands.&lt;init&gt;(Commands.java:5)
	at io.michaelcane.Calculator.&lt;init&gt;(Calculator.java:6)
	at io.michaelcane.Commands.&lt;init&gt;(Commands.java:5)
	at io.michaelcane.Calculator.&lt;init&gt;(Calculator.java:6)
	at io.michaelcane.Commands.&lt;init&gt;(Commands.java:5)
	at io.michaelcane.Calculator.&lt;init&gt;(Calculator.java:6)
	at io.michaelcane.Commands.&lt;init&gt;(Commands.java:5)
	at io.michaelcane.Calculator.&lt;init&gt;(Calculator.java:6)
	at io.michaelcane.Commands.&lt;init&gt;(Commands.java:5)
	at io.michaelcane.Calculator.&lt;init&gt;(Calculator.java:6)
	at io.michaelcane.Commands.&lt;init&gt;(Commands.java:5)
	at io.michaelcane.Calculator.&lt;init&gt;(Calculator.java:6)
	at io.michaelcane.Commands.&lt;init&gt;(Commands.java:5)
	at io.michaelcane.Calculator.&lt;init&gt;(Calculator.java:6)
	at io.michaelcane.Commands.&lt;init&gt;(Commands.java:5)
	at io.michaelcane.Calculator.&lt;init&gt;(Calculator.java:6)
	at io.michaelcane.Commands.&lt;init&gt;(Commands.java:5)
	at io.michaelcane.Calculator.&lt;init&gt;(Calculator.java:6)
	at io.michaelcane.Commands.&lt;init&gt;(Commands.java:5)
	at io.michaelcane.Calculator.&lt;init&gt;(Calculator.java:6)
	at io.michaelcane.Commands.&lt;init&gt;(Commands.java:5)
	at io.michaelcane.Calculator.&lt;init&gt;(Calculator.java:6)
	at io.michaelcane.Commands.&lt;init&gt;(Commands.java:5)
	at io.michaelcane.Calculator.&lt;init&gt;(Calculator.java:6)
	at io.michaelcane.Commands.&lt;init&gt;(Commands.java:5)
	at io.michaelcane.Calculator.&lt;init&gt;(Calculator.java:6)
	at io.michaelcane.Commands.&lt;init&gt;(Commands.java:5)
	at io.michaelcane.Calculator.&lt;init&gt;(Calculator.java:6)
	at io.michaelcane.Commands.&lt;init&gt;(Commands.java:5)
	at io.michaelcane.Calculator.&lt;init&gt;(Calculator.java:6)
	at io.michaelcane.Commands.&lt;init&gt;(Commands.java:5)
	at io.michaelcane.Calculator.&lt;init&gt;(Calculator.java:6)
	at io.michaelcane.Commands.&lt;init&gt;(Commands.java:5)
	at io.michaelcane.Calculator.&lt;init&gt;(Calculator.java:6)
	at io.michaelcane.Commands.&lt;init&gt;(Commands.java:5)
	at io.michaelcane.Calculator.&lt;init&gt;(Calculator.java:6)
	at io.michaelcane.Commands.&lt;init&gt;(Commands.java:5)
	at io.michaelcane.Calculator.&lt;init&gt;(Calculator.java:6)
	at io.michaelcane.Commands.&lt;init&gt;(Commands.java:5)
	at io.michaelcane.Calculator.&lt;init&gt;(Calculator.java:6)
	at io.michaelcane.Commands.&lt;init&gt;(Commands.java:5)
	at io.michaelcane.Calculator.&lt;init&gt;(Calculator.java:6)
	at io.michaelcane.Commands.&lt;init&gt;(Commands.java:5)
	at io.michaelcane.Calculator.&lt;init&gt;(Calculator.java:6)
	at io.michaelcane.Commands.&lt;init&gt;(Commands.java:5)
	at io.michaelcane.Calculator.&lt;init&gt;(Calculator.java:6)
	at io.michaelcane.Commands.&lt;init&gt;(Commands.java:5)
	at io.michaelcane.Calculator.&lt;init&gt;(Calculator.java:6)
	at io.michaelcane.Commands.&lt;init&gt;(Commands.java:5)
	at io.michaelcane.Calculator.&lt;init&gt;(Calculator.java:6)
	at io.michaelcane.Commands.&lt;init&gt;(Commands.java:5)
	at io.michaelcane.Calculator.&lt;init&gt;(Calculator.java:6)
	at io.michaelcane.Commands.&lt;init&gt;(Commands.java:5)
	at io.michaelcane.Calculator.&lt;init&gt;(Calculator.java:6)
	at io.michaelcane.Commands.&lt;init&gt;(Commands.java:5)
	at io.michaelcane.Calculator.&lt;init&gt;(Calculator.java:6)
	at io.michaelcane.Commands.&lt;init&gt;(Commands.java:5)
	at io.michaelcane.Calculator.&lt;init&gt;(Calculator.java:6)
	at io.michaelcane.Commands.&lt;init&gt;(Commands.java:5)
	at io.michaelcane.Calculator.&lt;init&gt;(Calculator.java:6)
	at io.michaelcane.Commands.&lt;init&gt;(Commands.java:5)
	at io.michaelcane.Calculator.&lt;init&gt;(Calculator.java:6)
	at io.michaelcane.Commands.&lt;init&gt;(Commands.java:5)
	at io.michaelcane.Calculator.&lt;init&gt;(Calculator.java:6)
	at io.michaelcane.Commands.&lt;init&gt;(Commands.java:5)
	at io.michaelcane.Calculator.&lt;init&gt;(Calculator.java:6)
	at io.michaelcane.Commands.&lt;init&gt;(Commands.java:5)
	at io.michaelcane.Calculator.&lt;init&gt;(Calculator.java:6)
	at io.michaelcane.Commands.&lt;init&gt;(Commands.java:5)
	at io.michaelcane.Calculator.&lt;init&gt;(Calculator.java:6)
	at io.michaelcane.Commands.&lt;init&gt;(Commands.java:5)
	at io.michaelcane.Calculator.&lt;init&gt;(Calculator.java:6)
	at io.michaelcane.Commands.&lt;init&gt;(Commands.java:5)
	at io.michaelcane.Calculator.&lt;init&gt;(Calculator.java:6)
	at io.michaelcane.Commands.&lt;init&gt;(Commands.java:5)
	at io.michaelcane.Calculator.&lt;init&gt;(Calculator.java:6)
	at io.michaelcane.Commands.&lt;init&gt;(Commands.java:5)
	at io.michaelcane.Calculator.&lt;init&gt;(Calculator.java:6)
	at io.michaelcane.Commands.&lt;init&gt;(Commands.java:5)
	at io.michaelcane.Calculator.&lt;init&gt;(Calculator.java:6)
	at io.michaelcane.Commands.&lt;init&gt;(Commands.java:5)
	at io.michaelcane.Calculator.&lt;init&gt;(Calculator.java:6)
	at io.michaelcane.Commands.&lt;init&gt;(Commands.java:5)
	at io.michaelcane.Calculator.&lt;init&gt;(Calculator.java:6)
	at io.michaelcane.Commands.&lt;init&gt;(Commands.java:5)
	at io.michaelcane.Calculator.&lt;init&gt;(Calculator.java:6)
	at io.michaelcane.Commands.&lt;init&gt;(Commands.java:5)
	at io.michaelcane.Calculator.&lt;init&gt;(Calculator.java:6)
	at io.michaelcane.Commands.&lt;init&gt;(Commands.java:5)
	at io.michaelcane.Calculator.&lt;init&gt;(Calculator.java:6)
	at io.michaelcane.Commands.&lt;init&gt;(Commands.java:5)
	at io.michaelcane.Calculator.&lt;init&gt;(Calculator.java:6)
	at io.michaelcane.Commands.&lt;init&gt;(Commands.java:5)
	at io.michaelcane.Calculator.&lt;init&gt;(Calculator.java:6)
	at io.michaelcane.Commands.&lt;init&gt;(Commands.java:5)
	at io.michaelcane.Calculator.&lt;init&gt;(Calculator.java:6)
	at io.michaelcane.Commands.&lt;init&gt;(Commands.java:5)
	at io.michaelcane.Calculator.&lt;init&gt;(Calculator.java:6)
	at io.michaelcane.Commands.&lt;init&gt;(Commands.java:5)
	at io.michaelcane.Calculator.&lt;init&gt;(Calculator.java:6)
	at io.michaelcane.Commands.&lt;init&gt;(Commands.java:5)
	at io.michaelcane.Calculator.&lt;init&gt;(Calculator.java:6)
	at io.michaelcane.Commands.&lt;init&gt;(Commands.java:5)
	at io.michaelcane.Calculator.&lt;init&gt;(Calculator.java:6)
	at io.michaelcane.Commands.&lt;init&gt;(Commands.java:5)
	at io.michaelcane.Calculator.&lt;init&gt;(Calculator.java:6)
	at io.michaelcane.Commands.&lt;init&gt;(Commands.java:5)
	at io.michaelcane.Calculator.&lt;init&gt;(Calculator.java:6)
	at io.michaelcane.Commands.&lt;init&gt;(Commands.java:5)
	at io.michaelcane.Calculator.&lt;init&gt;(Calculator.java:6)
	at io.michaelcane.Commands.&lt;init&gt;(Commands.java:5)
	at io.michaelcane.Calculator.&lt;init&gt;(Calculator.java:6)
	at io.michaelcane.Commands.&lt;init&gt;(Commands.java:5)
	at io.michaelcane.Calculator.&lt;init&gt;(Calculator.java:6)
	at io.michaelcane.Commands.&lt;init&gt;(Commands.java:5)
	at io.michaelcane.Calculator.&lt;init&gt;(Calculator.java:6)
	at io.michaelcane.Commands.&lt;init&gt;(Commands.java:5)
	at io.michaelcane.Calculator.&lt;init&gt;(Calculator.java:6)
	at io.michaelcane.Commands.&lt;init&gt;(Commands.java:5)
	at io.michaelcane.Calculator.&lt;init&gt;(Calculator.java:6)
	at io.michaelcane.Commands.&lt;init&gt;(Commands.java:5)
	at io.michaelcane.Calculator.&lt;init&gt;(Calculator.java:6)
	at io.michaelcane.Commands.&lt;init&gt;(Commands.java:5)
	at io.michaelcane.Calculator.&lt;init&gt;(Calculator.java:6)
	at io.michaelcane.Commands.&lt;init&gt;(Commands.java:5)
	at io.michaelcane.Calculator.&lt;init&gt;(Calculator.java:6)
	at io.michaelcane.Commands.&lt;init&gt;(Commands.java:5)
	at io.michaelcane.Calculator.&lt;init&gt;(Calculator.java:6)
	at io.michaelcane.Commands.&lt;init&gt;(Commands.java:5)
	at io.michaelcane.Calculator.&lt;init&gt;(Calculator.java:6)
	at io.michaelcane.Commands.&lt;init&gt;(Commands.java:5)
	at io.michaelcane.Calculator.&lt;init&gt;(Calculator.java:6)
	at io.michaelcane.Commands.&lt;init&gt;(Commands.java:5)
	at io.michaelcane.Calculator.&lt;init&gt;(Calculator.java:6)
	at io.michaelcane.Commands.&lt;init&gt;(Commands.java:5)
	at io.michaelcane.Calculator.&lt;init&gt;(Calculator.java:6)
	at io.michaelcane.Commands.&lt;init&gt;(Commands.java:5)
	at io.michaelcane.Calculator.&lt;init&gt;(Calculator.java:6)
	at io.michaelcane.Commands.&lt;init&gt;(Commands.java:5)
	at io.michaelcane.Calculator.&lt;init&gt;(Calculator.java:6)
	at io.michaelcane.Commands.&lt;init&gt;(Commands.java:5)
	at io.michaelcane.Calculator.&lt;init&gt;(Calculator.java:6)
	at io.michaelcane.Commands.&lt;init&gt;(Commands.java:5)
	at io.michaelcane.Calculator.&lt;init&gt;(Calculator.java:6)
	at io.michaelcane.Commands.&lt;init&gt;(Commands.java:5)
	at io.michaelcane.Calculator.&lt;init&gt;(Calculator.java:6)
	at io.michaelcane.Commands.&lt;init&gt;(Commands.java:5)
	at io.michaelcane.Calculator.&lt;init&gt;(Calculator.java:6)
	at io.michaelcane.Commands.&lt;init&gt;(Commands.java:5)
	at io.michaelcane.Calculator.&lt;init&gt;(Calculator.java:6)
	at io.michaelcane.Commands.&lt;init&gt;(Commands.java:5)
	at io.michaelcane.Calculator.&lt;init&gt;(Calculator.java:6)
	at io.michaelcane.Commands.&lt;init&gt;(Commands.java:5)
	at io.michaelcane.Calculator.&lt;init&gt;(Calculator.java:6)
	at io.michaelcane.Commands.&lt;init&gt;(Commands.java:5)
	at io.michaelcane.Calculator.&lt;init&gt;(Calculator.java:6)
	at io.michaelcane.Commands.&lt;init&gt;(Commands.java:5)
	at io.michaelcane.Calculator.&lt;init&gt;(Calculator.java:6)
	at io.michaelcane.Commands.&lt;init&gt;(Commands.java:5)
	at io.michaelcane.Calculator.&lt;init&gt;(Calculator.java:6)
	at io.michaelcane.Commands.&lt;init&gt;(Commands.java:5)
	at io.michaelcane.Calculator.&lt;init&gt;(Calculator.java:6)
	at io.michaelcane.Commands.&lt;init&gt;(Commands.java:5)
	at io.michaelcane.Calculator.&lt;init&gt;(Calculator.java:6)
	at io.michaelcane.Commands.&lt;init&gt;(Commands.java:5)
	at io.michaelcane.Calculator.&lt;init&gt;(Calculator.java:6)
	at io.michaelcane.Commands.&lt;init&gt;(Commands.java:5)
	at io.michaelcane.Calculator.&lt;init&gt;(Calculator.java:6)
	at io.michaelcane.Commands.&lt;init&gt;(Commands.java:5)
	at io.michaelcane.Calculator.&lt;init&gt;(Calculator.java:6)
	at io.michaelcane.Commands.&lt;init&gt;(Commands.java:5)
	at io.michaelcane.Calculator.&lt;init&gt;(Calculator.java:6)
	at io.michaelcane.Commands.&lt;init&gt;(Commands.java:5)
	at io.michaelcane.Calculator.&lt;init&gt;(Calculator.java:6)
	at io.michaelcane.Commands.&lt;init&gt;(Commands.java:5)
	at io.michaelcane.Calculator.&lt;init&gt;(Calculator.java:6)
	at io.michaelcane.Commands.&lt;init&gt;(Commands.java:5)
	at io.michaelcane.Calculator.&lt;init&gt;(Calculator.java:6)
	at io.michaelcane.Commands.&lt;init&gt;(Commands.java:5)
	at io.michaelcane.Calculator.&lt;init&gt;(Calculator.java:6)
	at io.michaelcane.Commands.&lt;init&gt;(Commands.java:5)
	at io.michaelcane.Calculator.&lt;init&gt;(Calculator.java:6)
	at io.michaelcane.Commands.&lt;init&gt;(Commands.java:5)
	at io.michaelcane.Calculator.&lt;init&gt;(Calculator.java:6)
	at io.michaelcane.Commands.&lt;init&gt;(Commands.java:5)
	at io.michaelcane.Calculator.&lt;init&gt;(Calculator.java:6)
	at io.michaelcane.Commands.&lt;init&gt;(Commands.java:5)
	at io.michaelcane.Calculator.&lt;init&gt;(Calculator.java:6)
	at io.michaelcane.Commands.&lt;init&gt;(Commands.java:5)
	at io.michaelcane.Calculator.&lt;init&gt;(Calculator.java:6)
	at io.michaelcane.Commands.&lt;init&gt;(Commands.java:5)
	at io.michaelcane.Calculator.&lt;init&gt;(Calculator.java:6)
	at io.michaelcane.Commands.&lt;init&gt;(Commands.java:5)
	at io.michaelcane.Calculator.&lt;init&gt;(Calculator.java:6)
	at io.michaelcane.Commands.&lt;init&gt;(Commands.java:5)
	at io.michaelcane.Calculator.&lt;init&gt;(Calculator.java:6)
	at io.michaelcane.Commands.&lt;init&gt;(Commands.java:5)
	at io.michaelcane.Calculator.&lt;init&gt;(Calculator.java:6)
	at io.michaelcane.Commands.&lt;init&gt;(Commands.java:5)
	at io.michaelcane.Calculator.&lt;init&gt;(Calculator.java:6)
	at io.michaelcane.Commands.&lt;init&gt;(Commands.java:5)
	at io.michaelcane.Calculator.&lt;init&gt;(Calculator.java:6)
	at io.michaelcane.Commands.&lt;init&gt;(Commands.java:5)
	at io.michaelcane.Calculator.&lt;init&gt;(Calculator.java:6)
	at io.michaelcane.Commands.&lt;init&gt;(Commands.java:5)
	at io.michaelcane.Calculator.&lt;init&gt;(Calculator.java:6)
	at io.michaelcane.Commands.&lt;init&gt;(Commands.java:5)
	at io.michaelcane.Calculator.&lt;init&gt;(Calculator.java:6)
	at io.michaelcane.Commands.&lt;init&gt;(Commands.java:5)
	at io.michaelcane.Calculator.&lt;init&gt;(Calculator.java:6)
	at io.michaelcane.Commands.&lt;init&gt;(Commands.java:5)
	at io.michaelcane.Calculator.&lt;init&gt;(Calculator.java:6)
	at io.michaelcane.Commands.&lt;init&gt;(Commands.java:5)
	at io.michaelcane.Calculator.&lt;init&gt;(Calculator.java:6)
	at io.michaelcane.Commands.&lt;init&gt;(Commands.java:5)
	at io.michaelcane.Calculator.&lt;init&gt;(Calculator.java:6)
	at io.michaelcane.Commands.&lt;init&gt;(Commands.java:5)
	at io.michaelcane.Calculator.&lt;init&gt;(Calculator.java:6)
	at io.michaelcane.Commands.&lt;init&gt;(Commands.java:5)
	at io.michaelcane.Calculator.&lt;init&gt;(Calculator.java:6)
	at io.michaelcane.Commands.&lt;init&gt;(Commands.java:5)
	at io.michaelcane.Calculator.&lt;init&gt;(Calculator.java:6)
	at io.michaelcane.Commands.&lt;init&gt;(Commands.java:5)
	at io.michaelcane.Calculator.&lt;init&gt;(Calculator.java:6)
	at io.michaelcane.Commands.&lt;init&gt;(Commands.java:5)
	at io.michaelcane.Calculator.&lt;init&gt;(Calculator.java:6)
	at io.michaelcane.Commands.&lt;init&gt;(Commands.java:5)
	at io.michaelcane.Calculator.&lt;init&gt;(Calculator.java:6)
	at io.michaelcane.Commands.&lt;init&gt;(Commands.java:5)
	at io.michaelcane.Calculator.&lt;init&gt;(Calculator.java:6)
	at io.michaelcane.Commands.&lt;init&gt;(Commands.java:5)
	at io.michaelcane.Calculator.&lt;init&gt;(Calculator.java:6)
	at io.michaelcane.Commands.&lt;init&gt;(Commands.java:5)
	at io.michaelcane.Calculator.&lt;init&gt;(Calculator.java:6)
	at io.michaelcane.Commands.&lt;init&gt;(Commands.java:5)
	at io.michaelcane.Calculator.&lt;init&gt;(Calculator.java:6)
	at io.michaelcane.Commands.&lt;init&gt;(Commands.java:5)
	at io.michaelcane.Calculator.&lt;init&gt;(Calculator.java:6)
	at io.michaelcane.Commands.&lt;init&gt;(Commands.java:5)
	at io.michaelcane.Calculator.&lt;init&gt;(Calculator.java:6)
	at io.michaelcane.Commands.&lt;init&gt;(Commands.java:5)
	at io.michaelcane.Calculator.&lt;init&gt;(Calculator.java:6)
	at io.michaelcane.Commands.&lt;init&gt;(Commands.java:5)
	at io.michaelcane.Calculator.&lt;init&gt;(Calculator.java:6)
	at io.michaelcane.Commands.&lt;init&gt;(Commands.java:5)
	at io.michaelcane.Calculator.&lt;init&gt;(Calculator.java:6)
	at io.michaelcane.Commands.&lt;init&gt;(Commands.java:5)
	at io.michaelcane.Calculator.&lt;init&gt;(Calculator.java:6)
	at io.michaelcane.Commands.&lt;init&gt;(Commands.java:5)
	at io.michaelcane.Calculator.&lt;init&gt;(Calculator.java:6)
	at io.michaelcane.Commands.&lt;init&gt;(Commands.java:5)
	at io.michaelcane.Calculator.&lt;init&gt;(Calculator.java:6)
	at io.michaelcane.Commands.&lt;init&gt;(Commands.java:5)
	at io.michaelcane.Calculator.&lt;init&gt;(Calculator.java:6)
	at io.michaelcane.Commands.&lt;init&gt;(Commands.java:5)
	at io.michaelcane.Calculator.&lt;init&gt;(Calculator.java:6)
	at io.michaelcane.Commands.&lt;init&gt;(Commands.java:5)
	at io.michaelcane.Calculator.&lt;init&gt;(Calculator.java:6)
	at io.michaelcane.Commands.&lt;init&gt;(Commands.java:5)
	at io.michaelcane.Calculator.&lt;init&gt;(Calculator.java:6)
	at io.michaelcane.Commands.&lt;init&gt;(Commands.java:5)
	at io.michaelcane.Calculator.&lt;init&gt;(Calculator.java:6)
	at io.michaelcane.Commands.&lt;init&gt;(Commands.java:5)
	at io.michaelcane.Calculator.&lt;init&gt;(Calculator.java:6)
	at io.michaelcane.Commands.&lt;init&gt;(Commands.java:5)
	at io.michaelcane.Calculator.&lt;init&gt;(Calculator.java:6)
	at io.michaelcane.Commands.&lt;init&gt;(Commands.java:5)
	at io.michaelcane.Calculator.&lt;init&gt;(Calculator.java:6)
	at io.michaelcane.Commands.&lt;init&gt;(Commands.java:5)
	at io.michaelcane.Calculator.&lt;init&gt;(Calculator.java:6)
	at io.michaelcane.Commands.&lt;init&gt;(Commands.java:5)
	at io.michaelcane.Calculator.&lt;init&gt;(Calculator.java:6)
	at io.michaelcane.Commands.&lt;init&gt;(Commands.java:5)
	at io.michaelcane.Calculator.&lt;init&gt;(Calculator.java:6)
	at io.michaelcane.Commands.&lt;init&gt;(Commands.java:5)
	at io.michaelcane.Calculator.&lt;init&gt;(Calculator.java:6)
	at io.michaelcane.Commands.&lt;init&gt;(Commands.java:5)
	at io.michaelcane.Calculator.&lt;init&gt;(Calculator.java:6)
	at io.michaelcane.Commands.&lt;init&gt;(Commands.java:5)
	at io.michaelcane.Calculator.&lt;init&gt;(Calculator.java:6)
	at io.michaelcane.Commands.&lt;init&gt;(Commands.java:5)
	at io.michaelcane.Calculator.&lt;init&gt;(Calculator.java:6)
	at io.michaelcane.Commands.&lt;init&gt;(Commands.java:5)
	at io.michaelcane.Calculator.&lt;init&gt;(Calculator.java:6)
	at io.michaelcane.Commands.&lt;init&gt;(Commands.java:5)
	at io.michaelcane.Calculator.&lt;init&gt;(Calculator.java:6)
	at io.michaelcane.Commands.&lt;init&gt;(Commands.java:5)
	at io.michaelcane.Calculator.&lt;init&gt;(Calculator.java:6)
	at io.michaelcane.Commands.&lt;init&gt;(Commands.java:5)
	at io.michaelcane.Calculator.&lt;init&gt;(Calculator.java:6)
	at io.michaelcane.Commands.&lt;init&gt;(Commands.java:5)
	at io.michaelcane.Calculator.&lt;init&gt;(Calculator.java:6)
	at io.michaelcane.Commands.&lt;init&gt;(Commands.java:5)
	at io.michaelcane.Calculator.&lt;init&gt;(Calculator.java:6)
	at io.michaelcane.Commands.&lt;init&gt;(Commands.java:5)
	at io.michaelcane.Calculator.&lt;init&gt;(Calculator.java:6)
	at io.michaelcane.Commands.&lt;init&gt;(Commands.java:5)
	at io.michaelcane.Calculator.&lt;init&gt;(Calculator.java:6)
	at io.michaelcane.Commands.&lt;init&gt;(Commands.java:5)
	at io.michaelcane.Calculator.&lt;init&gt;(Calculator.java:6)
	at io.michaelcane.Commands.&lt;init&gt;(Commands.java:5)
	at io.michaelcane.Calculator.&lt;init&gt;(Calculator.java:6)
	at io.michaelcane.Commands.&lt;init&gt;(Commands.java:5)
	at io.michaelcane.Calculator.&lt;init&gt;(Calculator.java:6)
	at io.michaelcane.Commands.&lt;init&gt;(Commands.java:5)
	at io.michaelcane.Calculator.&lt;init&gt;(Calculator.java:6)
	at io.michaelcane.Commands.&lt;init&gt;(Commands.java:5)
	at io.michaelcane.Calculator.&lt;init&gt;(Calculator.java:6)
	at io.michaelcane.Commands.&lt;init&gt;(Commands.java:5)
	at io.michaelcane.Calculator.&lt;init&gt;(Calculator.java:6)
	at io.michaelcane.Commands.&lt;init&gt;(Commands.java:5)
	at io.michaelcane.Calculator.&lt;init&gt;(Calculator.java:6)
	at io.michaelcane.Commands.&lt;init&gt;(Commands.java:5)
	at io.michaelcane.Calculator.&lt;init&gt;(Calculator.java:6)
	at io.michaelcane.Commands.&lt;init&gt;(Commands.java:5)
	at io.michaelcane.Calculator.&lt;init&gt;(Calculator.java:6)
	at io.michaelcane.Commands.&lt;init&gt;(Commands.java:5)
	at io.michaelcane.Calculator.&lt;init&gt;(Calculator.java:6)
	at io.michaelcane.Commands.&lt;init&gt;(Commands.java:5)
	at io.michaelcane.Calculator.&lt;init&gt;(Calculator.java:6)
	at io.michaelcane.Commands.&lt;init&gt;(Commands.java:5)
	at io.michaelcane.Calculator.&lt;init&gt;(Calculator.java:6)
	at io.michaelcane.Commands.&lt;init&gt;(Commands.java:5)
	at io.michaelcane.Calculator.&lt;init&gt;(Calculator.java:6)
	at io.michaelcane.Commands.&lt;init&gt;(Commands.java:5)
	at io.michaelcane.Calculator.&lt;init&gt;(Calculator.java:6)
	at io.michaelcane.Commands.&lt;init&gt;(Commands.java:5)
	at io.michaelcane.Calculator.&lt;init&gt;(Calculator.java:6)
	at io.michaelcane.Commands.&lt;init&gt;(Commands.java:5)
	at io.michaelcane.Calculator.&lt;init&gt;(Calculator.java:6)
	at io.michaelcane.Commands.&lt;init&gt;(Commands.java:5)
	at io.michaelcane.Calculator.&lt;init&gt;(Calculator.java:6)
	at io.michaelcane.Commands.&lt;init&gt;(Commands.java:5)
	at io.michaelcane.Calculator.&lt;init&gt;(Calculator.java:6)
	at io.michaelcane.Commands.&lt;init&gt;(Commands.java:5)
	at io.michaelcane.Calculator.&lt;init&gt;(Calculator.java:6)
	at io.michaelcane.Commands.&lt;init&gt;(Commands.java:5)
	at io.michaelcane.Calculator.&lt;init&gt;(Calculator.java:6)
	at io.michaelcane.Commands.&lt;init&gt;(Commands.java:5)
	at io.michaelcane.Calculator.&lt;init&gt;(Calculator.java:6)
	at io.michaelcane.Commands.&lt;init&gt;(Commands.java:5)
	at io.michaelcane.Calculator.&lt;init&gt;(Calculator.java:6)
	at io.michaelcane.Commands.&lt;init&gt;(Commands.java:5)
	at io.michaelcane.Calculator.&lt;init&gt;(Calculator.java:6)
	at io.michaelcane.Commands.&lt;init&gt;(Commands.java:5)
	at io.michaelcane.Calculator.&lt;init&gt;(Calculator.java:6)
	at io.michaelcane.Commands.&lt;init&gt;(Commands.java:5)
	at io.michaelcane.Calculator.&lt;init&gt;(Calculator.java:6)
	at io.michaelcane.Commands.&lt;init&gt;(Commands.java:5)
	at io.michaelcane.Calculator.&lt;init&gt;(Calculator.java:6)
	at io.michaelcane.Commands.&lt;init&gt;(Commands.java:5)
	at io.michaelcane.Calculator.&lt;init&gt;(Calculator.java:6)
	at io.michaelcane.Commands.&lt;init&gt;(Commands.java:5)
	at io.michaelcane.Calculator.&lt;init&gt;(Calculator.java:6)
	at io.michaelcane.Commands.&lt;init&gt;(Commands.java:5)
	at io.michaelcane.Calculator.&lt;init&gt;(Calculator.java:6)
	at io.michaelcane.Commands.&lt;init&gt;(Commands.java:5)
	at io.michaelcane.Calculator.&lt;init&gt;(Calculator.java:6)
	at io.michaelcane.Commands.&lt;init&gt;(Commands.java:5)
	at io.michaelcane.Calculator.&lt;init&gt;(Calculator.java:6)
	at io.michaelcane.Commands.&lt;init&gt;(Commands.java:5)
	at io.michaelcane.Calculator.&lt;init&gt;(Calculator.java:6)
	at io.michaelcane.Commands.&lt;init&gt;(Commands.java:5)
	at io.michaelcane.Calculator.&lt;init&gt;(Calculator.java:6)
	at io.michaelcane.Commands.&lt;init&gt;(Commands.java:5)
	at io.michaelcane.Calculator.&lt;init&gt;(Calculator.java:6)
	at io.michaelcane.Commands.&lt;init&gt;(Commands.java:5)
	at io.michaelcane.Calculator.&lt;init&gt;(Calculator.java:6)
	at io.michaelcane.Commands.&lt;init&gt;(Commands.java:5)
	at io.michaelcane.Calculator.&lt;init&gt;(Calculator.java:6)
	at io.michaelcane.Commands.&lt;init&gt;(Commands.java:5)
	at io.michaelcane.Calculator.&lt;init&gt;(Calculator.java:6)
	at io.michaelcane.Commands.&lt;init&gt;(Commands.java:5)
	at io.michaelcane.Calculator.&lt;init&gt;(Calculator.java:6)
	at io.michaelcane.Commands.&lt;init&gt;(Commands.java:5)
	at io.michaelcane.Calculator.&lt;init&gt;(Calculator.java:6)
	at io.michaelcane.Commands.&lt;init&gt;(Commands.java:5)
	at io.michaelcane.Calculator.&lt;init&gt;(Calculator.java:6)
	at io.michaelcane.Commands.&lt;init&gt;(Commands.java:5)
	at io.michaelcane.Calculator.&lt;init&gt;(Calculator.java:6)
	at io.michaelcane.Commands.&lt;init&gt;(Commands.java:5)
	at io.michaelcane.Calculator.&lt;init&gt;(Calculator.java:6)
	at io.michaelcane.Commands.&lt;init&gt;(Commands.java:5)
	at io.michaelcane.Calculator.&lt;init&gt;(Calculator.java:6)
	at io.michaelcane.Commands.&lt;init&gt;(Commands.java:5)
	at io.michaelcane.Calculator.&lt;init&gt;(Calculator.java:6)
	at io.michaelcane.Commands.&lt;init&gt;(Commands.java:5)
	at io.michaelcane.Calculator.&lt;init&gt;(Calculator.java:6)
	at io.michaelcane.Commands.&lt;init&gt;(Commands.java:5)
	at io.michaelcane.Calculator.&lt;init&gt;(Calculator.java:6)
	at io.michaelcane.Commands.&lt;init&gt;(Commands.java:5)
	at io.michaelcane.Calculator.&lt;init&gt;(Calculator.java:6)
	at io.michaelcane.Commands.&lt;init&gt;(Commands.java:5)
	at io.michaelcane.Calculator.&lt;init&gt;(Calculator.java:6)
	at io.michaelcane.Commands.&lt;init&gt;(Commands.java:5)
	at io.michaelcane.Calculator.&lt;init&gt;(Calculator.java:6)
	at io.michaelcane.Commands.&lt;init&gt;(Commands.java:5)
	at io.michaelcane.Calculator.&lt;init&gt;(Calculator.java:6)
	at io.michaelcane.Commands.&lt;init&gt;(Commands.java:5)
	at io.michaelcane.Calculator.&lt;init&gt;(Calculator.java:6)
	at io.michaelcane.Commands.&lt;init&gt;(Commands.java:5)
	at io.michaelcane.Calculator.&lt;init&gt;(Calculator.java:6)
	at io.michaelcane.Commands.&lt;init&gt;(Commands.java:5)
	at io.michaelcane.Calculator.&lt;init&gt;(Calculator.java:6)
	at io.michaelcane.Commands.&lt;init&gt;(Commands.java:5)
	at io.michaelcane.Calculator.&lt;init&gt;(Calculator.java:6)
	at io.michaelcane.Commands.&lt;init&gt;(Commands.java:5)
	at io.michaelcane.Calculator.&lt;init&gt;(Calculator.java:6)
	at io.michaelcane.Commands.&lt;init&gt;(Commands.java:5)
	at io.michaelcane.Calculator.&lt;init&gt;(Calculator.java:6)
	at io.michaelcane.Commands.&lt;init&gt;(Commands.java:5)
	at io.michaelcane.Calculator.&lt;init&gt;(Calculator.java:6)
	at io.michaelcane.Commands.&lt;init&gt;(Commands.java:5)
	at io.michaelcane.Calculator.&lt;init&gt;(Calculator.java:6)
	at io.michaelcane.Commands.&lt;init&gt;(Commands.java:5)
	at io.michaelcane.Calculator.&lt;init&gt;(Calculator.java:6)
	at io.michaelcane.Commands.&lt;init&gt;(Commands.java:5)
	at io.michaelcane.Calculator.&lt;init&gt;(Calculator.java:6)
	at io.michaelcane.Commands.&lt;init&gt;(Commands.java:5)
	at io.michaelcane.Calculator.&lt;init&gt;(Calculator.java:6)
	at io.michaelcane.Commands.&lt;init&gt;(Commands.java:5)
	at io.michaelcane.Calculator.&lt;init&gt;(Calculator.java:6)
	at io.michaelcane.Commands.&lt;init&gt;(Commands.java:5)
	at io.michaelcane.Calculator.&lt;init&gt;(Calculator.java:6)
	at io.michaelcane.Commands.&lt;init&gt;(Commands.java:5)
	at io.michaelcane.Calculator.&lt;init&gt;(Calculator.java:6)
	at io.michaelcane.Commands.&lt;init&gt;(Commands.java:5)
	at io.michaelcane.Calculator.&lt;init&gt;(Calculator.java:6)
	at io.michaelcane.Commands.&lt;init&gt;(Commands.java:5)
	at io.michaelcane.Calculator.&lt;init&gt;(Calculator.java:6)
	at io.michaelcane.Commands.&lt;init&gt;(Commands.java:5)
	at io.michaelcane.Calculator.&lt;init&gt;(Calculator.java:6)
	at io.michaelcane.Commands.&lt;init&gt;(Commands.java:5)
	at io.michaelcane.Calculator.&lt;init&gt;(Calculator.java:6)
	at io.michaelcane.Commands.&lt;init&gt;(Commands.java:5)
	at io.michaelcane.Calculator.&lt;init&gt;(Calculator.java:6)
	at io.michaelcane.Commands.&lt;init&gt;(Commands.java:5)
	at io.michaelcane.Calculator.&lt;init&gt;(Calculator.java:6)
	at io.michaelcane.Commands.&lt;init&gt;(Commands.java:5)
	at io.michaelcane.Calculator.&lt;init&gt;(Calculator.java:6)
	at io.michaelcane.Commands.&lt;init&gt;(Commands.java:5)
	at io.michaelcane.Calculator.&lt;init&gt;(Calculator.java:6)
	at io.michaelcane.Commands.&lt;init&gt;(Commands.java:5)
	at io.michaelcane.Calculator.&lt;init&gt;(Calculator.java:6)
	at io.michaelcane.Commands.&lt;init&gt;(Commands.java:5)
	at io.michaelcane.Calculator.&lt;init&gt;(Calculator.java:6)
	at io.michaelcane.Commands.&lt;init&gt;(Commands.java:5)
	at io.michaelcane.Calculator.&lt;init&gt;(Calculator.java:6)
	at io.michaelcane.Commands.&lt;init&gt;(Commands.java:5)
	at io.michaelcane.Calculator.&lt;init&gt;(Calculator.java:6)
	at io.michaelcane.Commands.&lt;init&gt;(Commands.java:5)
	at io.michaelcane.Calculator.&lt;init&gt;(Calculator.java:6)
	at io.michaelcane.Commands.&lt;init&gt;(Commands.java:5)
	at io.michaelcane.Calculator.&lt;init&gt;(Calculator.java:6)
	at io.michaelcane.Commands.&lt;init&gt;(Commands.java:5)
	at io.michaelcane.Calculator.&lt;init&gt;(Calculator.java:6)
	at io.michaelcane.Commands.&lt;init&gt;(Commands.java:5)
	at io.michaelcane.Calculator.&lt;init&gt;(Calculator.java:6)
	at io.michaelcane.Commands.&lt;init&gt;(Commands.java:5)
	at io.michaelcane.Calculator.&lt;init&gt;(Calculator.java:6)
	at io.michaelcane.Commands.&lt;init&gt;(Commands.java:5)
	at io.michaelcane.Calculator.&lt;init&gt;(Calculator.java:6)
	at io.michaelcane.Commands.&lt;init&gt;(Commands.java:5)
	at io.michaelcane.Calculator.&lt;init&gt;(Calculator.java:6)
	at io.michaelcane.Commands.&lt;init&gt;(Commands.java:5)
	at io.michaelcane.Calculator.&lt;init&gt;(Calculator.java:6)
	at io.michaelcane.Commands.&lt;init&gt;(Commands.java:5)
	at io.michaelcane.Calculator.&lt;init&gt;(Calculator.java:6)
	at io.michaelcane.Commands.&lt;init&gt;(Commands.java:5)
	at io.michaelcane.Calculator.&lt;init&gt;(Calculator.java:6)
	at io.michaelcane.Commands.&lt;init&gt;(Commands.java:5)
	at io.michaelcane.Calculator.&lt;init&gt;(Calculator.java:6)
	at io.michaelcane.Commands.&lt;init&gt;(Commands.java:5)
	at io.michaelcane.Calculator.&lt;init&gt;(Calculator.java:6)
	at io.michaelcane.Commands.&lt;init&gt;(Commands.java:5)
	at io.michaelcane.Calculator.&lt;init&gt;(Calculator.java:6)
	at io.michaelcane.Commands.&lt;init&gt;(Commands.java:5)
	at io.michaelcane.Calculator.&lt;init&gt;(Calculator.java:6)
	at io.michaelcane.Commands.&lt;init&gt;(Commands.java:5)
	at io.michaelcane.Calculator.&lt;init&gt;(Calculator.java:6)
	at io.michaelcane.Commands.&lt;init&gt;(Commands.java:5)
	at io.michaelcane.Calculator.&lt;init&gt;(Calculator.java:6)
	at io.michaelcane.Commands.&lt;init&gt;(Commands.java:5)
	at io.michaelcane.Calculator.&lt;init&gt;(Calculator.java:6)
	at io.michaelcane.Commands.&lt;init&gt;(Commands.java:5)
	at io.michaelcane.Calculator.&lt;init&gt;(Calculator.java:6)
	at io.michaelcane.Commands.&lt;init&gt;(Commands.java:5)
	at io.michaelcane.Calculator.&lt;init&gt;(Calculator.java:6)
	at io.michaelcane.Commands.&lt;init&gt;(Commands.java:5)
	at io.michaelcane.Calculator.&lt;init&gt;(Calculator.java:6)
	at io.michaelcane.Commands.&lt;init&gt;(Commands.java:5)
	at io.michaelcane.Calculator.&lt;init&gt;(Calculator.java:6)
	at io.michaelcane.Commands.&lt;init&gt;(Commands.java:5)
	at io.michaelcane.Calculator.&lt;init&gt;(Calculator.java:6)
	at io.michaelcane.Commands.&lt;init&gt;(Commands.java:5)
	at io.michaelcane.Calculator.&lt;init&gt;(Calculator.java:6)
	at io.michaelcane.Commands.&lt;init&gt;(Commands.java:5)
	at io.michaelcane.Calculator.&lt;init&gt;(Calculator.java:6)
	at io.michaelcane.Commands.&lt;init&gt;(Commands.java:5)
	at io.michaelcane.Calculator.&lt;init&gt;(Calculator.java:6)
	at io.michaelcane.Commands.&lt;init&gt;(Commands.java:5)
	at io.michaelcane.Calculator.&lt;init&gt;(Calculator.java:6)
	at io.michaelcane.Commands.&lt;init&gt;(Commands.java:5)
	at io.michaelcane.Calculator.&lt;init&gt;(Calculator.java:6)
	at io.michaelcane.Commands.&lt;init&gt;(Commands.java:5)
	at io.michaelcane.Calculator.&lt;init&gt;(Calculator.java:6)
	at io.michaelcane.Commands.&lt;init&gt;(Commands.java:5)
	at io.michaelcane.Calculator.&lt;init&gt;(Calculator.java:6)
	at io.michaelcane.Commands.&lt;init&gt;(Commands.java:5)
	at io.michaelcane.Calculator.&lt;init&gt;(Calculator.java:6)
	at io.michaelcane.Commands.&lt;init&gt;(Commands.java:5)
	at io.michaelcane.Calculator.&lt;init&gt;(Calculator.java:6)
	at io.michaelcane.Commands.&lt;init&gt;(Commands.java:5)
	at io.michaelcane.Calculator.&lt;init&gt;(Calculator.java:6)
	at io.michaelcane.Commands.&lt;init&gt;(Commands.java:5)
	at io.michaelcane.Calculator.&lt;init&gt;(Calculator.java:6)
	at io.michaelcane.Commands.&lt;init&gt;(Commands.java:5)
	at io.michaelcane.Calculator.&lt;init&gt;(Calculator.java:6)
	at io.michaelcane.Commands.&lt;init&gt;(Commands.java:5)
	at io.michaelcane.Calculator.&lt;init&gt;(Calculator.java:6)
	at io.michaelcane.Commands.&lt;init&gt;(Commands.java:5)
	at io.michaelcane.Calculator.&lt;init&gt;(Calculator.java:6)
	at io.michaelcane.Commands.&lt;init&gt;(Commands.java:5)
	at io.michaelcane.Calculator.&lt;init&gt;(Calculator.java:6)
	at io.michaelcane.Commands.&lt;init&gt;(Commands.java:5)
	at io.michaelcane.Calculator.&lt;init&gt;(Calculator.java:6)
	at io.michaelcane.Commands.&lt;init&gt;(Commands.java:5)
	at io.michaelcane.Calculator.&lt;init&gt;(Calculator.java:6)
	at io.michaelcane.Commands.&lt;init&gt;(Commands.java:5)
	at io.michaelcane.Calculator.&lt;init&gt;(Calculator.java:6)
	at io.michaelcane.Commands.&lt;init&gt;(Commands.java:5)
	at io.michaelcane.Calculator.&lt;init&gt;(Calculator.java:6)
	at io.michaelcane.Commands.&lt;init&gt;(Commands.java:5)
	at io.michaelcane.Calculator.&lt;init&gt;(Calculator.java:6)
	at io.michaelcane.Commands.&lt;init&gt;(Commands.java:5)
	at io.michaelcane.Calculator.&lt;init&gt;(Calculator.java:6)
	at io.michaelcane.Commands.&lt;init&gt;(Commands.java:5)
	at io.michaelcane.Calculator.&lt;init&gt;(Calculator.java:6)
	at io.michaelcane.Commands.&lt;init&gt;(Commands.java:5)
	at io.michaelcane.Calculator.&lt;init&gt;(Calculator.java:6)
	at io.michaelcane.Commands.&lt;init&gt;(Commands.java:5)
	at io.michaelcane.Calculator.&lt;init&gt;(Calculator.java:6)
	at io.michaelcane.Commands.&lt;init&gt;(Commands.java:5)
	at io.michaelcane.Calculator.&lt;init&gt;(Calculator.java:6)
	at io.michaelcane.Commands.&lt;init&gt;(Commands.java:5)
	at io.michaelcane.Calculator.&lt;init&gt;(Calculator.java:6)
	at io.michaelcane.Commands.&lt;init&gt;(Commands.java:5)
	at io.michaelcane.Calculator.&lt;init&gt;(Calculator.java:6)
	at io.michaelcane.Commands.&lt;init&gt;(Commands.java:5)
	at io.michaelcane.Calculator.&lt;init&gt;(Calculator.java:6)
	at io.michaelcane.Commands.&lt;init&gt;(Commands.java:5)
	at io.michaelcane.Calculator.&lt;init&gt;(Calculator.java:6)
	at io.michaelcane.Commands.&lt;init&gt;(Commands.java:5)
	at io.michaelcane.Calculator.&lt;init&gt;(Calculator.java:6)
	at io.michaelcane.Commands.&lt;init&gt;(Commands.java:5)
	at io.michaelcane.Calculator.&lt;init&gt;(Calculator.java:6)
	at io.michaelcane.Commands.&lt;init&gt;(Commands.java:5)
	at io.michaelcane.Calculator.&lt;init&gt;(Calculator.java:6)
	at io.michaelcane.Commands.&lt;init&gt;(Commands.java:5)
	at io.michaelcane.Calculator.&lt;init&gt;(Calculator.java:6)
	at io.michaelcane.Commands.&lt;init&gt;(Commands.java:5)
	at io.michaelcane.Calculator.&lt;init&gt;(Calculator.java:6)
	at io.michaelcane.Commands.&lt;init&gt;(Commands.java:5)
	at io.michaelcane.Calculator.&lt;init&gt;(Calculator.java:6)
	at io.michaelcane.Commands.&lt;init&gt;(Commands.java:5)
	at io.michaelcane.Calculator.&lt;init&gt;(Calculator.java:6)
	at io.michaelcane.Commands.&lt;init&gt;(Commands.java:5)
	at io.michaelcane.Calculator.&lt;init&gt;(Calculator.java:6)
	at io.michaelcane.Commands.&lt;init&gt;(Commands.java:5)
	at io.michaelcane.Calculator.&lt;init&gt;(Calculator.java:6)
	at io.michaelcane.Commands.&lt;init&gt;(Commands.java:5)
	at io.michaelcane.Calculator.&lt;init&gt;(Calculator.java:6)
	at io.michaelcane.Commands.&lt;init&gt;(Commands.java:5)
	at io.michaelcane.Calculator.&lt;init&gt;(Calculator.java:6)
	at io.michaelcane.Commands.&lt;init&gt;(Commands.java:5)
	at io.michaelcane.Calculator.&lt;init&gt;(Calculator.java:6)
	at io.michaelcane.Commands.&lt;init&gt;(Commands.java:5)
	at io.michaelcane.Calculator.&lt;init&gt;(Calculator.java:6)
	at io.michaelcane.Commands.&lt;init&gt;(Commands.java:5)
	at io.michaelcane.Calculator.&lt;init&gt;(Calculator.java:6)
	at io.michaelcane.Commands.&lt;init&gt;(Commands.java:5)
	at io.michaelcane.Calculator.&lt;init&gt;(Calculator.java:6)
	at io.michaelcane.Commands.&lt;init&gt;(Commands.java:5)
	at io.michaelcane.Calculator.&lt;init&gt;(Calculator.java:6)
	at io.michaelcane.Commands.&lt;init&gt;(Commands.java:5)
	at io.michaelcane.Calculator.&lt;init&gt;(Calculator.java:6)
	at io.michaelcane.Commands.&lt;init&gt;(Commands.java:5)
	at io.michaelcane.Calculator.&lt;init&gt;(Calculator.java:6)
	at io.michaelcane.Commands.&lt;init&gt;(Commands.java:5)
	at io.michaelcane.Calculator.&lt;init&gt;(Calculator.java:6)
	at io.michaelcane.Commands.&lt;init&gt;(Commands.java:5)
	at io.michaelcane.Calculator.&lt;init&gt;(Calculator.java:6)
	at io.michaelcane.Commands.&lt;init&gt;(Commands.java:5)
	at io.michaelcane.Calculator.&lt;init&gt;(Calculator.java:6)
	at io.michaelcane.Commands.&lt;init&gt;(Commands.java:5)
	at io.michaelcane.Calculator.&lt;init&gt;(Calculator.java:6)
	at io.michaelcane.Commands.&lt;init&gt;(Commands.java:5)
	at io.michaelcane.Calculator.&lt;init&gt;(Calculator.java:6)
	at io.michaelcane.Commands.&lt;init&gt;(Commands.java:5)
	at io.michaelcane.Calculator.&lt;init&gt;(Calculator.java:6)
	at io.michaelcane.Commands.&lt;init&gt;(Commands.java:5)
	at io.michaelcane.Calculator.&lt;init&gt;(Calculator.java:6)
	at io.michaelcane.Commands.&lt;init&gt;(Commands.java:5)
	at io.michaelcane.Calculator.&lt;init&gt;(Calculator.java:6)
	at io.michaelcane.Commands.&lt;init&gt;(Commands.java:5)
	at io.michaelcane.Calculator.&lt;init&gt;(Calculator.java:6)
	at io.michaelcane.Commands.&lt;init&gt;(Commands.java:5)
	at io.michaelcane.Calculator.&lt;init&gt;(Calculator.java:6)
	at io.michaelcane.Commands.&lt;init&gt;(Commands.java:5)
	at io.michaelcane.Calculator.&lt;init&gt;(Calculator.java:6)
	at io.michaelcane.Commands.&lt;init&gt;(Commands.java:5)
	at io.michaelcane.Calculator.&lt;init&gt;(Calculator.java:6)
	at io.michaelcane.Commands.&lt;init&gt;(Commands.java:5)
	at io.michaelcane.Calculator.&lt;init&gt;(Calculator.java:6)
	at io.michaelcane.Commands.&lt;init&gt;(Commands.java:5)
	at io.michaelcane.Calculator.&lt;init&gt;(Calculator.java:6)
	at io.michaelcane.Commands.&lt;init&gt;(Commands.java:5)
	at io.michaelcane.Calculator.&lt;init&gt;(Calculator.java:6)
	at io.michaelcane.Commands.&lt;init&gt;(Commands.java:5)
	at io.michaelcane.Calculator.&lt;init&gt;(Calculator.java:6)
	at io.michaelcane.Commands.&lt;init&gt;(Commands.java:5)
	at io.michaelcane.Calculator.&lt;init&gt;(Calculator.java:6)
	at io.michaelcane.Commands.&lt;init&gt;(Commands.java:5)
	at io.michaelcane.Calculator.&lt;init&gt;(Calculator.java:6)
	at io.michaelcane.Commands.&lt;init&gt;(Commands.java:5)
	at io.michaelcane.Calculator.&lt;init&gt;(Calculator.java:6)
	at io.michaelcane.Commands.&lt;init&gt;(Commands.java:5)
	at io.michaelcane.Calculator.&lt;init&gt;(Calculator.java:6)
	at io.michaelcane.Commands.&lt;init&gt;(Commands.java:5)
	at io.michaelcane.Calculator.&lt;init&gt;(Calculator.java:6)
	at io.michaelcane.Commands.&lt;init&gt;(Commands.java:5)
	at io.michaelcane.Calculator.&lt;init&gt;(Calculator.java:6)
	at io.michaelcane.Commands.&lt;init&gt;(Commands.java:5)
	at io.michaelcane.Calculator.&lt;init&gt;(Calculator.java:6)
	at io.michaelcane.Commands.&lt;init&gt;(Commands.java:5)
	at io.michaelcane.Calculator.&lt;init&gt;(Calculator.java:6)
	at io.michaelcane.Commands.&lt;init&gt;(Commands.java:5)
	at io.michaelcane.Calculator.&lt;init&gt;(Calculator.java:6)
	at io.michaelcane.Commands.&lt;init&gt;(Commands.java:5)
	at io.michaelcane.Calculator.&lt;init&gt;(Calculator.java:6)
	at io.michaelcane.Commands.&lt;init&gt;(Commands.java:5)
	at io.michaelcane.Calculator.&lt;init&gt;(Calculator.java:6)
	at io.michaelcane.Commands.&lt;init&gt;(Commands.java:5)
	at io.michaelcane.Calculator.&lt;init&gt;(Calculator.java:6)
	at io.michaelcane.Commands.&lt;init&gt;(Commands.java:5)
	at io.michaelcane.Calculator.&lt;init&gt;(Calculator.java:6)
	at io.michaelcane.Commands.&lt;init&gt;(Commands.java:5)
	at io.michaelcane.Calculator.&lt;init&gt;(Calculator.java:6)
	at io.michaelcane.Commands.&lt;init&gt;(Commands.java:5)
	at io.michaelcane.Calculator.&lt;init&gt;(Calculator.java:6)
	at io.michaelcane.Commands.&lt;init&gt;(Commands.java:5)
	at io.michaelcane.Calculator.&lt;init&gt;(Calculator.java:6)
	at io.michaelcane.Commands.&lt;init&gt;(Commands.java:5)
	at io.michaelcane.Calculator.&lt;init&gt;(Calculator.java:6)
	at io.michaelcane.Commands.&lt;init&gt;(Commands.java:5)
	at io.michaelcane.Calculator.&lt;init&gt;(Calculator.java:6)
	at io.michaelcane.Commands.&lt;init&gt;(Commands.java:5)
	at io.michaelcane.Calculator.&lt;init&gt;(Calculator.java:6)
	at io.michaelcane.Commands.&lt;init&gt;(Commands.java:5)
	at io.michaelcane.Calculator.&lt;init&gt;(Calculator.java:6)
	at io.michaelcane.Commands.&lt;init&gt;(Commands.java:5)
	at io.michaelcane.Calculator.&lt;init&gt;(Calculator.java:6)
	at io.michaelcane.Commands.&lt;init&gt;(Commands.java:5)
	at io.michaelcane.Calculator.&lt;init&gt;(Calculator.java:6)
	at io.michaelcane.Commands.&lt;init&gt;(Commands.java:5)
	at io.michaelcane.Calculator.&lt;init&gt;(Calculator.java:6)
	at io.michaelcane.Commands.&lt;init&gt;(Commands.java:5)
	at io.michaelcane.Calculator.&lt;init&gt;(Calculator.java:6)
	at io.michaelcane.Commands.&lt;init&gt;(Commands.java:5)
	at io.michaelcane.Calculator.&lt;init&gt;(Calculator.java:6)
	at io.michaelcane.Commands.&lt;init&gt;(Commands.java:5)
	at io.michaelcane.Calculator.&lt;init&gt;(Calculator.java:6)
	at io.michaelcane.Commands.&lt;init&gt;(Commands.java:5)
	at io.michaelcane.Calculator.&lt;init&gt;(Calculator.java:6)
	at io.michaelcane.Commands.&lt;init&gt;(Commands.java:5)
	at io.michaelcane.Calculator.&lt;init&gt;(Calculator.java:6)
	at io.michaelcane.Commands.&lt;init&gt;(Commands.java:5)
	at io.michaelcane.Calculator.&lt;init&gt;(Calculator.java:6)
	at io.michaelcane.Commands.&lt;init&gt;(Commands.java:5)
	at io.michaelcane.Calculator.&lt;init&gt;(Calculator.java:6)
	at io.michaelcane.Commands.&lt;init&gt;(Commands.java:5)
	at io.michaelcane.Calculator.&lt;init&gt;(Calculator.java:6)
	at io.michaelcane.Commands.&lt;init&gt;(Commands.java:5)
	at io.michaelcane.Calculator.&lt;init&gt;(Calculator.java:6)
	at io.michaelcane.Commands.&lt;init&gt;(Commands.java:5)
	at io.michaelcane.Calculator.&lt;init&gt;(Calculator.java:6)
	at io.michaelcane.Commands.&lt;init&gt;(Commands.java:5)
	at io.michaelcane.Calculator.&lt;init&gt;(Calculator.java:6)
	at io.michaelcane.Commands.&lt;init&gt;(Commands.java:5)
	at io.michaelcane.Calculator.&lt;init&gt;(Calculator.java:6)
	at io.michaelcane.Commands.&lt;init&gt;(Commands.java:5)
	at io.michaelcane.Calculator.&lt;init&gt;(Calculator.java:6)
	at io.michaelcane.Commands.&lt;init&gt;(Commands.java:5)
	at io.michaelcane.Calculator.&lt;init&gt;(Calculator.java:6)
	at io.michaelcane.Commands.&lt;init&gt;(Commands.java:5)
	at io.michaelcane.Calculator.&lt;init&gt;(Calculator.java:6)
	at io.michaelcane.Commands.&lt;init&gt;(Commands.java:5)
	at io.michaelcane.Calculator.&lt;init&gt;(Calculator.java:6)
	at io.michaelcane.Commands.&lt;init&gt;(Commands.java:5)
	at io.michaelcane.Calculator.&lt;init&gt;(Calculator.java:6)
	at io.michaelcane.Commands.&lt;init&gt;(Commands.java:5)
	at io.michaelcane.Calculator.&lt;init&gt;(Calculator.java:6)
	at io.michaelcane.Commands.&lt;init&gt;(Commands.java:5)
	at io.michaelcane.Calculator.&lt;init&gt;(Calculator.java:6)
	at io.michaelcane.Commands.&lt;init&gt;(Commands.java:5)
	at io.michaelcane.Calculator.&lt;init&gt;(Calculator.java:6)
	at io.michaelcane.Commands.&lt;init&gt;(Commands.java:5)
	at io.michaelcane.Calculator.&lt;init&gt;(Calculator.java:6)
	at io.michaelcane.Commands.&lt;init&gt;(Commands.java:5)
	at io.michaelcane.Calculator.&lt;init&gt;(Calculator.java:6)
	at io.michaelcane.Commands.&lt;init&gt;(Commands.java:5)
	at io.michaelcane.Calculator.&lt;init&gt;(Calculator.java:6)
	at io.michaelcane.Commands.&lt;init&gt;(Commands.java:5)
	at io.michaelcane.Calculator.&lt;init&gt;(Calculator.java:6)
	at io.michaelcane.Commands.&lt;init&gt;(Commands.java:5)
	at io.michaelcane.Calculator.&lt;init&gt;(Calculator.java:6)
	at io.michaelcane.Commands.&lt;init&gt;(Commands.java:5)
	at io.michaelcane.Calculator.&lt;init&gt;(Calculator.java:6)
	at io.michaelcane.Commands.&lt;init&gt;(Commands.java:5)
	at io.michaelcane.Calculator.&lt;init&gt;(Calculator.java:6)
	at io.michaelcane.Commands.&lt;init&gt;(Commands.java:5)
	at io.michaelcane.Calculator.&lt;init&gt;(Calculator.java:6)
	at io.michaelcane.Commands.&lt;init&gt;(Commands.java:5)
	at io.michaelcane.Calculator.&lt;init&gt;(Calculator.java:6)
	at io.michaelcane.Commands.&lt;init&gt;(Commands.java:5)
	at io.michaelcane.Calculator.&lt;init&gt;(Calculator.java:6)
	at io.michaelcane.Commands.&lt;init&gt;(Commands.java:5)
	at io.michaelcane.Calculator.&lt;init&gt;(Calculator.java:6)
	at io.michaelcane.Commands.&lt;init&gt;(Commands.java:5)
	at io.michaelcane.Calculator.&lt;init&gt;(Calculator.java:6)
	at io.michaelcane.Commands.&lt;init&gt;(Commands.java:5)
	at io.michaelcane.Calculator.&lt;init&gt;(Calculator.java:6)
	at io.michaelcane.Commands.&lt;init&gt;(Commands.java:5)
	at io.michaelcane.Calculator.&lt;init&gt;(Calculator.java:6)
	at io.michaelcane.Commands.&lt;init&gt;(Commands.java:5)
	at io.michaelcane.Calculator.&lt;init&gt;(Calculator.java:6)
	at io.michaelcane.Commands.&lt;init&gt;(Commands.java:5)
	at io.michaelcane.Calculator.&lt;init&gt;(Calculator.java:6)
	at io.michaelcane.Commands.&lt;init&gt;(Commands.java:5)
	at io.michaelcane.Calculator.&lt;init&gt;(Calculator.java:6)
	at io.michaelcane.Commands.&lt;init&gt;(Commands.java:5)
	at io.michaelcane.Calculator.&lt;init&gt;(Calculator.java:6)
	at io.michaelcane.Commands.&lt;init&gt;(Commands.java:5)
	at io.michaelcane.Calculator.&lt;init&gt;(Calculator.java:6)
	at io.michaelcane.Commands.&lt;init&gt;(Commands.java:5)
	at io.michaelcane.Calculator.&lt;init&gt;(Calculator.java:6)
	at io.michaelcane.Commands.&lt;init&gt;(Commands.java:5)
	at io.michaelcane.Calculator.&lt;init&gt;(Calculator.java:6)
	at io.michaelcane.Commands.&lt;init&gt;(Commands.java:5)
	at io.michaelcane.Calculator.&lt;init&gt;(Calculator.java:6)
	at io.michaelcane.Commands.&lt;init&gt;(Commands.java:5)
	at io.michaelcane.Calculator.&lt;init&gt;(Calculator.java:6)
	at io.michaelcane.Commands.&lt;init&gt;(Commands.java:5)
	at io.michaelcane.Calculator.&lt;init&gt;(Calculator.java:6)
	at io.michaelcane.Commands.&lt;init&gt;(Commands.java:5)
	at io.michaelcane.Calculator.&lt;init&gt;(Calculator.java:6)
	at io.michaelcane.Commands.&lt;init&gt;(Commands.java:5)
	at io.michaelcane.Calculator.&lt;init&gt;(Calculator.java:6)
	at io.michaelcane.Commands.&lt;init&gt;(Commands.java:5)
	at io.michaelcane.Calculator.&lt;init&gt;(Calculator.java:6)
	at io.michaelcane.Commands.&lt;init&gt;(Commands.java:5)
	at io.michaelcane.Calculator.&lt;init&gt;(Calculator.java:6)
	at io.michaelcane.Commands.&lt;init&gt;(Commands.java:5)
	at io.michaelcane.Calculator.&lt;init&gt;(Calculator.java:6)
	at io.michaelcane.Commands.&lt;init&gt;(Commands.java:5)
	at io.michaelcane.Calculator.&lt;init&gt;(Calculator.java:6)
	at io.michaelcane.Commands.&lt;init&gt;(Commands.java:5)
	at io.michaelcane.Calculator.&lt;init&gt;(Calculator.java:6)
	at io.michaelcane.Commands.&lt;init&gt;(Commands.java:5)
	at io.michaelcane.Calculator.&lt;init&gt;(Calculator.java:6)
	at io.michaelcane.Commands.&lt;init&gt;(Commands.java:5)
	at io.michaelcane.Calculator.&lt;init&gt;(Calculator.java:6)
	at io.michaelcane.Commands.&lt;init&gt;(Commands.java:5)
	at io.michaelcane.Calculator.&lt;init&gt;(Calculator.java:6)
	at io.michaelcane.Commands.&lt;init&gt;(Commands.java:5)
	at io.michaelcane.Calculator.&lt;init&gt;(Calculator.java:6)
	at io.michaelcane.Commands.&lt;init&gt;(Commands.java:5)
	at io.michaelcane.Calculator.&lt;init&gt;(Calculator.java:6)
	at io.michaelcane.Commands.&lt;init&gt;(Commands.java:5)
	at io.michaelcane.Calculator.&lt;init&gt;(Calculator.java:6)
	at io.michaelcane.Commands.&lt;init&gt;(Commands.java:5)
	at io.michaelcane.Calculator.&lt;init&gt;(Calculator.java:6)
	at io.michaelcane.Commands.&lt;init&gt;(Commands.java:5)
	at io.michaelcane.Calculator.&lt;init&gt;(Calculator.java:6)
	at io.michaelcane.Commands.&lt;init&gt;(Commands.java:5)
	at io.michaelcane.Calculator.&lt;init&gt;(Calculator.java:6)
	at io.michaelcane.Commands.&lt;init&gt;(Commands.java:5)
	at io.michaelcane.Calculator.&lt;init&gt;(Calculator.java:6)
	at io.michaelcane.Commands.&lt;init&gt;(Commands.java:5)
	at io.michaelcane.Calculator.&lt;init&gt;(Calculator.java:6)
	at io.michaelcane.Commands.&lt;init&gt;(Commands.java:5)
	at io.michaelcane.Calculator.&lt;init&gt;(Calculator.java:6)
	at io.michaelcane.Commands.&lt;init&gt;(Commands.java:5)
	at io.michaelcane.Calculator.&lt;init&gt;(Calculator.java:6)
	at io.michaelcane.Commands.&lt;init&gt;(Commands.java:5)
	at io.michaelcane.Calculator.&lt;init&gt;(Calculator.java:6)
	at io.michaelcane.Commands.&lt;init&gt;(Commands.java:5)
	at io.michaelcane.Calculator.&lt;init&gt;(Calculator.java:6)
	at io.michaelcane.Commands.&lt;init&gt;(Commands.java:5)
	at io.michaelcane.Calculator.&lt;init&gt;(Calculator.java:6)
	at io.michaelcane.Commands.&lt;init&gt;(Commands.java:5)
	at io.michaelcane.Calculator.&lt;init&gt;(Calculator.java:6)
	at io.michaelcane.Commands.&lt;init&gt;(Commands.java:5)
	at io.michaelcane.Calculator.&lt;init&gt;(Calculator.java:6)
	at io.michaelcane.Commands.&lt;init&gt;(Commands.java:5)
	at io.michaelcane.Calculator.&lt;init&gt;(Calculator.java:6)
	at io.michaelcane.Commands.&lt;init&gt;(Commands.java:5)
	at io.michaelcane.Calculator.&lt;init&gt;(Calculator.java:6)
	at io.michaelcane.Commands.&lt;init&gt;(Commands.java:5)
	at io.michaelcane.Calculator.&lt;init&gt;(Calculator.java:6)
	at io.michaelcane.Commands.&lt;init&gt;(Commands.java:5)
	at io.michaelcane.Calculator.&lt;init&gt;(Calculator.java:6)
	at io.michaelcane.Commands.&lt;init&gt;(Commands.java:5)
	at io.michaelcane.Calculator.&lt;init&gt;(Calculator.java:6)
	at io.michaelcane.Commands.&lt;init&gt;(Commands.java:5)
	at io.michaelcane.Calculator.&lt;init&gt;(Calculator.java:6)
	at io.michaelcane.Commands.&lt;init&gt;(Commands.java:5)
	at io.michaelcane.Calculator.&lt;init&gt;(Calculator.java:6)
	at io.michaelcane.Commands.&lt;init&gt;(Commands.java:5)
	at io.michaelcane.Calculator.&lt;init&gt;(Calculator.java:6)
	at io.michaelcane.Commands.&lt;init&gt;(Commands.java:5)
	at io.michaelcane.Calculator.&lt;init&gt;(Calculator.java:6)
	at io.michaelcane.Commands.&lt;init&gt;(Commands.java:5)
	at io.michaelcane.Calculator.&lt;init&gt;(Calculator.java:6)
	at io.michaelcane.Commands.&lt;init&gt;(Commands.java:5)
	at io.michaelcane.Calculator.&lt;init&gt;(Calculator.java:6)
	at io.michaelcane.Commands.&lt;init&gt;(Commands.java:5)
	at io.michaelcane.Calculator.&lt;init&gt;(Calculator.java:6)
	at io.michaelcane.Commands.&lt;init&gt;(Commands.java:5)
	at io.michaelcane.Calculator.&lt;init&gt;(Calculator.java:6)
	at io.michaelcane.Commands.&lt;init&gt;(Commands.java:5)
	at io.michaelcane.Calculator.&lt;init&gt;(Calculator.java:6)
	at io.michaelcane.Commands.&lt;init&gt;(Commands.java:5)
	at io.michaelcane.Calculator.&lt;init&gt;(Calculator.java:6)
	at io.michaelcane.Commands.&lt;init&gt;(Commands.java:5)
	at io.michaelcane.Calculator.&lt;init&gt;(Calculator.java:6)
	at io.michaelcane.Commands.&lt;init&gt;(Commands.java:5)
	at io.michaelcane.Calculator.&lt;init&gt;(Calculator.java:6)
	at io.michaelcane.Commands.&lt;init&gt;(Commands.java:5)
	at io.michaelcane.Calculator.&lt;init&gt;(Calculator.java:6)
	at io.michaelcane.Commands.&lt;init&gt;(Commands.java:5)
	at io.michaelcane.Calculator.&lt;init&gt;(Calculator.java:6)
	at io.michaelcane.Commands.&lt;init&gt;(Commands.java:5)
	at io.michaelcane.Calculator.&lt;init&gt;(Calculator.java:6)
	at io.michaelcane.Commands.&lt;init&gt;(Commands.java:5)
	at io.michaelcane.Calculator.&lt;init&gt;(Calculator.java:6)
	at io.michaelcane.Commands.&lt;init&gt;(Commands.java:5)
	at io.michaelcane.Calculator.&lt;init&gt;(Calculator.java:6)
	at io.michaelcane.Commands.&lt;init&gt;(Commands.java:5)
	at io.michaelcane.Calculator.&lt;init&gt;(Calculator.java:6)
	at io.michaelcane.Commands.&lt;init&gt;(Commands.java:5)
	at io.michaelcane.Calculator.&lt;init&gt;(Calculator.java:6)
	at io.michaelcane.Commands.&lt;init&gt;(Commands.java:5)
	at io.michaelcane.Calculator.&lt;init&gt;(Calculator.java:6)
	at io.michaelcane.Commands.&lt;init&gt;(Commands.java:5)
	at io.michaelcane.Calculator.&lt;init&gt;(Calculator.java:6)
	at io.michaelcane.Commands.&lt;init&gt;(Commands.java:5)
	at io.michaelcane.Calculator.&lt;init&gt;(Calculator.java:6)
	at io.michaelcane.Commands.&lt;init&gt;(Commands.java:5)
</error>
  </testcase>
  <testcase classname="io.michaelcane.CalculatorSpec" name="test$divide" time="0.005">
    <error type="java.lang.StackOverflowError">java.lang.StackOverflowError
	at io.michaelcane.Calculator.&lt;init&gt;(Calculator.java:6)
	at io.michaelcane.Commands.&lt;init&gt;(Commands.java:5)
	at io.michaelcane.Calculator.&lt;init&gt;(Calculator.java:6)
	at io.michaelcane.Commands.&lt;init&gt;(Commands.java:5)
	at io.michaelcane.Calculator.&lt;init&gt;(Calculator.java:6)
	at io.michaelcane.Commands.&lt;init&gt;(Commands.java:5)
	at io.michaelcane.Calculator.&lt;init&gt;(Calculator.java:6)
	at io.michaelcane.Commands.&lt;init&gt;(Commands.java:5)
	at io.michaelcane.Calculator.&lt;init&gt;(Calculator.java:6)
	at io.michaelcane.Commands.&lt;init&gt;(Commands.java:5)
	at io.michaelcane.Calculator.&lt;init&gt;(Calculator.java:6)
	at io.michaelcane.Commands.&lt;init&gt;(Commands.java:5)
	at io.michaelcane.Calculator.&lt;init&gt;(Calculator.java:6)
	at io.michaelcane.Commands.&lt;init&gt;(Commands.java:5)
	at io.michaelcane.Calculator.&lt;init&gt;(Calculator.java:6)
	at io.michaelcane.Commands.&lt;init&gt;(Commands.java:5)
	at io.michaelcane.Calculator.&lt;init&gt;(Calculator.java:6)
	at io.michaelcane.Commands.&lt;init&gt;(Commands.java:5)
	at io.michaelcane.Calculator.&lt;init&gt;(Calculator.java:6)
	at io.michaelcane.Commands.&lt;init&gt;(Commands.java:5)
	at io.michaelcane.Calculator.&lt;init&gt;(Calculator.java:6)
	at io.michaelcane.Commands.&lt;init&gt;(Commands.java:5)
	at io.michaelcane.Calculator.&lt;init&gt;(Calculator.java:6)
	at io.michaelcane.Commands.&lt;init&gt;(Commands.java:5)
	at io.michaelcane.Calculator.&lt;init&gt;(Calculator.java:6)
	at io.michaelcane.Commands.&lt;init&gt;(Commands.java:5)
	at io.michaelcane.Calculator.&lt;init&gt;(Calculator.java:6)
	at io.michaelcane.Commands.&lt;init&gt;(Commands.java:5)
	at io.michaelcane.Calculator.&lt;init&gt;(Calculator.java:6)
	at io.michaelcane.Commands.&lt;init&gt;(Commands.java:5)
	at io.michaelcane.Calculator.&lt;init&gt;(Calculator.java:6)
	at io.michaelcane.Commands.&lt;init&gt;(Commands.java:5)
	at io.michaelcane.Calculator.&lt;init&gt;(Calculator.java:6)
	at io.michaelcane.Commands.&lt;init&gt;(Commands.java:5)
	at io.michaelcane.Calculator.&lt;init&gt;(Calculator.java:6)
	at io.michaelcane.Commands.&lt;init&gt;(Commands.java:5)
	at io.michaelcane.Calculator.&lt;init&gt;(Calculator.java:6)
	at io.michaelcane.Commands.&lt;init&gt;(Commands.java:5)
	at io.michaelcane.Calculator.&lt;init&gt;(Calculator.java:6)
	at io.michaelcane.Commands.&lt;init&gt;(Commands.java:5)
	at io.michaelcane.Calculator.&lt;init&gt;(Calculator.java:6)
	at io.michaelcane.Commands.&lt;init&gt;(Commands.java:5)
	at io.michaelcane.Calculator.&lt;init&gt;(Calculator.java:6)
	at io.michaelcane.Commands.&lt;init&gt;(Commands.java:5)
	at io.michaelcane.Calculator.&lt;init&gt;(Calculator.java:6)
	at io.michaelcane.Commands.&lt;init&gt;(Commands.java:5)
	at io.michaelcane.Calculator.&lt;init&gt;(Calculator.java:6)
	at io.michaelcane.Commands.&lt;init&gt;(Commands.java:5)
	at io.michaelcane.Calculator.&lt;init&gt;(Calculator.java:6)
	at io.michaelcane.Commands.&lt;init&gt;(Commands.java:5)
	at io.michaelcane.Calculator.&lt;init&gt;(Calculator.java:6)
	at io.michaelcane.Commands.&lt;init&gt;(Commands.java:5)
	at io.michaelcane.Calculator.&lt;init&gt;(Calculator.java:6)
	at io.michaelcane.Commands.&lt;init&gt;(Commands.java:5)
	at io.michaelcane.Calculator.&lt;init&gt;(Calculator.java:6)
	at io.michaelcane.Commands.&lt;init&gt;(Commands.java:5)
	at io.michaelcane.Calculator.&lt;init&gt;(Calculator.java:6)
	at io.michaelcane.Commands.&lt;init&gt;(Commands.java:5)
	at io.michaelcane.Calculator.&lt;init&gt;(Calculator.java:6)
	at io.michaelcane.Commands.&lt;init&gt;(Commands.java:5)
	at io.michaelcane.Calculator.&lt;init&gt;(Calculator.java:6)
	at io.michaelcane.Commands.&lt;init&gt;(Commands.java:5)
	at io.michaelcane.Calculator.&lt;init&gt;(Calculator.java:6)
	at io.michaelcane.Commands.&lt;init&gt;(Commands.java:5)
	at io.michaelcane.Calculator.&lt;init&gt;(Calculator.java:6)
	at io.michaelcane.Commands.&lt;init&gt;(Commands.java:5)
	at io.michaelcane.Calculator.&lt;init&gt;(Calculator.java:6)
	at io.michaelcane.Commands.&lt;init&gt;(Commands.java:5)
	at io.michaelcane.Calculator.&lt;init&gt;(Calculator.java:6)
	at io.michaelcane.Commands.&lt;init&gt;(Commands.java:5)
	at io.michaelcane.Calculator.&lt;init&gt;(Calculator.java:6)
	at io.michaelcane.Commands.&lt;init&gt;(Commands.java:5)
	at io.michaelcane.Calculator.&lt;init&gt;(Calculator.java:6)
	at io.michaelcane.Commands.&lt;init&gt;(Commands.java:5)
	at io.michaelcane.Calculator.&lt;init&gt;(Calculator.java:6)
	at io.michaelcane.Commands.&lt;init&gt;(Commands.java:5)
	at io.michaelcane.Calculator.&lt;init&gt;(Calculator.java:6)
	at io.michaelcane.Commands.&lt;init&gt;(Commands.java:5)
	at io.michaelcane.Calculator.&lt;init&gt;(Calculator.java:6)
	at io.michaelcane.Commands.&lt;init&gt;(Commands.java:5)
	at io.michaelcane.Calculator.&lt;init&gt;(Calculator.java:6)
	at io.michaelcane.Commands.&lt;init&gt;(Commands.java:5)
	at io.michaelcane.Calculator.&lt;init&gt;(Calculator.java:6)
	at io.michaelcane.Commands.&lt;init&gt;(Commands.java:5)
	at io.michaelcane.Calculator.&lt;init&gt;(Calculator.java:6)
	at io.michaelcane.Commands.&lt;init&gt;(Commands.java:5)
	at io.michaelcane.Calculator.&lt;init&gt;(Calculator.java:6)
	at io.michaelcane.Commands.&lt;init&gt;(Commands.java:5)
	at io.michaelcane.Calculator.&lt;init&gt;(Calculator.java:6)
	at io.michaelcane.Commands.&lt;init&gt;(Commands.java:5)
	at io.michaelcane.Calculator.&lt;init&gt;(Calculator.java:6)
	at io.michaelcane.Commands.&lt;init&gt;(Commands.java:5)
	at io.michaelcane.Calculator.&lt;init&gt;(Calculator.java:6)
	at io.michaelcane.Commands.&lt;init&gt;(Commands.java:5)
	at io.michaelcane.Calculator.&lt;init&gt;(Calculator.java:6)
	at io.michaelcane.Commands.&lt;init&gt;(Commands.java:5)
	at io.michaelcane.Calculator.&lt;init&gt;(Calculator.java:6)
	at io.michaelcane.Commands.&lt;init&gt;(Commands.java:5)
	at io.michaelcane.Calculator.&lt;init&gt;(Calculator.java:6)
	at io.michaelcane.Commands.&lt;init&gt;(Commands.java:5)
	at io.michaelcane.Calculator.&lt;init&gt;(Calculator.java:6)
	at io.michaelcane.Commands.&lt;init&gt;(Commands.java:5)
	at io.michaelcane.Calculator.&lt;init&gt;(Calculator.java:6)
	at io.michaelcane.Commands.&lt;init&gt;(Commands.java:5)
	at io.michaelcane.Calculator.&lt;init&gt;(Calculator.java:6)
	at io.michaelcane.Commands.&lt;init&gt;(Commands.java:5)
	at io.michaelcane.Calculator.&lt;init&gt;(Calculator.java:6)
	at io.michaelcane.Commands.&lt;init&gt;(Commands.java:5)
	at io.michaelcane.Calculator.&lt;init&gt;(Calculator.java:6)
	at io.michaelcane.Commands.&lt;init&gt;(Commands.java:5)
	at io.michaelcane.Calculator.&lt;init&gt;(Calculator.java:6)
	at io.michaelcane.Commands.&lt;init&gt;(Commands.java:5)
	at io.michaelcane.Calculator.&lt;init&gt;(Calculator.java:6)
	at io.michaelcane.Commands.&lt;init&gt;(Commands.java:5)
	at io.michaelcane.Calculator.&lt;init&gt;(Calculator.java:6)
	at io.michaelcane.Commands.&lt;init&gt;(Commands.java:5)
	at io.michaelcane.Calculator.&lt;init&gt;(Calculator.java:6)
	at io.michaelcane.Commands.&lt;init&gt;(Commands.java:5)
	at io.michaelcane.Calculator.&lt;init&gt;(Calculator.java:6)
	at io.michaelcane.Commands.&lt;init&gt;(Commands.java:5)
	at io.michaelcane.Calculator.&lt;init&gt;(Calculator.java:6)
	at io.michaelcane.Commands.&lt;init&gt;(Commands.java:5)
	at io.michaelcane.Calculator.&lt;init&gt;(Calculator.java:6)
	at io.michaelcane.Commands.&lt;init&gt;(Commands.java:5)
	at io.michaelcane.Calculator.&lt;init&gt;(Calculator.java:6)
	at io.michaelcane.Commands.&lt;init&gt;(Commands.java:5)
	at io.michaelcane.Calculator.&lt;init&gt;(Calculator.java:6)
	at io.michaelcane.Commands.&lt;init&gt;(Commands.java:5)
	at io.michaelcane.Calculator.&lt;init&gt;(Calculator.java:6)
	at io.michaelcane.Commands.&lt;init&gt;(Commands.java:5)
	at io.michaelcane.Calculator.&lt;init&gt;(Calculator.java:6)
	at io.michaelcane.Commands.&lt;init&gt;(Commands.java:5)
	at io.michaelcane.Calculator.&lt;init&gt;(Calculator.java:6)
	at io.michaelcane.Commands.&lt;init&gt;(Commands.java:5)
	at io.michaelcane.Calculator.&lt;init&gt;(Calculator.java:6)
	at io.michaelcane.Commands.&lt;init&gt;(Commands.java:5)
	at io.michaelcane.Calculator.&lt;init&gt;(Calculator.java:6)
	at io.michaelcane.Commands.&lt;init&gt;(Commands.java:5)
	at io.michaelcane.Calculator.&lt;init&gt;(Calculator.java:6)
	at io.michaelcane.Commands.&lt;init&gt;(Commands.java:5)
	at io.michaelcane.Calculator.&lt;init&gt;(Calculator.java:6)
	at io.michaelcane.Commands.&lt;init&gt;(Commands.java:5)
	at io.michaelcane.Calculator.&lt;init&gt;(Calculator.java:6)
	at io.michaelcane.Commands.&lt;init&gt;(Commands.java:5)
	at io.michaelcane.Calculator.&lt;init&gt;(Calculator.java:6)
	at io.michaelcane.Commands.&lt;init&gt;(Commands.java:5)
	at io.michaelcane.Calculator.&lt;init&gt;(Calculator.java:6)
	at io.michaelcane.Commands.&lt;init&gt;(Commands.java:5)
	at io.michaelcane.Calculator.&lt;init&gt;(Calculator.java:6)
	at io.michaelcane.Commands.&lt;init&gt;(Commands.java:5)
	at io.michaelcane.Calculator.&lt;init&gt;(Calculator.java:6)
	at io.michaelcane.Commands.&lt;init&gt;(Commands.java:5)
	at io.michaelcane.Calculator.&lt;init&gt;(Calculator.java:6)
	at io.michaelcane.Commands.&lt;init&gt;(Commands.java:5)
	at io.michaelcane.Calculator.&lt;init&gt;(Calculator.java:6)
	at io.michaelcane.Commands.&lt;init&gt;(Commands.java:5)
	at io.michaelcane.Calculator.&lt;init&gt;(Calculator.java:6)
	at io.michaelcane.Commands.&lt;init&gt;(Commands.java:5)
	at io.michaelcane.Calculator.&lt;init&gt;(Calculator.java:6)
	at io.michaelcane.Commands.&lt;init&gt;(Commands.java:5)
	at io.michaelcane.Calculator.&lt;init&gt;(Calculator.java:6)
	at io.michaelcane.Commands.&lt;init&gt;(Commands.java:5)
	at io.michaelcane.Calculator.&lt;init&gt;(Calculator.java:6)
	at io.michaelcane.Commands.&lt;init&gt;(Commands.java:5)
	at io.michaelcane.Calculator.&lt;init&gt;(Calculator.java:6)
	at io.michaelcane.Commands.&lt;init&gt;(Commands.java:5)
	at io.michaelcane.Calculator.&lt;init&gt;(Calculator.java:6)
	at io.michaelcane.Commands.&lt;init&gt;(Commands.java:5)
	at io.michaelcane.Calculator.&lt;init&gt;(Calculator.java:6)
	at io.michaelcane.Commands.&lt;init&gt;(Commands.java:5)
	at io.michaelcane.Calculator.&lt;init&gt;(Calculator.java:6)
	at io.michaelcane.Commands.&lt;init&gt;(Commands.java:5)
	at io.michaelcane.Calculator.&lt;init&gt;(Calculator.java:6)
	at io.michaelcane.Commands.&lt;init&gt;(Commands.java:5)
	at io.michaelcane.Calculator.&lt;init&gt;(Calculator.java:6)
	at io.michaelcane.Commands.&lt;init&gt;(Commands.java:5)
	at io.michaelcane.Calculator.&lt;init&gt;(Calculator.java:6)
	at io.michaelcane.Commands.&lt;init&gt;(Commands.java:5)
	at io.michaelcane.Calculator.&lt;init&gt;(Calculator.java:6)
	at io.michaelcane.Commands.&lt;init&gt;(Commands.java:5)
	at io.michaelcane.Calculator.&lt;init&gt;(Calculator.java:6)
	at io.michaelcane.Commands.&lt;init&gt;(Commands.java:5)
	at io.michaelcane.Calculator.&lt;init&gt;(Calculator.java:6)
	at io.michaelcane.Commands.&lt;init&gt;(Commands.java:5)
	at io.michaelcane.Calculator.&lt;init&gt;(Calculator.java:6)
	at io.michaelcane.Commands.&lt;init&gt;(Commands.java:5)
	at io.michaelcane.Calculator.&lt;init&gt;(Calculator.java:6)
	at io.michaelcane.Commands.&lt;init&gt;(Commands.java:5)
	at io.michaelcane.Calculator.&lt;init&gt;(Calculator.java:6)
	at io.michaelcane.Commands.&lt;init&gt;(Commands.java:5)
	at io.michaelcane.Calculator.&lt;init&gt;(Calculator.java:6)
	at io.michaelcane.Commands.&lt;init&gt;(Commands.java:5)
	at io.michaelcane.Calculator.&lt;init&gt;(Calculator.java:6)
	at io.michaelcane.Commands.&lt;init&gt;(Commands.java:5)
	at io.michaelcane.Calculator.&lt;init&gt;(Calculator.java:6)
	at io.michaelcane.Commands.&lt;init&gt;(Commands.java:5)
	at io.michaelcane.Calculator.&lt;init&gt;(Calculator.java:6)
	at io.michaelcane.Commands.&lt;init&gt;(Commands.java:5)
	at io.michaelcane.Calculator.&lt;init&gt;(Calculator.java:6)
	at io.michaelcane.Commands.&lt;init&gt;(Commands.java:5)
	at io.michaelcane.Calculator.&lt;init&gt;(Calculator.java:6)
	at io.michaelcane.Commands.&lt;init&gt;(Commands.java:5)
	at io.michaelcane.Calculator.&lt;init&gt;(Calculator.java:6)
	at io.michaelcane.Commands.&lt;init&gt;(Commands.java:5)
	at io.michaelcane.Calculator.&lt;init&gt;(Calculator.java:6)
	at io.michaelcane.Commands.&lt;init&gt;(Commands.java:5)
	at io.michaelcane.Calculator.&lt;init&gt;(Calculator.java:6)
	at io.michaelcane.Commands.&lt;init&gt;(Commands.java:5)
	at io.michaelcane.Calculator.&lt;init&gt;(Calculator.java:6)
	at io.michaelcane.Commands.&lt;init&gt;(Commands.java:5)
	at io.michaelcane.Calculator.&lt;init&gt;(Calculator.java:6)
	at io.michaelcane.Commands.&lt;init&gt;(Commands.java:5)
	at io.michaelcane.Calculator.&lt;init&gt;(Calculator.java:6)
	at io.michaelcane.Commands.&lt;init&gt;(Commands.java:5)
	at io.michaelcane.Calculator.&lt;init&gt;(Calculator.java:6)
	at io.michaelcane.Commands.&lt;init&gt;(Commands.java:5)
	at io.michaelcane.Calculator.&lt;init&gt;(Calculator.java:6)
	at io.michaelcane.Commands.&lt;init&gt;(Commands.java:5)
	at io.michaelcane.Calculator.&lt;init&gt;(Calculator.java:6)
	at io.michaelcane.Commands.&lt;init&gt;(Commands.java:5)
	at io.michaelcane.Calculator.&lt;init&gt;(Calculator.java:6)
	at io.michaelcane.Commands.&lt;init&gt;(Commands.java:5)
	at io.michaelcane.Calculator.&lt;init&gt;(Calculator.java:6)
	at io.michaelcane.Commands.&lt;init&gt;(Commands.java:5)
	at io.michaelcane.Calculator.&lt;init&gt;(Calculator.java:6)
	at io.michaelcane.Commands.&lt;init&gt;(Commands.java:5)
	at io.michaelcane.Calculator.&lt;init&gt;(Calculator.java:6)
	at io.michaelcane.Commands.&lt;init&gt;(Commands.java:5)
	at io.michaelcane.Calculator.&lt;init&gt;(Calculator.java:6)
	at io.michaelcane.Commands.&lt;init&gt;(Commands.java:5)
	at io.michaelcane.Calculator.&lt;init&gt;(Calculator.java:6)
	at io.michaelcane.Commands.&lt;init&gt;(Commands.java:5)
	at io.michaelcane.Calculator.&lt;init&gt;(Calculator.java:6)
	at io.michaelcane.Commands.&lt;init&gt;(Commands.java:5)
	at io.michaelcane.Calculator.&lt;init&gt;(Calculator.java:6)
	at io.michaelcane.Commands.&lt;init&gt;(Commands.java:5)
	at io.michaelcane.Calculator.&lt;init&gt;(Calculator.java:6)
	at io.michaelcane.Commands.&lt;init&gt;(Commands.java:5)
	at io.michaelcane.Calculator.&lt;init&gt;(Calculator.java:6)
	at io.michaelcane.Commands.&lt;init&gt;(Commands.java:5)
	at io.michaelcane.Calculator.&lt;init&gt;(Calculator.java:6)
	at io.michaelcane.Commands.&lt;init&gt;(Commands.java:5)
	at io.michaelcane.Calculator.&lt;init&gt;(Calculator.java:6)
	at io.michaelcane.Commands.&lt;init&gt;(Commands.java:5)
	at io.michaelcane.Calculator.&lt;init&gt;(Calculator.java:6)
	at io.michaelcane.Commands.&lt;init&gt;(Commands.java:5)
	at io.michaelcane.Calculator.&lt;init&gt;(Calculator.java:6)
	at io.michaelcane.Commands.&lt;init&gt;(Commands.java:5)
	at io.michaelcane.Calculator.&lt;init&gt;(Calculator.java:6)
	at io.michaelcane.Commands.&lt;init&gt;(Commands.java:5)
	at io.michaelcane.Calculator.&lt;init&gt;(Calculator.java:6)
	at io.michaelcane.Commands.&lt;init&gt;(Commands.java:5)
	at io.michaelcane.Calculator.&lt;init&gt;(Calculator.java:6)
	at io.michaelcane.Commands.&lt;init&gt;(Commands.java:5)
	at io.michaelcane.Calculator.&lt;init&gt;(Calculator.java:6)
	at io.michaelcane.Commands.&lt;init&gt;(Commands.java:5)
	at io.michaelcane.Calculator.&lt;init&gt;(Calculator.java:6)
	at io.michaelcane.Commands.&lt;init&gt;(Commands.java:5)
	at io.michaelcane.Calculator.&lt;init&gt;(Calculator.java:6)
	at io.michaelcane.Commands.&lt;init&gt;(Commands.java:5)
	at io.michaelcane.Calculator.&lt;init&gt;(Calculator.java:6)
	at io.michaelcane.Commands.&lt;init&gt;(Commands.java:5)
	at io.michaelcane.Calculator.&lt;init&gt;(Calculator.java:6)
	at io.michaelcane.Commands.&lt;init&gt;(Commands.java:5)
	at io.michaelcane.Calculator.&lt;init&gt;(Calculator.java:6)
	at io.michaelcane.Commands.&lt;init&gt;(Commands.java:5)
	at io.michaelcane.Calculator.&lt;init&gt;(Calculator.java:6)
	at io.michaelcane.Commands.&lt;init&gt;(Commands.java:5)
	at io.michaelcane.Calculator.&lt;init&gt;(Calculator.java:6)
	at io.michaelcane.Commands.&lt;init&gt;(Commands.java:5)
	at io.michaelcane.Calculator.&lt;init&gt;(Calculator.java:6)
	at io.michaelcane.Commands.&lt;init&gt;(Commands.java:5)
	at io.michaelcane.Calculator.&lt;init&gt;(Calculator.java:6)
	at io.michaelcane.Commands.&lt;init&gt;(Commands.java:5)
	at io.michaelcane.Calculator.&lt;init&gt;(Calculator.java:6)
	at io.michaelcane.Commands.&lt;init&gt;(Commands.java:5)
	at io.michaelcane.Calculator.&lt;init&gt;(Calculator.java:6)
	at io.michaelcane.Commands.&lt;init&gt;(Commands.java:5)
	at io.michaelcane.Calculator.&lt;init&gt;(Calculator.java:6)
	at io.michaelcane.Commands.&lt;init&gt;(Commands.java:5)
	at io.michaelcane.Calculator.&lt;init&gt;(Calculator.java:6)
	at io.michaelcane.Commands.&lt;init&gt;(Commands.java:5)
	at io.michaelcane.Calculator.&lt;init&gt;(Calculator.java:6)
	at io.michaelcane.Commands.&lt;init&gt;(Commands.java:5)
	at io.michaelcane.Calculator.&lt;init&gt;(Calculator.java:6)
	at io.michaelcane.Commands.&lt;init&gt;(Commands.java:5)
	at io.michaelcane.Calculator.&lt;init&gt;(Calculator.java:6)
	at io.michaelcane.Commands.&lt;init&gt;(Commands.java:5)
	at io.michaelcane.Calculator.&lt;init&gt;(Calculator.java:6)
	at io.michaelcane.Commands.&lt;init&gt;(Commands.java:5)
	at io.michaelcane.Calculator.&lt;init&gt;(Calculator.java:6)
	at io.michaelcane.Commands.&lt;init&gt;(Commands.java:5)
	at io.michaelcane.Calculator.&lt;init&gt;(Calculator.java:6)
	at io.michaelcane.Commands.&lt;init&gt;(Commands.java:5)
	at io.michaelcane.Calculator.&lt;init&gt;(Calculator.java:6)
	at io.michaelcane.Commands.&lt;init&gt;(Commands.java:5)
	at io.michaelcane.Calculator.&lt;init&gt;(Calculator.java:6)
	at io.michaelcane.Commands.&lt;init&gt;(Commands.java:5)
	at io.michaelcane.Calculator.&lt;init&gt;(Calculator.java:6)
	at io.michaelcane.Commands.&lt;init&gt;(Commands.java:5)
	at io.michaelcane.Calculator.&lt;init&gt;(Calculator.java:6)
	at io.michaelcane.Commands.&lt;init&gt;(Commands.java:5)
	at io.michaelcane.Calculator.&lt;init&gt;(Calculator.java:6)
	at io.michaelcane.Commands.&lt;init&gt;(Commands.java:5)
	at io.michaelcane.Calculator.&lt;init&gt;(Calculator.java:6)
	at io.michaelcane.Commands.&lt;init&gt;(Commands.java:5)
	at io.michaelcane.Calculator.&lt;init&gt;(Calculator.java:6)
	at io.michaelcane.Commands.&lt;init&gt;(Commands.java:5)
	at io.michaelcane.Calculator.&lt;init&gt;(Calculator.java:6)
	at io.michaelcane.Commands.&lt;init&gt;(Commands.java:5)
	at io.michaelcane.Calculator.&lt;init&gt;(Calculator.java:6)
	at io.michaelcane.Commands.&lt;init&gt;(Commands.java:5)
	at io.michaelcane.Calculator.&lt;init&gt;(Calculator.java:6)
	at io.michaelcane.Commands.&lt;init&gt;(Commands.java:5)
	at io.michaelcane.Calculator.&lt;init&gt;(Calculator.java:6)
	at io.michaelcane.Commands.&lt;init&gt;(Commands.java:5)
	at io.michaelcane.Calculator.&lt;init&gt;(Calculator.java:6)
	at io.michaelcane.Commands.&lt;init&gt;(Commands.java:5)
	at io.michaelcane.Calculator.&lt;init&gt;(Calculator.java:6)
	at io.michaelcane.Commands.&lt;init&gt;(Commands.java:5)
	at io.michaelcane.Calculator.&lt;init&gt;(Calculator.java:6)
	at io.michaelcane.Commands.&lt;init&gt;(Commands.java:5)
	at io.michaelcane.Calculator.&lt;init&gt;(Calculator.java:6)
	at io.michaelcane.Commands.&lt;init&gt;(Commands.java:5)
	at io.michaelcane.Calculator.&lt;init&gt;(Calculator.java:6)
	at io.michaelcane.Commands.&lt;init&gt;(Commands.java:5)
	at io.michaelcane.Calculator.&lt;init&gt;(Calculator.java:6)
	at io.michaelcane.Commands.&lt;init&gt;(Commands.java:5)
	at io.michaelcane.Calculator.&lt;init&gt;(Calculator.java:6)
	at io.michaelcane.Commands.&lt;init&gt;(Commands.java:5)
	at io.michaelcane.Calculator.&lt;init&gt;(Calculator.java:6)
	at io.michaelcane.Commands.&lt;init&gt;(Commands.java:5)
	at io.michaelcane.Calculator.&lt;init&gt;(Calculator.java:6)
	at io.michaelcane.Commands.&lt;init&gt;(Commands.java:5)
	at io.michaelcane.Calculator.&lt;init&gt;(Calculator.java:6)
	at io.michaelcane.Commands.&lt;init&gt;(Commands.java:5)
	at io.michaelcane.Calculator.&lt;init&gt;(Calculator.java:6)
	at io.michaelcane.Commands.&lt;init&gt;(Commands.java:5)
	at io.michaelcane.Calculator.&lt;init&gt;(Calculator.java:6)
	at io.michaelcane.Commands.&lt;init&gt;(Commands.java:5)
	at io.michaelcane.Calculator.&lt;init&gt;(Calculator.java:6)
	at io.michaelcane.Commands.&lt;init&gt;(Commands.java:5)
	at io.michaelcane.Calculator.&lt;init&gt;(Calculator.java:6)
	at io.michaelcane.Commands.&lt;init&gt;(Commands.java:5)
	at io.michaelcane.Calculator.&lt;init&gt;(Calculator.java:6)
	at io.michaelcane.Commands.&lt;init&gt;(Commands.java:5)
	at io.michaelcane.Calculator.&lt;init&gt;(Calculator.java:6)
	at io.michaelcane.Commands.&lt;init&gt;(Commands.java:5)
	at io.michaelcane.Calculator.&lt;init&gt;(Calculator.java:6)
	at io.michaelcane.Commands.&lt;init&gt;(Commands.java:5)
	at io.michaelcane.Calculator.&lt;init&gt;(Calculator.java:6)
	at io.michaelcane.Commands.&lt;init&gt;(Commands.java:5)
	at io.michaelcane.Calculator.&lt;init&gt;(Calculator.java:6)
	at io.michaelcane.Commands.&lt;init&gt;(Commands.java:5)
	at io.michaelcane.Calculator.&lt;init&gt;(Calculator.java:6)
	at io.michaelcane.Commands.&lt;init&gt;(Commands.java:5)
	at io.michaelcane.Calculator.&lt;init&gt;(Calculator.java:6)
	at io.michaelcane.Commands.&lt;init&gt;(Commands.java:5)
	at io.michaelcane.Calculator.&lt;init&gt;(Calculator.java:6)
	at io.michaelcane.Commands.&lt;init&gt;(Commands.java:5)
	at io.michaelcane.Calculator.&lt;init&gt;(Calculator.java:6)
	at io.michaelcane.Commands.&lt;init&gt;(Commands.java:5)
	at io.michaelcane.Calculator.&lt;init&gt;(Calculator.java:6)
	at io.michaelcane.Commands.&lt;init&gt;(Commands.java:5)
	at io.michaelcane.Calculator.&lt;init&gt;(Calculator.java:6)
	at io.michaelcane.Commands.&lt;init&gt;(Commands.java:5)
	at io.michaelcane.Calculator.&lt;init&gt;(Calculator.java:6)
	at io.michaelcane.Commands.&lt;init&gt;(Commands.java:5)
	at io.michaelcane.Calculator.&lt;init&gt;(Calculator.java:6)
	at io.michaelcane.Commands.&lt;init&gt;(Commands.java:5)
	at io.michaelcane.Calculator.&lt;init&gt;(Calculator.java:6)
	at io.michaelcane.Commands.&lt;init&gt;(Commands.java:5)
	at io.michaelcane.Calculator.&lt;init&gt;(Calculator.java:6)
	at io.michaelcane.Commands.&lt;init&gt;(Commands.java:5)
	at io.michaelcane.Calculator.&lt;init&gt;(Calculator.java:6)
	at io.michaelcane.Commands.&lt;init&gt;(Commands.java:5)
	at io.michaelcane.Calculator.&lt;init&gt;(Calculator.java:6)
	at io.michaelcane.Commands.&lt;init&gt;(Commands.java:5)
	at io.michaelcane.Calculator.&lt;init&gt;(Calculator.java:6)
	at io.michaelcane.Commands.&lt;init&gt;(Commands.java:5)
	at io.michaelcane.Calculator.&lt;init&gt;(Calculator.java:6)
	at io.michaelcane.Commands.&lt;init&gt;(Commands.java:5)
	at io.michaelcane.Calculator.&lt;init&gt;(Calculator.java:6)
	at io.michaelcane.Commands.&lt;init&gt;(Commands.java:5)
	at io.michaelcane.Calculator.&lt;init&gt;(Calculator.java:6)
	at io.michaelcane.Commands.&lt;init&gt;(Commands.java:5)
	at io.michaelcane.Calculator.&lt;init&gt;(Calculator.java:6)
	at io.michaelcane.Commands.&lt;init&gt;(Commands.java:5)
	at io.michaelcane.Calculator.&lt;init&gt;(Calculator.java:6)
	at io.michaelcane.Commands.&lt;init&gt;(Commands.java:5)
	at io.michaelcane.Calculator.&lt;init&gt;(Calculator.java:6)
	at io.michaelcane.Commands.&lt;init&gt;(Commands.java:5)
	at io.michaelcane.Calculator.&lt;init&gt;(Calculator.java:6)
	at io.michaelcane.Commands.&lt;init&gt;(Commands.java:5)
	at io.michaelcane.Calculator.&lt;init&gt;(Calculator.java:6)
	at io.michaelcane.Commands.&lt;init&gt;(Commands.java:5)
	at io.michaelcane.Calculator.&lt;init&gt;(Calculator.java:6)
	at io.michaelcane.Commands.&lt;init&gt;(Commands.java:5)
	at io.michaelcane.Calculator.&lt;init&gt;(Calculator.java:6)
	at io.michaelcane.Commands.&lt;init&gt;(Commands.java:5)
	at io.michaelcane.Calculator.&lt;init&gt;(Calculator.java:6)
	at io.michaelcane.Commands.&lt;init&gt;(Commands.java:5)
	at io.michaelcane.Calculator.&lt;init&gt;(Calculator.java:6)
	at io.michaelcane.Commands.&lt;init&gt;(Commands.java:5)
	at io.michaelcane.Calculator.&lt;init&gt;(Calculator.java:6)
	at io.michaelcane.Commands.&lt;init&gt;(Commands.java:5)
	at io.michaelcane.Calculator.&lt;init&gt;(Calculator.java:6)
	at io.michaelcane.Commands.&lt;init&gt;(Commands.java:5)
	at io.michaelcane.Calculator.&lt;init&gt;(Calculator.java:6)
	at io.michaelcane.Commands.&lt;init&gt;(Commands.java:5)
	at io.michaelcane.Calculator.&lt;init&gt;(Calculator.java:6)
	at io.michaelcane.Commands.&lt;init&gt;(Commands.java:5)
	at io.michaelcane.Calculator.&lt;init&gt;(Calculator.java:6)
	at io.michaelcane.Commands.&lt;init&gt;(Commands.java:5)
	at io.michaelcane.Calculator.&lt;init&gt;(Calculator.java:6)
	at io.michaelcane.Commands.&lt;init&gt;(Commands.java:5)
	at io.michaelcane.Calculator.&lt;init&gt;(Calculator.java:6)
	at io.michaelcane.Commands.&lt;init&gt;(Commands.java:5)
	at io.michaelcane.Calculator.&lt;init&gt;(Calculator.java:6)
	at io.michaelcane.Commands.&lt;init&gt;(Commands.java:5)
	at io.michaelcane.Calculator.&lt;init&gt;(Calculator.java:6)
	at io.michaelcane.Commands.&lt;init&gt;(Commands.java:5)
	at io.michaelcane.Calculator.&lt;init&gt;(Calculator.java:6)
	at io.michaelcane.Commands.&lt;init&gt;(Commands.java:5)
	at io.michaelcane.Calculator.&lt;init&gt;(Calculator.java:6)
	at io.michaelcane.Commands.&lt;init&gt;(Commands.java:5)
	at io.michaelcane.Calculator.&lt;init&gt;(Calculator.java:6)
	at io.michaelcane.Commands.&lt;init&gt;(Commands.java:5)
	at io.michaelcane.Calculator.&lt;init&gt;(Calculator.java:6)
	at io.michaelcane.Commands.&lt;init&gt;(Commands.java:5)
	at io.michaelcane.Calculator.&lt;init&gt;(Calculator.java:6)
	at io.michaelcane.Commands.&lt;init&gt;(Commands.java:5)
	at io.michaelcane.Calculator.&lt;init&gt;(Calculator.java:6)
	at io.michaelcane.Commands.&lt;init&gt;(Commands.java:5)
	at io.michaelcane.Calculator.&lt;init&gt;(Calculator.java:6)
	at io.michaelcane.Commands.&lt;init&gt;(Commands.java:5)
	at io.michaelcane.Calculator.&lt;init&gt;(Calculator.java:6)
	at io.michaelcane.Commands.&lt;init&gt;(Commands.java:5)
	at io.michaelcane.Calculator.&lt;init&gt;(Calculator.java:6)
	at io.michaelcane.Commands.&lt;init&gt;(Commands.java:5)
	at io.michaelcane.Calculator.&lt;init&gt;(Calculator.java:6)
	at io.michaelcane.Commands.&lt;init&gt;(Commands.java:5)
	at io.michaelcane.Calculator.&lt;init&gt;(Calculator.java:6)
	at io.michaelcane.Commands.&lt;init&gt;(Commands.java:5)
	at io.michaelcane.Calculator.&lt;init&gt;(Calculator.java:6)
	at io.michaelcane.Commands.&lt;init&gt;(Commands.java:5)
	at io.michaelcane.Calculator.&lt;init&gt;(Calculator.java:6)
	at io.michaelcane.Commands.&lt;init&gt;(Commands.java:5)
	at io.michaelcane.Calculator.&lt;init&gt;(Calculator.java:6)
	at io.michaelcane.Commands.&lt;init&gt;(Commands.java:5)
	at io.michaelcane.Calculator.&lt;init&gt;(Calculator.java:6)
	at io.michaelcane.Commands.&lt;init&gt;(Commands.java:5)
	at io.michaelcane.Calculator.&lt;init&gt;(Calculator.java:6)
	at io.michaelcane.Commands.&lt;init&gt;(Commands.java:5)
	at io.michaelcane.Calculator.&lt;init&gt;(Calculator.java:6)
	at io.michaelcane.Commands.&lt;init&gt;(Commands.java:5)
	at io.michaelcane.Calculator.&lt;init&gt;(Calculator.java:6)
	at io.michaelcane.Commands.&lt;init&gt;(Commands.java:5)
	at io.michaelcane.Calculator.&lt;init&gt;(Calculator.java:6)
	at io.michaelcane.Commands.&lt;init&gt;(Commands.java:5)
	at io.michaelcane.Calculator.&lt;init&gt;(Calculator.java:6)
	at io.michaelcane.Commands.&lt;init&gt;(Commands.java:5)
	at io.michaelcane.Calculator.&lt;init&gt;(Calculator.java:6)
	at io.michaelcane.Commands.&lt;init&gt;(Commands.java:5)
	at io.michaelcane.Calculator.&lt;init&gt;(Calculator.java:6)
	at io.michaelcane.Commands.&lt;init&gt;(Commands.java:5)
	at io.michaelcane.Calculator.&lt;init&gt;(Calculator.java:6)
	at io.michaelcane.Commands.&lt;init&gt;(Commands.java:5)
	at io.michaelcane.Calculator.&lt;init&gt;(Calculator.java:6)
	at io.michaelcane.Commands.&lt;init&gt;(Commands.java:5)
	at io.michaelcane.Calculator.&lt;init&gt;(Calculator.java:6)
	at io.michaelcane.Commands.&lt;init&gt;(Commands.java:5)
	at io.michaelcane.Calculator.&lt;init&gt;(Calculator.java:6)
	at io.michaelcane.Commands.&lt;init&gt;(Commands.java:5)
	at io.michaelcane.Calculator.&lt;init&gt;(Calculator.java:6)
	at io.michaelcane.Commands.&lt;init&gt;(Commands.java:5)
	at io.michaelcane.Calculator.&lt;init&gt;(Calculator.java:6)
	at io.michaelcane.Commands.&lt;init&gt;(Commands.java:5)
	at io.michaelcane.Calculator.&lt;init&gt;(Calculator.java:6)
	at io.michaelcane.Commands.&lt;init&gt;(Commands.java:5)
	at io.michaelcane.Calculator.&lt;init&gt;(Calculator.java:6)
	at io.michaelcane.Commands.&lt;init&gt;(Commands.java:5)
	at io.michaelcane.Calculator.&lt;init&gt;(Calculator.java:6)
	at io.michaelcane.Commands.&lt;init&gt;(Commands.java:5)
	at io.michaelcane.Calculator.&lt;init&gt;(Calculator.java:6)
	at io.michaelcane.Commands.&lt;init&gt;(Commands.java:5)
	at io.michaelcane.Calculator.&lt;init&gt;(Calculator.java:6)
	at io.michaelcane.Commands.&lt;init&gt;(Commands.java:5)
	at io.michaelcane.Calculator.&lt;init&gt;(Calculator.java:6)
	at io.michaelcane.Commands.&lt;init&gt;(Commands.java:5)
	at io.michaelcane.Calculator.&lt;init&gt;(Calculator.java:6)
	at io.michaelcane.Commands.&lt;init&gt;(Commands.java:5)
	at io.michaelcane.Calculator.&lt;init&gt;(Calculator.java:6)
	at io.michaelcane.Commands.&lt;init&gt;(Commands.java:5)
	at io.michaelcane.Calculator.&lt;init&gt;(Calculator.java:6)
	at io.michaelcane.Commands.&lt;init&gt;(Commands.java:5)
	at io.michaelcane.Calculator.&lt;init&gt;(Calculator.java:6)
	at io.michaelcane.Commands.&lt;init&gt;(Commands.java:5)
	at io.michaelcane.Calculator.&lt;init&gt;(Calculator.java:6)
	at io.michaelcane.Commands.&lt;init&gt;(Commands.java:5)
	at io.michaelcane.Calculator.&lt;init&gt;(Calculator.java:6)
	at io.michaelcane.Commands.&lt;init&gt;(Commands.java:5)
	at io.michaelcane.Calculator.&lt;init&gt;(Calculator.java:6)
	at io.michaelcane.Commands.&lt;init&gt;(Commands.java:5)
	at io.michaelcane.Calculator.&lt;init&gt;(Calculator.java:6)
	at io.michaelcane.Commands.&lt;init&gt;(Commands.java:5)
	at io.michaelcane.Calculator.&lt;init&gt;(Calculator.java:6)
	at io.michaelcane.Commands.&lt;init&gt;(Commands.java:5)
	at io.michaelcane.Calculator.&lt;init&gt;(Calculator.java:6)
	at io.michaelcane.Commands.&lt;init&gt;(Commands.java:5)
	at io.michaelcane.Calculator.&lt;init&gt;(Calculator.java:6)
	at io.michaelcane.Commands.&lt;init&gt;(Commands.java:5)
	at io.michaelcane.Calculator.&lt;init&gt;(Calculator.java:6)
	at io.michaelcane.Commands.&lt;init&gt;(Commands.java:5)
	at io.michaelcane.Calculator.&lt;init&gt;(Calculator.java:6)
	at io.michaelcane.Commands.&lt;init&gt;(Commands.java:5)
	at io.michaelcane.Calculator.&lt;init&gt;(Calculator.java:6)
	at io.michaelcane.Commands.&lt;init&gt;(Commands.java:5)
	at io.michaelcane.Calculator.&lt;init&gt;(Calculator.java:6)
	at io.michaelcane.Commands.&lt;init&gt;(Commands.java:5)
	at io.michaelcane.Calculator.&lt;init&gt;(Calculator.java:6)
	at io.michaelcane.Commands.&lt;init&gt;(Commands.java:5)
	at io.michaelcane.Calculator.&lt;init&gt;(Calculator.java:6)
	at io.michaelcane.Commands.&lt;init&gt;(Commands.java:5)
	at io.michaelcane.Calculator.&lt;init&gt;(Calculator.java:6)
	at io.michaelcane.Commands.&lt;init&gt;(Commands.java:5)
	at io.michaelcane.Calculator.&lt;init&gt;(Calculator.java:6)
	at io.michaelcane.Commands.&lt;init&gt;(Commands.java:5)
	at io.michaelcane.Calculator.&lt;init&gt;(Calculator.java:6)
	at io.michaelcane.Commands.&lt;init&gt;(Commands.java:5)
	at io.michaelcane.Calculator.&lt;init&gt;(Calculator.java:6)
	at io.michaelcane.Commands.&lt;init&gt;(Commands.java:5)
	at io.michaelcane.Calculator.&lt;init&gt;(Calculator.java:6)
	at io.michaelcane.Commands.&lt;init&gt;(Commands.java:5)
	at io.michaelcane.Calculator.&lt;init&gt;(Calculator.java:6)
	at io.michaelcane.Commands.&lt;init&gt;(Commands.java:5)
	at io.michaelcane.Calculator.&lt;init&gt;(Calculator.java:6)
	at io.michaelcane.Commands.&lt;init&gt;(Commands.java:5)
	at io.michaelcane.Calculator.&lt;init&gt;(Calculator.java:6)
	at io.michaelcane.Commands.&lt;init&gt;(Commands.java:5)
	at io.michaelcane.Calculator.&lt;init&gt;(Calculator.java:6)
	at io.michaelcane.Commands.&lt;init&gt;(Commands.java:5)
	at io.michaelcane.Calculator.&lt;init&gt;(Calculator.java:6)
	at io.michaelcane.Commands.&lt;init&gt;(Commands.java:5)
	at io.michaelcane.Calculator.&lt;init&gt;(Calculator.java:6)
	at io.michaelcane.Commands.&lt;init&gt;(Commands.java:5)
	at io.michaelcane.Calculator.&lt;init&gt;(Calculator.java:6)
	at io.michaelcane.Commands.&lt;init&gt;(Commands.java:5)
	at io.michaelcane.Calculator.&lt;init&gt;(Calculator.java:6)
	at io.michaelcane.Commands.&lt;init&gt;(Commands.java:5)
	at io.michaelcane.Calculator.&lt;init&gt;(Calculator.java:6)
	at io.michaelcane.Commands.&lt;init&gt;(Commands.java:5)
	at io.michaelcane.Calculator.&lt;init&gt;(Calculator.java:6)
	at io.michaelcane.Commands.&lt;init&gt;(Commands.java:5)
	at io.michaelcane.Calculator.&lt;init&gt;(Calculator.java:6)
	at io.michaelcane.Commands.&lt;init&gt;(Commands.java:5)
	at io.michaelcane.Calculator.&lt;init&gt;(Calculator.java:6)
	at io.michaelcane.Commands.&lt;init&gt;(Commands.java:5)
	at io.michaelcane.Calculator.&lt;init&gt;(Calculator.java:6)
	at io.michaelcane.Commands.&lt;init&gt;(Commands.java:5)
	at io.michaelcane.Calculator.&lt;init&gt;(Calculator.java:6)
	at io.michaelcane.Commands.&lt;init&gt;(Commands.java:5)
	at io.michaelcane.Calculator.&lt;init&gt;(Calculator.java:6)
	at io.michaelcane.Commands.&lt;init&gt;(Commands.java:5)
	at io.michaelcane.Calculator.&lt;init&gt;(Calculator.java:6)
	at io.michaelcane.Commands.&lt;init&gt;(Commands.java:5)
	at io.michaelcane.Calculator.&lt;init&gt;(Calculator.java:6)
	at io.michaelcane.Commands.&lt;init&gt;(Commands.java:5)
	at io.michaelcane.Calculator.&lt;init&gt;(Calculator.java:6)
	at io.michaelcane.Commands.&lt;init&gt;(Commands.java:5)
	at io.michaelcane.Calculator.&lt;init&gt;(Calculator.java:6)
	at io.michaelcane.Commands.&lt;init&gt;(Commands.java:5)
	at io.michaelcane.Calculator.&lt;init&gt;(Calculator.java:6)
	at io.michaelcane.Commands.&lt;init&gt;(Commands.java:5)
	at io.michaelcane.Calculator.&lt;init&gt;(Calculator.java:6)
	at io.michaelcane.Commands.&lt;init&gt;(Commands.java:5)
	at io.michaelcane.Calculator.&lt;init&gt;(Calculator.java:6)
	at io.michaelcane.Commands.&lt;init&gt;(Commands.java:5)
	at io.michaelcane.Calculator.&lt;init&gt;(Calculator.java:6)
	at io.michaelcane.Commands.&lt;init&gt;(Commands.java:5)
	at io.michaelcane.Calculator.&lt;init&gt;(Calculator.java:6)
	at io.michaelcane.Commands.&lt;init&gt;(Commands.java:5)
	at io.michaelcane.Calculator.&lt;init&gt;(Calculator.java:6)
	at io.michaelcane.Commands.&lt;init&gt;(Commands.java:5)
	at io.michaelcane.Calculator.&lt;init&gt;(Calculator.java:6)
	at io.michaelcane.Commands.&lt;init&gt;(Commands.java:5)
	at io.michaelcane.Calculator.&lt;init&gt;(Calculator.java:6)
	at io.michaelcane.Commands.&lt;init&gt;(Commands.java:5)
	at io.michaelcane.Calculator.&lt;init&gt;(Calculator.java:6)
	at io.michaelcane.Commands.&lt;init&gt;(Commands.java:5)
	at io.michaelcane.Calculator.&lt;init&gt;(Calculator.java:6)
	at io.michaelcane.Commands.&lt;init&gt;(Commands.java:5)
	at io.michaelcane.Calculator.&lt;init&gt;(Calculator.java:6)
	at io.michaelcane.Commands.&lt;init&gt;(Commands.java:5)
	at io.michaelcane.Calculator.&lt;init&gt;(Calculator.java:6)
	at io.michaelcane.Commands.&lt;init&gt;(Commands.java:5)
	at io.michaelcane.Calculator.&lt;init&gt;(Calculator.java:6)
	at io.michaelcane.Commands.&lt;init&gt;(Commands.java:5)
	at io.michaelcane.Calculator.&lt;init&gt;(Calculator.java:6)
	at io.michaelcane.Commands.&lt;init&gt;(Commands.java:5)
	at io.michaelcane.Calculator.&lt;init&gt;(Calculator.java:6)
	at io.michaelcane.Commands.&lt;init&gt;(Commands.java:5)
	at io.michaelcane.Calculator.&lt;init&gt;(Calculator.java:6)
	at io.michaelcane.Commands.&lt;init&gt;(Commands.java:5)
	at io.michaelcane.Calculator.&lt;init&gt;(Calculator.java:6)
	at io.michaelcane.Commands.&lt;init&gt;(Commands.java:5)
	at io.michaelcane.Calculator.&lt;init&gt;(Calculator.java:6)
	at io.michaelcane.Commands.&lt;init&gt;(Commands.java:5)
	at io.michaelcane.Calculator.&lt;init&gt;(Calculator.java:6)
	at io.michaelcane.Commands.&lt;init&gt;(Commands.java:5)
	at io.michaelcane.Calculator.&lt;init&gt;(Calculator.java:6)
	at io.michaelcane.Commands.&lt;init&gt;(Commands.java:5)
	at io.michaelcane.Calculator.&lt;init&gt;(Calculator.java:6)
	at io.michaelcane.Commands.&lt;init&gt;(Commands.java:5)
	at io.michaelcane.Calculator.&lt;init&gt;(Calculator.java:6)
	at io.michaelcane.Commands.&lt;init&gt;(Commands.java:5)
	at io.michaelcane.Calculator.&lt;init&gt;(Calculator.java:6)
	at io.michaelcane.Commands.&lt;init&gt;(Commands.java:5)
	at io.michaelcane.Calculator.&lt;init&gt;(Calculator.java:6)
	at io.michaelcane.Commands.&lt;init&gt;(Commands.java:5)
	at io.michaelcane.Calculator.&lt;init&gt;(Calculator.java:6)
	at io.michaelcane.Commands.&lt;init&gt;(Commands.java:5)
	at io.michaelcane.Calculator.&lt;init&gt;(Calculator.java:6)
	at io.michaelcane.Commands.&lt;init&gt;(Commands.java:5)
	at io.michaelcane.Calculator.&lt;init&gt;(Calculator.java:6)
	at io.michaelcane.Commands.&lt;init&gt;(Commands.java:5)
	at io.michaelcane.Calculator.&lt;init&gt;(Calculator.java:6)
	at io.michaelcane.Commands.&lt;init&gt;(Commands.java:5)
	at io.michaelcane.Calculator.&lt;init&gt;(Calculator.java:6)
	at io.michaelcane.Commands.&lt;init&gt;(Commands.java:5)
	at io.michaelcane.Calculator.&lt;init&gt;(Calculator.java:6)
	at io.michaelcane.Commands.&lt;init&gt;(Commands.java:5)
	at io.michaelcane.Calculator.&lt;init&gt;(Calculator.java:6)
	at io.michaelcane.Commands.&lt;init&gt;(Commands.java:5)
	at io.michaelcane.Calculator.&lt;init&gt;(Calculator.java:6)
	at io.michaelcane.Commands.&lt;init&gt;(Commands.java:5)
	at io.michaelcane.Calculator.&lt;init&gt;(Calculator.java:6)
	at io.michaelcane.Commands.&lt;init&gt;(Commands.java:5)
	at io.michaelcane.Calculator.&lt;init&gt;(Calculator.java:6)
	at io.michaelcane.Commands.&lt;init&gt;(Commands.java:5)
	at io.michaelcane.Calculator.&lt;init&gt;(Calculator.java:6)
	at io.michaelcane.Commands.&lt;init&gt;(Commands.java:5)
	at io.michaelcane.Calculator.&lt;init&gt;(Calculator.java:6)
	at io.michaelcane.Commands.&lt;init&gt;(Commands.java:5)
	at io.michaelcane.Calculator.&lt;init&gt;(Calculator.java:6)
	at io.michaelcane.Commands.&lt;init&gt;(Commands.java:5)
	at io.michaelcane.Calculator.&lt;init&gt;(Calculator.java:6)
	at io.michaelcane.Commands.&lt;init&gt;(Commands.java:5)
	at io.michaelcane.Calculator.&lt;init&gt;(Calculator.java:6)
	at io.michaelcane.Commands.&lt;init&gt;(Commands.java:5)
	at io.michaelcane.Calculator.&lt;init&gt;(Calculator.java:6)
	at io.michaelcane.Commands.&lt;init&gt;(Commands.java:5)
	at io.michaelcane.Calculator.&lt;init&gt;(Calculator.java:6)
	at io.michaelcane.Commands.&lt;init&gt;(Commands.java:5)
	at io.michaelcane.Calculator.&lt;init&gt;(Calculator.java:6)
	at io.michaelcane.Commands.&lt;init&gt;(Commands.java:5)
	at io.michaelcane.Calculator.&lt;init&gt;(Calculator.java:6)
	at io.michaelcane.Commands.&lt;init&gt;(Commands.java:5)
	at io.michaelcane.Calculator.&lt;init&gt;(Calculator.java:6)
	at io.michaelcane.Commands.&lt;init&gt;(Commands.java:5)
	at io.michaelcane.Calculator.&lt;init&gt;(Calculator.java:6)
	at io.michaelcane.Commands.&lt;init&gt;(Commands.java:5)
	at io.michaelcane.Calculator.&lt;init&gt;(Calculator.java:6)
	at io.michaelcane.Commands.&lt;init&gt;(Commands.java:5)
	at io.michaelcane.Calculator.&lt;init&gt;(Calculator.java:6)
	at io.michaelcane.Commands.&lt;init&gt;(Commands.java:5)
	at io.michaelcane.Calculator.&lt;init&gt;(Calculator.java:6)
	at io.michaelcane.Commands.&lt;init&gt;(Commands.java:5)
	at io.michaelcane.Calculator.&lt;init&gt;(Calculator.java:6)
	at io.michaelcane.Commands.&lt;init&gt;(Commands.java:5)
	at io.michaelcane.Calculator.&lt;init&gt;(Calculator.java:6)
	at io.michaelcane.Commands.&lt;init&gt;(Commands.java:5)
	at io.michaelcane.Calculator.&lt;init&gt;(Calculator.java:6)
	at io.michaelcane.Commands.&lt;init&gt;(Commands.java:5)
	at io.michaelcane.Calculator.&lt;init&gt;(Calculator.java:6)
	at io.michaelcane.Commands.&lt;init&gt;(Commands.java:5)
	at io.michaelcane.Calculator.&lt;init&gt;(Calculator.java:6)
	at io.michaelcane.Commands.&lt;init&gt;(Commands.java:5)
	at io.michaelcane.Calculator.&lt;init&gt;(Calculator.java:6)
	at io.michaelcane.Commands.&lt;init&gt;(Commands.java:5)
	at io.michaelcane.Calculator.&lt;init&gt;(Calculator.java:6)
	at io.michaelcane.Commands.&lt;init&gt;(Commands.java:5)
	at io.michaelcane.Calculator.&lt;init&gt;(Calculator.java:6)
	at io.michaelcane.Commands.&lt;init&gt;(Commands.java:5)
	at io.michaelcane.Calculator.&lt;init&gt;(Calculator.java:6)
	at io.michaelcane.Commands.&lt;init&gt;(Commands.java:5)
	at io.michaelcane.Calculator.&lt;init&gt;(Calculator.java:6)
	at io.michaelcane.Commands.&lt;init&gt;(Commands.java:5)
	at io.michaelcane.Calculator.&lt;init&gt;(Calculator.java:6)
	at io.michaelcane.Commands.&lt;init&gt;(Commands.java:5)
	at io.michaelcane.Calculator.&lt;init&gt;(Calculator.java:6)
	at io.michaelcane.Commands.&lt;init&gt;(Commands.java:5)
	at io.michaelcane.Calculator.&lt;init&gt;(Calculator.java:6)
	at io.michaelcane.Commands.&lt;init&gt;(Commands.java:5)
	at io.michaelcane.Calculator.&lt;init&gt;(Calculator.java:6)
	at io.michaelcane.Commands.&lt;init&gt;(Commands.java:5)
	at io.michaelcane.Calculator.&lt;init&gt;(Calculator.java:6)
	at io.michaelcane.Commands.&lt;init&gt;(Commands.java:5)
	at io.michaelcane.Calculator.&lt;init&gt;(Calculator.java:6)
	at io.michaelcane.Commands.&lt;init&gt;(Commands.java:5)
	at io.michaelcane.Calculator.&lt;init&gt;(Calculator.java:6)
	at io.michaelcane.Commands.&lt;init&gt;(Commands.java:5)
	at io.michaelcane.Calculator.&lt;init&gt;(Calculator.java:6)
	at io.michaelcane.Commands.&lt;init&gt;(Commands.java:5)
	at io.michaelcane.Calculator.&lt;init&gt;(Calculator.java:6)
	at io.michaelcane.Commands.&lt;init&gt;(Commands.java:5)
	at io.michaelcane.Calculator.&lt;init&gt;(Calculator.java:6)
	at io.michaelcane.Commands.&lt;init&gt;(Commands.java:5)
	at io.michaelcane.Calculator.&lt;init&gt;(Calculator.java:6)
	at io.michaelcane.Commands.&lt;init&gt;(Commands.java:5)
	at io.michaelcane.Calculator.&lt;init&gt;(Calculator.java:6)
	at io.michaelcane.Commands.&lt;init&gt;(Commands.java:5)
	at io.michaelcane.Calculator.&lt;init&gt;(Calculator.java:6)
	at io.michaelcane.Commands.&lt;init&gt;(Commands.java:5)
	at io.michaelcane.Calculator.&lt;init&gt;(Calculator.java:6)
	at io.michaelcane.Commands.&lt;init&gt;(Commands.java:5)
	at io.michaelcane.Calculator.&lt;init&gt;(Calculator.java:6)
	at io.michaelcane.Commands.&lt;init&gt;(Commands.java:5)
	at io.michaelcane.Calculator.&lt;init&gt;(Calculator.java:6)
	at io.michaelcane.Commands.&lt;init&gt;(Commands.java:5)
	at io.michaelcane.Calculator.&lt;init&gt;(Calculator.java:6)
	at io.michaelcane.Commands.&lt;init&gt;(Commands.java:5)
	at io.michaelcane.Calculator.&lt;init&gt;(Calculator.java:6)
	at io.michaelcane.Commands.&lt;init&gt;(Commands.java:5)
	at io.michaelcane.Calculator.&lt;init&gt;(Calculator.java:6)
	at io.michaelcane.Commands.&lt;init&gt;(Commands.java:5)
	at io.michaelcane.Calculator.&lt;init&gt;(Calculator.java:6)
	at io.michaelcane.Commands.&lt;init&gt;(Commands.java:5)
	at io.michaelcane.Calculator.&lt;init&gt;(Calculator.java:6)
	at io.michaelcane.Commands.&lt;init&gt;(Commands.java:5)
	at io.michaelcane.Calculator.&lt;init&gt;(Calculator.java:6)
	at io.michaelcane.Commands.&lt;init&gt;(Commands.java:5)
	at io.michaelcane.Calculator.&lt;init&gt;(Calculator.java:6)
	at io.michaelcane.Commands.&lt;init&gt;(Commands.java:5)
	at io.michaelcane.Calculator.&lt;init&gt;(Calculator.java:6)
	at io.michaelcane.Commands.&lt;init&gt;(Commands.java:5)
	at io.michaelcane.Calculator.&lt;init&gt;(Calculator.java:6)
	at io.michaelcane.Commands.&lt;init&gt;(Commands.java:5)
	at io.michaelcane.Calculator.&lt;init&gt;(Calculator.java:6)
	at io.michaelcane.Commands.&lt;init&gt;(Commands.java:5)
	at io.michaelcane.Calculator.&lt;init&gt;(Calculator.java:6)
	at io.michaelcane.Commands.&lt;init&gt;(Commands.java:5)
	at io.michaelcane.Calculator.&lt;init&gt;(Calculator.java:6)
	at io.michaelcane.Commands.&lt;init&gt;(Commands.java:5)
	at io.michaelcane.Calculator.&lt;init&gt;(Calculator.java:6)
	at io.michaelcane.Commands.&lt;init&gt;(Commands.java:5)
	at io.michaelcane.Calculator.&lt;init&gt;(Calculator.java:6)
	at io.michaelcane.Commands.&lt;init&gt;(Commands.java:5)
	at io.michaelcane.Calculator.&lt;init&gt;(Calculator.java:6)
	at io.michaelcane.Commands.&lt;init&gt;(Commands.java:5)
	at io.michaelcane.Calculator.&lt;init&gt;(Calculator.java:6)
	at io.michaelcane.Commands.&lt;init&gt;(Commands.java:5)
	at io.michaelcane.Calculator.&lt;init&gt;(Calculator.java:6)
	at io.michaelcane.Commands.&lt;init&gt;(Commands.java:5)
	at io.michaelcane.Calculator.&lt;init&gt;(Calculator.java:6)
	at io.michaelcane.Commands.&lt;init&gt;(Commands.java:5)
	at io.michaelcane.Calculator.&lt;init&gt;(Calculator.java:6)
	at io.michaelcane.Commands.&lt;init&gt;(Commands.java:5)
	at io.michaelcane.Calculator.&lt;init&gt;(Calculator.java:6)
	at io.michaelcane.Commands.&lt;init&gt;(Commands.java:5)
	at io.michaelcane.Calculator.&lt;init&gt;(Calculator.java:6)
	at io.michaelcane.Commands.&lt;init&gt;(Commands.java:5)
	at io.michaelcane.Calculator.&lt;init&gt;(Calculator.java:6)
	at io.michaelcane.Commands.&lt;init&gt;(Commands.java:5)
	at io.michaelcane.Calculator.&lt;init&gt;(Calculator.java:6)
	at io.michaelcane.Commands.&lt;init&gt;(Commands.java:5)
	at io.michaelcane.Calculator.&lt;init&gt;(Calculator.java:6)
	at io.michaelcane.Commands.&lt;init&gt;(Commands.java:5)
	at io.michaelcane.Calculator.&lt;init&gt;(Calculator.java:6)
	at io.michaelcane.Commands.&lt;init&gt;(Commands.java:5)
	at io.michaelcane.Calculator.&lt;init&gt;(Calculator.java:6)
	at io.michaelcane.Commands.&lt;init&gt;(Commands.java:5)
	at io.michaelcane.Calculator.&lt;init&gt;(Calculator.java:6)
	at io.michaelcane.Commands.&lt;init&gt;(Commands.java:5)
	at io.michaelcane.Calculator.&lt;init&gt;(Calculator.java:6)
	at io.michaelcane.Commands.&lt;init&gt;(Commands.java:5)
	at io.michaelcane.Calculator.&lt;init&gt;(Calculator.java:6)
	at io.michaelcane.Commands.&lt;init&gt;(Commands.java:5)
	at io.michaelcane.Calculator.&lt;init&gt;(Calculator.java:6)
	at io.michaelcane.Commands.&lt;init&gt;(Commands.java:5)
	at io.michaelcane.Calculator.&lt;init&gt;(Calculator.java:6)
	at io.michaelcane.Commands.&lt;init&gt;(Commands.java:5)
	at io.michaelcane.Calculator.&lt;init&gt;(Calculator.java:6)
	at io.michaelcane.Commands.&lt;init&gt;(Commands.java:5)
	at io.michaelcane.Calculator.&lt;init&gt;(Calculator.java:6)
	at io.michaelcane.Commands.&lt;init&gt;(Commands.java:5)
	at io.michaelcane.Calculator.&lt;init&gt;(Calculator.java:6)
	at io.michaelcane.Commands.&lt;init&gt;(Commands.java:5)
	at io.michaelcane.Calculator.&lt;init&gt;(Calculator.java:6)
	at io.michaelcane.Commands.&lt;init&gt;(Commands.java:5)
	at io.michaelcane.Calculator.&lt;init&gt;(Calculator.java:6)
	at io.michaelcane.Commands.&lt;init&gt;(Commands.java:5)
	at io.michaelcane.Calculator.&lt;init&gt;(Calculator.java:6)
	at io.michaelcane.Commands.&lt;init&gt;(Commands.java:5)
	at io.michaelcane.Calculator.&lt;init&gt;(Calculator.java:6)
	at io.michaelcane.Commands.&lt;init&gt;(Commands.java:5)
	at io.michaelcane.Calculator.&lt;init&gt;(Calculator.java:6)
	at io.michaelcane.Commands.&lt;init&gt;(Commands.java:5)
	at io.michaelcane.Calculator.&lt;init&gt;(Calculator.java:6)
	at io.michaelcane.Commands.&lt;init&gt;(Commands.java:5)
	at io.michaelcane.Calculator.&lt;init&gt;(Calculator.java:6)
	at io.michaelcane.Commands.&lt;init&gt;(Commands.java:5)
	at io.michaelcane.Calculator.&lt;init&gt;(Calculator.java:6)
	at io.michaelcane.Commands.&lt;init&gt;(Commands.java:5)
	at io.michaelcane.Calculator.&lt;init&gt;(Calculator.java:6)
	at io.michaelcane.Commands.&lt;init&gt;(Commands.java:5)
	at io.michaelcane.Calculator.&lt;init&gt;(Calculator.java:6)
	at io.michaelcane.Commands.&lt;init&gt;(Commands.java:5)
	at io.michaelcane.Calculator.&lt;init&gt;(Calculator.java:6)
	at io.michaelcane.Commands.&lt;init&gt;(Commands.java:5)
	at io.michaelcane.Calculator.&lt;init&gt;(Calculator.java:6)
	at io.michaelcane.Commands.&lt;init&gt;(Commands.java:5)
	at io.michaelcane.Calculator.&lt;init&gt;(Calculator.java:6)
	at io.michaelcane.Commands.&lt;init&gt;(Commands.java:5)
	at io.michaelcane.Calculator.&lt;init&gt;(Calculator.java:6)
	at io.michaelcane.Commands.&lt;init&gt;(Commands.java:5)
	at io.michaelcane.Calculator.&lt;init&gt;(Calculator.java:6)
	at io.michaelcane.Commands.&lt;init&gt;(Commands.java:5)
	at io.michaelcane.Calculator.&lt;init&gt;(Calculator.java:6)
	at io.michaelcane.Commands.&lt;init&gt;(Commands.java:5)
	at io.michaelcane.Calculator.&lt;init&gt;(Calculator.java:6)
	at io.michaelcane.Commands.&lt;init&gt;(Commands.java:5)
	at io.michaelcane.Calculator.&lt;init&gt;(Calculator.java:6)
	at io.michaelcane.Commands.&lt;init&gt;(Commands.java:5)
	at io.michaelcane.Calculator.&lt;init&gt;(Calculator.java:6)
	at io.michaelcane.Commands.&lt;init&gt;(Commands.java:5)
	at io.michaelcane.Calculator.&lt;init&gt;(Calculator.java:6)
	at io.michaelcane.Commands.&lt;init&gt;(Commands.java:5)
	at io.michaelcane.Calculator.&lt;init&gt;(Calculator.java:6)
	at io.michaelcane.Commands.&lt;init&gt;(Commands.java:5)
	at io.michaelcane.Calculator.&lt;init&gt;(Calculator.java:6)
	at io.michaelcane.Commands.&lt;init&gt;(Commands.java:5)
	at io.michaelcane.Calculator.&lt;init&gt;(Calculator.java:6)
	at io.michaelcane.Commands.&lt;init&gt;(Commands.java:5)
	at io.michaelcane.Calculator.&lt;init&gt;(Calculator.java:6)
	at io.michaelcane.Commands.&lt;init&gt;(Commands.java:5)
	at io.michaelcane.Calculator.&lt;init&gt;(Calculator.java:6)
	at io.michaelcane.Commands.&lt;init&gt;(Commands.java:5)
	at io.michaelcane.Calculator.&lt;init&gt;(Calculator.java:6)
	at io.michaelcane.Commands.&lt;init&gt;(Commands.java:5)
	at io.michaelcane.Calculator.&lt;init&gt;(Calculator.java:6)
	at io.michaelcane.Commands.&lt;init&gt;(Commands.java:5)
	at io.michaelcane.Calculator.&lt;init&gt;(Calculator.java:6)
	at io.michaelcane.Commands.&lt;init&gt;(Commands.java:5)
	at io.michaelcane.Calculator.&lt;init&gt;(Calculator.java:6)
	at io.michaelcane.Commands.&lt;init&gt;(Commands.java:5)
	at io.michaelcane.Calculator.&lt;init&gt;(Calculator.java:6)
	at io.michaelcane.Commands.&lt;init&gt;(Commands.java:5)
	at io.michaelcane.Calculator.&lt;init&gt;(Calculator.java:6)
	at io.michaelcane.Commands.&lt;init&gt;(Commands.java:5)
	at io.michaelcane.Calculator.&lt;init&gt;(Calculator.java:6)
	at io.michaelcane.Commands.&lt;init&gt;(Commands.java:5)
	at io.michaelcane.Calculator.&lt;init&gt;(Calculator.java:6)
	at io.michaelcane.Commands.&lt;init&gt;(Commands.java:5)
	at io.michaelcane.Calculator.&lt;init&gt;(Calculator.java:6)
	at io.michaelcane.Commands.&lt;init&gt;(Commands.java:5)
	at io.michaelcane.Calculator.&lt;init&gt;(Calculator.java:6)
	at io.michaelcane.Commands.&lt;init&gt;(Commands.java:5)
	at io.michaelcane.Calculator.&lt;init&gt;(Calculator.java:6)
	at io.michaelcane.Commands.&lt;init&gt;(Commands.java:5)
	at io.michaelcane.Calculator.&lt;init&gt;(Calculator.java:6)
	at io.michaelcane.Commands.&lt;init&gt;(Commands.java:5)
	at io.michaelcane.Calculator.&lt;init&gt;(Calculator.java:6)
	at io.michaelcane.Commands.&lt;init&gt;(Commands.java:5)
	at io.michaelcane.Calculator.&lt;init&gt;(Calculator.java:6)
	at io.michaelcane.Commands.&lt;init&gt;(Commands.java:5)
	at io.michaelcane.Calculator.&lt;init&gt;(Calculator.java:6)
	at io.michaelcane.Commands.&lt;init&gt;(Commands.java:5)
	at io.michaelcane.Calculator.&lt;init&gt;(Calculator.java:6)
	at io.michaelcane.Commands.&lt;init&gt;(Commands.java:5)
	at io.michaelcane.Calculator.&lt;init&gt;(Calculator.java:6)
	at io.michaelcane.Commands.&lt;init&gt;(Commands.java:5)
	at io.michaelcane.Calculator.&lt;init&gt;(Calculator.java:6)
	at io.michaelcane.Commands.&lt;init&gt;(Commands.java:5)
	at io.michaelcane.Calculator.&lt;init&gt;(Calculator.java:6)
	at io.michaelcane.Commands.&lt;init&gt;(Commands.java:5)
	at io.michaelcane.Calculator.&lt;init&gt;(Calculator.java:6)
	at io.michaelcane.Commands.&lt;init&gt;(Commands.java:5)
	at io.michaelcane.Calculator.&lt;init&gt;(Calculator.java:6)
	at io.michaelcane.Commands.&lt;init&gt;(Commands.java:5)
	at io.michaelcane.Calculator.&lt;init&gt;(Calculator.java:6)
	at io.michaelcane.Commands.&lt;init&gt;(Commands.java:5)
	at io.michaelcane.Calculator.&lt;init&gt;(Calculator.java:6)
	at io.michaelcane.Commands.&lt;init&gt;(Commands.java:5)
	at io.michaelcane.Calculator.&lt;init&gt;(Calculator.java:6)
	at io.michaelcane.Commands.&lt;init&gt;(Commands.java:5)
	at io.michaelcane.Calculator.&lt;init&gt;(Calculator.java:6)
	at io.michaelcane.Commands.&lt;init&gt;(Commands.java:5)
	at io.michaelcane.Calculator.&lt;init&gt;(Calculator.java:6)
	at io.michaelcane.Commands.&lt;init&gt;(Commands.java:5)
	at io.michaelcane.Calculator.&lt;init&gt;(Calculator.java:6)
	at io.michaelcane.Commands.&lt;init&gt;(Commands.java:5)
	at io.michaelcane.Calculator.&lt;init&gt;(Calculator.java:6)
	at io.michaelcane.Commands.&lt;init&gt;(Commands.java:5)
	at io.michaelcane.Calculator.&lt;init&gt;(Calculator.java:6)
	at io.michaelcane.Commands.&lt;init&gt;(Commands.java:5)
	at io.michaelcane.Calculator.&lt;init&gt;(Calculator.java:6)
	at io.michaelcane.Commands.&lt;init&gt;(Commands.java:5)
	at io.michaelcane.Calculator.&lt;init&gt;(Calculator.java:6)
	at io.michaelcane.Commands.&lt;init&gt;(Commands.java:5)
	at io.michaelcane.Calculator.&lt;init&gt;(Calculator.java:6)
	at io.michaelcane.Commands.&lt;init&gt;(Commands.java:5)
	at io.michaelcane.Calculator.&lt;init&gt;(Calculator.java:6)
	at io.michaelcane.Commands.&lt;init&gt;(Commands.java:5)
	at io.michaelcane.Calculator.&lt;init&gt;(Calculator.java:6)
	at io.michaelcane.Commands.&lt;init&gt;(Commands.java:5)
	at io.michaelcane.Calculator.&lt;init&gt;(Calculator.java:6)
	at io.michaelcane.Commands.&lt;init&gt;(Commands.java:5)
	at io.michaelcane.Calculator.&lt;init&gt;(Calculator.java:6)
	at io.michaelcane.Commands.&lt;init&gt;(Commands.java:5)
	at io.michaelcane.Calculator.&lt;init&gt;(Calculator.java:6)
	at io.michaelcane.Commands.&lt;init&gt;(Commands.java:5)
	at io.michaelcane.Calculator.&lt;init&gt;(Calculator.java:6)
	at io.michaelcane.Commands.&lt;init&gt;(Commands.java:5)
	at io.michaelcane.Calculator.&lt;init&gt;(Calculator.java:6)
	at io.michaelcane.Commands.&lt;init&gt;(Commands.java:5)
	at io.michaelcane.Calculator.&lt;init&gt;(Calculator.java:6)
	at io.michaelcane.Commands.&lt;init&gt;(Commands.java:5)
	at io.michaelcane.Calculator.&lt;init&gt;(Calculator.java:6)
	at io.michaelcane.Commands.&lt;init&gt;(Commands.java:5)
	at io.michaelcane.Calculator.&lt;init&gt;(Calculator.java:6)
	at io.michaelcane.Commands.&lt;init&gt;(Commands.java:5)
	at io.michaelcane.Calculator.&lt;init&gt;(Calculator.java:6)
	at io.michaelcane.Commands.&lt;init&gt;(Commands.java:5)
	at io.michaelcane.Calculator.&lt;init&gt;(Calculator.java:6)
	at io.michaelcane.Commands.&lt;init&gt;(Commands.java:5)
	at io.michaelcane.Calculator.&lt;init&gt;(Calculator.java:6)
	at io.michaelcane.Commands.&lt;init&gt;(Commands.java:5)
	at io.michaelcane.Calculator.&lt;init&gt;(Calculator.java:6)
	at io.michaelcane.Commands.&lt;init&gt;(Commands.java:5)
	at io.michaelcane.Calculator.&lt;init&gt;(Calculator.java:6)
	at io.michaelcane.Commands.&lt;init&gt;(Commands.java:5)
	at io.michaelcane.Calculator.&lt;init&gt;(Calculator.java:6)
	at io.michaelcane.Commands.&lt;init&gt;(Commands.java:5)
	at io.michaelcane.Calculator.&lt;init&gt;(Calculator.java:6)
	at io.michaelcane.Commands.&lt;init&gt;(Commands.java:5)
	at io.michaelcane.Calculator.&lt;init&gt;(Calculator.java:6)
	at io.michaelcane.Commands.&lt;init&gt;(Commands.java:5)
	at io.michaelcane.Calculator.&lt;init&gt;(Calculator.java:6)
	at io.michaelcane.Commands.&lt;init&gt;(Commands.java:5)
	at io.michaelcane.Calculator.&lt;init&gt;(Calculator.java:6)
	at io.michaelcane.Commands.&lt;init&gt;(Commands.java:5)
	at io.michaelcane.Calculator.&lt;init&gt;(Calculator.java:6)
	at io.michaelcane.Commands.&lt;init&gt;(Commands.java:5)
	at io.michaelcane.Calculator.&lt;init&gt;(Calculator.java:6)
	at io.michaelcane.Commands.&lt;init&gt;(Commands.java:5)
	at io.michaelcane.Calculator.&lt;init&gt;(Calculator.java:6)
	at io.michaelcane.Commands.&lt;init&gt;(Commands.java:5)
	at io.michaelcane.Calculator.&lt;init&gt;(Calculator.java:6)
	at io.michaelcane.Commands.&lt;init&gt;(Commands.java:5)
	at io.michaelcane.Calculator.&lt;init&gt;(Calculator.java:6)
	at io.michaelcane.Commands.&lt;init&gt;(Commands.java:5)
	at io.michaelcane.Calculator.&lt;init&gt;(Calculator.java:6)
	at io.michaelcane.Commands.&lt;init&gt;(Commands.java:5)
	at io.michaelcane.Calculator.&lt;init&gt;(Calculator.java:6)
	at io.michaelcane.Commands.&lt;init&gt;(Commands.java:5)
	at io.michaelcane.Calculator.&lt;init&gt;(Calculator.java:6)
	at io.michaelcane.Commands.&lt;init&gt;(Commands.java:5)
	at io.michaelcane.Calculator.&lt;init&gt;(Calculator.java:6)
	at io.michaelcane.Commands.&lt;init&gt;(Commands.java:5)
	at io.michaelcane.Calculator.&lt;init&gt;(Calculator.java:6)
	at io.michaelcane.Commands.&lt;init&gt;(Commands.java:5)
	at io.michaelcane.Calculator.&lt;init&gt;(Calculator.java:6)
	at io.michaelcane.Commands.&lt;init&gt;(Commands.java:5)
	at io.michaelcane.Calculator.&lt;init&gt;(Calculator.java:6)
	at io.michaelcane.Commands.&lt;init&gt;(Commands.java:5)
	at io.michaelcane.Calculator.&lt;init&gt;(Calculator.java:6)
	at io.michaelcane.Commands.&lt;init&gt;(Commands.java:5)
	at io.michaelcane.Calculator.&lt;init&gt;(Calculator.java:6)
	at io.michaelcane.Commands.&lt;init&gt;(Commands.java:5)
	at io.michaelcane.Calculator.&lt;init&gt;(Calculator.java:6)
	at io.michaelcane.Commands.&lt;init&gt;(Commands.java:5)
	at io.michaelcane.Calculator.&lt;init&gt;(Calculator.java:6)
	at io.michaelcane.Commands.&lt;init&gt;(Commands.java:5)
	at io.michaelcane.Calculator.&lt;init&gt;(Calculator.java:6)
	at io.michaelcane.Commands.&lt;init&gt;(Commands.java:5)
	at io.michaelcane.Calculator.&lt;init&gt;(Calculator.java:6)
	at io.michaelcane.Commands.&lt;init&gt;(Commands.java:5)
	at io.michaelcane.Calculator.&lt;init&gt;(Calculator.java:6)
	at io.michaelcane.Commands.&lt;init&gt;(Commands.java:5)
	at io.michaelcane.Calculator.&lt;init&gt;(Calculator.java:6)
	at io.michaelcane.Commands.&lt;init&gt;(Commands.java:5)
	at io.michaelcane.Calculator.&lt;init&gt;(Calculator.java:6)
	at io.michaelcane.Commands.&lt;init&gt;(Commands.java:5)
	at io.michaelcane.Calculator.&lt;init&gt;(Calculator.java:6)
	at io.michaelcane.Commands.&lt;init&gt;(Commands.java:5)
	at io.michaelcane.Calculator.&lt;init&gt;(Calculator.java:6)
	at io.michaelcane.Commands.&lt;init&gt;(Commands.java:5)
	at io.michaelcane.Calculator.&lt;init&gt;(Calculator.java:6)
	at io.michaelcane.Commands.&lt;init&gt;(Commands.java:5)
	at io.michaelcane.Calculator.&lt;init&gt;(Calculator.java:6)
	at io.michaelcane.Commands.&lt;init&gt;(Commands.java:5)
	at io.michaelcane.Calculator.&lt;init&gt;(Calculator.java:6)
	at io.michaelcane.Commands.&lt;init&gt;(Commands.java:5)
	at io.michaelcane.Calculator.&lt;init&gt;(Calculator.java:6)
	at io.michaelcane.Commands.&lt;init&gt;(Commands.java:5)
	at io.michaelcane.Calculator.&lt;init&gt;(Calculator.java:6)
	at io.michaelcane.Commands.&lt;init&gt;(Commands.java:5)
	at io.michaelcane.Calculator.&lt;init&gt;(Calculator.java:6)
	at io.michaelcane.Commands.&lt;init&gt;(Commands.java:5)
	at io.michaelcane.Calculator.&lt;init&gt;(Calculator.java:6)
	at io.michaelcane.Commands.&lt;init&gt;(Commands.java:5)
	at io.michaelcane.Calculator.&lt;init&gt;(Calculator.java:6)
	at io.michaelcane.Commands.&lt;init&gt;(Commands.java:5)
	at io.michaelcane.Calculator.&lt;init&gt;(Calculator.java:6)
	at io.michaelcane.Commands.&lt;init&gt;(Commands.java:5)
	at io.michaelcane.Calculator.&lt;init&gt;(Calculator.java:6)
	at io.michaelcane.Commands.&lt;init&gt;(Commands.java:5)
	at io.michaelcane.Calculator.&lt;init&gt;(Calculator.java:6)
	at io.michaelcane.Commands.&lt;init&gt;(Commands.java:5)
	at io.michaelcane.Calculator.&lt;init&gt;(Calculator.java:6)
	at io.michaelcane.Commands.&lt;init&gt;(Commands.java:5)
	at io.michaelcane.Calculator.&lt;init&gt;(Calculator.java:6)
	at io.michaelcane.Commands.&lt;init&gt;(Commands.java:5)
	at io.michaelcane.Calculator.&lt;init&gt;(Calculator.java:6)
	at io.michaelcane.Commands.&lt;init&gt;(Commands.java:5)
	at io.michaelcane.Calculator.&lt;init&gt;(Calculator.java:6)
	at io.michaelcane.Commands.&lt;init&gt;(Commands.java:5)
	at io.michaelcane.Calculator.&lt;init&gt;(Calculator.java:6)
	at io.michaelcane.Commands.&lt;init&gt;(Commands.java:5)
	at io.michaelcane.Calculator.&lt;init&gt;(Calculator.java:6)
	at io.michaelcane.Commands.&lt;init&gt;(Commands.java:5)
	at io.michaelcane.Calculator.&lt;init&gt;(Calculator.java:6)
	at io.michaelcane.Commands.&lt;init&gt;(Commands.java:5)
</error>
  </testcase>
  <testcase classname="io.michaelcane.CalculatorSpec" name="test$multiply" time="0.023">
    <error type="java.lang.StackOverflowError">java.lang.StackOverflowError
	at io.michaelcane.Calculator.&lt;init&gt;(Calculator.java:6)
	at io.michaelcane.Commands.&lt;init&gt;(Commands.java:5)
	at io.michaelcane.Calculator.&lt;init&gt;(Calculator.java:6)
	at io.michaelcane.Commands.&lt;init&gt;(Commands.java:5)
	at io.michaelcane.Calculator.&lt;init&gt;(Calculator.java:6)
	at io.michaelcane.Commands.&lt;init&gt;(Commands.java:5)
	at io.michaelcane.Calculator.&lt;init&gt;(Calculator.java:6)
	at io.michaelcane.Commands.&lt;init&gt;(Commands.java:5)
	at io.michaelcane.Calculator.&lt;init&gt;(Calculator.java:6)
	at io.michaelcane.Commands.&lt;init&gt;(Commands.java:5)
	at io.michaelcane.Calculator.&lt;init&gt;(Calculator.java:6)
	at io.michaelcane.Commands.&lt;init&gt;(Commands.java:5)
	at io.michaelcane.Calculator.&lt;init&gt;(Calculator.java:6)
	at io.michaelcane.Commands.&lt;init&gt;(Commands.java:5)
	at io.michaelcane.Calculator.&lt;init&gt;(Calculator.java:6)
	at io.michaelcane.Commands.&lt;init&gt;(Commands.java:5)
	at io.michaelcane.Calculator.&lt;init&gt;(Calculator.java:6)
	at io.michaelcane.Commands.&lt;init&gt;(Commands.java:5)
	at io.michaelcane.Calculator.&lt;init&gt;(Calculator.java:6)
	at io.michaelcane.Commands.&lt;init&gt;(Commands.java:5)
	at io.michaelcane.Calculator.&lt;init&gt;(Calculator.java:6)
	at io.michaelcane.Commands.&lt;init&gt;(Commands.java:5)
	at io.michaelcane.Calculator.&lt;init&gt;(Calculator.java:6)
	at io.michaelcane.Commands.&lt;init&gt;(Commands.java:5)
	at io.michaelcane.Calculator.&lt;init&gt;(Calculator.java:6)
	at io.michaelcane.Commands.&lt;init&gt;(Commands.java:5)
	at io.michaelcane.Calculator.&lt;init&gt;(Calculator.java:6)
	at io.michaelcane.Commands.&lt;init&gt;(Commands.java:5)
	at io.michaelcane.Calculator.&lt;init&gt;(Calculator.java:6)
	at io.michaelcane.Commands.&lt;init&gt;(Commands.java:5)
	at io.michaelcane.Calculator.&lt;init&gt;(Calculator.java:6)
	at io.michaelcane.Commands.&lt;init&gt;(Commands.java:5)
	at io.michaelcane.Calculator.&lt;init&gt;(Calculator.java:6)
	at io.michaelcane.Commands.&lt;init&gt;(Commands.java:5)
	at io.michaelcane.Calculator.&lt;init&gt;(Calculator.java:6)
	at io.michaelcane.Commands.&lt;init&gt;(Commands.java:5)
	at io.michaelcane.Calculator.&lt;init&gt;(Calculator.java:6)
	at io.michaelcane.Commands.&lt;init&gt;(Commands.java:5)
	at io.michaelcane.Calculator.&lt;init&gt;(Calculator.java:6)
	at io.michaelcane.Commands.&lt;init&gt;(Commands.java:5)
	at io.michaelcane.Calculator.&lt;init&gt;(Calculator.java:6)
	at io.michaelcane.Commands.&lt;init&gt;(Commands.java:5)
	at io.michaelcane.Calculator.&lt;init&gt;(Calculator.java:6)
	at io.michaelcane.Commands.&lt;init&gt;(Commands.java:5)
	at io.michaelcane.Calculator.&lt;init&gt;(Calculator.java:6)
	at io.michaelcane.Commands.&lt;init&gt;(Commands.java:5)
	at io.michaelcane.Calculator.&lt;init&gt;(Calculator.java:6)
	at io.michaelcane.Commands.&lt;init&gt;(Commands.java:5)
	at io.michaelcane.Calculator.&lt;init&gt;(Calculator.java:6)
	at io.michaelcane.Commands.&lt;init&gt;(Commands.java:5)
	at io.michaelcane.Calculator.&lt;init&gt;(Calculator.java:6)
	at io.michaelcane.Commands.&lt;init&gt;(Commands.java:5)
	at io.michaelcane.Calculator.&lt;init&gt;(Calculator.java:6)
	at io.michaelcane.Commands.&lt;init&gt;(Commands.java:5)
	at io.michaelcane.Calculator.&lt;init&gt;(Calculator.java:6)
	at io.michaelcane.Commands.&lt;init&gt;(Commands.java:5)
	at io.michaelcane.Calculator.&lt;init&gt;(Calculator.java:6)
	at io.michaelcane.Commands.&lt;init&gt;(Commands.java:5)
	at io.michaelcane.Calculator.&lt;init&gt;(Calculator.java:6)
	at io.michaelcane.Commands.&lt;init&gt;(Commands.java:5)
	at io.michaelcane.Calculator.&lt;init&gt;(Calculator.java:6)
	at io.michaelcane.Commands.&lt;init&gt;(Commands.java:5)
	at io.michaelcane.Calculator.&lt;init&gt;(Calculator.java:6)
	at io.michaelcane.Commands.&lt;init&gt;(Commands.java:5)
	at io.michaelcane.Calculator.&lt;init&gt;(Calculator.java:6)
	at io.michaelcane.Commands.&lt;init&gt;(Commands.java:5)
	at io.michaelcane.Calculator.&lt;init&gt;(Calculator.java:6)
	at io.michaelcane.Commands.&lt;init&gt;(Commands.java:5)
	at io.michaelcane.Calculator.&lt;init&gt;(Calculator.java:6)
	at io.michaelcane.Commands.&lt;init&gt;(Commands.java:5)
	at io.michaelcane.Calculator.&lt;init&gt;(Calculator.java:6)
	at io.michaelcane.Commands.&lt;init&gt;(Commands.java:5)
	at io.michaelcane.Calculator.&lt;init&gt;(Calculator.java:6)
	at io.michaelcane.Commands.&lt;init&gt;(Commands.java:5)
	at io.michaelcane.Calculator.&lt;init&gt;(Calculator.java:6)
	at io.michaelcane.Commands.&lt;init&gt;(Commands.java:5)
	at io.michaelcane.Calculator.&lt;init&gt;(Calculator.java:6)
	at io.michaelcane.Commands.&lt;init&gt;(Commands.java:5)
	at io.michaelcane.Calculator.&lt;init&gt;(Calculator.java:6)
	at io.michaelcane.Commands.&lt;init&gt;(Commands.java:5)
	at io.michaelcane.Calculator.&lt;init&gt;(Calculator.java:6)
	at io.michaelcane.Commands.&lt;init&gt;(Commands.java:5)
	at io.michaelcane.Calculator.&lt;init&gt;(Calculator.java:6)
	at io.michaelcane.Commands.&lt;init&gt;(Commands.java:5)
	at io.michaelcane.Calculator.&lt;init&gt;(Calculator.java:6)
	at io.michaelcane.Commands.&lt;init&gt;(Commands.java:5)
	at io.michaelcane.Calculator.&lt;init&gt;(Calculator.java:6)
	at io.michaelcane.Commands.&lt;init&gt;(Commands.java:5)
	at io.michaelcane.Calculator.&lt;init&gt;(Calculator.java:6)
	at io.michaelcane.Commands.&lt;init&gt;(Commands.java:5)
	at io.michaelcane.Calculator.&lt;init&gt;(Calculator.java:6)
	at io.michaelcane.Commands.&lt;init&gt;(Commands.java:5)
	at io.michaelcane.Calculator.&lt;init&gt;(Calculator.java:6)
	at io.michaelcane.Commands.&lt;init&gt;(Commands.java:5)
	at io.michaelcane.Calculator.&lt;init&gt;(Calculator.java:6)
	at io.michaelcane.Commands.&lt;init&gt;(Commands.java:5)
	at io.michaelcane.Calculator.&lt;init&gt;(Calculator.java:6)
	at io.michaelcane.Commands.&lt;init&gt;(Commands.java:5)
	at io.michaelcane.Calculator.&lt;init&gt;(Calculator.java:6)
	at io.michaelcane.Commands.&lt;init&gt;(Commands.java:5)
	at io.michaelcane.Calculator.&lt;init&gt;(Calculator.java:6)
	at io.michaelcane.Commands.&lt;init&gt;(Commands.java:5)
	at io.michaelcane.Calculator.&lt;init&gt;(Calculator.java:6)
	at io.michaelcane.Commands.&lt;init&gt;(Commands.java:5)
	at io.michaelcane.Calculator.&lt;init&gt;(Calculator.java:6)
	at io.michaelcane.Commands.&lt;init&gt;(Commands.java:5)
	at io.michaelcane.Calculator.&lt;init&gt;(Calculator.java:6)
	at io.michaelcane.Commands.&lt;init&gt;(Commands.java:5)
	at io.michaelcane.Calculator.&lt;init&gt;(Calculator.java:6)
	at io.michaelcane.Commands.&lt;init&gt;(Commands.java:5)
	at io.michaelcane.Calculator.&lt;init&gt;(Calculator.java:6)
	at io.michaelcane.Commands.&lt;init&gt;(Commands.java:5)
	at io.michaelcane.Calculator.&lt;init&gt;(Calculator.java:6)
	at io.michaelcane.Commands.&lt;init&gt;(Commands.java:5)
	at io.michaelcane.Calculator.&lt;init&gt;(Calculator.java:6)
	at io.michaelcane.Commands.&lt;init&gt;(Commands.java:5)
	at io.michaelcane.Calculator.&lt;init&gt;(Calculator.java:6)
	at io.michaelcane.Commands.&lt;init&gt;(Commands.java:5)
	at io.michaelcane.Calculator.&lt;init&gt;(Calculator.java:6)
	at io.michaelcane.Commands.&lt;init&gt;(Commands.java:5)
	at io.michaelcane.Calculator.&lt;init&gt;(Calculator.java:6)
	at io.michaelcane.Commands.&lt;init&gt;(Commands.java:5)
	at io.michaelcane.Calculator.&lt;init&gt;(Calculator.java:6)
	at io.michaelcane.Commands.&lt;init&gt;(Commands.java:5)
	at io.michaelcane.Calculator.&lt;init&gt;(Calculator.java:6)
	at io.michaelcane.Commands.&lt;init&gt;(Commands.java:5)
	at io.michaelcane.Calculator.&lt;init&gt;(Calculator.java:6)
	at io.michaelcane.Commands.&lt;init&gt;(Commands.java:5)
	at io.michaelcane.Calculator.&lt;init&gt;(Calculator.java:6)
	at io.michaelcane.Commands.&lt;init&gt;(Commands.java:5)
	at io.michaelcane.Calculator.&lt;init&gt;(Calculator.java:6)
	at io.michaelcane.Commands.&lt;init&gt;(Commands.java:5)
	at io.michaelcane.Calculator.&lt;init&gt;(Calculator.java:6)
	at io.michaelcane.Commands.&lt;init&gt;(Commands.java:5)
	at io.michaelcane.Calculator.&lt;init&gt;(Calculator.java:6)
	at io.michaelcane.Commands.&lt;init&gt;(Commands.java:5)
	at io.michaelcane.Calculator.&lt;init&gt;(Calculator.java:6)
	at io.michaelcane.Commands.&lt;init&gt;(Commands.java:5)
	at io.michaelcane.Calculator.&lt;init&gt;(Calculator.java:6)
	at io.michaelcane.Commands.&lt;init&gt;(Commands.java:5)
	at io.michaelcane.Calculator.&lt;init&gt;(Calculator.java:6)
	at io.michaelcane.Commands.&lt;init&gt;(Commands.java:5)
	at io.michaelcane.Calculator.&lt;init&gt;(Calculator.java:6)
	at io.michaelcane.Commands.&lt;init&gt;(Commands.java:5)
	at io.michaelcane.Calculator.&lt;init&gt;(Calculator.java:6)
	at io.michaelcane.Commands.&lt;init&gt;(Commands.java:5)
	at io.michaelcane.Calculator.&lt;init&gt;(Calculator.java:6)
	at io.michaelcane.Commands.&lt;init&gt;(Commands.java:5)
	at io.michaelcane.Calculator.&lt;init&gt;(Calculator.java:6)
	at io.michaelcane.Commands.&lt;init&gt;(Commands.java:5)
	at io.michaelcane.Calculator.&lt;init&gt;(Calculator.java:6)
	at io.michaelcane.Commands.&lt;init&gt;(Commands.java:5)
	at io.michaelcane.Calculator.&lt;init&gt;(Calculator.java:6)
	at io.michaelcane.Commands.&lt;init&gt;(Commands.java:5)
	at io.michaelcane.Calculator.&lt;init&gt;(Calculator.java:6)
	at io.michaelcane.Commands.&lt;init&gt;(Commands.java:5)
	at io.michaelcane.Calculator.&lt;init&gt;(Calculator.java:6)
	at io.michaelcane.Commands.&lt;init&gt;(Commands.java:5)
	at io.michaelcane.Calculator.&lt;init&gt;(Calculator.java:6)
	at io.michaelcane.Commands.&lt;init&gt;(Commands.java:5)
	at io.michaelcane.Calculator.&lt;init&gt;(Calculator.java:6)
	at io.michaelcane.Commands.&lt;init&gt;(Commands.java:5)
	at io.michaelcane.Calculator.&lt;init&gt;(Calculator.java:6)
	at io.michaelcane.Commands.&lt;init&gt;(Commands.java:5)
	at io.michaelcane.Calculator.&lt;init&gt;(Calculator.java:6)
	at io.michaelcane.Commands.&lt;init&gt;(Commands.java:5)
	at io.michaelcane.Calculator.&lt;init&gt;(Calculator.java:6)
	at io.michaelcane.Commands.&lt;init&gt;(Commands.java:5)
	at io.michaelcane.Calculator.&lt;init&gt;(Calculator.java:6)
	at io.michaelcane.Commands.&lt;init&gt;(Commands.java:5)
	at io.michaelcane.Calculator.&lt;init&gt;(Calculator.java:6)
	at io.michaelcane.Commands.&lt;init&gt;(Commands.java:5)
	at io.michaelcane.Calculator.&lt;init&gt;(Calculator.java:6)
	at io.michaelcane.Commands.&lt;init&gt;(Commands.java:5)
	at io.michaelcane.Calculator.&lt;init&gt;(Calculator.java:6)
	at io.michaelcane.Commands.&lt;init&gt;(Commands.java:5)
	at io.michaelcane.Calculator.&lt;init&gt;(Calculator.java:6)
	at io.michaelcane.Commands.&lt;init&gt;(Commands.java:5)
	at io.michaelcane.Calculator.&lt;init&gt;(Calculator.java:6)
	at io.michaelcane.Commands.&lt;init&gt;(Commands.java:5)
	at io.michaelcane.Calculator.&lt;init&gt;(Calculator.java:6)
	at io.michaelcane.Commands.&lt;init&gt;(Commands.java:5)
	at io.michaelcane.Calculator.&lt;init&gt;(Calculator.java:6)
	at io.michaelcane.Commands.&lt;init&gt;(Commands.java:5)
	at io.michaelcane.Calculator.&lt;init&gt;(Calculator.java:6)
	at io.michaelcane.Commands.&lt;init&gt;(Commands.java:5)
	at io.michaelcane.Calculator.&lt;init&gt;(Calculator.java:6)
	at io.michaelcane.Commands.&lt;init&gt;(Commands.java:5)
	at io.michaelcane.Calculator.&lt;init&gt;(Calculator.java:6)
	at io.michaelcane.Commands.&lt;init&gt;(Commands.java:5)
	at io.michaelcane.Calculator.&lt;init&gt;(Calculator.java:6)
	at io.michaelcane.Commands.&lt;init&gt;(Commands.java:5)
	at io.michaelcane.Calculator.&lt;init&gt;(Calculator.java:6)
	at io.michaelcane.Commands.&lt;init&gt;(Commands.java:5)
	at io.michaelcane.Calculator.&lt;init&gt;(Calculator.java:6)
	at io.michaelcane.Commands.&lt;init&gt;(Commands.java:5)
	at io.michaelcane.Calculator.&lt;init&gt;(Calculator.java:6)
	at io.michaelcane.Commands.&lt;init&gt;(Commands.java:5)
	at io.michaelcane.Calculator.&lt;init&gt;(Calculator.java:6)
	at io.michaelcane.Commands.&lt;init&gt;(Commands.java:5)
	at io.michaelcane.Calculator.&lt;init&gt;(Calculator.java:6)
	at io.michaelcane.Commands.&lt;init&gt;(Commands.java:5)
	at io.michaelcane.Calculator.&lt;init&gt;(Calculator.java:6)
	at io.michaelcane.Commands.&lt;init&gt;(Commands.java:5)
	at io.michaelcane.Calculator.&lt;init&gt;(Calculator.java:6)
	at io.michaelcane.Commands.&lt;init&gt;(Commands.java:5)
	at io.michaelcane.Calculator.&lt;init&gt;(Calculator.java:6)
	at io.michaelcane.Commands.&lt;init&gt;(Commands.java:5)
	at io.michaelcane.Calculator.&lt;init&gt;(Calculator.java:6)
	at io.michaelcane.Commands.&lt;init&gt;(Commands.java:5)
	at io.michaelcane.Calculator.&lt;init&gt;(Calculator.java:6)
	at io.michaelcane.Commands.&lt;init&gt;(Commands.java:5)
	at io.michaelcane.Calculator.&lt;init&gt;(Calculator.java:6)
	at io.michaelcane.Commands.&lt;init&gt;(Commands.java:5)
	at io.michaelcane.Calculator.&lt;init&gt;(Calculator.java:6)
	at io.michaelcane.Commands.&lt;init&gt;(Commands.java:5)
	at io.michaelcane.Calculator.&lt;init&gt;(Calculator.java:6)
	at io.michaelcane.Commands.&lt;init&gt;(Commands.java:5)
	at io.michaelcane.Calculator.&lt;init&gt;(Calculator.java:6)
	at io.michaelcane.Commands.&lt;init&gt;(Commands.java:5)
	at io.michaelcane.Calculator.&lt;init&gt;(Calculator.java:6)
	at io.michaelcane.Commands.&lt;init&gt;(Commands.java:5)
	at io.michaelcane.Calculator.&lt;init&gt;(Calculator.java:6)
	at io.michaelcane.Commands.&lt;init&gt;(Commands.java:5)
	at io.michaelcane.Calculator.&lt;init&gt;(Calculator.java:6)
	at io.michaelcane.Commands.&lt;init&gt;(Commands.java:5)
	at io.michaelcane.Calculator.&lt;init&gt;(Calculator.java:6)
	at io.michaelcane.Commands.&lt;init&gt;(Commands.java:5)
	at io.michaelcane.Calculator.&lt;init&gt;(Calculator.java:6)
	at io.michaelcane.Commands.&lt;init&gt;(Commands.java:5)
	at io.michaelcane.Calculator.&lt;init&gt;(Calculator.java:6)
	at io.michaelcane.Commands.&lt;init&gt;(Commands.java:5)
	at io.michaelcane.Calculator.&lt;init&gt;(Calculator.java:6)
	at io.michaelcane.Commands.&lt;init&gt;(Commands.java:5)
	at io.michaelcane.Calculator.&lt;init&gt;(Calculator.java:6)
	at io.michaelcane.Commands.&lt;init&gt;(Commands.java:5)
	at io.michaelcane.Calculator.&lt;init&gt;(Calculator.java:6)
	at io.michaelcane.Commands.&lt;init&gt;(Commands.java:5)
	at io.michaelcane.Calculator.&lt;init&gt;(Calculator.java:6)
	at io.michaelcane.Commands.&lt;init&gt;(Commands.java:5)
	at io.michaelcane.Calculator.&lt;init&gt;(Calculator.java:6)
	at io.michaelcane.Commands.&lt;init&gt;(Commands.java:5)
	at io.michaelcane.Calculator.&lt;init&gt;(Calculator.java:6)
	at io.michaelcane.Commands.&lt;init&gt;(Commands.java:5)
	at io.michaelcane.Calculator.&lt;init&gt;(Calculator.java:6)
	at io.michaelcane.Commands.&lt;init&gt;(Commands.java:5)
	at io.michaelcane.Calculator.&lt;init&gt;(Calculator.java:6)
	at io.michaelcane.Commands.&lt;init&gt;(Commands.java:5)
	at io.michaelcane.Calculator.&lt;init&gt;(Calculator.java:6)
	at io.michaelcane.Commands.&lt;init&gt;(Commands.java:5)
	at io.michaelcane.Calculator.&lt;init&gt;(Calculator.java:6)
	at io.michaelcane.Commands.&lt;init&gt;(Commands.java:5)
	at io.michaelcane.Calculator.&lt;init&gt;(Calculator.java:6)
	at io.michaelcane.Commands.&lt;init&gt;(Commands.java:5)
	at io.michaelcane.Calculator.&lt;init&gt;(Calculator.java:6)
	at io.michaelcane.Commands.&lt;init&gt;(Commands.java:5)
	at io.michaelcane.Calculator.&lt;init&gt;(Calculator.java:6)
	at io.michaelcane.Commands.&lt;init&gt;(Commands.java:5)
	at io.michaelcane.Calculator.&lt;init&gt;(Calculator.java:6)
	at io.michaelcane.Commands.&lt;init&gt;(Commands.java:5)
	at io.michaelcane.Calculator.&lt;init&gt;(Calculator.java:6)
	at io.michaelcane.Commands.&lt;init&gt;(Commands.java:5)
	at io.michaelcane.Calculator.&lt;init&gt;(Calculator.java:6)
	at io.michaelcane.Commands.&lt;init&gt;(Commands.java:5)
	at io.michaelcane.Calculator.&lt;init&gt;(Calculator.java:6)
	at io.michaelcane.Commands.&lt;init&gt;(Commands.java:5)
	at io.michaelcane.Calculator.&lt;init&gt;(Calculator.java:6)
	at io.michaelcane.Commands.&lt;init&gt;(Commands.java:5)
	at io.michaelcane.Calculator.&lt;init&gt;(Calculator.java:6)
	at io.michaelcane.Commands.&lt;init&gt;(Commands.java:5)
	at io.michaelcane.Calculator.&lt;init&gt;(Calculator.java:6)
	at io.michaelcane.Commands.&lt;init&gt;(Commands.java:5)
	at io.michaelcane.Calculator.&lt;init&gt;(Calculator.java:6)
	at io.michaelcane.Commands.&lt;init&gt;(Commands.java:5)
	at io.michaelcane.Calculator.&lt;init&gt;(Calculator.java:6)
	at io.michaelcane.Commands.&lt;init&gt;(Commands.java:5)
	at io.michaelcane.Calculator.&lt;init&gt;(Calculator.java:6)
	at io.michaelcane.Commands.&lt;init&gt;(Commands.java:5)
	at io.michaelcane.Calculator.&lt;init&gt;(Calculator.java:6)
	at io.michaelcane.Commands.&lt;init&gt;(Commands.java:5)
	at io.michaelcane.Calculator.&lt;init&gt;(Calculator.java:6)
	at io.michaelcane.Commands.&lt;init&gt;(Commands.java:5)
	at io.michaelcane.Calculator.&lt;init&gt;(Calculator.java:6)
	at io.michaelcane.Commands.&lt;init&gt;(Commands.java:5)
	at io.michaelcane.Calculator.&lt;init&gt;(Calculator.java:6)
	at io.michaelcane.Commands.&lt;init&gt;(Commands.java:5)
	at io.michaelcane.Calculator.&lt;init&gt;(Calculator.java:6)
	at io.michaelcane.Commands.&lt;init&gt;(Commands.java:5)
	at io.michaelcane.Calculator.&lt;init&gt;(Calculator.java:6)
	at io.michaelcane.Commands.&lt;init&gt;(Commands.java:5)
	at io.michaelcane.Calculator.&lt;init&gt;(Calculator.java:6)
	at io.michaelcane.Commands.&lt;init&gt;(Commands.java:5)
	at io.michaelcane.Calculator.&lt;init&gt;(Calculator.java:6)
	at io.michaelcane.Commands.&lt;init&gt;(Commands.java:5)
	at io.michaelcane.Calculator.&lt;init&gt;(Calculator.java:6)
	at io.michaelcane.Commands.&lt;init&gt;(Commands.java:5)
	at io.michaelcane.Calculator.&lt;init&gt;(Calculator.java:6)
	at io.michaelcane.Commands.&lt;init&gt;(Commands.java:5)
	at io.michaelcane.Calculator.&lt;init&gt;(Calculator.java:6)
	at io.michaelcane.Commands.&lt;init&gt;(Commands.java:5)
	at io.michaelcane.Calculator.&lt;init&gt;(Calculator.java:6)
	at io.michaelcane.Commands.&lt;init&gt;(Commands.java:5)
	at io.michaelcane.Calculator.&lt;init&gt;(Calculator.java:6)
	at io.michaelcane.Commands.&lt;init&gt;(Commands.java:5)
	at io.michaelcane.Calculator.&lt;init&gt;(Calculator.java:6)
	at io.michaelcane.Commands.&lt;init&gt;(Commands.java:5)
	at io.michaelcane.Calculator.&lt;init&gt;(Calculator.java:6)
	at io.michaelcane.Commands.&lt;init&gt;(Commands.java:5)
	at io.michaelcane.Calculator.&lt;init&gt;(Calculator.java:6)
	at io.michaelcane.Commands.&lt;init&gt;(Commands.java:5)
	at io.michaelcane.Calculator.&lt;init&gt;(Calculator.java:6)
	at io.michaelcane.Commands.&lt;init&gt;(Commands.java:5)
	at io.michaelcane.Calculator.&lt;init&gt;(Calculator.java:6)
	at io.michaelcane.Commands.&lt;init&gt;(Commands.java:5)
	at io.michaelcane.Calculator.&lt;init&gt;(Calculator.java:6)
	at io.michaelcane.Commands.&lt;init&gt;(Commands.java:5)
	at io.michaelcane.Calculator.&lt;init&gt;(Calculator.java:6)
	at io.michaelcane.Commands.&lt;init&gt;(Commands.java:5)
	at io.michaelcane.Calculator.&lt;init&gt;(Calculator.java:6)
	at io.michaelcane.Commands.&lt;init&gt;(Commands.java:5)
	at io.michaelcane.Calculator.&lt;init&gt;(Calculator.java:6)
	at io.michaelcane.Commands.&lt;init&gt;(Commands.java:5)
	at io.michaelcane.Calculator.&lt;init&gt;(Calculator.java:6)
	at io.michaelcane.Commands.&lt;init&gt;(Commands.java:5)
	at io.michaelcane.Calculator.&lt;init&gt;(Calculator.java:6)
	at io.michaelcane.Commands.&lt;init&gt;(Commands.java:5)
	at io.michaelcane.Calculator.&lt;init&gt;(Calculator.java:6)
	at io.michaelcane.Commands.&lt;init&gt;(Commands.java:5)
	at io.michaelcane.Calculator.&lt;init&gt;(Calculator.java:6)
	at io.michaelcane.Commands.&lt;init&gt;(Commands.java:5)
	at io.michaelcane.Calculator.&lt;init&gt;(Calculator.java:6)
	at io.michaelcane.Commands.&lt;init&gt;(Commands.java:5)
	at io.michaelcane.Calculator.&lt;init&gt;(Calculator.java:6)
	at io.michaelcane.Commands.&lt;init&gt;(Commands.java:5)
	at io.michaelcane.Calculator.&lt;init&gt;(Calculator.java:6)
	at io.michaelcane.Commands.&lt;init&gt;(Commands.java:5)
	at io.michaelcane.Calculator.&lt;init&gt;(Calculator.java:6)
	at io.michaelcane.Commands.&lt;init&gt;(Commands.java:5)
	at io.michaelcane.Calculator.&lt;init&gt;(Calculator.java:6)
	at io.michaelcane.Commands.&lt;init&gt;(Commands.java:5)
	at io.michaelcane.Calculator.&lt;init&gt;(Calculator.java:6)
	at io.michaelcane.Commands.&lt;init&gt;(Commands.java:5)
	at io.michaelcane.Calculator.&lt;init&gt;(Calculator.java:6)
	at io.michaelcane.Commands.&lt;init&gt;(Commands.java:5)
	at io.michaelcane.Calculator.&lt;init&gt;(Calculator.java:6)
	at io.michaelcane.Commands.&lt;init&gt;(Commands.java:5)
	at io.michaelcane.Calculator.&lt;init&gt;(Calculator.java:6)
	at io.michaelcane.Commands.&lt;init&gt;(Commands.java:5)
	at io.michaelcane.Calculator.&lt;init&gt;(Calculator.java:6)
	at io.michaelcane.Commands.&lt;init&gt;(Commands.java:5)
	at io.michaelcane.Calculator.&lt;init&gt;(Calculator.java:6)
	at io.michaelcane.Commands.&lt;init&gt;(Commands.java:5)
	at io.michaelcane.Calculator.&lt;init&gt;(Calculator.java:6)
	at io.michaelcane.Commands.&lt;init&gt;(Commands.java:5)
	at io.michaelcane.Calculator.&lt;init&gt;(Calculator.java:6)
	at io.michaelcane.Commands.&lt;init&gt;(Commands.java:5)
	at io.michaelcane.Calculator.&lt;init&gt;(Calculator.java:6)
	at io.michaelcane.Commands.&lt;init&gt;(Commands.java:5)
	at io.michaelcane.Calculator.&lt;init&gt;(Calculator.java:6)
	at io.michaelcane.Commands.&lt;init&gt;(Commands.java:5)
	at io.michaelcane.Calculator.&lt;init&gt;(Calculator.java:6)
	at io.michaelcane.Commands.&lt;init&gt;(Commands.java:5)
	at io.michaelcane.Calculator.&lt;init&gt;(Calculator.java:6)
	at io.michaelcane.Commands.&lt;init&gt;(Commands.java:5)
	at io.michaelcane.Calculator.&lt;init&gt;(Calculator.java:6)
	at io.michaelcane.Commands.&lt;init&gt;(Commands.java:5)
	at io.michaelcane.Calculator.&lt;init&gt;(Calculator.java:6)
	at io.michaelcane.Commands.&lt;init&gt;(Commands.java:5)
	at io.michaelcane.Calculator.&lt;init&gt;(Calculator.java:6)
	at io.michaelcane.Commands.&lt;init&gt;(Commands.java:5)
	at io.michaelcane.Calculator.&lt;init&gt;(Calculator.java:6)
	at io.michaelcane.Commands.&lt;init&gt;(Commands.java:5)
	at io.michaelcane.Calculator.&lt;init&gt;(Calculator.java:6)
	at io.michaelcane.Commands.&lt;init&gt;(Commands.java:5)
	at io.michaelcane.Calculator.&lt;init&gt;(Calculator.java:6)
	at io.michaelcane.Commands.&lt;init&gt;(Commands.java:5)
	at io.michaelcane.Calculator.&lt;init&gt;(Calculator.java:6)
	at io.michaelcane.Commands.&lt;init&gt;(Commands.java:5)
	at io.michaelcane.Calculator.&lt;init&gt;(Calculator.java:6)
	at io.michaelcane.Commands.&lt;init&gt;(Commands.java:5)
	at io.michaelcane.Calculator.&lt;init&gt;(Calculator.java:6)
	at io.michaelcane.Commands.&lt;init&gt;(Commands.java:5)
	at io.michaelcane.Calculator.&lt;init&gt;(Calculator.java:6)
	at io.michaelcane.Commands.&lt;init&gt;(Commands.java:5)
	at io.michaelcane.Calculator.&lt;init&gt;(Calculator.java:6)
	at io.michaelcane.Commands.&lt;init&gt;(Commands.java:5)
	at io.michaelcane.Calculator.&lt;init&gt;(Calculator.java:6)
	at io.michaelcane.Commands.&lt;init&gt;(Commands.java:5)
	at io.michaelcane.Calculator.&lt;init&gt;(Calculator.java:6)
	at io.michaelcane.Commands.&lt;init&gt;(Commands.java:5)
	at io.michaelcane.Calculator.&lt;init&gt;(Calculator.java:6)
	at io.michaelcane.Commands.&lt;init&gt;(Commands.java:5)
	at io.michaelcane.Calculator.&lt;init&gt;(Calculator.java:6)
	at io.michaelcane.Commands.&lt;init&gt;(Commands.java:5)
	at io.michaelcane.Calculator.&lt;init&gt;(Calculator.java:6)
	at io.michaelcane.Commands.&lt;init&gt;(Commands.java:5)
	at io.michaelcane.Calculator.&lt;init&gt;(Calculator.java:6)
	at io.michaelcane.Commands.&lt;init&gt;(Commands.java:5)
	at io.michaelcane.Calculator.&lt;init&gt;(Calculator.java:6)
	at io.michaelcane.Commands.&lt;init&gt;(Commands.java:5)
	at io.michaelcane.Calculator.&lt;init&gt;(Calculator.java:6)
	at io.michaelcane.Commands.&lt;init&gt;(Commands.java:5)
	at io.michaelcane.Calculator.&lt;init&gt;(Calculator.java:6)
	at io.michaelcane.Commands.&lt;init&gt;(Commands.java:5)
	at io.michaelcane.Calculator.&lt;init&gt;(Calculator.java:6)
	at io.michaelcane.Commands.&lt;init&gt;(Commands.java:5)
	at io.michaelcane.Calculator.&lt;init&gt;(Calculator.java:6)
	at io.michaelcane.Commands.&lt;init&gt;(Commands.java:5)
	at io.michaelcane.Calculator.&lt;init&gt;(Calculator.java:6)
	at io.michaelcane.Commands.&lt;init&gt;(Commands.java:5)
	at io.michaelcane.Calculator.&lt;init&gt;(Calculator.java:6)
	at io.michaelcane.Commands.&lt;init&gt;(Commands.java:5)
	at io.michaelcane.Calculator.&lt;init&gt;(Calculator.java:6)
	at io.michaelcane.Commands.&lt;init&gt;(Commands.java:5)
	at io.michaelcane.Calculator.&lt;init&gt;(Calculator.java:6)
	at io.michaelcane.Commands.&lt;init&gt;(Commands.java:5)
	at io.michaelcane.Calculator.&lt;init&gt;(Calculator.java:6)
	at io.michaelcane.Commands.&lt;init&gt;(Commands.java:5)
	at io.michaelcane.Calculator.&lt;init&gt;(Calculator.java:6)
	at io.michaelcane.Commands.&lt;init&gt;(Commands.java:5)
	at io.michaelcane.Calculator.&lt;init&gt;(Calculator.java:6)
	at io.michaelcane.Commands.&lt;init&gt;(Commands.java:5)
	at io.michaelcane.Calculator.&lt;init&gt;(Calculator.java:6)
	at io.michaelcane.Commands.&lt;init&gt;(Commands.java:5)
	at io.michaelcane.Calculator.&lt;init&gt;(Calculator.java:6)
	at io.michaelcane.Commands.&lt;init&gt;(Commands.java:5)
	at io.michaelcane.Calculator.&lt;init&gt;(Calculator.java:6)
	at io.michaelcane.Commands.&lt;init&gt;(Commands.java:5)
	at io.michaelcane.Calculator.&lt;init&gt;(Calculator.java:6)
	at io.michaelcane.Commands.&lt;init&gt;(Commands.java:5)
	at io.michaelcane.Calculator.&lt;init&gt;(Calculator.java:6)
	at io.michaelcane.Commands.&lt;init&gt;(Commands.java:5)
	at io.michaelcane.Calculator.&lt;init&gt;(Calculator.java:6)
	at io.michaelcane.Commands.&lt;init&gt;(Commands.java:5)
	at io.michaelcane.Calculator.&lt;init&gt;(Calculator.java:6)
	at io.michaelcane.Commands.&lt;init&gt;(Commands.java:5)
	at io.michaelcane.Calculator.&lt;init&gt;(Calculator.java:6)
	at io.michaelcane.Commands.&lt;init&gt;(Commands.java:5)
	at io.michaelcane.Calculator.&lt;init&gt;(Calculator.java:6)
	at io.michaelcane.Commands.&lt;init&gt;(Commands.java:5)
	at io.michaelcane.Calculator.&lt;init&gt;(Calculator.java:6)
	at io.michaelcane.Commands.&lt;init&gt;(Commands.java:5)
	at io.michaelcane.Calculator.&lt;init&gt;(Calculator.java:6)
	at io.michaelcane.Commands.&lt;init&gt;(Commands.java:5)
	at io.michaelcane.Calculator.&lt;init&gt;(Calculator.java:6)
	at io.michaelcane.Commands.&lt;init&gt;(Commands.java:5)
	at io.michaelcane.Calculator.&lt;init&gt;(Calculator.java:6)
	at io.michaelcane.Commands.&lt;init&gt;(Commands.java:5)
	at io.michaelcane.Calculator.&lt;init&gt;(Calculator.java:6)
	at io.michaelcane.Commands.&lt;init&gt;(Commands.java:5)
	at io.michaelcane.Calculator.&lt;init&gt;(Calculator.java:6)
	at io.michaelcane.Commands.&lt;init&gt;(Commands.java:5)
	at io.michaelcane.Calculator.&lt;init&gt;(Calculator.java:6)
	at io.michaelcane.Commands.&lt;init&gt;(Commands.java:5)
	at io.michaelcane.Calculator.&lt;init&gt;(Calculator.java:6)
	at io.michaelcane.Commands.&lt;init&gt;(Commands.java:5)
	at io.michaelcane.Calculator.&lt;init&gt;(Calculator.java:6)
	at io.michaelcane.Commands.&lt;init&gt;(Commands.java:5)
	at io.michaelcane.Calculator.&lt;init&gt;(Calculator.java:6)
	at io.michaelcane.Commands.&lt;init&gt;(Commands.java:5)
	at io.michaelcane.Calculator.&lt;init&gt;(Calculator.java:6)
	at io.michaelcane.Commands.&lt;init&gt;(Commands.java:5)
	at io.michaelcane.Calculator.&lt;init&gt;(Calculator.java:6)
	at io.michaelcane.Commands.&lt;init&gt;(Commands.java:5)
	at io.michaelcane.Calculator.&lt;init&gt;(Calculator.java:6)
	at io.michaelcane.Commands.&lt;init&gt;(Commands.java:5)
	at io.michaelcane.Calculator.&lt;init&gt;(Calculator.java:6)
	at io.michaelcane.Commands.&lt;init&gt;(Commands.java:5)
	at io.michaelcane.Calculator.&lt;init&gt;(Calculator.java:6)
	at io.michaelcane.Commands.&lt;init&gt;(Commands.java:5)
	at io.michaelcane.Calculator.&lt;init&gt;(Calculator.java:6)
	at io.michaelcane.Commands.&lt;init&gt;(Commands.java:5)
	at io.michaelcane.Calculator.&lt;init&gt;(Calculator.java:6)
	at io.michaelcane.Commands.&lt;init&gt;(Commands.java:5)
	at io.michaelcane.Calculator.&lt;init&gt;(Calculator.java:6)
	at io.michaelcane.Commands.&lt;init&gt;(Commands.java:5)
	at io.michaelcane.Calculator.&lt;init&gt;(Calculator.java:6)
	at io.michaelcane.Commands.&lt;init&gt;(Commands.java:5)
	at io.michaelcane.Calculator.&lt;init&gt;(Calculator.java:6)
	at io.michaelcane.Commands.&lt;init&gt;(Commands.java:5)
	at io.michaelcane.Calculator.&lt;init&gt;(Calculator.java:6)
	at io.michaelcane.Commands.&lt;init&gt;(Commands.java:5)
	at io.michaelcane.Calculator.&lt;init&gt;(Calculator.java:6)
	at io.michaelcane.Commands.&lt;init&gt;(Commands.java:5)
	at io.michaelcane.Calculator.&lt;init&gt;(Calculator.java:6)
	at io.michaelcane.Commands.&lt;init&gt;(Commands.java:5)
	at io.michaelcane.Calculator.&lt;init&gt;(Calculator.java:6)
	at io.michaelcane.Commands.&lt;init&gt;(Commands.java:5)
	at io.michaelcane.Calculator.&lt;init&gt;(Calculator.java:6)
	at io.michaelcane.Commands.&lt;init&gt;(Commands.java:5)
	at io.michaelcane.Calculator.&lt;init&gt;(Calculator.java:6)
	at io.michaelcane.Commands.&lt;init&gt;(Commands.java:5)
	at io.michaelcane.Calculator.&lt;init&gt;(Calculator.java:6)
	at io.michaelcane.Commands.&lt;init&gt;(Commands.java:5)
	at io.michaelcane.Calculator.&lt;init&gt;(Calculator.java:6)
	at io.michaelcane.Commands.&lt;init&gt;(Commands.java:5)
	at io.michaelcane.Calculator.&lt;init&gt;(Calculator.java:6)
	at io.michaelcane.Commands.&lt;init&gt;(Commands.java:5)
	at io.michaelcane.Calculator.&lt;init&gt;(Calculator.java:6)
	at io.michaelcane.Commands.&lt;init&gt;(Commands.java:5)
	at io.michaelcane.Calculator.&lt;init&gt;(Calculator.java:6)
	at io.michaelcane.Commands.&lt;init&gt;(Commands.java:5)
	at io.michaelcane.Calculator.&lt;init&gt;(Calculator.java:6)
	at io.michaelcane.Commands.&lt;init&gt;(Commands.java:5)
	at io.michaelcane.Calculator.&lt;init&gt;(Calculator.java:6)
	at io.michaelcane.Commands.&lt;init&gt;(Commands.java:5)
	at io.michaelcane.Calculator.&lt;init&gt;(Calculator.java:6)
	at io.michaelcane.Commands.&lt;init&gt;(Commands.java:5)
	at io.michaelcane.Calculator.&lt;init&gt;(Calculator.java:6)
	at io.michaelcane.Commands.&lt;init&gt;(Commands.java:5)
	at io.michaelcane.Calculator.&lt;init&gt;(Calculator.java:6)
	at io.michaelcane.Commands.&lt;init&gt;(Commands.java:5)
	at io.michaelcane.Calculator.&lt;init&gt;(Calculator.java:6)
	at io.michaelcane.Commands.&lt;init&gt;(Commands.java:5)
	at io.michaelcane.Calculator.&lt;init&gt;(Calculator.java:6)
	at io.michaelcane.Commands.&lt;init&gt;(Commands.java:5)
	at io.michaelcane.Calculator.&lt;init&gt;(Calculator.java:6)
	at io.michaelcane.Commands.&lt;init&gt;(Commands.java:5)
	at io.michaelcane.Calculator.&lt;init&gt;(Calculator.java:6)
	at io.michaelcane.Commands.&lt;init&gt;(Commands.java:5)
	at io.michaelcane.Calculator.&lt;init&gt;(Calculator.java:6)
	at io.michaelcane.Commands.&lt;init&gt;(Commands.java:5)
	at io.michaelcane.Calculator.&lt;init&gt;(Calculator.java:6)
	at io.michaelcane.Commands.&lt;init&gt;(Commands.java:5)
	at io.michaelcane.Calculator.&lt;init&gt;(Calculator.java:6)
	at io.michaelcane.Commands.&lt;init&gt;(Commands.java:5)
	at io.michaelcane.Calculator.&lt;init&gt;(Calculator.java:6)
	at io.michaelcane.Commands.&lt;init&gt;(Commands.java:5)
	at io.michaelcane.Calculator.&lt;init&gt;(Calculator.java:6)
	at io.michaelcane.Commands.&lt;init&gt;(Commands.java:5)
	at io.michaelcane.Calculator.&lt;init&gt;(Calculator.java:6)
	at io.michaelcane.Commands.&lt;init&gt;(Commands.java:5)
	at io.michaelcane.Calculator.&lt;init&gt;(Calculator.java:6)
	at io.michaelcane.Commands.&lt;init&gt;(Commands.java:5)
	at io.michaelcane.Calculator.&lt;init&gt;(Calculator.java:6)
	at io.michaelcane.Commands.&lt;init&gt;(Commands.java:5)
	at io.michaelcane.Calculator.&lt;init&gt;(Calculator.java:6)
	at io.michaelcane.Commands.&lt;init&gt;(Commands.java:5)
	at io.michaelcane.Calculator.&lt;init&gt;(Calculator.java:6)
	at io.michaelcane.Commands.&lt;init&gt;(Commands.java:5)
	at io.michaelcane.Calculator.&lt;init&gt;(Calculator.java:6)
	at io.michaelcane.Commands.&lt;init&gt;(Commands.java:5)
	at io.michaelcane.Calculator.&lt;init&gt;(Calculator.java:6)
	at io.michaelcane.Commands.&lt;init&gt;(Commands.java:5)
	at io.michaelcane.Calculator.&lt;init&gt;(Calculator.java:6)
	at io.michaelcane.Commands.&lt;init&gt;(Commands.java:5)
	at io.michaelcane.Calculator.&lt;init&gt;(Calculator.java:6)
	at io.michaelcane.Commands.&lt;init&gt;(Commands.java:5)
	at io.michaelcane.Calculator.&lt;init&gt;(Calculator.java:6)
	at io.michaelcane.Commands.&lt;init&gt;(Commands.java:5)
	at io.michaelcane.Calculator.&lt;init&gt;(Calculator.java:6)
	at io.michaelcane.Commands.&lt;init&gt;(Commands.java:5)
	at io.michaelcane.Calculator.&lt;init&gt;(Calculator.java:6)
	at io.michaelcane.Commands.&lt;init&gt;(Commands.java:5)
	at io.michaelcane.Calculator.&lt;init&gt;(Calculator.java:6)
	at io.michaelcane.Commands.&lt;init&gt;(Commands.java:5)
	at io.michaelcane.Calculator.&lt;init&gt;(Calculator.java:6)
	at io.michaelcane.Commands.&lt;init&gt;(Commands.java:5)
	at io.michaelcane.Calculator.&lt;init&gt;(Calculator.java:6)
	at io.michaelcane.Commands.&lt;init&gt;(Commands.java:5)
	at io.michaelcane.Calculator.&lt;init&gt;(Calculator.java:6)
	at io.michaelcane.Commands.&lt;init&gt;(Commands.java:5)
	at io.michaelcane.Calculator.&lt;init&gt;(Calculator.java:6)
	at io.michaelcane.Commands.&lt;init&gt;(Commands.java:5)
	at io.michaelcane.Calculator.&lt;init&gt;(Calculator.java:6)
	at io.michaelcane.Commands.&lt;init&gt;(Commands.java:5)
	at io.michaelcane.Calculator.&lt;init&gt;(Calculator.java:6)
	at io.michaelcane.Commands.&lt;init&gt;(Commands.java:5)
	at io.michaelcane.Calculator.&lt;init&gt;(Calculator.java:6)
	at io.michaelcane.Commands.&lt;init&gt;(Commands.java:5)
	at io.michaelcane.Calculator.&lt;init&gt;(Calculator.java:6)
	at io.michaelcane.Commands.&lt;init&gt;(Commands.java:5)
	at io.michaelcane.Calculator.&lt;init&gt;(Calculator.java:6)
	at io.michaelcane.Commands.&lt;init&gt;(Commands.java:5)
	at io.michaelcane.Calculator.&lt;init&gt;(Calculator.java:6)
	at io.michaelcane.Commands.&lt;init&gt;(Commands.java:5)
	at io.michaelcane.Calculator.&lt;init&gt;(Calculator.java:6)
	at io.michaelcane.Commands.&lt;init&gt;(Commands.java:5)
	at io.michaelcane.Calculator.&lt;init&gt;(Calculator.java:6)
	at io.michaelcane.Commands.&lt;init&gt;(Commands.java:5)
	at io.michaelcane.Calculator.&lt;init&gt;(Calculator.java:6)
	at io.michaelcane.Commands.&lt;init&gt;(Commands.java:5)
	at io.michaelcane.Calculator.&lt;init&gt;(Calculator.java:6)
	at io.michaelcane.Commands.&lt;init&gt;(Commands.java:5)
	at io.michaelcane.Calculator.&lt;init&gt;(Calculator.java:6)
	at io.michaelcane.Commands.&lt;init&gt;(Commands.java:5)
	at io.michaelcane.Calculator.&lt;init&gt;(Calculator.java:6)
	at io.michaelcane.Commands.&lt;init&gt;(Commands.java:5)
	at io.michaelcane.Calculator.&lt;init&gt;(Calculator.java:6)
	at io.michaelcane.Commands.&lt;init&gt;(Commands.java:5)
	at io.michaelcane.Calculator.&lt;init&gt;(Calculator.java:6)
	at io.michaelcane.Commands.&lt;init&gt;(Commands.java:5)
	at io.michaelcane.Calculator.&lt;init&gt;(Calculator.java:6)
	at io.michaelcane.Commands.&lt;init&gt;(Commands.java:5)
	at io.michaelcane.Calculator.&lt;init&gt;(Calculator.java:6)
	at io.michaelcane.Commands.&lt;init&gt;(Commands.java:5)
	at io.michaelcane.Calculator.&lt;init&gt;(Calculator.java:6)
	at io.michaelcane.Commands.&lt;init&gt;(Commands.java:5)
	at io.michaelcane.Calculator.&lt;init&gt;(Calculator.java:6)
	at io.michaelcane.Commands.&lt;init&gt;(Commands.java:5)
	at io.michaelcane.Calculator.&lt;init&gt;(Calculator.java:6)
	at io.michaelcane.Commands.&lt;init&gt;(Commands.java:5)
	at io.michaelcane.Calculator.&lt;init&gt;(Calculator.java:6)
	at io.michaelcane.Commands.&lt;init&gt;(Commands.java:5)
	at io.michaelcane.Calculator.&lt;init&gt;(Calculator.java:6)
	at io.michaelcane.Commands.&lt;init&gt;(Commands.java:5)
	at io.michaelcane.Calculator.&lt;init&gt;(Calculator.java:6)
	at io.michaelcane.Commands.&lt;init&gt;(Commands.java:5)
	at io.michaelcane.Calculator.&lt;init&gt;(Calculator.java:6)
	at io.michaelcane.Commands.&lt;init&gt;(Commands.java:5)
	at io.michaelcane.Calculator.&lt;init&gt;(Calculator.java:6)
	at io.michaelcane.Commands.&lt;init&gt;(Commands.java:5)
	at io.michaelcane.Calculator.&lt;init&gt;(Calculator.java:6)
	at io.michaelcane.Commands.&lt;init&gt;(Commands.java:5)
	at io.michaelcane.Calculator.&lt;init&gt;(Calculator.java:6)
	at io.michaelcane.Commands.&lt;init&gt;(Commands.java:5)
	at io.michaelcane.Calculator.&lt;init&gt;(Calculator.java:6)
	at io.michaelcane.Commands.&lt;init&gt;(Commands.java:5)
	at io.michaelcane.Calculator.&lt;init&gt;(Calculator.java:6)
	at io.michaelcane.Commands.&lt;init&gt;(Commands.java:5)
	at io.michaelcane.Calculator.&lt;init&gt;(Calculator.java:6)
	at io.michaelcane.Commands.&lt;init&gt;(Commands.java:5)
	at io.michaelcane.Calculator.&lt;init&gt;(Calculator.java:6)
	at io.michaelcane.Commands.&lt;init&gt;(Commands.java:5)
	at io.michaelcane.Calculator.&lt;init&gt;(Calculator.java:6)
	at io.michaelcane.Commands.&lt;init&gt;(Commands.java:5)
	at io.michaelcane.Calculator.&lt;init&gt;(Calculator.java:6)
	at io.michaelcane.Commands.&lt;init&gt;(Commands.java:5)
	at io.michaelcane.Calculator.&lt;init&gt;(Calculator.java:6)
	at io.michaelcane.Commands.&lt;init&gt;(Commands.java:5)
	at io.michaelcane.Calculator.&lt;init&gt;(Calculator.java:6)
	at io.michaelcane.Commands.&lt;init&gt;(Commands.java:5)
	at io.michaelcane.Calculator.&lt;init&gt;(Calculator.java:6)
	at io.michaelcane.Commands.&lt;init&gt;(Commands.java:5)
	at io.michaelcane.Calculator.&lt;init&gt;(Calculator.java:6)
	at io.michaelcane.Commands.&lt;init&gt;(Commands.java:5)
	at io.michaelcane.Calculator.&lt;init&gt;(Calculator.java:6)
	at io.michaelcane.Commands.&lt;init&gt;(Commands.java:5)
	at io.michaelcane.Calculator.&lt;init&gt;(Calculator.java:6)
	at io.michaelcane.Commands.&lt;init&gt;(Commands.java:5)
	at io.michaelcane.Calculator.&lt;init&gt;(Calculator.java:6)
	at io.michaelcane.Commands.&lt;init&gt;(Commands.java:5)
	at io.michaelcane.Calculator.&lt;init&gt;(Calculator.java:6)
	at io.michaelcane.Commands.&lt;init&gt;(Commands.java:5)
	at io.michaelcane.Calculator.&lt;init&gt;(Calculator.java:6)
	at io.michaelcane.Commands.&lt;init&gt;(Commands.java:5)
	at io.michaelcane.Calculator.&lt;init&gt;(Calculator.java:6)
	at io.michaelcane.Commands.&lt;init&gt;(Commands.java:5)
	at io.michaelcane.Calculator.&lt;init&gt;(Calculator.java:6)
	at io.michaelcane.Commands.&lt;init&gt;(Commands.java:5)
	at io.michaelcane.Calculator.&lt;init&gt;(Calculator.java:6)
	at io.michaelcane.Commands.&lt;init&gt;(Commands.java:5)
	at io.michaelcane.Calculator.&lt;init&gt;(Calculator.java:6)
	at io.michaelcane.Commands.&lt;init&gt;(Commands.java:5)
	at io.michaelcane.Calculator.&lt;init&gt;(Calculator.java:6)
	at io.michaelcane.Commands.&lt;init&gt;(Commands.java:5)
	at io.michaelcane.Calculator.&lt;init&gt;(Calculator.java:6)
	at io.michaelcane.Commands.&lt;init&gt;(Commands.java:5)
	at io.michaelcane.Calculator.&lt;init&gt;(Calculator.java:6)
	at io.michaelcane.Commands.&lt;init&gt;(Commands.java:5)
	at io.michaelcane.Calculator.&lt;init&gt;(Calculator.java:6)
	at io.michaelcane.Commands.&lt;init&gt;(Commands.java:5)
	at io.michaelcane.Calculator.&lt;init&gt;(Calculator.java:6)
	at io.michaelcane.Commands.&lt;init&gt;(Commands.java:5)
	at io.michaelcane.Calculator.&lt;init&gt;(Calculator.java:6)
	at io.michaelcane.Commands.&lt;init&gt;(Commands.java:5)
	at io.michaelcane.Calculator.&lt;init&gt;(Calculator.java:6)
	at io.michaelcane.Commands.&lt;init&gt;(Commands.java:5)
	at io.michaelcane.Calculator.&lt;init&gt;(Calculator.java:6)
	at io.michaelcane.Commands.&lt;init&gt;(Commands.java:5)
	at io.michaelcane.Calculator.&lt;init&gt;(Calculator.java:6)
	at io.michaelcane.Commands.&lt;init&gt;(Commands.java:5)
	at io.michaelcane.Calculator.&lt;init&gt;(Calculator.java:6)
	at io.michaelcane.Commands.&lt;init&gt;(Commands.java:5)
	at io.michaelcane.Calculator.&lt;init&gt;(Calculator.java:6)
	at io.michaelcane.Commands.&lt;init&gt;(Commands.java:5)
	at io.michaelcane.Calculator.&lt;init&gt;(Calculator.java:6)
	at io.michaelcane.Commands.&lt;init&gt;(Commands.java:5)
	at io.michaelcane.Calculator.&lt;init&gt;(Calculator.java:6)
	at io.michaelcane.Commands.&lt;init&gt;(Commands.java:5)
	at io.michaelcane.Calculator.&lt;init&gt;(Calculator.java:6)
	at io.michaelcane.Commands.&lt;init&gt;(Commands.java:5)
	at io.michaelcane.Calculator.&lt;init&gt;(Calculator.java:6)
	at io.michaelcane.Commands.&lt;init&gt;(Commands.java:5)
	at io.michaelcane.Calculator.&lt;init&gt;(Calculator.java:6)
	at io.michaelcane.Commands.&lt;init&gt;(Commands.java:5)
	at io.michaelcane.Calculator.&lt;init&gt;(Calculator.java:6)
	at io.michaelcane.Commands.&lt;init&gt;(Commands.java:5)
	at io.michaelcane.Calculator.&lt;init&gt;(Calculator.java:6)
	at io.michaelcane.Commands.&lt;init&gt;(Commands.java:5)
	at io.michaelcane.Calculator.&lt;init&gt;(Calculator.java:6)
	at io.michaelcane.Commands.&lt;init&gt;(Commands.java:5)
	at io.michaelcane.Calculator.&lt;init&gt;(Calculator.java:6)
	at io.michaelcane.Commands.&lt;init&gt;(Commands.java:5)
	at io.michaelcane.Calculator.&lt;init&gt;(Calculator.java:6)
	at io.michaelcane.Commands.&lt;init&gt;(Commands.java:5)
	at io.michaelcane.Calculator.&lt;init&gt;(Calculator.java:6)
	at io.michaelcane.Commands.&lt;init&gt;(Commands.java:5)
	at io.michaelcane.Calculator.&lt;init&gt;(Calculator.java:6)
	at io.michaelcane.Commands.&lt;init&gt;(Commands.java:5)
	at io.michaelcane.Calculator.&lt;init&gt;(Calculator.java:6)
	at io.michaelcane.Commands.&lt;init&gt;(Commands.java:5)
	at io.michaelcane.Calculator.&lt;init&gt;(Calculator.java:6)
	at io.michaelcane.Commands.&lt;init&gt;(Commands.java:5)
	at io.michaelcane.Calculator.&lt;init&gt;(Calculator.java:6)
	at io.michaelcane.Commands.&lt;init&gt;(Commands.java:5)
	at io.michaelcane.Calculator.&lt;init&gt;(Calculator.java:6)
	at io.michaelcane.Commands.&lt;init&gt;(Commands.java:5)
	at io.michaelcane.Calculator.&lt;init&gt;(Calculator.java:6)
	at io.michaelcane.Commands.&lt;init&gt;(Commands.java:5)
	at io.michaelcane.Calculator.&lt;init&gt;(Calculator.java:6)
	at io.michaelcane.Commands.&lt;init&gt;(Commands.java:5)
	at io.michaelcane.Calculator.&lt;init&gt;(Calculator.java:6)
	at io.michaelcane.Commands.&lt;init&gt;(Commands.java:5)
	at io.michaelcane.Calculator.&lt;init&gt;(Calculator.java:6)
	at io.michaelcane.Commands.&lt;init&gt;(Commands.java:5)
	at io.michaelcane.Calculator.&lt;init&gt;(Calculator.java:6)
	at io.michaelcane.Commands.&lt;init&gt;(Commands.java:5)
	at io.michaelcane.Calculator.&lt;init&gt;(Calculator.java:6)
	at io.michaelcane.Commands.&lt;init&gt;(Commands.java:5)
	at io.michaelcane.Calculator.&lt;init&gt;(Calculator.java:6)
	at io.michaelcane.Commands.&lt;init&gt;(Commands.java:5)
	at io.michaelcane.Calculator.&lt;init&gt;(Calculator.java:6)
	at io.michaelcane.Commands.&lt;init&gt;(Commands.java:5)
	at io.michaelcane.Calculator.&lt;init&gt;(Calculator.java:6)
	at io.michaelcane.Commands.&lt;init&gt;(Commands.java:5)
	at io.michaelcane.Calculator.&lt;init&gt;(Calculator.java:6)
	at io.michaelcane.Commands.&lt;init&gt;(Commands.java:5)
	at io.michaelcane.Calculator.&lt;init&gt;(Calculator.java:6)
	at io.michaelcane.Commands.&lt;init&gt;(Commands.java:5)
	at io.michaelcane.Calculator.&lt;init&gt;(Calculator.java:6)
	at io.michaelcane.Commands.&lt;init&gt;(Commands.java:5)
	at io.michaelcane.Calculator.&lt;init&gt;(Calculator.java:6)
	at io.michaelcane.Commands.&lt;init&gt;(Commands.java:5)
	at io.michaelcane.Calculator.&lt;init&gt;(Calculator.java:6)
	at io.michaelcane.Commands.&lt;init&gt;(Commands.java:5)
	at io.michaelcane.Calculator.&lt;init&gt;(Calculator.java:6)
	at io.michaelcane.Commands.&lt;init&gt;(Commands.java:5)
	at io.michaelcane.Calculator.&lt;init&gt;(Calculator.java:6)
	at io.michaelcane.Commands.&lt;init&gt;(Commands.java:5)
	at io.michaelcane.Calculator.&lt;init&gt;(Calculator.java:6)
	at io.michaelcane.Commands.&lt;init&gt;(Commands.java:5)
	at io.michaelcane.Calculator.&lt;init&gt;(Calculator.java:6)
	at io.michaelcane.Commands.&lt;init&gt;(Commands.java:5)
	at io.michaelcane.Calculator.&lt;init&gt;(Calculator.java:6)
	at io.michaelcane.Commands.&lt;init&gt;(Commands.java:5)
	at io.michaelcane.Calculator.&lt;init&gt;(Calculator.java:6)
	at io.michaelcane.Commands.&lt;init&gt;(Commands.java:5)
	at io.michaelcane.Calculator.&lt;init&gt;(Calculator.java:6)
	at io.michaelcane.Commands.&lt;init&gt;(Commands.java:5)
	at io.michaelcane.Calculator.&lt;init&gt;(Calculator.java:6)
	at io.michaelcane.Commands.&lt;init&gt;(Commands.java:5)
	at io.michaelcane.Calculator.&lt;init&gt;(Calculator.java:6)
	at io.michaelcane.Commands.&lt;init&gt;(Commands.java:5)
	at io.michaelcane.Calculator.&lt;init&gt;(Calculator.java:6)
	at io.michaelcane.Commands.&lt;init&gt;(Commands.java:5)
	at io.michaelcane.Calculator.&lt;init&gt;(Calculator.java:6)
	at io.michaelcane.Commands.&lt;init&gt;(Commands.java:5)
	at io.michaelcane.Calculator.&lt;init&gt;(Calculator.java:6)
	at io.michaelcane.Commands.&lt;init&gt;(Commands.java:5)
	at io.michaelcane.Calculator.&lt;init&gt;(Calculator.java:6)
	at io.michaelcane.Commands.&lt;init&gt;(Commands.java:5)
	at io.michaelcane.Calculator.&lt;init&gt;(Calculator.java:6)
	at io.michaelcane.Commands.&lt;init&gt;(Commands.java:5)
	at io.michaelcane.Calculator.&lt;init&gt;(Calculator.java:6)
	at io.michaelcane.Commands.&lt;init&gt;(Commands.java:5)
	at io.michaelcane.Calculator.&lt;init&gt;(Calculator.java:6)
	at io.michaelcane.Commands.&lt;init&gt;(Commands.java:5)
	at io.michaelcane.Calculator.&lt;init&gt;(Calculator.java:6)
	at io.michaelcane.Commands.&lt;init&gt;(Commands.java:5)
	at io.michaelcane.Calculator.&lt;init&gt;(Calculator.java:6)
	at io.michaelcane.Commands.&lt;init&gt;(Commands.java:5)
	at io.michaelcane.Calculator.&lt;init&gt;(Calculator.java:6)
	at io.michaelcane.Commands.&lt;init&gt;(Commands.java:5)
	at io.michaelcane.Calculator.&lt;init&gt;(Calculator.java:6)
	at io.michaelcane.Commands.&lt;init&gt;(Commands.java:5)
	at io.michaelcane.Calculator.&lt;init&gt;(Calculator.java:6)
	at io.michaelcane.Commands.&lt;init&gt;(Commands.java:5)
	at io.michaelcane.Calculator.&lt;init&gt;(Calculator.java:6)
	at io.michaelcane.Commands.&lt;init&gt;(Commands.java:5)
	at io.michaelcane.Calculator.&lt;init&gt;(Calculator.java:6)
	at io.michaelcane.Commands.&lt;init&gt;(Commands.java:5)
	at io.michaelcane.Calculator.&lt;init&gt;(Calculator.java:6)
	at io.michaelcane.Commands.&lt;init&gt;(Commands.java:5)
	at io.michaelcane.Calculator.&lt;init&gt;(Calculator.java:6)
	at io.michaelcane.Commands.&lt;init&gt;(Commands.java:5)
	at io.michaelcane.Calculator.&lt;init&gt;(Calculator.java:6)
	at io.michaelcane.Commands.&lt;init&gt;(Commands.java:5)
	at io.michaelcane.Calculator.&lt;init&gt;(Calculator.java:6)
	at io.michaelcane.Commands.&lt;init&gt;(Commands.java:5)
	at io.michaelcane.Calculator.&lt;init&gt;(Calculator.java:6)
	at io.michaelcane.Commands.&lt;init&gt;(Commands.java:5)
	at io.michaelcane.Calculator.&lt;init&gt;(Calculator.java:6)
	at io.michaelcane.Commands.&lt;init&gt;(Commands.java:5)
	at io.michaelcane.Calculator.&lt;init&gt;(Calculator.java:6)
	at io.michaelcane.Commands.&lt;init&gt;(Commands.java:5)
	at io.michaelcane.Calculator.&lt;init&gt;(Calculator.java:6)
	at io.michaelcane.Commands.&lt;init&gt;(Commands.java:5)
	at io.michaelcane.Calculator.&lt;init&gt;(Calculator.java:6)
	at io.michaelcane.Commands.&lt;init&gt;(Commands.java:5)
	at io.michaelcane.Calculator.&lt;init&gt;(Calculator.java:6)
	at io.michaelcane.Commands.&lt;init&gt;(Commands.java:5)
	at io.michaelcane.Calculator.&lt;init&gt;(Calculator.java:6)
	at io.michaelcane.Commands.&lt;init&gt;(Commands.java:5)
	at io.michaelcane.Calculator.&lt;init&gt;(Calculator.java:6)
	at io.michaelcane.Commands.&lt;init&gt;(Commands.java:5)
	at io.michaelcane.Calculator.&lt;init&gt;(Calculator.java:6)
	at io.michaelcane.Commands.&lt;init&gt;(Commands.java:5)
	at io.michaelcane.Calculator.&lt;init&gt;(Calculator.java:6)
	at io.michaelcane.Commands.&lt;init&gt;(Commands.java:5)
	at io.michaelcane.Calculator.&lt;init&gt;(Calculator.java:6)
	at io.michaelcane.Commands.&lt;init&gt;(Commands.java:5)
	at io.michaelcane.Calculator.&lt;init&gt;(Calculator.java:6)
	at io.michaelcane.Commands.&lt;init&gt;(Commands.java:5)
	at io.michaelcane.Calculator.&lt;init&gt;(Calculator.java:6)
	at io.michaelcane.Commands.&lt;init&gt;(Commands.java:5)
	at io.michaelcane.Calculator.&lt;init&gt;(Calculator.java:6)
	at io.michaelcane.Commands.&lt;init&gt;(Commands.java:5)
	at io.michaelcane.Calculator.&lt;init&gt;(Calculator.java:6)
	at io.michaelcane.Commands.&lt;init&gt;(Commands.java:5)
	at io.michaelcane.Calculator.&lt;init&gt;(Calculator.java:6)
	at io.michaelcane.Commands.&lt;init&gt;(Commands.java:5)
	at io.michaelcane.Calculator.&lt;init&gt;(Calculator.java:6)
	at io.michaelcane.Commands.&lt;init&gt;(Commands.java:5)
	at io.michaelcane.Calculator.&lt;init&gt;(Calculator.java:6)
	at io.michaelcane.Commands.&lt;init&gt;(Commands.java:5)
	at io.michaelcane.Calculator.&lt;init&gt;(Calculator.java:6)
	at io.michaelcane.Commands.&lt;init&gt;(Commands.java:5)
	at io.michaelcane.Calculator.&lt;init&gt;(Calculator.java:6)
	at io.michaelcane.Commands.&lt;init&gt;(Commands.java:5)
	at io.michaelcane.Calculator.&lt;init&gt;(Calculator.java:6)
	at io.michaelcane.Commands.&lt;init&gt;(Commands.java:5)
	at io.michaelcane.Calculator.&lt;init&gt;(Calculator.java:6)
	at io.michaelcane.Commands.&lt;init&gt;(Commands.java:5)
	at io.michaelcane.Calculator.&lt;init&gt;(Calculator.java:6)
	at io.michaelcane.Commands.&lt;init&gt;(Commands.java:5)
	at io.michaelcane.Calculator.&lt;init&gt;(Calculator.java:6)
	at io.michaelcane.Commands.&lt;init&gt;(Commands.java:5)
	at io.michaelcane.Calculator.&lt;init&gt;(Calculator.java:6)
	at io.michaelcane.Commands.&lt;init&gt;(Commands.java:5)
	at io.michaelcane.Calculator.&lt;init&gt;(Calculator.java:6)
	at io.michaelcane.Commands.&lt;init&gt;(Commands.java:5)
	at io.michaelcane.Calculator.&lt;init&gt;(Calculator.java:6)
	at io.michaelcane.Commands.&lt;init&gt;(Commands.java:5)
	at io.michaelcane.Calculator.&lt;init&gt;(Calculator.java:6)
	at io.michaelcane.Commands.&lt;init&gt;(Commands.java:5)
	at io.michaelcane.Calculator.&lt;init&gt;(Calculator.java:6)
	at io.michaelcane.Commands.&lt;init&gt;(Commands.java:5)
	at io.michaelcane.Calculator.&lt;init&gt;(Calculator.java:6)
	at io.michaelcane.Commands.&lt;init&gt;(Commands.java:5)
	at io.michaelcane.Calculator.&lt;init&gt;(Calculator.java:6)
	at io.michaelcane.Commands.&lt;init&gt;(Commands.java:5)
	at io.michaelcane.Calculator.&lt;init&gt;(Calculator.java:6)
	at io.michaelcane.Commands.&lt;init&gt;(Commands.java:5)
	at io.michaelcane.Calculator.&lt;init&gt;(Calculator.java:6)
	at io.michaelcane.Commands.&lt;init&gt;(Commands.java:5)
	at io.michaelcane.Calculator.&lt;init&gt;(Calculator.java:6)
	at io.michaelcane.Commands.&lt;init&gt;(Commands.java:5)
	at io.michaelcane.Calculator.&lt;init&gt;(Calculator.java:6)
	at io.michaelcane.Commands.&lt;init&gt;(Commands.java:5)
	at io.michaelcane.Calculator.&lt;init&gt;(Calculator.java:6)
	at io.michaelcane.Commands.&lt;init&gt;(Commands.java:5)
	at io.michaelcane.Calculator.&lt;init&gt;(Calculator.java:6)
	at io.michaelcane.Commands.&lt;init&gt;(Commands.java:5)
	at io.michaelcane.Calculator.&lt;init&gt;(Calculator.java:6)
	at io.michaelcane.Commands.&lt;init&gt;(Commands.java:5)
	at io.michaelcane.Calculator.&lt;init&gt;(Calculator.java:6)
	at io.michaelcane.Commands.&lt;init&gt;(Commands.java:5)
	at io.michaelcane.Calculator.&lt;init&gt;(Calculator.java:6)
	at io.michaelcane.Commands.&lt;init&gt;(Commands.java:5)
	at io.michaelcane.Calculator.&lt;init&gt;(Calculator.java:6)
	at io.michaelcane.Commands.&lt;init&gt;(Commands.java:5)
	at io.michaelcane.Calculator.&lt;init&gt;(Calculator.java:6)
	at io.michaelcane.Commands.&lt;init&gt;(Commands.java:5)
	at io.michaelcane.Calculator.&lt;init&gt;(Calculator.java:6)
	at io.michaelcane.Commands.&lt;init&gt;(Commands.java:5)
	at io.michaelcane.Calculator.&lt;init&gt;(Calculator.java:6)
	at io.michaelcane.Commands.&lt;init&gt;(Commands.java:5)
	at io.michaelcane.Calculator.&lt;init&gt;(Calculator.java:6)
	at io.michaelcane.Commands.&lt;init&gt;(Commands.java:5)
	at io.michaelcane.Calculator.&lt;init&gt;(Calculator.java:6)
	at io.michaelcane.Commands.&lt;init&gt;(Commands.java:5)
	at io.michaelcane.Calculator.&lt;init&gt;(Calculator.java:6)
	at io.michaelcane.Commands.&lt;init&gt;(Commands.java:5)
	at io.michaelcane.Calculator.&lt;init&gt;(Calculator.java:6)
	at io.michaelcane.Commands.&lt;init&gt;(Commands.java:5)
	at io.michaelcane.Calculator.&lt;init&gt;(Calculator.java:6)
	at io.michaelcane.Commands.&lt;init&gt;(Commands.java:5)
	at io.michaelcane.Calculator.&lt;init&gt;(Calculator.java:6)
	at io.michaelcane.Commands.&lt;init&gt;(Commands.java:5)
	at io.michaelcane.Calculator.&lt;init&gt;(Calculator.java:6)
	at io.michaelcane.Commands.&lt;init&gt;(Commands.java:5)
	at io.michaelcane.Calculator.&lt;init&gt;(Calculator.java:6)
	at io.michaelcane.Commands.&lt;init&gt;(Commands.java:5)
	at io.michaelcane.Calculator.&lt;init&gt;(Calculator.java:6)
	at io.michaelcane.Commands.&lt;init&gt;(Commands.java:5)
	at io.michaelcane.Calculator.&lt;init&gt;(Calculator.java:6)
	at io.michaelcane.Commands.&lt;init&gt;(Commands.java:5)
	at io.michaelcane.Calculator.&lt;init&gt;(Calculator.java:6)
	at io.michaelcane.Commands.&lt;init&gt;(Commands.java:5)
	at io.michaelcane.Calculator.&lt;init&gt;(Calculator.java:6)
	at io.michaelcane.Commands.&lt;init&gt;(Commands.java:5)
	at io.michaelcane.Calculator.&lt;init&gt;(Calculator.java:6)
	at io.michaelcane.Commands.&lt;init&gt;(Commands.java:5)
	at io.michaelcane.Calculator.&lt;init&gt;(Calculator.java:6)
	at io.michaelcane.Commands.&lt;init&gt;(Commands.java:5)
	at io.michaelcane.Calculator.&lt;init&gt;(Calculator.java:6)
	at io.michaelcane.Commands.&lt;init&gt;(Commands.java:5)
	at io.michaelcane.Calculator.&lt;init&gt;(Calculator.java:6)
	at io.michaelcane.Commands.&lt;init&gt;(Commands.java:5)
	at io.michaelcane.Calculator.&lt;init&gt;(Calculator.java:6)
	at io.michaelcane.Commands.&lt;init&gt;(Commands.java:5)
	at io.michaelcane.Calculator.&lt;init&gt;(Calculator.java:6)
	at io.michaelcane.Commands.&lt;init&gt;(Commands.java:5)
	at io.michaelcane.Calculator.&lt;init&gt;(Calculator.java:6)
	at io.michaelcane.Commands.&lt;init&gt;(Commands.java:5)
	at io.michaelcane.Calculator.&lt;init&gt;(Calculator.java:6)
	at io.michaelcane.Commands.&lt;init&gt;(Commands.java:5)
	at io.michaelcane.Calculator.&lt;init&gt;(Calculator.java:6)
	at io.michaelcane.Commands.&lt;init&gt;(Commands.java:5)
	at io.michaelcane.Calculator.&lt;init&gt;(Calculator.java:6)
	at io.michaelcane.Commands.&lt;init&gt;(Commands.java:5)
	at io.michaelcane.Calculator.&lt;init&gt;(Calculator.java:6)
	at io.michaelcane.Commands.&lt;init&gt;(Commands.java:5)
	at io.michaelcane.Calculator.&lt;init&gt;(Calculator.java:6)
	at io.michaelcane.Commands.&lt;init&gt;(Commands.java:5)
	at io.michaelcane.Calculator.&lt;init&gt;(Calculator.java:6)
	at io.michaelcane.Commands.&lt;init&gt;(Commands.java:5)
	at io.michaelcane.Calculator.&lt;init&gt;(Calculator.java:6)
	at io.michaelcane.Commands.&lt;init&gt;(Commands.java:5)
	at io.michaelcane.Calculator.&lt;init&gt;(Calculator.java:6)
	at io.michaelcane.Commands.&lt;init&gt;(Commands.java:5)
	at io.michaelcane.Calculator.&lt;init&gt;(Calculator.java:6)
	at io.michaelcane.Commands.&lt;init&gt;(Commands.java:5)
	at io.michaelcane.Calculator.&lt;init&gt;(Calculator.java:6)
	at io.michaelcane.Commands.&lt;init&gt;(Commands.java:5)
	at io.michaelcane.Calculator.&lt;init&gt;(Calculator.java:6)
	at io.michaelcane.Commands.&lt;init&gt;(Commands.java:5)
	at io.michaelcane.Calculator.&lt;init&gt;(Calculator.java:6)
	at io.michaelcane.Commands.&lt;init&gt;(Commands.java:5)
	at io.michaelcane.Calculator.&lt;init&gt;(Calculator.java:6)
	at io.michaelcane.Commands.&lt;init&gt;(Commands.java:5)
	at io.michaelcane.Calculator.&lt;init&gt;(Calculator.java:6)
	at io.michaelcane.Commands.&lt;init&gt;(Commands.java:5)
	at io.michaelcane.Calculator.&lt;init&gt;(Calculator.java:6)
	at io.michaelcane.Commands.&lt;init&gt;(Commands.java:5)
	at io.michaelcane.Calculator.&lt;init&gt;(Calculator.java:6)
	at io.michaelcane.Commands.&lt;init&gt;(Commands.java:5)
	at io.michaelcane.Calculator.&lt;init&gt;(Calculator.java:6)
	at io.michaelcane.Commands.&lt;init&gt;(Commands.java:5)
	at io.michaelcane.Calculator.&lt;init&gt;(Calculator.java:6)
	at io.michaelcane.Commands.&lt;init&gt;(Commands.java:5)
	at io.michaelcane.Calculator.&lt;init&gt;(Calculator.java:6)
	at io.michaelcane.Commands.&lt;init&gt;(Commands.java:5)
	at io.michaelcane.Calculator.&lt;init&gt;(Calculator.java:6)
	at io.michaelcane.Commands.&lt;init&gt;(Commands.java:5)
	at io.michaelcane.Calculator.&lt;init&gt;(Calculator.java:6)
	at io.michaelcane.Commands.&lt;init&gt;(Commands.java:5)
	at io.michaelcane.Calculator.&lt;init&gt;(Calculator.java:6)
	at io.michaelcane.Commands.&lt;init&gt;(Commands.java:5)
	at io.michaelcane.Calculator.&lt;init&gt;(Calculator.java:6)
	at io.michaelcane.Commands.&lt;init&gt;(Commands.java:5)
	at io.michaelcane.Calculator.&lt;init&gt;(Calculator.java:6)
	at io.michaelcane.Commands.&lt;init&gt;(Commands.java:5)
	at io.michaelcane.Calculator.&lt;init&gt;(Calculator.java:6)
	at io.michaelcane.Commands.&lt;init&gt;(Commands.java:5)
	at io.michaelcane.Calculator.&lt;init&gt;(Calculator.java:6)
	at io.michaelcane.Commands.&lt;init&gt;(Commands.java:5)
	at io.michaelcane.Calculator.&lt;init&gt;(Calculator.java:6)
	at io.michaelcane.Commands.&lt;init&gt;(Commands.java:5)
	at io.michaelcane.Calculator.&lt;init&gt;(Calculator.java:6)
	at io.michaelcane.Commands.&lt;init&gt;(Commands.java:5)
	at io.michaelcane.Calculator.&lt;init&gt;(Calculator.java:6)
	at io.michaelcane.Commands.&lt;init&gt;(Commands.java:5)
	at io.michaelcane.Calculator.&lt;init&gt;(Calculator.java:6)
	at io.michaelcane.Commands.&lt;init&gt;(Commands.java:5)
	at io.michaelcane.Calculator.&lt;init&gt;(Calculator.java:6)
	at io.michaelcane.Commands.&lt;init&gt;(Commands.java:5)
	at io.michaelcane.Calculator.&lt;init&gt;(Calculator.java:6)
	at io.michaelcane.Commands.&lt;init&gt;(Commands.java:5)
	at io.michaelcane.Calculator.&lt;init&gt;(Calculator.java:6)
	at io.michaelcane.Commands.&lt;init&gt;(Commands.java:5)
	at io.michaelcane.Calculator.&lt;init&gt;(Calculator.java:6)
	at io.michaelcane.Commands.&lt;init&gt;(Commands.java:5)
	at io.michaelcane.Calculator.&lt;init&gt;(Calculator.java:6)
	at io.michaelcane.Commands.&lt;init&gt;(Commands.java:5)
	at io.michaelcane.Calculator.&lt;init&gt;(Calculator.java:6)
	at io.michaelcane.Commands.&lt;init&gt;(Commands.java:5)
	at io.michaelcane.Calculator.&lt;init&gt;(Calculator.java:6)
	at io.michaelcane.Commands.&lt;init&gt;(Commands.java:5)
	at io.michaelcane.Calculator.&lt;init&gt;(Calculator.java:6)
	at io.michaelcane.Commands.&lt;init&gt;(Commands.java:5)
	at io.michaelcane.Calculator.&lt;init&gt;(Calculator.java:6)
	at io.michaelcane.Commands.&lt;init&gt;(Commands.java:5)
	at io.michaelcane.Calculator.&lt;init&gt;(Calculator.java:6)
	at io.michaelcane.Commands.&lt;init&gt;(Commands.java:5)
	at io.michaelcane.Calculator.&lt;init&gt;(Calculator.java:6)
	at io.michaelcane.Commands.&lt;init&gt;(Commands.java:5)
	at io.michaelcane.Calculator.&lt;init&gt;(Calculator.java:6)
	at io.michaelcane.Commands.&lt;init&gt;(Commands.java:5)
	at io.michaelcane.Calculator.&lt;init&gt;(Calculator.java:6)
	at io.michaelcane.Commands.&lt;init&gt;(Commands.java:5)
	at io.michaelcane.Calculator.&lt;init&gt;(Calculator.java:6)
	at io.michaelcane.Commands.&lt;init&gt;(Commands.java:5)
	at io.michaelcane.Calculator.&lt;init&gt;(Calculator.java:6)
	at io.michaelcane.Commands.&lt;init&gt;(Commands.java:5)
	at io.michaelcane.Calculator.&lt;init&gt;(Calculator.java:6)
	at io.michaelcane.Commands.&lt;init&gt;(Commands.java:5)
	at io.michaelcane.Calculator.&lt;init&gt;(Calculator.java:6)
	at io.michaelcane.Commands.&lt;init&gt;(Commands.java:5)
	at io.michaelcane.Calculator.&lt;init&gt;(Calculator.java:6)
	at io.michaelcane.Commands.&lt;init&gt;(Commands.java:5)
	at io.michaelcane.Calculator.&lt;init&gt;(Calculator.java:6)
	at io.michaelcane.Commands.&lt;init&gt;(Commands.java:5)
	at io.michaelcane.Calculator.&lt;init&gt;(Calculator.java:6)
	at io.michaelcane.Commands.&lt;init&gt;(Commands.java:5)
	at io.michaelcane.Calculator.&lt;init&gt;(Calculator.java:6)
	at io.michaelcane.Commands.&lt;init&gt;(Commands.java:5)
	at io.michaelcane.Calculator.&lt;init&gt;(Calculator.java:6)
	at io.michaelcane.Commands.&lt;init&gt;(Commands.java:5)
	at io.michaelcane.Calculator.&lt;init&gt;(Calculator.java:6)
	at io.michaelcane.Commands.&lt;init&gt;(Commands.java:5)
	at io.michaelcane.Calculator.&lt;init&gt;(Calculator.java:6)
	at io.michaelcane.Commands.&lt;init&gt;(Commands.java:5)
</error>
  </testcase>
  <testcase classname="io.michaelcane.CalculatorSpec" name="test$cube" time="0.017">
    <error type="java.lang.StackOverflowError">java.lang.StackOverflowError
	at io.michaelcane.Calculator.&lt;init&gt;(Calculator.java:6)
	at io.michaelcane.Commands.&lt;init&gt;(Commands.java:5)
	at io.michaelcane.Calculator.&lt;init&gt;(Calculator.java:6)
	at io.michaelcane.Commands.&lt;init&gt;(Commands.java:5)
	at io.michaelcane.Calculator.&lt;init&gt;(Calculator.java:6)
	at io.michaelcane.Commands.&lt;init&gt;(Commands.java:5)
	at io.michaelcane.Calculator.&lt;init&gt;(Calculator.java:6)
	at io.michaelcane.Commands.&lt;init&gt;(Commands.java:5)
	at io.michaelcane.Calculator.&lt;init&gt;(Calculator.java:6)
	at io.michaelcane.Commands.&lt;init&gt;(Commands.java:5)
	at io.michaelcane.Calculator.&lt;init&gt;(Calculator.java:6)
	at io.michaelcane.Commands.&lt;init&gt;(Commands.java:5)
	at io.michaelcane.Calculator.&lt;init&gt;(Calculator.java:6)
	at io.michaelcane.Commands.&lt;init&gt;(Commands.java:5)
	at io.michaelcane.Calculator.&lt;init&gt;(Calculator.java:6)
	at io.michaelcane.Commands.&lt;init&gt;(Commands.java:5)
	at io.michaelcane.Calculator.&lt;init&gt;(Calculator.java:6)
	at io.michaelcane.Commands.&lt;init&gt;(Commands.java:5)
	at io.michaelcane.Calculator.&lt;init&gt;(Calculator.java:6)
	at io.michaelcane.Commands.&lt;init&gt;(Commands.java:5)
	at io.michaelcane.Calculator.&lt;init&gt;(Calculator.java:6)
	at io.michaelcane.Commands.&lt;init&gt;(Commands.java:5)
	at io.michaelcane.Calculator.&lt;init&gt;(Calculator.java:6)
	at io.michaelcane.Commands.&lt;init&gt;(Commands.java:5)
	at io.michaelcane.Calculator.&lt;init&gt;(Calculator.java:6)
	at io.michaelcane.Commands.&lt;init&gt;(Commands.java:5)
	at io.michaelcane.Calculator.&lt;init&gt;(Calculator.java:6)
	at io.michaelcane.Commands.&lt;init&gt;(Commands.java:5)
	at io.michaelcane.Calculator.&lt;init&gt;(Calculator.java:6)
	at io.michaelcane.Commands.&lt;init&gt;(Commands.java:5)
	at io.michaelcane.Calculator.&lt;init&gt;(Calculator.java:6)
	at io.michaelcane.Commands.&lt;init&gt;(Commands.java:5)
	at io.michaelcane.Calculator.&lt;init&gt;(Calculator.java:6)
	at io.michaelcane.Commands.&lt;init&gt;(Commands.java:5)
	at io.michaelcane.Calculator.&lt;init&gt;(Calculator.java:6)
	at io.michaelcane.Commands.&lt;init&gt;(Commands.java:5)
	at io.michaelcane.Calculator.&lt;init&gt;(Calculator.java:6)
	at io.michaelcane.Commands.&lt;init&gt;(Commands.java:5)
	at io.michaelcane.Calculator.&lt;init&gt;(Calculator.java:6)
	at io.michaelcane.Commands.&lt;init&gt;(Commands.java:5)
	at io.michaelcane.Calculator.&lt;init&gt;(Calculator.java:6)
	at io.michaelcane.Commands.&lt;init&gt;(Commands.java:5)
	at io.michaelcane.Calculator.&lt;init&gt;(Calculator.java:6)
	at io.michaelcane.Commands.&lt;init&gt;(Commands.java:5)
	at io.michaelcane.Calculator.&lt;init&gt;(Calculator.java:6)
	at io.michaelcane.Commands.&lt;init&gt;(Commands.java:5)
	at io.michaelcane.Calculator.&lt;init&gt;(Calculator.java:6)
	at io.michaelcane.Commands.&lt;init&gt;(Commands.java:5)
	at io.michaelcane.Calculator.&lt;init&gt;(Calculator.java:6)
	at io.michaelcane.Commands.&lt;init&gt;(Commands.java:5)
	at io.michaelcane.Calculator.&lt;init&gt;(Calculator.java:6)
	at io.michaelcane.Commands.&lt;init&gt;(Commands.java:5)
	at io.michaelcane.Calculator.&lt;init&gt;(Calculator.java:6)
	at io.michaelcane.Commands.&lt;init&gt;(Commands.java:5)
	at io.michaelcane.Calculator.&lt;init&gt;(Calculator.java:6)
	at io.michaelcane.Commands.&lt;init&gt;(Commands.java:5)
	at io.michaelcane.Calculator.&lt;init&gt;(Calculator.java:6)
	at io.michaelcane.Commands.&lt;init&gt;(Commands.java:5)
	at io.michaelcane.Calculator.&lt;init&gt;(Calculator.java:6)
	at io.michaelcane.Commands.&lt;init&gt;(Commands.java:5)
	at io.michaelcane.Calculator.&lt;init&gt;(Calculator.java:6)
	at io.michaelcane.Commands.&lt;init&gt;(Commands.java:5)
	at io.michaelcane.Calculator.&lt;init&gt;(Calculator.java:6)
	at io.michaelcane.Commands.&lt;init&gt;(Commands.java:5)
	at io.michaelcane.Calculator.&lt;init&gt;(Calculator.java:6)
	at io.michaelcane.Commands.&lt;init&gt;(Commands.java:5)
	at io.michaelcane.Calculator.&lt;init&gt;(Calculator.java:6)
	at io.michaelcane.Commands.&lt;init&gt;(Commands.java:5)
	at io.michaelcane.Calculator.&lt;init&gt;(Calculator.java:6)
	at io.michaelcane.Commands.&lt;init&gt;(Commands.java:5)
	at io.michaelcane.Calculator.&lt;init&gt;(Calculator.java:6)
	at io.michaelcane.Commands.&lt;init&gt;(Commands.java:5)
	at io.michaelcane.Calculator.&lt;init&gt;(Calculator.java:6)
	at io.michaelcane.Commands.&lt;init&gt;(Commands.java:5)
	at io.michaelcane.Calculator.&lt;init&gt;(Calculator.java:6)
	at io.michaelcane.Commands.&lt;init&gt;(Commands.java:5)
	at io.michaelcane.Calculator.&lt;init&gt;(Calculator.java:6)
	at io.michaelcane.Commands.&lt;init&gt;(Commands.java:5)
	at io.michaelcane.Calculator.&lt;init&gt;(Calculator.java:6)
	at io.michaelcane.Commands.&lt;init&gt;(Commands.java:5)
	at io.michaelcane.Calculator.&lt;init&gt;(Calculator.java:6)
	at io.michaelcane.Commands.&lt;init&gt;(Commands.java:5)
	at io.michaelcane.Calculator.&lt;init&gt;(Calculator.java:6)
	at io.michaelcane.Commands.&lt;init&gt;(Commands.java:5)
	at io.michaelcane.Calculator.&lt;init&gt;(Calculator.java:6)
	at io.michaelcane.Commands.&lt;init&gt;(Commands.java:5)
	at io.michaelcane.Calculator.&lt;init&gt;(Calculator.java:6)
	at io.michaelcane.Commands.&lt;init&gt;(Commands.java:5)
	at io.michaelcane.Calculator.&lt;init&gt;(Calculator.java:6)
	at io.michaelcane.Commands.&lt;init&gt;(Commands.java:5)
	at io.michaelcane.Calculator.&lt;init&gt;(Calculator.java:6)
	at io.michaelcane.Commands.&lt;init&gt;(Commands.java:5)
	at io.michaelcane.Calculator.&lt;init&gt;(Calculator.java:6)
	at io.michaelcane.Commands.&lt;init&gt;(Commands.java:5)
	at io.michaelcane.Calculator.&lt;init&gt;(Calculator.java:6)
	at io.michaelcane.Commands.&lt;init&gt;(Commands.java:5)
	at io.michaelcane.Calculator.&lt;init&gt;(Calculator.java:6)
	at io.michaelcane.Commands.&lt;init&gt;(Commands.java:5)
	at io.michaelcane.Calculator.&lt;init&gt;(Calculator.java:6)
	at io.michaelcane.Commands.&lt;init&gt;(Commands.java:5)
	at io.michaelcane.Calculator.&lt;init&gt;(Calculator.java:6)
	at io.michaelcane.Commands.&lt;init&gt;(Commands.java:5)
	at io.michaelcane.Calculator.&lt;init&gt;(Calculator.java:6)
	at io.michaelcane.Commands.&lt;init&gt;(Commands.java:5)
	at io.michaelcane.Calculator.&lt;init&gt;(Calculator.java:6)
	at io.michaelcane.Commands.&lt;init&gt;(Commands.java:5)
	at io.michaelcane.Calculator.&lt;init&gt;(Calculator.java:6)
	at io.michaelcane.Commands.&lt;init&gt;(Commands.java:5)
	at io.michaelcane.Calculator.&lt;init&gt;(Calculator.java:6)
	at io.michaelcane.Commands.&lt;init&gt;(Commands.java:5)
	at io.michaelcane.Calculator.&lt;init&gt;(Calculator.java:6)
	at io.michaelcane.Commands.&lt;init&gt;(Commands.java:5)
	at io.michaelcane.Calculator.&lt;init&gt;(Calculator.java:6)
	at io.michaelcane.Commands.&lt;init&gt;(Commands.java:5)
	at io.michaelcane.Calculator.&lt;init&gt;(Calculator.java:6)
	at io.michaelcane.Commands.&lt;init&gt;(Commands.java:5)
	at io.michaelcane.Calculator.&lt;init&gt;(Calculator.java:6)
	at io.michaelcane.Commands.&lt;init&gt;(Commands.java:5)
	at io.michaelcane.Calculator.&lt;init&gt;(Calculator.java:6)
	at io.michaelcane.Commands.&lt;init&gt;(Commands.java:5)
	at io.michaelcane.Calculator.&lt;init&gt;(Calculator.java:6)
	at io.michaelcane.Commands.&lt;init&gt;(Commands.java:5)
	at io.michaelcane.Calculator.&lt;init&gt;(Calculator.java:6)
	at io.michaelcane.Commands.&lt;init&gt;(Commands.java:5)
	at io.michaelcane.Calculator.&lt;init&gt;(Calculator.java:6)
	at io.michaelcane.Commands.&lt;init&gt;(Commands.java:5)
	at io.michaelcane.Calculator.&lt;init&gt;(Calculator.java:6)
	at io.michaelcane.Commands.&lt;init&gt;(Commands.java:5)
	at io.michaelcane.Calculator.&lt;init&gt;(Calculator.java:6)
	at io.michaelcane.Commands.&lt;init&gt;(Commands.java:5)
	at io.michaelcane.Calculator.&lt;init&gt;(Calculator.java:6)
	at io.michaelcane.Commands.&lt;init&gt;(Commands.java:5)
	at io.michaelcane.Calculator.&lt;init&gt;(Calculator.java:6)
	at io.michaelcane.Commands.&lt;init&gt;(Commands.java:5)
	at io.michaelcane.Calculator.&lt;init&gt;(Calculator.java:6)
	at io.michaelcane.Commands.&lt;init&gt;(Commands.java:5)
	at io.michaelcane.Calculator.&lt;init&gt;(Calculator.java:6)
	at io.michaelcane.Commands.&lt;init&gt;(Commands.java:5)
	at io.michaelcane.Calculator.&lt;init&gt;(Calculator.java:6)
	at io.michaelcane.Commands.&lt;init&gt;(Commands.java:5)
	at io.michaelcane.Calculator.&lt;init&gt;(Calculator.java:6)
	at io.michaelcane.Commands.&lt;init&gt;(Commands.java:5)
	at io.michaelcane.Calculator.&lt;init&gt;(Calculator.java:6)
	at io.michaelcane.Commands.&lt;init&gt;(Commands.java:5)
	at io.michaelcane.Calculator.&lt;init&gt;(Calculator.java:6)
	at io.michaelcane.Commands.&lt;init&gt;(Commands.java:5)
	at io.michaelcane.Calculator.&lt;init&gt;(Calculator.java:6)
	at io.michaelcane.Commands.&lt;init&gt;(Commands.java:5)
	at io.michaelcane.Calculator.&lt;init&gt;(Calculator.java:6)
	at io.michaelcane.Commands.&lt;init&gt;(Commands.java:5)
	at io.michaelcane.Calculator.&lt;init&gt;(Calculator.java:6)
	at io.michaelcane.Commands.&lt;init&gt;(Commands.java:5)
	at io.michaelcane.Calculator.&lt;init&gt;(Calculator.java:6)
	at io.michaelcane.Commands.&lt;init&gt;(Commands.java:5)
	at io.michaelcane.Calculator.&lt;init&gt;(Calculator.java:6)
	at io.michaelcane.Commands.&lt;init&gt;(Commands.java:5)
	at io.michaelcane.Calculator.&lt;init&gt;(Calculator.java:6)
	at io.michaelcane.Commands.&lt;init&gt;(Commands.java:5)
	at io.michaelcane.Calculator.&lt;init&gt;(Calculator.java:6)
	at io.michaelcane.Commands.&lt;init&gt;(Commands.java:5)
	at io.michaelcane.Calculator.&lt;init&gt;(Calculator.java:6)
	at io.michaelcane.Commands.&lt;init&gt;(Commands.java:5)
	at io.michaelcane.Calculator.&lt;init&gt;(Calculator.java:6)
	at io.michaelcane.Commands.&lt;init&gt;(Commands.java:5)
	at io.michaelcane.Calculator.&lt;init&gt;(Calculator.java:6)
	at io.michaelcane.Commands.&lt;init&gt;(Commands.java:5)
	at io.michaelcane.Calculator.&lt;init&gt;(Calculator.java:6)
	at io.michaelcane.Commands.&lt;init&gt;(Commands.java:5)
	at io.michaelcane.Calculator.&lt;init&gt;(Calculator.java:6)
	at io.michaelcane.Commands.&lt;init&gt;(Commands.java:5)
	at io.michaelcane.Calculator.&lt;init&gt;(Calculator.java:6)
	at io.michaelcane.Commands.&lt;init&gt;(Commands.java:5)
	at io.michaelcane.Calculator.&lt;init&gt;(Calculator.java:6)
	at io.michaelcane.Commands.&lt;init&gt;(Commands.java:5)
	at io.michaelcane.Calculator.&lt;init&gt;(Calculator.java:6)
	at io.michaelcane.Commands.&lt;init&gt;(Commands.java:5)
	at io.michaelcane.Calculator.&lt;init&gt;(Calculator.java:6)
	at io.michaelcane.Commands.&lt;init&gt;(Commands.java:5)
	at io.michaelcane.Calculator.&lt;init&gt;(Calculator.java:6)
	at io.michaelcane.Commands.&lt;init&gt;(Commands.java:5)
	at io.michaelcane.Calculator.&lt;init&gt;(Calculator.java:6)
	at io.michaelcane.Commands.&lt;init&gt;(Commands.java:5)
	at io.michaelcane.Calculator.&lt;init&gt;(Calculator.java:6)
	at io.michaelcane.Commands.&lt;init&gt;(Commands.java:5)
	at io.michaelcane.Calculator.&lt;init&gt;(Calculator.java:6)
	at io.michaelcane.Commands.&lt;init&gt;(Commands.java:5)
	at io.michaelcane.Calculator.&lt;init&gt;(Calculator.java:6)
	at io.michaelcane.Commands.&lt;init&gt;(Commands.java:5)
	at io.michaelcane.Calculator.&lt;init&gt;(Calculator.java:6)
	at io.michaelcane.Commands.&lt;init&gt;(Commands.java:5)
	at io.michaelcane.Calculator.&lt;init&gt;(Calculator.java:6)
	at io.michaelcane.Commands.&lt;init&gt;(Commands.java:5)
	at io.michaelcane.Calculator.&lt;init&gt;(Calculator.java:6)
	at io.michaelcane.Commands.&lt;init&gt;(Commands.java:5)
	at io.michaelcane.Calculator.&lt;init&gt;(Calculator.java:6)
	at io.michaelcane.Commands.&lt;init&gt;(Commands.java:5)
	at io.michaelcane.Calculator.&lt;init&gt;(Calculator.java:6)
	at io.michaelcane.Commands.&lt;init&gt;(Commands.java:5)
	at io.michaelcane.Calculator.&lt;init&gt;(Calculator.java:6)
	at io.michaelcane.Commands.&lt;init&gt;(Commands.java:5)
	at io.michaelcane.Calculator.&lt;init&gt;(Calculator.java:6)
	at io.michaelcane.Commands.&lt;init&gt;(Commands.java:5)
	at io.michaelcane.Calculator.&lt;init&gt;(Calculator.java:6)
	at io.michaelcane.Commands.&lt;init&gt;(Commands.java:5)
	at io.michaelcane.Calculator.&lt;init&gt;(Calculator.java:6)
	at io.michaelcane.Commands.&lt;init&gt;(Commands.java:5)
	at io.michaelcane.Calculator.&lt;init&gt;(Calculator.java:6)
	at io.michaelcane.Commands.&lt;init&gt;(Commands.java:5)
	at io.michaelcane.Calculator.&lt;init&gt;(Calculator.java:6)
	at io.michaelcane.Commands.&lt;init&gt;(Commands.java:5)
	at io.michaelcane.Calculator.&lt;init&gt;(Calculator.java:6)
	at io.michaelcane.Commands.&lt;init&gt;(Commands.java:5)
	at io.michaelcane.Calculator.&lt;init&gt;(Calculator.java:6)
	at io.michaelcane.Commands.&lt;init&gt;(Commands.java:5)
	at io.michaelcane.Calculator.&lt;init&gt;(Calculator.java:6)
	at io.michaelcane.Commands.&lt;init&gt;(Commands.java:5)
	at io.michaelcane.Calculator.&lt;init&gt;(Calculator.java:6)
	at io.michaelcane.Commands.&lt;init&gt;(Commands.java:5)
	at io.michaelcane.Calculator.&lt;init&gt;(Calculator.java:6)
	at io.michaelcane.Commands.&lt;init&gt;(Commands.java:5)
	at io.michaelcane.Calculator.&lt;init&gt;(Calculator.java:6)
	at io.michaelcane.Commands.&lt;init&gt;(Commands.java:5)
	at io.michaelcane.Calculator.&lt;init&gt;(Calculator.java:6)
	at io.michaelcane.Commands.&lt;init&gt;(Commands.java:5)
	at io.michaelcane.Calculator.&lt;init&gt;(Calculator.java:6)
	at io.michaelcane.Commands.&lt;init&gt;(Commands.java:5)
	at io.michaelcane.Calculator.&lt;init&gt;(Calculator.java:6)
	at io.michaelcane.Commands.&lt;init&gt;(Commands.java:5)
	at io.michaelcane.Calculator.&lt;init&gt;(Calculator.java:6)
	at io.michaelcane.Commands.&lt;init&gt;(Commands.java:5)
	at io.michaelcane.Calculator.&lt;init&gt;(Calculator.java:6)
	at io.michaelcane.Commands.&lt;init&gt;(Commands.java:5)
	at io.michaelcane.Calculator.&lt;init&gt;(Calculator.java:6)
	at io.michaelcane.Commands.&lt;init&gt;(Commands.java:5)
	at io.michaelcane.Calculator.&lt;init&gt;(Calculator.java:6)
	at io.michaelcane.Commands.&lt;init&gt;(Commands.java:5)
	at io.michaelcane.Calculator.&lt;init&gt;(Calculator.java:6)
	at io.michaelcane.Commands.&lt;init&gt;(Commands.java:5)
	at io.michaelcane.Calculator.&lt;init&gt;(Calculator.java:6)
	at io.michaelcane.Commands.&lt;init&gt;(Commands.java:5)
	at io.michaelcane.Calculator.&lt;init&gt;(Calculator.java:6)
	at io.michaelcane.Commands.&lt;init&gt;(Commands.java:5)
	at io.michaelcane.Calculator.&lt;init&gt;(Calculator.java:6)
	at io.michaelcane.Commands.&lt;init&gt;(Commands.java:5)
	at io.michaelcane.Calculator.&lt;init&gt;(Calculator.java:6)
	at io.michaelcane.Commands.&lt;init&gt;(Commands.java:5)
	at io.michaelcane.Calculator.&lt;init&gt;(Calculator.java:6)
	at io.michaelcane.Commands.&lt;init&gt;(Commands.java:5)
	at io.michaelcane.Calculator.&lt;init&gt;(Calculator.java:6)
	at io.michaelcane.Commands.&lt;init&gt;(Commands.java:5)
	at io.michaelcane.Calculator.&lt;init&gt;(Calculator.java:6)
	at io.michaelcane.Commands.&lt;init&gt;(Commands.java:5)
	at io.michaelcane.Calculator.&lt;init&gt;(Calculator.java:6)
	at io.michaelcane.Commands.&lt;init&gt;(Commands.java:5)
	at io.michaelcane.Calculator.&lt;init&gt;(Calculator.java:6)
	at io.michaelcane.Commands.&lt;init&gt;(Commands.java:5)
	at io.michaelcane.Calculator.&lt;init&gt;(Calculator.java:6)
	at io.michaelcane.Commands.&lt;init&gt;(Commands.java:5)
	at io.michaelcane.Calculator.&lt;init&gt;(Calculator.java:6)
	at io.michaelcane.Commands.&lt;init&gt;(Commands.java:5)
	at io.michaelcane.Calculator.&lt;init&gt;(Calculator.java:6)
	at io.michaelcane.Commands.&lt;init&gt;(Commands.java:5)
	at io.michaelcane.Calculator.&lt;init&gt;(Calculator.java:6)
	at io.michaelcane.Commands.&lt;init&gt;(Commands.java:5)
	at io.michaelcane.Calculator.&lt;init&gt;(Calculator.java:6)
	at io.michaelcane.Commands.&lt;init&gt;(Commands.java:5)
	at io.michaelcane.Calculator.&lt;init&gt;(Calculator.java:6)
	at io.michaelcane.Commands.&lt;init&gt;(Commands.java:5)
	at io.michaelcane.Calculator.&lt;init&gt;(Calculator.java:6)
	at io.michaelcane.Commands.&lt;init&gt;(Commands.java:5)
	at io.michaelcane.Calculator.&lt;init&gt;(Calculator.java:6)
	at io.michaelcane.Commands.&lt;init&gt;(Commands.java:5)
	at io.michaelcane.Calculator.&lt;init&gt;(Calculator.java:6)
	at io.michaelcane.Commands.&lt;init&gt;(Commands.java:5)
	at io.michaelcane.Calculator.&lt;init&gt;(Calculator.java:6)
	at io.michaelcane.Commands.&lt;init&gt;(Commands.java:5)
	at io.michaelcane.Calculator.&lt;init&gt;(Calculator.java:6)
	at io.michaelcane.Commands.&lt;init&gt;(Commands.java:5)
	at io.michaelcane.Calculator.&lt;init&gt;(Calculator.java:6)
	at io.michaelcane.Commands.&lt;init&gt;(Commands.java:5)
	at io.michaelcane.Calculator.&lt;init&gt;(Calculator.java:6)
	at io.michaelcane.Commands.&lt;init&gt;(Commands.java:5)
	at io.michaelcane.Calculator.&lt;init&gt;(Calculator.java:6)
	at io.michaelcane.Commands.&lt;init&gt;(Commands.java:5)
	at io.michaelcane.Calculator.&lt;init&gt;(Calculator.java:6)
	at io.michaelcane.Commands.&lt;init&gt;(Commands.java:5)
	at io.michaelcane.Calculator.&lt;init&gt;(Calculator.java:6)
	at io.michaelcane.Commands.&lt;init&gt;(Commands.java:5)
	at io.michaelcane.Calculator.&lt;init&gt;(Calculator.java:6)
	at io.michaelcane.Commands.&lt;init&gt;(Commands.java:5)
	at io.michaelcane.Calculator.&lt;init&gt;(Calculator.java:6)
	at io.michaelcane.Commands.&lt;init&gt;(Commands.java:5)
	at io.michaelcane.Calculator.&lt;init&gt;(Calculator.java:6)
	at io.michaelcane.Commands.&lt;init&gt;(Commands.java:5)
	at io.michaelcane.Calculator.&lt;init&gt;(Calculator.java:6)
	at io.michaelcane.Commands.&lt;init&gt;(Commands.java:5)
	at io.michaelcane.Calculator.&lt;init&gt;(Calculator.java:6)
	at io.michaelcane.Commands.&lt;init&gt;(Commands.java:5)
	at io.michaelcane.Calculator.&lt;init&gt;(Calculator.java:6)
	at io.michaelcane.Commands.&lt;init&gt;(Commands.java:5)
	at io.michaelcane.Calculator.&lt;init&gt;(Calculator.java:6)
	at io.michaelcane.Commands.&lt;init&gt;(Commands.java:5)
	at io.michaelcane.Calculator.&lt;init&gt;(Calculator.java:6)
	at io.michaelcane.Commands.&lt;init&gt;(Commands.java:5)
	at io.michaelcane.Calculator.&lt;init&gt;(Calculator.java:6)
	at io.michaelcane.Commands.&lt;init&gt;(Commands.java:5)
	at io.michaelcane.Calculator.&lt;init&gt;(Calculator.java:6)
	at io.michaelcane.Commands.&lt;init&gt;(Commands.java:5)
	at io.michaelcane.Calculator.&lt;init&gt;(Calculator.java:6)
	at io.michaelcane.Commands.&lt;init&gt;(Commands.java:5)
	at io.michaelcane.Calculator.&lt;init&gt;(Calculator.java:6)
	at io.michaelcane.Commands.&lt;init&gt;(Commands.java:5)
	at io.michaelcane.Calculator.&lt;init&gt;(Calculator.java:6)
	at io.michaelcane.Commands.&lt;init&gt;(Commands.java:5)
	at io.michaelcane.Calculator.&lt;init&gt;(Calculator.java:6)
	at io.michaelcane.Commands.&lt;init&gt;(Commands.java:5)
	at io.michaelcane.Calculator.&lt;init&gt;(Calculator.java:6)
	at io.michaelcane.Commands.&lt;init&gt;(Commands.java:5)
	at io.michaelcane.Calculator.&lt;init&gt;(Calculator.java:6)
	at io.michaelcane.Commands.&lt;init&gt;(Commands.java:5)
	at io.michaelcane.Calculator.&lt;init&gt;(Calculator.java:6)
	at io.michaelcane.Commands.&lt;init&gt;(Commands.java:5)
	at io.michaelcane.Calculator.&lt;init&gt;(Calculator.java:6)
	at io.michaelcane.Commands.&lt;init&gt;(Commands.java:5)
	at io.michaelcane.Calculator.&lt;init&gt;(Calculator.java:6)
	at io.michaelcane.Commands.&lt;init&gt;(Commands.java:5)
	at io.michaelcane.Calculator.&lt;init&gt;(Calculator.java:6)
	at io.michaelcane.Commands.&lt;init&gt;(Commands.java:5)
	at io.michaelcane.Calculator.&lt;init&gt;(Calculator.java:6)
	at io.michaelcane.Commands.&lt;init&gt;(Commands.java:5)
	at io.michaelcane.Calculator.&lt;init&gt;(Calculator.java:6)
	at io.michaelcane.Commands.&lt;init&gt;(Commands.java:5)
	at io.michaelcane.Calculator.&lt;init&gt;(Calculator.java:6)
	at io.michaelcane.Commands.&lt;init&gt;(Commands.java:5)
	at io.michaelcane.Calculator.&lt;init&gt;(Calculator.java:6)
	at io.michaelcane.Commands.&lt;init&gt;(Commands.java:5)
	at io.michaelcane.Calculator.&lt;init&gt;(Calculator.java:6)
	at io.michaelcane.Commands.&lt;init&gt;(Commands.java:5)
	at io.michaelcane.Calculator.&lt;init&gt;(Calculator.java:6)
	at io.michaelcane.Commands.&lt;init&gt;(Commands.java:5)
	at io.michaelcane.Calculator.&lt;init&gt;(Calculator.java:6)
	at io.michaelcane.Commands.&lt;init&gt;(Commands.java:5)
	at io.michaelcane.Calculator.&lt;init&gt;(Calculator.java:6)
	at io.michaelcane.Commands.&lt;init&gt;(Commands.java:5)
	at io.michaelcane.Calculator.&lt;init&gt;(Calculator.java:6)
	at io.michaelcane.Commands.&lt;init&gt;(Commands.java:5)
	at io.michaelcane.Calculator.&lt;init&gt;(Calculator.java:6)
	at io.michaelcane.Commands.&lt;init&gt;(Commands.java:5)
	at io.michaelcane.Calculator.&lt;init&gt;(Calculator.java:6)
	at io.michaelcane.Commands.&lt;init&gt;(Commands.java:5)
	at io.michaelcane.Calculator.&lt;init&gt;(Calculator.java:6)
	at io.michaelcane.Commands.&lt;init&gt;(Commands.java:5)
	at io.michaelcane.Calculator.&lt;init&gt;(Calculator.java:6)
	at io.michaelcane.Commands.&lt;init&gt;(Commands.java:5)
	at io.michaelcane.Calculator.&lt;init&gt;(Calculator.java:6)
	at io.michaelcane.Commands.&lt;init&gt;(Commands.java:5)
	at io.michaelcane.Calculator.&lt;init&gt;(Calculator.java:6)
	at io.michaelcane.Commands.&lt;init&gt;(Commands.java:5)
	at io.michaelcane.Calculator.&lt;init&gt;(Calculator.java:6)
	at io.michaelcane.Commands.&lt;init&gt;(Commands.java:5)
	at io.michaelcane.Calculator.&lt;init&gt;(Calculator.java:6)
	at io.michaelcane.Commands.&lt;init&gt;(Commands.java:5)
	at io.michaelcane.Calculator.&lt;init&gt;(Calculator.java:6)
	at io.michaelcane.Commands.&lt;init&gt;(Commands.java:5)
	at io.michaelcane.Calculator.&lt;init&gt;(Calculator.java:6)
	at io.michaelcane.Commands.&lt;init&gt;(Commands.java:5)
	at io.michaelcane.Calculator.&lt;init&gt;(Calculator.java:6)
	at io.michaelcane.Commands.&lt;init&gt;(Commands.java:5)
	at io.michaelcane.Calculator.&lt;init&gt;(Calculator.java:6)
	at io.michaelcane.Commands.&lt;init&gt;(Commands.java:5)
	at io.michaelcane.Calculator.&lt;init&gt;(Calculator.java:6)
	at io.michaelcane.Commands.&lt;init&gt;(Commands.java:5)
	at io.michaelcane.Calculator.&lt;init&gt;(Calculator.java:6)
	at io.michaelcane.Commands.&lt;init&gt;(Commands.java:5)
	at io.michaelcane.Calculator.&lt;init&gt;(Calculator.java:6)
	at io.michaelcane.Commands.&lt;init&gt;(Commands.java:5)
	at io.michaelcane.Calculator.&lt;init&gt;(Calculator.java:6)
	at io.michaelcane.Commands.&lt;init&gt;(Commands.java:5)
	at io.michaelcane.Calculator.&lt;init&gt;(Calculator.java:6)
	at io.michaelcane.Commands.&lt;init&gt;(Commands.java:5)
	at io.michaelcane.Calculator.&lt;init&gt;(Calculator.java:6)
	at io.michaelcane.Commands.&lt;init&gt;(Commands.java:5)
	at io.michaelcane.Calculator.&lt;init&gt;(Calculator.java:6)
	at io.michaelcane.Commands.&lt;init&gt;(Commands.java:5)
	at io.michaelcane.Calculator.&lt;init&gt;(Calculator.java:6)
	at io.michaelcane.Commands.&lt;init&gt;(Commands.java:5)
	at io.michaelcane.Calculator.&lt;init&gt;(Calculator.java:6)
	at io.michaelcane.Commands.&lt;init&gt;(Commands.java:5)
	at io.michaelcane.Calculator.&lt;init&gt;(Calculator.java:6)
	at io.michaelcane.Commands.&lt;init&gt;(Commands.java:5)
	at io.michaelcane.Calculator.&lt;init&gt;(Calculator.java:6)
	at io.michaelcane.Commands.&lt;init&gt;(Commands.java:5)
	at io.michaelcane.Calculator.&lt;init&gt;(Calculator.java:6)
	at io.michaelcane.Commands.&lt;init&gt;(Commands.java:5)
	at io.michaelcane.Calculator.&lt;init&gt;(Calculator.java:6)
	at io.michaelcane.Commands.&lt;init&gt;(Commands.java:5)
	at io.michaelcane.Calculator.&lt;init&gt;(Calculator.java:6)
	at io.michaelcane.Commands.&lt;init&gt;(Commands.java:5)
	at io.michaelcane.Calculator.&lt;init&gt;(Calculator.java:6)
	at io.michaelcane.Commands.&lt;init&gt;(Commands.java:5)
	at io.michaelcane.Calculator.&lt;init&gt;(Calculator.java:6)
	at io.michaelcane.Commands.&lt;init&gt;(Commands.java:5)
	at io.michaelcane.Calculator.&lt;init&gt;(Calculator.java:6)
	at io.michaelcane.Commands.&lt;init&gt;(Commands.java:5)
	at io.michaelcane.Calculator.&lt;init&gt;(Calculator.java:6)
	at io.michaelcane.Commands.&lt;init&gt;(Commands.java:5)
	at io.michaelcane.Calculator.&lt;init&gt;(Calculator.java:6)
	at io.michaelcane.Commands.&lt;init&gt;(Commands.java:5)
	at io.michaelcane.Calculator.&lt;init&gt;(Calculator.java:6)
	at io.michaelcane.Commands.&lt;init&gt;(Commands.java:5)
	at io.michaelcane.Calculator.&lt;init&gt;(Calculator.java:6)
	at io.michaelcane.Commands.&lt;init&gt;(Commands.java:5)
	at io.michaelcane.Calculator.&lt;init&gt;(Calculator.java:6)
	at io.michaelcane.Commands.&lt;init&gt;(Commands.java:5)
	at io.michaelcane.Calculator.&lt;init&gt;(Calculator.java:6)
	at io.michaelcane.Commands.&lt;init&gt;(Commands.java:5)
	at io.michaelcane.Calculator.&lt;init&gt;(Calculator.java:6)
	at io.michaelcane.Commands.&lt;init&gt;(Commands.java:5)
	at io.michaelcane.Calculator.&lt;init&gt;(Calculator.java:6)
	at io.michaelcane.Commands.&lt;init&gt;(Commands.java:5)
	at io.michaelcane.Calculator.&lt;init&gt;(Calculator.java:6)
	at io.michaelcane.Commands.&lt;init&gt;(Commands.java:5)
	at io.michaelcane.Calculator.&lt;init&gt;(Calculator.java:6)
	at io.michaelcane.Commands.&lt;init&gt;(Commands.java:5)
	at io.michaelcane.Calculator.&lt;init&gt;(Calculator.java:6)
	at io.michaelcane.Commands.&lt;init&gt;(Commands.java:5)
	at io.michaelcane.Calculator.&lt;init&gt;(Calculator.java:6)
	at io.michaelcane.Commands.&lt;init&gt;(Commands.java:5)
	at io.michaelcane.Calculator.&lt;init&gt;(Calculator.java:6)
	at io.michaelcane.Commands.&lt;init&gt;(Commands.java:5)
	at io.michaelcane.Calculator.&lt;init&gt;(Calculator.java:6)
	at io.michaelcane.Commands.&lt;init&gt;(Commands.java:5)
	at io.michaelcane.Calculator.&lt;init&gt;(Calculator.java:6)
	at io.michaelcane.Commands.&lt;init&gt;(Commands.java:5)
	at io.michaelcane.Calculator.&lt;init&gt;(Calculator.java:6)
	at io.michaelcane.Commands.&lt;init&gt;(Commands.java:5)
	at io.michaelcane.Calculator.&lt;init&gt;(Calculator.java:6)
	at io.michaelcane.Commands.&lt;init&gt;(Commands.java:5)
	at io.michaelcane.Calculator.&lt;init&gt;(Calculator.java:6)
	at io.michaelcane.Commands.&lt;init&gt;(Commands.java:5)
	at io.michaelcane.Calculator.&lt;init&gt;(Calculator.java:6)
	at io.michaelcane.Commands.&lt;init&gt;(Commands.java:5)
	at io.michaelcane.Calculator.&lt;init&gt;(Calculator.java:6)
	at io.michaelcane.Commands.&lt;init&gt;(Commands.java:5)
	at io.michaelcane.Calculator.&lt;init&gt;(Calculator.java:6)
	at io.michaelcane.Commands.&lt;init&gt;(Commands.java:5)
	at io.michaelcane.Calculator.&lt;init&gt;(Calculator.java:6)
	at io.michaelcane.Commands.&lt;init&gt;(Commands.java:5)
	at io.michaelcane.Calculator.&lt;init&gt;(Calculator.java:6)
	at io.michaelcane.Commands.&lt;init&gt;(Commands.java:5)
	at io.michaelcane.Calculator.&lt;init&gt;(Calculator.java:6)
	at io.michaelcane.Commands.&lt;init&gt;(Commands.java:5)
	at io.michaelcane.Calculator.&lt;init&gt;(Calculator.java:6)
	at io.michaelcane.Commands.&lt;init&gt;(Commands.java:5)
	at io.michaelcane.Calculator.&lt;init&gt;(Calculator.java:6)
	at io.michaelcane.Commands.&lt;init&gt;(Commands.java:5)
	at io.michaelcane.Calculator.&lt;init&gt;(Calculator.java:6)
	at io.michaelcane.Commands.&lt;init&gt;(Commands.java:5)
	at io.michaelcane.Calculator.&lt;init&gt;(Calculator.java:6)
	at io.michaelcane.Commands.&lt;init&gt;(Commands.java:5)
	at io.michaelcane.Calculator.&lt;init&gt;(Calculator.java:6)
	at io.michaelcane.Commands.&lt;init&gt;(Commands.java:5)
	at io.michaelcane.Calculator.&lt;init&gt;(Calculator.java:6)
	at io.michaelcane.Commands.&lt;init&gt;(Commands.java:5)
	at io.michaelcane.Calculator.&lt;init&gt;(Calculator.java:6)
	at io.michaelcane.Commands.&lt;init&gt;(Commands.java:5)
	at io.michaelcane.Calculator.&lt;init&gt;(Calculator.java:6)
	at io.michaelcane.Commands.&lt;init&gt;(Commands.java:5)
	at io.michaelcane.Calculator.&lt;init&gt;(Calculator.java:6)
	at io.michaelcane.Commands.&lt;init&gt;(Commands.java:5)
	at io.michaelcane.Calculator.&lt;init&gt;(Calculator.java:6)
	at io.michaelcane.Commands.&lt;init&gt;(Commands.java:5)
	at io.michaelcane.Calculator.&lt;init&gt;(Calculator.java:6)
	at io.michaelcane.Commands.&lt;init&gt;(Commands.java:5)
	at io.michaelcane.Calculator.&lt;init&gt;(Calculator.java:6)
	at io.michaelcane.Commands.&lt;init&gt;(Commands.java:5)
	at io.michaelcane.Calculator.&lt;init&gt;(Calculator.java:6)
	at io.michaelcane.Commands.&lt;init&gt;(Commands.java:5)
	at io.michaelcane.Calculator.&lt;init&gt;(Calculator.java:6)
	at io.michaelcane.Commands.&lt;init&gt;(Commands.java:5)
	at io.michaelcane.Calculator.&lt;init&gt;(Calculator.java:6)
	at io.michaelcane.Commands.&lt;init&gt;(Commands.java:5)
	at io.michaelcane.Calculator.&lt;init&gt;(Calculator.java:6)
	at io.michaelcane.Commands.&lt;init&gt;(Commands.java:5)
	at io.michaelcane.Calculator.&lt;init&gt;(Calculator.java:6)
	at io.michaelcane.Commands.&lt;init&gt;(Commands.java:5)
	at io.michaelcane.Calculator.&lt;init&gt;(Calculator.java:6)
	at io.michaelcane.Commands.&lt;init&gt;(Commands.java:5)
	at io.michaelcane.Calculator.&lt;init&gt;(Calculator.java:6)
	at io.michaelcane.Commands.&lt;init&gt;(Commands.java:5)
	at io.michaelcane.Calculator.&lt;init&gt;(Calculator.java:6)
	at io.michaelcane.Commands.&lt;init&gt;(Commands.java:5)
	at io.michaelcane.Calculator.&lt;init&gt;(Calculator.java:6)
	at io.michaelcane.Commands.&lt;init&gt;(Commands.java:5)
	at io.michaelcane.Calculator.&lt;init&gt;(Calculator.java:6)
	at io.michaelcane.Commands.&lt;init&gt;(Commands.java:5)
	at io.michaelcane.Calculator.&lt;init&gt;(Calculator.java:6)
	at io.michaelcane.Commands.&lt;init&gt;(Commands.java:5)
	at io.michaelcane.Calculator.&lt;init&gt;(Calculator.java:6)
	at io.michaelcane.Commands.&lt;init&gt;(Commands.java:5)
	at io.michaelcane.Calculator.&lt;init&gt;(Calculator.java:6)
	at io.michaelcane.Commands.&lt;init&gt;(Commands.java:5)
	at io.michaelcane.Calculator.&lt;init&gt;(Calculator.java:6)
	at io.michaelcane.Commands.&lt;init&gt;(Commands.java:5)
	at io.michaelcane.Calculator.&lt;init&gt;(Calculator.java:6)
	at io.michaelcane.Commands.&lt;init&gt;(Commands.java:5)
	at io.michaelcane.Calculator.&lt;init&gt;(Calculator.java:6)
	at io.michaelcane.Commands.&lt;init&gt;(Commands.java:5)
	at io.michaelcane.Calculator.&lt;init&gt;(Calculator.java:6)
	at io.michaelcane.Commands.&lt;init&gt;(Commands.java:5)
	at io.michaelcane.Calculator.&lt;init&gt;(Calculator.java:6)
	at io.michaelcane.Commands.&lt;init&gt;(Commands.java:5)
	at io.michaelcane.Calculator.&lt;init&gt;(Calculator.java:6)
	at io.michaelcane.Commands.&lt;init&gt;(Commands.java:5)
	at io.michaelcane.Calculator.&lt;init&gt;(Calculator.java:6)
	at io.michaelcane.Commands.&lt;init&gt;(Commands.java:5)
	at io.michaelcane.Calculator.&lt;init&gt;(Calculator.java:6)
	at io.michaelcane.Commands.&lt;init&gt;(Commands.java:5)
	at io.michaelcane.Calculator.&lt;init&gt;(Calculator.java:6)
	at io.michaelcane.Commands.&lt;init&gt;(Commands.java:5)
	at io.michaelcane.Calculator.&lt;init&gt;(Calculator.java:6)
	at io.michaelcane.Commands.&lt;init&gt;(Commands.java:5)
	at io.michaelcane.Calculator.&lt;init&gt;(Calculator.java:6)
	at io.michaelcane.Commands.&lt;init&gt;(Commands.java:5)
	at io.michaelcane.Calculator.&lt;init&gt;(Calculator.java:6)
	at io.michaelcane.Commands.&lt;init&gt;(Commands.java:5)
	at io.michaelcane.Calculator.&lt;init&gt;(Calculator.java:6)
	at io.michaelcane.Commands.&lt;init&gt;(Commands.java:5)
	at io.michaelcane.Calculator.&lt;init&gt;(Calculator.java:6)
	at io.michaelcane.Commands.&lt;init&gt;(Commands.java:5)
	at io.michaelcane.Calculator.&lt;init&gt;(Calculator.java:6)
	at io.michaelcane.Commands.&lt;init&gt;(Commands.java:5)
	at io.michaelcane.Calculator.&lt;init&gt;(Calculator.java:6)
	at io.michaelcane.Commands.&lt;init&gt;(Commands.java:5)
	at io.michaelcane.Calculator.&lt;init&gt;(Calculator.java:6)
	at io.michaelcane.Commands.&lt;init&gt;(Commands.java:5)
	at io.michaelcane.Calculator.&lt;init&gt;(Calculator.java:6)
	at io.michaelcane.Commands.&lt;init&gt;(Commands.java:5)
	at io.michaelcane.Calculator.&lt;init&gt;(Calculator.java:6)
	at io.michaelcane.Commands.&lt;init&gt;(Commands.java:5)
	at io.michaelcane.Calculator.&lt;init&gt;(Calculator.java:6)
	at io.michaelcane.Commands.&lt;init&gt;(Commands.java:5)
	at io.michaelcane.Calculator.&lt;init&gt;(Calculator.java:6)
	at io.michaelcane.Commands.&lt;init&gt;(Commands.java:5)
	at io.michaelcane.Calculator.&lt;init&gt;(Calculator.java:6)
	at io.michaelcane.Commands.&lt;init&gt;(Commands.java:5)
	at io.michaelcane.Calculator.&lt;init&gt;(Calculator.java:6)
	at io.michaelcane.Commands.&lt;init&gt;(Commands.java:5)
	at io.michaelcane.Calculator.&lt;init&gt;(Calculator.java:6)
	at io.michaelcane.Commands.&lt;init&gt;(Commands.java:5)
	at io.michaelcane.Calculator.&lt;init&gt;(Calculator.java:6)
	at io.michaelcane.Commands.&lt;init&gt;(Commands.java:5)
	at io.michaelcane.Calculator.&lt;init&gt;(Calculator.java:6)
	at io.michaelcane.Commands.&lt;init&gt;(Commands.java:5)
	at io.michaelcane.Calculator.&lt;init&gt;(Calculator.java:6)
	at io.michaelcane.Commands.&lt;init&gt;(Commands.java:5)
	at io.michaelcane.Calculator.&lt;init&gt;(Calculator.java:6)
	at io.michaelcane.Commands.&lt;init&gt;(Commands.java:5)
	at io.michaelcane.Calculator.&lt;init&gt;(Calculator.java:6)
	at io.michaelcane.Commands.&lt;init&gt;(Commands.java:5)
	at io.michaelcane.Calculator.&lt;init&gt;(Calculator.java:6)
	at io.michaelcane.Commands.&lt;init&gt;(Commands.java:5)
	at io.michaelcane.Calculator.&lt;init&gt;(Calculator.java:6)
	at io.michaelcane.Commands.&lt;init&gt;(Commands.java:5)
	at io.michaelcane.Calculator.&lt;init&gt;(Calculator.java:6)
	at io.michaelcane.Commands.&lt;init&gt;(Commands.java:5)
	at io.michaelcane.Calculator.&lt;init&gt;(Calculator.java:6)
	at io.michaelcane.Commands.&lt;init&gt;(Commands.java:5)
	at io.michaelcane.Calculator.&lt;init&gt;(Calculator.java:6)
	at io.michaelcane.Commands.&lt;init&gt;(Commands.java:5)
	at io.michaelcane.Calculator.&lt;init&gt;(Calculator.java:6)
	at io.michaelcane.Commands.&lt;init&gt;(Commands.java:5)
	at io.michaelcane.Calculator.&lt;init&gt;(Calculator.java:6)
	at io.michaelcane.Commands.&lt;init&gt;(Commands.java:5)
	at io.michaelcane.Calculator.&lt;init&gt;(Calculator.java:6)
	at io.michaelcane.Commands.&lt;init&gt;(Commands.java:5)
	at io.michaelcane.Calculator.&lt;init&gt;(Calculator.java:6)
	at io.michaelcane.Commands.&lt;init&gt;(Commands.java:5)
	at io.michaelcane.Calculator.&lt;init&gt;(Calculator.java:6)
	at io.michaelcane.Commands.&lt;init&gt;(Commands.java:5)
	at io.michaelcane.Calculator.&lt;init&gt;(Calculator.java:6)
	at io.michaelcane.Commands.&lt;init&gt;(Commands.java:5)
	at io.michaelcane.Calculator.&lt;init&gt;(Calculator.java:6)
	at io.michaelcane.Commands.&lt;init&gt;(Commands.java:5)
	at io.michaelcane.Calculator.&lt;init&gt;(Calculator.java:6)
	at io.michaelcane.Commands.&lt;init&gt;(Commands.java:5)
	at io.michaelcane.Calculator.&lt;init&gt;(Calculator.java:6)
	at io.michaelcane.Commands.&lt;init&gt;(Commands.java:5)
	at io.michaelcane.Calculator.&lt;init&gt;(Calculator.java:6)
	at io.michaelcane.Commands.&lt;init&gt;(Commands.java:5)
	at io.michaelcane.Calculator.&lt;init&gt;(Calculator.java:6)
	at io.michaelcane.Commands.&lt;init&gt;(Commands.java:5)
	at io.michaelcane.Calculator.&lt;init&gt;(Calculator.java:6)
	at io.michaelcane.Commands.&lt;init&gt;(Commands.java:5)
	at io.michaelcane.Calculator.&lt;init&gt;(Calculator.java:6)
	at io.michaelcane.Commands.&lt;init&gt;(Commands.java:5)
	at io.michaelcane.Calculator.&lt;init&gt;(Calculator.java:6)
	at io.michaelcane.Commands.&lt;init&gt;(Commands.java:5)
	at io.michaelcane.Calculator.&lt;init&gt;(Calculator.java:6)
	at io.michaelcane.Commands.&lt;init&gt;(Commands.java:5)
	at io.michaelcane.Calculator.&lt;init&gt;(Calculator.java:6)
	at io.michaelcane.Commands.&lt;init&gt;(Commands.java:5)
	at io.michaelcane.Calculator.&lt;init&gt;(Calculator.java:6)
	at io.michaelcane.Commands.&lt;init&gt;(Commands.java:5)
	at io.michaelcane.Calculator.&lt;init&gt;(Calculator.java:6)
	at io.michaelcane.Commands.&lt;init&gt;(Commands.java:5)
	at io.michaelcane.Calculator.&lt;init&gt;(Calculator.java:6)
	at io.michaelcane.Commands.&lt;init&gt;(Commands.java:5)
	at io.michaelcane.Calculator.&lt;init&gt;(Calculator.java:6)
	at io.michaelcane.Commands.&lt;init&gt;(Commands.java:5)
	at io.michaelcane.Calculator.&lt;init&gt;(Calculator.java:6)
	at io.michaelcane.Commands.&lt;init&gt;(Commands.java:5)
	at io.michaelcane.Calculator.&lt;init&gt;(Calculator.java:6)
	at io.michaelcane.Commands.&lt;init&gt;(Commands.java:5)
	at io.michaelcane.Calculator.&lt;init&gt;(Calculator.java:6)
	at io.michaelcane.Commands.&lt;init&gt;(Commands.java:5)
	at io.michaelcane.Calculator.&lt;init&gt;(Calculator.java:6)
	at io.michaelcane.Commands.&lt;init&gt;(Commands.java:5)
	at io.michaelcane.Calculator.&lt;init&gt;(Calculator.java:6)
	at io.michaelcane.Commands.&lt;init&gt;(Commands.java:5)
	at io.michaelcane.Calculator.&lt;init&gt;(Calculator.java:6)
	at io.michaelcane.Commands.&lt;init&gt;(Commands.java:5)
	at io.michaelcane.Calculator.&lt;init&gt;(Calculator.java:6)
	at io.michaelcane.Commands.&lt;init&gt;(Commands.java:5)
	at io.michaelcane.Calculator.&lt;init&gt;(Calculator.java:6)
	at io.michaelcane.Commands.&lt;init&gt;(Commands.java:5)
	at io.michaelcane.Calculator.&lt;init&gt;(Calculator.java:6)
	at io.michaelcane.Commands.&lt;init&gt;(Commands.java:5)
	at io.michaelcane.Calculator.&lt;init&gt;(Calculator.java:6)
	at io.michaelcane.Commands.&lt;init&gt;(Commands.java:5)
	at io.michaelcane.Calculator.&lt;init&gt;(Calculator.java:6)
	at io.michaelcane.Commands.&lt;init&gt;(Commands.java:5)
	at io.michaelcane.Calculator.&lt;init&gt;(Calculator.java:6)
	at io.michaelcane.Commands.&lt;init&gt;(Commands.java:5)
	at io.michaelcane.Calculator.&lt;init&gt;(Calculator.java:6)
	at io.michaelcane.Commands.&lt;init&gt;(Commands.java:5)
	at io.michaelcane.Calculator.&lt;init&gt;(Calculator.java:6)
	at io.michaelcane.Commands.&lt;init&gt;(Commands.java:5)
	at io.michaelcane.Calculator.&lt;init&gt;(Calculator.java:6)
	at io.michaelcane.Commands.&lt;init&gt;(Commands.java:5)
	at io.michaelcane.Calculator.&lt;init&gt;(Calculator.java:6)
	at io.michaelcane.Commands.&lt;init&gt;(Commands.java:5)
	at io.michaelcane.Calculator.&lt;init&gt;(Calculator.java:6)
	at io.michaelcane.Commands.&lt;init&gt;(Commands.java:5)
	at io.michaelcane.Calculator.&lt;init&gt;(Calculator.java:6)
	at io.michaelcane.Commands.&lt;init&gt;(Commands.java:5)
	at io.michaelcane.Calculator.&lt;init&gt;(Calculator.java:6)
	at io.michaelcane.Commands.&lt;init&gt;(Commands.java:5)
	at io.michaelcane.Calculator.&lt;init&gt;(Calculator.java:6)
	at io.michaelcane.Commands.&lt;init&gt;(Commands.java:5)
	at io.michaelcane.Calculator.&lt;init&gt;(Calculator.java:6)
	at io.michaelcane.Commands.&lt;init&gt;(Commands.java:5)
	at io.michaelcane.Calculator.&lt;init&gt;(Calculator.java:6)
	at io.michaelcane.Commands.&lt;init&gt;(Commands.java:5)
	at io.michaelcane.Calculator.&lt;init&gt;(Calculator.java:6)
	at io.michaelcane.Commands.&lt;init&gt;(Commands.java:5)
	at io.michaelcane.Calculator.&lt;init&gt;(Calculator.java:6)
	at io.michaelcane.Commands.&lt;init&gt;(Commands.java:5)
	at io.michaelcane.Calculator.&lt;init&gt;(Calculator.java:6)
	at io.michaelcane.Commands.&lt;init&gt;(Commands.java:5)
	at io.michaelcane.Calculator.&lt;init&gt;(Calculator.java:6)
	at io.michaelcane.Commands.&lt;init&gt;(Commands.java:5)
	at io.michaelcane.Calculator.&lt;init&gt;(Calculator.java:6)
	at io.michaelcane.Commands.&lt;init&gt;(Commands.java:5)
	at io.michaelcane.Calculator.&lt;init&gt;(Calculator.java:6)
	at io.michaelcane.Commands.&lt;init&gt;(Commands.java:5)
	at io.michaelcane.Calculator.&lt;init&gt;(Calculator.java:6)
	at io.michaelcane.Commands.&lt;init&gt;(Commands.java:5)
	at io.michaelcane.Calculator.&lt;init&gt;(Calculator.java:6)
	at io.michaelcane.Commands.&lt;init&gt;(Commands.java:5)
	at io.michaelcane.Calculator.&lt;init&gt;(Calculator.java:6)
	at io.michaelcane.Commands.&lt;init&gt;(Commands.java:5)
	at io.michaelcane.Calculator.&lt;init&gt;(Calculator.java:6)
	at io.michaelcane.Commands.&lt;init&gt;(Commands.java:5)
	at io.michaelcane.Calculator.&lt;init&gt;(Calculator.java:6)
	at io.michaelcane.Commands.&lt;init&gt;(Commands.java:5)
	at io.michaelcane.Calculator.&lt;init&gt;(Calculator.java:6)
	at io.michaelcane.Commands.&lt;init&gt;(Commands.java:5)
	at io.michaelcane.Calculator.&lt;init&gt;(Calculator.java:6)
	at io.michaelcane.Commands.&lt;init&gt;(Commands.java:5)
	at io.michaelcane.Calculator.&lt;init&gt;(Calculator.java:6)
	at io.michaelcane.Commands.&lt;init&gt;(Commands.java:5)
	at io.michaelcane.Calculator.&lt;init&gt;(Calculator.java:6)
	at io.michaelcane.Commands.&lt;init&gt;(Commands.java:5)
	at io.michaelcane.Calculator.&lt;init&gt;(Calculator.java:6)
	at io.michaelcane.Commands.&lt;init&gt;(Commands.java:5)
	at io.michaelcane.Calculator.&lt;init&gt;(Calculator.java:6)
	at io.michaelcane.Commands.&lt;init&gt;(Commands.java:5)
	at io.michaelcane.Calculator.&lt;init&gt;(Calculator.java:6)
	at io.michaelcane.Commands.&lt;init&gt;(Commands.java:5)
	at io.michaelcane.Calculator.&lt;init&gt;(Calculator.java:6)
	at io.michaelcane.Commands.&lt;init&gt;(Commands.java:5)
	at io.michaelcane.Calculator.&lt;init&gt;(Calculator.java:6)
	at io.michaelcane.Commands.&lt;init&gt;(Commands.java:5)
	at io.michaelcane.Calculator.&lt;init&gt;(Calculator.java:6)
	at io.michaelcane.Commands.&lt;init&gt;(Commands.java:5)
	at io.michaelcane.Calculator.&lt;init&gt;(Calculator.java:6)
	at io.michaelcane.Commands.&lt;init&gt;(Commands.java:5)
	at io.michaelcane.Calculator.&lt;init&gt;(Calculator.java:6)
	at io.michaelcane.Commands.&lt;init&gt;(Commands.java:5)
	at io.michaelcane.Calculator.&lt;init&gt;(Calculator.java:6)
	at io.michaelcane.Commands.&lt;init&gt;(Commands.java:5)
	at io.michaelcane.Calculator.&lt;init&gt;(Calculator.java:6)
	at io.michaelcane.Commands.&lt;init&gt;(Commands.java:5)
	at io.michaelcane.Calculator.&lt;init&gt;(Calculator.java:6)
	at io.michaelcane.Commands.&lt;init&gt;(Commands.java:5)
	at io.michaelcane.Calculator.&lt;init&gt;(Calculator.java:6)
	at io.michaelcane.Commands.&lt;init&gt;(Commands.java:5)
	at io.michaelcane.Calculator.&lt;init&gt;(Calculator.java:6)
	at io.michaelcane.Commands.&lt;init&gt;(Commands.java:5)
	at io.michaelcane.Calculator.&lt;init&gt;(Calculator.java:6)
	at io.michaelcane.Commands.&lt;init&gt;(Commands.java:5)
	at io.michaelcane.Calculator.&lt;init&gt;(Calculator.java:6)
	at io.michaelcane.Commands.&lt;init&gt;(Commands.java:5)
	at io.michaelcane.Calculator.&lt;init&gt;(Calculator.java:6)
	at io.michaelcane.Commands.&lt;init&gt;(Commands.java:5)
	at io.michaelcane.Calculator.&lt;init&gt;(Calculator.java:6)
	at io.michaelcane.Commands.&lt;init&gt;(Commands.java:5)
	at io.michaelcane.Calculator.&lt;init&gt;(Calculator.java:6)
	at io.michaelcane.Commands.&lt;init&gt;(Commands.java:5)
	at io.michaelcane.Calculator.&lt;init&gt;(Calculator.java:6)
	at io.michaelcane.Commands.&lt;init&gt;(Commands.java:5)
	at io.michaelcane.Calculator.&lt;init&gt;(Calculator.java:6)
	at io.michaelcane.Commands.&lt;init&gt;(Commands.java:5)
	at io.michaelcane.Calculator.&lt;init&gt;(Calculator.java:6)
	at io.michaelcane.Commands.&lt;init&gt;(Commands.java:5)
	at io.michaelcane.Calculator.&lt;init&gt;(Calculator.java:6)
	at io.michaelcane.Commands.&lt;init&gt;(Commands.java:5)
	at io.michaelcane.Calculator.&lt;init&gt;(Calculator.java:6)
	at io.michaelcane.Commands.&lt;init&gt;(Commands.java:5)
	at io.michaelcane.Calculator.&lt;init&gt;(Calculator.java:6)
	at io.michaelcane.Commands.&lt;init&gt;(Commands.java:5)
	at io.michaelcane.Calculator.&lt;init&gt;(Calculator.java:6)
	at io.michaelcane.Commands.&lt;init&gt;(Commands.java:5)
	at io.michaelcane.Calculator.&lt;init&gt;(Calculator.java:6)
	at io.michaelcane.Commands.&lt;init&gt;(Commands.java:5)
	at io.michaelcane.Calculator.&lt;init&gt;(Calculator.java:6)
	at io.michaelcane.Commands.&lt;init&gt;(Commands.java:5)
	at io.michaelcane.Calculator.&lt;init&gt;(Calculator.java:6)
	at io.michaelcane.Commands.&lt;init&gt;(Commands.java:5)
	at io.michaelcane.Calculator.&lt;init&gt;(Calculator.java:6)
	at io.michaelcane.Commands.&lt;init&gt;(Commands.java:5)
	at io.michaelcane.Calculator.&lt;init&gt;(Calculator.java:6)
	at io.michaelcane.Commands.&lt;init&gt;(Commands.java:5)
	at io.michaelcane.Calculator.&lt;init&gt;(Calculator.java:6)
	at io.michaelcane.Commands.&lt;init&gt;(Commands.java:5)
	at io.michaelcane.Calculator.&lt;init&gt;(Calculator.java:6)
	at io.michaelcane.Commands.&lt;init&gt;(Commands.java:5)
	at io.michaelcane.Calculator.&lt;init&gt;(Calculator.java:6)
	at io.michaelcane.Commands.&lt;init&gt;(Commands.java:5)
	at io.michaelcane.Calculator.&lt;init&gt;(Calculator.java:6)
	at io.michaelcane.Commands.&lt;init&gt;(Commands.java:5)
	at io.michaelcane.Calculator.&lt;init&gt;(Calculator.java:6)
	at io.michaelcane.Commands.&lt;init&gt;(Commands.java:5)
	at io.michaelcane.Calculator.&lt;init&gt;(Calculator.java:6)
	at io.michaelcane.Commands.&lt;init&gt;(Commands.java:5)
	at io.michaelcane.Calculator.&lt;init&gt;(Calculator.java:6)
	at io.michaelcane.Commands.&lt;init&gt;(Commands.java:5)
	at io.michaelcane.Calculator.&lt;init&gt;(Calculator.java:6)
	at io.michaelcane.Commands.&lt;init&gt;(Commands.java:5)
	at io.michaelcane.Calculator.&lt;init&gt;(Calculator.java:6)
	at io.michaelcane.Commands.&lt;init&gt;(Commands.java:5)
	at io.michaelcane.Calculator.&lt;init&gt;(Calculator.java:6)
	at io.michaelcane.Commands.&lt;init&gt;(Commands.java:5)
	at io.michaelcane.Calculator.&lt;init&gt;(Calculator.java:6)
	at io.michaelcane.Commands.&lt;init&gt;(Commands.java:5)
	at io.michaelcane.Calculator.&lt;init&gt;(Calculator.java:6)
	at io.michaelcane.Commands.&lt;init&gt;(Commands.java:5)
	at io.michaelcane.Calculator.&lt;init&gt;(Calculator.java:6)
	at io.michaelcane.Commands.&lt;init&gt;(Commands.java:5)
	at io.michaelcane.Calculator.&lt;init&gt;(Calculator.java:6)
	at io.michaelcane.Commands.&lt;init&gt;(Commands.java:5)
	at io.michaelcane.Calculator.&lt;init&gt;(Calculator.java:6)
	at io.michaelcane.Commands.&lt;init&gt;(Commands.java:5)
	at io.michaelcane.Calculator.&lt;init&gt;(Calculator.java:6)
	at io.michaelcane.Commands.&lt;init&gt;(Commands.java:5)
	at io.michaelcane.Calculator.&lt;init&gt;(Calculator.java:6)
	at io.michaelcane.Commands.&lt;init&gt;(Commands.java:5)
	at io.michaelcane.Calculator.&lt;init&gt;(Calculator.java:6)
	at io.michaelcane.Commands.&lt;init&gt;(Commands.java:5)
	at io.michaelcane.Calculator.&lt;init&gt;(Calculator.java:6)
	at io.michaelcane.Commands.&lt;init&gt;(Commands.java:5)
	at io.michaelcane.Calculator.&lt;init&gt;(Calculator.java:6)
	at io.michaelcane.Commands.&lt;init&gt;(Commands.java:5)
	at io.michaelcane.Calculator.&lt;init&gt;(Calculator.java:6)
	at io.michaelcane.Commands.&lt;init&gt;(Commands.java:5)
	at io.michaelcane.Calculator.&lt;init&gt;(Calculator.java:6)
	at io.michaelcane.Commands.&lt;init&gt;(Commands.java:5)
	at io.michaelcane.Calculator.&lt;init&gt;(Calculator.java:6)
	at io.michaelcane.Commands.&lt;init&gt;(Commands.java:5)
	at io.michaelcane.Calculator.&lt;init&gt;(Calculator.java:6)
	at io.michaelcane.Commands.&lt;init&gt;(Commands.java:5)
	at io.michaelcane.Calculator.&lt;init&gt;(Calculator.java:6)
	at io.michaelcane.Commands.&lt;init&gt;(Commands.java:5)
	at io.michaelcane.Calculator.&lt;init&gt;(Calculator.java:6)
	at io.michaelcane.Commands.&lt;init&gt;(Commands.java:5)
	at io.michaelcane.Calculator.&lt;init&gt;(Calculator.java:6)
	at io.michaelcane.Commands.&lt;init&gt;(Commands.java:5)
	at io.michaelcane.Calculator.&lt;init&gt;(Calculator.java:6)
	at io.michaelcane.Commands.&lt;init&gt;(Commands.java:5)
	at io.michaelcane.Calculator.&lt;init&gt;(Calculator.java:6)
	at io.michaelcane.Commands.&lt;init&gt;(Commands.java:5)
	at io.michaelcane.Calculator.&lt;init&gt;(Calculator.java:6)
	at io.michaelcane.Commands.&lt;init&gt;(Commands.java:5)
	at io.michaelcane.Calculator.&lt;init&gt;(Calculator.java:6)
	at io.michaelcane.Commands.&lt;init&gt;(Commands.java:5)
	at io.michaelcane.Calculator.&lt;init&gt;(Calculator.java:6)
	at io.michaelcane.Commands.&lt;init&gt;(Commands.java:5)
	at io.michaelcane.Calculator.&lt;init&gt;(Calculator.java:6)
	at io.michaelcane.Commands.&lt;init&gt;(Commands.java:5)
	at io.michaelcane.Calculator.&lt;init&gt;(Calculator.java:6)
	at io.michaelcane.Commands.&lt;init&gt;(Commands.java:5)
	at io.michaelcane.Calculator.&lt;init&gt;(Calculator.java:6)
	at io.michaelcane.Commands.&lt;init&gt;(Commands.java:5)
	at io.michaelcane.Calculator.&lt;init&gt;(Calculator.java:6)
	at io.michaelcane.Commands.&lt;init&gt;(Commands.java:5)
	at io.michaelcane.Calculator.&lt;init&gt;(Calculator.java:6)
	at io.michaelcane.Commands.&lt;init&gt;(Commands.java:5)
	at io.michaelcane.Calculator.&lt;init&gt;(Calculator.java:6)
	at io.michaelcane.Commands.&lt;init&gt;(Commands.java:5)
	at io.michaelcane.Calculator.&lt;init&gt;(Calculator.java:6)
	at io.michaelcane.Commands.&lt;init&gt;(Commands.java:5)
	at io.michaelcane.Calculator.&lt;init&gt;(Calculator.java:6)
	at io.michaelcane.Commands.&lt;init&gt;(Commands.java:5)
	at io.michaelcane.Calculator.&lt;init&gt;(Calculator.java:6)
	at io.michaelcane.Commands.&lt;init&gt;(Commands.java:5)
	at io.michaelcane.Calculator.&lt;init&gt;(Calculator.java:6)
	at io.michaelcane.Commands.&lt;init&gt;(Commands.java:5)
	at io.michaelcane.Calculator.&lt;init&gt;(Calculator.java:6)
	at io.michaelcane.Commands.&lt;init&gt;(Commands.java:5)
	at io.michaelcane.Calculator.&lt;init&gt;(Calculator.java:6)
	at io.michaelcane.Commands.&lt;init&gt;(Commands.java:5)
	at io.michaelcane.Calculator.&lt;init&gt;(Calculator.java:6)
	at io.michaelcane.Commands.&lt;init&gt;(Commands.java:5)
	at io.michaelcane.Calculator.&lt;init&gt;(Calculator.java:6)
	at io.michaelcane.Commands.&lt;init&gt;(Commands.java:5)
	at io.michaelcane.Calculator.&lt;init&gt;(Calculator.java:6)
	at io.michaelcane.Commands.&lt;init&gt;(Commands.java:5)
	at io.michaelcane.Calculator.&lt;init&gt;(Calculator.java:6)
	at io.michaelcane.Commands.&lt;init&gt;(Commands.java:5)
	at io.michaelcane.Calculator.&lt;init&gt;(Calculator.java:6)
	at io.michaelcane.Commands.&lt;init&gt;(Commands.java:5)
	at io.michaelcane.Calculator.&lt;init&gt;(Calculator.java:6)
	at io.michaelcane.Commands.&lt;init&gt;(Commands.java:5)
	at io.michaelcane.Calculator.&lt;init&gt;(Calculator.java:6)
	at io.michaelcane.Commands.&lt;init&gt;(Commands.java:5)
	at io.michaelcane.Calculator.&lt;init&gt;(Calculator.java:6)
	at io.michaelcane.Commands.&lt;init&gt;(Commands.java:5)
	at io.michaelcane.Calculator.&lt;init&gt;(Calculator.java:6)
	at io.michaelcane.Commands.&lt;init&gt;(Commands.java:5)
	at io.michaelcane.Calculator.&lt;init&gt;(Calculator.java:6)
	at io.michaelcane.Commands.&lt;init&gt;(Commands.java:5)
	at io.michaelcane.Calculator.&lt;init&gt;(Calculator.java:6)
	at io.michaelcane.Commands.&lt;init&gt;(Commands.java:5)
	at io.michaelcane.Calculator.&lt;init&gt;(Calculator.java:6)
	at io.michaelcane.Commands.&lt;init&gt;(Commands.java:5)
	at io.michaelcane.Calculator.&lt;init&gt;(Calculator.java:6)
	at io.michaelcane.Commands.&lt;init&gt;(Commands.java:5)
	at io.michaelcane.Calculator.&lt;init&gt;(Calculator.java:6)
	at io.michaelcane.Commands.&lt;init&gt;(Commands.java:5)
	at io.michaelcane.Calculator.&lt;init&gt;(Calculator.java:6)
	at io.michaelcane.Commands.&lt;init&gt;(Commands.java:5)
	at io.michaelcane.Calculator.&lt;init&gt;(Calculator.java:6)
	at io.michaelcane.Commands.&lt;init&gt;(Commands.java:5)
	at io.michaelcane.Calculator.&lt;init&gt;(Calculator.java:6)
	at io.michaelcane.Commands.&lt;init&gt;(Commands.java:5)
	at io.michaelcane.Calculator.&lt;init&gt;(Calculator.java:6)
	at io.michaelcane.Commands.&lt;init&gt;(Commands.java:5)
	at io.michaelcane.Calculator.&lt;init&gt;(Calculator.java:6)
	at io.michaelcane.Commands.&lt;init&gt;(Commands.java:5)
	at io.michaelcane.Calculator.&lt;init&gt;(Calculator.java:6)
	at io.michaelcane.Commands.&lt;init&gt;(Commands.java:5)
	at io.michaelcane.Calculator.&lt;init&gt;(Calculator.java:6)
	at io.michaelcane.Commands.&lt;init&gt;(Commands.java:5)
	at io.michaelcane.Calculator.&lt;init&gt;(Calculator.java:6)
	at io.michaelcane.Commands.&lt;init&gt;(Commands.java:5)
	at io.michaelcane.Calculator.&lt;init&gt;(Calculator.java:6)
	at io.michaelcane.Commands.&lt;init&gt;(Commands.java:5)
	at io.michaelcane.Calculator.&lt;init&gt;(Calculator.java:6)
	at io.michaelcane.Commands.&lt;init&gt;(Commands.java:5)
	at io.michaelcane.Calculator.&lt;init&gt;(Calculator.java:6)
	at io.michaelcane.Commands.&lt;init&gt;(Commands.java:5)
	at io.michaelcane.Calculator.&lt;init&gt;(Calculator.java:6)
	at io.michaelcane.Commands.&lt;init&gt;(Commands.java:5)
	at io.michaelcane.Calculator.&lt;init&gt;(Calculator.java:6)
	at io.michaelcane.Commands.&lt;init&gt;(Commands.java:5)
	at io.michaelcane.Calculator.&lt;init&gt;(Calculator.java:6)
	at io.michaelcane.Commands.&lt;init&gt;(Commands.java:5)
	at io.michaelcane.Calculator.&lt;init&gt;(Calculator.java:6)
	at io.michaelcane.Commands.&lt;init&gt;(Commands.java:5)
	at io.michaelcane.Calculator.&lt;init&gt;(Calculator.java:6)
	at io.michaelcane.Commands.&lt;init&gt;(Commands.java:5)
	at io.michaelcane.Calculator.&lt;init&gt;(Calculator.java:6)
	at io.michaelcane.Commands.&lt;init&gt;(Commands.java:5)
	at io.michaelcane.Calculator.&lt;init&gt;(Calculator.java:6)
	at io.michaelcane.Commands.&lt;init&gt;(Commands.java:5)
	at io.michaelcane.Calculator.&lt;init&gt;(Calculator.java:6)
	at io.michaelcane.Commands.&lt;init&gt;(Commands.java:5)
	at io.michaelcane.Calculator.&lt;init&gt;(Calculator.java:6)
	at io.michaelcane.Commands.&lt;init&gt;(Commands.java:5)
	at io.michaelcane.Calculator.&lt;init&gt;(Calculator.java:6)
	at io.michaelcane.Commands.&lt;init&gt;(Commands.java:5)
	at io.michaelcane.Calculator.&lt;init&gt;(Calculator.java:6)
	at io.michaelcane.Commands.&lt;init&gt;(Commands.java:5)
	at io.michaelcane.Calculator.&lt;init&gt;(Calculator.java:6)
	at io.michaelcane.Commands.&lt;init&gt;(Commands.java:5)
	at io.michaelcane.Calculator.&lt;init&gt;(Calculator.java:6)
	at io.michaelcane.Commands.&lt;init&gt;(Commands.java:5)
	at io.michaelcane.Calculator.&lt;init&gt;(Calculator.java:6)
	at io.michaelcane.Commands.&lt;init&gt;(Commands.java:5)
	at io.michaelcane.Calculator.&lt;init&gt;(Calculator.java:6)
	at io.michaelcane.Commands.&lt;init&gt;(Commands.java:5)
	at io.michaelcane.Calculator.&lt;init&gt;(Calculator.java:6)
	at io.michaelcane.Commands.&lt;init&gt;(Commands.java:5)
	at io.michaelcane.Calculator.&lt;init&gt;(Calculator.java:6)
	at io.michaelcane.Commands.&lt;init&gt;(Commands.java:5)
	at io.michaelcane.Calculator.&lt;init&gt;(Calculator.java:6)
	at io.michaelcane.Commands.&lt;init&gt;(Commands.java:5)
	at io.michaelcane.Calculator.&lt;init&gt;(Calculator.java:6)
	at io.michaelcane.Commands.&lt;init&gt;(Commands.java:5)
	at io.michaelcane.Calculator.&lt;init&gt;(Calculator.java:6)
	at io.michaelcane.Commands.&lt;init&gt;(Commands.java:5)
	at io.michaelcane.Calculator.&lt;init&gt;(Calculator.java:6)
	at io.michaelcane.Commands.&lt;init&gt;(Commands.java:5)
	at io.michaelcane.Calculator.&lt;init&gt;(Calculator.java:6)
	at io.michaelcane.Commands.&lt;init&gt;(Commands.java:5)
	at io.michaelcane.Calculator.&lt;init&gt;(Calculator.java:6)
	at io.michaelcane.Commands.&lt;init&gt;(Commands.java:5)
	at io.michaelcane.Calculator.&lt;init&gt;(Calculator.java:6)
	at io.michaelcane.Commands.&lt;init&gt;(Commands.java:5)
	at io.michaelcane.Calculator.&lt;init&gt;(Calculator.java:6)
	at io.michaelcane.Commands.&lt;init&gt;(Commands.java:5)
	at io.michaelcane.Calculator.&lt;init&gt;(Calculator.java:6)
	at io.michaelcane.Commands.&lt;init&gt;(Commands.java:5)
	at io.michaelcane.Calculator.&lt;init&gt;(Calculator.java:6)
	at io.michaelcane.Commands.&lt;init&gt;(Commands.java:5)
	at io.michaelcane.Calculator.&lt;init&gt;(Calculator.java:6)
	at io.michaelcane.Commands.&lt;init&gt;(Commands.java:5)
	at io.michaelcane.Calculator.&lt;init&gt;(Calculator.java:6)
	at io.michaelcane.Commands.&lt;init&gt;(Commands.java:5)
	at io.michaelcane.Calculator.&lt;init&gt;(Calculator.java:6)
	at io.michaelcane.Commands.&lt;init&gt;(Commands.java:5)
	at io.michaelcane.Calculator.&lt;init&gt;(Calculator.java:6)
	at io.michaelcane.Commands.&lt;init&gt;(Commands.java:5)
	at io.michaelcane.Calculator.&lt;init&gt;(Calculator.java:6)
	at io.michaelcane.Commands.&lt;init&gt;(Commands.java:5)
	at io.michaelcane.Calculator.&lt;init&gt;(Calculator.java:6)
	at io.michaelcane.Commands.&lt;init&gt;(Commands.java:5)
	at io.michaelcane.Calculator.&lt;init&gt;(Calculator.java:6)
	at io.michaelcane.Commands.&lt;init&gt;(Commands.java:5)
	at io.michaelcane.Calculator.&lt;init&gt;(Calculator.java:6)
	at io.michaelcane.Commands.&lt;init&gt;(Commands.java:5)
	at io.michaelcane.Calculator.&lt;init&gt;(Calculator.java:6)
	at io.michaelcane.Commands.&lt;init&gt;(Commands.java:5)
	at io.michaelcane.Calculator.&lt;init&gt;(Calculator.java:6)
	at io.michaelcane.Commands.&lt;init&gt;(Commands.java:5)
	at io.michaelcane.Calculator.&lt;init&gt;(Calculator.java:6)
	at io.michaelcane.Commands.&lt;init&gt;(Commands.java:5)
	at io.michaelcane.Calculator.&lt;init&gt;(Calculator.java:6)
	at io.michaelcane.Commands.&lt;init&gt;(Commands.java:5)
	at io.michaelcane.Calculator.&lt;init&gt;(Calculator.java:6)
	at io.michaelcane.Commands.&lt;init&gt;(Commands.java:5)
	at io.michaelcane.Calculator.&lt;init&gt;(Calculator.java:6)
	at io.michaelcane.Commands.&lt;init&gt;(Commands.java:5)
	at io.michaelcane.Calculator.&lt;init&gt;(Calculator.java:6)
	at io.michaelcane.Commands.&lt;init&gt;(Commands.java:5)
	at io.michaelcane.Calculator.&lt;init&gt;(Calculator.java:6)
	at io.michaelcane.Commands.&lt;init&gt;(Commands.java:5)
	at io.michaelcane.Calculator.&lt;init&gt;(Calculator.java:6)
	at io.michaelcane.Commands.&lt;init&gt;(Commands.java:5)
	at io.michaelcane.Calculator.&lt;init&gt;(Calculator.java:6)
	at io.michaelcane.Commands.&lt;init&gt;(Commands.java:5)
	at io.michaelcane.Calculator.&lt;init&gt;(Calculator.java:6)
	at io.michaelcane.Commands.&lt;init&gt;(Commands.java:5)
	at io.michaelcane.Calculator.&lt;init&gt;(Calculator.java:6)
	at io.michaelcane.Commands.&lt;init&gt;(Commands.java:5)
	at io.michaelcane.Calculator.&lt;init&gt;(Calculator.java:6)
	at io.michaelcane.Commands.&lt;init&gt;(Commands.java:5)
	at io.michaelcane.Calculator.&lt;init&gt;(Calculator.java:6)
	at io.michaelcane.Commands.&lt;init&gt;(Commands.java:5)
	at io.michaelcane.Calculator.&lt;init&gt;(Calculator.java:6)
	at io.michaelcane.Commands.&lt;init&gt;(Commands.java:5)
	at io.michaelcane.Calculator.&lt;init&gt;(Calculator.java:6)
	at io.michaelcane.Commands.&lt;init&gt;(Commands.java:5)
	at io.michaelcane.Calculator.&lt;init&gt;(Calculator.java:6)
	at io.michaelcane.Commands.&lt;init&gt;(Commands.java:5)
	at io.michaelcane.Calculator.&lt;init&gt;(Calculator.java:6)
	at io.michaelcane.Commands.&lt;init&gt;(Commands.java:5)
	at io.michaelcane.Calculator.&lt;init&gt;(Calculator.java:6)
	at io.michaelcane.Commands.&lt;init&gt;(Commands.java:5)
	at io.michaelcane.Calculator.&lt;init&gt;(Calculator.java:6)
	at io.michaelcane.Commands.&lt;init&gt;(Commands.java:5)
	at io.michaelcane.Calculator.&lt;init&gt;(Calculator.java:6)
	at io.michaelcane.Commands.&lt;init&gt;(Commands.java:5)
	at io.michaelcane.Calculator.&lt;init&gt;(Calculator.java:6)
	at io.michaelcane.Commands.&lt;init&gt;(Commands.java:5)
	at io.michaelcane.Calculator.&lt;init&gt;(Calculator.java:6)
	at io.michaelcane.Commands.&lt;init&gt;(Commands.java:5)
	at io.michaelcane.Calculator.&lt;init&gt;(Calculator.java:6)
	at io.michaelcane.Commands.&lt;init&gt;(Commands.java:5)
	at io.michaelcane.Calculator.&lt;init&gt;(Calculator.java:6)
	at io.michaelcane.Commands.&lt;init&gt;(Commands.java:5)
	at io.michaelcane.Calculator.&lt;init&gt;(Calculator.java:6)
	at io.michaelcane.Commands.&lt;init&gt;(Commands.java:5)
	at io.michaelcane.Calculator.&lt;init&gt;(Calculator.java:6)
	at io.michaelcane.Commands.&lt;init&gt;(Commands.java:5)
	at io.michaelcane.Calculator.&lt;init&gt;(Calculator.java:6)
	at io.michaelcane.Commands.&lt;init&gt;(Commands.java:5)
	at io.michaelcane.Calculator.&lt;init&gt;(Calculator.java:6)
	at io.michaelcane.Commands.&lt;init&gt;(Commands.java:5)
	at io.michaelcane.Calculator.&lt;init&gt;(Calculator.java:6)
	at io.michaelcane.Commands.&lt;init&gt;(Commands.java:5)
	at io.michaelcane.Calculator.&lt;init&gt;(Calculator.java:6)
	at io.michaelcane.Commands.&lt;init&gt;(Commands.java:5)
	at io.michaelcane.Calculator.&lt;init&gt;(Calculator.java:6)
	at io.michaelcane.Commands.&lt;init&gt;(Commands.java:5)
	at io.michaelcane.Calculator.&lt;init&gt;(Calculator.java:6)
	at io.michaelcane.Commands.&lt;init&gt;(Commands.java:5)
	at io.michaelcane.Calculator.&lt;init&gt;(Calculator.java:6)
	at io.michaelcane.Commands.&lt;init&gt;(Commands.java:5)
	at io.michaelcane.Calculator.&lt;init&gt;(Calculator.java:6)
	at io.michaelcane.Commands.&lt;init&gt;(Commands.java:5)
	at io.michaelcane.Calculator.&lt;init&gt;(Calculator.java:6)
	at io.michaelcane.Commands.&lt;init&gt;(Commands.java:5)
</error>
  </testcase>
  <testcase classname="io.michaelcane.CalculatorSpec" name="test$sin" time="0.015">
    <error type="java.lang.StackOverflowError">java.lang.StackOverflowError
	at io.michaelcane.Calculator.&lt;init&gt;(Calculator.java:6)
	at io.michaelcane.Commands.&lt;init&gt;(Commands.java:5)
	at io.michaelcane.Calculator.&lt;init&gt;(Calculator.java:6)
	at io.michaelcane.Commands.&lt;init&gt;(Commands.java:5)
	at io.michaelcane.Calculator.&lt;init&gt;(Calculator.java:6)
	at io.michaelcane.Commands.&lt;init&gt;(Commands.java:5)
	at io.michaelcane.Calculator.&lt;init&gt;(Calculator.java:6)
	at io.michaelcane.Commands.&lt;init&gt;(Commands.java:5)
	at io.michaelcane.Calculator.&lt;init&gt;(Calculator.java:6)
	at io.michaelcane.Commands.&lt;init&gt;(Commands.java:5)
	at io.michaelcane.Calculator.&lt;init&gt;(Calculator.java:6)
	at io.michaelcane.Commands.&lt;init&gt;(Commands.java:5)
	at io.michaelcane.Calculator.&lt;init&gt;(Calculator.java:6)
	at io.michaelcane.Commands.&lt;init&gt;(Commands.java:5)
	at io.michaelcane.Calculator.&lt;init&gt;(Calculator.java:6)
	at io.michaelcane.Commands.&lt;init&gt;(Commands.java:5)
	at io.michaelcane.Calculator.&lt;init&gt;(Calculator.java:6)
	at io.michaelcane.Commands.&lt;init&gt;(Commands.java:5)
	at io.michaelcane.Calculator.&lt;init&gt;(Calculator.java:6)
	at io.michaelcane.Commands.&lt;init&gt;(Commands.java:5)
	at io.michaelcane.Calculator.&lt;init&gt;(Calculator.java:6)
	at io.michaelcane.Commands.&lt;init&gt;(Commands.java:5)
	at io.michaelcane.Calculator.&lt;init&gt;(Calculator.java:6)
	at io.michaelcane.Commands.&lt;init&gt;(Commands.java:5)
	at io.michaelcane.Calculator.&lt;init&gt;(Calculator.java:6)
	at io.michaelcane.Commands.&lt;init&gt;(Commands.java:5)
	at io.michaelcane.Calculator.&lt;init&gt;(Calculator.java:6)
	at io.michaelcane.Commands.&lt;init&gt;(Commands.java:5)
	at io.michaelcane.Calculator.&lt;init&gt;(Calculator.java:6)
	at io.michaelcane.Commands.&lt;init&gt;(Commands.java:5)
	at io.michaelcane.Calculator.&lt;init&gt;(Calculator.java:6)
	at io.michaelcane.Commands.&lt;init&gt;(Commands.java:5)
	at io.michaelcane.Calculator.&lt;init&gt;(Calculator.java:6)
	at io.michaelcane.Commands.&lt;init&gt;(Commands.java:5)
	at io.michaelcane.Calculator.&lt;init&gt;(Calculator.java:6)
	at io.michaelcane.Commands.&lt;init&gt;(Commands.java:5)
	at io.michaelcane.Calculator.&lt;init&gt;(Calculator.java:6)
	at io.michaelcane.Commands.&lt;init&gt;(Commands.java:5)
	at io.michaelcane.Calculator.&lt;init&gt;(Calculator.java:6)
	at io.michaelcane.Commands.&lt;init&gt;(Commands.java:5)
	at io.michaelcane.Calculator.&lt;init&gt;(Calculator.java:6)
	at io.michaelcane.Commands.&lt;init&gt;(Commands.java:5)
	at io.michaelcane.Calculator.&lt;init&gt;(Calculator.java:6)
	at io.michaelcane.Commands.&lt;init&gt;(Commands.java:5)
	at io.michaelcane.Calculator.&lt;init&gt;(Calculator.java:6)
	at io.michaelcane.Commands.&lt;init&gt;(Commands.java:5)
	at io.michaelcane.Calculator.&lt;init&gt;(Calculator.java:6)
	at io.michaelcane.Commands.&lt;init&gt;(Commands.java:5)
	at io.michaelcane.Calculator.&lt;init&gt;(Calculator.java:6)
	at io.michaelcane.Commands.&lt;init&gt;(Commands.java:5)
	at io.michaelcane.Calculator.&lt;init&gt;(Calculator.java:6)
	at io.michaelcane.Commands.&lt;init&gt;(Commands.java:5)
	at io.michaelcane.Calculator.&lt;init&gt;(Calculator.java:6)
	at io.michaelcane.Commands.&lt;init&gt;(Commands.java:5)
	at io.michaelcane.Calculator.&lt;init&gt;(Calculator.java:6)
	at io.michaelcane.Commands.&lt;init&gt;(Commands.java:5)
	at io.michaelcane.Calculator.&lt;init&gt;(Calculator.java:6)
	at io.michaelcane.Commands.&lt;init&gt;(Commands.java:5)
	at io.michaelcane.Calculator.&lt;init&gt;(Calculator.java:6)
	at io.michaelcane.Commands.&lt;init&gt;(Commands.java:5)
	at io.michaelcane.Calculator.&lt;init&gt;(Calculator.java:6)
	at io.michaelcane.Commands.&lt;init&gt;(Commands.java:5)
	at io.michaelcane.Calculator.&lt;init&gt;(Calculator.java:6)
	at io.michaelcane.Commands.&lt;init&gt;(Commands.java:5)
	at io.michaelcane.Calculator.&lt;init&gt;(Calculator.java:6)
	at io.michaelcane.Commands.&lt;init&gt;(Commands.java:5)
	at io.michaelcane.Calculator.&lt;init&gt;(Calculator.java:6)
	at io.michaelcane.Commands.&lt;init&gt;(Commands.java:5)
	at io.michaelcane.Calculator.&lt;init&gt;(Calculator.java:6)
	at io.michaelcane.Commands.&lt;init&gt;(Commands.java:5)
	at io.michaelcane.Calculator.&lt;init&gt;(Calculator.java:6)
	at io.michaelcane.Commands.&lt;init&gt;(Commands.java:5)
	at io.michaelcane.Calculator.&lt;init&gt;(Calculator.java:6)
	at io.michaelcane.Commands.&lt;init&gt;(Commands.java:5)
	at io.michaelcane.Calculator.&lt;init&gt;(Calculator.java:6)
	at io.michaelcane.Commands.&lt;init&gt;(Commands.java:5)
	at io.michaelcane.Calculator.&lt;init&gt;(Calculator.java:6)
	at io.michaelcane.Commands.&lt;init&gt;(Commands.java:5)
	at io.michaelcane.Calculator.&lt;init&gt;(Calculator.java:6)
	at io.michaelcane.Commands.&lt;init&gt;(Commands.java:5)
	at io.michaelcane.Calculator.&lt;init&gt;(Calculator.java:6)
	at io.michaelcane.Commands.&lt;init&gt;(Commands.java:5)
	at io.michaelcane.Calculator.&lt;init&gt;(Calculator.java:6)
	at io.michaelcane.Commands.&lt;init&gt;(Commands.java:5)
	at io.michaelcane.Calculator.&lt;init&gt;(Calculator.java:6)
	at io.michaelcane.Commands.&lt;init&gt;(Commands.java:5)
	at io.michaelcane.Calculator.&lt;init&gt;(Calculator.java:6)
	at io.michaelcane.Commands.&lt;init&gt;(Commands.java:5)
	at io.michaelcane.Calculator.&lt;init&gt;(Calculator.java:6)
	at io.michaelcane.Commands.&lt;init&gt;(Commands.java:5)
	at io.michaelcane.Calculator.&lt;init&gt;(Calculator.java:6)
	at io.michaelcane.Commands.&lt;init&gt;(Commands.java:5)
	at io.michaelcane.Calculator.&lt;init&gt;(Calculator.java:6)
	at io.michaelcane.Commands.&lt;init&gt;(Commands.java:5)
	at io.michaelcane.Calculator.&lt;init&gt;(Calculator.java:6)
	at io.michaelcane.Commands.&lt;init&gt;(Commands.java:5)
	at io.michaelcane.Calculator.&lt;init&gt;(Calculator.java:6)
	at io.michaelcane.Commands.&lt;init&gt;(Commands.java:5)
	at io.michaelcane.Calculator.&lt;init&gt;(Calculator.java:6)
	at io.michaelcane.Commands.&lt;init&gt;(Commands.java:5)
	at io.michaelcane.Calculator.&lt;init&gt;(Calculator.java:6)
	at io.michaelcane.Commands.&lt;init&gt;(Commands.java:5)
	at io.michaelcane.Calculator.&lt;init&gt;(Calculator.java:6)
	at io.michaelcane.Commands.&lt;init&gt;(Commands.java:5)
	at io.michaelcane.Calculator.&lt;init&gt;(Calculator.java:6)
	at io.michaelcane.Commands.&lt;init&gt;(Commands.java:5)
	at io.michaelcane.Calculator.&lt;init&gt;(Calculator.java:6)
	at io.michaelcane.Commands.&lt;init&gt;(Commands.java:5)
	at io.michaelcane.Calculator.&lt;init&gt;(Calculator.java:6)
	at io.michaelcane.Commands.&lt;init&gt;(Commands.java:5)
	at io.michaelcane.Calculator.&lt;init&gt;(Calculator.java:6)
	at io.michaelcane.Commands.&lt;init&gt;(Commands.java:5)
	at io.michaelcane.Calculator.&lt;init&gt;(Calculator.java:6)
	at io.michaelcane.Commands.&lt;init&gt;(Commands.java:5)
	at io.michaelcane.Calculator.&lt;init&gt;(Calculator.java:6)
	at io.michaelcane.Commands.&lt;init&gt;(Commands.java:5)
	at io.michaelcane.Calculator.&lt;init&gt;(Calculator.java:6)
	at io.michaelcane.Commands.&lt;init&gt;(Commands.java:5)
	at io.michaelcane.Calculator.&lt;init&gt;(Calculator.java:6)
	at io.michaelcane.Commands.&lt;init&gt;(Commands.java:5)
	at io.michaelcane.Calculator.&lt;init&gt;(Calculator.java:6)
	at io.michaelcane.Commands.&lt;init&gt;(Commands.java:5)
	at io.michaelcane.Calculator.&lt;init&gt;(Calculator.java:6)
	at io.michaelcane.Commands.&lt;init&gt;(Commands.java:5)
	at io.michaelcane.Calculator.&lt;init&gt;(Calculator.java:6)
	at io.michaelcane.Commands.&lt;init&gt;(Commands.java:5)
	at io.michaelcane.Calculator.&lt;init&gt;(Calculator.java:6)
	at io.michaelcane.Commands.&lt;init&gt;(Commands.java:5)
	at io.michaelcane.Calculator.&lt;init&gt;(Calculator.java:6)
	at io.michaelcane.Commands.&lt;init&gt;(Commands.java:5)
	at io.michaelcane.Calculator.&lt;init&gt;(Calculator.java:6)
	at io.michaelcane.Commands.&lt;init&gt;(Commands.java:5)
	at io.michaelcane.Calculator.&lt;init&gt;(Calculator.java:6)
	at io.michaelcane.Commands.&lt;init&gt;(Commands.java:5)
	at io.michaelcane.Calculator.&lt;init&gt;(Calculator.java:6)
	at io.michaelcane.Commands.&lt;init&gt;(Commands.java:5)
	at io.michaelcane.Calculator.&lt;init&gt;(Calculator.java:6)
	at io.michaelcane.Commands.&lt;init&gt;(Commands.java:5)
	at io.michaelcane.Calculator.&lt;init&gt;(Calculator.java:6)
	at io.michaelcane.Commands.&lt;init&gt;(Commands.java:5)
	at io.michaelcane.Calculator.&lt;init&gt;(Calculator.java:6)
	at io.michaelcane.Commands.&lt;init&gt;(Commands.java:5)
	at io.michaelcane.Calculator.&lt;init&gt;(Calculator.java:6)
	at io.michaelcane.Commands.&lt;init&gt;(Commands.java:5)
	at io.michaelcane.Calculator.&lt;init&gt;(Calculator.java:6)
	at io.michaelcane.Commands.&lt;init&gt;(Commands.java:5)
	at io.michaelcane.Calculator.&lt;init&gt;(Calculator.java:6)
	at io.michaelcane.Commands.&lt;init&gt;(Commands.java:5)
	at io.michaelcane.Calculator.&lt;init&gt;(Calculator.java:6)
	at io.michaelcane.Commands.&lt;init&gt;(Commands.java:5)
	at io.michaelcane.Calculator.&lt;init&gt;(Calculator.java:6)
	at io.michaelcane.Commands.&lt;init&gt;(Commands.java:5)
	at io.michaelcane.Calculator.&lt;init&gt;(Calculator.java:6)
	at io.michaelcane.Commands.&lt;init&gt;(Commands.java:5)
	at io.michaelcane.Calculator.&lt;init&gt;(Calculator.java:6)
	at io.michaelcane.Commands.&lt;init&gt;(Commands.java:5)
	at io.michaelcane.Calculator.&lt;init&gt;(Calculator.java:6)
	at io.michaelcane.Commands.&lt;init&gt;(Commands.java:5)
	at io.michaelcane.Calculator.&lt;init&gt;(Calculator.java:6)
	at io.michaelcane.Commands.&lt;init&gt;(Commands.java:5)
	at io.michaelcane.Calculator.&lt;init&gt;(Calculator.java:6)
	at io.michaelcane.Commands.&lt;init&gt;(Commands.java:5)
	at io.michaelcane.Calculator.&lt;init&gt;(Calculator.java:6)
	at io.michaelcane.Commands.&lt;init&gt;(Commands.java:5)
	at io.michaelcane.Calculator.&lt;init&gt;(Calculator.java:6)
	at io.michaelcane.Commands.&lt;init&gt;(Commands.java:5)
	at io.michaelcane.Calculator.&lt;init&gt;(Calculator.java:6)
	at io.michaelcane.Commands.&lt;init&gt;(Commands.java:5)
	at io.michaelcane.Calculator.&lt;init&gt;(Calculator.java:6)
	at io.michaelcane.Commands.&lt;init&gt;(Commands.java:5)
	at io.michaelcane.Calculator.&lt;init&gt;(Calculator.java:6)
	at io.michaelcane.Commands.&lt;init&gt;(Commands.java:5)
	at io.michaelcane.Calculator.&lt;init&gt;(Calculator.java:6)
	at io.michaelcane.Commands.&lt;init&gt;(Commands.java:5)
	at io.michaelcane.Calculator.&lt;init&gt;(Calculator.java:6)
	at io.michaelcane.Commands.&lt;init&gt;(Commands.java:5)
	at io.michaelcane.Calculator.&lt;init&gt;(Calculator.java:6)
	at io.michaelcane.Commands.&lt;init&gt;(Commands.java:5)
	at io.michaelcane.Calculator.&lt;init&gt;(Calculator.java:6)
	at io.michaelcane.Commands.&lt;init&gt;(Commands.java:5)
	at io.michaelcane.Calculator.&lt;init&gt;(Calculator.java:6)
	at io.michaelcane.Commands.&lt;init&gt;(Commands.java:5)
	at io.michaelcane.Calculator.&lt;init&gt;(Calculator.java:6)
	at io.michaelcane.Commands.&lt;init&gt;(Commands.java:5)
	at io.michaelcane.Calculator.&lt;init&gt;(Calculator.java:6)
	at io.michaelcane.Commands.&lt;init&gt;(Commands.java:5)
	at io.michaelcane.Calculator.&lt;init&gt;(Calculator.java:6)
	at io.michaelcane.Commands.&lt;init&gt;(Commands.java:5)
	at io.michaelcane.Calculator.&lt;init&gt;(Calculator.java:6)
	at io.michaelcane.Commands.&lt;init&gt;(Commands.java:5)
	at io.michaelcane.Calculator.&lt;init&gt;(Calculator.java:6)
	at io.michaelcane.Commands.&lt;init&gt;(Commands.java:5)
	at io.michaelcane.Calculator.&lt;init&gt;(Calculator.java:6)
	at io.michaelcane.Commands.&lt;init&gt;(Commands.java:5)
	at io.michaelcane.Calculator.&lt;init&gt;(Calculator.java:6)
	at io.michaelcane.Commands.&lt;init&gt;(Commands.java:5)
	at io.michaelcane.Calculator.&lt;init&gt;(Calculator.java:6)
	at io.michaelcane.Commands.&lt;init&gt;(Commands.java:5)
	at io.michaelcane.Calculator.&lt;init&gt;(Calculator.java:6)
	at io.michaelcane.Commands.&lt;init&gt;(Commands.java:5)
	at io.michaelcane.Calculator.&lt;init&gt;(Calculator.java:6)
	at io.michaelcane.Commands.&lt;init&gt;(Commands.java:5)
	at io.michaelcane.Calculator.&lt;init&gt;(Calculator.java:6)
	at io.michaelcane.Commands.&lt;init&gt;(Commands.java:5)
	at io.michaelcane.Calculator.&lt;init&gt;(Calculator.java:6)
	at io.michaelcane.Commands.&lt;init&gt;(Commands.java:5)
	at io.michaelcane.Calculator.&lt;init&gt;(Calculator.java:6)
	at io.michaelcane.Commands.&lt;init&gt;(Commands.java:5)
	at io.michaelcane.Calculator.&lt;init&gt;(Calculator.java:6)
	at io.michaelcane.Commands.&lt;init&gt;(Commands.java:5)
	at io.michaelcane.Calculator.&lt;init&gt;(Calculator.java:6)
	at io.michaelcane.Commands.&lt;init&gt;(Commands.java:5)
	at io.michaelcane.Calculator.&lt;init&gt;(Calculator.java:6)
	at io.michaelcane.Commands.&lt;init&gt;(Commands.java:5)
	at io.michaelcane.Calculator.&lt;init&gt;(Calculator.java:6)
	at io.michaelcane.Commands.&lt;init&gt;(Commands.java:5)
	at io.michaelcane.Calculator.&lt;init&gt;(Calculator.java:6)
	at io.michaelcane.Commands.&lt;init&gt;(Commands.java:5)
	at io.michaelcane.Calculator.&lt;init&gt;(Calculator.java:6)
	at io.michaelcane.Commands.&lt;init&gt;(Commands.java:5)
	at io.michaelcane.Calculator.&lt;init&gt;(Calculator.java:6)
	at io.michaelcane.Commands.&lt;init&gt;(Commands.java:5)
	at io.michaelcane.Calculator.&lt;init&gt;(Calculator.java:6)
	at io.michaelcane.Commands.&lt;init&gt;(Commands.java:5)
	at io.michaelcane.Calculator.&lt;init&gt;(Calculator.java:6)
	at io.michaelcane.Commands.&lt;init&gt;(Commands.java:5)
	at io.michaelcane.Calculator.&lt;init&gt;(Calculator.java:6)
	at io.michaelcane.Commands.&lt;init&gt;(Commands.java:5)
	at io.michaelcane.Calculator.&lt;init&gt;(Calculator.java:6)
	at io.michaelcane.Commands.&lt;init&gt;(Commands.java:5)
	at io.michaelcane.Calculator.&lt;init&gt;(Calculator.java:6)
	at io.michaelcane.Commands.&lt;init&gt;(Commands.java:5)
	at io.michaelcane.Calculator.&lt;init&gt;(Calculator.java:6)
	at io.michaelcane.Commands.&lt;init&gt;(Commands.java:5)
	at io.michaelcane.Calculator.&lt;init&gt;(Calculator.java:6)
	at io.michaelcane.Commands.&lt;init&gt;(Commands.java:5)
	at io.michaelcane.Calculator.&lt;init&gt;(Calculator.java:6)
	at io.michaelcane.Commands.&lt;init&gt;(Commands.java:5)
	at io.michaelcane.Calculator.&lt;init&gt;(Calculator.java:6)
	at io.michaelcane.Commands.&lt;init&gt;(Commands.java:5)
	at io.michaelcane.Calculator.&lt;init&gt;(Calculator.java:6)
	at io.michaelcane.Commands.&lt;init&gt;(Commands.java:5)
	at io.michaelcane.Calculator.&lt;init&gt;(Calculator.java:6)
	at io.michaelcane.Commands.&lt;init&gt;(Commands.java:5)
	at io.michaelcane.Calculator.&lt;init&gt;(Calculator.java:6)
	at io.michaelcane.Commands.&lt;init&gt;(Commands.java:5)
	at io.michaelcane.Calculator.&lt;init&gt;(Calculator.java:6)
	at io.michaelcane.Commands.&lt;init&gt;(Commands.java:5)
	at io.michaelcane.Calculator.&lt;init&gt;(Calculator.java:6)
	at io.michaelcane.Commands.&lt;init&gt;(Commands.java:5)
	at io.michaelcane.Calculator.&lt;init&gt;(Calculator.java:6)
	at io.michaelcane.Commands.&lt;init&gt;(Commands.java:5)
	at io.michaelcane.Calculator.&lt;init&gt;(Calculator.java:6)
	at io.michaelcane.Commands.&lt;init&gt;(Commands.java:5)
	at io.michaelcane.Calculator.&lt;init&gt;(Calculator.java:6)
	at io.michaelcane.Commands.&lt;init&gt;(Commands.java:5)
	at io.michaelcane.Calculator.&lt;init&gt;(Calculator.java:6)
	at io.michaelcane.Commands.&lt;init&gt;(Commands.java:5)
	at io.michaelcane.Calculator.&lt;init&gt;(Calculator.java:6)
	at io.michaelcane.Commands.&lt;init&gt;(Commands.java:5)
	at io.michaelcane.Calculator.&lt;init&gt;(Calculator.java:6)
	at io.michaelcane.Commands.&lt;init&gt;(Commands.java:5)
	at io.michaelcane.Calculator.&lt;init&gt;(Calculator.java:6)
	at io.michaelcane.Commands.&lt;init&gt;(Commands.java:5)
	at io.michaelcane.Calculator.&lt;init&gt;(Calculator.java:6)
	at io.michaelcane.Commands.&lt;init&gt;(Commands.java:5)
	at io.michaelcane.Calculator.&lt;init&gt;(Calculator.java:6)
	at io.michaelcane.Commands.&lt;init&gt;(Commands.java:5)
	at io.michaelcane.Calculator.&lt;init&gt;(Calculator.java:6)
	at io.michaelcane.Commands.&lt;init&gt;(Commands.java:5)
	at io.michaelcane.Calculator.&lt;init&gt;(Calculator.java:6)
	at io.michaelcane.Commands.&lt;init&gt;(Commands.java:5)
	at io.michaelcane.Calculator.&lt;init&gt;(Calculator.java:6)
	at io.michaelcane.Commands.&lt;init&gt;(Commands.java:5)
	at io.michaelcane.Calculator.&lt;init&gt;(Calculator.java:6)
	at io.michaelcane.Commands.&lt;init&gt;(Commands.java:5)
	at io.michaelcane.Calculator.&lt;init&gt;(Calculator.java:6)
	at io.michaelcane.Commands.&lt;init&gt;(Commands.java:5)
	at io.michaelcane.Calculator.&lt;init&gt;(Calculator.java:6)
	at io.michaelcane.Commands.&lt;init&gt;(Commands.java:5)
	at io.michaelcane.Calculator.&lt;init&gt;(Calculator.java:6)
	at io.michaelcane.Commands.&lt;init&gt;(Commands.java:5)
	at io.michaelcane.Calculator.&lt;init&gt;(Calculator.java:6)
	at io.michaelcane.Commands.&lt;init&gt;(Commands.java:5)
	at io.michaelcane.Calculator.&lt;init&gt;(Calculator.java:6)
	at io.michaelcane.Commands.&lt;init&gt;(Commands.java:5)
	at io.michaelcane.Calculator.&lt;init&gt;(Calculator.java:6)
	at io.michaelcane.Commands.&lt;init&gt;(Commands.java:5)
	at io.michaelcane.Calculator.&lt;init&gt;(Calculator.java:6)
	at io.michaelcane.Commands.&lt;init&gt;(Commands.java:5)
	at io.michaelcane.Calculator.&lt;init&gt;(Calculator.java:6)
	at io.michaelcane.Commands.&lt;init&gt;(Commands.java:5)
	at io.michaelcane.Calculator.&lt;init&gt;(Calculator.java:6)
	at io.michaelcane.Commands.&lt;init&gt;(Commands.java:5)
	at io.michaelcane.Calculator.&lt;init&gt;(Calculator.java:6)
	at io.michaelcane.Commands.&lt;init&gt;(Commands.java:5)
	at io.michaelcane.Calculator.&lt;init&gt;(Calculator.java:6)
	at io.michaelcane.Commands.&lt;init&gt;(Commands.java:5)
	at io.michaelcane.Calculator.&lt;init&gt;(Calculator.java:6)
	at io.michaelcane.Commands.&lt;init&gt;(Commands.java:5)
	at io.michaelcane.Calculator.&lt;init&gt;(Calculator.java:6)
	at io.michaelcane.Commands.&lt;init&gt;(Commands.java:5)
	at io.michaelcane.Calculator.&lt;init&gt;(Calculator.java:6)
	at io.michaelcane.Commands.&lt;init&gt;(Commands.java:5)
	at io.michaelcane.Calculator.&lt;init&gt;(Calculator.java:6)
	at io.michaelcane.Commands.&lt;init&gt;(Commands.java:5)
	at io.michaelcane.Calculator.&lt;init&gt;(Calculator.java:6)
	at io.michaelcane.Commands.&lt;init&gt;(Commands.java:5)
	at io.michaelcane.Calculator.&lt;init&gt;(Calculator.java:6)
	at io.michaelcane.Commands.&lt;init&gt;(Commands.java:5)
	at io.michaelcane.Calculator.&lt;init&gt;(Calculator.java:6)
	at io.michaelcane.Commands.&lt;init&gt;(Commands.java:5)
	at io.michaelcane.Calculator.&lt;init&gt;(Calculator.java:6)
	at io.michaelcane.Commands.&lt;init&gt;(Commands.java:5)
	at io.michaelcane.Calculator.&lt;init&gt;(Calculator.java:6)
	at io.michaelcane.Commands.&lt;init&gt;(Commands.java:5)
	at io.michaelcane.Calculator.&lt;init&gt;(Calculator.java:6)
	at io.michaelcane.Commands.&lt;init&gt;(Commands.java:5)
	at io.michaelcane.Calculator.&lt;init&gt;(Calculator.java:6)
	at io.michaelcane.Commands.&lt;init&gt;(Commands.java:5)
	at io.michaelcane.Calculator.&lt;init&gt;(Calculator.java:6)
	at io.michaelcane.Commands.&lt;init&gt;(Commands.java:5)
	at io.michaelcane.Calculator.&lt;init&gt;(Calculator.java:6)
	at io.michaelcane.Commands.&lt;init&gt;(Commands.java:5)
	at io.michaelcane.Calculator.&lt;init&gt;(Calculator.java:6)
	at io.michaelcane.Commands.&lt;init&gt;(Commands.java:5)
	at io.michaelcane.Calculator.&lt;init&gt;(Calculator.java:6)
	at io.michaelcane.Commands.&lt;init&gt;(Commands.java:5)
	at io.michaelcane.Calculator.&lt;init&gt;(Calculator.java:6)
	at io.michaelcane.Commands.&lt;init&gt;(Commands.java:5)
	at io.michaelcane.Calculator.&lt;init&gt;(Calculator.java:6)
	at io.michaelcane.Commands.&lt;init&gt;(Commands.java:5)
	at io.michaelcane.Calculator.&lt;init&gt;(Calculator.java:6)
	at io.michaelcane.Commands.&lt;init&gt;(Commands.java:5)
	at io.michaelcane.Calculator.&lt;init&gt;(Calculator.java:6)
	at io.michaelcane.Commands.&lt;init&gt;(Commands.java:5)
	at io.michaelcane.Calculator.&lt;init&gt;(Calculator.java:6)
	at io.michaelcane.Commands.&lt;init&gt;(Commands.java:5)
	at io.michaelcane.Calculator.&lt;init&gt;(Calculator.java:6)
	at io.michaelcane.Commands.&lt;init&gt;(Commands.java:5)
	at io.michaelcane.Calculator.&lt;init&gt;(Calculator.java:6)
	at io.michaelcane.Commands.&lt;init&gt;(Commands.java:5)
	at io.michaelcane.Calculator.&lt;init&gt;(Calculator.java:6)
	at io.michaelcane.Commands.&lt;init&gt;(Commands.java:5)
	at io.michaelcane.Calculator.&lt;init&gt;(Calculator.java:6)
	at io.michaelcane.Commands.&lt;init&gt;(Commands.java:5)
	at io.michaelcane.Calculator.&lt;init&gt;(Calculator.java:6)
	at io.michaelcane.Commands.&lt;init&gt;(Commands.java:5)
	at io.michaelcane.Calculator.&lt;init&gt;(Calculator.java:6)
	at io.michaelcane.Commands.&lt;init&gt;(Commands.java:5)
	at io.michaelcane.Calculator.&lt;init&gt;(Calculator.java:6)
	at io.michaelcane.Commands.&lt;init&gt;(Commands.java:5)
	at io.michaelcane.Calculator.&lt;init&gt;(Calculator.java:6)
	at io.michaelcane.Commands.&lt;init&gt;(Commands.java:5)
	at io.michaelcane.Calculator.&lt;init&gt;(Calculator.java:6)
	at io.michaelcane.Commands.&lt;init&gt;(Commands.java:5)
	at io.michaelcane.Calculator.&lt;init&gt;(Calculator.java:6)
	at io.michaelcane.Commands.&lt;init&gt;(Commands.java:5)
	at io.michaelcane.Calculator.&lt;init&gt;(Calculator.java:6)
	at io.michaelcane.Commands.&lt;init&gt;(Commands.java:5)
	at io.michaelcane.Calculator.&lt;init&gt;(Calculator.java:6)
	at io.michaelcane.Commands.&lt;init&gt;(Commands.java:5)
	at io.michaelcane.Calculator.&lt;init&gt;(Calculator.java:6)
	at io.michaelcane.Commands.&lt;init&gt;(Commands.java:5)
	at io.michaelcane.Calculator.&lt;init&gt;(Calculator.java:6)
	at io.michaelcane.Commands.&lt;init&gt;(Commands.java:5)
	at io.michaelcane.Calculator.&lt;init&gt;(Calculator.java:6)
	at io.michaelcane.Commands.&lt;init&gt;(Commands.java:5)
	at io.michaelcane.Calculator.&lt;init&gt;(Calculator.java:6)
	at io.michaelcane.Commands.&lt;init&gt;(Commands.java:5)
	at io.michaelcane.Calculator.&lt;init&gt;(Calculator.java:6)
	at io.michaelcane.Commands.&lt;init&gt;(Commands.java:5)
	at io.michaelcane.Calculator.&lt;init&gt;(Calculator.java:6)
	at io.michaelcane.Commands.&lt;init&gt;(Commands.java:5)
	at io.michaelcane.Calculator.&lt;init&gt;(Calculator.java:6)
	at io.michaelcane.Commands.&lt;init&gt;(Commands.java:5)
	at io.michaelcane.Calculator.&lt;init&gt;(Calculator.java:6)
	at io.michaelcane.Commands.&lt;init&gt;(Commands.java:5)
	at io.michaelcane.Calculator.&lt;init&gt;(Calculator.java:6)
	at io.michaelcane.Commands.&lt;init&gt;(Commands.java:5)
	at io.michaelcane.Calculator.&lt;init&gt;(Calculator.java:6)
	at io.michaelcane.Commands.&lt;init&gt;(Commands.java:5)
	at io.michaelcane.Calculator.&lt;init&gt;(Calculator.java:6)
	at io.michaelcane.Commands.&lt;init&gt;(Commands.java:5)
	at io.michaelcane.Calculator.&lt;init&gt;(Calculator.java:6)
	at io.michaelcane.Commands.&lt;init&gt;(Commands.java:5)
	at io.michaelcane.Calculator.&lt;init&gt;(Calculator.java:6)
	at io.michaelcane.Commands.&lt;init&gt;(Commands.java:5)
	at io.michaelcane.Calculator.&lt;init&gt;(Calculator.java:6)
	at io.michaelcane.Commands.&lt;init&gt;(Commands.java:5)
	at io.michaelcane.Calculator.&lt;init&gt;(Calculator.java:6)
	at io.michaelcane.Commands.&lt;init&gt;(Commands.java:5)
	at io.michaelcane.Calculator.&lt;init&gt;(Calculator.java:6)
	at io.michaelcane.Commands.&lt;init&gt;(Commands.java:5)
	at io.michaelcane.Calculator.&lt;init&gt;(Calculator.java:6)
	at io.michaelcane.Commands.&lt;init&gt;(Commands.java:5)
	at io.michaelcane.Calculator.&lt;init&gt;(Calculator.java:6)
	at io.michaelcane.Commands.&lt;init&gt;(Commands.java:5)
	at io.michaelcane.Calculator.&lt;init&gt;(Calculator.java:6)
	at io.michaelcane.Commands.&lt;init&gt;(Commands.java:5)
	at io.michaelcane.Calculator.&lt;init&gt;(Calculator.java:6)
	at io.michaelcane.Commands.&lt;init&gt;(Commands.java:5)
	at io.michaelcane.Calculator.&lt;init&gt;(Calculator.java:6)
	at io.michaelcane.Commands.&lt;init&gt;(Commands.java:5)
	at io.michaelcane.Calculator.&lt;init&gt;(Calculator.java:6)
	at io.michaelcane.Commands.&lt;init&gt;(Commands.java:5)
	at io.michaelcane.Calculator.&lt;init&gt;(Calculator.java:6)
	at io.michaelcane.Commands.&lt;init&gt;(Commands.java:5)
	at io.michaelcane.Calculator.&lt;init&gt;(Calculator.java:6)
	at io.michaelcane.Commands.&lt;init&gt;(Commands.java:5)
	at io.michaelcane.Calculator.&lt;init&gt;(Calculator.java:6)
	at io.michaelcane.Commands.&lt;init&gt;(Commands.java:5)
	at io.michaelcane.Calculator.&lt;init&gt;(Calculator.java:6)
	at io.michaelcane.Commands.&lt;init&gt;(Commands.java:5)
	at io.michaelcane.Calculator.&lt;init&gt;(Calculator.java:6)
	at io.michaelcane.Commands.&lt;init&gt;(Commands.java:5)
	at io.michaelcane.Calculator.&lt;init&gt;(Calculator.java:6)
	at io.michaelcane.Commands.&lt;init&gt;(Commands.java:5)
	at io.michaelcane.Calculator.&lt;init&gt;(Calculator.java:6)
	at io.michaelcane.Commands.&lt;init&gt;(Commands.java:5)
	at io.michaelcane.Calculator.&lt;init&gt;(Calculator.java:6)
	at io.michaelcane.Commands.&lt;init&gt;(Commands.java:5)
	at io.michaelcane.Calculator.&lt;init&gt;(Calculator.java:6)
	at io.michaelcane.Commands.&lt;init&gt;(Commands.java:5)
	at io.michaelcane.Calculator.&lt;init&gt;(Calculator.java:6)
	at io.michaelcane.Commands.&lt;init&gt;(Commands.java:5)
	at io.michaelcane.Calculator.&lt;init&gt;(Calculator.java:6)
	at io.michaelcane.Commands.&lt;init&gt;(Commands.java:5)
	at io.michaelcane.Calculator.&lt;init&gt;(Calculator.java:6)
	at io.michaelcane.Commands.&lt;init&gt;(Commands.java:5)
	at io.michaelcane.Calculator.&lt;init&gt;(Calculator.java:6)
	at io.michaelcane.Commands.&lt;init&gt;(Commands.java:5)
	at io.michaelcane.Calculator.&lt;init&gt;(Calculator.java:6)
	at io.michaelcane.Commands.&lt;init&gt;(Commands.java:5)
	at io.michaelcane.Calculator.&lt;init&gt;(Calculator.java:6)
	at io.michaelcane.Commands.&lt;init&gt;(Commands.java:5)
	at io.michaelcane.Calculator.&lt;init&gt;(Calculator.java:6)
	at io.michaelcane.Commands.&lt;init&gt;(Commands.java:5)
	at io.michaelcane.Calculator.&lt;init&gt;(Calculator.java:6)
	at io.michaelcane.Commands.&lt;init&gt;(Commands.java:5)
	at io.michaelcane.Calculator.&lt;init&gt;(Calculator.java:6)
	at io.michaelcane.Commands.&lt;init&gt;(Commands.java:5)
	at io.michaelcane.Calculator.&lt;init&gt;(Calculator.java:6)
	at io.michaelcane.Commands.&lt;init&gt;(Commands.java:5)
	at io.michaelcane.Calculator.&lt;init&gt;(Calculator.java:6)
	at io.michaelcane.Commands.&lt;init&gt;(Commands.java:5)
	at io.michaelcane.Calculator.&lt;init&gt;(Calculator.java:6)
	at io.michaelcane.Commands.&lt;init&gt;(Commands.java:5)
	at io.michaelcane.Calculator.&lt;init&gt;(Calculator.java:6)
	at io.michaelcane.Commands.&lt;init&gt;(Commands.java:5)
	at io.michaelcane.Calculator.&lt;init&gt;(Calculator.java:6)
	at io.michaelcane.Commands.&lt;init&gt;(Commands.java:5)
	at io.michaelcane.Calculator.&lt;init&gt;(Calculator.java:6)
	at io.michaelcane.Commands.&lt;init&gt;(Commands.java:5)
	at io.michaelcane.Calculator.&lt;init&gt;(Calculator.java:6)
	at io.michaelcane.Commands.&lt;init&gt;(Commands.java:5)
	at io.michaelcane.Calculator.&lt;init&gt;(Calculator.java:6)
	at io.michaelcane.Commands.&lt;init&gt;(Commands.java:5)
	at io.michaelcane.Calculator.&lt;init&gt;(Calculator.java:6)
	at io.michaelcane.Commands.&lt;init&gt;(Commands.java:5)
	at io.michaelcane.Calculator.&lt;init&gt;(Calculator.java:6)
	at io.michaelcane.Commands.&lt;init&gt;(Commands.java:5)
	at io.michaelcane.Calculator.&lt;init&gt;(Calculator.java:6)
	at io.michaelcane.Commands.&lt;init&gt;(Commands.java:5)
	at io.michaelcane.Calculator.&lt;init&gt;(Calculator.java:6)
	at io.michaelcane.Commands.&lt;init&gt;(Commands.java:5)
	at io.michaelcane.Calculator.&lt;init&gt;(Calculator.java:6)
	at io.michaelcane.Commands.&lt;init&gt;(Commands.java:5)
	at io.michaelcane.Calculator.&lt;init&gt;(Calculator.java:6)
	at io.michaelcane.Commands.&lt;init&gt;(Commands.java:5)
	at io.michaelcane.Calculator.&lt;init&gt;(Calculator.java:6)
	at io.michaelcane.Commands.&lt;init&gt;(Commands.java:5)
	at io.michaelcane.Calculator.&lt;init&gt;(Calculator.java:6)
	at io.michaelcane.Commands.&lt;init&gt;(Commands.java:5)
	at io.michaelcane.Calculator.&lt;init&gt;(Calculator.java:6)
	at io.michaelcane.Commands.&lt;init&gt;(Commands.java:5)
	at io.michaelcane.Calculator.&lt;init&gt;(Calculator.java:6)
	at io.michaelcane.Commands.&lt;init&gt;(Commands.java:5)
	at io.michaelcane.Calculator.&lt;init&gt;(Calculator.java:6)
	at io.michaelcane.Commands.&lt;init&gt;(Commands.java:5)
	at io.michaelcane.Calculator.&lt;init&gt;(Calculator.java:6)
	at io.michaelcane.Commands.&lt;init&gt;(Commands.java:5)
	at io.michaelcane.Calculator.&lt;init&gt;(Calculator.java:6)
	at io.michaelcane.Commands.&lt;init&gt;(Commands.java:5)
	at io.michaelcane.Calculator.&lt;init&gt;(Calculator.java:6)
	at io.michaelcane.Commands.&lt;init&gt;(Commands.java:5)
	at io.michaelcane.Calculator.&lt;init&gt;(Calculator.java:6)
	at io.michaelcane.Commands.&lt;init&gt;(Commands.java:5)
	at io.michaelcane.Calculator.&lt;init&gt;(Calculator.java:6)
	at io.michaelcane.Commands.&lt;init&gt;(Commands.java:5)
	at io.michaelcane.Calculator.&lt;init&gt;(Calculator.java:6)
	at io.michaelcane.Commands.&lt;init&gt;(Commands.java:5)
	at io.michaelcane.Calculator.&lt;init&gt;(Calculator.java:6)
	at io.michaelcane.Commands.&lt;init&gt;(Commands.java:5)
	at io.michaelcane.Calculator.&lt;init&gt;(Calculator.java:6)
	at io.michaelcane.Commands.&lt;init&gt;(Commands.java:5)
	at io.michaelcane.Calculator.&lt;init&gt;(Calculator.java:6)
	at io.michaelcane.Commands.&lt;init&gt;(Commands.java:5)
	at io.michaelcane.Calculator.&lt;init&gt;(Calculator.java:6)
	at io.michaelcane.Commands.&lt;init&gt;(Commands.java:5)
	at io.michaelcane.Calculator.&lt;init&gt;(Calculator.java:6)
	at io.michaelcane.Commands.&lt;init&gt;(Commands.java:5)
	at io.michaelcane.Calculator.&lt;init&gt;(Calculator.java:6)
	at io.michaelcane.Commands.&lt;init&gt;(Commands.java:5)
	at io.michaelcane.Calculator.&lt;init&gt;(Calculator.java:6)
	at io.michaelcane.Commands.&lt;init&gt;(Commands.java:5)
	at io.michaelcane.Calculator.&lt;init&gt;(Calculator.java:6)
	at io.michaelcane.Commands.&lt;init&gt;(Commands.java:5)
	at io.michaelcane.Calculator.&lt;init&gt;(Calculator.java:6)
	at io.michaelcane.Commands.&lt;init&gt;(Commands.java:5)
	at io.michaelcane.Calculator.&lt;init&gt;(Calculator.java:6)
	at io.michaelcane.Commands.&lt;init&gt;(Commands.java:5)
	at io.michaelcane.Calculator.&lt;init&gt;(Calculator.java:6)
	at io.michaelcane.Commands.&lt;init&gt;(Commands.java:5)
	at io.michaelcane.Calculator.&lt;init&gt;(Calculator.java:6)
	at io.michaelcane.Commands.&lt;init&gt;(Commands.java:5)
	at io.michaelcane.Calculator.&lt;init&gt;(Calculator.java:6)
	at io.michaelcane.Commands.&lt;init&gt;(Commands.java:5)
	at io.michaelcane.Calculator.&lt;init&gt;(Calculator.java:6)
	at io.michaelcane.Commands.&lt;init&gt;(Commands.java:5)
	at io.michaelcane.Calculator.&lt;init&gt;(Calculator.java:6)
	at io.michaelcane.Commands.&lt;init&gt;(Commands.java:5)
	at io.michaelcane.Calculator.&lt;init&gt;(Calculator.java:6)
	at io.michaelcane.Commands.&lt;init&gt;(Commands.java:5)
	at io.michaelcane.Calculator.&lt;init&gt;(Calculator.java:6)
	at io.michaelcane.Commands.&lt;init&gt;(Commands.java:5)
	at io.michaelcane.Calculator.&lt;init&gt;(Calculator.java:6)
	at io.michaelcane.Commands.&lt;init&gt;(Commands.java:5)
	at io.michaelcane.Calculator.&lt;init&gt;(Calculator.java:6)
	at io.michaelcane.Commands.&lt;init&gt;(Commands.java:5)
	at io.michaelcane.Calculator.&lt;init&gt;(Calculator.java:6)
	at io.michaelcane.Commands.&lt;init&gt;(Commands.java:5)
	at io.michaelcane.Calculator.&lt;init&gt;(Calculator.java:6)
	at io.michaelcane.Commands.&lt;init&gt;(Commands.java:5)
	at io.michaelcane.Calculator.&lt;init&gt;(Calculator.java:6)
	at io.michaelcane.Commands.&lt;init&gt;(Commands.java:5)
	at io.michaelcane.Calculator.&lt;init&gt;(Calculator.java:6)
	at io.michaelcane.Commands.&lt;init&gt;(Commands.java:5)
	at io.michaelcane.Calculator.&lt;init&gt;(Calculator.java:6)
	at io.michaelcane.Commands.&lt;init&gt;(Commands.java:5)
	at io.michaelcane.Calculator.&lt;init&gt;(Calculator.java:6)
	at io.michaelcane.Commands.&lt;init&gt;(Commands.java:5)
	at io.michaelcane.Calculator.&lt;init&gt;(Calculator.java:6)
	at io.michaelcane.Commands.&lt;init&gt;(Commands.java:5)
	at io.michaelcane.Calculator.&lt;init&gt;(Calculator.java:6)
	at io.michaelcane.Commands.&lt;init&gt;(Commands.java:5)
	at io.michaelcane.Calculator.&lt;init&gt;(Calculator.java:6)
	at io.michaelcane.Commands.&lt;init&gt;(Commands.java:5)
	at io.michaelcane.Calculator.&lt;init&gt;(Calculator.java:6)
	at io.michaelcane.Commands.&lt;init&gt;(Commands.java:5)
	at io.michaelcane.Calculator.&lt;init&gt;(Calculator.java:6)
	at io.michaelcane.Commands.&lt;init&gt;(Commands.java:5)
	at io.michaelcane.Calculator.&lt;init&gt;(Calculator.java:6)
	at io.michaelcane.Commands.&lt;init&gt;(Commands.java:5)
	at io.michaelcane.Calculator.&lt;init&gt;(Calculator.java:6)
	at io.michaelcane.Commands.&lt;init&gt;(Commands.java:5)
	at io.michaelcane.Calculator.&lt;init&gt;(Calculator.java:6)
	at io.michaelcane.Commands.&lt;init&gt;(Commands.java:5)
	at io.michaelcane.Calculator.&lt;init&gt;(Calculator.java:6)
	at io.michaelcane.Commands.&lt;init&gt;(Commands.java:5)
	at io.michaelcane.Calculator.&lt;init&gt;(Calculator.java:6)
	at io.michaelcane.Commands.&lt;init&gt;(Commands.java:5)
	at io.michaelcane.Calculator.&lt;init&gt;(Calculator.java:6)
	at io.michaelcane.Commands.&lt;init&gt;(Commands.java:5)
	at io.michaelcane.Calculator.&lt;init&gt;(Calculator.java:6)
	at io.michaelcane.Commands.&lt;init&gt;(Commands.java:5)
	at io.michaelcane.Calculator.&lt;init&gt;(Calculator.java:6)
	at io.michaelcane.Commands.&lt;init&gt;(Commands.java:5)
	at io.michaelcane.Calculator.&lt;init&gt;(Calculator.java:6)
	at io.michaelcane.Commands.&lt;init&gt;(Commands.java:5)
	at io.michaelcane.Calculator.&lt;init&gt;(Calculator.java:6)
	at io.michaelcane.Commands.&lt;init&gt;(Commands.java:5)
	at io.michaelcane.Calculator.&lt;init&gt;(Calculator.java:6)
	at io.michaelcane.Commands.&lt;init&gt;(Commands.java:5)
	at io.michaelcane.Calculator.&lt;init&gt;(Calculator.java:6)
	at io.michaelcane.Commands.&lt;init&gt;(Commands.java:5)
	at io.michaelcane.Calculator.&lt;init&gt;(Calculator.java:6)
	at io.michaelcane.Commands.&lt;init&gt;(Commands.java:5)
	at io.michaelcane.Calculator.&lt;init&gt;(Calculator.java:6)
	at io.michaelcane.Commands.&lt;init&gt;(Commands.java:5)
	at io.michaelcane.Calculator.&lt;init&gt;(Calculator.java:6)
	at io.michaelcane.Commands.&lt;init&gt;(Commands.java:5)
	at io.michaelcane.Calculator.&lt;init&gt;(Calculator.java:6)
	at io.michaelcane.Commands.&lt;init&gt;(Commands.java:5)
	at io.michaelcane.Calculator.&lt;init&gt;(Calculator.java:6)
	at io.michaelcane.Commands.&lt;init&gt;(Commands.java:5)
	at io.michaelcane.Calculator.&lt;init&gt;(Calculator.java:6)
	at io.michaelcane.Commands.&lt;init&gt;(Commands.java:5)
	at io.michaelcane.Calculator.&lt;init&gt;(Calculator.java:6)
	at io.michaelcane.Commands.&lt;init&gt;(Commands.java:5)
	at io.michaelcane.Calculator.&lt;init&gt;(Calculator.java:6)
	at io.michaelcane.Commands.&lt;init&gt;(Commands.java:5)
	at io.michaelcane.Calculator.&lt;init&gt;(Calculator.java:6)
	at io.michaelcane.Commands.&lt;init&gt;(Commands.java:5)
	at io.michaelcane.Calculator.&lt;init&gt;(Calculator.java:6)
	at io.michaelcane.Commands.&lt;init&gt;(Commands.java:5)
	at io.michaelcane.Calculator.&lt;init&gt;(Calculator.java:6)
	at io.michaelcane.Commands.&lt;init&gt;(Commands.java:5)
	at io.michaelcane.Calculator.&lt;init&gt;(Calculator.java:6)
	at io.michaelcane.Commands.&lt;init&gt;(Commands.java:5)
	at io.michaelcane.Calculator.&lt;init&gt;(Calculator.java:6)
	at io.michaelcane.Commands.&lt;init&gt;(Commands.java:5)
	at io.michaelcane.Calculator.&lt;init&gt;(Calculator.java:6)
	at io.michaelcane.Commands.&lt;init&gt;(Commands.java:5)
	at io.michaelcane.Calculator.&lt;init&gt;(Calculator.java:6)
	at io.michaelcane.Commands.&lt;init&gt;(Commands.java:5)
	at io.michaelcane.Calculator.&lt;init&gt;(Calculator.java:6)
	at io.michaelcane.Commands.&lt;init&gt;(Commands.java:5)
	at io.michaelcane.Calculator.&lt;init&gt;(Calculator.java:6)
	at io.michaelcane.Commands.&lt;init&gt;(Commands.java:5)
	at io.michaelcane.Calculator.&lt;init&gt;(Calculator.java:6)
	at io.michaelcane.Commands.&lt;init&gt;(Commands.java:5)
	at io.michaelcane.Calculator.&lt;init&gt;(Calculator.java:6)
	at io.michaelcane.Commands.&lt;init&gt;(Commands.java:5)
	at io.michaelcane.Calculator.&lt;init&gt;(Calculator.java:6)
	at io.michaelcane.Commands.&lt;init&gt;(Commands.java:5)
	at io.michaelcane.Calculator.&lt;init&gt;(Calculator.java:6)
	at io.michaelcane.Commands.&lt;init&gt;(Commands.java:5)
	at io.michaelcane.Calculator.&lt;init&gt;(Calculator.java:6)
	at io.michaelcane.Commands.&lt;init&gt;(Commands.java:5)
	at io.michaelcane.Calculator.&lt;init&gt;(Calculator.java:6)
	at io.michaelcane.Commands.&lt;init&gt;(Commands.java:5)
	at io.michaelcane.Calculator.&lt;init&gt;(Calculator.java:6)
	at io.michaelcane.Commands.&lt;init&gt;(Commands.java:5)
	at io.michaelcane.Calculator.&lt;init&gt;(Calculator.java:6)
	at io.michaelcane.Commands.&lt;init&gt;(Commands.java:5)
	at io.michaelcane.Calculator.&lt;init&gt;(Calculator.java:6)
	at io.michaelcane.Commands.&lt;init&gt;(Commands.java:5)
	at io.michaelcane.Calculator.&lt;init&gt;(Calculator.java:6)
	at io.michaelcane.Commands.&lt;init&gt;(Commands.java:5)
	at io.michaelcane.Calculator.&lt;init&gt;(Calculator.java:6)
	at io.michaelcane.Commands.&lt;init&gt;(Commands.java:5)
	at io.michaelcane.Calculator.&lt;init&gt;(Calculator.java:6)
	at io.michaelcane.Commands.&lt;init&gt;(Commands.java:5)
	at io.michaelcane.Calculator.&lt;init&gt;(Calculator.java:6)
	at io.michaelcane.Commands.&lt;init&gt;(Commands.java:5)
	at io.michaelcane.Calculator.&lt;init&gt;(Calculator.java:6)
	at io.michaelcane.Commands.&lt;init&gt;(Commands.java:5)
	at io.michaelcane.Calculator.&lt;init&gt;(Calculator.java:6)
	at io.michaelcane.Commands.&lt;init&gt;(Commands.java:5)
	at io.michaelcane.Calculator.&lt;init&gt;(Calculator.java:6)
	at io.michaelcane.Commands.&lt;init&gt;(Commands.java:5)
	at io.michaelcane.Calculator.&lt;init&gt;(Calculator.java:6)
	at io.michaelcane.Commands.&lt;init&gt;(Commands.java:5)
	at io.michaelcane.Calculator.&lt;init&gt;(Calculator.java:6)
	at io.michaelcane.Commands.&lt;init&gt;(Commands.java:5)
	at io.michaelcane.Calculator.&lt;init&gt;(Calculator.java:6)
	at io.michaelcane.Commands.&lt;init&gt;(Commands.java:5)
	at io.michaelcane.Calculator.&lt;init&gt;(Calculator.java:6)
	at io.michaelcane.Commands.&lt;init&gt;(Commands.java:5)
	at io.michaelcane.Calculator.&lt;init&gt;(Calculator.java:6)
	at io.michaelcane.Commands.&lt;init&gt;(Commands.java:5)
	at io.michaelcane.Calculator.&lt;init&gt;(Calculator.java:6)
	at io.michaelcane.Commands.&lt;init&gt;(Commands.java:5)
	at io.michaelcane.Calculator.&lt;init&gt;(Calculator.java:6)
	at io.michaelcane.Commands.&lt;init&gt;(Commands.java:5)
	at io.michaelcane.Calculator.&lt;init&gt;(Calculator.java:6)
	at io.michaelcane.Commands.&lt;init&gt;(Commands.java:5)
	at io.michaelcane.Calculator.&lt;init&gt;(Calculator.java:6)
	at io.michaelcane.Commands.&lt;init&gt;(Commands.java:5)
	at io.michaelcane.Calculator.&lt;init&gt;(Calculator.java:6)
	at io.michaelcane.Commands.&lt;init&gt;(Commands.java:5)
	at io.michaelcane.Calculator.&lt;init&gt;(Calculator.java:6)
	at io.michaelcane.Commands.&lt;init&gt;(Commands.java:5)
	at io.michaelcane.Calculator.&lt;init&gt;(Calculator.java:6)
	at io.michaelcane.Commands.&lt;init&gt;(Commands.java:5)
	at io.michaelcane.Calculator.&lt;init&gt;(Calculator.java:6)
	at io.michaelcane.Commands.&lt;init&gt;(Commands.java:5)
	at io.michaelcane.Calculator.&lt;init&gt;(Calculator.java:6)
	at io.michaelcane.Commands.&lt;init&gt;(Commands.java:5)
	at io.michaelcane.Calculator.&lt;init&gt;(Calculator.java:6)
	at io.michaelcane.Commands.&lt;init&gt;(Commands.java:5)
	at io.michaelcane.Calculator.&lt;init&gt;(Calculator.java:6)
	at io.michaelcane.Commands.&lt;init&gt;(Commands.java:5)
	at io.michaelcane.Calculator.&lt;init&gt;(Calculator.java:6)
	at io.michaelcane.Commands.&lt;init&gt;(Commands.java:5)
	at io.michaelcane.Calculator.&lt;init&gt;(Calculator.java:6)
	at io.michaelcane.Commands.&lt;init&gt;(Commands.java:5)
	at io.michaelcane.Calculator.&lt;init&gt;(Calculator.java:6)
	at io.michaelcane.Commands.&lt;init&gt;(Commands.java:5)
	at io.michaelcane.Calculator.&lt;init&gt;(Calculator.java:6)
	at io.michaelcane.Commands.&lt;init&gt;(Commands.java:5)
	at io.michaelcane.Calculator.&lt;init&gt;(Calculator.java:6)
	at io.michaelcane.Commands.&lt;init&gt;(Commands.java:5)
	at io.michaelcane.Calculator.&lt;init&gt;(Calculator.java:6)
	at io.michaelcane.Commands.&lt;init&gt;(Commands.java:5)
	at io.michaelcane.Calculator.&lt;init&gt;(Calculator.java:6)
	at io.michaelcane.Commands.&lt;init&gt;(Commands.java:5)
	at io.michaelcane.Calculator.&lt;init&gt;(Calculator.java:6)
	at io.michaelcane.Commands.&lt;init&gt;(Commands.java:5)
	at io.michaelcane.Calculator.&lt;init&gt;(Calculator.java:6)
	at io.michaelcane.Commands.&lt;init&gt;(Commands.java:5)
	at io.michaelcane.Calculator.&lt;init&gt;(Calculator.java:6)
	at io.michaelcane.Commands.&lt;init&gt;(Commands.java:5)
	at io.michaelcane.Calculator.&lt;init&gt;(Calculator.java:6)
	at io.michaelcane.Commands.&lt;init&gt;(Commands.java:5)
	at io.michaelcane.Calculator.&lt;init&gt;(Calculator.java:6)
	at io.michaelcane.Commands.&lt;init&gt;(Commands.java:5)
	at io.michaelcane.Calculator.&lt;init&gt;(Calculator.java:6)
	at io.michaelcane.Commands.&lt;init&gt;(Commands.java:5)
	at io.michaelcane.Calculator.&lt;init&gt;(Calculator.java:6)
	at io.michaelcane.Commands.&lt;init&gt;(Commands.java:5)
	at io.michaelcane.Calculator.&lt;init&gt;(Calculator.java:6)
	at io.michaelcane.Commands.&lt;init&gt;(Commands.java:5)
	at io.michaelcane.Calculator.&lt;init&gt;(Calculator.java:6)
	at io.michaelcane.Commands.&lt;init&gt;(Commands.java:5)
	at io.michaelcane.Calculator.&lt;init&gt;(Calculator.java:6)
	at io.michaelcane.Commands.&lt;init&gt;(Commands.java:5)
	at io.michaelcane.Calculator.&lt;init&gt;(Calculator.java:6)
	at io.michaelcane.Commands.&lt;init&gt;(Commands.java:5)
	at io.michaelcane.Calculator.&lt;init&gt;(Calculator.java:6)
	at io.michaelcane.Commands.&lt;init&gt;(Commands.java:5)
	at io.michaelcane.Calculator.&lt;init&gt;(Calculator.java:6)
	at io.michaelcane.Commands.&lt;init&gt;(Commands.java:5)
	at io.michaelcane.Calculator.&lt;init&gt;(Calculator.java:6)
	at io.michaelcane.Commands.&lt;init&gt;(Commands.java:5)
	at io.michaelcane.Calculator.&lt;init&gt;(Calculator.java:6)
	at io.michaelcane.Commands.&lt;init&gt;(Commands.java:5)
	at io.michaelcane.Calculator.&lt;init&gt;(Calculator.java:6)
	at io.michaelcane.Commands.&lt;init&gt;(Commands.java:5)
	at io.michaelcane.Calculator.&lt;init&gt;(Calculator.java:6)
	at io.michaelcane.Commands.&lt;init&gt;(Commands.java:5)
	at io.michaelcane.Calculator.&lt;init&gt;(Calculator.java:6)
	at io.michaelcane.Commands.&lt;init&gt;(Commands.java:5)
	at io.michaelcane.Calculator.&lt;init&gt;(Calculator.java:6)
	at io.michaelcane.Commands.&lt;init&gt;(Commands.java:5)
	at io.michaelcane.Calculator.&lt;init&gt;(Calculator.java:6)
	at io.michaelcane.Commands.&lt;init&gt;(Commands.java:5)
	at io.michaelcane.Calculator.&lt;init&gt;(Calculator.java:6)
	at io.michaelcane.Commands.&lt;init&gt;(Commands.java:5)
	at io.michaelcane.Calculator.&lt;init&gt;(Calculator.java:6)
	at io.michaelcane.Commands.&lt;init&gt;(Commands.java:5)
	at io.michaelcane.Calculator.&lt;init&gt;(Calculator.java:6)
	at io.michaelcane.Commands.&lt;init&gt;(Commands.java:5)
	at io.michaelcane.Calculator.&lt;init&gt;(Calculator.java:6)
	at io.michaelcane.Commands.&lt;init&gt;(Commands.java:5)
	at io.michaelcane.Calculator.&lt;init&gt;(Calculator.java:6)
	at io.michaelcane.Commands.&lt;init&gt;(Commands.java:5)
	at io.michaelcane.Calculator.&lt;init&gt;(Calculator.java:6)
	at io.michaelcane.Commands.&lt;init&gt;(Commands.java:5)
	at io.michaelcane.Calculator.&lt;init&gt;(Calculator.java:6)
	at io.michaelcane.Commands.&lt;init&gt;(Commands.java:5)
	at io.michaelcane.Calculator.&lt;init&gt;(Calculator.java:6)
	at io.michaelcane.Commands.&lt;init&gt;(Commands.java:5)
	at io.michaelcane.Calculator.&lt;init&gt;(Calculator.java:6)
	at io.michaelcane.Commands.&lt;init&gt;(Commands.java:5)
	at io.michaelcane.Calculator.&lt;init&gt;(Calculator.java:6)
	at io.michaelcane.Commands.&lt;init&gt;(Commands.java:5)
	at io.michaelcane.Calculator.&lt;init&gt;(Calculator.java:6)
	at io.michaelcane.Commands.&lt;init&gt;(Commands.java:5)
	at io.michaelcane.Calculator.&lt;init&gt;(Calculator.java:6)
	at io.michaelcane.Commands.&lt;init&gt;(Commands.java:5)
	at io.michaelcane.Calculator.&lt;init&gt;(Calculator.java:6)
	at io.michaelcane.Commands.&lt;init&gt;(Commands.java:5)
	at io.michaelcane.Calculator.&lt;init&gt;(Calculator.java:6)
	at io.michaelcane.Commands.&lt;init&gt;(Commands.java:5)
	at io.michaelcane.Calculator.&lt;init&gt;(Calculator.java:6)
	at io.michaelcane.Commands.&lt;init&gt;(Commands.java:5)
	at io.michaelcane.Calculator.&lt;init&gt;(Calculator.java:6)
	at io.michaelcane.Commands.&lt;init&gt;(Commands.java:5)
	at io.michaelcane.Calculator.&lt;init&gt;(Calculator.java:6)
	at io.michaelcane.Commands.&lt;init&gt;(Commands.java:5)
	at io.michaelcane.Calculator.&lt;init&gt;(Calculator.java:6)
	at io.michaelcane.Commands.&lt;init&gt;(Commands.java:5)
	at io.michaelcane.Calculator.&lt;init&gt;(Calculator.java:6)
	at io.michaelcane.Commands.&lt;init&gt;(Commands.java:5)
	at io.michaelcane.Calculator.&lt;init&gt;(Calculator.java:6)
	at io.michaelcane.Commands.&lt;init&gt;(Commands.java:5)
	at io.michaelcane.Calculator.&lt;init&gt;(Calculator.java:6)
	at io.michaelcane.Commands.&lt;init&gt;(Commands.java:5)
	at io.michaelcane.Calculator.&lt;init&gt;(Calculator.java:6)
	at io.michaelcane.Commands.&lt;init&gt;(Commands.java:5)
	at io.michaelcane.Calculator.&lt;init&gt;(Calculator.java:6)
	at io.michaelcane.Commands.&lt;init&gt;(Commands.java:5)
	at io.michaelcane.Calculator.&lt;init&gt;(Calculator.java:6)
	at io.michaelcane.Commands.&lt;init&gt;(Commands.java:5)
	at io.michaelcane.Calculator.&lt;init&gt;(Calculator.java:6)
	at io.michaelcane.Commands.&lt;init&gt;(Commands.java:5)
	at io.michaelcane.Calculator.&lt;init&gt;(Calculator.java:6)
	at io.michaelcane.Commands.&lt;init&gt;(Commands.java:5)
	at io.michaelcane.Calculator.&lt;init&gt;(Calculator.java:6)
	at io.michaelcane.Commands.&lt;init&gt;(Commands.java:5)
	at io.michaelcane.Calculator.&lt;init&gt;(Calculator.java:6)
	at io.michaelcane.Commands.&lt;init&gt;(Commands.java:5)
	at io.michaelcane.Calculator.&lt;init&gt;(Calculator.java:6)
	at io.michaelcane.Commands.&lt;init&gt;(Commands.java:5)
	at io.michaelcane.Calculator.&lt;init&gt;(Calculator.java:6)
	at io.michaelcane.Commands.&lt;init&gt;(Commands.java:5)
	at io.michaelcane.Calculator.&lt;init&gt;(Calculator.java:6)
	at io.michaelcane.Commands.&lt;init&gt;(Commands.java:5)
	at io.michaelcane.Calculator.&lt;init&gt;(Calculator.java:6)
	at io.michaelcane.Commands.&lt;init&gt;(Commands.java:5)
	at io.michaelcane.Calculator.&lt;init&gt;(Calculator.java:6)
	at io.michaelcane.Commands.&lt;init&gt;(Commands.java:5)
	at io.michaelcane.Calculator.&lt;init&gt;(Calculator.java:6)
	at io.michaelcane.Commands.&lt;init&gt;(Commands.java:5)
	at io.michaelcane.Calculator.&lt;init&gt;(Calculator.java:6)
	at io.michaelcane.Commands.&lt;init&gt;(Commands.java:5)
	at io.michaelcane.Calculator.&lt;init&gt;(Calculator.java:6)
	at io.michaelcane.Commands.&lt;init&gt;(Commands.java:5)
	at io.michaelcane.Calculator.&lt;init&gt;(Calculator.java:6)
	at io.michaelcane.Commands.&lt;init&gt;(Commands.java:5)
	at io.michaelcane.Calculator.&lt;init&gt;(Calculator.java:6)
	at io.michaelcane.Commands.&lt;init&gt;(Commands.java:5)
	at io.michaelcane.Calculator.&lt;init&gt;(Calculator.java:6)
	at io.michaelcane.Commands.&lt;init&gt;(Commands.java:5)
	at io.michaelcane.Calculator.&lt;init&gt;(Calculator.java:6)
	at io.michaelcane.Commands.&lt;init&gt;(Commands.java:5)
	at io.michaelcane.Calculator.&lt;init&gt;(Calculator.java:6)
	at io.michaelcane.Commands.&lt;init&gt;(Commands.java:5)
	at io.michaelcane.Calculator.&lt;init&gt;(Calculator.java:6)
	at io.michaelcane.Commands.&lt;init&gt;(Commands.java:5)
	at io.michaelcane.Calculator.&lt;init&gt;(Calculator.java:6)
	at io.michaelcane.Commands.&lt;init&gt;(Commands.java:5)
	at io.michaelcane.Calculator.&lt;init&gt;(Calculator.java:6)
	at io.michaelcane.Commands.&lt;init&gt;(Commands.java:5)
	at io.michaelcane.Calculator.&lt;init&gt;(Calculator.java:6)
	at io.michaelcane.Commands.&lt;init&gt;(Commands.java:5)
	at io.michaelcane.Calculator.&lt;init&gt;(Calculator.java:6)
	at io.michaelcane.Commands.&lt;init&gt;(Commands.java:5)
	at io.michaelcane.Calculator.&lt;init&gt;(Calculator.java:6)
	at io.michaelcane.Commands.&lt;init&gt;(Commands.java:5)
	at io.michaelcane.Calculator.&lt;init&gt;(Calculator.java:6)
	at io.michaelcane.Commands.&lt;init&gt;(Commands.java:5)
	at io.michaelcane.Calculator.&lt;init&gt;(Calculator.java:6)
	at io.michaelcane.Commands.&lt;init&gt;(Commands.java:5)
	at io.michaelcane.Calculator.&lt;init&gt;(Calculator.java:6)
	at io.michaelcane.Commands.&lt;init&gt;(Commands.java:5)
	at io.michaelcane.Calculator.&lt;init&gt;(Calculator.java:6)
	at io.michaelcane.Commands.&lt;init&gt;(Commands.java:5)
	at io.michaelcane.Calculator.&lt;init&gt;(Calculator.java:6)
	at io.michaelcane.Commands.&lt;init&gt;(Commands.java:5)
	at io.michaelcane.Calculator.&lt;init&gt;(Calculator.java:6)
	at io.michaelcane.Commands.&lt;init&gt;(Commands.java:5)
	at io.michaelcane.Calculator.&lt;init&gt;(Calculator.java:6)
	at io.michaelcane.Commands.&lt;init&gt;(Commands.java:5)
	at io.michaelcane.Calculator.&lt;init&gt;(Calculator.java:6)
	at io.michaelcane.Commands.&lt;init&gt;(Commands.java:5)
	at io.michaelcane.Calculator.&lt;init&gt;(Calculator.java:6)
	at io.michaelcane.Commands.&lt;init&gt;(Commands.java:5)
	at io.michaelcane.Calculator.&lt;init&gt;(Calculator.java:6)
	at io.michaelcane.Commands.&lt;init&gt;(Commands.java:5)
	at io.michaelcane.Calculator.&lt;init&gt;(Calculator.java:6)
	at io.michaelcane.Commands.&lt;init&gt;(Commands.java:5)
	at io.michaelcane.Calculator.&lt;init&gt;(Calculator.java:6)
	at io.michaelcane.Commands.&lt;init&gt;(Commands.java:5)
	at io.michaelcane.Calculator.&lt;init&gt;(Calculator.java:6)
	at io.michaelcane.Commands.&lt;init&gt;(Commands.java:5)
	at io.michaelcane.Calculator.&lt;init&gt;(Calculator.java:6)
	at io.michaelcane.Commands.&lt;init&gt;(Commands.java:5)
	at io.michaelcane.Calculator.&lt;init&gt;(Calculator.java:6)
	at io.michaelcane.Commands.&lt;init&gt;(Commands.java:5)
	at io.michaelcane.Calculator.&lt;init&gt;(Calculator.java:6)
	at io.michaelcane.Commands.&lt;init&gt;(Commands.java:5)
	at io.michaelcane.Calculator.&lt;init&gt;(Calculator.java:6)
	at io.michaelcane.Commands.&lt;init&gt;(Commands.java:5)
	at io.michaelcane.Calculator.&lt;init&gt;(Calculator.java:6)
	at io.michaelcane.Commands.&lt;init&gt;(Commands.java:5)
	at io.michaelcane.Calculator.&lt;init&gt;(Calculator.java:6)
	at io.michaelcane.Commands.&lt;init&gt;(Commands.java:5)
	at io.michaelcane.Calculator.&lt;init&gt;(Calculator.java:6)
	at io.michaelcane.Commands.&lt;init&gt;(Commands.java:5)
	at io.michaelcane.Calculator.&lt;init&gt;(Calculator.java:6)
	at io.michaelcane.Commands.&lt;init&gt;(Commands.java:5)
	at io.michaelcane.Calculator.&lt;init&gt;(Calculator.java:6)
	at io.michaelcane.Commands.&lt;init&gt;(Commands.java:5)
	at io.michaelcane.Calculator.&lt;init&gt;(Calculator.java:6)
	at io.michaelcane.Commands.&lt;init&gt;(Commands.java:5)
	at io.michaelcane.Calculator.&lt;init&gt;(Calculator.java:6)
	at io.michaelcane.Commands.&lt;init&gt;(Commands.java:5)
	at io.michaelcane.Calculator.&lt;init&gt;(Calculator.java:6)
	at io.michaelcane.Commands.&lt;init&gt;(Commands.java:5)
	at io.michaelcane.Calculator.&lt;init&gt;(Calculator.java:6)
	at io.michaelcane.Commands.&lt;init&gt;(Commands.java:5)
	at io.michaelcane.Calculator.&lt;init&gt;(Calculator.java:6)
	at io.michaelcane.Commands.&lt;init&gt;(Commands.java:5)
	at io.michaelcane.Calculator.&lt;init&gt;(Calculator.java:6)
	at io.michaelcane.Commands.&lt;init&gt;(Commands.java:5)
	at io.michaelcane.Calculator.&lt;init&gt;(Calculator.java:6)
	at io.michaelcane.Commands.&lt;init&gt;(Commands.java:5)
	at io.michaelcane.Calculator.&lt;init&gt;(Calculator.java:6)
	at io.michaelcane.Commands.&lt;init&gt;(Commands.java:5)
	at io.michaelcane.Calculator.&lt;init&gt;(Calculator.java:6)
	at io.michaelcane.Commands.&lt;init&gt;(Commands.java:5)
	at io.michaelcane.Calculator.&lt;init&gt;(Calculator.java:6)
	at io.michaelcane.Commands.&lt;init&gt;(Commands.java:5)
	at io.michaelcane.Calculator.&lt;init&gt;(Calculator.java:6)
	at io.michaelcane.Commands.&lt;init&gt;(Commands.java:5)
	at io.michaelcane.Calculator.&lt;init&gt;(Calculator.java:6)
	at io.michaelcane.Commands.&lt;init&gt;(Commands.java:5)
	at io.michaelcane.Calculator.&lt;init&gt;(Calculator.java:6)
	at io.michaelcane.Commands.&lt;init&gt;(Commands.java:5)
	at io.michaelcane.Calculator.&lt;init&gt;(Calculator.java:6)
	at io.michaelcane.Commands.&lt;init&gt;(Commands.java:5)
	at io.michaelcane.Calculator.&lt;init&gt;(Calculator.java:6)
	at io.michaelcane.Commands.&lt;init&gt;(Commands.java:5)
	at io.michaelcane.Calculator.&lt;init&gt;(Calculator.java:6)
	at io.michaelcane.Commands.&lt;init&gt;(Commands.java:5)
	at io.michaelcane.Calculator.&lt;init&gt;(Calculator.java:6)
	at io.michaelcane.Commands.&lt;init&gt;(Commands.java:5)
	at io.michaelcane.Calculator.&lt;init&gt;(Calculator.java:6)
	at io.michaelcane.Commands.&lt;init&gt;(Commands.java:5)
	at io.michaelcane.Calculator.&lt;init&gt;(Calculator.java:6)
	at io.michaelcane.Commands.&lt;init&gt;(Commands.java:5)
	at io.michaelcane.Calculator.&lt;init&gt;(Calculator.java:6)
	at io.michaelcane.Commands.&lt;init&gt;(Commands.java:5)
	at io.michaelcane.Calculator.&lt;init&gt;(Calculator.java:6)
	at io.michaelcane.Commands.&lt;init&gt;(Commands.java:5)
	at io.michaelcane.Calculator.&lt;init&gt;(Calculator.java:6)
	at io.michaelcane.Commands.&lt;init&gt;(Commands.java:5)
	at io.michaelcane.Calculator.&lt;init&gt;(Calculator.java:6)
	at io.michaelcane.Commands.&lt;init&gt;(Commands.java:5)
	at io.michaelcane.Calculator.&lt;init&gt;(Calculator.java:6)
	at io.michaelcane.Commands.&lt;init&gt;(Commands.java:5)
	at io.michaelcane.Calculator.&lt;init&gt;(Calculator.java:6)
	at io.michaelcane.Commands.&lt;init&gt;(Commands.java:5)
	at io.michaelcane.Calculator.&lt;init&gt;(Calculator.java:6)
	at io.michaelcane.Commands.&lt;init&gt;(Commands.java:5)
	at io.michaelcane.Calculator.&lt;init&gt;(Calculator.java:6)
	at io.michaelcane.Commands.&lt;init&gt;(Commands.java:5)
	at io.michaelcane.Calculator.&lt;init&gt;(Calculator.java:6)
	at io.michaelcane.Commands.&lt;init&gt;(Commands.java:5)
	at io.michaelcane.Calculator.&lt;init&gt;(Calculator.java:6)
	at io.michaelcane.Commands.&lt;init&gt;(Commands.java:5)
	at io.michaelcane.Calculator.&lt;init&gt;(Calculator.java:6)
	at io.michaelcane.Commands.&lt;init&gt;(Commands.java:5)
	at io.michaelcane.Calculator.&lt;init&gt;(Calculator.java:6)
	at io.michaelcane.Commands.&lt;init&gt;(Commands.java:5)
	at io.michaelcane.Calculator.&lt;init&gt;(Calculator.java:6)
	at io.michaelcane.Commands.&lt;init&gt;(Commands.java:5)
	at io.michaelcane.Calculator.&lt;init&gt;(Calculator.java:6)
	at io.michaelcane.Commands.&lt;init&gt;(Commands.java:5)
	at io.michaelcane.Calculator.&lt;init&gt;(Calculator.java:6)
	at io.michaelcane.Commands.&lt;init&gt;(Commands.java:5)
	at io.michaelcane.Calculator.&lt;init&gt;(Calculator.java:6)
	at io.michaelcane.Commands.&lt;init&gt;(Commands.java:5)
	at io.michaelcane.Calculator.&lt;init&gt;(Calculator.java:6)
	at io.michaelcane.Commands.&lt;init&gt;(Commands.java:5)
	at io.michaelcane.Calculator.&lt;init&gt;(Calculator.java:6)
	at io.michaelcane.Commands.&lt;init&gt;(Commands.java:5)
	at io.michaelcane.Calculator.&lt;init&gt;(Calculator.java:6)
	at io.michaelcane.Commands.&lt;init&gt;(Commands.java:5)
	at io.michaelcane.Calculator.&lt;init&gt;(Calculator.java:6)
	at io.michaelcane.Commands.&lt;init&gt;(Commands.java:5)
	at io.michaelcane.Calculator.&lt;init&gt;(Calculator.java:6)
	at io.michaelcane.Commands.&lt;init&gt;(Commands.java:5)
	at io.michaelcane.Calculator.&lt;init&gt;(Calculator.java:6)
	at io.michaelcane.Commands.&lt;init&gt;(Commands.java:5)
	at io.michaelcane.Calculator.&lt;init&gt;(Calculator.java:6)
	at io.michaelcane.Commands.&lt;init&gt;(Commands.java:5)
	at io.michaelcane.Calculator.&lt;init&gt;(Calculator.java:6)
	at io.michaelcane.Commands.&lt;init&gt;(Commands.java:5)
	at io.michaelcane.Calculator.&lt;init&gt;(Calculator.java:6)
	at io.michaelcane.Commands.&lt;init&gt;(Commands.java:5)
	at io.michaelcane.Calculator.&lt;init&gt;(Calculator.java:6)
	at io.michaelcane.Commands.&lt;init&gt;(Commands.java:5)
	at io.michaelcane.Calculator.&lt;init&gt;(Calculator.java:6)
	at io.michaelcane.Commands.&lt;init&gt;(Commands.java:5)
	at io.michaelcane.Calculator.&lt;init&gt;(Calculator.java:6)
	at io.michaelcane.Commands.&lt;init&gt;(Commands.java:5)
	at io.michaelcane.Calculator.&lt;init&gt;(Calculator.java:6)
	at io.michaelcane.Commands.&lt;init&gt;(Commands.java:5)
	at io.michaelcane.Calculator.&lt;init&gt;(Calculator.java:6)
	at io.michaelcane.Commands.&lt;init&gt;(Commands.java:5)
	at io.michaelcane.Calculator.&lt;init&gt;(Calculator.java:6)
	at io.michaelcane.Commands.&lt;init&gt;(Commands.java:5)
	at io.michaelcane.Calculator.&lt;init&gt;(Calculator.java:6)
	at io.michaelcane.Commands.&lt;init&gt;(Commands.java:5)
	at io.michaelcane.Calculator.&lt;init&gt;(Calculator.java:6)
	at io.michaelcane.Commands.&lt;init&gt;(Commands.java:5)
	at io.michaelcane.Calculator.&lt;init&gt;(Calculator.java:6)
	at io.michaelcane.Commands.&lt;init&gt;(Commands.java:5)
	at io.michaelcane.Calculator.&lt;init&gt;(Calculator.java:6)
	at io.michaelcane.Commands.&lt;init&gt;(Commands.java:5)
	at io.michaelcane.Calculator.&lt;init&gt;(Calculator.java:6)
	at io.michaelcane.Commands.&lt;init&gt;(Commands.java:5)
	at io.michaelcane.Calculator.&lt;init&gt;(Calculator.java:6)
	at io.michaelcane.Commands.&lt;init&gt;(Commands.java:5)
	at io.michaelcane.Calculator.&lt;init&gt;(Calculator.java:6)
	at io.michaelcane.Commands.&lt;init&gt;(Commands.java:5)
	at io.michaelcane.Calculator.&lt;init&gt;(Calculator.java:6)
	at io.michaelcane.Commands.&lt;init&gt;(Commands.java:5)
	at io.michaelcane.Calculator.&lt;init&gt;(Calculator.java:6)
	at io.michaelcane.Commands.&lt;init&gt;(Commands.java:5)
	at io.michaelcane.Calculator.&lt;init&gt;(Calculator.java:6)
	at io.michaelcane.Commands.&lt;init&gt;(Commands.java:5)
	at io.michaelcane.Calculator.&lt;init&gt;(Calculator.java:6)
	at io.michaelcane.Commands.&lt;init&gt;(Commands.java:5)
	at io.michaelcane.Calculator.&lt;init&gt;(Calculator.java:6)
	at io.michaelcane.Commands.&lt;init&gt;(Commands.java:5)
	at io.michaelcane.Calculator.&lt;init&gt;(Calculator.java:6)
	at io.michaelcane.Commands.&lt;init&gt;(Commands.java:5)
	at io.michaelcane.Calculator.&lt;init&gt;(Calculator.java:6)
	at io.michaelcane.Commands.&lt;init&gt;(Commands.java:5)
	at io.michaelcane.Calculator.&lt;init&gt;(Calculator.java:6)
	at io.michaelcane.Commands.&lt;init&gt;(Commands.java:5)
	at io.michaelcane.Calculator.&lt;init&gt;(Calculator.java:6)
	at io.michaelcane.Commands.&lt;init&gt;(Commands.java:5)
	at io.michaelcane.Calculator.&lt;init&gt;(Calculator.java:6)
	at io.michaelcane.Commands.&lt;init&gt;(Commands.java:5)
	at io.michaelcane.Calculator.&lt;init&gt;(Calculator.java:6)
	at io.michaelcane.Commands.&lt;init&gt;(Commands.java:5)
	at io.michaelcane.Calculator.&lt;init&gt;(Calculator.java:6)
	at io.michaelcane.Commands.&lt;init&gt;(Commands.java:5)
	at io.michaelcane.Calculator.&lt;init&gt;(Calculator.java:6)
	at io.michaelcane.Commands.&lt;init&gt;(Commands.java:5)
	at io.michaelcane.Calculator.&lt;init&gt;(Calculator.java:6)
	at io.michaelcane.Commands.&lt;init&gt;(Commands.java:5)
	at io.michaelcane.Calculator.&lt;init&gt;(Calculator.java:6)
	at io.michaelcane.Commands.&lt;init&gt;(Commands.java:5)
	at io.michaelcane.Calculator.&lt;init&gt;(Calculator.java:6)
	at io.michaelcane.Commands.&lt;init&gt;(Commands.java:5)
	at io.michaelcane.Calculator.&lt;init&gt;(Calculator.java:6)
	at io.michaelcane.Commands.&lt;init&gt;(Commands.java:5)
	at io.michaelcane.Calculator.&lt;init&gt;(Calculator.java:6)
	at io.michaelcane.Commands.&lt;init&gt;(Commands.java:5)
	at io.michaelcane.Calculator.&lt;init&gt;(Calculator.java:6)
	at io.michaelcane.Commands.&lt;init&gt;(Commands.java:5)
	at io.michaelcane.Calculator.&lt;init&gt;(Calculator.java:6)
	at io.michaelcane.Commands.&lt;init&gt;(Commands.java:5)
	at io.michaelcane.Calculator.&lt;init&gt;(Calculator.java:6)
	at io.michaelcane.Commands.&lt;init&gt;(Commands.java:5)
	at io.michaelcane.Calculator.&lt;init&gt;(Calculator.java:6)
	at io.michaelcane.Commands.&lt;init&gt;(Commands.java:5)
</error>
  </testcase>
  <testcase classname="io.michaelcane.CalculatorSpec" name="test$sum" time="0.012">
    <error type="java.lang.StackOverflowError">java.lang.StackOverflowError
	at io.michaelcane.Calculator.&lt;init&gt;(Calculator.java:6)
	at io.michaelcane.Commands.&lt;init&gt;(Commands.java:5)
	at io.michaelcane.Calculator.&lt;init&gt;(Calculator.java:6)
	at io.michaelcane.Commands.&lt;init&gt;(Commands.java:5)
	at io.michaelcane.Calculator.&lt;init&gt;(Calculator.java:6)
	at io.michaelcane.Commands.&lt;init&gt;(Commands.java:5)
	at io.michaelcane.Calculator.&lt;init&gt;(Calculator.java:6)
	at io.michaelcane.Commands.&lt;init&gt;(Commands.java:5)
	at io.michaelcane.Calculator.&lt;init&gt;(Calculator.java:6)
	at io.michaelcane.Commands.&lt;init&gt;(Commands.java:5)
	at io.michaelcane.Calculator.&lt;init&gt;(Calculator.java:6)
	at io.michaelcane.Commands.&lt;init&gt;(Commands.java:5)
	at io.michaelcane.Calculator.&lt;init&gt;(Calculator.java:6)
	at io.michaelcane.Commands.&lt;init&gt;(Commands.java:5)
	at io.michaelcane.Calculator.&lt;init&gt;(Calculator.java:6)
	at io.michaelcane.Commands.&lt;init&gt;(Commands.java:5)
	at io.michaelcane.Calculator.&lt;init&gt;(Calculator.java:6)
	at io.michaelcane.Commands.&lt;init&gt;(Commands.java:5)
	at io.michaelcane.Calculator.&lt;init&gt;(Calculator.java:6)
	at io.michaelcane.Commands.&lt;init&gt;(Commands.java:5)
	at io.michaelcane.Calculator.&lt;init&gt;(Calculator.java:6)
	at io.michaelcane.Commands.&lt;init&gt;(Commands.java:5)
	at io.michaelcane.Calculator.&lt;init&gt;(Calculator.java:6)
	at io.michaelcane.Commands.&lt;init&gt;(Commands.java:5)
	at io.michaelcane.Calculator.&lt;init&gt;(Calculator.java:6)
	at io.michaelcane.Commands.&lt;init&gt;(Commands.java:5)
	at io.michaelcane.Calculator.&lt;init&gt;(Calculator.java:6)
	at io.michaelcane.Commands.&lt;init&gt;(Commands.java:5)
	at io.michaelcane.Calculator.&lt;init&gt;(Calculator.java:6)
	at io.michaelcane.Commands.&lt;init&gt;(Commands.java:5)
	at io.michaelcane.Calculator.&lt;init&gt;(Calculator.java:6)
	at io.michaelcane.Commands.&lt;init&gt;(Commands.java:5)
	at io.michaelcane.Calculator.&lt;init&gt;(Calculator.java:6)
	at io.michaelcane.Commands.&lt;init&gt;(Commands.java:5)
	at io.michaelcane.Calculator.&lt;init&gt;(Calculator.java:6)
	at io.michaelcane.Commands.&lt;init&gt;(Commands.java:5)
	at io.michaelcane.Calculator.&lt;init&gt;(Calculator.java:6)
	at io.michaelcane.Commands.&lt;init&gt;(Commands.java:5)
	at io.michaelcane.Calculator.&lt;init&gt;(Calculator.java:6)
	at io.michaelcane.Commands.&lt;init&gt;(Commands.java:5)
	at io.michaelcane.Calculator.&lt;init&gt;(Calculator.java:6)
	at io.michaelcane.Commands.&lt;init&gt;(Commands.java:5)
	at io.michaelcane.Calculator.&lt;init&gt;(Calculator.java:6)
	at io.michaelcane.Commands.&lt;init&gt;(Commands.java:5)
	at io.michaelcane.Calculator.&lt;init&gt;(Calculator.java:6)
	at io.michaelcane.Commands.&lt;init&gt;(Commands.java:5)
	at io.michaelcane.Calculator.&lt;init&gt;(Calculator.java:6)
	at io.michaelcane.Commands.&lt;init&gt;(Commands.java:5)
	at io.michaelcane.Calculator.&lt;init&gt;(Calculator.java:6)
	at io.michaelcane.Commands.&lt;init&gt;(Commands.java:5)
	at io.michaelcane.Calculator.&lt;init&gt;(Calculator.java:6)
	at io.michaelcane.Commands.&lt;init&gt;(Commands.java:5)
	at io.michaelcane.Calculator.&lt;init&gt;(Calculator.java:6)
	at io.michaelcane.Commands.&lt;init&gt;(Commands.java:5)
	at io.michaelcane.Calculator.&lt;init&gt;(Calculator.java:6)
	at io.michaelcane.Commands.&lt;init&gt;(Commands.java:5)
	at io.michaelcane.Calculator.&lt;init&gt;(Calculator.java:6)
	at io.michaelcane.Commands.&lt;init&gt;(Commands.java:5)
	at io.michaelcane.Calculator.&lt;init&gt;(Calculator.java:6)
	at io.michaelcane.Commands.&lt;init&gt;(Commands.java:5)
	at io.michaelcane.Calculator.&lt;init&gt;(Calculator.java:6)
	at io.michaelcane.Commands.&lt;init&gt;(Commands.java:5)
	at io.michaelcane.Calculator.&lt;init&gt;(Calculator.java:6)
	at io.michaelcane.Commands.&lt;init&gt;(Commands.java:5)
	at io.michaelcane.Calculator.&lt;init&gt;(Calculator.java:6)
	at io.michaelcane.Commands.&lt;init&gt;(Commands.java:5)
	at io.michaelcane.Calculator.&lt;init&gt;(Calculator.java:6)
	at io.michaelcane.Commands.&lt;init&gt;(Commands.java:5)
	at io.michaelcane.Calculator.&lt;init&gt;(Calculator.java:6)
	at io.michaelcane.Commands.&lt;init&gt;(Commands.java:5)
	at io.michaelcane.Calculator.&lt;init&gt;(Calculator.java:6)
	at io.michaelcane.Commands.&lt;init&gt;(Commands.java:5)
	at io.michaelcane.Calculator.&lt;init&gt;(Calculator.java:6)
	at io.michaelcane.Commands.&lt;init&gt;(Commands.java:5)
	at io.michaelcane.Calculator.&lt;init&gt;(Calculator.java:6)
	at io.michaelcane.Commands.&lt;init&gt;(Commands.java:5)
	at io.michaelcane.Calculator.&lt;init&gt;(Calculator.java:6)
	at io.michaelcane.Commands.&lt;init&gt;(Commands.java:5)
	at io.michaelcane.Calculator.&lt;init&gt;(Calculator.java:6)
	at io.michaelcane.Commands.&lt;init&gt;(Commands.java:5)
	at io.michaelcane.Calculator.&lt;init&gt;(Calculator.java:6)
	at io.michaelcane.Commands.&lt;init&gt;(Commands.java:5)
	at io.michaelcane.Calculator.&lt;init&gt;(Calculator.java:6)
	at io.michaelcane.Commands.&lt;init&gt;(Commands.java:5)
	at io.michaelcane.Calculator.&lt;init&gt;(Calculator.java:6)
	at io.michaelcane.Commands.&lt;init&gt;(Commands.java:5)
	at io.michaelcane.Calculator.&lt;init&gt;(Calculator.java:6)
	at io.michaelcane.Commands.&lt;init&gt;(Commands.java:5)
	at io.michaelcane.Calculator.&lt;init&gt;(Calculator.java:6)
	at io.michaelcane.Commands.&lt;init&gt;(Commands.java:5)
	at io.michaelcane.Calculator.&lt;init&gt;(Calculator.java:6)
	at io.michaelcane.Commands.&lt;init&gt;(Commands.java:5)
	at io.michaelcane.Calculator.&lt;init&gt;(Calculator.java:6)
	at io.michaelcane.Commands.&lt;init&gt;(Commands.java:5)
	at io.michaelcane.Calculator.&lt;init&gt;(Calculator.java:6)
	at io.michaelcane.Commands.&lt;init&gt;(Commands.java:5)
	at io.michaelcane.Calculator.&lt;init&gt;(Calculator.java:6)
	at io.michaelcane.Commands.&lt;init&gt;(Commands.java:5)
	at io.michaelcane.Calculator.&lt;init&gt;(Calculator.java:6)
	at io.michaelcane.Commands.&lt;init&gt;(Commands.java:5)
	at io.michaelcane.Calculator.&lt;init&gt;(Calculator.java:6)
	at io.michaelcane.Commands.&lt;init&gt;(Commands.java:5)
	at io.michaelcane.Calculator.&lt;init&gt;(Calculator.java:6)
	at io.michaelcane.Commands.&lt;init&gt;(Commands.java:5)
	at io.michaelcane.Calculator.&lt;init&gt;(Calculator.java:6)
	at io.michaelcane.Commands.&lt;init&gt;(Commands.java:5)
	at io.michaelcane.Calculator.&lt;init&gt;(Calculator.java:6)
	at io.michaelcane.Commands.&lt;init&gt;(Commands.java:5)
	at io.michaelcane.Calculator.&lt;init&gt;(Calculator.java:6)
	at io.michaelcane.Commands.&lt;init&gt;(Commands.java:5)
	at io.michaelcane.Calculator.&lt;init&gt;(Calculator.java:6)
	at io.michaelcane.Commands.&lt;init&gt;(Commands.java:5)
	at io.michaelcane.Calculator.&lt;init&gt;(Calculator.java:6)
	at io.michaelcane.Commands.&lt;init&gt;(Commands.java:5)
	at io.michaelcane.Calculator.&lt;init&gt;(Calculator.java:6)
	at io.michaelcane.Commands.&lt;init&gt;(Commands.java:5)
	at io.michaelcane.Calculator.&lt;init&gt;(Calculator.java:6)
	at io.michaelcane.Commands.&lt;init&gt;(Commands.java:5)
	at io.michaelcane.Calculator.&lt;init&gt;(Calculator.java:6)
	at io.michaelcane.Commands.&lt;init&gt;(Commands.java:5)
	at io.michaelcane.Calculator.&lt;init&gt;(Calculator.java:6)
	at io.michaelcane.Commands.&lt;init&gt;(Commands.java:5)
	at io.michaelcane.Calculator.&lt;init&gt;(Calculator.java:6)
	at io.michaelcane.Commands.&lt;init&gt;(Commands.java:5)
	at io.michaelcane.Calculator.&lt;init&gt;(Calculator.java:6)
	at io.michaelcane.Commands.&lt;init&gt;(Commands.java:5)
	at io.michaelcane.Calculator.&lt;init&gt;(Calculator.java:6)
	at io.michaelcane.Commands.&lt;init&gt;(Commands.java:5)
	at io.michaelcane.Calculator.&lt;init&gt;(Calculator.java:6)
	at io.michaelcane.Commands.&lt;init&gt;(Commands.java:5)
	at io.michaelcane.Calculator.&lt;init&gt;(Calculator.java:6)
	at io.michaelcane.Commands.&lt;init&gt;(Commands.java:5)
	at io.michaelcane.Calculator.&lt;init&gt;(Calculator.java:6)
	at io.michaelcane.Commands.&lt;init&gt;(Commands.java:5)
	at io.michaelcane.Calculator.&lt;init&gt;(Calculator.java:6)
	at io.michaelcane.Commands.&lt;init&gt;(Commands.java:5)
	at io.michaelcane.Calculator.&lt;init&gt;(Calculator.java:6)
	at io.michaelcane.Commands.&lt;init&gt;(Commands.java:5)
	at io.michaelcane.Calculator.&lt;init&gt;(Calculator.java:6)
	at io.michaelcane.Commands.&lt;init&gt;(Commands.java:5)
	at io.michaelcane.Calculator.&lt;init&gt;(Calculator.java:6)
	at io.michaelcane.Commands.&lt;init&gt;(Commands.java:5)
	at io.michaelcane.Calculator.&lt;init&gt;(Calculator.java:6)
	at io.michaelcane.Commands.&lt;init&gt;(Commands.java:5)
	at io.michaelcane.Calculator.&lt;init&gt;(Calculator.java:6)
	at io.michaelcane.Commands.&lt;init&gt;(Commands.java:5)
	at io.michaelcane.Calculator.&lt;init&gt;(Calculator.java:6)
	at io.michaelcane.Commands.&lt;init&gt;(Commands.java:5)
	at io.michaelcane.Calculator.&lt;init&gt;(Calculator.java:6)
	at io.michaelcane.Commands.&lt;init&gt;(Commands.java:5)
	at io.michaelcane.Calculator.&lt;init&gt;(Calculator.java:6)
	at io.michaelcane.Commands.&lt;init&gt;(Commands.java:5)
	at io.michaelcane.Calculator.&lt;init&gt;(Calculator.java:6)
	at io.michaelcane.Commands.&lt;init&gt;(Commands.java:5)
	at io.michaelcane.Calculator.&lt;init&gt;(Calculator.java:6)
	at io.michaelcane.Commands.&lt;init&gt;(Commands.java:5)
	at io.michaelcane.Calculator.&lt;init&gt;(Calculator.java:6)
	at io.michaelcane.Commands.&lt;init&gt;(Commands.java:5)
	at io.michaelcane.Calculator.&lt;init&gt;(Calculator.java:6)
	at io.michaelcane.Commands.&lt;init&gt;(Commands.java:5)
	at io.michaelcane.Calculator.&lt;init&gt;(Calculator.java:6)
	at io.michaelcane.Commands.&lt;init&gt;(Commands.java:5)
	at io.michaelcane.Calculator.&lt;init&gt;(Calculator.java:6)
	at io.michaelcane.Commands.&lt;init&gt;(Commands.java:5)
	at io.michaelcane.Calculator.&lt;init&gt;(Calculator.java:6)
	at io.michaelcane.Commands.&lt;init&gt;(Commands.java:5)
	at io.michaelcane.Calculator.&lt;init&gt;(Calculator.java:6)
	at io.michaelcane.Commands.&lt;init&gt;(Commands.java:5)
	at io.michaelcane.Calculator.&lt;init&gt;(Calculator.java:6)
	at io.michaelcane.Commands.&lt;init&gt;(Commands.java:5)
	at io.michaelcane.Calculator.&lt;init&gt;(Calculator.java:6)
	at io.michaelcane.Commands.&lt;init&gt;(Commands.java:5)
	at io.michaelcane.Calculator.&lt;init&gt;(Calculator.java:6)
	at io.michaelcane.Commands.&lt;init&gt;(Commands.java:5)
	at io.michaelcane.Calculator.&lt;init&gt;(Calculator.java:6)
	at io.michaelcane.Commands.&lt;init&gt;(Commands.java:5)
	at io.michaelcane.Calculator.&lt;init&gt;(Calculator.java:6)
	at io.michaelcane.Commands.&lt;init&gt;(Commands.java:5)
	at io.michaelcane.Calculator.&lt;init&gt;(Calculator.java:6)
	at io.michaelcane.Commands.&lt;init&gt;(Commands.java:5)
	at io.michaelcane.Calculator.&lt;init&gt;(Calculator.java:6)
	at io.michaelcane.Commands.&lt;init&gt;(Commands.java:5)
	at io.michaelcane.Calculator.&lt;init&gt;(Calculator.java:6)
	at io.michaelcane.Commands.&lt;init&gt;(Commands.java:5)
	at io.michaelcane.Calculator.&lt;init&gt;(Calculator.java:6)
	at io.michaelcane.Commands.&lt;init&gt;(Commands.java:5)
	at io.michaelcane.Calculator.&lt;init&gt;(Calculator.java:6)
	at io.michaelcane.Commands.&lt;init&gt;(Commands.java:5)
	at io.michaelcane.Calculator.&lt;init&gt;(Calculator.java:6)
	at io.michaelcane.Commands.&lt;init&gt;(Commands.java:5)
	at io.michaelcane.Calculator.&lt;init&gt;(Calculator.java:6)
	at io.michaelcane.Commands.&lt;init&gt;(Commands.java:5)
	at io.michaelcane.Calculator.&lt;init&gt;(Calculator.java:6)
	at io.michaelcane.Commands.&lt;init&gt;(Commands.java:5)
	at io.michaelcane.Calculator.&lt;init&gt;(Calculator.java:6)
	at io.michaelcane.Commands.&lt;init&gt;(Commands.java:5)
	at io.michaelcane.Calculator.&lt;init&gt;(Calculator.java:6)
	at io.michaelcane.Commands.&lt;init&gt;(Commands.java:5)
	at io.michaelcane.Calculator.&lt;init&gt;(Calculator.java:6)
	at io.michaelcane.Commands.&lt;init&gt;(Commands.java:5)
	at io.michaelcane.Calculator.&lt;init&gt;(Calculator.java:6)
	at io.michaelcane.Commands.&lt;init&gt;(Commands.java:5)
	at io.michaelcane.Calculator.&lt;init&gt;(Calculator.java:6)
	at io.michaelcane.Commands.&lt;init&gt;(Commands.java:5)
	at io.michaelcane.Calculator.&lt;init&gt;(Calculator.java:6)
	at io.michaelcane.Commands.&lt;init&gt;(Commands.java:5)
	at io.michaelcane.Calculator.&lt;init&gt;(Calculator.java:6)
	at io.michaelcane.Commands.&lt;init&gt;(Commands.java:5)
	at io.michaelcane.Calculator.&lt;init&gt;(Calculator.java:6)
	at io.michaelcane.Commands.&lt;init&gt;(Commands.java:5)
	at io.michaelcane.Calculator.&lt;init&gt;(Calculator.java:6)
	at io.michaelcane.Commands.&lt;init&gt;(Commands.java:5)
	at io.michaelcane.Calculator.&lt;init&gt;(Calculator.java:6)
	at io.michaelcane.Commands.&lt;init&gt;(Commands.java:5)
	at io.michaelcane.Calculator.&lt;init&gt;(Calculator.java:6)
	at io.michaelcane.Commands.&lt;init&gt;(Commands.java:5)
	at io.michaelcane.Calculator.&lt;init&gt;(Calculator.java:6)
	at io.michaelcane.Commands.&lt;init&gt;(Commands.java:5)
	at io.michaelcane.Calculator.&lt;init&gt;(Calculator.java:6)
	at io.michaelcane.Commands.&lt;init&gt;(Commands.java:5)
	at io.michaelcane.Calculator.&lt;init&gt;(Calculator.java:6)
	at io.michaelcane.Commands.&lt;init&gt;(Commands.java:5)
	at io.michaelcane.Calculator.&lt;init&gt;(Calculator.java:6)
	at io.michaelcane.Commands.&lt;init&gt;(Commands.java:5)
	at io.michaelcane.Calculator.&lt;init&gt;(Calculator.java:6)
	at io.michaelcane.Commands.&lt;init&gt;(Commands.java:5)
	at io.michaelcane.Calculator.&lt;init&gt;(Calculator.java:6)
	at io.michaelcane.Commands.&lt;init&gt;(Commands.java:5)
	at io.michaelcane.Calculator.&lt;init&gt;(Calculator.java:6)
	at io.michaelcane.Commands.&lt;init&gt;(Commands.java:5)
	at io.michaelcane.Calculator.&lt;init&gt;(Calculator.java:6)
	at io.michaelcane.Commands.&lt;init&gt;(Commands.java:5)
	at io.michaelcane.Calculator.&lt;init&gt;(Calculator.java:6)
	at io.michaelcane.Commands.&lt;init&gt;(Commands.java:5)
	at io.michaelcane.Calculator.&lt;init&gt;(Calculator.java:6)
	at io.michaelcane.Commands.&lt;init&gt;(Commands.java:5)
	at io.michaelcane.Calculator.&lt;init&gt;(Calculator.java:6)
	at io.michaelcane.Commands.&lt;init&gt;(Commands.java:5)
	at io.michaelcane.Calculator.&lt;init&gt;(Calculator.java:6)
	at io.michaelcane.Commands.&lt;init&gt;(Commands.java:5)
	at io.michaelcane.Calculator.&lt;init&gt;(Calculator.java:6)
	at io.michaelcane.Commands.&lt;init&gt;(Commands.java:5)
	at io.michaelcane.Calculator.&lt;init&gt;(Calculator.java:6)
	at io.michaelcane.Commands.&lt;init&gt;(Commands.java:5)
	at io.michaelcane.Calculator.&lt;init&gt;(Calculator.java:6)
	at io.michaelcane.Commands.&lt;init&gt;(Commands.java:5)
	at io.michaelcane.Calculator.&lt;init&gt;(Calculator.java:6)
	at io.michaelcane.Commands.&lt;init&gt;(Commands.java:5)
	at io.michaelcane.Calculator.&lt;init&gt;(Calculator.java:6)
	at io.michaelcane.Commands.&lt;init&gt;(Commands.java:5)
	at io.michaelcane.Calculator.&lt;init&gt;(Calculator.java:6)
	at io.michaelcane.Commands.&lt;init&gt;(Commands.java:5)
	at io.michaelcane.Calculator.&lt;init&gt;(Calculator.java:6)
	at io.michaelcane.Commands.&lt;init&gt;(Commands.java:5)
	at io.michaelcane.Calculator.&lt;init&gt;(Calculator.java:6)
	at io.michaelcane.Commands.&lt;init&gt;(Commands.java:5)
	at io.michaelcane.Calculator.&lt;init&gt;(Calculator.java:6)
	at io.michaelcane.Commands.&lt;init&gt;(Commands.java:5)
	at io.michaelcane.Calculator.&lt;init&gt;(Calculator.java:6)
	at io.michaelcane.Commands.&lt;init&gt;(Commands.java:5)
	at io.michaelcane.Calculator.&lt;init&gt;(Calculator.java:6)
	at io.michaelcane.Commands.&lt;init&gt;(Commands.java:5)
	at io.michaelcane.Calculator.&lt;init&gt;(Calculator.java:6)
	at io.michaelcane.Commands.&lt;init&gt;(Commands.java:5)
	at io.michaelcane.Calculator.&lt;init&gt;(Calculator.java:6)
	at io.michaelcane.Commands.&lt;init&gt;(Commands.java:5)
	at io.michaelcane.Calculator.&lt;init&gt;(Calculator.java:6)
	at io.michaelcane.Commands.&lt;init&gt;(Commands.java:5)
	at io.michaelcane.Calculator.&lt;init&gt;(Calculator.java:6)
	at io.michaelcane.Commands.&lt;init&gt;(Commands.java:5)
	at io.michaelcane.Calculator.&lt;init&gt;(Calculator.java:6)
	at io.michaelcane.Commands.&lt;init&gt;(Commands.java:5)
	at io.michaelcane.Calculator.&lt;init&gt;(Calculator.java:6)
	at io.michaelcane.Commands.&lt;init&gt;(Commands.java:5)
	at io.michaelcane.Calculator.&lt;init&gt;(Calculator.java:6)
	at io.michaelcane.Commands.&lt;init&gt;(Commands.java:5)
	at io.michaelcane.Calculator.&lt;init&gt;(Calculator.java:6)
	at io.michaelcane.Commands.&lt;init&gt;(Commands.java:5)
	at io.michaelcane.Calculator.&lt;init&gt;(Calculator.java:6)
	at io.michaelcane.Commands.&lt;init&gt;(Commands.java:5)
	at io.michaelcane.Calculator.&lt;init&gt;(Calculator.java:6)
	at io.michaelcane.Commands.&lt;init&gt;(Commands.java:5)
	at io.michaelcane.Calculator.&lt;init&gt;(Calculator.java:6)
	at io.michaelcane.Commands.&lt;init&gt;(Commands.java:5)
	at io.michaelcane.Calculator.&lt;init&gt;(Calculator.java:6)
	at io.michaelcane.Commands.&lt;init&gt;(Commands.java:5)
	at io.michaelcane.Calculator.&lt;init&gt;(Calculator.java:6)
	at io.michaelcane.Commands.&lt;init&gt;(Commands.java:5)
	at io.michaelcane.Calculator.&lt;init&gt;(Calculator.java:6)
	at io.michaelcane.Commands.&lt;init&gt;(Commands.java:5)
	at io.michaelcane.Calculator.&lt;init&gt;(Calculator.java:6)
	at io.michaelcane.Commands.&lt;init&gt;(Commands.java:5)
	at io.michaelcane.Calculator.&lt;init&gt;(Calculator.java:6)
	at io.michaelcane.Commands.&lt;init&gt;(Commands.java:5)
	at io.michaelcane.Calculator.&lt;init&gt;(Calculator.java:6)
	at io.michaelcane.Commands.&lt;init&gt;(Commands.java:5)
	at io.michaelcane.Calculator.&lt;init&gt;(Calculator.java:6)
	at io.michaelcane.Commands.&lt;init&gt;(Commands.java:5)
	at io.michaelcane.Calculator.&lt;init&gt;(Calculator.java:6)
	at io.michaelcane.Commands.&lt;init&gt;(Commands.java:5)
	at io.michaelcane.Calculator.&lt;init&gt;(Calculator.java:6)
	at io.michaelcane.Commands.&lt;init&gt;(Commands.java:5)
	at io.michaelcane.Calculator.&lt;init&gt;(Calculator.java:6)
	at io.michaelcane.Commands.&lt;init&gt;(Commands.java:5)
	at io.michaelcane.Calculator.&lt;init&gt;(Calculator.java:6)
	at io.michaelcane.Commands.&lt;init&gt;(Commands.java:5)
	at io.michaelcane.Calculator.&lt;init&gt;(Calculator.java:6)
	at io.michaelcane.Commands.&lt;init&gt;(Commands.java:5)
	at io.michaelcane.Calculator.&lt;init&gt;(Calculator.java:6)
	at io.michaelcane.Commands.&lt;init&gt;(Commands.java:5)
	at io.michaelcane.Calculator.&lt;init&gt;(Calculator.java:6)
	at io.michaelcane.Commands.&lt;init&gt;(Commands.java:5)
	at io.michaelcane.Calculator.&lt;init&gt;(Calculator.java:6)
	at io.michaelcane.Commands.&lt;init&gt;(Commands.java:5)
	at io.michaelcane.Calculator.&lt;init&gt;(Calculator.java:6)
	at io.michaelcane.Commands.&lt;init&gt;(Commands.java:5)
	at io.michaelcane.Calculator.&lt;init&gt;(Calculator.java:6)
	at io.michaelcane.Commands.&lt;init&gt;(Commands.java:5)
	at io.michaelcane.Calculator.&lt;init&gt;(Calculator.java:6)
	at io.michaelcane.Commands.&lt;init&gt;(Commands.java:5)
	at io.michaelcane.Calculator.&lt;init&gt;(Calculator.java:6)
	at io.michaelcane.Commands.&lt;init&gt;(Commands.java:5)
	at io.michaelcane.Calculator.&lt;init&gt;(Calculator.java:6)
	at io.michaelcane.Commands.&lt;init&gt;(Commands.java:5)
	at io.michaelcane.Calculator.&lt;init&gt;(Calculator.java:6)
	at io.michaelcane.Commands.&lt;init&gt;(Commands.java:5)
	at io.michaelcane.Calculator.&lt;init&gt;(Calculator.java:6)
	at io.michaelcane.Commands.&lt;init&gt;(Commands.java:5)
	at io.michaelcane.Calculator.&lt;init&gt;(Calculator.java:6)
	at io.michaelcane.Commands.&lt;init&gt;(Commands.java:5)
	at io.michaelcane.Calculator.&lt;init&gt;(Calculator.java:6)
	at io.michaelcane.Commands.&lt;init&gt;(Commands.java:5)
	at io.michaelcane.Calculator.&lt;init&gt;(Calculator.java:6)
	at io.michaelcane.Commands.&lt;init&gt;(Commands.java:5)
	at io.michaelcane.Calculator.&lt;init&gt;(Calculator.java:6)
	at io.michaelcane.Commands.&lt;init&gt;(Commands.java:5)
	at io.michaelcane.Calculator.&lt;init&gt;(Calculator.java:6)
	at io.michaelcane.Commands.&lt;init&gt;(Commands.java:5)
	at io.michaelcane.Calculator.&lt;init&gt;(Calculator.java:6)
	at io.michaelcane.Commands.&lt;init&gt;(Commands.java:5)
	at io.michaelcane.Calculator.&lt;init&gt;(Calculator.java:6)
	at io.michaelcane.Commands.&lt;init&gt;(Commands.java:5)
	at io.michaelcane.Calculator.&lt;init&gt;(Calculator.java:6)
	at io.michaelcane.Commands.&lt;init&gt;(Commands.java:5)
	at io.michaelcane.Calculator.&lt;init&gt;(Calculator.java:6)
	at io.michaelcane.Commands.&lt;init&gt;(Commands.java:5)
	at io.michaelcane.Calculator.&lt;init&gt;(Calculator.java:6)
	at io.michaelcane.Commands.&lt;init&gt;(Commands.java:5)
	at io.michaelcane.Calculator.&lt;init&gt;(Calculator.java:6)
	at io.michaelcane.Commands.&lt;init&gt;(Commands.java:5)
	at io.michaelcane.Calculator.&lt;init&gt;(Calculator.java:6)
	at io.michaelcane.Commands.&lt;init&gt;(Commands.java:5)
	at io.michaelcane.Calculator.&lt;init&gt;(Calculator.java:6)
	at io.michaelcane.Commands.&lt;init&gt;(Commands.java:5)
	at io.michaelcane.Calculator.&lt;init&gt;(Calculator.java:6)
	at io.michaelcane.Commands.&lt;init&gt;(Commands.java:5)
	at io.michaelcane.Calculator.&lt;init&gt;(Calculator.java:6)
	at io.michaelcane.Commands.&lt;init&gt;(Commands.java:5)
	at io.michaelcane.Calculator.&lt;init&gt;(Calculator.java:6)
	at io.michaelcane.Commands.&lt;init&gt;(Commands.java:5)
	at io.michaelcane.Calculator.&lt;init&gt;(Calculator.java:6)
	at io.michaelcane.Commands.&lt;init&gt;(Commands.java:5)
	at io.michaelcane.Calculator.&lt;init&gt;(Calculator.java:6)
	at io.michaelcane.Commands.&lt;init&gt;(Commands.java:5)
	at io.michaelcane.Calculator.&lt;init&gt;(Calculator.java:6)
	at io.michaelcane.Commands.&lt;init&gt;(Commands.java:5)
	at io.michaelcane.Calculator.&lt;init&gt;(Calculator.java:6)
	at io.michaelcane.Commands.&lt;init&gt;(Commands.java:5)
	at io.michaelcane.Calculator.&lt;init&gt;(Calculator.java:6)
	at io.michaelcane.Commands.&lt;init&gt;(Commands.java:5)
	at io.michaelcane.Calculator.&lt;init&gt;(Calculator.java:6)
	at io.michaelcane.Commands.&lt;init&gt;(Commands.java:5)
	at io.michaelcane.Calculator.&lt;init&gt;(Calculator.java:6)
	at io.michaelcane.Commands.&lt;init&gt;(Commands.java:5)
	at io.michaelcane.Calculator.&lt;init&gt;(Calculator.java:6)
	at io.michaelcane.Commands.&lt;init&gt;(Commands.java:5)
	at io.michaelcane.Calculator.&lt;init&gt;(Calculator.java:6)
	at io.michaelcane.Commands.&lt;init&gt;(Commands.java:5)
	at io.michaelcane.Calculator.&lt;init&gt;(Calculator.java:6)
	at io.michaelcane.Commands.&lt;init&gt;(Commands.java:5)
	at io.michaelcane.Calculator.&lt;init&gt;(Calculator.java:6)
	at io.michaelcane.Commands.&lt;init&gt;(Commands.java:5)
	at io.michaelcane.Calculator.&lt;init&gt;(Calculator.java:6)
	at io.michaelcane.Commands.&lt;init&gt;(Commands.java:5)
	at io.michaelcane.Calculator.&lt;init&gt;(Calculator.java:6)
	at io.michaelcane.Commands.&lt;init&gt;(Commands.java:5)
	at io.michaelcane.Calculator.&lt;init&gt;(Calculator.java:6)
	at io.michaelcane.Commands.&lt;init&gt;(Commands.java:5)
	at io.michaelcane.Calculator.&lt;init&gt;(Calculator.java:6)
	at io.michaelcane.Commands.&lt;init&gt;(Commands.java:5)
	at io.michaelcane.Calculator.&lt;init&gt;(Calculator.java:6)
	at io.michaelcane.Commands.&lt;init&gt;(Commands.java:5)
	at io.michaelcane.Calculator.&lt;init&gt;(Calculator.java:6)
	at io.michaelcane.Commands.&lt;init&gt;(Commands.java:5)
	at io.michaelcane.Calculator.&lt;init&gt;(Calculator.java:6)
	at io.michaelcane.Commands.&lt;init&gt;(Commands.java:5)
	at io.michaelcane.Calculator.&lt;init&gt;(Calculator.java:6)
	at io.michaelcane.Commands.&lt;init&gt;(Commands.java:5)
	at io.michaelcane.Calculator.&lt;init&gt;(Calculator.java:6)
	at io.michaelcane.Commands.&lt;init&gt;(Commands.java:5)
	at io.michaelcane.Calculator.&lt;init&gt;(Calculator.java:6)
	at io.michaelcane.Commands.&lt;init&gt;(Commands.java:5)
	at io.michaelcane.Calculator.&lt;init&gt;(Calculator.java:6)
	at io.michaelcane.Commands.&lt;init&gt;(Commands.java:5)
	at io.michaelcane.Calculator.&lt;init&gt;(Calculator.java:6)
	at io.michaelcane.Commands.&lt;init&gt;(Commands.java:5)
	at io.michaelcane.Calculator.&lt;init&gt;(Calculator.java:6)
	at io.michaelcane.Commands.&lt;init&gt;(Commands.java:5)
	at io.michaelcane.Calculator.&lt;init&gt;(Calculator.java:6)
	at io.michaelcane.Commands.&lt;init&gt;(Commands.java:5)
	at io.michaelcane.Calculator.&lt;init&gt;(Calculator.java:6)
	at io.michaelcane.Commands.&lt;init&gt;(Commands.java:5)
	at io.michaelcane.Calculator.&lt;init&gt;(Calculator.java:6)
	at io.michaelcane.Commands.&lt;init&gt;(Commands.java:5)
	at io.michaelcane.Calculator.&lt;init&gt;(Calculator.java:6)
	at io.michaelcane.Commands.&lt;init&gt;(Commands.java:5)
	at io.michaelcane.Calculator.&lt;init&gt;(Calculator.java:6)
	at io.michaelcane.Commands.&lt;init&gt;(Commands.java:5)
	at io.michaelcane.Calculator.&lt;init&gt;(Calculator.java:6)
	at io.michaelcane.Commands.&lt;init&gt;(Commands.java:5)
	at io.michaelcane.Calculator.&lt;init&gt;(Calculator.java:6)
	at io.michaelcane.Commands.&lt;init&gt;(Commands.java:5)
	at io.michaelcane.Calculator.&lt;init&gt;(Calculator.java:6)
	at io.michaelcane.Commands.&lt;init&gt;(Commands.java:5)
	at io.michaelcane.Calculator.&lt;init&gt;(Calculator.java:6)
	at io.michaelcane.Commands.&lt;init&gt;(Commands.java:5)
	at io.michaelcane.Calculator.&lt;init&gt;(Calculator.java:6)
	at io.michaelcane.Commands.&lt;init&gt;(Commands.java:5)
	at io.michaelcane.Calculator.&lt;init&gt;(Calculator.java:6)
	at io.michaelcane.Commands.&lt;init&gt;(Commands.java:5)
	at io.michaelcane.Calculator.&lt;init&gt;(Calculator.java:6)
	at io.michaelcane.Commands.&lt;init&gt;(Commands.java:5)
	at io.michaelcane.Calculator.&lt;init&gt;(Calculator.java:6)
	at io.michaelcane.Commands.&lt;init&gt;(Commands.java:5)
	at io.michaelcane.Calculator.&lt;init&gt;(Calculator.java:6)
	at io.michaelcane.Commands.&lt;init&gt;(Commands.java:5)
	at io.michaelcane.Calculator.&lt;init&gt;(Calculator.java:6)
	at io.michaelcane.Commands.&lt;init&gt;(Commands.java:5)
	at io.michaelcane.Calculator.&lt;init&gt;(Calculator.java:6)
	at io.michaelcane.Commands.&lt;init&gt;(Commands.java:5)
	at io.michaelcane.Calculator.&lt;init&gt;(Calculator.java:6)
	at io.michaelcane.Commands.&lt;init&gt;(Commands.java:5)
	at io.michaelcane.Calculator.&lt;init&gt;(Calculator.java:6)
	at io.michaelcane.Commands.&lt;init&gt;(Commands.java:5)
	at io.michaelcane.Calculator.&lt;init&gt;(Calculator.java:6)
	at io.michaelcane.Commands.&lt;init&gt;(Commands.java:5)
	at io.michaelcane.Calculator.&lt;init&gt;(Calculator.java:6)
	at io.michaelcane.Commands.&lt;init&gt;(Commands.java:5)
	at io.michaelcane.Calculator.&lt;init&gt;(Calculator.java:6)
	at io.michaelcane.Commands.&lt;init&gt;(Commands.java:5)
	at io.michaelcane.Calculator.&lt;init&gt;(Calculator.java:6)
	at io.michaelcane.Commands.&lt;init&gt;(Commands.java:5)
	at io.michaelcane.Calculator.&lt;init&gt;(Calculator.java:6)
	at io.michaelcane.Commands.&lt;init&gt;(Commands.java:5)
	at io.michaelcane.Calculator.&lt;init&gt;(Calculator.java:6)
	at io.michaelcane.Commands.&lt;init&gt;(Commands.java:5)
	at io.michaelcane.Calculator.&lt;init&gt;(Calculator.java:6)
	at io.michaelcane.Commands.&lt;init&gt;(Commands.java:5)
	at io.michaelcane.Calculator.&lt;init&gt;(Calculator.java:6)
	at io.michaelcane.Commands.&lt;init&gt;(Commands.java:5)
	at io.michaelcane.Calculator.&lt;init&gt;(Calculator.java:6)
	at io.michaelcane.Commands.&lt;init&gt;(Commands.java:5)
	at io.michaelcane.Calculator.&lt;init&gt;(Calculator.java:6)
	at io.michaelcane.Commands.&lt;init&gt;(Commands.java:5)
	at io.michaelcane.Calculator.&lt;init&gt;(Calculator.java:6)
	at io.michaelcane.Commands.&lt;init&gt;(Commands.java:5)
	at io.michaelcane.Calculator.&lt;init&gt;(Calculator.java:6)
	at io.michaelcane.Commands.&lt;init&gt;(Commands.java:5)
	at io.michaelcane.Calculator.&lt;init&gt;(Calculator.java:6)
	at io.michaelcane.Commands.&lt;init&gt;(Commands.java:5)
	at io.michaelcane.Calculator.&lt;init&gt;(Calculator.java:6)
	at io.michaelcane.Commands.&lt;init&gt;(Commands.java:5)
	at io.michaelcane.Calculator.&lt;init&gt;(Calculator.java:6)
	at io.michaelcane.Commands.&lt;init&gt;(Commands.java:5)
	at io.michaelcane.Calculator.&lt;init&gt;(Calculator.java:6)
	at io.michaelcane.Commands.&lt;init&gt;(Commands.java:5)
	at io.michaelcane.Calculator.&lt;init&gt;(Calculator.java:6)
	at io.michaelcane.Commands.&lt;init&gt;(Commands.java:5)
	at io.michaelcane.Calculator.&lt;init&gt;(Calculator.java:6)
	at io.michaelcane.Commands.&lt;init&gt;(Commands.java:5)
	at io.michaelcane.Calculator.&lt;init&gt;(Calculator.java:6)
	at io.michaelcane.Commands.&lt;init&gt;(Commands.java:5)
	at io.michaelcane.Calculator.&lt;init&gt;(Calculator.java:6)
	at io.michaelcane.Commands.&lt;init&gt;(Commands.java:5)
	at io.michaelcane.Calculator.&lt;init&gt;(Calculator.java:6)
	at io.michaelcane.Commands.&lt;init&gt;(Commands.java:5)
	at io.michaelcane.Calculator.&lt;init&gt;(Calculator.java:6)
	at io.michaelcane.Commands.&lt;init&gt;(Commands.java:5)
	at io.michaelcane.Calculator.&lt;init&gt;(Calculator.java:6)
	at io.michaelcane.Commands.&lt;init&gt;(Commands.java:5)
	at io.michaelcane.Calculator.&lt;init&gt;(Calculator.java:6)
	at io.michaelcane.Commands.&lt;init&gt;(Commands.java:5)
	at io.michaelcane.Calculator.&lt;init&gt;(Calculator.java:6)
	at io.michaelcane.Commands.&lt;init&gt;(Commands.java:5)
	at io.michaelcane.Calculator.&lt;init&gt;(Calculator.java:6)
	at io.michaelcane.Commands.&lt;init&gt;(Commands.java:5)
	at io.michaelcane.Calculator.&lt;init&gt;(Calculator.java:6)
	at io.michaelcane.Commands.&lt;init&gt;(Commands.java:5)
	at io.michaelcane.Calculator.&lt;init&gt;(Calculator.java:6)
	at io.michaelcane.Commands.&lt;init&gt;(Commands.java:5)
	at io.michaelcane.Calculator.&lt;init&gt;(Calculator.java:6)
	at io.michaelcane.Commands.&lt;init&gt;(Commands.java:5)
	at io.michaelcane.Calculator.&lt;init&gt;(Calculator.java:6)
	at io.michaelcane.Commands.&lt;init&gt;(Commands.java:5)
	at io.michaelcane.Calculator.&lt;init&gt;(Calculator.java:6)
	at io.michaelcane.Commands.&lt;init&gt;(Commands.java:5)
	at io.michaelcane.Calculator.&lt;init&gt;(Calculator.java:6)
	at io.michaelcane.Commands.&lt;init&gt;(Commands.java:5)
	at io.michaelcane.Calculator.&lt;init&gt;(Calculator.java:6)
	at io.michaelcane.Commands.&lt;init&gt;(Commands.java:5)
	at io.michaelcane.Calculator.&lt;init&gt;(Calculator.java:6)
	at io.michaelcane.Commands.&lt;init&gt;(Commands.java:5)
	at io.michaelcane.Calculator.&lt;init&gt;(Calculator.java:6)
	at io.michaelcane.Commands.&lt;init&gt;(Commands.java:5)
	at io.michaelcane.Calculator.&lt;init&gt;(Calculator.java:6)
	at io.michaelcane.Commands.&lt;init&gt;(Commands.java:5)
	at io.michaelcane.Calculator.&lt;init&gt;(Calculator.java:6)
	at io.michaelcane.Commands.&lt;init&gt;(Commands.java:5)
	at io.michaelcane.Calculator.&lt;init&gt;(Calculator.java:6)
	at io.michaelcane.Commands.&lt;init&gt;(Commands.java:5)
	at io.michaelcane.Calculator.&lt;init&gt;(Calculator.java:6)
	at io.michaelcane.Commands.&lt;init&gt;(Commands.java:5)
	at io.michaelcane.Calculator.&lt;init&gt;(Calculator.java:6)
	at io.michaelcane.Commands.&lt;init&gt;(Commands.java:5)
	at io.michaelcane.Calculator.&lt;init&gt;(Calculator.java:6)
	at io.michaelcane.Commands.&lt;init&gt;(Commands.java:5)
	at io.michaelcane.Calculator.&lt;init&gt;(Calculator.java:6)
	at io.michaelcane.Commands.&lt;init&gt;(Commands.java:5)
	at io.michaelcane.Calculator.&lt;init&gt;(Calculator.java:6)
	at io.michaelcane.Commands.&lt;init&gt;(Commands.java:5)
	at io.michaelcane.Calculator.&lt;init&gt;(Calculator.java:6)
	at io.michaelcane.Commands.&lt;init&gt;(Commands.java:5)
	at io.michaelcane.Calculator.&lt;init&gt;(Calculator.java:6)
	at io.michaelcane.Commands.&lt;init&gt;(Commands.java:5)
	at io.michaelcane.Calculator.&lt;init&gt;(Calculator.java:6)
	at io.michaelcane.Commands.&lt;init&gt;(Commands.java:5)
	at io.michaelcane.Calculator.&lt;init&gt;(Calculator.java:6)
	at io.michaelcane.Commands.&lt;init&gt;(Commands.java:5)
	at io.michaelcane.Calculator.&lt;init&gt;(Calculator.java:6)
	at io.michaelcane.Commands.&lt;init&gt;(Commands.java:5)
	at io.michaelcane.Calculator.&lt;init&gt;(Calculator.java:6)
	at io.michaelcane.Commands.&lt;init&gt;(Commands.java:5)
	at io.michaelcane.Calculator.&lt;init&gt;(Calculator.java:6)
	at io.michaelcane.Commands.&lt;init&gt;(Commands.java:5)
	at io.michaelcane.Calculator.&lt;init&gt;(Calculator.java:6)
	at io.michaelcane.Commands.&lt;init&gt;(Commands.java:5)
	at io.michaelcane.Calculator.&lt;init&gt;(Calculator.java:6)
	at io.michaelcane.Commands.&lt;init&gt;(Commands.java:5)
	at io.michaelcane.Calculator.&lt;init&gt;(Calculator.java:6)
	at io.michaelcane.Commands.&lt;init&gt;(Commands.java:5)
	at io.michaelcane.Calculator.&lt;init&gt;(Calculator.java:6)
	at io.michaelcane.Commands.&lt;init&gt;(Commands.java:5)
	at io.michaelcane.Calculator.&lt;init&gt;(Calculator.java:6)
	at io.michaelcane.Commands.&lt;init&gt;(Commands.java:5)
	at io.michaelcane.Calculator.&lt;init&gt;(Calculator.java:6)
	at io.michaelcane.Commands.&lt;init&gt;(Commands.java:5)
	at io.michaelcane.Calculator.&lt;init&gt;(Calculator.java:6)
	at io.michaelcane.Commands.&lt;init&gt;(Commands.java:5)
	at io.michaelcane.Calculator.&lt;init&gt;(Calculator.java:6)
	at io.michaelcane.Commands.&lt;init&gt;(Commands.java:5)
	at io.michaelcane.Calculator.&lt;init&gt;(Calculator.java:6)
	at io.michaelcane.Commands.&lt;init&gt;(Commands.java:5)
	at io.michaelcane.Calculator.&lt;init&gt;(Calculator.java:6)
	at io.michaelcane.Commands.&lt;init&gt;(Commands.java:5)
	at io.michaelcane.Calculator.&lt;init&gt;(Calculator.java:6)
	at io.michaelcane.Commands.&lt;init&gt;(Commands.java:5)
	at io.michaelcane.Calculator.&lt;init&gt;(Calculator.java:6)
	at io.michaelcane.Commands.&lt;init&gt;(Commands.java:5)
	at io.michaelcane.Calculator.&lt;init&gt;(Calculator.java:6)
	at io.michaelcane.Commands.&lt;init&gt;(Commands.java:5)
	at io.michaelcane.Calculator.&lt;init&gt;(Calculator.java:6)
	at io.michaelcane.Commands.&lt;init&gt;(Commands.java:5)
	at io.michaelcane.Calculator.&lt;init&gt;(Calculator.java:6)
	at io.michaelcane.Commands.&lt;init&gt;(Commands.java:5)
	at io.michaelcane.Calculator.&lt;init&gt;(Calculator.java:6)
	at io.michaelcane.Commands.&lt;init&gt;(Commands.java:5)
	at io.michaelcane.Calculator.&lt;init&gt;(Calculator.java:6)
	at io.michaelcane.Commands.&lt;init&gt;(Commands.java:5)
	at io.michaelcane.Calculator.&lt;init&gt;(Calculator.java:6)
	at io.michaelcane.Commands.&lt;init&gt;(Commands.java:5)
	at io.michaelcane.Calculator.&lt;init&gt;(Calculator.java:6)
	at io.michaelcane.Commands.&lt;init&gt;(Commands.java:5)
	at io.michaelcane.Calculator.&lt;init&gt;(Calculator.java:6)
	at io.michaelcane.Commands.&lt;init&gt;(Commands.java:5)
	at io.michaelcane.Calculator.&lt;init&gt;(Calculator.java:6)
	at io.michaelcane.Commands.&lt;init&gt;(Commands.java:5)
	at io.michaelcane.Calculator.&lt;init&gt;(Calculator.java:6)
	at io.michaelcane.Commands.&lt;init&gt;(Commands.java:5)
	at io.michaelcane.Calculator.&lt;init&gt;(Calculator.java:6)
	at io.michaelcane.Commands.&lt;init&gt;(Commands.java:5)
	at io.michaelcane.Calculator.&lt;init&gt;(Calculator.java:6)
	at io.michaelcane.Commands.&lt;init&gt;(Commands.java:5)
	at io.michaelcane.Calculator.&lt;init&gt;(Calculator.java:6)
	at io.michaelcane.Commands.&lt;init&gt;(Commands.java:5)
	at io.michaelcane.Calculator.&lt;init&gt;(Calculator.java:6)
	at io.michaelcane.Commands.&lt;init&gt;(Commands.java:5)
	at io.michaelcane.Calculator.&lt;init&gt;(Calculator.java:6)
	at io.michaelcane.Commands.&lt;init&gt;(Commands.java:5)
	at io.michaelcane.Calculator.&lt;init&gt;(Calculator.java:6)
	at io.michaelcane.Commands.&lt;init&gt;(Commands.java:5)
	at io.michaelcane.Calculator.&lt;init&gt;(Calculator.java:6)
	at io.michaelcane.Commands.&lt;init&gt;(Commands.java:5)
	at io.michaelcane.Calculator.&lt;init&gt;(Calculator.java:6)
	at io.michaelcane.Commands.&lt;init&gt;(Commands.java:5)
	at io.michaelcane.Calculator.&lt;init&gt;(Calculator.java:6)
	at io.michaelcane.Commands.&lt;init&gt;(Commands.java:5)
	at io.michaelcane.Calculator.&lt;init&gt;(Calculator.java:6)
	at io.michaelcane.Commands.&lt;init&gt;(Commands.java:5)
	at io.michaelcane.Calculator.&lt;init&gt;(Calculator.java:6)
	at io.michaelcane.Commands.&lt;init&gt;(Commands.java:5)
	at io.michaelcane.Calculator.&lt;init&gt;(Calculator.java:6)
	at io.michaelcane.Commands.&lt;init&gt;(Commands.java:5)
	at io.michaelcane.Calculator.&lt;init&gt;(Calculator.java:6)
	at io.michaelcane.Commands.&lt;init&gt;(Commands.java:5)
	at io.michaelcane.Calculator.&lt;init&gt;(Calculator.java:6)
	at io.michaelcane.Commands.&lt;init&gt;(Commands.java:5)
	at io.michaelcane.Calculator.&lt;init&gt;(Calculator.java:6)
	at io.michaelcane.Commands.&lt;init&gt;(Commands.java:5)
	at io.michaelcane.Calculator.&lt;init&gt;(Calculator.java:6)
	at io.michaelcane.Commands.&lt;init&gt;(Commands.java:5)
	at io.michaelcane.Calculator.&lt;init&gt;(Calculator.java:6)
	at io.michaelcane.Commands.&lt;init&gt;(Commands.java:5)
	at io.michaelcane.Calculator.&lt;init&gt;(Calculator.java:6)
	at io.michaelcane.Commands.&lt;init&gt;(Commands.java:5)
	at io.michaelcane.Calculator.&lt;init&gt;(Calculator.java:6)
	at io.michaelcane.Commands.&lt;init&gt;(Commands.java:5)
	at io.michaelcane.Calculator.&lt;init&gt;(Calculator.java:6)
	at io.michaelcane.Commands.&lt;init&gt;(Commands.java:5)
	at io.michaelcane.Calculator.&lt;init&gt;(Calculator.java:6)
	at io.michaelcane.Commands.&lt;init&gt;(Commands.java:5)
	at io.michaelcane.Calculator.&lt;init&gt;(Calculator.java:6)
	at io.michaelcane.Commands.&lt;init&gt;(Commands.java:5)
	at io.michaelcane.Calculator.&lt;init&gt;(Calculator.java:6)
	at io.michaelcane.Commands.&lt;init&gt;(Commands.java:5)
	at io.michaelcane.Calculator.&lt;init&gt;(Calculator.java:6)
	at io.michaelcane.Commands.&lt;init&gt;(Commands.java:5)
	at io.michaelcane.Calculator.&lt;init&gt;(Calculator.java:6)
	at io.michaelcane.Commands.&lt;init&gt;(Commands.java:5)
	at io.michaelcane.Calculator.&lt;init&gt;(Calculator.java:6)
	at io.michaelcane.Commands.&lt;init&gt;(Commands.java:5)
	at io.michaelcane.Calculator.&lt;init&gt;(Calculator.java:6)
	at io.michaelcane.Commands.&lt;init&gt;(Commands.java:5)
	at io.michaelcane.Calculator.&lt;init&gt;(Calculator.java:6)
	at io.michaelcane.Commands.&lt;init&gt;(Commands.java:5)
	at io.michaelcane.Calculator.&lt;init&gt;(Calculator.java:6)
	at io.michaelcane.Commands.&lt;init&gt;(Commands.java:5)
	at io.michaelcane.Calculator.&lt;init&gt;(Calculator.java:6)
	at io.michaelcane.Commands.&lt;init&gt;(Commands.java:5)
	at io.michaelcane.Calculator.&lt;init&gt;(Calculator.java:6)
	at io.michaelcane.Commands.&lt;init&gt;(Commands.java:5)
	at io.michaelcane.Calculator.&lt;init&gt;(Calculator.java:6)
	at io.michaelcane.Commands.&lt;init&gt;(Commands.java:5)
	at io.michaelcane.Calculator.&lt;init&gt;(Calculator.java:6)
	at io.michaelcane.Commands.&lt;init&gt;(Commands.java:5)
	at io.michaelcane.Calculator.&lt;init&gt;(Calculator.java:6)
	at io.michaelcane.Commands.&lt;init&gt;(Commands.java:5)
	at io.michaelcane.Calculator.&lt;init&gt;(Calculator.java:6)
	at io.michaelcane.Commands.&lt;init&gt;(Commands.java:5)
	at io.michaelcane.Calculator.&lt;init&gt;(Calculator.java:6)
	at io.michaelcane.Commands.&lt;init&gt;(Commands.java:5)
	at io.michaelcane.Calculator.&lt;init&gt;(Calculator.java:6)
	at io.michaelcane.Commands.&lt;init&gt;(Commands.java:5)
	at io.michaelcane.Calculator.&lt;init&gt;(Calculator.java:6)
	at io.michaelcane.Commands.&lt;init&gt;(Commands.java:5)
	at io.michaelcane.Calculator.&lt;init&gt;(Calculator.java:6)
	at io.michaelcane.Commands.&lt;init&gt;(Commands.java:5)
	at io.michaelcane.Calculator.&lt;init&gt;(Calculator.java:6)
	at io.michaelcane.Commands.&lt;init&gt;(Commands.java:5)
	at io.michaelcane.Calculator.&lt;init&gt;(Calculator.java:6)
	at io.michaelcane.Commands.&lt;init&gt;(Commands.java:5)
	at io.michaelcane.Calculator.&lt;init&gt;(Calculator.java:6)
	at io.michaelcane.Commands.&lt;init&gt;(Commands.java:5)
	at io.michaelcane.Calculator.&lt;init&gt;(Calculator.java:6)
	at io.michaelcane.Commands.&lt;init&gt;(Commands.java:5)
	at io.michaelcane.Calculator.&lt;init&gt;(Calculator.java:6)
	at io.michaelcane.Commands.&lt;init&gt;(Commands.java:5)
	at io.michaelcane.Calculator.&lt;init&gt;(Calculator.java:6)
	at io.michaelcane.Commands.&lt;init&gt;(Commands.java:5)
	at io.michaelcane.Calculator.&lt;init&gt;(Calculator.java:6)
	at io.michaelcane.Commands.&lt;init&gt;(Commands.java:5)
	at io.michaelcane.Calculator.&lt;init&gt;(Calculator.java:6)
	at io.michaelcane.Commands.&lt;init&gt;(Commands.java:5)
	at io.michaelcane.Calculator.&lt;init&gt;(Calculator.java:6)
	at io.michaelcane.Commands.&lt;init&gt;(Commands.java:5)
	at io.michaelcane.Calculator.&lt;init&gt;(Calculator.java:6)
	at io.michaelcane.Commands.&lt;init&gt;(Commands.java:5)
	at io.michaelcane.Calculator.&lt;init&gt;(Calculator.java:6)
	at io.michaelcane.Commands.&lt;init&gt;(Commands.java:5)
	at io.michaelcane.Calculator.&lt;init&gt;(Calculator.java:6)
	at io.michaelcane.Commands.&lt;init&gt;(Commands.java:5)
	at io.michaelcane.Calculator.&lt;init&gt;(Calculator.java:6)
	at io.michaelcane.Commands.&lt;init&gt;(Commands.java:5)
	at io.michaelcane.Calculator.&lt;init&gt;(Calculator.java:6)
	at io.michaelcane.Commands.&lt;init&gt;(Commands.java:5)
	at io.michaelcane.Calculator.&lt;init&gt;(Calculator.java:6)
	at io.michaelcane.Commands.&lt;init&gt;(Commands.java:5)
	at io.michaelcane.Calculator.&lt;init&gt;(Calculator.java:6)
	at io.michaelcane.Commands.&lt;init&gt;(Commands.java:5)
	at io.michaelcane.Calculator.&lt;init&gt;(Calculator.java:6)
	at io.michaelcane.Commands.&lt;init&gt;(Commands.java:5)
	at io.michaelcane.Calculator.&lt;init&gt;(Calculator.java:6)
	at io.michaelcane.Commands.&lt;init&gt;(Commands.java:5)
	at io.michaelcane.Calculator.&lt;init&gt;(Calculator.java:6)
	at io.michaelcane.Commands.&lt;init&gt;(Commands.java:5)
	at io.michaelcane.Calculator.&lt;init&gt;(Calculator.java:6)
	at io.michaelcane.Commands.&lt;init&gt;(Commands.java:5)
	at io.michaelcane.Calculator.&lt;init&gt;(Calculator.java:6)
	at io.michaelcane.Commands.&lt;init&gt;(Commands.java:5)
	at io.michaelcane.Calculator.&lt;init&gt;(Calculator.java:6)
	at io.michaelcane.Commands.&lt;init&gt;(Commands.java:5)
	at io.michaelcane.Calculator.&lt;init&gt;(Calculator.java:6)
	at io.michaelcane.Commands.&lt;init&gt;(Commands.java:5)
	at io.michaelcane.Calculator.&lt;init&gt;(Calculator.java:6)
	at io.michaelcane.Commands.&lt;init&gt;(Commands.java:5)
	at io.michaelcane.Calculator.&lt;init&gt;(Calculator.java:6)
	at io.michaelcane.Commands.&lt;init&gt;(Commands.java:5)
	at io.michaelcane.Calculator.&lt;init&gt;(Calculator.java:6)
	at io.michaelcane.Commands.&lt;init&gt;(Commands.java:5)
	at io.michaelcane.Calculator.&lt;init&gt;(Calculator.java:6)
	at io.michaelcane.Commands.&lt;init&gt;(Commands.java:5)
	at io.michaelcane.Calculator.&lt;init&gt;(Calculator.java:6)
	at io.michaelcane.Commands.&lt;init&gt;(Commands.java:5)
	at io.michaelcane.Calculator.&lt;init&gt;(Calculator.java:6)
	at io.michaelcane.Commands.&lt;init&gt;(Commands.java:5)
	at io.michaelcane.Calculator.&lt;init&gt;(Calculator.java:6)
	at io.michaelcane.Commands.&lt;init&gt;(Commands.java:5)
	at io.michaelcane.Calculator.&lt;init&gt;(Calculator.java:6)
	at io.michaelcane.Commands.&lt;init&gt;(Commands.java:5)
	at io.michaelcane.Calculator.&lt;init&gt;(Calculator.java:6)
	at io.michaelcane.Commands.&lt;init&gt;(Commands.java:5)
	at io.michaelcane.Calculator.&lt;init&gt;(Calculator.java:6)
	at io.michaelcane.Commands.&lt;init&gt;(Commands.java:5)
	at io.michaelcane.Calculator.&lt;init&gt;(Calculator.java:6)
	at io.michaelcane.Commands.&lt;init&gt;(Commands.java:5)
	at io.michaelcane.Calculator.&lt;init&gt;(Calculator.java:6)
	at io.michaelcane.Commands.&lt;init&gt;(Commands.java:5)
	at io.michaelcane.Calculator.&lt;init&gt;(Calculator.java:6)
	at io.michaelcane.Commands.&lt;init&gt;(Commands.java:5)
	at io.michaelcane.Calculator.&lt;init&gt;(Calculator.java:6)
	at io.michaelcane.Commands.&lt;init&gt;(Commands.java:5)
	at io.michaelcane.Calculator.&lt;init&gt;(Calculator.java:6)
	at io.michaelcane.Commands.&lt;init&gt;(Commands.java:5)
	at io.michaelcane.Calculator.&lt;init&gt;(Calculator.java:6)
	at io.michaelcane.Commands.&lt;init&gt;(Commands.java:5)
	at io.michaelcane.Calculator.&lt;init&gt;(Calculator.java:6)
	at io.michaelcane.Commands.&lt;init&gt;(Commands.java:5)
	at io.michaelcane.Calculator.&lt;init&gt;(Calculator.java:6)
	at io.michaelcane.Commands.&lt;init&gt;(Commands.java:5)
	at io.michaelcane.Calculator.&lt;init&gt;(Calculator.java:6)
	at io.michaelcane.Commands.&lt;init&gt;(Commands.java:5)
	at io.michaelcane.Calculator.&lt;init&gt;(Calculator.java:6)
	at io.michaelcane.Commands.&lt;init&gt;(Commands.java:5)
	at io.michaelcane.Calculator.&lt;init&gt;(Calculator.java:6)
	at io.michaelcane.Commands.&lt;init&gt;(Commands.java:5)
	at io.michaelcane.Calculator.&lt;init&gt;(Calculator.java:6)
	at io.michaelcane.Commands.&lt;init&gt;(Commands.java:5)
	at io.michaelcane.Calculator.&lt;init&gt;(Calculator.java:6)
	at io.michaelcane.Commands.&lt;init&gt;(Commands.java:5)
	at io.michaelcane.Calculator.&lt;init&gt;(Calculator.java:6)
	at io.michaelcane.Commands.&lt;init&gt;(Commands.java:5)
	at io.michaelcane.Calculator.&lt;init&gt;(Calculator.java:6)
	at io.michaelcane.Commands.&lt;init&gt;(Commands.java:5)
	at io.michaelcane.Calculator.&lt;init&gt;(Calculator.java:6)
	at io.michaelcane.Commands.&lt;init&gt;(Commands.java:5)
	at io.michaelcane.Calculator.&lt;init&gt;(Calculator.java:6)
	at io.michaelcane.Commands.&lt;init&gt;(Commands.java:5)
	at io.michaelcane.Calculator.&lt;init&gt;(Calculator.java:6)
	at io.michaelcane.Commands.&lt;init&gt;(Commands.java:5)
	at io.michaelcane.Calculator.&lt;init&gt;(Calculator.java:6)
	at io.michaelcane.Commands.&lt;init&gt;(Commands.java:5)
	at io.michaelcane.Calculator.&lt;init&gt;(Calculator.java:6)
	at io.michaelcane.Commands.&lt;init&gt;(Commands.java:5)
	at io.michaelcane.Calculator.&lt;init&gt;(Calculator.java:6)
	at io.michaelcane.Commands.&lt;init&gt;(Commands.java:5)
	at io.michaelcane.Calculator.&lt;init&gt;(Calculator.java:6)
	at io.michaelcane.Commands.&lt;init&gt;(Commands.java:5)
	at io.michaelcane.Calculator.&lt;init&gt;(Calculator.java:6)
	at io.michaelcane.Commands.&lt;init&gt;(Commands.java:5)
	at io.michaelcane.Calculator.&lt;init&gt;(Calculator.java:6)
	at io.michaelcane.Commands.&lt;init&gt;(Commands.java:5)
	at io.michaelcane.Calculator.&lt;init&gt;(Calculator.java:6)
	at io.michaelcane.Commands.&lt;init&gt;(Commands.java:5)
	at io.michaelcane.Calculator.&lt;init&gt;(Calculator.java:6)
	at io.michaelcane.Commands.&lt;init&gt;(Commands.java:5)
	at io.michaelcane.Calculator.&lt;init&gt;(Calculator.java:6)
	at io.michaelcane.Commands.&lt;init&gt;(Commands.java:5)
	at io.michaelcane.Calculator.&lt;init&gt;(Calculator.java:6)
	at io.michaelcane.Commands.&lt;init&gt;(Commands.java:5)
	at io.michaelcane.Calculator.&lt;init&gt;(Calculator.java:6)
	at io.michaelcane.Commands.&lt;init&gt;(Commands.java:5)
	at io.michaelcane.Calculator.&lt;init&gt;(Calculator.java:6)
	at io.michaelcane.Commands.&lt;init&gt;(Commands.java:5)
	at io.michaelcane.Calculator.&lt;init&gt;(Calculator.java:6)
	at io.michaelcane.Commands.&lt;init&gt;(Commands.java:5)
	at io.michaelcane.Calculator.&lt;init&gt;(Calculator.java:6)
	at io.michaelcane.Commands.&lt;init&gt;(Commands.java:5)
	at io.michaelcane.Calculator.&lt;init&gt;(Calculator.java:6)
	at io.michaelcane.Commands.&lt;init&gt;(Commands.java:5)
	at io.michaelcane.Calculator.&lt;init&gt;(Calculator.java:6)
	at io.michaelcane.Commands.&lt;init&gt;(Commands.java:5)
	at io.michaelcane.Calculator.&lt;init&gt;(Calculator.java:6)
	at io.michaelcane.Commands.&lt;init&gt;(Commands.java:5)
	at io.michaelcane.Calculator.&lt;init&gt;(Calculator.java:6)
	at io.michaelcane.Commands.&lt;init&gt;(Commands.java:5)
	at io.michaelcane.Calculator.&lt;init&gt;(Calculator.java:6)
	at io.michaelcane.Commands.&lt;init&gt;(Commands.java:5)
	at io.michaelcane.Calculator.&lt;init&gt;(Calculator.java:6)
	at io.michaelcane.Commands.&lt;init&gt;(Commands.java:5)
	at io.michaelcane.Calculator.&lt;init&gt;(Calculator.java:6)
	at io.michaelcane.Commands.&lt;init&gt;(Commands.java:5)
	at io.michaelcane.Calculator.&lt;init&gt;(Calculator.java:6)
	at io.michaelcane.Commands.&lt;init&gt;(Commands.java:5)
	at io.michaelcane.Calculator.&lt;init&gt;(Calculator.java:6)
	at io.michaelcane.Commands.&lt;init&gt;(Commands.java:5)
	at io.michaelcane.Calculator.&lt;init&gt;(Calculator.java:6)
	at io.michaelcane.Commands.&lt;init&gt;(Commands.java:5)
	at io.michaelcane.Calculator.&lt;init&gt;(Calculator.java:6)
	at io.michaelcane.Commands.&lt;init&gt;(Commands.java:5)
	at io.michaelcane.Calculator.&lt;init&gt;(Calculator.java:6)
	at io.michaelcane.Commands.&lt;init&gt;(Commands.java:5)
	at io.michaelcane.Calculator.&lt;init&gt;(Calculator.java:6)
	at io.michaelcane.Commands.&lt;init&gt;(Commands.java:5)
	at io.michaelcane.Calculator.&lt;init&gt;(Calculator.java:6)
	at io.michaelcane.Commands.&lt;init&gt;(Commands.java:5)
	at io.michaelcane.Calculator.&lt;init&gt;(Calculator.java:6)
	at io.michaelcane.Commands.&lt;init&gt;(Commands.java:5)
	at io.michaelcane.Calculator.&lt;init&gt;(Calculator.java:6)
	at io.michaelcane.Commands.&lt;init&gt;(Commands.java:5)
	at io.michaelcane.Calculator.&lt;init&gt;(Calculator.java:6)
	at io.michaelcane.Commands.&lt;init&gt;(Commands.java:5)
	at io.michaelcane.Calculator.&lt;init&gt;(Calculator.java:6)
	at io.michaelcane.Commands.&lt;init&gt;(Commands.java:5)
	at io.michaelcane.Calculator.&lt;init&gt;(Calculator.java:6)
	at io.michaelcane.Commands.&lt;init&gt;(Commands.java:5)
	at io.michaelcane.Calculator.&lt;init&gt;(Calculator.java:6)
	at io.michaelcane.Commands.&lt;init&gt;(Commands.java:5)
	at io.michaelcane.Calculator.&lt;init&gt;(Calculator.java:6)
	at io.michaelcane.Commands.&lt;init&gt;(Commands.java:5)
	at io.michaelcane.Calculator.&lt;init&gt;(Calculator.java:6)
	at io.michaelcane.Commands.&lt;init&gt;(Commands.java:5)
	at io.michaelcane.Calculator.&lt;init&gt;(Calculator.java:6)
	at io.michaelcane.Commands.&lt;init&gt;(Commands.java:5)
	at io.michaelcane.Calculator.&lt;init&gt;(Calculator.java:6)
	at io.michaelcane.Commands.&lt;init&gt;(Commands.java:5)
	at io.michaelcane.Calculator.&lt;init&gt;(Calculator.java:6)
	at io.michaelcane.Commands.&lt;init&gt;(Commands.java:5)
	at io.michaelcane.Calculator.&lt;init&gt;(Calculator.java:6)
	at io.michaelcane.Commands.&lt;init&gt;(Commands.java:5)
	at io.michaelcane.Calculator.&lt;init&gt;(Calculator.java:6)
	at io.michaelcane.Commands.&lt;init&gt;(Commands.java:5)
	at io.michaelcane.Calculator.&lt;init&gt;(Calculator.java:6)
	at io.michaelcane.Commands.&lt;init&gt;(Commands.java:5)
	at io.michaelcane.Calculator.&lt;init&gt;(Calculator.java:6)
	at io.michaelcane.Commands.&lt;init&gt;(Commands.java:5)
	at io.michaelcane.Calculator.&lt;init&gt;(Calculator.java:6)
	at io.michaelcane.Commands.&lt;init&gt;(Commands.java:5)
	at io.michaelcane.Calculator.&lt;init&gt;(Calculator.java:6)
	at io.michaelcane.Commands.&lt;init&gt;(Commands.java:5)
	at io.michaelcane.Calculator.&lt;init&gt;(Calculator.java:6)
	at io.michaelcane.Commands.&lt;init&gt;(Commands.java:5)
	at io.michaelcane.Calculator.&lt;init&gt;(Calculator.java:6)
	at io.michaelcane.Commands.&lt;init&gt;(Commands.java:5)
	at io.michaelcane.Calculator.&lt;init&gt;(Calculator.java:6)
	at io.michaelcane.Commands.&lt;init&gt;(Commands.java:5)
	at io.michaelcane.Calculator.&lt;init&gt;(Calculator.java:6)
	at io.michaelcane.Commands.&lt;init&gt;(Commands.java:5)
	at io.michaelcane.Calculator.&lt;init&gt;(Calculator.java:6)
	at io.michaelcane.Commands.&lt;init&gt;(Commands.java:5)
	at io.michaelcane.Calculator.&lt;init&gt;(Calculator.java:6)
	at io.michaelcane.Commands.&lt;init&gt;(Commands.java:5)
	at io.michaelcane.Calculator.&lt;init&gt;(Calculator.java:6)
	at io.michaelcane.Commands.&lt;init&gt;(Commands.java:5)
	at io.michaelcane.Calculator.&lt;init&gt;(Calculator.java:6)
	at io.michaelcane.Commands.&lt;init&gt;(Commands.java:5)
	at io.michaelcane.Calculator.&lt;init&gt;(Calculator.java:6)
	at io.michaelcane.Commands.&lt;init&gt;(Commands.java:5)
	at io.michaelcane.Calculator.&lt;init&gt;(Calculator.java:6)
	at io.michaelcane.Commands.&lt;init&gt;(Commands.java:5)
	at io.michaelcane.Calculator.&lt;init&gt;(Calculator.java:6)
	at io.michaelcane.Commands.&lt;init&gt;(Commands.java:5)
	at io.michaelcane.Calculator.&lt;init&gt;(Calculator.java:6)
	at io.michaelcane.Commands.&lt;init&gt;(Commands.java:5)
	at io.michaelcane.Calculator.&lt;init&gt;(Calculator.java:6)
	at io.michaelcane.Commands.&lt;init&gt;(Commands.java:5)
	at io.michaelcane.Calculator.&lt;init&gt;(Calculator.java:6)
	at io.michaelcane.Commands.&lt;init&gt;(Commands.java:5)
	at io.michaelcane.Calculator.&lt;init&gt;(Calculator.java:6)
	at io.michaelcane.Commands.&lt;init&gt;(Commands.java:5)
	at io.michaelcane.Calculator.&lt;init&gt;(Calculator.java:6)
	at io.michaelcane.Commands.&lt;init&gt;(Commands.java:5)
	at io.michaelcane.Calculator.&lt;init&gt;(Calculator.java:6)
	at io.michaelcane.Commands.&lt;init&gt;(Commands.java:5)
	at io.michaelcane.Calculator.&lt;init&gt;(Calculator.java:6)
	at io.michaelcane.Commands.&lt;init&gt;(Commands.java:5)
	at io.michaelcane.Calculator.&lt;init&gt;(Calculator.java:6)
	at io.michaelcane.Commands.&lt;init&gt;(Commands.java:5)
	at io.michaelcane.Calculator.&lt;init&gt;(Calculator.java:6)
	at io.michaelcane.Commands.&lt;init&gt;(Commands.java:5)
	at io.michaelcane.Calculator.&lt;init&gt;(Calculator.java:6)
	at io.michaelcane.Commands.&lt;init&gt;(Commands.java:5)
	at io.michaelcane.Calculator.&lt;init&gt;(Calculator.java:6)
	at io.michaelcane.Commands.&lt;init&gt;(Commands.java:5)
	at io.michaelcane.Calculator.&lt;init&gt;(Calculator.java:6)
	at io.michaelcane.Commands.&lt;init&gt;(Commands.java:5)
	at io.michaelcane.Calculator.&lt;init&gt;(Calculator.java:6)
	at io.michaelcane.Commands.&lt;init&gt;(Commands.java:5)
	at io.michaelcane.Calculator.&lt;init&gt;(Calculator.java:6)
	at io.michaelcane.Commands.&lt;init&gt;(Commands.java:5)
	at io.michaelcane.Calculator.&lt;init&gt;(Calculator.java:6)
	at io.michaelcane.Commands.&lt;init&gt;(Commands.java:5)
	at io.michaelcane.Calculator.&lt;init&gt;(Calculator.java:6)
	at io.michaelcane.Commands.&lt;init&gt;(Commands.java:5)
	at io.michaelcane.Calculator.&lt;init&gt;(Calculator.java:6)
	at io.michaelcane.Commands.&lt;init&gt;(Commands.java:5)
	at io.michaelcane.Calculator.&lt;init&gt;(Calculator.java:6)
	at io.michaelcane.Commands.&lt;init&gt;(Commands.java:5)
	at io.michaelcane.Calculator.&lt;init&gt;(Calculator.java:6)
	at io.michaelcane.Commands.&lt;init&gt;(Commands.java:5)
	at io.michaelcane.Calculator.&lt;init&gt;(Calculator.java:6)
	at io.michaelcane.Commands.&lt;init&gt;(Commands.java:5)
	at io.michaelcane.Calculator.&lt;init&gt;(Calculator.java:6)
	at io.michaelcane.Commands.&lt;init&gt;(Commands.java:5)
	at io.michaelcane.Calculator.&lt;init&gt;(Calculator.java:6)
	at io.michaelcane.Commands.&lt;init&gt;(Commands.java:5)
	at io.michaelcane.Calculator.&lt;init&gt;(Calculator.java:6)
	at io.michaelcane.Commands.&lt;init&gt;(Commands.java:5)
	at io.michaelcane.Calculator.&lt;init&gt;(Calculator.java:6)
	at io.michaelcane.Commands.&lt;init&gt;(Commands.java:5)
	at io.michaelcane.Calculator.&lt;init&gt;(Calculator.java:6)
	at io.michaelcane.Commands.&lt;init&gt;(Commands.java:5)
	at io.michaelcane.Calculator.&lt;init&gt;(Calculator.java:6)
	at io.michaelcane.Commands.&lt;init&gt;(Commands.java:5)
	at io.michaelcane.Calculator.&lt;init&gt;(Calculator.java:6)
	at io.michaelcane.Commands.&lt;init&gt;(Commands.java:5)
	at io.michaelcane.Calculator.&lt;init&gt;(Calculator.java:6)
	at io.michaelcane.Commands.&lt;init&gt;(Commands.java:5)
	at io.michaelcane.Calculator.&lt;init&gt;(Calculator.java:6)
	at io.michaelcane.Commands.&lt;init&gt;(Commands.java:5)
	at io.michaelcane.Calculator.&lt;init&gt;(Calculator.java:6)
	at io.michaelcane.Commands.&lt;init&gt;(Commands.java:5)
	at io.michaelcane.Calculator.&lt;init&gt;(Calculator.java:6)
	at io.michaelcane.Commands.&lt;init&gt;(Commands.java:5)
	at io.michaelcane.Calculator.&lt;init&gt;(Calculator.java:6)
	at io.michaelcane.Commands.&lt;init&gt;(Commands.java:5)
	at io.michaelcane.Calculator.&lt;init&gt;(Calculator.java:6)
	at io.michaelcane.Commands.&lt;init&gt;(Commands.java:5)
	at io.michaelcane.Calculator.&lt;init&gt;(Calculator.java:6)
	at io.michaelcane.Commands.&lt;init&gt;(Commands.java:5)
	at io.michaelcane.Calculator.&lt;init&gt;(Calculator.java:6)
	at io.michaelcane.Commands.&lt;init&gt;(Commands.java:5)
	at io.michaelcane.Calculator.&lt;init&gt;(Calculator.java:6)
	at io.michaelcane.Commands.&lt;init&gt;(Commands.java:5)
	at io.michaelcane.Calculator.&lt;init&gt;(Calculator.java:6)
	at io.michaelcane.Commands.&lt;init&gt;(Commands.java:5)
	at io.michaelcane.Calculator.&lt;init&gt;(Calculator.java:6)
	at io.michaelcane.Commands.&lt;init&gt;(Commands.java:5)
	at io.michaelcane.Calculator.&lt;init&gt;(Calculator.java:6)
	at io.michaelcane.Commands.&lt;init&gt;(Commands.java:5)
	at io.michaelcane.Calculator.&lt;init&gt;(Calculator.java:6)
	at io.michaelcane.Commands.&lt;init&gt;(Commands.java:5)
	at io.michaelcane.Calculator.&lt;init&gt;(Calculator.java:6)
	at io.michaelcane.Commands.&lt;init&gt;(Commands.java:5)
	at io.michaelcane.Calculator.&lt;init&gt;(Calculator.java:6)
	at io.michaelcane.Commands.&lt;init&gt;(Commands.java:5)
	at io.michaelcane.Calculator.&lt;init&gt;(Calculator.java:6)
	at io.michaelcane.Commands.&lt;init&gt;(Commands.java:5)
	at io.michaelcane.Calculator.&lt;init&gt;(Calculator.java:6)
	at io.michaelcane.Commands.&lt;init&gt;(Commands.java:5)
	at io.michaelcane.Calculator.&lt;init&gt;(Calculator.java:6)
	at io.michaelcane.Commands.&lt;init&gt;(Commands.java:5)
	at io.michaelcane.Calculator.&lt;init&gt;(Calculator.java:6)
	at io.michaelcane.Commands.&lt;init&gt;(Commands.java:5)
	at io.michaelcane.Calculator.&lt;init&gt;(Calculator.java:6)
	at io.michaelcane.Commands.&lt;init&gt;(Commands.java:5)
	at io.michaelcane.Calculator.&lt;init&gt;(Calculator.java:6)
	at io.michaelcane.Commands.&lt;init&gt;(Commands.java:5)
	at io.michaelcane.Calculator.&lt;init&gt;(Calculator.java:6)
	at io.michaelcane.Commands.&lt;init&gt;(Commands.java:5)
	at io.michaelcane.Calculator.&lt;init&gt;(Calculator.java:6)
	at io.michaelcane.Commands.&lt;init&gt;(Commands.java:5)
	at io.michaelcane.Calculator.&lt;init&gt;(Calculator.java:6)
	at io.michaelcane.Commands.&lt;init&gt;(Commands.java:5)
	at io.michaelcane.Calculator.&lt;init&gt;(Calculator.java:6)
	at io.michaelcane.Commands.&lt;init&gt;(Commands.java:5)
	at io.michaelcane.Calculator.&lt;init&gt;(Calculator.java:6)
	at io.michaelcane.Commands.&lt;init&gt;(Commands.java:5)
	at io.michaelcane.Calculator.&lt;init&gt;(Calculator.java:6)
	at io.michaelcane.Commands.&lt;init&gt;(Commands.java:5)
	at io.michaelcane.Calculator.&lt;init&gt;(Calculator.java:6)
	at io.michaelcane.Commands.&lt;init&gt;(Commands.java:5)
	at io.michaelcane.Calculator.&lt;init&gt;(Calculator.java:6)
	at io.michaelcane.Commands.&lt;init&gt;(Commands.java:5)
	at io.michaelcane.Calculator.&lt;init&gt;(Calculator.java:6)
	at io.michaelcane.Commands.&lt;init&gt;(Commands.java:5)
	at io.michaelcane.Calculator.&lt;init&gt;(Calculator.java:6)
	at io.michaelcane.Commands.&lt;init&gt;(Commands.java:5)
	at io.michaelcane.Calculator.&lt;init&gt;(Calculator.java:6)
	at io.michaelcane.Commands.&lt;init&gt;(Commands.java:5)
	at io.michaelcane.Calculator.&lt;init&gt;(Calculator.java:6)
	at io.michaelcane.Commands.&lt;init&gt;(Commands.java:5)
	at io.michaelcane.Calculator.&lt;init&gt;(Calculator.java:6)
	at io.michaelcane.Commands.&lt;init&gt;(Commands.java:5)
	at io.michaelcane.Calculator.&lt;init&gt;(Calculator.java:6)
	at io.michaelcane.Commands.&lt;init&gt;(Commands.java:5)
	at io.michaelcane.Calculator.&lt;init&gt;(Calculator.java:6)
	at io.michaelcane.Commands.&lt;init&gt;(Commands.java:5)
	at io.michaelcane.Calculator.&lt;init&gt;(Calculator.java:6)
	at io.michaelcane.Commands.&lt;init&gt;(Commands.java:5)
	at io.michaelcane.Calculator.&lt;init&gt;(Calculator.java:6)
	at io.michaelcane.Commands.&lt;init&gt;(Commands.java:5)
	at io.michaelcane.Calculator.&lt;init&gt;(Calculator.java:6)
	at io.michaelcane.Commands.&lt;init&gt;(Commands.java:5)
	at io.michaelcane.Calculator.&lt;init&gt;(Calculator.java:6)
	at io.michaelcane.Commands.&lt;init&gt;(Commands.java:5)
	at io.michaelcane.Calculator.&lt;init&gt;(Calculator.java:6)
	at io.michaelcane.Commands.&lt;init&gt;(Commands.java:5)
	at io.michaelcane.Calculator.&lt;init&gt;(Calculator.java:6)
	at io.michaelcane.Commands.&lt;init&gt;(Commands.java:5)
	at io.michaelcane.Calculator.&lt;init&gt;(Calculator.java:6)
	at io.michaelcane.Commands.&lt;init&gt;(Commands.java:5)
	at io.michaelcane.Calculator.&lt;init&gt;(Calculator.java:6)
	at io.michaelcane.Commands.&lt;init&gt;(Commands.java:5)
	at io.michaelcane.Calculator.&lt;init&gt;(Calculator.java:6)
	at io.michaelcane.Commands.&lt;init&gt;(Commands.java:5)
</error>
  </testcase>
  <testcase classname="io.michaelcane.CalculatorSpec" name="test$inverseCosin" time="0.013">
    <error type="java.lang.StackOverflowError">java.lang.StackOverflowError
	at io.michaelcane.Calculator.&lt;init&gt;(Calculator.java:6)
	at io.michaelcane.Commands.&lt;init&gt;(Commands.java:5)
	at io.michaelcane.Calculator.&lt;init&gt;(Calculator.java:6)
	at io.michaelcane.Commands.&lt;init&gt;(Commands.java:5)
	at io.michaelcane.Calculator.&lt;init&gt;(Calculator.java:6)
	at io.michaelcane.Commands.&lt;init&gt;(Commands.java:5)
	at io.michaelcane.Calculator.&lt;init&gt;(Calculator.java:6)
	at io.michaelcane.Commands.&lt;init&gt;(Commands.java:5)
	at io.michaelcane.Calculator.&lt;init&gt;(Calculator.java:6)
	at io.michaelcane.Commands.&lt;init&gt;(Commands.java:5)
	at io.michaelcane.Calculator.&lt;init&gt;(Calculator.java:6)
	at io.michaelcane.Commands.&lt;init&gt;(Commands.java:5)
	at io.michaelcane.Calculator.&lt;init&gt;(Calculator.java:6)
	at io.michaelcane.Commands.&lt;init&gt;(Commands.java:5)
	at io.michaelcane.Calculator.&lt;init&gt;(Calculator.java:6)
	at io.michaelcane.Commands.&lt;init&gt;(Commands.java:5)
	at io.michaelcane.Calculator.&lt;init&gt;(Calculator.java:6)
	at io.michaelcane.Commands.&lt;init&gt;(Commands.java:5)
	at io.michaelcane.Calculator.&lt;init&gt;(Calculator.java:6)
	at io.michaelcane.Commands.&lt;init&gt;(Commands.java:5)
	at io.michaelcane.Calculator.&lt;init&gt;(Calculator.java:6)
	at io.michaelcane.Commands.&lt;init&gt;(Commands.java:5)
	at io.michaelcane.Calculator.&lt;init&gt;(Calculator.java:6)
	at io.michaelcane.Commands.&lt;init&gt;(Commands.java:5)
	at io.michaelcane.Calculator.&lt;init&gt;(Calculator.java:6)
	at io.michaelcane.Commands.&lt;init&gt;(Commands.java:5)
	at io.michaelcane.Calculator.&lt;init&gt;(Calculator.java:6)
	at io.michaelcane.Commands.&lt;init&gt;(Commands.java:5)
	at io.michaelcane.Calculator.&lt;init&gt;(Calculator.java:6)
	at io.michaelcane.Commands.&lt;init&gt;(Commands.java:5)
	at io.michaelcane.Calculator.&lt;init&gt;(Calculator.java:6)
	at io.michaelcane.Commands.&lt;init&gt;(Commands.java:5)
	at io.michaelcane.Calculator.&lt;init&gt;(Calculator.java:6)
	at io.michaelcane.Commands.&lt;init&gt;(Commands.java:5)
	at io.michaelcane.Calculator.&lt;init&gt;(Calculator.java:6)
	at io.michaelcane.Commands.&lt;init&gt;(Commands.java:5)
	at io.michaelcane.Calculator.&lt;init&gt;(Calculator.java:6)
	at io.michaelcane.Commands.&lt;init&gt;(Commands.java:5)
	at io.michaelcane.Calculator.&lt;init&gt;(Calculator.java:6)
	at io.michaelcane.Commands.&lt;init&gt;(Commands.java:5)
	at io.michaelcane.Calculator.&lt;init&gt;(Calculator.java:6)
	at io.michaelcane.Commands.&lt;init&gt;(Commands.java:5)
	at io.michaelcane.Calculator.&lt;init&gt;(Calculator.java:6)
	at io.michaelcane.Commands.&lt;init&gt;(Commands.java:5)
	at io.michaelcane.Calculator.&lt;init&gt;(Calculator.java:6)
	at io.michaelcane.Commands.&lt;init&gt;(Commands.java:5)
	at io.michaelcane.Calculator.&lt;init&gt;(Calculator.java:6)
	at io.michaelcane.Commands.&lt;init&gt;(Commands.java:5)
	at io.michaelcane.Calculator.&lt;init&gt;(Calculator.java:6)
	at io.michaelcane.Commands.&lt;init&gt;(Commands.java:5)
	at io.michaelcane.Calculator.&lt;init&gt;(Calculator.java:6)
	at io.michaelcane.Commands.&lt;init&gt;(Commands.java:5)
	at io.michaelcane.Calculator.&lt;init&gt;(Calculator.java:6)
	at io.michaelcane.Commands.&lt;init&gt;(Commands.java:5)
	at io.michaelcane.Calculator.&lt;init&gt;(Calculator.java:6)
	at io.michaelcane.Commands.&lt;init&gt;(Commands.java:5)
	at io.michaelcane.Calculator.&lt;init&gt;(Calculator.java:6)
	at io.michaelcane.Commands.&lt;init&gt;(Commands.java:5)
	at io.michaelcane.Calculator.&lt;init&gt;(Calculator.java:6)
	at io.michaelcane.Commands.&lt;init&gt;(Commands.java:5)
	at io.michaelcane.Calculator.&lt;init&gt;(Calculator.java:6)
	at io.michaelcane.Commands.&lt;init&gt;(Commands.java:5)
	at io.michaelcane.Calculator.&lt;init&gt;(Calculator.java:6)
	at io.michaelcane.Commands.&lt;init&gt;(Commands.java:5)
	at io.michaelcane.Calculator.&lt;init&gt;(Calculator.java:6)
	at io.michaelcane.Commands.&lt;init&gt;(Commands.java:5)
	at io.michaelcane.Calculator.&lt;init&gt;(Calculator.java:6)
	at io.michaelcane.Commands.&lt;init&gt;(Commands.java:5)
	at io.michaelcane.Calculator.&lt;init&gt;(Calculator.java:6)
	at io.michaelcane.Commands.&lt;init&gt;(Commands.java:5)
	at io.michaelcane.Calculator.&lt;init&gt;(Calculator.java:6)
	at io.michaelcane.Commands.&lt;init&gt;(Commands.java:5)
	at io.michaelcane.Calculator.&lt;init&gt;(Calculator.java:6)
	at io.michaelcane.Commands.&lt;init&gt;(Commands.java:5)
	at io.michaelcane.Calculator.&lt;init&gt;(Calculator.java:6)
	at io.michaelcane.Commands.&lt;init&gt;(Commands.java:5)
	at io.michaelcane.Calculator.&lt;init&gt;(Calculator.java:6)
	at io.michaelcane.Commands.&lt;init&gt;(Commands.java:5)
	at io.michaelcane.Calculator.&lt;init&gt;(Calculator.java:6)
	at io.michaelcane.Commands.&lt;init&gt;(Commands.java:5)
	at io.michaelcane.Calculator.&lt;init&gt;(Calculator.java:6)
	at io.michaelcane.Commands.&lt;init&gt;(Commands.java:5)
	at io.michaelcane.Calculator.&lt;init&gt;(Calculator.java:6)
	at io.michaelcane.Commands.&lt;init&gt;(Commands.java:5)
	at io.michaelcane.Calculator.&lt;init&gt;(Calculator.java:6)
	at io.michaelcane.Commands.&lt;init&gt;(Commands.java:5)
	at io.michaelcane.Calculator.&lt;init&gt;(Calculator.java:6)
	at io.michaelcane.Commands.&lt;init&gt;(Commands.java:5)
	at io.michaelcane.Calculator.&lt;init&gt;(Calculator.java:6)
	at io.michaelcane.Commands.&lt;init&gt;(Commands.java:5)
	at io.michaelcane.Calculator.&lt;init&gt;(Calculator.java:6)
	at io.michaelcane.Commands.&lt;init&gt;(Commands.java:5)
	at io.michaelcane.Calculator.&lt;init&gt;(Calculator.java:6)
	at io.michaelcane.Commands.&lt;init&gt;(Commands.java:5)
	at io.michaelcane.Calculator.&lt;init&gt;(Calculator.java:6)
	at io.michaelcane.Commands.&lt;init&gt;(Commands.java:5)
	at io.michaelcane.Calculator.&lt;init&gt;(Calculator.java:6)
	at io.michaelcane.Commands.&lt;init&gt;(Commands.java:5)
	at io.michaelcane.Calculator.&lt;init&gt;(Calculator.java:6)
	at io.michaelcane.Commands.&lt;init&gt;(Commands.java:5)
	at io.michaelcane.Calculator.&lt;init&gt;(Calculator.java:6)
	at io.michaelcane.Commands.&lt;init&gt;(Commands.java:5)
	at io.michaelcane.Calculator.&lt;init&gt;(Calculator.java:6)
	at io.michaelcane.Commands.&lt;init&gt;(Commands.java:5)
	at io.michaelcane.Calculator.&lt;init&gt;(Calculator.java:6)
	at io.michaelcane.Commands.&lt;init&gt;(Commands.java:5)
	at io.michaelcane.Calculator.&lt;init&gt;(Calculator.java:6)
	at io.michaelcane.Commands.&lt;init&gt;(Commands.java:5)
	at io.michaelcane.Calculator.&lt;init&gt;(Calculator.java:6)
	at io.michaelcane.Commands.&lt;init&gt;(Commands.java:5)
	at io.michaelcane.Calculator.&lt;init&gt;(Calculator.java:6)
	at io.michaelcane.Commands.&lt;init&gt;(Commands.java:5)
	at io.michaelcane.Calculator.&lt;init&gt;(Calculator.java:6)
	at io.michaelcane.Commands.&lt;init&gt;(Commands.java:5)
	at io.michaelcane.Calculator.&lt;init&gt;(Calculator.java:6)
	at io.michaelcane.Commands.&lt;init&gt;(Commands.java:5)
	at io.michaelcane.Calculator.&lt;init&gt;(Calculator.java:6)
	at io.michaelcane.Commands.&lt;init&gt;(Commands.java:5)
	at io.michaelcane.Calculator.&lt;init&gt;(Calculator.java:6)
	at io.michaelcane.Commands.&lt;init&gt;(Commands.java:5)
	at io.michaelcane.Calculator.&lt;init&gt;(Calculator.java:6)
	at io.michaelcane.Commands.&lt;init&gt;(Commands.java:5)
	at io.michaelcane.Calculator.&lt;init&gt;(Calculator.java:6)
	at io.michaelcane.Commands.&lt;init&gt;(Commands.java:5)
	at io.michaelcane.Calculator.&lt;init&gt;(Calculator.java:6)
	at io.michaelcane.Commands.&lt;init&gt;(Commands.java:5)
	at io.michaelcane.Calculator.&lt;init&gt;(Calculator.java:6)
	at io.michaelcane.Commands.&lt;init&gt;(Commands.java:5)
	at io.michaelcane.Calculator.&lt;init&gt;(Calculator.java:6)
	at io.michaelcane.Commands.&lt;init&gt;(Commands.java:5)
	at io.michaelcane.Calculator.&lt;init&gt;(Calculator.java:6)
	at io.michaelcane.Commands.&lt;init&gt;(Commands.java:5)
	at io.michaelcane.Calculator.&lt;init&gt;(Calculator.java:6)
	at io.michaelcane.Commands.&lt;init&gt;(Commands.java:5)
	at io.michaelcane.Calculator.&lt;init&gt;(Calculator.java:6)
	at io.michaelcane.Commands.&lt;init&gt;(Commands.java:5)
	at io.michaelcane.Calculator.&lt;init&gt;(Calculator.java:6)
	at io.michaelcane.Commands.&lt;init&gt;(Commands.java:5)
	at io.michaelcane.Calculator.&lt;init&gt;(Calculator.java:6)
	at io.michaelcane.Commands.&lt;init&gt;(Commands.java:5)
	at io.michaelcane.Calculator.&lt;init&gt;(Calculator.java:6)
	at io.michaelcane.Commands.&lt;init&gt;(Commands.java:5)
	at io.michaelcane.Calculator.&lt;init&gt;(Calculator.java:6)
	at io.michaelcane.Commands.&lt;init&gt;(Commands.java:5)
	at io.michaelcane.Calculator.&lt;init&gt;(Calculator.java:6)
	at io.michaelcane.Commands.&lt;init&gt;(Commands.java:5)
	at io.michaelcane.Calculator.&lt;init&gt;(Calculator.java:6)
	at io.michaelcane.Commands.&lt;init&gt;(Commands.java:5)
	at io.michaelcane.Calculator.&lt;init&gt;(Calculator.java:6)
	at io.michaelcane.Commands.&lt;init&gt;(Commands.java:5)
	at io.michaelcane.Calculator.&lt;init&gt;(Calculator.java:6)
	at io.michaelcane.Commands.&lt;init&gt;(Commands.java:5)
	at io.michaelcane.Calculator.&lt;init&gt;(Calculator.java:6)
	at io.michaelcane.Commands.&lt;init&gt;(Commands.java:5)
	at io.michaelcane.Calculator.&lt;init&gt;(Calculator.java:6)
	at io.michaelcane.Commands.&lt;init&gt;(Commands.java:5)
	at io.michaelcane.Calculator.&lt;init&gt;(Calculator.java:6)
	at io.michaelcane.Commands.&lt;init&gt;(Commands.java:5)
	at io.michaelcane.Calculator.&lt;init&gt;(Calculator.java:6)
	at io.michaelcane.Commands.&lt;init&gt;(Commands.java:5)
	at io.michaelcane.Calculator.&lt;init&gt;(Calculator.java:6)
	at io.michaelcane.Commands.&lt;init&gt;(Commands.java:5)
	at io.michaelcane.Calculator.&lt;init&gt;(Calculator.java:6)
	at io.michaelcane.Commands.&lt;init&gt;(Commands.java:5)
	at io.michaelcane.Calculator.&lt;init&gt;(Calculator.java:6)
	at io.michaelcane.Commands.&lt;init&gt;(Commands.java:5)
	at io.michaelcane.Calculator.&lt;init&gt;(Calculator.java:6)
	at io.michaelcane.Commands.&lt;init&gt;(Commands.java:5)
	at io.michaelcane.Calculator.&lt;init&gt;(Calculator.java:6)
	at io.michaelcane.Commands.&lt;init&gt;(Commands.java:5)
	at io.michaelcane.Calculator.&lt;init&gt;(Calculator.java:6)
	at io.michaelcane.Commands.&lt;init&gt;(Commands.java:5)
	at io.michaelcane.Calculator.&lt;init&gt;(Calculator.java:6)
	at io.michaelcane.Commands.&lt;init&gt;(Commands.java:5)
	at io.michaelcane.Calculator.&lt;init&gt;(Calculator.java:6)
	at io.michaelcane.Commands.&lt;init&gt;(Commands.java:5)
	at io.michaelcane.Calculator.&lt;init&gt;(Calculator.java:6)
	at io.michaelcane.Commands.&lt;init&gt;(Commands.java:5)
	at io.michaelcane.Calculator.&lt;init&gt;(Calculator.java:6)
	at io.michaelcane.Commands.&lt;init&gt;(Commands.java:5)
	at io.michaelcane.Calculator.&lt;init&gt;(Calculator.java:6)
	at io.michaelcane.Commands.&lt;init&gt;(Commands.java:5)
	at io.michaelcane.Calculator.&lt;init&gt;(Calculator.java:6)
	at io.michaelcane.Commands.&lt;init&gt;(Commands.java:5)
	at io.michaelcane.Calculator.&lt;init&gt;(Calculator.java:6)
	at io.michaelcane.Commands.&lt;init&gt;(Commands.java:5)
	at io.michaelcane.Calculator.&lt;init&gt;(Calculator.java:6)
	at io.michaelcane.Commands.&lt;init&gt;(Commands.java:5)
	at io.michaelcane.Calculator.&lt;init&gt;(Calculator.java:6)
	at io.michaelcane.Commands.&lt;init&gt;(Commands.java:5)
	at io.michaelcane.Calculator.&lt;init&gt;(Calculator.java:6)
	at io.michaelcane.Commands.&lt;init&gt;(Commands.java:5)
	at io.michaelcane.Calculator.&lt;init&gt;(Calculator.java:6)
	at io.michaelcane.Commands.&lt;init&gt;(Commands.java:5)
	at io.michaelcane.Calculator.&lt;init&gt;(Calculator.java:6)
	at io.michaelcane.Commands.&lt;init&gt;(Commands.java:5)
	at io.michaelcane.Calculator.&lt;init&gt;(Calculator.java:6)
	at io.michaelcane.Commands.&lt;init&gt;(Commands.java:5)
	at io.michaelcane.Calculator.&lt;init&gt;(Calculator.java:6)
	at io.michaelcane.Commands.&lt;init&gt;(Commands.java:5)
	at io.michaelcane.Calculator.&lt;init&gt;(Calculator.java:6)
	at io.michaelcane.Commands.&lt;init&gt;(Commands.java:5)
	at io.michaelcane.Calculator.&lt;init&gt;(Calculator.java:6)
	at io.michaelcane.Commands.&lt;init&gt;(Commands.java:5)
	at io.michaelcane.Calculator.&lt;init&gt;(Calculator.java:6)
	at io.michaelcane.Commands.&lt;init&gt;(Commands.java:5)
	at io.michaelcane.Calculator.&lt;init&gt;(Calculator.java:6)
	at io.michaelcane.Commands.&lt;init&gt;(Commands.java:5)
	at io.michaelcane.Calculator.&lt;init&gt;(Calculator.java:6)
	at io.michaelcane.Commands.&lt;init&gt;(Commands.java:5)
	at io.michaelcane.Calculator.&lt;init&gt;(Calculator.java:6)
	at io.michaelcane.Commands.&lt;init&gt;(Commands.java:5)
	at io.michaelcane.Calculator.&lt;init&gt;(Calculator.java:6)
	at io.michaelcane.Commands.&lt;init&gt;(Commands.java:5)
	at io.michaelcane.Calculator.&lt;init&gt;(Calculator.java:6)
	at io.michaelcane.Commands.&lt;init&gt;(Commands.java:5)
	at io.michaelcane.Calculator.&lt;init&gt;(Calculator.java:6)
	at io.michaelcane.Commands.&lt;init&gt;(Commands.java:5)
	at io.michaelcane.Calculator.&lt;init&gt;(Calculator.java:6)
	at io.michaelcane.Commands.&lt;init&gt;(Commands.java:5)
	at io.michaelcane.Calculator.&lt;init&gt;(Calculator.java:6)
	at io.michaelcane.Commands.&lt;init&gt;(Commands.java:5)
	at io.michaelcane.Calculator.&lt;init&gt;(Calculator.java:6)
	at io.michaelcane.Commands.&lt;init&gt;(Commands.java:5)
	at io.michaelcane.Calculator.&lt;init&gt;(Calculator.java:6)
	at io.michaelcane.Commands.&lt;init&gt;(Commands.java:5)
	at io.michaelcane.Calculator.&lt;init&gt;(Calculator.java:6)
	at io.michaelcane.Commands.&lt;init&gt;(Commands.java:5)
	at io.michaelcane.Calculator.&lt;init&gt;(Calculator.java:6)
	at io.michaelcane.Commands.&lt;init&gt;(Commands.java:5)
	at io.michaelcane.Calculator.&lt;init&gt;(Calculator.java:6)
	at io.michaelcane.Commands.&lt;init&gt;(Commands.java:5)
	at io.michaelcane.Calculator.&lt;init&gt;(Calculator.java:6)
	at io.michaelcane.Commands.&lt;init&gt;(Commands.java:5)
	at io.michaelcane.Calculator.&lt;init&gt;(Calculator.java:6)
	at io.michaelcane.Commands.&lt;init&gt;(Commands.java:5)
	at io.michaelcane.Calculator.&lt;init&gt;(Calculator.java:6)
	at io.michaelcane.Commands.&lt;init&gt;(Commands.java:5)
	at io.michaelcane.Calculator.&lt;init&gt;(Calculator.java:6)
	at io.michaelcane.Commands.&lt;init&gt;(Commands.java:5)
	at io.michaelcane.Calculator.&lt;init&gt;(Calculator.java:6)
	at io.michaelcane.Commands.&lt;init&gt;(Commands.java:5)
	at io.michaelcane.Calculator.&lt;init&gt;(Calculator.java:6)
	at io.michaelcane.Commands.&lt;init&gt;(Commands.java:5)
	at io.michaelcane.Calculator.&lt;init&gt;(Calculator.java:6)
	at io.michaelcane.Commands.&lt;init&gt;(Commands.java:5)
	at io.michaelcane.Calculator.&lt;init&gt;(Calculator.java:6)
	at io.michaelcane.Commands.&lt;init&gt;(Commands.java:5)
	at io.michaelcane.Calculator.&lt;init&gt;(Calculator.java:6)
	at io.michaelcane.Commands.&lt;init&gt;(Commands.java:5)
	at io.michaelcane.Calculator.&lt;init&gt;(Calculator.java:6)
	at io.michaelcane.Commands.&lt;init&gt;(Commands.java:5)
	at io.michaelcane.Calculator.&lt;init&gt;(Calculator.java:6)
	at io.michaelcane.Commands.&lt;init&gt;(Commands.java:5)
	at io.michaelcane.Calculator.&lt;init&gt;(Calculator.java:6)
	at io.michaelcane.Commands.&lt;init&gt;(Commands.java:5)
	at io.michaelcane.Calculator.&lt;init&gt;(Calculator.java:6)
	at io.michaelcane.Commands.&lt;init&gt;(Commands.java:5)
	at io.michaelcane.Calculator.&lt;init&gt;(Calculator.java:6)
	at io.michaelcane.Commands.&lt;init&gt;(Commands.java:5)
	at io.michaelcane.Calculator.&lt;init&gt;(Calculator.java:6)
	at io.michaelcane.Commands.&lt;init&gt;(Commands.java:5)
	at io.michaelcane.Calculator.&lt;init&gt;(Calculator.java:6)
	at io.michaelcane.Commands.&lt;init&gt;(Commands.java:5)
	at io.michaelcane.Calculator.&lt;init&gt;(Calculator.java:6)
	at io.michaelcane.Commands.&lt;init&gt;(Commands.java:5)
	at io.michaelcane.Calculator.&lt;init&gt;(Calculator.java:6)
	at io.michaelcane.Commands.&lt;init&gt;(Commands.java:5)
	at io.michaelcane.Calculator.&lt;init&gt;(Calculator.java:6)
	at io.michaelcane.Commands.&lt;init&gt;(Commands.java:5)
	at io.michaelcane.Calculator.&lt;init&gt;(Calculator.java:6)
	at io.michaelcane.Commands.&lt;init&gt;(Commands.java:5)
	at io.michaelcane.Calculator.&lt;init&gt;(Calculator.java:6)
	at io.michaelcane.Commands.&lt;init&gt;(Commands.java:5)
	at io.michaelcane.Calculator.&lt;init&gt;(Calculator.java:6)
	at io.michaelcane.Commands.&lt;init&gt;(Commands.java:5)
	at io.michaelcane.Calculator.&lt;init&gt;(Calculator.java:6)
	at io.michaelcane.Commands.&lt;init&gt;(Commands.java:5)
	at io.michaelcane.Calculator.&lt;init&gt;(Calculator.java:6)
	at io.michaelcane.Commands.&lt;init&gt;(Commands.java:5)
	at io.michaelcane.Calculator.&lt;init&gt;(Calculator.java:6)
	at io.michaelcane.Commands.&lt;init&gt;(Commands.java:5)
	at io.michaelcane.Calculator.&lt;init&gt;(Calculator.java:6)
	at io.michaelcane.Commands.&lt;init&gt;(Commands.java:5)
	at io.michaelcane.Calculator.&lt;init&gt;(Calculator.java:6)
	at io.michaelcane.Commands.&lt;init&gt;(Commands.java:5)
	at io.michaelcane.Calculator.&lt;init&gt;(Calculator.java:6)
	at io.michaelcane.Commands.&lt;init&gt;(Commands.java:5)
	at io.michaelcane.Calculator.&lt;init&gt;(Calculator.java:6)
	at io.michaelcane.Commands.&lt;init&gt;(Commands.java:5)
	at io.michaelcane.Calculator.&lt;init&gt;(Calculator.java:6)
	at io.michaelcane.Commands.&lt;init&gt;(Commands.java:5)
	at io.michaelcane.Calculator.&lt;init&gt;(Calculator.java:6)
	at io.michaelcane.Commands.&lt;init&gt;(Commands.java:5)
	at io.michaelcane.Calculator.&lt;init&gt;(Calculator.java:6)
	at io.michaelcane.Commands.&lt;init&gt;(Commands.java:5)
	at io.michaelcane.Calculator.&lt;init&gt;(Calculator.java:6)
	at io.michaelcane.Commands.&lt;init&gt;(Commands.java:5)
	at io.michaelcane.Calculator.&lt;init&gt;(Calculator.java:6)
	at io.michaelcane.Commands.&lt;init&gt;(Commands.java:5)
	at io.michaelcane.Calculator.&lt;init&gt;(Calculator.java:6)
	at io.michaelcane.Commands.&lt;init&gt;(Commands.java:5)
	at io.michaelcane.Calculator.&lt;init&gt;(Calculator.java:6)
	at io.michaelcane.Commands.&lt;init&gt;(Commands.java:5)
	at io.michaelcane.Calculator.&lt;init&gt;(Calculator.java:6)
	at io.michaelcane.Commands.&lt;init&gt;(Commands.java:5)
	at io.michaelcane.Calculator.&lt;init&gt;(Calculator.java:6)
	at io.michaelcane.Commands.&lt;init&gt;(Commands.java:5)
	at io.michaelcane.Calculator.&lt;init&gt;(Calculator.java:6)
	at io.michaelcane.Commands.&lt;init&gt;(Commands.java:5)
	at io.michaelcane.Calculator.&lt;init&gt;(Calculator.java:6)
	at io.michaelcane.Commands.&lt;init&gt;(Commands.java:5)
	at io.michaelcane.Calculator.&lt;init&gt;(Calculator.java:6)
	at io.michaelcane.Commands.&lt;init&gt;(Commands.java:5)
	at io.michaelcane.Calculator.&lt;init&gt;(Calculator.java:6)
	at io.michaelcane.Commands.&lt;init&gt;(Commands.java:5)
	at io.michaelcane.Calculator.&lt;init&gt;(Calculator.java:6)
	at io.michaelcane.Commands.&lt;init&gt;(Commands.java:5)
	at io.michaelcane.Calculator.&lt;init&gt;(Calculator.java:6)
	at io.michaelcane.Commands.&lt;init&gt;(Commands.java:5)
	at io.michaelcane.Calculator.&lt;init&gt;(Calculator.java:6)
	at io.michaelcane.Commands.&lt;init&gt;(Commands.java:5)
	at io.michaelcane.Calculator.&lt;init&gt;(Calculator.java:6)
	at io.michaelcane.Commands.&lt;init&gt;(Commands.java:5)
	at io.michaelcane.Calculator.&lt;init&gt;(Calculator.java:6)
	at io.michaelcane.Commands.&lt;init&gt;(Commands.java:5)
	at io.michaelcane.Calculator.&lt;init&gt;(Calculator.java:6)
	at io.michaelcane.Commands.&lt;init&gt;(Commands.java:5)
	at io.michaelcane.Calculator.&lt;init&gt;(Calculator.java:6)
	at io.michaelcane.Commands.&lt;init&gt;(Commands.java:5)
	at io.michaelcane.Calculator.&lt;init&gt;(Calculator.java:6)
	at io.michaelcane.Commands.&lt;init&gt;(Commands.java:5)
	at io.michaelcane.Calculator.&lt;init&gt;(Calculator.java:6)
	at io.michaelcane.Commands.&lt;init&gt;(Commands.java:5)
	at io.michaelcane.Calculator.&lt;init&gt;(Calculator.java:6)
	at io.michaelcane.Commands.&lt;init&gt;(Commands.java:5)
	at io.michaelcane.Calculator.&lt;init&gt;(Calculator.java:6)
	at io.michaelcane.Commands.&lt;init&gt;(Commands.java:5)
	at io.michaelcane.Calculator.&lt;init&gt;(Calculator.java:6)
	at io.michaelcane.Commands.&lt;init&gt;(Commands.java:5)
	at io.michaelcane.Calculator.&lt;init&gt;(Calculator.java:6)
	at io.michaelcane.Commands.&lt;init&gt;(Commands.java:5)
	at io.michaelcane.Calculator.&lt;init&gt;(Calculator.java:6)
	at io.michaelcane.Commands.&lt;init&gt;(Commands.java:5)
	at io.michaelcane.Calculator.&lt;init&gt;(Calculator.java:6)
	at io.michaelcane.Commands.&lt;init&gt;(Commands.java:5)
	at io.michaelcane.Calculator.&lt;init&gt;(Calculator.java:6)
	at io.michaelcane.Commands.&lt;init&gt;(Commands.java:5)
	at io.michaelcane.Calculator.&lt;init&gt;(Calculator.java:6)
	at io.michaelcane.Commands.&lt;init&gt;(Commands.java:5)
	at io.michaelcane.Calculator.&lt;init&gt;(Calculator.java:6)
	at io.michaelcane.Commands.&lt;init&gt;(Commands.java:5)
	at io.michaelcane.Calculator.&lt;init&gt;(Calculator.java:6)
	at io.michaelcane.Commands.&lt;init&gt;(Commands.java:5)
	at io.michaelcane.Calculator.&lt;init&gt;(Calculator.java:6)
	at io.michaelcane.Commands.&lt;init&gt;(Commands.java:5)
	at io.michaelcane.Calculator.&lt;init&gt;(Calculator.java:6)
	at io.michaelcane.Commands.&lt;init&gt;(Commands.java:5)
	at io.michaelcane.Calculator.&lt;init&gt;(Calculator.java:6)
	at io.michaelcane.Commands.&lt;init&gt;(Commands.java:5)
	at io.michaelcane.Calculator.&lt;init&gt;(Calculator.java:6)
	at io.michaelcane.Commands.&lt;init&gt;(Commands.java:5)
	at io.michaelcane.Calculator.&lt;init&gt;(Calculator.java:6)
	at io.michaelcane.Commands.&lt;init&gt;(Commands.java:5)
	at io.michaelcane.Calculator.&lt;init&gt;(Calculator.java:6)
	at io.michaelcane.Commands.&lt;init&gt;(Commands.java:5)
	at io.michaelcane.Calculator.&lt;init&gt;(Calculator.java:6)
	at io.michaelcane.Commands.&lt;init&gt;(Commands.java:5)
	at io.michaelcane.Calculator.&lt;init&gt;(Calculator.java:6)
	at io.michaelcane.Commands.&lt;init&gt;(Commands.java:5)
	at io.michaelcane.Calculator.&lt;init&gt;(Calculator.java:6)
	at io.michaelcane.Commands.&lt;init&gt;(Commands.java:5)
	at io.michaelcane.Calculator.&lt;init&gt;(Calculator.java:6)
	at io.michaelcane.Commands.&lt;init&gt;(Commands.java:5)
	at io.michaelcane.Calculator.&lt;init&gt;(Calculator.java:6)
	at io.michaelcane.Commands.&lt;init&gt;(Commands.java:5)
	at io.michaelcane.Calculator.&lt;init&gt;(Calculator.java:6)
	at io.michaelcane.Commands.&lt;init&gt;(Commands.java:5)
	at io.michaelcane.Calculator.&lt;init&gt;(Calculator.java:6)
	at io.michaelcane.Commands.&lt;init&gt;(Commands.java:5)
	at io.michaelcane.Calculator.&lt;init&gt;(Calculator.java:6)
	at io.michaelcane.Commands.&lt;init&gt;(Commands.java:5)
	at io.michaelcane.Calculator.&lt;init&gt;(Calculator.java:6)
	at io.michaelcane.Commands.&lt;init&gt;(Commands.java:5)
	at io.michaelcane.Calculator.&lt;init&gt;(Calculator.java:6)
	at io.michaelcane.Commands.&lt;init&gt;(Commands.java:5)
	at io.michaelcane.Calculator.&lt;init&gt;(Calculator.java:6)
	at io.michaelcane.Commands.&lt;init&gt;(Commands.java:5)
	at io.michaelcane.Calculator.&lt;init&gt;(Calculator.java:6)
	at io.michaelcane.Commands.&lt;init&gt;(Commands.java:5)
	at io.michaelcane.Calculator.&lt;init&gt;(Calculator.java:6)
	at io.michaelcane.Commands.&lt;init&gt;(Commands.java:5)
	at io.michaelcane.Calculator.&lt;init&gt;(Calculator.java:6)
	at io.michaelcane.Commands.&lt;init&gt;(Commands.java:5)
	at io.michaelcane.Calculator.&lt;init&gt;(Calculator.java:6)
	at io.michaelcane.Commands.&lt;init&gt;(Commands.java:5)
	at io.michaelcane.Calculator.&lt;init&gt;(Calculator.java:6)
	at io.michaelcane.Commands.&lt;init&gt;(Commands.java:5)
	at io.michaelcane.Calculator.&lt;init&gt;(Calculator.java:6)
	at io.michaelcane.Commands.&lt;init&gt;(Commands.java:5)
	at io.michaelcane.Calculator.&lt;init&gt;(Calculator.java:6)
	at io.michaelcane.Commands.&lt;init&gt;(Commands.java:5)
	at io.michaelcane.Calculator.&lt;init&gt;(Calculator.java:6)
	at io.michaelcane.Commands.&lt;init&gt;(Commands.java:5)
	at io.michaelcane.Calculator.&lt;init&gt;(Calculator.java:6)
	at io.michaelcane.Commands.&lt;init&gt;(Commands.java:5)
	at io.michaelcane.Calculator.&lt;init&gt;(Calculator.java:6)
	at io.michaelcane.Commands.&lt;init&gt;(Commands.java:5)
	at io.michaelcane.Calculator.&lt;init&gt;(Calculator.java:6)
	at io.michaelcane.Commands.&lt;init&gt;(Commands.java:5)
	at io.michaelcane.Calculator.&lt;init&gt;(Calculator.java:6)
	at io.michaelcane.Commands.&lt;init&gt;(Commands.java:5)
	at io.michaelcane.Calculator.&lt;init&gt;(Calculator.java:6)
	at io.michaelcane.Commands.&lt;init&gt;(Commands.java:5)
	at io.michaelcane.Calculator.&lt;init&gt;(Calculator.java:6)
	at io.michaelcane.Commands.&lt;init&gt;(Commands.java:5)
	at io.michaelcane.Calculator.&lt;init&gt;(Calculator.java:6)
	at io.michaelcane.Commands.&lt;init&gt;(Commands.java:5)
	at io.michaelcane.Calculator.&lt;init&gt;(Calculator.java:6)
	at io.michaelcane.Commands.&lt;init&gt;(Commands.java:5)
	at io.michaelcane.Calculator.&lt;init&gt;(Calculator.java:6)
	at io.michaelcane.Commands.&lt;init&gt;(Commands.java:5)
	at io.michaelcane.Calculator.&lt;init&gt;(Calculator.java:6)
	at io.michaelcane.Commands.&lt;init&gt;(Commands.java:5)
	at io.michaelcane.Calculator.&lt;init&gt;(Calculator.java:6)
	at io.michaelcane.Commands.&lt;init&gt;(Commands.java:5)
	at io.michaelcane.Calculator.&lt;init&gt;(Calculator.java:6)
	at io.michaelcane.Commands.&lt;init&gt;(Commands.java:5)
	at io.michaelcane.Calculator.&lt;init&gt;(Calculator.java:6)
	at io.michaelcane.Commands.&lt;init&gt;(Commands.java:5)
	at io.michaelcane.Calculator.&lt;init&gt;(Calculator.java:6)
	at io.michaelcane.Commands.&lt;init&gt;(Commands.java:5)
	at io.michaelcane.Calculator.&lt;init&gt;(Calculator.java:6)
	at io.michaelcane.Commands.&lt;init&gt;(Commands.java:5)
	at io.michaelcane.Calculator.&lt;init&gt;(Calculator.java:6)
	at io.michaelcane.Commands.&lt;init&gt;(Commands.java:5)
	at io.michaelcane.Calculator.&lt;init&gt;(Calculator.java:6)
	at io.michaelcane.Commands.&lt;init&gt;(Commands.java:5)
	at io.michaelcane.Calculator.&lt;init&gt;(Calculator.java:6)
	at io.michaelcane.Commands.&lt;init&gt;(Commands.java:5)
	at io.michaelcane.Calculator.&lt;init&gt;(Calculator.java:6)
	at io.michaelcane.Commands.&lt;init&gt;(Commands.java:5)
	at io.michaelcane.Calculator.&lt;init&gt;(Calculator.java:6)
	at io.michaelcane.Commands.&lt;init&gt;(Commands.java:5)
	at io.michaelcane.Calculator.&lt;init&gt;(Calculator.java:6)
	at io.michaelcane.Commands.&lt;init&gt;(Commands.java:5)
	at io.michaelcane.Calculator.&lt;init&gt;(Calculator.java:6)
	at io.michaelcane.Commands.&lt;init&gt;(Commands.java:5)
	at io.michaelcane.Calculator.&lt;init&gt;(Calculator.java:6)
	at io.michaelcane.Commands.&lt;init&gt;(Commands.java:5)
	at io.michaelcane.Calculator.&lt;init&gt;(Calculator.java:6)
	at io.michaelcane.Commands.&lt;init&gt;(Commands.java:5)
	at io.michaelcane.Calculator.&lt;init&gt;(Calculator.java:6)
	at io.michaelcane.Commands.&lt;init&gt;(Commands.java:5)
	at io.michaelcane.Calculator.&lt;init&gt;(Calculator.java:6)
	at io.michaelcane.Commands.&lt;init&gt;(Commands.java:5)
	at io.michaelcane.Calculator.&lt;init&gt;(Calculator.java:6)
	at io.michaelcane.Commands.&lt;init&gt;(Commands.java:5)
	at io.michaelcane.Calculator.&lt;init&gt;(Calculator.java:6)
	at io.michaelcane.Commands.&lt;init&gt;(Commands.java:5)
	at io.michaelcane.Calculator.&lt;init&gt;(Calculator.java:6)
	at io.michaelcane.Commands.&lt;init&gt;(Commands.java:5)
	at io.michaelcane.Calculator.&lt;init&gt;(Calculator.java:6)
	at io.michaelcane.Commands.&lt;init&gt;(Commands.java:5)
	at io.michaelcane.Calculator.&lt;init&gt;(Calculator.java:6)
	at io.michaelcane.Commands.&lt;init&gt;(Commands.java:5)
	at io.michaelcane.Calculator.&lt;init&gt;(Calculator.java:6)
	at io.michaelcane.Commands.&lt;init&gt;(Commands.java:5)
	at io.michaelcane.Calculator.&lt;init&gt;(Calculator.java:6)
	at io.michaelcane.Commands.&lt;init&gt;(Commands.java:5)
	at io.michaelcane.Calculator.&lt;init&gt;(Calculator.java:6)
	at io.michaelcane.Commands.&lt;init&gt;(Commands.java:5)
	at io.michaelcane.Calculator.&lt;init&gt;(Calculator.java:6)
	at io.michaelcane.Commands.&lt;init&gt;(Commands.java:5)
	at io.michaelcane.Calculator.&lt;init&gt;(Calculator.java:6)
	at io.michaelcane.Commands.&lt;init&gt;(Commands.java:5)
	at io.michaelcane.Calculator.&lt;init&gt;(Calculator.java:6)
	at io.michaelcane.Commands.&lt;init&gt;(Commands.java:5)
	at io.michaelcane.Calculator.&lt;init&gt;(Calculator.java:6)
	at io.michaelcane.Commands.&lt;init&gt;(Commands.java:5)
	at io.michaelcane.Calculator.&lt;init&gt;(Calculator.java:6)
	at io.michaelcane.Commands.&lt;init&gt;(Commands.java:5)
	at io.michaelcane.Calculator.&lt;init&gt;(Calculator.java:6)
	at io.michaelcane.Commands.&lt;init&gt;(Commands.java:5)
	at io.michaelcane.Calculator.&lt;init&gt;(Calculator.java:6)
	at io.michaelcane.Commands.&lt;init&gt;(Commands.java:5)
	at io.michaelcane.Calculator.&lt;init&gt;(Calculator.java:6)
	at io.michaelcane.Commands.&lt;init&gt;(Commands.java:5)
	at io.michaelcane.Calculator.&lt;init&gt;(Calculator.java:6)
	at io.michaelcane.Commands.&lt;init&gt;(Commands.java:5)
	at io.michaelcane.Calculator.&lt;init&gt;(Calculator.java:6)
	at io.michaelcane.Commands.&lt;init&gt;(Commands.java:5)
	at io.michaelcane.Calculator.&lt;init&gt;(Calculator.java:6)
	at io.michaelcane.Commands.&lt;init&gt;(Commands.java:5)
	at io.michaelcane.Calculator.&lt;init&gt;(Calculator.java:6)
	at io.michaelcane.Commands.&lt;init&gt;(Commands.java:5)
	at io.michaelcane.Calculator.&lt;init&gt;(Calculator.java:6)
	at io.michaelcane.Commands.&lt;init&gt;(Commands.java:5)
	at io.michaelcane.Calculator.&lt;init&gt;(Calculator.java:6)
	at io.michaelcane.Commands.&lt;init&gt;(Commands.java:5)
	at io.michaelcane.Calculator.&lt;init&gt;(Calculator.java:6)
	at io.michaelcane.Commands.&lt;init&gt;(Commands.java:5)
	at io.michaelcane.Calculator.&lt;init&gt;(Calculator.java:6)
	at io.michaelcane.Commands.&lt;init&gt;(Commands.java:5)
	at io.michaelcane.Calculator.&lt;init&gt;(Calculator.java:6)
	at io.michaelcane.Commands.&lt;init&gt;(Commands.java:5)
	at io.michaelcane.Calculator.&lt;init&gt;(Calculator.java:6)
	at io.michaelcane.Commands.&lt;init&gt;(Commands.java:5)
	at io.michaelcane.Calculator.&lt;init&gt;(Calculator.java:6)
	at io.michaelcane.Commands.&lt;init&gt;(Commands.java:5)
	at io.michaelcane.Calculator.&lt;init&gt;(Calculator.java:6)
	at io.michaelcane.Commands.&lt;init&gt;(Commands.java:5)
	at io.michaelcane.Calculator.&lt;init&gt;(Calculator.java:6)
	at io.michaelcane.Commands.&lt;init&gt;(Commands.java:5)
	at io.michaelcane.Calculator.&lt;init&gt;(Calculator.java:6)
	at io.michaelcane.Commands.&lt;init&gt;(Commands.java:5)
	at io.michaelcane.Calculator.&lt;init&gt;(Calculator.java:6)
	at io.michaelcane.Commands.&lt;init&gt;(Commands.java:5)
	at io.michaelcane.Calculator.&lt;init&gt;(Calculator.java:6)
	at io.michaelcane.Commands.&lt;init&gt;(Commands.java:5)
	at io.michaelcane.Calculator.&lt;init&gt;(Calculator.java:6)
	at io.michaelcane.Commands.&lt;init&gt;(Commands.java:5)
	at io.michaelcane.Calculator.&lt;init&gt;(Calculator.java:6)
	at io.michaelcane.Commands.&lt;init&gt;(Commands.java:5)
	at io.michaelcane.Calculator.&lt;init&gt;(Calculator.java:6)
	at io.michaelcane.Commands.&lt;init&gt;(Commands.java:5)
	at io.michaelcane.Calculator.&lt;init&gt;(Calculator.java:6)
	at io.michaelcane.Commands.&lt;init&gt;(Commands.java:5)
	at io.michaelcane.Calculator.&lt;init&gt;(Calculator.java:6)
	at io.michaelcane.Commands.&lt;init&gt;(Commands.java:5)
	at io.michaelcane.Calculator.&lt;init&gt;(Calculator.java:6)
	at io.michaelcane.Commands.&lt;init&gt;(Commands.java:5)
	at io.michaelcane.Calculator.&lt;init&gt;(Calculator.java:6)
	at io.michaelcane.Commands.&lt;init&gt;(Commands.java:5)
	at io.michaelcane.Calculator.&lt;init&gt;(Calculator.java:6)
	at io.michaelcane.Commands.&lt;init&gt;(Commands.java:5)
	at io.michaelcane.Calculator.&lt;init&gt;(Calculator.java:6)
	at io.michaelcane.Commands.&lt;init&gt;(Commands.java:5)
	at io.michaelcane.Calculator.&lt;init&gt;(Calculator.java:6)
	at io.michaelcane.Commands.&lt;init&gt;(Commands.java:5)
	at io.michaelcane.Calculator.&lt;init&gt;(Calculator.java:6)
	at io.michaelcane.Commands.&lt;init&gt;(Commands.java:5)
	at io.michaelcane.Calculator.&lt;init&gt;(Calculator.java:6)
	at io.michaelcane.Commands.&lt;init&gt;(Commands.java:5)
	at io.michaelcane.Calculator.&lt;init&gt;(Calculator.java:6)
	at io.michaelcane.Commands.&lt;init&gt;(Commands.java:5)
	at io.michaelcane.Calculator.&lt;init&gt;(Calculator.java:6)
	at io.michaelcane.Commands.&lt;init&gt;(Commands.java:5)
	at io.michaelcane.Calculator.&lt;init&gt;(Calculator.java:6)
	at io.michaelcane.Commands.&lt;init&gt;(Commands.java:5)
	at io.michaelcane.Calculator.&lt;init&gt;(Calculator.java:6)
	at io.michaelcane.Commands.&lt;init&gt;(Commands.java:5)
	at io.michaelcane.Calculator.&lt;init&gt;(Calculator.java:6)
	at io.michaelcane.Commands.&lt;init&gt;(Commands.java:5)
	at io.michaelcane.Calculator.&lt;init&gt;(Calculator.java:6)
	at io.michaelcane.Commands.&lt;init&gt;(Commands.java:5)
	at io.michaelcane.Calculator.&lt;init&gt;(Calculator.java:6)
	at io.michaelcane.Commands.&lt;init&gt;(Commands.java:5)
	at io.michaelcane.Calculator.&lt;init&gt;(Calculator.java:6)
	at io.michaelcane.Commands.&lt;init&gt;(Commands.java:5)
	at io.michaelcane.Calculator.&lt;init&gt;(Calculator.java:6)
	at io.michaelcane.Commands.&lt;init&gt;(Commands.java:5)
	at io.michaelcane.Calculator.&lt;init&gt;(Calculator.java:6)
	at io.michaelcane.Commands.&lt;init&gt;(Commands.java:5)
	at io.michaelcane.Calculator.&lt;init&gt;(Calculator.java:6)
	at io.michaelcane.Commands.&lt;init&gt;(Commands.java:5)
	at io.michaelcane.Calculator.&lt;init&gt;(Calculator.java:6)
	at io.michaelcane.Commands.&lt;init&gt;(Commands.java:5)
	at io.michaelcane.Calculator.&lt;init&gt;(Calculator.java:6)
	at io.michaelcane.Commands.&lt;init&gt;(Commands.java:5)
	at io.michaelcane.Calculator.&lt;init&gt;(Calculator.java:6)
	at io.michaelcane.Commands.&lt;init&gt;(Commands.java:5)
	at io.michaelcane.Calculator.&lt;init&gt;(Calculator.java:6)
	at io.michaelcane.Commands.&lt;init&gt;(Commands.java:5)
	at io.michaelcane.Calculator.&lt;init&gt;(Calculator.java:6)
	at io.michaelcane.Commands.&lt;init&gt;(Commands.java:5)
	at io.michaelcane.Calculator.&lt;init&gt;(Calculator.java:6)
	at io.michaelcane.Commands.&lt;init&gt;(Commands.java:5)
	at io.michaelcane.Calculator.&lt;init&gt;(Calculator.java:6)
	at io.michaelcane.Commands.&lt;init&gt;(Commands.java:5)
	at io.michaelcane.Calculator.&lt;init&gt;(Calculator.java:6)
	at io.michaelcane.Commands.&lt;init&gt;(Commands.java:5)
	at io.michaelcane.Calculator.&lt;init&gt;(Calculator.java:6)
	at io.michaelcane.Commands.&lt;init&gt;(Commands.java:5)
	at io.michaelcane.Calculator.&lt;init&gt;(Calculator.java:6)
	at io.michaelcane.Commands.&lt;init&gt;(Commands.java:5)
	at io.michaelcane.Calculator.&lt;init&gt;(Calculator.java:6)
	at io.michaelcane.Commands.&lt;init&gt;(Commands.java:5)
	at io.michaelcane.Calculator.&lt;init&gt;(Calculator.java:6)
	at io.michaelcane.Commands.&lt;init&gt;(Commands.java:5)
	at io.michaelcane.Calculator.&lt;init&gt;(Calculator.java:6)
	at io.michaelcane.Commands.&lt;init&gt;(Commands.java:5)
	at io.michaelcane.Calculator.&lt;init&gt;(Calculator.java:6)
	at io.michaelcane.Commands.&lt;init&gt;(Commands.java:5)
	at io.michaelcane.Calculator.&lt;init&gt;(Calculator.java:6)
	at io.michaelcane.Commands.&lt;init&gt;(Commands.java:5)
	at io.michaelcane.Calculator.&lt;init&gt;(Calculator.java:6)
	at io.michaelcane.Commands.&lt;init&gt;(Commands.java:5)
	at io.michaelcane.Calculator.&lt;init&gt;(Calculator.java:6)
	at io.michaelcane.Commands.&lt;init&gt;(Commands.java:5)
	at io.michaelcane.Calculator.&lt;init&gt;(Calculator.java:6)
	at io.michaelcane.Commands.&lt;init&gt;(Commands.java:5)
	at io.michaelcane.Calculator.&lt;init&gt;(Calculator.java:6)
	at io.michaelcane.Commands.&lt;init&gt;(Commands.java:5)
	at io.michaelcane.Calculator.&lt;init&gt;(Calculator.java:6)
	at io.michaelcane.Commands.&lt;init&gt;(Commands.java:5)
	at io.michaelcane.Calculator.&lt;init&gt;(Calculator.java:6)
	at io.michaelcane.Commands.&lt;init&gt;(Commands.java:5)
	at io.michaelcane.Calculator.&lt;init&gt;(Calculator.java:6)
	at io.michaelcane.Commands.&lt;init&gt;(Commands.java:5)
	at io.michaelcane.Calculator.&lt;init&gt;(Calculator.java:6)
	at io.michaelcane.Commands.&lt;init&gt;(Commands.java:5)
	at io.michaelcane.Calculator.&lt;init&gt;(Calculator.java:6)
	at io.michaelcane.Commands.&lt;init&gt;(Commands.java:5)
	at io.michaelcane.Calculator.&lt;init&gt;(Calculator.java:6)
	at io.michaelcane.Commands.&lt;init&gt;(Commands.java:5)
	at io.michaelcane.Calculator.&lt;init&gt;(Calculator.java:6)
	at io.michaelcane.Commands.&lt;init&gt;(Commands.java:5)
	at io.michaelcane.Calculator.&lt;init&gt;(Calculator.java:6)
	at io.michaelcane.Commands.&lt;init&gt;(Commands.java:5)
	at io.michaelcane.Calculator.&lt;init&gt;(Calculator.java:6)
	at io.michaelcane.Commands.&lt;init&gt;(Commands.java:5)
	at io.michaelcane.Calculator.&lt;init&gt;(Calculator.java:6)
	at io.michaelcane.Commands.&lt;init&gt;(Commands.java:5)
	at io.michaelcane.Calculator.&lt;init&gt;(Calculator.java:6)
	at io.michaelcane.Commands.&lt;init&gt;(Commands.java:5)
	at io.michaelcane.Calculator.&lt;init&gt;(Calculator.java:6)
	at io.michaelcane.Commands.&lt;init&gt;(Commands.java:5)
	at io.michaelcane.Calculator.&lt;init&gt;(Calculator.java:6)
	at io.michaelcane.Commands.&lt;init&gt;(Commands.java:5)
	at io.michaelcane.Calculator.&lt;init&gt;(Calculator.java:6)
	at io.michaelcane.Commands.&lt;init&gt;(Commands.java:5)
	at io.michaelcane.Calculator.&lt;init&gt;(Calculator.java:6)
	at io.michaelcane.Commands.&lt;init&gt;(Commands.java:5)
	at io.michaelcane.Calculator.&lt;init&gt;(Calculator.java:6)
	at io.michaelcane.Commands.&lt;init&gt;(Commands.java:5)
	at io.michaelcane.Calculator.&lt;init&gt;(Calculator.java:6)
	at io.michaelcane.Commands.&lt;init&gt;(Commands.java:5)
	at io.michaelcane.Calculator.&lt;init&gt;(Calculator.java:6)
	at io.michaelcane.Commands.&lt;init&gt;(Commands.java:5)
	at io.michaelcane.Calculator.&lt;init&gt;(Calculator.java:6)
	at io.michaelcane.Commands.&lt;init&gt;(Commands.java:5)
	at io.michaelcane.Calculator.&lt;init&gt;(Calculator.java:6)
	at io.michaelcane.Commands.&lt;init&gt;(Commands.java:5)
	at io.michaelcane.Calculator.&lt;init&gt;(Calculator.java:6)
	at io.michaelcane.Commands.&lt;init&gt;(Commands.java:5)
	at io.michaelcane.Calculator.&lt;init&gt;(Calculator.java:6)
	at io.michaelcane.Commands.&lt;init&gt;(Commands.java:5)
	at io.michaelcane.Calculator.&lt;init&gt;(Calculator.java:6)
	at io.michaelcane.Commands.&lt;init&gt;(Commands.java:5)
	at io.michaelcane.Calculator.&lt;init&gt;(Calculator.java:6)
	at io.michaelcane.Commands.&lt;init&gt;(Commands.java:5)
	at io.michaelcane.Calculator.&lt;init&gt;(Calculator.java:6)
	at io.michaelcane.Commands.&lt;init&gt;(Commands.java:5)
	at io.michaelcane.Calculator.&lt;init&gt;(Calculator.java:6)
	at io.michaelcane.Commands.&lt;init&gt;(Commands.java:5)
	at io.michaelcane.Calculator.&lt;init&gt;(Calculator.java:6)
	at io.michaelcane.Commands.&lt;init&gt;(Commands.java:5)
	at io.michaelcane.Calculator.&lt;init&gt;(Calculator.java:6)
	at io.michaelcane.Commands.&lt;init&gt;(Commands.java:5)
	at io.michaelcane.Calculator.&lt;init&gt;(Calculator.java:6)
	at io.michaelcane.Commands.&lt;init&gt;(Commands.java:5)
	at io.michaelcane.Calculator.&lt;init&gt;(Calculator.java:6)
	at io.michaelcane.Commands.&lt;init&gt;(Commands.java:5)
	at io.michaelcane.Calculator.&lt;init&gt;(Calculator.java:6)
	at io.michaelcane.Commands.&lt;init&gt;(Commands.java:5)
	at io.michaelcane.Calculator.&lt;init&gt;(Calculator.java:6)
	at io.michaelcane.Commands.&lt;init&gt;(Commands.java:5)
	at io.michaelcane.Calculator.&lt;init&gt;(Calculator.java:6)
	at io.michaelcane.Commands.&lt;init&gt;(Commands.java:5)
	at io.michaelcane.Calculator.&lt;init&gt;(Calculator.java:6)
	at io.michaelcane.Commands.&lt;init&gt;(Commands.java:5)
	at io.michaelcane.Calculator.&lt;init&gt;(Calculator.java:6)
	at io.michaelcane.Commands.&lt;init&gt;(Commands.java:5)
	at io.michaelcane.Calculator.&lt;init&gt;(Calculator.java:6)
	at io.michaelcane.Commands.&lt;init&gt;(Commands.java:5)
	at io.michaelcane.Calculator.&lt;init&gt;(Calculator.java:6)
	at io.michaelcane.Commands.&lt;init&gt;(Commands.java:5)
	at io.michaelcane.Calculator.&lt;init&gt;(Calculator.java:6)
	at io.michaelcane.Commands.&lt;init&gt;(Commands.java:5)
	at io.michaelcane.Calculator.&lt;init&gt;(Calculator.java:6)
	at io.michaelcane.Commands.&lt;init&gt;(Commands.java:5)
	at io.michaelcane.Calculator.&lt;init&gt;(Calculator.java:6)
	at io.michaelcane.Commands.&lt;init&gt;(Commands.java:5)
	at io.michaelcane.Calculator.&lt;init&gt;(Calculator.java:6)
	at io.michaelcane.Commands.&lt;init&gt;(Commands.java:5)
	at io.michaelcane.Calculator.&lt;init&gt;(Calculator.java:6)
	at io.michaelcane.Commands.&lt;init&gt;(Commands.java:5)
	at io.michaelcane.Calculator.&lt;init&gt;(Calculator.java:6)
	at io.michaelcane.Commands.&lt;init&gt;(Commands.java:5)
	at io.michaelcane.Calculator.&lt;init&gt;(Calculator.java:6)
	at io.michaelcane.Commands.&lt;init&gt;(Commands.java:5)
	at io.michaelcane.Calculator.&lt;init&gt;(Calculator.java:6)
	at io.michaelcane.Commands.&lt;init&gt;(Commands.java:5)
	at io.michaelcane.Calculator.&lt;init&gt;(Calculator.java:6)
	at io.michaelcane.Commands.&lt;init&gt;(Commands.java:5)
	at io.michaelcane.Calculator.&lt;init&gt;(Calculator.java:6)
	at io.michaelcane.Commands.&lt;init&gt;(Commands.java:5)
	at io.michaelcane.Calculator.&lt;init&gt;(Calculator.java:6)
	at io.michaelcane.Commands.&lt;init&gt;(Commands.java:5)
	at io.michaelcane.Calculator.&lt;init&gt;(Calculator.java:6)
	at io.michaelcane.Commands.&lt;init&gt;(Commands.java:5)
	at io.michaelcane.Calculator.&lt;init&gt;(Calculator.java:6)
	at io.michaelcane.Commands.&lt;init&gt;(Commands.java:5)
	at io.michaelcane.Calculator.&lt;init&gt;(Calculator.java:6)
	at io.michaelcane.Commands.&lt;init&gt;(Commands.java:5)
	at io.michaelcane.Calculator.&lt;init&gt;(Calculator.java:6)
	at io.michaelcane.Commands.&lt;init&gt;(Commands.java:5)
	at io.michaelcane.Calculator.&lt;init&gt;(Calculator.java:6)
	at io.michaelcane.Commands.&lt;init&gt;(Commands.java:5)
	at io.michaelcane.Calculator.&lt;init&gt;(Calculator.java:6)
	at io.michaelcane.Commands.&lt;init&gt;(Commands.java:5)
	at io.michaelcane.Calculator.&lt;init&gt;(Calculator.java:6)
	at io.michaelcane.Commands.&lt;init&gt;(Commands.java:5)
	at io.michaelcane.Calculator.&lt;init&gt;(Calculator.java:6)
	at io.michaelcane.Commands.&lt;init&gt;(Commands.java:5)
	at io.michaelcane.Calculator.&lt;init&gt;(Calculator.java:6)
	at io.michaelcane.Commands.&lt;init&gt;(Commands.java:5)
	at io.michaelcane.Calculator.&lt;init&gt;(Calculator.java:6)
	at io.michaelcane.Commands.&lt;init&gt;(Commands.java:5)
	at io.michaelcane.Calculator.&lt;init&gt;(Calculator.java:6)
	at io.michaelcane.Commands.&lt;init&gt;(Commands.java:5)
	at io.michaelcane.Calculator.&lt;init&gt;(Calculator.java:6)
	at io.michaelcane.Commands.&lt;init&gt;(Commands.java:5)
	at io.michaelcane.Calculator.&lt;init&gt;(Calculator.java:6)
	at io.michaelcane.Commands.&lt;init&gt;(Commands.java:5)
	at io.michaelcane.Calculator.&lt;init&gt;(Calculator.java:6)
	at io.michaelcane.Commands.&lt;init&gt;(Commands.java:5)
	at io.michaelcane.Calculator.&lt;init&gt;(Calculator.java:6)
	at io.michaelcane.Commands.&lt;init&gt;(Commands.java:5)
	at io.michaelcane.Calculator.&lt;init&gt;(Calculator.java:6)
	at io.michaelcane.Commands.&lt;init&gt;(Commands.java:5)
	at io.michaelcane.Calculator.&lt;init&gt;(Calculator.java:6)
	at io.michaelcane.Commands.&lt;init&gt;(Commands.java:5)
	at io.michaelcane.Calculator.&lt;init&gt;(Calculator.java:6)
	at io.michaelcane.Commands.&lt;init&gt;(Commands.java:5)
	at io.michaelcane.Calculator.&lt;init&gt;(Calculator.java:6)
	at io.michaelcane.Commands.&lt;init&gt;(Commands.java:5)
	at io.michaelcane.Calculator.&lt;init&gt;(Calculator.java:6)
	at io.michaelcane.Commands.&lt;init&gt;(Commands.java:5)
	at io.michaelcane.Calculator.&lt;init&gt;(Calculator.java:6)
	at io.michaelcane.Commands.&lt;init&gt;(Commands.java:5)
	at io.michaelcane.Calculator.&lt;init&gt;(Calculator.java:6)
	at io.michaelcane.Commands.&lt;init&gt;(Commands.java:5)
	at io.michaelcane.Calculator.&lt;init&gt;(Calculator.java:6)
	at io.michaelcane.Commands.&lt;init&gt;(Commands.java:5)
	at io.michaelcane.Calculator.&lt;init&gt;(Calculator.java:6)
	at io.michaelcane.Commands.&lt;init&gt;(Commands.java:5)
	at io.michaelcane.Calculator.&lt;init&gt;(Calculator.java:6)
	at io.michaelcane.Commands.&lt;init&gt;(Commands.java:5)
	at io.michaelcane.Calculator.&lt;init&gt;(Calculator.java:6)
	at io.michaelcane.Commands.&lt;init&gt;(Commands.java:5)
	at io.michaelcane.Calculator.&lt;init&gt;(Calculator.java:6)
	at io.michaelcane.Commands.&lt;init&gt;(Commands.java:5)
	at io.michaelcane.Calculator.&lt;init&gt;(Calculator.java:6)
	at io.michaelcane.Commands.&lt;init&gt;(Commands.java:5)
	at io.michaelcane.Calculator.&lt;init&gt;(Calculator.java:6)
	at io.michaelcane.Commands.&lt;init&gt;(Commands.java:5)
	at io.michaelcane.Calculator.&lt;init&gt;(Calculator.java:6)
	at io.michaelcane.Commands.&lt;init&gt;(Commands.java:5)
	at io.michaelcane.Calculator.&lt;init&gt;(Calculator.java:6)
	at io.michaelcane.Commands.&lt;init&gt;(Commands.java:5)
	at io.michaelcane.Calculator.&lt;init&gt;(Calculator.java:6)
	at io.michaelcane.Commands.&lt;init&gt;(Commands.java:5)
	at io.michaelcane.Calculator.&lt;init&gt;(Calculator.java:6)
	at io.michaelcane.Commands.&lt;init&gt;(Commands.java:5)
	at io.michaelcane.Calculator.&lt;init&gt;(Calculator.java:6)
	at io.michaelcane.Commands.&lt;init&gt;(Commands.java:5)
	at io.michaelcane.Calculator.&lt;init&gt;(Calculator.java:6)
	at io.michaelcane.Commands.&lt;init&gt;(Commands.java:5)
	at io.michaelcane.Calculator.&lt;init&gt;(Calculator.java:6)
	at io.michaelcane.Commands.&lt;init&gt;(Commands.java:5)
	at io.michaelcane.Calculator.&lt;init&gt;(Calculator.java:6)
	at io.michaelcane.Commands.&lt;init&gt;(Commands.java:5)
	at io.michaelcane.Calculator.&lt;init&gt;(Calculator.java:6)
	at io.michaelcane.Commands.&lt;init&gt;(Commands.java:5)
	at io.michaelcane.Calculator.&lt;init&gt;(Calculator.java:6)
	at io.michaelcane.Commands.&lt;init&gt;(Commands.java:5)
	at io.michaelcane.Calculator.&lt;init&gt;(Calculator.java:6)
	at io.michaelcane.Commands.&lt;init&gt;(Commands.java:5)
	at io.michaelcane.Calculator.&lt;init&gt;(Calculator.java:6)
	at io.michaelcane.Commands.&lt;init&gt;(Commands.java:5)
	at io.michaelcane.Calculator.&lt;init&gt;(Calculator.java:6)
	at io.michaelcane.Commands.&lt;init&gt;(Commands.java:5)
	at io.michaelcane.Calculator.&lt;init&gt;(Calculator.java:6)
	at io.michaelcane.Commands.&lt;init&gt;(Commands.java:5)
	at io.michaelcane.Calculator.&lt;init&gt;(Calculator.java:6)
	at io.michaelcane.Commands.&lt;init&gt;(Commands.java:5)
	at io.michaelcane.Calculator.&lt;init&gt;(Calculator.java:6)
	at io.michaelcane.Commands.&lt;init&gt;(Commands.java:5)
	at io.michaelcane.Calculator.&lt;init&gt;(Calculator.java:6)
	at io.michaelcane.Commands.&lt;init&gt;(Commands.java:5)
	at io.michaelcane.Calculator.&lt;init&gt;(Calculator.java:6)
	at io.michaelcane.Commands.&lt;init&gt;(Commands.java:5)
	at io.michaelcane.Calculator.&lt;init&gt;(Calculator.java:6)
	at io.michaelcane.Commands.&lt;init&gt;(Commands.java:5)
	at io.michaelcane.Calculator.&lt;init&gt;(Calculator.java:6)
	at io.michaelcane.Commands.&lt;init&gt;(Commands.java:5)
	at io.michaelcane.Calculator.&lt;init&gt;(Calculator.java:6)
	at io.michaelcane.Commands.&lt;init&gt;(Commands.java:5)
	at io.michaelcane.Calculator.&lt;init&gt;(Calculator.java:6)
	at io.michaelcane.Commands.&lt;init&gt;(Commands.java:5)
	at io.michaelcane.Calculator.&lt;init&gt;(Calculator.java:6)
	at io.michaelcane.Commands.&lt;init&gt;(Commands.java:5)
	at io.michaelcane.Calculator.&lt;init&gt;(Calculator.java:6)
	at io.michaelcane.Commands.&lt;init&gt;(Commands.java:5)
	at io.michaelcane.Calculator.&lt;init&gt;(Calculator.java:6)
	at io.michaelcane.Commands.&lt;init&gt;(Commands.java:5)
	at io.michaelcane.Calculator.&lt;init&gt;(Calculator.java:6)
	at io.michaelcane.Commands.&lt;init&gt;(Commands.java:5)
	at io.michaelcane.Calculator.&lt;init&gt;(Calculator.java:6)
	at io.michaelcane.Commands.&lt;init&gt;(Commands.java:5)
	at io.michaelcane.Calculator.&lt;init&gt;(Calculator.java:6)
	at io.michaelcane.Commands.&lt;init&gt;(Commands.java:5)
	at io.michaelcane.Calculator.&lt;init&gt;(Calculator.java:6)
	at io.michaelcane.Commands.&lt;init&gt;(Commands.java:5)
	at io.michaelcane.Calculator.&lt;init&gt;(Calculator.java:6)
	at io.michaelcane.Commands.&lt;init&gt;(Commands.java:5)
	at io.michaelcane.Calculator.&lt;init&gt;(Calculator.java:6)
	at io.michaelcane.Commands.&lt;init&gt;(Commands.java:5)
	at io.michaelcane.Calculator.&lt;init&gt;(Calculator.java:6)
	at io.michaelcane.Commands.&lt;init&gt;(Commands.java:5)
	at io.michaelcane.Calculator.&lt;init&gt;(Calculator.java:6)
	at io.michaelcane.Commands.&lt;init&gt;(Commands.java:5)
	at io.michaelcane.Calculator.&lt;init&gt;(Calculator.java:6)
	at io.michaelcane.Commands.&lt;init&gt;(Commands.java:5)
	at io.michaelcane.Calculator.&lt;init&gt;(Calculator.java:6)
	at io.michaelcane.Commands.&lt;init&gt;(Commands.java:5)
	at io.michaelcane.Calculator.&lt;init&gt;(Calculator.java:6)
	at io.michaelcane.Commands.&lt;init&gt;(Commands.java:5)
	at io.michaelcane.Calculator.&lt;init&gt;(Calculator.java:6)
	at io.michaelcane.Commands.&lt;init&gt;(Commands.java:5)
	at io.michaelcane.Calculator.&lt;init&gt;(Calculator.java:6)
	at io.michaelcane.Commands.&lt;init&gt;(Commands.java:5)
	at io.michaelcane.Calculator.&lt;init&gt;(Calculator.java:6)
	at io.michaelcane.Commands.&lt;init&gt;(Commands.java:5)
	at io.michaelcane.Calculator.&lt;init&gt;(Calculator.java:6)
	at io.michaelcane.Commands.&lt;init&gt;(Commands.java:5)
	at io.michaelcane.Calculator.&lt;init&gt;(Calculator.java:6)
	at io.michaelcane.Commands.&lt;init&gt;(Commands.java:5)
	at io.michaelcane.Calculator.&lt;init&gt;(Calculator.java:6)
	at io.michaelcane.Commands.&lt;init&gt;(Commands.java:5)
	at io.michaelcane.Calculator.&lt;init&gt;(Calculator.java:6)
	at io.michaelcane.Commands.&lt;init&gt;(Commands.java:5)
	at io.michaelcane.Calculator.&lt;init&gt;(Calculator.java:6)
	at io.michaelcane.Commands.&lt;init&gt;(Commands.java:5)
	at io.michaelcane.Calculator.&lt;init&gt;(Calculator.java:6)
	at io.michaelcane.Commands.&lt;init&gt;(Commands.java:5)
	at io.michaelcane.Calculator.&lt;init&gt;(Calculator.java:6)
	at io.michaelcane.Commands.&lt;init&gt;(Commands.java:5)
	at io.michaelcane.Calculator.&lt;init&gt;(Calculator.java:6)
	at io.michaelcane.Commands.&lt;init&gt;(Commands.java:5)
	at io.michaelcane.Calculator.&lt;init&gt;(Calculator.java:6)
	at io.michaelcane.Commands.&lt;init&gt;(Commands.java:5)
	at io.michaelcane.Calculator.&lt;init&gt;(Calculator.java:6)
	at io.michaelcane.Commands.&lt;init&gt;(Commands.java:5)
	at io.michaelcane.Calculator.&lt;init&gt;(Calculator.java:6)
	at io.michaelcane.Commands.&lt;init&gt;(Commands.java:5)
	at io.michaelcane.Calculator.&lt;init&gt;(Calculator.java:6)
	at io.michaelcane.Commands.&lt;init&gt;(Commands.java:5)
	at io.michaelcane.Calculator.&lt;init&gt;(Calculator.java:6)
	at io.michaelcane.Commands.&lt;init&gt;(Commands.java:5)
	at io.michaelcane.Calculator.&lt;init&gt;(Calculator.java:6)
	at io.michaelcane.Commands.&lt;init&gt;(Commands.java:5)
	at io.michaelcane.Calculator.&lt;init&gt;(Calculator.java:6)
	at io.michaelcane.Commands.&lt;init&gt;(Commands.java:5)
	at io.michaelcane.Calculator.&lt;init&gt;(Calculator.java:6)
	at io.michaelcane.Commands.&lt;init&gt;(Commands.java:5)
	at io.michaelcane.Calculator.&lt;init&gt;(Calculator.java:6)
	at io.michaelcane.Commands.&lt;init&gt;(Commands.java:5)
	at io.michaelcane.Calculator.&lt;init&gt;(Calculator.java:6)
	at io.michaelcane.Commands.&lt;init&gt;(Commands.java:5)
	at io.michaelcane.Calculator.&lt;init&gt;(Calculator.java:6)
	at io.michaelcane.Commands.&lt;init&gt;(Commands.java:5)
	at io.michaelcane.Calculator.&lt;init&gt;(Calculator.java:6)
	at io.michaelcane.Commands.&lt;init&gt;(Commands.java:5)
	at io.michaelcane.Calculator.&lt;init&gt;(Calculator.java:6)
	at io.michaelcane.Commands.&lt;init&gt;(Commands.java:5)
	at io.michaelcane.Calculator.&lt;init&gt;(Calculator.java:6)
	at io.michaelcane.Commands.&lt;init&gt;(Commands.java:5)
	at io.michaelcane.Calculator.&lt;init&gt;(Calculator.java:6)
	at io.michaelcane.Commands.&lt;init&gt;(Commands.java:5)
	at io.michaelcane.Calculator.&lt;init&gt;(Calculator.java:6)
	at io.michaelcane.Commands.&lt;init&gt;(Commands.java:5)
	at io.michaelcane.Calculator.&lt;init&gt;(Calculator.java:6)
	at io.michaelcane.Commands.&lt;init&gt;(Commands.java:5)
	at io.michaelcane.Calculator.&lt;init&gt;(Calculator.java:6)
	at io.michaelcane.Commands.&lt;init&gt;(Commands.java:5)
	at io.michaelcane.Calculator.&lt;init&gt;(Calculator.java:6)
	at io.michaelcane.Commands.&lt;init&gt;(Commands.java:5)
	at io.michaelcane.Calculator.&lt;init&gt;(Calculator.java:6)
	at io.michaelcane.Commands.&lt;init&gt;(Commands.java:5)
	at io.michaelcane.Calculator.&lt;init&gt;(Calculator.java:6)
	at io.michaelcane.Commands.&lt;init&gt;(Commands.java:5)
	at io.michaelcane.Calculator.&lt;init&gt;(Calculator.java:6)
	at io.michaelcane.Commands.&lt;init&gt;(Commands.java:5)
	at io.michaelcane.Calculator.&lt;init&gt;(Calculator.java:6)
	at io.michaelcane.Commands.&lt;init&gt;(Commands.java:5)
	at io.michaelcane.Calculator.&lt;init&gt;(Calculator.java:6)
	at io.michaelcane.Commands.&lt;init&gt;(Commands.java:5)
	at io.michaelcane.Calculator.&lt;init&gt;(Calculator.java:6)
	at io.michaelcane.Commands.&lt;init&gt;(Commands.java:5)
	at io.michaelcane.Calculator.&lt;init&gt;(Calculator.java:6)
	at io.michaelcane.Commands.&lt;init&gt;(Commands.java:5)
	at io.michaelcane.Calculator.&lt;init&gt;(Calculator.java:6)
	at io.michaelcane.Commands.&lt;init&gt;(Commands.java:5)
	at io.michaelcane.Calculator.&lt;init&gt;(Calculator.java:6)
	at io.michaelcane.Commands.&lt;init&gt;(Commands.java:5)
	at io.michaelcane.Calculator.&lt;init&gt;(Calculator.java:6)
	at io.michaelcane.Commands.&lt;init&gt;(Commands.java:5)
	at io.michaelcane.Calculator.&lt;init&gt;(Calculator.java:6)
	at io.michaelcane.Commands.&lt;init&gt;(Commands.java:5)
	at io.michaelcane.Calculator.&lt;init&gt;(Calculator.java:6)
	at io.michaelcane.Commands.&lt;init&gt;(Commands.java:5)
	at io.michaelcane.Calculator.&lt;init&gt;(Calculator.java:6)
	at io.michaelcane.Commands.&lt;init&gt;(Commands.java:5)
	at io.michaelcane.Calculator.&lt;init&gt;(Calculator.java:6)
	at io.michaelcane.Commands.&lt;init&gt;(Commands.java:5)
	at io.michaelcane.Calculator.&lt;init&gt;(Calculator.java:6)
	at io.michaelcane.Commands.&lt;init&gt;(Commands.java:5)
	at io.michaelcane.Calculator.&lt;init&gt;(Calculator.java:6)
	at io.michaelcane.Commands.&lt;init&gt;(Commands.java:5)
	at io.michaelcane.Calculator.&lt;init&gt;(Calculator.java:6)
	at io.michaelcane.Commands.&lt;init&gt;(Commands.java:5)
	at io.michaelcane.Calculator.&lt;init&gt;(Calculator.java:6)
	at io.michaelcane.Commands.&lt;init&gt;(Commands.java:5)
	at io.michaelcane.Calculator.&lt;init&gt;(Calculator.java:6)
	at io.michaelcane.Commands.&lt;init&gt;(Commands.java:5)
	at io.michaelcane.Calculator.&lt;init&gt;(Calculator.java:6)
	at io.michaelcane.Commands.&lt;init&gt;(Commands.java:5)
	at io.michaelcane.Calculator.&lt;init&gt;(Calculator.java:6)
	at io.michaelcane.Commands.&lt;init&gt;(Commands.java:5)
	at io.michaelcane.Calculator.&lt;init&gt;(Calculator.java:6)
	at io.michaelcane.Commands.&lt;init&gt;(Commands.java:5)
	at io.michaelcane.Calculator.&lt;init&gt;(Calculator.java:6)
	at io.michaelcane.Commands.&lt;init&gt;(Commands.java:5)
	at io.michaelcane.Calculator.&lt;init&gt;(Calculator.java:6)
	at io.michaelcane.Commands.&lt;init&gt;(Commands.java:5)
	at io.michaelcane.Calculator.&lt;init&gt;(Calculator.java:6)
	at io.michaelcane.Commands.&lt;init&gt;(Commands.java:5)
	at io.michaelcane.Calculator.&lt;init&gt;(Calculator.java:6)
	at io.michaelcane.Commands.&lt;init&gt;(Commands.java:5)
	at io.michaelcane.Calculator.&lt;init&gt;(Calculator.java:6)
	at io.michaelcane.Commands.&lt;init&gt;(Commands.java:5)
	at io.michaelcane.Calculator.&lt;init&gt;(Calculator.java:6)
	at io.michaelcane.Commands.&lt;init&gt;(Commands.java:5)
	at io.michaelcane.Calculator.&lt;init&gt;(Calculator.java:6)
	at io.michaelcane.Commands.&lt;init&gt;(Commands.java:5)
	at io.michaelcane.Calculator.&lt;init&gt;(Calculator.java:6)
	at io.michaelcane.Commands.&lt;init&gt;(Commands.java:5)
	at io.michaelcane.Calculator.&lt;init&gt;(Calculator.java:6)
	at io.michaelcane.Commands.&lt;init&gt;(Commands.java:5)
	at io.michaelcane.Calculator.&lt;init&gt;(Calculator.java:6)
	at io.michaelcane.Commands.&lt;init&gt;(Commands.java:5)
	at io.michaelcane.Calculator.&lt;init&gt;(Calculator.java:6)
	at io.michaelcane.Commands.&lt;init&gt;(Commands.java:5)
	at io.michaelcane.Calculator.&lt;init&gt;(Calculator.java:6)
	at io.michaelcane.Commands.&lt;init&gt;(Commands.java:5)
	at io.michaelcane.Calculator.&lt;init&gt;(Calculator.java:6)
	at io.michaelcane.Commands.&lt;init&gt;(Commands.java:5)
	at io.michaelcane.Calculator.&lt;init&gt;(Calculator.java:6)
	at io.michaelcane.Commands.&lt;init&gt;(Commands.java:5)
	at io.michaelcane.Calculator.&lt;init&gt;(Calculator.java:6)
	at io.michaelcane.Commands.&lt;init&gt;(Commands.java:5)
	at io.michaelcane.Calculator.&lt;init&gt;(Calculator.java:6)
	at io.michaelcane.Commands.&lt;init&gt;(Commands.java:5)
	at io.michaelcane.Calculator.&lt;init&gt;(Calculator.java:6)
	at io.michaelcane.Commands.&lt;init&gt;(Commands.java:5)
	at io.michaelcane.Calculator.&lt;init&gt;(Calculator.java:6)
	at io.michaelcane.Commands.&lt;init&gt;(Commands.java:5)
	at io.michaelcane.Calculator.&lt;init&gt;(Calculator.java:6)
	at io.michaelcane.Commands.&lt;init&gt;(Commands.java:5)
	at io.michaelcane.Calculator.&lt;init&gt;(Calculator.java:6)
	at io.michaelcane.Commands.&lt;init&gt;(Commands.java:5)
	at io.michaelcane.Calculator.&lt;init&gt;(Calculator.java:6)
	at io.michaelcane.Commands.&lt;init&gt;(Commands.java:5)
	at io.michaelcane.Calculator.&lt;init&gt;(Calculator.java:6)
	at io.michaelcane.Commands.&lt;init&gt;(Commands.java:5)
	at io.michaelcane.Calculator.&lt;init&gt;(Calculator.java:6)
	at io.michaelcane.Commands.&lt;init&gt;(Commands.java:5)
	at io.michaelcane.Calculator.&lt;init&gt;(Calculator.java:6)
	at io.michaelcane.Commands.&lt;init&gt;(Commands.java:5)
	at io.michaelcane.Calculator.&lt;init&gt;(Calculator.java:6)
	at io.michaelcane.Commands.&lt;init&gt;(Commands.java:5)
	at io.michaelcane.Calculator.&lt;init&gt;(Calculator.java:6)
	at io.michaelcane.Commands.&lt;init&gt;(Commands.java:5)
	at io.michaelcane.Calculator.&lt;init&gt;(Calculator.java:6)
	at io.michaelcane.Commands.&lt;init&gt;(Commands.java:5)
	at io.michaelcane.Calculator.&lt;init&gt;(Calculator.java:6)
	at io.michaelcane.Commands.&lt;init&gt;(Commands.java:5)
	at io.michaelcane.Calculator.&lt;init&gt;(Calculator.java:6)
	at io.michaelcane.Commands.&lt;init&gt;(Commands.java:5)
	at io.michaelcane.Calculator.&lt;init&gt;(Calculator.java:6)
	at io.michaelcane.Commands.&lt;init&gt;(Commands.java:5)
	at io.michaelcane.Calculator.&lt;init&gt;(Calculator.java:6)
	at io.michaelcane.Commands.&lt;init&gt;(Commands.java:5)
	at io.michaelcane.Calculator.&lt;init&gt;(Calculator.java:6)
	at io.michaelcane.Commands.&lt;init&gt;(Commands.java:5)
	at io.michaelcane.Calculator.&lt;init&gt;(Calculator.java:6)
	at io.michaelcane.Commands.&lt;init&gt;(Commands.java:5)
	at io.michaelcane.Calculator.&lt;init&gt;(Calculator.java:6)
	at io.michaelcane.Commands.&lt;init&gt;(Commands.java:5)
	at io.michaelcane.Calculator.&lt;init&gt;(Calculator.java:6)
	at io.michaelcane.Commands.&lt;init&gt;(Commands.java:5)
	at io.michaelcane.Calculator.&lt;init&gt;(Calculator.java:6)
	at io.michaelcane.Commands.&lt;init&gt;(Commands.java:5)
	at io.michaelcane.Calculator.&lt;init&gt;(Calculator.java:6)
	at io.michaelcane.Commands.&lt;init&gt;(Commands.java:5)
	at io.michaelcane.Calculator.&lt;init&gt;(Calculator.java:6)
	at io.michaelcane.Commands.&lt;init&gt;(Commands.java:5)
	at io.michaelcane.Calculator.&lt;init&gt;(Calculator.java:6)
	at io.michaelcane.Commands.&lt;init&gt;(Commands.java:5)
	at io.michaelcane.Calculator.&lt;init&gt;(Calculator.java:6)
	at io.michaelcane.Commands.&lt;init&gt;(Commands.java:5)
	at io.michaelcane.Calculator.&lt;init&gt;(Calculator.java:6)
	at io.michaelcane.Commands.&lt;init&gt;(Commands.java:5)
	at io.michaelcane.Calculator.&lt;init&gt;(Calculator.java:6)
	at io.michaelcane.Commands.&lt;init&gt;(Commands.java:5)
	at io.michaelcane.Calculator.&lt;init&gt;(Calculator.java:6)
	at io.michaelcane.Commands.&lt;init&gt;(Commands.java:5)
	at io.michaelcane.Calculator.&lt;init&gt;(Calculator.java:6)
	at io.michaelcane.Commands.&lt;init&gt;(Commands.java:5)
	at io.michaelcane.Calculator.&lt;init&gt;(Calculator.java:6)
	at io.michaelcane.Commands.&lt;init&gt;(Commands.java:5)
</error>
  </testcase>
  <testcase classname="io.michaelcane.CalculatorSpec" name="test$square" time="0.018">
    <error type="java.lang.StackOverflowError">java.lang.StackOverflowError
	at io.michaelcane.Calculator.&lt;init&gt;(Calculator.java:6)
	at io.michaelcane.Commands.&lt;init&gt;(Commands.java:5)
	at io.michaelcane.Calculator.&lt;init&gt;(Calculator.java:6)
	at io.michaelcane.Commands.&lt;init&gt;(Commands.java:5)
	at io.michaelcane.Calculator.&lt;init&gt;(Calculator.java:6)
	at io.michaelcane.Commands.&lt;init&gt;(Commands.java:5)
	at io.michaelcane.Calculator.&lt;init&gt;(Calculator.java:6)
	at io.michaelcane.Commands.&lt;init&gt;(Commands.java:5)
	at io.michaelcane.Calculator.&lt;init&gt;(Calculator.java:6)
	at io.michaelcane.Commands.&lt;init&gt;(Commands.java:5)
	at io.michaelcane.Calculator.&lt;init&gt;(Calculator.java:6)
	at io.michaelcane.Commands.&lt;init&gt;(Commands.java:5)
	at io.michaelcane.Calculator.&lt;init&gt;(Calculator.java:6)
	at io.michaelcane.Commands.&lt;init&gt;(Commands.java:5)
	at io.michaelcane.Calculator.&lt;init&gt;(Calculator.java:6)
	at io.michaelcane.Commands.&lt;init&gt;(Commands.java:5)
	at io.michaelcane.Calculator.&lt;init&gt;(Calculator.java:6)
	at io.michaelcane.Commands.&lt;init&gt;(Commands.java:5)
	at io.michaelcane.Calculator.&lt;init&gt;(Calculator.java:6)
	at io.michaelcane.Commands.&lt;init&gt;(Commands.java:5)
	at io.michaelcane.Calculator.&lt;init&gt;(Calculator.java:6)
	at io.michaelcane.Commands.&lt;init&gt;(Commands.java:5)
	at io.michaelcane.Calculator.&lt;init&gt;(Calculator.java:6)
	at io.michaelcane.Commands.&lt;init&gt;(Commands.java:5)
	at io.michaelcane.Calculator.&lt;init&gt;(Calculator.java:6)
	at io.michaelcane.Commands.&lt;init&gt;(Commands.java:5)
	at io.michaelcane.Calculator.&lt;init&gt;(Calculator.java:6)
	at io.michaelcane.Commands.&lt;init&gt;(Commands.java:5)
	at io.michaelcane.Calculator.&lt;init&gt;(Calculator.java:6)
	at io.michaelcane.Commands.&lt;init&gt;(Commands.java:5)
	at io.michaelcane.Calculator.&lt;init&gt;(Calculator.java:6)
	at io.michaelcane.Commands.&lt;init&gt;(Commands.java:5)
	at io.michaelcane.Calculator.&lt;init&gt;(Calculator.java:6)
	at io.michaelcane.Commands.&lt;init&gt;(Commands.java:5)
	at io.michaelcane.Calculator.&lt;init&gt;(Calculator.java:6)
	at io.michaelcane.Commands.&lt;init&gt;(Commands.java:5)
	at io.michaelcane.Calculator.&lt;init&gt;(Calculator.java:6)
	at io.michaelcane.Commands.&lt;init&gt;(Commands.java:5)
	at io.michaelcane.Calculator.&lt;init&gt;(Calculator.java:6)
	at io.michaelcane.Commands.&lt;init&gt;(Commands.java:5)
	at io.michaelcane.Calculator.&lt;init&gt;(Calculator.java:6)
	at io.michaelcane.Commands.&lt;init&gt;(Commands.java:5)
	at io.michaelcane.Calculator.&lt;init&gt;(Calculator.java:6)
	at io.michaelcane.Commands.&lt;init&gt;(Commands.java:5)
	at io.michaelcane.Calculator.&lt;init&gt;(Calculator.java:6)
	at io.michaelcane.Commands.&lt;init&gt;(Commands.java:5)
	at io.michaelcane.Calculator.&lt;init&gt;(Calculator.java:6)
	at io.michaelcane.Commands.&lt;init&gt;(Commands.java:5)
	at io.michaelcane.Calculator.&lt;init&gt;(Calculator.java:6)
	at io.michaelcane.Commands.&lt;init&gt;(Commands.java:5)
	at io.michaelcane.Calculator.&lt;init&gt;(Calculator.java:6)
	at io.michaelcane.Commands.&lt;init&gt;(Commands.java:5)
	at io.michaelcane.Calculator.&lt;init&gt;(Calculator.java:6)
	at io.michaelcane.Commands.&lt;init&gt;(Commands.java:5)
	at io.michaelcane.Calculator.&lt;init&gt;(Calculator.java:6)
	at io.michaelcane.Commands.&lt;init&gt;(Commands.java:5)
	at io.michaelcane.Calculator.&lt;init&gt;(Calculator.java:6)
	at io.michaelcane.Commands.&lt;init&gt;(Commands.java:5)
	at io.michaelcane.Calculator.&lt;init&gt;(Calculator.java:6)
	at io.michaelcane.Commands.&lt;init&gt;(Commands.java:5)
	at io.michaelcane.Calculator.&lt;init&gt;(Calculator.java:6)
	at io.michaelcane.Commands.&lt;init&gt;(Commands.java:5)
	at io.michaelcane.Calculator.&lt;init&gt;(Calculator.java:6)
	at io.michaelcane.Commands.&lt;init&gt;(Commands.java:5)
	at io.michaelcane.Calculator.&lt;init&gt;(Calculator.java:6)
	at io.michaelcane.Commands.&lt;init&gt;(Commands.java:5)
	at io.michaelcane.Calculator.&lt;init&gt;(Calculator.java:6)
	at io.michaelcane.Commands.&lt;init&gt;(Commands.java:5)
	at io.michaelcane.Calculator.&lt;init&gt;(Calculator.java:6)
	at io.michaelcane.Commands.&lt;init&gt;(Commands.java:5)
	at io.michaelcane.Calculator.&lt;init&gt;(Calculator.java:6)
	at io.michaelcane.Commands.&lt;init&gt;(Commands.java:5)
	at io.michaelcane.Calculator.&lt;init&gt;(Calculator.java:6)
	at io.michaelcane.Commands.&lt;init&gt;(Commands.java:5)
	at io.michaelcane.Calculator.&lt;init&gt;(Calculator.java:6)
	at io.michaelcane.Commands.&lt;init&gt;(Commands.java:5)
	at io.michaelcane.Calculator.&lt;init&gt;(Calculator.java:6)
	at io.michaelcane.Commands.&lt;init&gt;(Commands.java:5)
	at io.michaelcane.Calculator.&lt;init&gt;(Calculator.java:6)
	at io.michaelcane.Commands.&lt;init&gt;(Commands.java:5)
	at io.michaelcane.Calculator.&lt;init&gt;(Calculator.java:6)
	at io.michaelcane.Commands.&lt;init&gt;(Commands.java:5)
	at io.michaelcane.Calculator.&lt;init&gt;(Calculator.java:6)
	at io.michaelcane.Commands.&lt;init&gt;(Commands.java:5)
	at io.michaelcane.Calculator.&lt;init&gt;(Calculator.java:6)
	at io.michaelcane.Commands.&lt;init&gt;(Commands.java:5)
	at io.michaelcane.Calculator.&lt;init&gt;(Calculator.java:6)
	at io.michaelcane.Commands.&lt;init&gt;(Commands.java:5)
	at io.michaelcane.Calculator.&lt;init&gt;(Calculator.java:6)
	at io.michaelcane.Commands.&lt;init&gt;(Commands.java:5)
	at io.michaelcane.Calculator.&lt;init&gt;(Calculator.java:6)
	at io.michaelcane.Commands.&lt;init&gt;(Commands.java:5)
	at io.michaelcane.Calculator.&lt;init&gt;(Calculator.java:6)
	at io.michaelcane.Commands.&lt;init&gt;(Commands.java:5)
	at io.michaelcane.Calculator.&lt;init&gt;(Calculator.java:6)
	at io.michaelcane.Commands.&lt;init&gt;(Commands.java:5)
	at io.michaelcane.Calculator.&lt;init&gt;(Calculator.java:6)
	at io.michaelcane.Commands.&lt;init&gt;(Commands.java:5)
	at io.michaelcane.Calculator.&lt;init&gt;(Calculator.java:6)
	at io.michaelcane.Commands.&lt;init&gt;(Commands.java:5)
	at io.michaelcane.Calculator.&lt;init&gt;(Calculator.java:6)
	at io.michaelcane.Commands.&lt;init&gt;(Commands.java:5)
	at io.michaelcane.Calculator.&lt;init&gt;(Calculator.java:6)
	at io.michaelcane.Commands.&lt;init&gt;(Commands.java:5)
	at io.michaelcane.Calculator.&lt;init&gt;(Calculator.java:6)
	at io.michaelcane.Commands.&lt;init&gt;(Commands.java:5)
	at io.michaelcane.Calculator.&lt;init&gt;(Calculator.java:6)
	at io.michaelcane.Commands.&lt;init&gt;(Commands.java:5)
	at io.michaelcane.Calculator.&lt;init&gt;(Calculator.java:6)
	at io.michaelcane.Commands.&lt;init&gt;(Commands.java:5)
	at io.michaelcane.Calculator.&lt;init&gt;(Calculator.java:6)
	at io.michaelcane.Commands.&lt;init&gt;(Commands.java:5)
	at io.michaelcane.Calculator.&lt;init&gt;(Calculator.java:6)
	at io.michaelcane.Commands.&lt;init&gt;(Commands.java:5)
	at io.michaelcane.Calculator.&lt;init&gt;(Calculator.java:6)
	at io.michaelcane.Commands.&lt;init&gt;(Commands.java:5)
	at io.michaelcane.Calculator.&lt;init&gt;(Calculator.java:6)
	at io.michaelcane.Commands.&lt;init&gt;(Commands.java:5)
	at io.michaelcane.Calculator.&lt;init&gt;(Calculator.java:6)
	at io.michaelcane.Commands.&lt;init&gt;(Commands.java:5)
	at io.michaelcane.Calculator.&lt;init&gt;(Calculator.java:6)
	at io.michaelcane.Commands.&lt;init&gt;(Commands.java:5)
	at io.michaelcane.Calculator.&lt;init&gt;(Calculator.java:6)
	at io.michaelcane.Commands.&lt;init&gt;(Commands.java:5)
	at io.michaelcane.Calculator.&lt;init&gt;(Calculator.java:6)
	at io.michaelcane.Commands.&lt;init&gt;(Commands.java:5)
	at io.michaelcane.Calculator.&lt;init&gt;(Calculator.java:6)
	at io.michaelcane.Commands.&lt;init&gt;(Commands.java:5)
	at io.michaelcane.Calculator.&lt;init&gt;(Calculator.java:6)
	at io.michaelcane.Commands.&lt;init&gt;(Commands.java:5)
	at io.michaelcane.Calculator.&lt;init&gt;(Calculator.java:6)
	at io.michaelcane.Commands.&lt;init&gt;(Commands.java:5)
	at io.michaelcane.Calculator.&lt;init&gt;(Calculator.java:6)
	at io.michaelcane.Commands.&lt;init&gt;(Commands.java:5)
	at io.michaelcane.Calculator.&lt;init&gt;(Calculator.java:6)
	at io.michaelcane.Commands.&lt;init&gt;(Commands.java:5)
	at io.michaelcane.Calculator.&lt;init&gt;(Calculator.java:6)
	at io.michaelcane.Commands.&lt;init&gt;(Commands.java:5)
	at io.michaelcane.Calculator.&lt;init&gt;(Calculator.java:6)
	at io.michaelcane.Commands.&lt;init&gt;(Commands.java:5)
	at io.michaelcane.Calculator.&lt;init&gt;(Calculator.java:6)
	at io.michaelcane.Commands.&lt;init&gt;(Commands.java:5)
	at io.michaelcane.Calculator.&lt;init&gt;(Calculator.java:6)
	at io.michaelcane.Commands.&lt;init&gt;(Commands.java:5)
	at io.michaelcane.Calculator.&lt;init&gt;(Calculator.java:6)
	at io.michaelcane.Commands.&lt;init&gt;(Commands.java:5)
	at io.michaelcane.Calculator.&lt;init&gt;(Calculator.java:6)
	at io.michaelcane.Commands.&lt;init&gt;(Commands.java:5)
	at io.michaelcane.Calculator.&lt;init&gt;(Calculator.java:6)
	at io.michaelcane.Commands.&lt;init&gt;(Commands.java:5)
	at io.michaelcane.Calculator.&lt;init&gt;(Calculator.java:6)
	at io.michaelcane.Commands.&lt;init&gt;(Commands.java:5)
	at io.michaelcane.Calculator.&lt;init&gt;(Calculator.java:6)
	at io.michaelcane.Commands.&lt;init&gt;(Commands.java:5)
	at io.michaelcane.Calculator.&lt;init&gt;(Calculator.java:6)
	at io.michaelcane.Commands.&lt;init&gt;(Commands.java:5)
	at io.michaelcane.Calculator.&lt;init&gt;(Calculator.java:6)
	at io.michaelcane.Commands.&lt;init&gt;(Commands.java:5)
	at io.michaelcane.Calculator.&lt;init&gt;(Calculator.java:6)
	at io.michaelcane.Commands.&lt;init&gt;(Commands.java:5)
	at io.michaelcane.Calculator.&lt;init&gt;(Calculator.java:6)
	at io.michaelcane.Commands.&lt;init&gt;(Commands.java:5)
	at io.michaelcane.Calculator.&lt;init&gt;(Calculator.java:6)
	at io.michaelcane.Commands.&lt;init&gt;(Commands.java:5)
	at io.michaelcane.Calculator.&lt;init&gt;(Calculator.java:6)
	at io.michaelcane.Commands.&lt;init&gt;(Commands.java:5)
	at io.michaelcane.Calculator.&lt;init&gt;(Calculator.java:6)
	at io.michaelcane.Commands.&lt;init&gt;(Commands.java:5)
	at io.michaelcane.Calculator.&lt;init&gt;(Calculator.java:6)
	at io.michaelcane.Commands.&lt;init&gt;(Commands.java:5)
	at io.michaelcane.Calculator.&lt;init&gt;(Calculator.java:6)
	at io.michaelcane.Commands.&lt;init&gt;(Commands.java:5)
	at io.michaelcane.Calculator.&lt;init&gt;(Calculator.java:6)
	at io.michaelcane.Commands.&lt;init&gt;(Commands.java:5)
	at io.michaelcane.Calculator.&lt;init&gt;(Calculator.java:6)
	at io.michaelcane.Commands.&lt;init&gt;(Commands.java:5)
	at io.michaelcane.Calculator.&lt;init&gt;(Calculator.java:6)
	at io.michaelcane.Commands.&lt;init&gt;(Commands.java:5)
	at io.michaelcane.Calculator.&lt;init&gt;(Calculator.java:6)
	at io.michaelcane.Commands.&lt;init&gt;(Commands.java:5)
	at io.michaelcane.Calculator.&lt;init&gt;(Calculator.java:6)
	at io.michaelcane.Commands.&lt;init&gt;(Commands.java:5)
	at io.michaelcane.Calculator.&lt;init&gt;(Calculator.java:6)
	at io.michaelcane.Commands.&lt;init&gt;(Commands.java:5)
	at io.michaelcane.Calculator.&lt;init&gt;(Calculator.java:6)
	at io.michaelcane.Commands.&lt;init&gt;(Commands.java:5)
	at io.michaelcane.Calculator.&lt;init&gt;(Calculator.java:6)
	at io.michaelcane.Commands.&lt;init&gt;(Commands.java:5)
	at io.michaelcane.Calculator.&lt;init&gt;(Calculator.java:6)
	at io.michaelcane.Commands.&lt;init&gt;(Commands.java:5)
	at io.michaelcane.Calculator.&lt;init&gt;(Calculator.java:6)
	at io.michaelcane.Commands.&lt;init&gt;(Commands.java:5)
	at io.michaelcane.Calculator.&lt;init&gt;(Calculator.java:6)
	at io.michaelcane.Commands.&lt;init&gt;(Commands.java:5)
	at io.michaelcane.Calculator.&lt;init&gt;(Calculator.java:6)
	at io.michaelcane.Commands.&lt;init&gt;(Commands.java:5)
	at io.michaelcane.Calculator.&lt;init&gt;(Calculator.java:6)
	at io.michaelcane.Commands.&lt;init&gt;(Commands.java:5)
	at io.michaelcane.Calculator.&lt;init&gt;(Calculator.java:6)
	at io.michaelcane.Commands.&lt;init&gt;(Commands.java:5)
	at io.michaelcane.Calculator.&lt;init&gt;(Calculator.java:6)
	at io.michaelcane.Commands.&lt;init&gt;(Commands.java:5)
	at io.michaelcane.Calculator.&lt;init&gt;(Calculator.java:6)
	at io.michaelcane.Commands.&lt;init&gt;(Commands.java:5)
	at io.michaelcane.Calculator.&lt;init&gt;(Calculator.java:6)
	at io.michaelcane.Commands.&lt;init&gt;(Commands.java:5)
	at io.michaelcane.Calculator.&lt;init&gt;(Calculator.java:6)
	at io.michaelcane.Commands.&lt;init&gt;(Commands.java:5)
	at io.michaelcane.Calculator.&lt;init&gt;(Calculator.java:6)
	at io.michaelcane.Commands.&lt;init&gt;(Commands.java:5)
	at io.michaelcane.Calculator.&lt;init&gt;(Calculator.java:6)
	at io.michaelcane.Commands.&lt;init&gt;(Commands.java:5)
	at io.michaelcane.Calculator.&lt;init&gt;(Calculator.java:6)
	at io.michaelcane.Commands.&lt;init&gt;(Commands.java:5)
	at io.michaelcane.Calculator.&lt;init&gt;(Calculator.java:6)
	at io.michaelcane.Commands.&lt;init&gt;(Commands.java:5)
	at io.michaelcane.Calculator.&lt;init&gt;(Calculator.java:6)
	at io.michaelcane.Commands.&lt;init&gt;(Commands.java:5)
	at io.michaelcane.Calculator.&lt;init&gt;(Calculator.java:6)
	at io.michaelcane.Commands.&lt;init&gt;(Commands.java:5)
	at io.michaelcane.Calculator.&lt;init&gt;(Calculator.java:6)
	at io.michaelcane.Commands.&lt;init&gt;(Commands.java:5)
	at io.michaelcane.Calculator.&lt;init&gt;(Calculator.java:6)
	at io.michaelcane.Commands.&lt;init&gt;(Commands.java:5)
	at io.michaelcane.Calculator.&lt;init&gt;(Calculator.java:6)
	at io.michaelcane.Commands.&lt;init&gt;(Commands.java:5)
	at io.michaelcane.Calculator.&lt;init&gt;(Calculator.java:6)
	at io.michaelcane.Commands.&lt;init&gt;(Commands.java:5)
	at io.michaelcane.Calculator.&lt;init&gt;(Calculator.java:6)
	at io.michaelcane.Commands.&lt;init&gt;(Commands.java:5)
	at io.michaelcane.Calculator.&lt;init&gt;(Calculator.java:6)
	at io.michaelcane.Commands.&lt;init&gt;(Commands.java:5)
	at io.michaelcane.Calculator.&lt;init&gt;(Calculator.java:6)
	at io.michaelcane.Commands.&lt;init&gt;(Commands.java:5)
	at io.michaelcane.Calculator.&lt;init&gt;(Calculator.java:6)
	at io.michaelcane.Commands.&lt;init&gt;(Commands.java:5)
	at io.michaelcane.Calculator.&lt;init&gt;(Calculator.java:6)
	at io.michaelcane.Commands.&lt;init&gt;(Commands.java:5)
	at io.michaelcane.Calculator.&lt;init&gt;(Calculator.java:6)
	at io.michaelcane.Commands.&lt;init&gt;(Commands.java:5)
	at io.michaelcane.Calculator.&lt;init&gt;(Calculator.java:6)
	at io.michaelcane.Commands.&lt;init&gt;(Commands.java:5)
	at io.michaelcane.Calculator.&lt;init&gt;(Calculator.java:6)
	at io.michaelcane.Commands.&lt;init&gt;(Commands.java:5)
	at io.michaelcane.Calculator.&lt;init&gt;(Calculator.java:6)
	at io.michaelcane.Commands.&lt;init&gt;(Commands.java:5)
	at io.michaelcane.Calculator.&lt;init&gt;(Calculator.java:6)
	at io.michaelcane.Commands.&lt;init&gt;(Commands.java:5)
	at io.michaelcane.Calculator.&lt;init&gt;(Calculator.java:6)
	at io.michaelcane.Commands.&lt;init&gt;(Commands.java:5)
	at io.michaelcane.Calculator.&lt;init&gt;(Calculator.java:6)
	at io.michaelcane.Commands.&lt;init&gt;(Commands.java:5)
	at io.michaelcane.Calculator.&lt;init&gt;(Calculator.java:6)
	at io.michaelcane.Commands.&lt;init&gt;(Commands.java:5)
	at io.michaelcane.Calculator.&lt;init&gt;(Calculator.java:6)
	at io.michaelcane.Commands.&lt;init&gt;(Commands.java:5)
	at io.michaelcane.Calculator.&lt;init&gt;(Calculator.java:6)
	at io.michaelcane.Commands.&lt;init&gt;(Commands.java:5)
	at io.michaelcane.Calculator.&lt;init&gt;(Calculator.java:6)
	at io.michaelcane.Commands.&lt;init&gt;(Commands.java:5)
	at io.michaelcane.Calculator.&lt;init&gt;(Calculator.java:6)
	at io.michaelcane.Commands.&lt;init&gt;(Commands.java:5)
	at io.michaelcane.Calculator.&lt;init&gt;(Calculator.java:6)
	at io.michaelcane.Commands.&lt;init&gt;(Commands.java:5)
	at io.michaelcane.Calculator.&lt;init&gt;(Calculator.java:6)
	at io.michaelcane.Commands.&lt;init&gt;(Commands.java:5)
	at io.michaelcane.Calculator.&lt;init&gt;(Calculator.java:6)
	at io.michaelcane.Commands.&lt;init&gt;(Commands.java:5)
	at io.michaelcane.Calculator.&lt;init&gt;(Calculator.java:6)
	at io.michaelcane.Commands.&lt;init&gt;(Commands.java:5)
	at io.michaelcane.Calculator.&lt;init&gt;(Calculator.java:6)
	at io.michaelcane.Commands.&lt;init&gt;(Commands.java:5)
	at io.michaelcane.Calculator.&lt;init&gt;(Calculator.java:6)
	at io.michaelcane.Commands.&lt;init&gt;(Commands.java:5)
	at io.michaelcane.Calculator.&lt;init&gt;(Calculator.java:6)
	at io.michaelcane.Commands.&lt;init&gt;(Commands.java:5)
	at io.michaelcane.Calculator.&lt;init&gt;(Calculator.java:6)
	at io.michaelcane.Commands.&lt;init&gt;(Commands.java:5)
	at io.michaelcane.Calculator.&lt;init&gt;(Calculator.java:6)
	at io.michaelcane.Commands.&lt;init&gt;(Commands.java:5)
	at io.michaelcane.Calculator.&lt;init&gt;(Calculator.java:6)
	at io.michaelcane.Commands.&lt;init&gt;(Commands.java:5)
	at io.michaelcane.Calculator.&lt;init&gt;(Calculator.java:6)
	at io.michaelcane.Commands.&lt;init&gt;(Commands.java:5)
	at io.michaelcane.Calculator.&lt;init&gt;(Calculator.java:6)
	at io.michaelcane.Commands.&lt;init&gt;(Commands.java:5)
	at io.michaelcane.Calculator.&lt;init&gt;(Calculator.java:6)
	at io.michaelcane.Commands.&lt;init&gt;(Commands.java:5)
	at io.michaelcane.Calculator.&lt;init&gt;(Calculator.java:6)
	at io.michaelcane.Commands.&lt;init&gt;(Commands.java:5)
	at io.michaelcane.Calculator.&lt;init&gt;(Calculator.java:6)
	at io.michaelcane.Commands.&lt;init&gt;(Commands.java:5)
	at io.michaelcane.Calculator.&lt;init&gt;(Calculator.java:6)
	at io.michaelcane.Commands.&lt;init&gt;(Commands.java:5)
	at io.michaelcane.Calculator.&lt;init&gt;(Calculator.java:6)
	at io.michaelcane.Commands.&lt;init&gt;(Commands.java:5)
	at io.michaelcane.Calculator.&lt;init&gt;(Calculator.java:6)
	at io.michaelcane.Commands.&lt;init&gt;(Commands.java:5)
	at io.michaelcane.Calculator.&lt;init&gt;(Calculator.java:6)
	at io.michaelcane.Commands.&lt;init&gt;(Commands.java:5)
	at io.michaelcane.Calculator.&lt;init&gt;(Calculator.java:6)
	at io.michaelcane.Commands.&lt;init&gt;(Commands.java:5)
	at io.michaelcane.Calculator.&lt;init&gt;(Calculator.java:6)
	at io.michaelcane.Commands.&lt;init&gt;(Commands.java:5)
	at io.michaelcane.Calculator.&lt;init&gt;(Calculator.java:6)
	at io.michaelcane.Commands.&lt;init&gt;(Commands.java:5)
	at io.michaelcane.Calculator.&lt;init&gt;(Calculator.java:6)
	at io.michaelcane.Commands.&lt;init&gt;(Commands.java:5)
	at io.michaelcane.Calculator.&lt;init&gt;(Calculator.java:6)
	at io.michaelcane.Commands.&lt;init&gt;(Commands.java:5)
	at io.michaelcane.Calculator.&lt;init&gt;(Calculator.java:6)
	at io.michaelcane.Commands.&lt;init&gt;(Commands.java:5)
	at io.michaelcane.Calculator.&lt;init&gt;(Calculator.java:6)
	at io.michaelcane.Commands.&lt;init&gt;(Commands.java:5)
	at io.michaelcane.Calculator.&lt;init&gt;(Calculator.java:6)
	at io.michaelcane.Commands.&lt;init&gt;(Commands.java:5)
	at io.michaelcane.Calculator.&lt;init&gt;(Calculator.java:6)
	at io.michaelcane.Commands.&lt;init&gt;(Commands.java:5)
	at io.michaelcane.Calculator.&lt;init&gt;(Calculator.java:6)
	at io.michaelcane.Commands.&lt;init&gt;(Commands.java:5)
	at io.michaelcane.Calculator.&lt;init&gt;(Calculator.java:6)
	at io.michaelcane.Commands.&lt;init&gt;(Commands.java:5)
	at io.michaelcane.Calculator.&lt;init&gt;(Calculator.java:6)
	at io.michaelcane.Commands.&lt;init&gt;(Commands.java:5)
	at io.michaelcane.Calculator.&lt;init&gt;(Calculator.java:6)
	at io.michaelcane.Commands.&lt;init&gt;(Commands.java:5)
	at io.michaelcane.Calculator.&lt;init&gt;(Calculator.java:6)
	at io.michaelcane.Commands.&lt;init&gt;(Commands.java:5)
	at io.michaelcane.Calculator.&lt;init&gt;(Calculator.java:6)
	at io.michaelcane.Commands.&lt;init&gt;(Commands.java:5)
	at io.michaelcane.Calculator.&lt;init&gt;(Calculator.java:6)
	at io.michaelcane.Commands.&lt;init&gt;(Commands.java:5)
	at io.michaelcane.Calculator.&lt;init&gt;(Calculator.java:6)
	at io.michaelcane.Commands.&lt;init&gt;(Commands.java:5)
	at io.michaelcane.Calculator.&lt;init&gt;(Calculator.java:6)
	at io.michaelcane.Commands.&lt;init&gt;(Commands.java:5)
	at io.michaelcane.Calculator.&lt;init&gt;(Calculator.java:6)
	at io.michaelcane.Commands.&lt;init&gt;(Commands.java:5)
	at io.michaelcane.Calculator.&lt;init&gt;(Calculator.java:6)
	at io.michaelcane.Commands.&lt;init&gt;(Commands.java:5)
	at io.michaelcane.Calculator.&lt;init&gt;(Calculator.java:6)
	at io.michaelcane.Commands.&lt;init&gt;(Commands.java:5)
	at io.michaelcane.Calculator.&lt;init&gt;(Calculator.java:6)
	at io.michaelcane.Commands.&lt;init&gt;(Commands.java:5)
	at io.michaelcane.Calculator.&lt;init&gt;(Calculator.java:6)
	at io.michaelcane.Commands.&lt;init&gt;(Commands.java:5)
	at io.michaelcane.Calculator.&lt;init&gt;(Calculator.java:6)
	at io.michaelcane.Commands.&lt;init&gt;(Commands.java:5)
	at io.michaelcane.Calculator.&lt;init&gt;(Calculator.java:6)
	at io.michaelcane.Commands.&lt;init&gt;(Commands.java:5)
	at io.michaelcane.Calculator.&lt;init&gt;(Calculator.java:6)
	at io.michaelcane.Commands.&lt;init&gt;(Commands.java:5)
	at io.michaelcane.Calculator.&lt;init&gt;(Calculator.java:6)
	at io.michaelcane.Commands.&lt;init&gt;(Commands.java:5)
	at io.michaelcane.Calculator.&lt;init&gt;(Calculator.java:6)
	at io.michaelcane.Commands.&lt;init&gt;(Commands.java:5)
	at io.michaelcane.Calculator.&lt;init&gt;(Calculator.java:6)
	at io.michaelcane.Commands.&lt;init&gt;(Commands.java:5)
	at io.michaelcane.Calculator.&lt;init&gt;(Calculator.java:6)
	at io.michaelcane.Commands.&lt;init&gt;(Commands.java:5)
	at io.michaelcane.Calculator.&lt;init&gt;(Calculator.java:6)
	at io.michaelcane.Commands.&lt;init&gt;(Commands.java:5)
	at io.michaelcane.Calculator.&lt;init&gt;(Calculator.java:6)
	at io.michaelcane.Commands.&lt;init&gt;(Commands.java:5)
	at io.michaelcane.Calculator.&lt;init&gt;(Calculator.java:6)
	at io.michaelcane.Commands.&lt;init&gt;(Commands.java:5)
	at io.michaelcane.Calculator.&lt;init&gt;(Calculator.java:6)
	at io.michaelcane.Commands.&lt;init&gt;(Commands.java:5)
	at io.michaelcane.Calculator.&lt;init&gt;(Calculator.java:6)
	at io.michaelcane.Commands.&lt;init&gt;(Commands.java:5)
	at io.michaelcane.Calculator.&lt;init&gt;(Calculator.java:6)
	at io.michaelcane.Commands.&lt;init&gt;(Commands.java:5)
	at io.michaelcane.Calculator.&lt;init&gt;(Calculator.java:6)
	at io.michaelcane.Commands.&lt;init&gt;(Commands.java:5)
	at io.michaelcane.Calculator.&lt;init&gt;(Calculator.java:6)
	at io.michaelcane.Commands.&lt;init&gt;(Commands.java:5)
	at io.michaelcane.Calculator.&lt;init&gt;(Calculator.java:6)
	at io.michaelcane.Commands.&lt;init&gt;(Commands.java:5)
	at io.michaelcane.Calculator.&lt;init&gt;(Calculator.java:6)
	at io.michaelcane.Commands.&lt;init&gt;(Commands.java:5)
	at io.michaelcane.Calculator.&lt;init&gt;(Calculator.java:6)
	at io.michaelcane.Commands.&lt;init&gt;(Commands.java:5)
	at io.michaelcane.Calculator.&lt;init&gt;(Calculator.java:6)
	at io.michaelcane.Commands.&lt;init&gt;(Commands.java:5)
	at io.michaelcane.Calculator.&lt;init&gt;(Calculator.java:6)
	at io.michaelcane.Commands.&lt;init&gt;(Commands.java:5)
	at io.michaelcane.Calculator.&lt;init&gt;(Calculator.java:6)
	at io.michaelcane.Commands.&lt;init&gt;(Commands.java:5)
	at io.michaelcane.Calculator.&lt;init&gt;(Calculator.java:6)
	at io.michaelcane.Commands.&lt;init&gt;(Commands.java:5)
	at io.michaelcane.Calculator.&lt;init&gt;(Calculator.java:6)
	at io.michaelcane.Commands.&lt;init&gt;(Commands.java:5)
	at io.michaelcane.Calculator.&lt;init&gt;(Calculator.java:6)
	at io.michaelcane.Commands.&lt;init&gt;(Commands.java:5)
	at io.michaelcane.Calculator.&lt;init&gt;(Calculator.java:6)
	at io.michaelcane.Commands.&lt;init&gt;(Commands.java:5)
	at io.michaelcane.Calculator.&lt;init&gt;(Calculator.java:6)
	at io.michaelcane.Commands.&lt;init&gt;(Commands.java:5)
	at io.michaelcane.Calculator.&lt;init&gt;(Calculator.java:6)
	at io.michaelcane.Commands.&lt;init&gt;(Commands.java:5)
	at io.michaelcane.Calculator.&lt;init&gt;(Calculator.java:6)
	at io.michaelcane.Commands.&lt;init&gt;(Commands.java:5)
	at io.michaelcane.Calculator.&lt;init&gt;(Calculator.java:6)
	at io.michaelcane.Commands.&lt;init&gt;(Commands.java:5)
	at io.michaelcane.Calculator.&lt;init&gt;(Calculator.java:6)
	at io.michaelcane.Commands.&lt;init&gt;(Commands.java:5)
	at io.michaelcane.Calculator.&lt;init&gt;(Calculator.java:6)
	at io.michaelcane.Commands.&lt;init&gt;(Commands.java:5)
	at io.michaelcane.Calculator.&lt;init&gt;(Calculator.java:6)
	at io.michaelcane.Commands.&lt;init&gt;(Commands.java:5)
	at io.michaelcane.Calculator.&lt;init&gt;(Calculator.java:6)
	at io.michaelcane.Commands.&lt;init&gt;(Commands.java:5)
	at io.michaelcane.Calculator.&lt;init&gt;(Calculator.java:6)
	at io.michaelcane.Commands.&lt;init&gt;(Commands.java:5)
	at io.michaelcane.Calculator.&lt;init&gt;(Calculator.java:6)
	at io.michaelcane.Commands.&lt;init&gt;(Commands.java:5)
	at io.michaelcane.Calculator.&lt;init&gt;(Calculator.java:6)
	at io.michaelcane.Commands.&lt;init&gt;(Commands.java:5)
	at io.michaelcane.Calculator.&lt;init&gt;(Calculator.java:6)
	at io.michaelcane.Commands.&lt;init&gt;(Commands.java:5)
	at io.michaelcane.Calculator.&lt;init&gt;(Calculator.java:6)
	at io.michaelcane.Commands.&lt;init&gt;(Commands.java:5)
	at io.michaelcane.Calculator.&lt;init&gt;(Calculator.java:6)
	at io.michaelcane.Commands.&lt;init&gt;(Commands.java:5)
	at io.michaelcane.Calculator.&lt;init&gt;(Calculator.java:6)
	at io.michaelcane.Commands.&lt;init&gt;(Commands.java:5)
	at io.michaelcane.Calculator.&lt;init&gt;(Calculator.java:6)
	at io.michaelcane.Commands.&lt;init&gt;(Commands.java:5)
	at io.michaelcane.Calculator.&lt;init&gt;(Calculator.java:6)
	at io.michaelcane.Commands.&lt;init&gt;(Commands.java:5)
	at io.michaelcane.Calculator.&lt;init&gt;(Calculator.java:6)
	at io.michaelcane.Commands.&lt;init&gt;(Commands.java:5)
	at io.michaelcane.Calculator.&lt;init&gt;(Calculator.java:6)
	at io.michaelcane.Commands.&lt;init&gt;(Commands.java:5)
	at io.michaelcane.Calculator.&lt;init&gt;(Calculator.java:6)
	at io.michaelcane.Commands.&lt;init&gt;(Commands.java:5)
	at io.michaelcane.Calculator.&lt;init&gt;(Calculator.java:6)
	at io.michaelcane.Commands.&lt;init&gt;(Commands.java:5)
	at io.michaelcane.Calculator.&lt;init&gt;(Calculator.java:6)
	at io.michaelcane.Commands.&lt;init&gt;(Commands.java:5)
	at io.michaelcane.Calculator.&lt;init&gt;(Calculator.java:6)
	at io.michaelcane.Commands.&lt;init&gt;(Commands.java:5)
	at io.michaelcane.Calculator.&lt;init&gt;(Calculator.java:6)
	at io.michaelcane.Commands.&lt;init&gt;(Commands.java:5)
	at io.michaelcane.Calculator.&lt;init&gt;(Calculator.java:6)
	at io.michaelcane.Commands.&lt;init&gt;(Commands.java:5)
	at io.michaelcane.Calculator.&lt;init&gt;(Calculator.java:6)
	at io.michaelcane.Commands.&lt;init&gt;(Commands.java:5)
	at io.michaelcane.Calculator.&lt;init&gt;(Calculator.java:6)
	at io.michaelcane.Commands.&lt;init&gt;(Commands.java:5)
	at io.michaelcane.Calculator.&lt;init&gt;(Calculator.java:6)
	at io.michaelcane.Commands.&lt;init&gt;(Commands.java:5)
	at io.michaelcane.Calculator.&lt;init&gt;(Calculator.java:6)
	at io.michaelcane.Commands.&lt;init&gt;(Commands.java:5)
	at io.michaelcane.Calculator.&lt;init&gt;(Calculator.java:6)
	at io.michaelcane.Commands.&lt;init&gt;(Commands.java:5)
	at io.michaelcane.Calculator.&lt;init&gt;(Calculator.java:6)
	at io.michaelcane.Commands.&lt;init&gt;(Commands.java:5)
	at io.michaelcane.Calculator.&lt;init&gt;(Calculator.java:6)
	at io.michaelcane.Commands.&lt;init&gt;(Commands.java:5)
	at io.michaelcane.Calculator.&lt;init&gt;(Calculator.java:6)
	at io.michaelcane.Commands.&lt;init&gt;(Commands.java:5)
	at io.michaelcane.Calculator.&lt;init&gt;(Calculator.java:6)
	at io.michaelcane.Commands.&lt;init&gt;(Commands.java:5)
	at io.michaelcane.Calculator.&lt;init&gt;(Calculator.java:6)
	at io.michaelcane.Commands.&lt;init&gt;(Commands.java:5)
	at io.michaelcane.Calculator.&lt;init&gt;(Calculator.java:6)
	at io.michaelcane.Commands.&lt;init&gt;(Commands.java:5)
	at io.michaelcane.Calculator.&lt;init&gt;(Calculator.java:6)
	at io.michaelcane.Commands.&lt;init&gt;(Commands.java:5)
	at io.michaelcane.Calculator.&lt;init&gt;(Calculator.java:6)
	at io.michaelcane.Commands.&lt;init&gt;(Commands.java:5)
	at io.michaelcane.Calculator.&lt;init&gt;(Calculator.java:6)
	at io.michaelcane.Commands.&lt;init&gt;(Commands.java:5)
	at io.michaelcane.Calculator.&lt;init&gt;(Calculator.java:6)
	at io.michaelcane.Commands.&lt;init&gt;(Commands.java:5)
	at io.michaelcane.Calculator.&lt;init&gt;(Calculator.java:6)
	at io.michaelcane.Commands.&lt;init&gt;(Commands.java:5)
	at io.michaelcane.Calculator.&lt;init&gt;(Calculator.java:6)
	at io.michaelcane.Commands.&lt;init&gt;(Commands.java:5)
	at io.michaelcane.Calculator.&lt;init&gt;(Calculator.java:6)
	at io.michaelcane.Commands.&lt;init&gt;(Commands.java:5)
	at io.michaelcane.Calculator.&lt;init&gt;(Calculator.java:6)
	at io.michaelcane.Commands.&lt;init&gt;(Commands.java:5)
	at io.michaelcane.Calculator.&lt;init&gt;(Calculator.java:6)
	at io.michaelcane.Commands.&lt;init&gt;(Commands.java:5)
	at io.michaelcane.Calculator.&lt;init&gt;(Calculator.java:6)
	at io.michaelcane.Commands.&lt;init&gt;(Commands.java:5)
	at io.michaelcane.Calculator.&lt;init&gt;(Calculator.java:6)
	at io.michaelcane.Commands.&lt;init&gt;(Commands.java:5)
	at io.michaelcane.Calculator.&lt;init&gt;(Calculator.java:6)
	at io.michaelcane.Commands.&lt;init&gt;(Commands.java:5)
	at io.michaelcane.Calculator.&lt;init&gt;(Calculator.java:6)
	at io.michaelcane.Commands.&lt;init&gt;(Commands.java:5)
	at io.michaelcane.Calculator.&lt;init&gt;(Calculator.java:6)
	at io.michaelcane.Commands.&lt;init&gt;(Commands.java:5)
	at io.michaelcane.Calculator.&lt;init&gt;(Calculator.java:6)
	at io.michaelcane.Commands.&lt;init&gt;(Commands.java:5)
	at io.michaelcane.Calculator.&lt;init&gt;(Calculator.java:6)
	at io.michaelcane.Commands.&lt;init&gt;(Commands.java:5)
	at io.michaelcane.Calculator.&lt;init&gt;(Calculator.java:6)
	at io.michaelcane.Commands.&lt;init&gt;(Commands.java:5)
	at io.michaelcane.Calculator.&lt;init&gt;(Calculator.java:6)
	at io.michaelcane.Commands.&lt;init&gt;(Commands.java:5)
	at io.michaelcane.Calculator.&lt;init&gt;(Calculator.java:6)
	at io.michaelcane.Commands.&lt;init&gt;(Commands.java:5)
	at io.michaelcane.Calculator.&lt;init&gt;(Calculator.java:6)
	at io.michaelcane.Commands.&lt;init&gt;(Commands.java:5)
	at io.michaelcane.Calculator.&lt;init&gt;(Calculator.java:6)
	at io.michaelcane.Commands.&lt;init&gt;(Commands.java:5)
	at io.michaelcane.Calculator.&lt;init&gt;(Calculator.java:6)
	at io.michaelcane.Commands.&lt;init&gt;(Commands.java:5)
	at io.michaelcane.Calculator.&lt;init&gt;(Calculator.java:6)
	at io.michaelcane.Commands.&lt;init&gt;(Commands.java:5)
	at io.michaelcane.Calculator.&lt;init&gt;(Calculator.java:6)
	at io.michaelcane.Commands.&lt;init&gt;(Commands.java:5)
	at io.michaelcane.Calculator.&lt;init&gt;(Calculator.java:6)
	at io.michaelcane.Commands.&lt;init&gt;(Commands.java:5)
	at io.michaelcane.Calculator.&lt;init&gt;(Calculator.java:6)
	at io.michaelcane.Commands.&lt;init&gt;(Commands.java:5)
	at io.michaelcane.Calculator.&lt;init&gt;(Calculator.java:6)
	at io.michaelcane.Commands.&lt;init&gt;(Commands.java:5)
	at io.michaelcane.Calculator.&lt;init&gt;(Calculator.java:6)
	at io.michaelcane.Commands.&lt;init&gt;(Commands.java:5)
	at io.michaelcane.Calculator.&lt;init&gt;(Calculator.java:6)
	at io.michaelcane.Commands.&lt;init&gt;(Commands.java:5)
	at io.michaelcane.Calculator.&lt;init&gt;(Calculator.java:6)
	at io.michaelcane.Commands.&lt;init&gt;(Commands.java:5)
	at io.michaelcane.Calculator.&lt;init&gt;(Calculator.java:6)
	at io.michaelcane.Commands.&lt;init&gt;(Commands.java:5)
	at io.michaelcane.Calculator.&lt;init&gt;(Calculator.java:6)
	at io.michaelcane.Commands.&lt;init&gt;(Commands.java:5)
	at io.michaelcane.Calculator.&lt;init&gt;(Calculator.java:6)
	at io.michaelcane.Commands.&lt;init&gt;(Commands.java:5)
	at io.michaelcane.Calculator.&lt;init&gt;(Calculator.java:6)
	at io.michaelcane.Commands.&lt;init&gt;(Commands.java:5)
	at io.michaelcane.Calculator.&lt;init&gt;(Calculator.java:6)
	at io.michaelcane.Commands.&lt;init&gt;(Commands.java:5)
	at io.michaelcane.Calculator.&lt;init&gt;(Calculator.java:6)
	at io.michaelcane.Commands.&lt;init&gt;(Commands.java:5)
	at io.michaelcane.Calculator.&lt;init&gt;(Calculator.java:6)
	at io.michaelcane.Commands.&lt;init&gt;(Commands.java:5)
	at io.michaelcane.Calculator.&lt;init&gt;(Calculator.java:6)
	at io.michaelcane.Commands.&lt;init&gt;(Commands.java:5)
	at io.michaelcane.Calculator.&lt;init&gt;(Calculator.java:6)
	at io.michaelcane.Commands.&lt;init&gt;(Commands.java:5)
	at io.michaelcane.Calculator.&lt;init&gt;(Calculator.java:6)
	at io.michaelcane.Commands.&lt;init&gt;(Commands.java:5)
	at io.michaelcane.Calculator.&lt;init&gt;(Calculator.java:6)
	at io.michaelcane.Commands.&lt;init&gt;(Commands.java:5)
	at io.michaelcane.Calculator.&lt;init&gt;(Calculator.java:6)
	at io.michaelcane.Commands.&lt;init&gt;(Commands.java:5)
	at io.michaelcane.Calculator.&lt;init&gt;(Calculator.java:6)
	at io.michaelcane.Commands.&lt;init&gt;(Commands.java:5)
	at io.michaelcane.Calculator.&lt;init&gt;(Calculator.java:6)
	at io.michaelcane.Commands.&lt;init&gt;(Commands.java:5)
	at io.michaelcane.Calculator.&lt;init&gt;(Calculator.java:6)
	at io.michaelcane.Commands.&lt;init&gt;(Commands.java:5)
	at io.michaelcane.Calculator.&lt;init&gt;(Calculator.java:6)
	at io.michaelcane.Commands.&lt;init&gt;(Commands.java:5)
	at io.michaelcane.Calculator.&lt;init&gt;(Calculator.java:6)
	at io.michaelcane.Commands.&lt;init&gt;(Commands.java:5)
	at io.michaelcane.Calculator.&lt;init&gt;(Calculator.java:6)
	at io.michaelcane.Commands.&lt;init&gt;(Commands.java:5)
	at io.michaelcane.Calculator.&lt;init&gt;(Calculator.java:6)
	at io.michaelcane.Commands.&lt;init&gt;(Commands.java:5)
	at io.michaelcane.Calculator.&lt;init&gt;(Calculator.java:6)
	at io.michaelcane.Commands.&lt;init&gt;(Commands.java:5)
	at io.michaelcane.Calculator.&lt;init&gt;(Calculator.java:6)
	at io.michaelcane.Commands.&lt;init&gt;(Commands.java:5)
	at io.michaelcane.Calculator.&lt;init&gt;(Calculator.java:6)
	at io.michaelcane.Commands.&lt;init&gt;(Commands.java:5)
	at io.michaelcane.Calculator.&lt;init&gt;(Calculator.java:6)
	at io.michaelcane.Commands.&lt;init&gt;(Commands.java:5)
	at io.michaelcane.Calculator.&lt;init&gt;(Calculator.java:6)
	at io.michaelcane.Commands.&lt;init&gt;(Commands.java:5)
	at io.michaelcane.Calculator.&lt;init&gt;(Calculator.java:6)
	at io.michaelcane.Commands.&lt;init&gt;(Commands.java:5)
	at io.michaelcane.Calculator.&lt;init&gt;(Calculator.java:6)
	at io.michaelcane.Commands.&lt;init&gt;(Commands.java:5)
	at io.michaelcane.Calculator.&lt;init&gt;(Calculator.java:6)
	at io.michaelcane.Commands.&lt;init&gt;(Commands.java:5)
	at io.michaelcane.Calculator.&lt;init&gt;(Calculator.java:6)
	at io.michaelcane.Commands.&lt;init&gt;(Commands.java:5)
	at io.michaelcane.Calculator.&lt;init&gt;(Calculator.java:6)
	at io.michaelcane.Commands.&lt;init&gt;(Commands.java:5)
	at io.michaelcane.Calculator.&lt;init&gt;(Calculator.java:6)
	at io.michaelcane.Commands.&lt;init&gt;(Commands.java:5)
	at io.michaelcane.Calculator.&lt;init&gt;(Calculator.java:6)
	at io.michaelcane.Commands.&lt;init&gt;(Commands.java:5)
	at io.michaelcane.Calculator.&lt;init&gt;(Calculator.java:6)
	at io.michaelcane.Commands.&lt;init&gt;(Commands.java:5)
	at io.michaelcane.Calculator.&lt;init&gt;(Calculator.java:6)
	at io.michaelcane.Commands.&lt;init&gt;(Commands.java:5)
	at io.michaelcane.Calculator.&lt;init&gt;(Calculator.java:6)
	at io.michaelcane.Commands.&lt;init&gt;(Commands.java:5)
	at io.michaelcane.Calculator.&lt;init&gt;(Calculator.java:6)
	at io.michaelcane.Commands.&lt;init&gt;(Commands.java:5)
	at io.michaelcane.Calculator.&lt;init&gt;(Calculator.java:6)
	at io.michaelcane.Commands.&lt;init&gt;(Commands.java:5)
	at io.michaelcane.Calculator.&lt;init&gt;(Calculator.java:6)
	at io.michaelcane.Commands.&lt;init&gt;(Commands.java:5)
	at io.michaelcane.Calculator.&lt;init&gt;(Calculator.java:6)
	at io.michaelcane.Commands.&lt;init&gt;(Commands.java:5)
	at io.michaelcane.Calculator.&lt;init&gt;(Calculator.java:6)
	at io.michaelcane.Commands.&lt;init&gt;(Commands.java:5)
	at io.michaelcane.Calculator.&lt;init&gt;(Calculator.java:6)
	at io.michaelcane.Commands.&lt;init&gt;(Commands.java:5)
	at io.michaelcane.Calculator.&lt;init&gt;(Calculator.java:6)
	at io.michaelcane.Commands.&lt;init&gt;(Commands.java:5)
	at io.michaelcane.Calculator.&lt;init&gt;(Calculator.java:6)
	at io.michaelcane.Commands.&lt;init&gt;(Commands.java:5)
	at io.michaelcane.Calculator.&lt;init&gt;(Calculator.java:6)
	at io.michaelcane.Commands.&lt;init&gt;(Commands.java:5)
	at io.michaelcane.Calculator.&lt;init&gt;(Calculator.java:6)
	at io.michaelcane.Commands.&lt;init&gt;(Commands.java:5)
	at io.michaelcane.Calculator.&lt;init&gt;(Calculator.java:6)
	at io.michaelcane.Commands.&lt;init&gt;(Commands.java:5)
	at io.michaelcane.Calculator.&lt;init&gt;(Calculator.java:6)
	at io.michaelcane.Commands.&lt;init&gt;(Commands.java:5)
	at io.michaelcane.Calculator.&lt;init&gt;(Calculator.java:6)
	at io.michaelcane.Commands.&lt;init&gt;(Commands.java:5)
	at io.michaelcane.Calculator.&lt;init&gt;(Calculator.java:6)
	at io.michaelcane.Commands.&lt;init&gt;(Commands.java:5)
	at io.michaelcane.Calculator.&lt;init&gt;(Calculator.java:6)
	at io.michaelcane.Commands.&lt;init&gt;(Commands.java:5)
	at io.michaelcane.Calculator.&lt;init&gt;(Calculator.java:6)
	at io.michaelcane.Commands.&lt;init&gt;(Commands.java:5)
	at io.michaelcane.Calculator.&lt;init&gt;(Calculator.java:6)
	at io.michaelcane.Commands.&lt;init&gt;(Commands.java:5)
	at io.michaelcane.Calculator.&lt;init&gt;(Calculator.java:6)
	at io.michaelcane.Commands.&lt;init&gt;(Commands.java:5)
	at io.michaelcane.Calculator.&lt;init&gt;(Calculator.java:6)
	at io.michaelcane.Commands.&lt;init&gt;(Commands.java:5)
	at io.michaelcane.Calculator.&lt;init&gt;(Calculator.java:6)
	at io.michaelcane.Commands.&lt;init&gt;(Commands.java:5)
	at io.michaelcane.Calculator.&lt;init&gt;(Calculator.java:6)
	at io.michaelcane.Commands.&lt;init&gt;(Commands.java:5)
	at io.michaelcane.Calculator.&lt;init&gt;(Calculator.java:6)
	at io.michaelcane.Commands.&lt;init&gt;(Commands.java:5)
	at io.michaelcane.Calculator.&lt;init&gt;(Calculator.java:6)
	at io.michaelcane.Commands.&lt;init&gt;(Commands.java:5)
	at io.michaelcane.Calculator.&lt;init&gt;(Calculator.java:6)
	at io.michaelcane.Commands.&lt;init&gt;(Commands.java:5)
	at io.michaelcane.Calculator.&lt;init&gt;(Calculator.java:6)
	at io.michaelcane.Commands.&lt;init&gt;(Commands.java:5)
	at io.michaelcane.Calculator.&lt;init&gt;(Calculator.java:6)
	at io.michaelcane.Commands.&lt;init&gt;(Commands.java:5)
	at io.michaelcane.Calculator.&lt;init&gt;(Calculator.java:6)
	at io.michaelcane.Commands.&lt;init&gt;(Commands.java:5)
	at io.michaelcane.Calculator.&lt;init&gt;(Calculator.java:6)
	at io.michaelcane.Commands.&lt;init&gt;(Commands.java:5)
	at io.michaelcane.Calculator.&lt;init&gt;(Calculator.java:6)
	at io.michaelcane.Commands.&lt;init&gt;(Commands.java:5)
	at io.michaelcane.Calculator.&lt;init&gt;(Calculator.java:6)
	at io.michaelcane.Commands.&lt;init&gt;(Commands.java:5)
	at io.michaelcane.Calculator.&lt;init&gt;(Calculator.java:6)
	at io.michaelcane.Commands.&lt;init&gt;(Commands.java:5)
	at io.michaelcane.Calculator.&lt;init&gt;(Calculator.java:6)
	at io.michaelcane.Commands.&lt;init&gt;(Commands.java:5)
	at io.michaelcane.Calculator.&lt;init&gt;(Calculator.java:6)
	at io.michaelcane.Commands.&lt;init&gt;(Commands.java:5)
	at io.michaelcane.Calculator.&lt;init&gt;(Calculator.java:6)
	at io.michaelcane.Commands.&lt;init&gt;(Commands.java:5)
	at io.michaelcane.Calculator.&lt;init&gt;(Calculator.java:6)
	at io.michaelcane.Commands.&lt;init&gt;(Commands.java:5)
	at io.michaelcane.Calculator.&lt;init&gt;(Calculator.java:6)
	at io.michaelcane.Commands.&lt;init&gt;(Commands.java:5)
	at io.michaelcane.Calculator.&lt;init&gt;(Calculator.java:6)
	at io.michaelcane.Commands.&lt;init&gt;(Commands.java:5)
	at io.michaelcane.Calculator.&lt;init&gt;(Calculator.java:6)
	at io.michaelcane.Commands.&lt;init&gt;(Commands.java:5)
	at io.michaelcane.Calculator.&lt;init&gt;(Calculator.java:6)
	at io.michaelcane.Commands.&lt;init&gt;(Commands.java:5)
	at io.michaelcane.Calculator.&lt;init&gt;(Calculator.java:6)
	at io.michaelcane.Commands.&lt;init&gt;(Commands.java:5)
	at io.michaelcane.Calculator.&lt;init&gt;(Calculator.java:6)
	at io.michaelcane.Commands.&lt;init&gt;(Commands.java:5)
	at io.michaelcane.Calculator.&lt;init&gt;(Calculator.java:6)
	at io.michaelcane.Commands.&lt;init&gt;(Commands.java:5)
	at io.michaelcane.Calculator.&lt;init&gt;(Calculator.java:6)
	at io.michaelcane.Commands.&lt;init&gt;(Commands.java:5)
	at io.michaelcane.Calculator.&lt;init&gt;(Calculator.java:6)
	at io.michaelcane.Commands.&lt;init&gt;(Commands.java:5)
	at io.michaelcane.Calculator.&lt;init&gt;(Calculator.java:6)
	at io.michaelcane.Commands.&lt;init&gt;(Commands.java:5)
	at io.michaelcane.Calculator.&lt;init&gt;(Calculator.java:6)
	at io.michaelcane.Commands.&lt;init&gt;(Commands.java:5)
	at io.michaelcane.Calculator.&lt;init&gt;(Calculator.java:6)
	at io.michaelcane.Commands.&lt;init&gt;(Commands.java:5)
	at io.michaelcane.Calculator.&lt;init&gt;(Calculator.java:6)
	at io.michaelcane.Commands.&lt;init&gt;(Commands.java:5)
	at io.michaelcane.Calculator.&lt;init&gt;(Calculator.java:6)
	at io.michaelcane.Commands.&lt;init&gt;(Commands.java:5)
	at io.michaelcane.Calculator.&lt;init&gt;(Calculator.java:6)
	at io.michaelcane.Commands.&lt;init&gt;(Commands.java:5)
	at io.michaelcane.Calculator.&lt;init&gt;(Calculator.java:6)
	at io.michaelcane.Commands.&lt;init&gt;(Commands.java:5)
	at io.michaelcane.Calculator.&lt;init&gt;(Calculator.java:6)
	at io.michaelcane.Commands.&lt;init&gt;(Commands.java:5)
	at io.michaelcane.Calculator.&lt;init&gt;(Calculator.java:6)
	at io.michaelcane.Commands.&lt;init&gt;(Commands.java:5)
	at io.michaelcane.Calculator.&lt;init&gt;(Calculator.java:6)
	at io.michaelcane.Commands.&lt;init&gt;(Commands.java:5)
	at io.michaelcane.Calculator.&lt;init&gt;(Calculator.java:6)
	at io.michaelcane.Commands.&lt;init&gt;(Commands.java:5)
	at io.michaelcane.Calculator.&lt;init&gt;(Calculator.java:6)
	at io.michaelcane.Commands.&lt;init&gt;(Commands.java:5)
	at io.michaelcane.Calculator.&lt;init&gt;(Calculator.java:6)
	at io.michaelcane.Commands.&lt;init&gt;(Commands.java:5)
	at io.michaelcane.Calculator.&lt;init&gt;(Calculator.java:6)
	at io.michaelcane.Commands.&lt;init&gt;(Commands.java:5)
	at io.michaelcane.Calculator.&lt;init&gt;(Calculator.java:6)
	at io.michaelcane.Commands.&lt;init&gt;(Commands.java:5)
	at io.michaelcane.Calculator.&lt;init&gt;(Calculator.java:6)
	at io.michaelcane.Commands.&lt;init&gt;(Commands.java:5)
	at io.michaelcane.Calculator.&lt;init&gt;(Calculator.java:6)
	at io.michaelcane.Commands.&lt;init&gt;(Commands.java:5)
	at io.michaelcane.Calculator.&lt;init&gt;(Calculator.java:6)
	at io.michaelcane.Commands.&lt;init&gt;(Commands.java:5)
	at io.michaelcane.Calculator.&lt;init&gt;(Calculator.java:6)
	at io.michaelcane.Commands.&lt;init&gt;(Commands.java:5)
	at io.michaelcane.Calculator.&lt;init&gt;(Calculator.java:6)
	at io.michaelcane.Commands.&lt;init&gt;(Commands.java:5)
	at io.michaelcane.Calculator.&lt;init&gt;(Calculator.java:6)
	at io.michaelcane.Commands.&lt;init&gt;(Commands.java:5)
	at io.michaelcane.Calculator.&lt;init&gt;(Calculator.java:6)
	at io.michaelcane.Commands.&lt;init&gt;(Commands.java:5)
	at io.michaelcane.Calculator.&lt;init&gt;(Calculator.java:6)
	at io.michaelcane.Commands.&lt;init&gt;(Commands.java:5)
	at io.michaelcane.Calculator.&lt;init&gt;(Calculator.java:6)
	at io.michaelcane.Commands.&lt;init&gt;(Commands.java:5)
	at io.michaelcane.Calculator.&lt;init&gt;(Calculator.java:6)
	at io.michaelcane.Commands.&lt;init&gt;(Commands.java:5)
	at io.michaelcane.Calculator.&lt;init&gt;(Calculator.java:6)
	at io.michaelcane.Commands.&lt;init&gt;(Commands.java:5)
	at io.michaelcane.Calculator.&lt;init&gt;(Calculator.java:6)
	at io.michaelcane.Commands.&lt;init&gt;(Commands.java:5)
	at io.michaelcane.Calculator.&lt;init&gt;(Calculator.java:6)
	at io.michaelcane.Commands.&lt;init&gt;(Commands.java:5)
	at io.michaelcane.Calculator.&lt;init&gt;(Calculator.java:6)
	at io.michaelcane.Commands.&lt;init&gt;(Commands.java:5)
	at io.michaelcane.Calculator.&lt;init&gt;(Calculator.java:6)
	at io.michaelcane.Commands.&lt;init&gt;(Commands.java:5)
	at io.michaelcane.Calculator.&lt;init&gt;(Calculator.java:6)
	at io.michaelcane.Commands.&lt;init&gt;(Commands.java:5)
	at io.michaelcane.Calculator.&lt;init&gt;(Calculator.java:6)
	at io.michaelcane.Commands.&lt;init&gt;(Commands.java:5)
	at io.michaelcane.Calculator.&lt;init&gt;(Calculator.java:6)
	at io.michaelcane.Commands.&lt;init&gt;(Commands.java:5)
	at io.michaelcane.Calculator.&lt;init&gt;(Calculator.java:6)
	at io.michaelcane.Commands.&lt;init&gt;(Commands.java:5)
	at io.michaelcane.Calculator.&lt;init&gt;(Calculator.java:6)
	at io.michaelcane.Commands.&lt;init&gt;(Commands.java:5)
	at io.michaelcane.Calculator.&lt;init&gt;(Calculator.java:6)
	at io.michaelcane.Commands.&lt;init&gt;(Commands.java:5)
	at io.michaelcane.Calculator.&lt;init&gt;(Calculator.java:6)
	at io.michaelcane.Commands.&lt;init&gt;(Commands.java:5)
	at io.michaelcane.Calculator.&lt;init&gt;(Calculator.java:6)
	at io.michaelcane.Commands.&lt;init&gt;(Commands.java:5)
	at io.michaelcane.Calculator.&lt;init&gt;(Calculator.java:6)
	at io.michaelcane.Commands.&lt;init&gt;(Commands.java:5)
	at io.michaelcane.Calculator.&lt;init&gt;(Calculator.java:6)
	at io.michaelcane.Commands.&lt;init&gt;(Commands.java:5)
	at io.michaelcane.Calculator.&lt;init&gt;(Calculator.java:6)
	at io.michaelcane.Commands.&lt;init&gt;(Commands.java:5)
	at io.michaelcane.Calculator.&lt;init&gt;(Calculator.java:6)
	at io.michaelcane.Commands.&lt;init&gt;(Commands.java:5)
	at io.michaelcane.Calculator.&lt;init&gt;(Calculator.java:6)
	at io.michaelcane.Commands.&lt;init&gt;(Commands.java:5)
	at io.michaelcane.Calculator.&lt;init&gt;(Calculator.java:6)
	at io.michaelcane.Commands.&lt;init&gt;(Commands.java:5)
	at io.michaelcane.Calculator.&lt;init&gt;(Calculator.java:6)
	at io.michaelcane.Commands.&lt;init&gt;(Commands.java:5)
	at io.michaelcane.Calculator.&lt;init&gt;(Calculator.java:6)
	at io.michaelcane.Commands.&lt;init&gt;(Commands.java:5)
	at io.michaelcane.Calculator.&lt;init&gt;(Calculator.java:6)
	at io.michaelcane.Commands.&lt;init&gt;(Commands.java:5)
	at io.michaelcane.Calculator.&lt;init&gt;(Calculator.java:6)
	at io.michaelcane.Commands.&lt;init&gt;(Commands.java:5)
	at io.michaelcane.Calculator.&lt;init&gt;(Calculator.java:6)
	at io.michaelcane.Commands.&lt;init&gt;(Commands.java:5)
	at io.michaelcane.Calculator.&lt;init&gt;(Calculator.java:6)
	at io.michaelcane.Commands.&lt;init&gt;(Commands.java:5)
	at io.michaelcane.Calculator.&lt;init&gt;(Calculator.java:6)
	at io.michaelcane.Commands.&lt;init&gt;(Commands.java:5)
	at io.michaelcane.Calculator.&lt;init&gt;(Calculator.java:6)
	at io.michaelcane.Commands.&lt;init&gt;(Commands.java:5)
	at io.michaelcane.Calculator.&lt;init&gt;(Calculator.java:6)
	at io.michaelcane.Commands.&lt;init&gt;(Commands.java:5)
	at io.michaelcane.Calculator.&lt;init&gt;(Calculator.java:6)
	at io.michaelcane.Commands.&lt;init&gt;(Commands.java:5)
	at io.michaelcane.Calculator.&lt;init&gt;(Calculator.java:6)
	at io.michaelcane.Commands.&lt;init&gt;(Commands.java:5)
	at io.michaelcane.Calculator.&lt;init&gt;(Calculator.java:6)
	at io.michaelcane.Commands.&lt;init&gt;(Commands.java:5)
	at io.michaelcane.Calculator.&lt;init&gt;(Calculator.java:6)
	at io.michaelcane.Commands.&lt;init&gt;(Commands.java:5)
	at io.michaelcane.Calculator.&lt;init&gt;(Calculator.java:6)
	at io.michaelcane.Commands.&lt;init&gt;(Commands.java:5)
	at io.michaelcane.Calculator.&lt;init&gt;(Calculator.java:6)
	at io.michaelcane.Commands.&lt;init&gt;(Commands.java:5)
	at io.michaelcane.Calculator.&lt;init&gt;(Calculator.java:6)
	at io.michaelcane.Commands.&lt;init&gt;(Commands.java:5)
	at io.michaelcane.Calculator.&lt;init&gt;(Calculator.java:6)
	at io.michaelcane.Commands.&lt;init&gt;(Commands.java:5)
	at io.michaelcane.Calculator.&lt;init&gt;(Calculator.java:6)
	at io.michaelcane.Commands.&lt;init&gt;(Commands.java:5)
	at io.michaelcane.Calculator.&lt;init&gt;(Calculator.java:6)
	at io.michaelcane.Commands.&lt;init&gt;(Commands.java:5)
	at io.michaelcane.Calculator.&lt;init&gt;(Calculator.java:6)
	at io.michaelcane.Commands.&lt;init&gt;(Commands.java:5)
	at io.michaelcane.Calculator.&lt;init&gt;(Calculator.java:6)
	at io.michaelcane.Commands.&lt;init&gt;(Commands.java:5)
	at io.michaelcane.Calculator.&lt;init&gt;(Calculator.java:6)
	at io.michaelcane.Commands.&lt;init&gt;(Commands.java:5)
	at io.michaelcane.Calculator.&lt;init&gt;(Calculator.java:6)
	at io.michaelcane.Commands.&lt;init&gt;(Commands.java:5)
	at io.michaelcane.Calculator.&lt;init&gt;(Calculator.java:6)
	at io.michaelcane.Commands.&lt;init&gt;(Commands.java:5)
	at io.michaelcane.Calculator.&lt;init&gt;(Calculator.java:6)
	at io.michaelcane.Commands.&lt;init&gt;(Commands.java:5)
	at io.michaelcane.Calculator.&lt;init&gt;(Calculator.java:6)
	at io.michaelcane.Commands.&lt;init&gt;(Commands.java:5)
	at io.michaelcane.Calculator.&lt;init&gt;(Calculator.java:6)
	at io.michaelcane.Commands.&lt;init&gt;(Commands.java:5)
	at io.michaelcane.Calculator.&lt;init&gt;(Calculator.java:6)
	at io.michaelcane.Commands.&lt;init&gt;(Commands.java:5)
	at io.michaelcane.Calculator.&lt;init&gt;(Calculator.java:6)
	at io.michaelcane.Commands.&lt;init&gt;(Commands.java:5)
	at io.michaelcane.Calculator.&lt;init&gt;(Calculator.java:6)
	at io.michaelcane.Commands.&lt;init&gt;(Commands.java:5)
	at io.michaelcane.Calculator.&lt;init&gt;(Calculator.java:6)
	at io.michaelcane.Commands.&lt;init&gt;(Commands.java:5)
	at io.michaelcane.Calculator.&lt;init&gt;(Calculator.java:6)
	at io.michaelcane.Commands.&lt;init&gt;(Commands.java:5)
	at io.michaelcane.Calculator.&lt;init&gt;(Calculator.java:6)
	at io.michaelcane.Commands.&lt;init&gt;(Commands.java:5)
	at io.michaelcane.Calculator.&lt;init&gt;(Calculator.java:6)
	at io.michaelcane.Commands.&lt;init&gt;(Commands.java:5)
	at io.michaelcane.Calculator.&lt;init&gt;(Calculator.java:6)
	at io.michaelcane.Commands.&lt;init&gt;(Commands.java:5)
	at io.michaelcane.Calculator.&lt;init&gt;(Calculator.java:6)
	at io.michaelcane.Commands.&lt;init&gt;(Commands.java:5)
	at io.michaelcane.Calculator.&lt;init&gt;(Calculator.java:6)
	at io.michaelcane.Commands.&lt;init&gt;(Commands.java:5)
	at io.michaelcane.Calculator.&lt;init&gt;(Calculator.java:6)
	at io.michaelcane.Commands.&lt;init&gt;(Commands.java:5)
	at io.michaelcane.Calculator.&lt;init&gt;(Calculator.java:6)
	at io.michaelcane.Commands.&lt;init&gt;(Commands.java:5)
	at io.michaelcane.Calculator.&lt;init&gt;(Calculator.java:6)
	at io.michaelcane.Commands.&lt;init&gt;(Commands.java:5)
	at io.michaelcane.Calculator.&lt;init&gt;(Calculator.java:6)
	at io.michaelcane.Commands.&lt;init&gt;(Commands.java:5)
	at io.michaelcane.Calculator.&lt;init&gt;(Calculator.java:6)
	at io.michaelcane.Commands.&lt;init&gt;(Commands.java:5)
	at io.michaelcane.Calculator.&lt;init&gt;(Calculator.java:6)
	at io.michaelcane.Commands.&lt;init&gt;(Commands.java:5)
	at io.michaelcane.Calculator.&lt;init&gt;(Calculator.java:6)
	at io.michaelcane.Commands.&lt;init&gt;(Commands.java:5)
	at io.michaelcane.Calculator.&lt;init&gt;(Calculator.java:6)
	at io.michaelcane.Commands.&lt;init&gt;(Commands.java:5)
	at io.michaelcane.Calculator.&lt;init&gt;(Calculator.java:6)
	at io.michaelcane.Commands.&lt;init&gt;(Commands.java:5)
	at io.michaelcane.Calculator.&lt;init&gt;(Calculator.java:6)
	at io.michaelcane.Commands.&lt;init&gt;(Commands.java:5)
	at io.michaelcane.Calculator.&lt;init&gt;(Calculator.java:6)
	at io.michaelcane.Commands.&lt;init&gt;(Commands.java:5)
	at io.michaelcane.Calculator.&lt;init&gt;(Calculator.java:6)
	at io.michaelcane.Commands.&lt;init&gt;(Commands.java:5)
	at io.michaelcane.Calculator.&lt;init&gt;(Calculator.java:6)
	at io.michaelcane.Commands.&lt;init&gt;(Commands.java:5)
	at io.michaelcane.Calculator.&lt;init&gt;(Calculator.java:6)
	at io.michaelcane.Commands.&lt;init&gt;(Commands.java:5)
	at io.michaelcane.Calculator.&lt;init&gt;(Calculator.java:6)
	at io.michaelcane.Commands.&lt;init&gt;(Commands.java:5)
	at io.michaelcane.Calculator.&lt;init&gt;(Calculator.java:6)
	at io.michaelcane.Commands.&lt;init&gt;(Commands.java:5)
	at io.michaelcane.Calculator.&lt;init&gt;(Calculator.java:6)
	at io.michaelcane.Commands.&lt;init&gt;(Commands.java:5)
	at io.michaelcane.Calculator.&lt;init&gt;(Calculator.java:6)
	at io.michaelcane.Commands.&lt;init&gt;(Commands.java:5)
	at io.michaelcane.Calculator.&lt;init&gt;(Calculator.java:6)
	at io.michaelcane.Commands.&lt;init&gt;(Commands.java:5)
	at io.michaelcane.Calculator.&lt;init&gt;(Calculator.java:6)
	at io.michaelcane.Commands.&lt;init&gt;(Commands.java:5)
	at io.michaelcane.Calculator.&lt;init&gt;(Calculator.java:6)
	at io.michaelcane.Commands.&lt;init&gt;(Commands.java:5)
	at io.michaelcane.Calculator.&lt;init&gt;(Calculator.java:6)
	at io.michaelcane.Commands.&lt;init&gt;(Commands.java:5)
	at io.michaelcane.Calculator.&lt;init&gt;(Calculator.java:6)
	at io.michaelcane.Commands.&lt;init&gt;(Commands.java:5)
	at io.michaelcane.Calculator.&lt;init&gt;(Calculator.java:6)
	at io.michaelcane.Commands.&lt;init&gt;(Commands.java:5)
	at io.michaelcane.Calculator.&lt;init&gt;(Calculator.java:6)
	at io.michaelcane.Commands.&lt;init&gt;(Commands.java:5)
	at io.michaelcane.Calculator.&lt;init&gt;(Calculator.java:6)
	at io.michaelcane.Commands.&lt;init&gt;(Commands.java:5)
	at io.michaelcane.Calculator.&lt;init&gt;(Calculator.java:6)
	at io.michaelcane.Commands.&lt;init&gt;(Commands.java:5)
	at io.michaelcane.Calculator.&lt;init&gt;(Calculator.java:6)
	at io.michaelcane.Commands.&lt;init&gt;(Commands.java:5)
	at io.michaelcane.Calculator.&lt;init&gt;(Calculator.java:6)
	at io.michaelcane.Commands.&lt;init&gt;(Commands.java:5)
	at io.michaelcane.Calculator.&lt;init&gt;(Calculator.java:6)
	at io.michaelcane.Commands.&lt;init&gt;(Commands.java:5)
	at io.michaelcane.Calculator.&lt;init&gt;(Calculator.java:6)
	at io.michaelcane.Commands.&lt;init&gt;(Commands.java:5)
	at io.michaelcane.Calculator.&lt;init&gt;(Calculator.java:6)
	at io.michaelcane.Commands.&lt;init&gt;(Commands.java:5)
	at io.michaelcane.Calculator.&lt;init&gt;(Calculator.java:6)
	at io.michaelcane.Commands.&lt;init&gt;(Commands.java:5)
	at io.michaelcane.Calculator.&lt;init&gt;(Calculator.java:6)
	at io.michaelcane.Commands.&lt;init&gt;(Commands.java:5)
	at io.michaelcane.Calculator.&lt;init&gt;(Calculator.java:6)
	at io.michaelcane.Commands.&lt;init&gt;(Commands.java:5)
	at io.michaelcane.Calculator.&lt;init&gt;(Calculator.java:6)
	at io.michaelcane.Commands.&lt;init&gt;(Commands.java:5)
	at io.michaelcane.Calculator.&lt;init&gt;(Calculator.java:6)
	at io.michaelcane.Commands.&lt;init&gt;(Commands.java:5)
	at io.michaelcane.Calculator.&lt;init&gt;(Calculator.java:6)
	at io.michaelcane.Commands.&lt;init&gt;(Commands.java:5)
	at io.michaelcane.Calculator.&lt;init&gt;(Calculator.java:6)
	at io.michaelcane.Commands.&lt;init&gt;(Commands.java:5)
	at io.michaelcane.Calculator.&lt;init&gt;(Calculator.java:6)
	at io.michaelcane.Commands.&lt;init&gt;(Commands.java:5)
	at io.michaelcane.Calculator.&lt;init&gt;(Calculator.java:6)
	at io.michaelcane.Commands.&lt;init&gt;(Commands.java:5)
	at io.michaelcane.Calculator.&lt;init&gt;(Calculator.java:6)
	at io.michaelcane.Commands.&lt;init&gt;(Commands.java:5)
	at io.michaelcane.Calculator.&lt;init&gt;(Calculator.java:6)
	at io.michaelcane.Commands.&lt;init&gt;(Commands.java:5)
	at io.michaelcane.Calculator.&lt;init&gt;(Calculator.java:6)
	at io.michaelcane.Commands.&lt;init&gt;(Commands.java:5)
	at io.michaelcane.Calculator.&lt;init&gt;(Calculator.java:6)
	at io.michaelcane.Commands.&lt;init&gt;(Commands.java:5)
	at io.michaelcane.Calculator.&lt;init&gt;(Calculator.java:6)
	at io.michaelcane.Commands.&lt;init&gt;(Commands.java:5)
	at io.michaelcane.Calculator.&lt;init&gt;(Calculator.java:6)
	at io.michaelcane.Commands.&lt;init&gt;(Commands.java:5)
	at io.michaelcane.Calculator.&lt;init&gt;(Calculator.java:6)
	at io.michaelcane.Commands.&lt;init&gt;(Commands.java:5)
	at io.michaelcane.Calculator.&lt;init&gt;(Calculator.java:6)
	at io.michaelcane.Commands.&lt;init&gt;(Commands.java:5)
	at io.michaelcane.Calculator.&lt;init&gt;(Calculator.java:6)
	at io.michaelcane.Commands.&lt;init&gt;(Commands.java:5)
	at io.michaelcane.Calculator.&lt;init&gt;(Calculator.java:6)
	at io.michaelcane.Commands.&lt;init&gt;(Commands.java:5)
	at io.michaelcane.Calculator.&lt;init&gt;(Calculator.java:6)
	at io.michaelcane.Commands.&lt;init&gt;(Commands.java:5)
	at io.michaelcane.Calculator.&lt;init&gt;(Calculator.java:6)
	at io.michaelcane.Commands.&lt;init&gt;(Commands.java:5)
	at io.michaelcane.Calculator.&lt;init&gt;(Calculator.java:6)
	at io.michaelcane.Commands.&lt;init&gt;(Commands.java:5)
	at io.michaelcane.Calculator.&lt;init&gt;(Calculator.java:6)
	at io.michaelcane.Commands.&lt;init&gt;(Commands.java:5)
	at io.michaelcane.Calculator.&lt;init&gt;(Calculator.java:6)
	at io.michaelcane.Commands.&lt;init&gt;(Commands.java:5)
	at io.michaelcane.Calculator.&lt;init&gt;(Calculator.java:6)
	at io.michaelcane.Commands.&lt;init&gt;(Commands.java:5)
	at io.michaelcane.Calculator.&lt;init&gt;(Calculator.java:6)
	at io.michaelcane.Commands.&lt;init&gt;(Commands.java:5)
	at io.michaelcane.Calculator.&lt;init&gt;(Calculator.java:6)
	at io.michaelcane.Commands.&lt;init&gt;(Commands.java:5)
	at io.michaelcane.Calculator.&lt;init&gt;(Calculator.java:6)
	at io.michaelcane.Commands.&lt;init&gt;(Commands.java:5)
	at io.michaelcane.Calculator.&lt;init&gt;(Calculator.java:6)
	at io.michaelcane.Commands.&lt;init&gt;(Commands.java:5)
	at io.michaelcane.Calculator.&lt;init&gt;(Calculator.java:6)
	at io.michaelcane.Commands.&lt;init&gt;(Commands.java:5)
	at io.michaelcane.Calculator.&lt;init&gt;(Calculator.java:6)
	at io.michaelcane.Commands.&lt;init&gt;(Commands.java:5)
	at io.michaelcane.Calculator.&lt;init&gt;(Calculator.java:6)
	at io.michaelcane.Commands.&lt;init&gt;(Commands.java:5)
	at io.michaelcane.Calculator.&lt;init&gt;(Calculator.java:6)
	at io.michaelcane.Commands.&lt;init&gt;(Commands.java:5)
	at io.michaelcane.Calculator.&lt;init&gt;(Calculator.java:6)
	at io.michaelcane.Commands.&lt;init&gt;(Commands.java:5)
	at io.michaelcane.Calculator.&lt;init&gt;(Calculator.java:6)
	at io.michaelcane.Commands.&lt;init&gt;(Commands.java:5)
	at io.michaelcane.Calculator.&lt;init&gt;(Calculator.java:6)
	at io.michaelcane.Commands.&lt;init&gt;(Commands.java:5)
	at io.michaelcane.Calculator.&lt;init&gt;(Calculator.java:6)
	at io.michaelcane.Commands.&lt;init&gt;(Commands.java:5)
	at io.michaelcane.Calculator.&lt;init&gt;(Calculator.java:6)
	at io.michaelcane.Commands.&lt;init&gt;(Commands.java:5)
	at io.michaelcane.Calculator.&lt;init&gt;(Calculator.java:6)
	at io.michaelcane.Commands.&lt;init&gt;(Commands.java:5)
	at io.michaelcane.Calculator.&lt;init&gt;(Calculator.java:6)
	at io.michaelcane.Commands.&lt;init&gt;(Commands.java:5)
	at io.michaelcane.Calculator.&lt;init&gt;(Calculator.java:6)
	at io.michaelcane.Commands.&lt;init&gt;(Commands.java:5)
	at io.michaelcane.Calculator.&lt;init&gt;(Calculator.java:6)
	at io.michaelcane.Commands.&lt;init&gt;(Commands.java:5)
	at io.michaelcane.Calculator.&lt;init&gt;(Calculator.java:6)
	at io.michaelcane.Commands.&lt;init&gt;(Commands.java:5)
	at io.michaelcane.Calculator.&lt;init&gt;(Calculator.java:6)
	at io.michaelcane.Commands.&lt;init&gt;(Commands.java:5)
	at io.michaelcane.Calculator.&lt;init&gt;(Calculator.java:6)
	at io.michaelcane.Commands.&lt;init&gt;(Commands.java:5)
	at io.michaelcane.Calculator.&lt;init&gt;(Calculator.java:6)
	at io.michaelcane.Commands.&lt;init&gt;(Commands.java:5)
	at io.michaelcane.Calculator.&lt;init&gt;(Calculator.java:6)
	at io.michaelcane.Commands.&lt;init&gt;(Commands.java:5)
	at io.michaelcane.Calculator.&lt;init&gt;(Calculator.java:6)
	at io.michaelcane.Commands.&lt;init&gt;(Commands.java:5)
	at io.michaelcane.Calculator.&lt;init&gt;(Calculator.java:6)
	at io.michaelcane.Commands.&lt;init&gt;(Commands.java:5)
	at io.michaelcane.Calculator.&lt;init&gt;(Calculator.java:6)
	at io.michaelcane.Commands.&lt;init&gt;(Commands.java:5)
	at io.michaelcane.Calculator.&lt;init&gt;(Calculator.java:6)
	at io.michaelcane.Commands.&lt;init&gt;(Commands.java:5)
	at io.michaelcane.Calculator.&lt;init&gt;(Calculator.java:6)
	at io.michaelcane.Commands.&lt;init&gt;(Commands.java:5)
	at io.michaelcane.Calculator.&lt;init&gt;(Calculator.java:6)
	at io.michaelcane.Commands.&lt;init&gt;(Commands.java:5)
	at io.michaelcane.Calculator.&lt;init&gt;(Calculator.java:6)
	at io.michaelcane.Commands.&lt;init&gt;(Commands.java:5)
	at io.michaelcane.Calculator.&lt;init&gt;(Calculator.java:6)
	at io.michaelcane.Commands.&lt;init&gt;(Commands.java:5)
	at io.michaelcane.Calculator.&lt;init&gt;(Calculator.java:6)
	at io.michaelcane.Commands.&lt;init&gt;(Commands.java:5)
	at io.michaelcane.Calculator.&lt;init&gt;(Calculator.java:6)
	at io.michaelcane.Commands.&lt;init&gt;(Commands.java:5)
</error>
  </testcase>
  <testcase classname="io.michaelcane.CalculatorSpec" name="test$invertPositiveAndNegative" time="0.013">
    <error type="java.lang.StackOverflowError">java.lang.StackOverflowError
	at io.michaelcane.Calculator.&lt;init&gt;(Calculator.java:6)
	at io.michaelcane.Commands.&lt;init&gt;(Commands.java:5)
	at io.michaelcane.Calculator.&lt;init&gt;(Calculator.java:6)
	at io.michaelcane.Commands.&lt;init&gt;(Commands.java:5)
	at io.michaelcane.Calculator.&lt;init&gt;(Calculator.java:6)
	at io.michaelcane.Commands.&lt;init&gt;(Commands.java:5)
	at io.michaelcane.Calculator.&lt;init&gt;(Calculator.java:6)
	at io.michaelcane.Commands.&lt;init&gt;(Commands.java:5)
	at io.michaelcane.Calculator.&lt;init&gt;(Calculator.java:6)
	at io.michaelcane.Commands.&lt;init&gt;(Commands.java:5)
	at io.michaelcane.Calculator.&lt;init&gt;(Calculator.java:6)
	at io.michaelcane.Commands.&lt;init&gt;(Commands.java:5)
	at io.michaelcane.Calculator.&lt;init&gt;(Calculator.java:6)
	at io.michaelcane.Commands.&lt;init&gt;(Commands.java:5)
	at io.michaelcane.Calculator.&lt;init&gt;(Calculator.java:6)
	at io.michaelcane.Commands.&lt;init&gt;(Commands.java:5)
	at io.michaelcane.Calculator.&lt;init&gt;(Calculator.java:6)
	at io.michaelcane.Commands.&lt;init&gt;(Commands.java:5)
	at io.michaelcane.Calculator.&lt;init&gt;(Calculator.java:6)
	at io.michaelcane.Commands.&lt;init&gt;(Commands.java:5)
	at io.michaelcane.Calculator.&lt;init&gt;(Calculator.java:6)
	at io.michaelcane.Commands.&lt;init&gt;(Commands.java:5)
	at io.michaelcane.Calculator.&lt;init&gt;(Calculator.java:6)
	at io.michaelcane.Commands.&lt;init&gt;(Commands.java:5)
	at io.michaelcane.Calculator.&lt;init&gt;(Calculator.java:6)
	at io.michaelcane.Commands.&lt;init&gt;(Commands.java:5)
	at io.michaelcane.Calculator.&lt;init&gt;(Calculator.java:6)
	at io.michaelcane.Commands.&lt;init&gt;(Commands.java:5)
	at io.michaelcane.Calculator.&lt;init&gt;(Calculator.java:6)
	at io.michaelcane.Commands.&lt;init&gt;(Commands.java:5)
	at io.michaelcane.Calculator.&lt;init&gt;(Calculator.java:6)
	at io.michaelcane.Commands.&lt;init&gt;(Commands.java:5)
	at io.michaelcane.Calculator.&lt;init&gt;(Calculator.java:6)
	at io.michaelcane.Commands.&lt;init&gt;(Commands.java:5)
	at io.michaelcane.Calculator.&lt;init&gt;(Calculator.java:6)
	at io.michaelcane.Commands.&lt;init&gt;(Commands.java:5)
	at io.michaelcane.Calculator.&lt;init&gt;(Calculator.java:6)
	at io.michaelcane.Commands.&lt;init&gt;(Commands.java:5)
	at io.michaelcane.Calculator.&lt;init&gt;(Calculator.java:6)
	at io.michaelcane.Commands.&lt;init&gt;(Commands.java:5)
	at io.michaelcane.Calculator.&lt;init&gt;(Calculator.java:6)
	at io.michaelcane.Commands.&lt;init&gt;(Commands.java:5)
	at io.michaelcane.Calculator.&lt;init&gt;(Calculator.java:6)
	at io.michaelcane.Commands.&lt;init&gt;(Commands.java:5)
	at io.michaelcane.Calculator.&lt;init&gt;(Calculator.java:6)
	at io.michaelcane.Commands.&lt;init&gt;(Commands.java:5)
	at io.michaelcane.Calculator.&lt;init&gt;(Calculator.java:6)
	at io.michaelcane.Commands.&lt;init&gt;(Commands.java:5)
	at io.michaelcane.Calculator.&lt;init&gt;(Calculator.java:6)
	at io.michaelcane.Commands.&lt;init&gt;(Commands.java:5)
	at io.michaelcane.Calculator.&lt;init&gt;(Calculator.java:6)
	at io.michaelcane.Commands.&lt;init&gt;(Commands.java:5)
	at io.michaelcane.Calculator.&lt;init&gt;(Calculator.java:6)
	at io.michaelcane.Commands.&lt;init&gt;(Commands.java:5)
	at io.michaelcane.Calculator.&lt;init&gt;(Calculator.java:6)
	at io.michaelcane.Commands.&lt;init&gt;(Commands.java:5)
	at io.michaelcane.Calculator.&lt;init&gt;(Calculator.java:6)
	at io.michaelcane.Commands.&lt;init&gt;(Commands.java:5)
	at io.michaelcane.Calculator.&lt;init&gt;(Calculator.java:6)
	at io.michaelcane.Commands.&lt;init&gt;(Commands.java:5)
	at io.michaelcane.Calculator.&lt;init&gt;(Calculator.java:6)
	at io.michaelcane.Commands.&lt;init&gt;(Commands.java:5)
	at io.michaelcane.Calculator.&lt;init&gt;(Calculator.java:6)
	at io.michaelcane.Commands.&lt;init&gt;(Commands.java:5)
	at io.michaelcane.Calculator.&lt;init&gt;(Calculator.java:6)
	at io.michaelcane.Commands.&lt;init&gt;(Commands.java:5)
	at io.michaelcane.Calculator.&lt;init&gt;(Calculator.java:6)
	at io.michaelcane.Commands.&lt;init&gt;(Commands.java:5)
	at io.michaelcane.Calculator.&lt;init&gt;(Calculator.java:6)
	at io.michaelcane.Commands.&lt;init&gt;(Commands.java:5)
	at io.michaelcane.Calculator.&lt;init&gt;(Calculator.java:6)
	at io.michaelcane.Commands.&lt;init&gt;(Commands.java:5)
	at io.michaelcane.Calculator.&lt;init&gt;(Calculator.java:6)
	at io.michaelcane.Commands.&lt;init&gt;(Commands.java:5)
	at io.michaelcane.Calculator.&lt;init&gt;(Calculator.java:6)
	at io.michaelcane.Commands.&lt;init&gt;(Commands.java:5)
	at io.michaelcane.Calculator.&lt;init&gt;(Calculator.java:6)
	at io.michaelcane.Commands.&lt;init&gt;(Commands.java:5)
	at io.michaelcane.Calculator.&lt;init&gt;(Calculator.java:6)
	at io.michaelcane.Commands.&lt;init&gt;(Commands.java:5)
	at io.michaelcane.Calculator.&lt;init&gt;(Calculator.java:6)
	at io.michaelcane.Commands.&lt;init&gt;(Commands.java:5)
	at io.michaelcane.Calculator.&lt;init&gt;(Calculator.java:6)
	at io.michaelcane.Commands.&lt;init&gt;(Commands.java:5)
	at io.michaelcane.Calculator.&lt;init&gt;(Calculator.java:6)
	at io.michaelcane.Commands.&lt;init&gt;(Commands.java:5)
	at io.michaelcane.Calculator.&lt;init&gt;(Calculator.java:6)
	at io.michaelcane.Commands.&lt;init&gt;(Commands.java:5)
	at io.michaelcane.Calculator.&lt;init&gt;(Calculator.java:6)
	at io.michaelcane.Commands.&lt;init&gt;(Commands.java:5)
	at io.michaelcane.Calculator.&lt;init&gt;(Calculator.java:6)
	at io.michaelcane.Commands.&lt;init&gt;(Commands.java:5)
	at io.michaelcane.Calculator.&lt;init&gt;(Calculator.java:6)
	at io.michaelcane.Commands.&lt;init&gt;(Commands.java:5)
	at io.michaelcane.Calculator.&lt;init&gt;(Calculator.java:6)
	at io.michaelcane.Commands.&lt;init&gt;(Commands.java:5)
	at io.michaelcane.Calculator.&lt;init&gt;(Calculator.java:6)
	at io.michaelcane.Commands.&lt;init&gt;(Commands.java:5)
	at io.michaelcane.Calculator.&lt;init&gt;(Calculator.java:6)
	at io.michaelcane.Commands.&lt;init&gt;(Commands.java:5)
	at io.michaelcane.Calculator.&lt;init&gt;(Calculator.java:6)
	at io.michaelcane.Commands.&lt;init&gt;(Commands.java:5)
	at io.michaelcane.Calculator.&lt;init&gt;(Calculator.java:6)
	at io.michaelcane.Commands.&lt;init&gt;(Commands.java:5)
	at io.michaelcane.Calculator.&lt;init&gt;(Calculator.java:6)
	at io.michaelcane.Commands.&lt;init&gt;(Commands.java:5)
	at io.michaelcane.Calculator.&lt;init&gt;(Calculator.java:6)
	at io.michaelcane.Commands.&lt;init&gt;(Commands.java:5)
	at io.michaelcane.Calculator.&lt;init&gt;(Calculator.java:6)
	at io.michaelcane.Commands.&lt;init&gt;(Commands.java:5)
	at io.michaelcane.Calculator.&lt;init&gt;(Calculator.java:6)
	at io.michaelcane.Commands.&lt;init&gt;(Commands.java:5)
	at io.michaelcane.Calculator.&lt;init&gt;(Calculator.java:6)
	at io.michaelcane.Commands.&lt;init&gt;(Commands.java:5)
	at io.michaelcane.Calculator.&lt;init&gt;(Calculator.java:6)
	at io.michaelcane.Commands.&lt;init&gt;(Commands.java:5)
	at io.michaelcane.Calculator.&lt;init&gt;(Calculator.java:6)
	at io.michaelcane.Commands.&lt;init&gt;(Commands.java:5)
	at io.michaelcane.Calculator.&lt;init&gt;(Calculator.java:6)
	at io.michaelcane.Commands.&lt;init&gt;(Commands.java:5)
	at io.michaelcane.Calculator.&lt;init&gt;(Calculator.java:6)
	at io.michaelcane.Commands.&lt;init&gt;(Commands.java:5)
	at io.michaelcane.Calculator.&lt;init&gt;(Calculator.java:6)
	at io.michaelcane.Commands.&lt;init&gt;(Commands.java:5)
	at io.michaelcane.Calculator.&lt;init&gt;(Calculator.java:6)
	at io.michaelcane.Commands.&lt;init&gt;(Commands.java:5)
	at io.michaelcane.Calculator.&lt;init&gt;(Calculator.java:6)
	at io.michaelcane.Commands.&lt;init&gt;(Commands.java:5)
	at io.michaelcane.Calculator.&lt;init&gt;(Calculator.java:6)
	at io.michaelcane.Commands.&lt;init&gt;(Commands.java:5)
	at io.michaelcane.Calculator.&lt;init&gt;(Calculator.java:6)
	at io.michaelcane.Commands.&lt;init&gt;(Commands.java:5)
	at io.michaelcane.Calculator.&lt;init&gt;(Calculator.java:6)
	at io.michaelcane.Commands.&lt;init&gt;(Commands.java:5)
	at io.michaelcane.Calculator.&lt;init&gt;(Calculator.java:6)
	at io.michaelcane.Commands.&lt;init&gt;(Commands.java:5)
	at io.michaelcane.Calculator.&lt;init&gt;(Calculator.java:6)
	at io.michaelcane.Commands.&lt;init&gt;(Commands.java:5)
	at io.michaelcane.Calculator.&lt;init&gt;(Calculator.java:6)
	at io.michaelcane.Commands.&lt;init&gt;(Commands.java:5)
	at io.michaelcane.Calculator.&lt;init&gt;(Calculator.java:6)
	at io.michaelcane.Commands.&lt;init&gt;(Commands.java:5)
	at io.michaelcane.Calculator.&lt;init&gt;(Calculator.java:6)
	at io.michaelcane.Commands.&lt;init&gt;(Commands.java:5)
	at io.michaelcane.Calculator.&lt;init&gt;(Calculator.java:6)
	at io.michaelcane.Commands.&lt;init&gt;(Commands.java:5)
	at io.michaelcane.Calculator.&lt;init&gt;(Calculator.java:6)
	at io.michaelcane.Commands.&lt;init&gt;(Commands.java:5)
	at io.michaelcane.Calculator.&lt;init&gt;(Calculator.java:6)
	at io.michaelcane.Commands.&lt;init&gt;(Commands.java:5)
	at io.michaelcane.Calculator.&lt;init&gt;(Calculator.java:6)
	at io.michaelcane.Commands.&lt;init&gt;(Commands.java:5)
	at io.michaelcane.Calculator.&lt;init&gt;(Calculator.java:6)
	at io.michaelcane.Commands.&lt;init&gt;(Commands.java:5)
	at io.michaelcane.Calculator.&lt;init&gt;(Calculator.java:6)
	at io.michaelcane.Commands.&lt;init&gt;(Commands.java:5)
	at io.michaelcane.Calculator.&lt;init&gt;(Calculator.java:6)
	at io.michaelcane.Commands.&lt;init&gt;(Commands.java:5)
	at io.michaelcane.Calculator.&lt;init&gt;(Calculator.java:6)
	at io.michaelcane.Commands.&lt;init&gt;(Commands.java:5)
	at io.michaelcane.Calculator.&lt;init&gt;(Calculator.java:6)
	at io.michaelcane.Commands.&lt;init&gt;(Commands.java:5)
	at io.michaelcane.Calculator.&lt;init&gt;(Calculator.java:6)
	at io.michaelcane.Commands.&lt;init&gt;(Commands.java:5)
	at io.michaelcane.Calculator.&lt;init&gt;(Calculator.java:6)
	at io.michaelcane.Commands.&lt;init&gt;(Commands.java:5)
	at io.michaelcane.Calculator.&lt;init&gt;(Calculator.java:6)
	at io.michaelcane.Commands.&lt;init&gt;(Commands.java:5)
	at io.michaelcane.Calculator.&lt;init&gt;(Calculator.java:6)
	at io.michaelcane.Commands.&lt;init&gt;(Commands.java:5)
	at io.michaelcane.Calculator.&lt;init&gt;(Calculator.java:6)
	at io.michaelcane.Commands.&lt;init&gt;(Commands.java:5)
	at io.michaelcane.Calculator.&lt;init&gt;(Calculator.java:6)
	at io.michaelcane.Commands.&lt;init&gt;(Commands.java:5)
	at io.michaelcane.Calculator.&lt;init&gt;(Calculator.java:6)
	at io.michaelcane.Commands.&lt;init&gt;(Commands.java:5)
	at io.michaelcane.Calculator.&lt;init&gt;(Calculator.java:6)
	at io.michaelcane.Commands.&lt;init&gt;(Commands.java:5)
	at io.michaelcane.Calculator.&lt;init&gt;(Calculator.java:6)
	at io.michaelcane.Commands.&lt;init&gt;(Commands.java:5)
	at io.michaelcane.Calculator.&lt;init&gt;(Calculator.java:6)
	at io.michaelcane.Commands.&lt;init&gt;(Commands.java:5)
	at io.michaelcane.Calculator.&lt;init&gt;(Calculator.java:6)
	at io.michaelcane.Commands.&lt;init&gt;(Commands.java:5)
	at io.michaelcane.Calculator.&lt;init&gt;(Calculator.java:6)
	at io.michaelcane.Commands.&lt;init&gt;(Commands.java:5)
	at io.michaelcane.Calculator.&lt;init&gt;(Calculator.java:6)
	at io.michaelcane.Commands.&lt;init&gt;(Commands.java:5)
	at io.michaelcane.Calculator.&lt;init&gt;(Calculator.java:6)
	at io.michaelcane.Commands.&lt;init&gt;(Commands.java:5)
	at io.michaelcane.Calculator.&lt;init&gt;(Calculator.java:6)
	at io.michaelcane.Commands.&lt;init&gt;(Commands.java:5)
	at io.michaelcane.Calculator.&lt;init&gt;(Calculator.java:6)
	at io.michaelcane.Commands.&lt;init&gt;(Commands.java:5)
	at io.michaelcane.Calculator.&lt;init&gt;(Calculator.java:6)
	at io.michaelcane.Commands.&lt;init&gt;(Commands.java:5)
	at io.michaelcane.Calculator.&lt;init&gt;(Calculator.java:6)
	at io.michaelcane.Commands.&lt;init&gt;(Commands.java:5)
	at io.michaelcane.Calculator.&lt;init&gt;(Calculator.java:6)
	at io.michaelcane.Commands.&lt;init&gt;(Commands.java:5)
	at io.michaelcane.Calculator.&lt;init&gt;(Calculator.java:6)
	at io.michaelcane.Commands.&lt;init&gt;(Commands.java:5)
	at io.michaelcane.Calculator.&lt;init&gt;(Calculator.java:6)
	at io.michaelcane.Commands.&lt;init&gt;(Commands.java:5)
	at io.michaelcane.Calculator.&lt;init&gt;(Calculator.java:6)
	at io.michaelcane.Commands.&lt;init&gt;(Commands.java:5)
	at io.michaelcane.Calculator.&lt;init&gt;(Calculator.java:6)
	at io.michaelcane.Commands.&lt;init&gt;(Commands.java:5)
	at io.michaelcane.Calculator.&lt;init&gt;(Calculator.java:6)
	at io.michaelcane.Commands.&lt;init&gt;(Commands.java:5)
	at io.michaelcane.Calculator.&lt;init&gt;(Calculator.java:6)
	at io.michaelcane.Commands.&lt;init&gt;(Commands.java:5)
	at io.michaelcane.Calculator.&lt;init&gt;(Calculator.java:6)
	at io.michaelcane.Commands.&lt;init&gt;(Commands.java:5)
	at io.michaelcane.Calculator.&lt;init&gt;(Calculator.java:6)
	at io.michaelcane.Commands.&lt;init&gt;(Commands.java:5)
	at io.michaelcane.Calculator.&lt;init&gt;(Calculator.java:6)
	at io.michaelcane.Commands.&lt;init&gt;(Commands.java:5)
	at io.michaelcane.Calculator.&lt;init&gt;(Calculator.java:6)
	at io.michaelcane.Commands.&lt;init&gt;(Commands.java:5)
	at io.michaelcane.Calculator.&lt;init&gt;(Calculator.java:6)
	at io.michaelcane.Commands.&lt;init&gt;(Commands.java:5)
	at io.michaelcane.Calculator.&lt;init&gt;(Calculator.java:6)
	at io.michaelcane.Commands.&lt;init&gt;(Commands.java:5)
	at io.michaelcane.Calculator.&lt;init&gt;(Calculator.java:6)
	at io.michaelcane.Commands.&lt;init&gt;(Commands.java:5)
	at io.michaelcane.Calculator.&lt;init&gt;(Calculator.java:6)
	at io.michaelcane.Commands.&lt;init&gt;(Commands.java:5)
	at io.michaelcane.Calculator.&lt;init&gt;(Calculator.java:6)
	at io.michaelcane.Commands.&lt;init&gt;(Commands.java:5)
	at io.michaelcane.Calculator.&lt;init&gt;(Calculator.java:6)
	at io.michaelcane.Commands.&lt;init&gt;(Commands.java:5)
	at io.michaelcane.Calculator.&lt;init&gt;(Calculator.java:6)
	at io.michaelcane.Commands.&lt;init&gt;(Commands.java:5)
	at io.michaelcane.Calculator.&lt;init&gt;(Calculator.java:6)
	at io.michaelcane.Commands.&lt;init&gt;(Commands.java:5)
	at io.michaelcane.Calculator.&lt;init&gt;(Calculator.java:6)
	at io.michaelcane.Commands.&lt;init&gt;(Commands.java:5)
	at io.michaelcane.Calculator.&lt;init&gt;(Calculator.java:6)
	at io.michaelcane.Commands.&lt;init&gt;(Commands.java:5)
	at io.michaelcane.Calculator.&lt;init&gt;(Calculator.java:6)
	at io.michaelcane.Commands.&lt;init&gt;(Commands.java:5)
	at io.michaelcane.Calculator.&lt;init&gt;(Calculator.java:6)
	at io.michaelcane.Commands.&lt;init&gt;(Commands.java:5)
	at io.michaelcane.Calculator.&lt;init&gt;(Calculator.java:6)
	at io.michaelcane.Commands.&lt;init&gt;(Commands.java:5)
	at io.michaelcane.Calculator.&lt;init&gt;(Calculator.java:6)
	at io.michaelcane.Commands.&lt;init&gt;(Commands.java:5)
	at io.michaelcane.Calculator.&lt;init&gt;(Calculator.java:6)
	at io.michaelcane.Commands.&lt;init&gt;(Commands.java:5)
	at io.michaelcane.Calculator.&lt;init&gt;(Calculator.java:6)
	at io.michaelcane.Commands.&lt;init&gt;(Commands.java:5)
	at io.michaelcane.Calculator.&lt;init&gt;(Calculator.java:6)
	at io.michaelcane.Commands.&lt;init&gt;(Commands.java:5)
	at io.michaelcane.Calculator.&lt;init&gt;(Calculator.java:6)
	at io.michaelcane.Commands.&lt;init&gt;(Commands.java:5)
	at io.michaelcane.Calculator.&lt;init&gt;(Calculator.java:6)
	at io.michaelcane.Commands.&lt;init&gt;(Commands.java:5)
	at io.michaelcane.Calculator.&lt;init&gt;(Calculator.java:6)
	at io.michaelcane.Commands.&lt;init&gt;(Commands.java:5)
	at io.michaelcane.Calculator.&lt;init&gt;(Calculator.java:6)
	at io.michaelcane.Commands.&lt;init&gt;(Commands.java:5)
	at io.michaelcane.Calculator.&lt;init&gt;(Calculator.java:6)
	at io.michaelcane.Commands.&lt;init&gt;(Commands.java:5)
	at io.michaelcane.Calculator.&lt;init&gt;(Calculator.java:6)
	at io.michaelcane.Commands.&lt;init&gt;(Commands.java:5)
	at io.michaelcane.Calculator.&lt;init&gt;(Calculator.java:6)
	at io.michaelcane.Commands.&lt;init&gt;(Commands.java:5)
	at io.michaelcane.Calculator.&lt;init&gt;(Calculator.java:6)
	at io.michaelcane.Commands.&lt;init&gt;(Commands.java:5)
	at io.michaelcane.Calculator.&lt;init&gt;(Calculator.java:6)
	at io.michaelcane.Commands.&lt;init&gt;(Commands.java:5)
	at io.michaelcane.Calculator.&lt;init&gt;(Calculator.java:6)
	at io.michaelcane.Commands.&lt;init&gt;(Commands.java:5)
	at io.michaelcane.Calculator.&lt;init&gt;(Calculator.java:6)
	at io.michaelcane.Commands.&lt;init&gt;(Commands.java:5)
	at io.michaelcane.Calculator.&lt;init&gt;(Calculator.java:6)
	at io.michaelcane.Commands.&lt;init&gt;(Commands.java:5)
	at io.michaelcane.Calculator.&lt;init&gt;(Calculator.java:6)
	at io.michaelcane.Commands.&lt;init&gt;(Commands.java:5)
	at io.michaelcane.Calculator.&lt;init&gt;(Calculator.java:6)
	at io.michaelcane.Commands.&lt;init&gt;(Commands.java:5)
	at io.michaelcane.Calculator.&lt;init&gt;(Calculator.java:6)
	at io.michaelcane.Commands.&lt;init&gt;(Commands.java:5)
	at io.michaelcane.Calculator.&lt;init&gt;(Calculator.java:6)
	at io.michaelcane.Commands.&lt;init&gt;(Commands.java:5)
	at io.michaelcane.Calculator.&lt;init&gt;(Calculator.java:6)
	at io.michaelcane.Commands.&lt;init&gt;(Commands.java:5)
	at io.michaelcane.Calculator.&lt;init&gt;(Calculator.java:6)
	at io.michaelcane.Commands.&lt;init&gt;(Commands.java:5)
	at io.michaelcane.Calculator.&lt;init&gt;(Calculator.java:6)
	at io.michaelcane.Commands.&lt;init&gt;(Commands.java:5)
	at io.michaelcane.Calculator.&lt;init&gt;(Calculator.java:6)
	at io.michaelcane.Commands.&lt;init&gt;(Commands.java:5)
	at io.michaelcane.Calculator.&lt;init&gt;(Calculator.java:6)
	at io.michaelcane.Commands.&lt;init&gt;(Commands.java:5)
	at io.michaelcane.Calculator.&lt;init&gt;(Calculator.java:6)
	at io.michaelcane.Commands.&lt;init&gt;(Commands.java:5)
	at io.michaelcane.Calculator.&lt;init&gt;(Calculator.java:6)
	at io.michaelcane.Commands.&lt;init&gt;(Commands.java:5)
	at io.michaelcane.Calculator.&lt;init&gt;(Calculator.java:6)
	at io.michaelcane.Commands.&lt;init&gt;(Commands.java:5)
	at io.michaelcane.Calculator.&lt;init&gt;(Calculator.java:6)
	at io.michaelcane.Commands.&lt;init&gt;(Commands.java:5)
	at io.michaelcane.Calculator.&lt;init&gt;(Calculator.java:6)
	at io.michaelcane.Commands.&lt;init&gt;(Commands.java:5)
	at io.michaelcane.Calculator.&lt;init&gt;(Calculator.java:6)
	at io.michaelcane.Commands.&lt;init&gt;(Commands.java:5)
	at io.michaelcane.Calculator.&lt;init&gt;(Calculator.java:6)
	at io.michaelcane.Commands.&lt;init&gt;(Commands.java:5)
	at io.michaelcane.Calculator.&lt;init&gt;(Calculator.java:6)
	at io.michaelcane.Commands.&lt;init&gt;(Commands.java:5)
	at io.michaelcane.Calculator.&lt;init&gt;(Calculator.java:6)
	at io.michaelcane.Commands.&lt;init&gt;(Commands.java:5)
	at io.michaelcane.Calculator.&lt;init&gt;(Calculator.java:6)
	at io.michaelcane.Commands.&lt;init&gt;(Commands.java:5)
	at io.michaelcane.Calculator.&lt;init&gt;(Calculator.java:6)
	at io.michaelcane.Commands.&lt;init&gt;(Commands.java:5)
	at io.michaelcane.Calculator.&lt;init&gt;(Calculator.java:6)
	at io.michaelcane.Commands.&lt;init&gt;(Commands.java:5)
	at io.michaelcane.Calculator.&lt;init&gt;(Calculator.java:6)
	at io.michaelcane.Commands.&lt;init&gt;(Commands.java:5)
	at io.michaelcane.Calculator.&lt;init&gt;(Calculator.java:6)
	at io.michaelcane.Commands.&lt;init&gt;(Commands.java:5)
	at io.michaelcane.Calculator.&lt;init&gt;(Calculator.java:6)
	at io.michaelcane.Commands.&lt;init&gt;(Commands.java:5)
	at io.michaelcane.Calculator.&lt;init&gt;(Calculator.java:6)
	at io.michaelcane.Commands.&lt;init&gt;(Commands.java:5)
	at io.michaelcane.Calculator.&lt;init&gt;(Calculator.java:6)
	at io.michaelcane.Commands.&lt;init&gt;(Commands.java:5)
	at io.michaelcane.Calculator.&lt;init&gt;(Calculator.java:6)
	at io.michaelcane.Commands.&lt;init&gt;(Commands.java:5)
	at io.michaelcane.Calculator.&lt;init&gt;(Calculator.java:6)
	at io.michaelcane.Commands.&lt;init&gt;(Commands.java:5)
	at io.michaelcane.Calculator.&lt;init&gt;(Calculator.java:6)
	at io.michaelcane.Commands.&lt;init&gt;(Commands.java:5)
	at io.michaelcane.Calculator.&lt;init&gt;(Calculator.java:6)
	at io.michaelcane.Commands.&lt;init&gt;(Commands.java:5)
	at io.michaelcane.Calculator.&lt;init&gt;(Calculator.java:6)
	at io.michaelcane.Commands.&lt;init&gt;(Commands.java:5)
	at io.michaelcane.Calculator.&lt;init&gt;(Calculator.java:6)
	at io.michaelcane.Commands.&lt;init&gt;(Commands.java:5)
	at io.michaelcane.Calculator.&lt;init&gt;(Calculator.java:6)
	at io.michaelcane.Commands.&lt;init&gt;(Commands.java:5)
	at io.michaelcane.Calculator.&lt;init&gt;(Calculator.java:6)
	at io.michaelcane.Commands.&lt;init&gt;(Commands.java:5)
	at io.michaelcane.Calculator.&lt;init&gt;(Calculator.java:6)
	at io.michaelcane.Commands.&lt;init&gt;(Commands.java:5)
	at io.michaelcane.Calculator.&lt;init&gt;(Calculator.java:6)
	at io.michaelcane.Commands.&lt;init&gt;(Commands.java:5)
	at io.michaelcane.Calculator.&lt;init&gt;(Calculator.java:6)
	at io.michaelcane.Commands.&lt;init&gt;(Commands.java:5)
	at io.michaelcane.Calculator.&lt;init&gt;(Calculator.java:6)
	at io.michaelcane.Commands.&lt;init&gt;(Commands.java:5)
	at io.michaelcane.Calculator.&lt;init&gt;(Calculator.java:6)
	at io.michaelcane.Commands.&lt;init&gt;(Commands.java:5)
	at io.michaelcane.Calculator.&lt;init&gt;(Calculator.java:6)
	at io.michaelcane.Commands.&lt;init&gt;(Commands.java:5)
	at io.michaelcane.Calculator.&lt;init&gt;(Calculator.java:6)
	at io.michaelcane.Commands.&lt;init&gt;(Commands.java:5)
	at io.michaelcane.Calculator.&lt;init&gt;(Calculator.java:6)
	at io.michaelcane.Commands.&lt;init&gt;(Commands.java:5)
	at io.michaelcane.Calculator.&lt;init&gt;(Calculator.java:6)
	at io.michaelcane.Commands.&lt;init&gt;(Commands.java:5)
	at io.michaelcane.Calculator.&lt;init&gt;(Calculator.java:6)
	at io.michaelcane.Commands.&lt;init&gt;(Commands.java:5)
	at io.michaelcane.Calculator.&lt;init&gt;(Calculator.java:6)
	at io.michaelcane.Commands.&lt;init&gt;(Commands.java:5)
	at io.michaelcane.Calculator.&lt;init&gt;(Calculator.java:6)
	at io.michaelcane.Commands.&lt;init&gt;(Commands.java:5)
	at io.michaelcane.Calculator.&lt;init&gt;(Calculator.java:6)
	at io.michaelcane.Commands.&lt;init&gt;(Commands.java:5)
	at io.michaelcane.Calculator.&lt;init&gt;(Calculator.java:6)
	at io.michaelcane.Commands.&lt;init&gt;(Commands.java:5)
	at io.michaelcane.Calculator.&lt;init&gt;(Calculator.java:6)
	at io.michaelcane.Commands.&lt;init&gt;(Commands.java:5)
	at io.michaelcane.Calculator.&lt;init&gt;(Calculator.java:6)
	at io.michaelcane.Commands.&lt;init&gt;(Commands.java:5)
	at io.michaelcane.Calculator.&lt;init&gt;(Calculator.java:6)
	at io.michaelcane.Commands.&lt;init&gt;(Commands.java:5)
	at io.michaelcane.Calculator.&lt;init&gt;(Calculator.java:6)
	at io.michaelcane.Commands.&lt;init&gt;(Commands.java:5)
	at io.michaelcane.Calculator.&lt;init&gt;(Calculator.java:6)
	at io.michaelcane.Commands.&lt;init&gt;(Commands.java:5)
	at io.michaelcane.Calculator.&lt;init&gt;(Calculator.java:6)
	at io.michaelcane.Commands.&lt;init&gt;(Commands.java:5)
	at io.michaelcane.Calculator.&lt;init&gt;(Calculator.java:6)
	at io.michaelcane.Commands.&lt;init&gt;(Commands.java:5)
	at io.michaelcane.Calculator.&lt;init&gt;(Calculator.java:6)
	at io.michaelcane.Commands.&lt;init&gt;(Commands.java:5)
	at io.michaelcane.Calculator.&lt;init&gt;(Calculator.java:6)
	at io.michaelcane.Commands.&lt;init&gt;(Commands.java:5)
	at io.michaelcane.Calculator.&lt;init&gt;(Calculator.java:6)
	at io.michaelcane.Commands.&lt;init&gt;(Commands.java:5)
	at io.michaelcane.Calculator.&lt;init&gt;(Calculator.java:6)
	at io.michaelcane.Commands.&lt;init&gt;(Commands.java:5)
	at io.michaelcane.Calculator.&lt;init&gt;(Calculator.java:6)
	at io.michaelcane.Commands.&lt;init&gt;(Commands.java:5)
	at io.michaelcane.Calculator.&lt;init&gt;(Calculator.java:6)
	at io.michaelcane.Commands.&lt;init&gt;(Commands.java:5)
	at io.michaelcane.Calculator.&lt;init&gt;(Calculator.java:6)
	at io.michaelcane.Commands.&lt;init&gt;(Commands.java:5)
	at io.michaelcane.Calculator.&lt;init&gt;(Calculator.java:6)
	at io.michaelcane.Commands.&lt;init&gt;(Commands.java:5)
	at io.michaelcane.Calculator.&lt;init&gt;(Calculator.java:6)
	at io.michaelcane.Commands.&lt;init&gt;(Commands.java:5)
	at io.michaelcane.Calculator.&lt;init&gt;(Calculator.java:6)
	at io.michaelcane.Commands.&lt;init&gt;(Commands.java:5)
	at io.michaelcane.Calculator.&lt;init&gt;(Calculator.java:6)
	at io.michaelcane.Commands.&lt;init&gt;(Commands.java:5)
	at io.michaelcane.Calculator.&lt;init&gt;(Calculator.java:6)
	at io.michaelcane.Commands.&lt;init&gt;(Commands.java:5)
	at io.michaelcane.Calculator.&lt;init&gt;(Calculator.java:6)
	at io.michaelcane.Commands.&lt;init&gt;(Commands.java:5)
	at io.michaelcane.Calculator.&lt;init&gt;(Calculator.java:6)
	at io.michaelcane.Commands.&lt;init&gt;(Commands.java:5)
	at io.michaelcane.Calculator.&lt;init&gt;(Calculator.java:6)
	at io.michaelcane.Commands.&lt;init&gt;(Commands.java:5)
	at io.michaelcane.Calculator.&lt;init&gt;(Calculator.java:6)
	at io.michaelcane.Commands.&lt;init&gt;(Commands.java:5)
	at io.michaelcane.Calculator.&lt;init&gt;(Calculator.java:6)
	at io.michaelcane.Commands.&lt;init&gt;(Commands.java:5)
	at io.michaelcane.Calculator.&lt;init&gt;(Calculator.java:6)
	at io.michaelcane.Commands.&lt;init&gt;(Commands.java:5)
	at io.michaelcane.Calculator.&lt;init&gt;(Calculator.java:6)
	at io.michaelcane.Commands.&lt;init&gt;(Commands.java:5)
	at io.michaelcane.Calculator.&lt;init&gt;(Calculator.java:6)
	at io.michaelcane.Commands.&lt;init&gt;(Commands.java:5)
	at io.michaelcane.Calculator.&lt;init&gt;(Calculator.java:6)
	at io.michaelcane.Commands.&lt;init&gt;(Commands.java:5)
	at io.michaelcane.Calculator.&lt;init&gt;(Calculator.java:6)
	at io.michaelcane.Commands.&lt;init&gt;(Commands.java:5)
	at io.michaelcane.Calculator.&lt;init&gt;(Calculator.java:6)
	at io.michaelcane.Commands.&lt;init&gt;(Commands.java:5)
	at io.michaelcane.Calculator.&lt;init&gt;(Calculator.java:6)
	at io.michaelcane.Commands.&lt;init&gt;(Commands.java:5)
	at io.michaelcane.Calculator.&lt;init&gt;(Calculator.java:6)
	at io.michaelcane.Commands.&lt;init&gt;(Commands.java:5)
	at io.michaelcane.Calculator.&lt;init&gt;(Calculator.java:6)
	at io.michaelcane.Commands.&lt;init&gt;(Commands.java:5)
	at io.michaelcane.Calculator.&lt;init&gt;(Calculator.java:6)
	at io.michaelcane.Commands.&lt;init&gt;(Commands.java:5)
	at io.michaelcane.Calculator.&lt;init&gt;(Calculator.java:6)
	at io.michaelcane.Commands.&lt;init&gt;(Commands.java:5)
	at io.michaelcane.Calculator.&lt;init&gt;(Calculator.java:6)
	at io.michaelcane.Commands.&lt;init&gt;(Commands.java:5)
	at io.michaelcane.Calculator.&lt;init&gt;(Calculator.java:6)
	at io.michaelcane.Commands.&lt;init&gt;(Commands.java:5)
	at io.michaelcane.Calculator.&lt;init&gt;(Calculator.java:6)
	at io.michaelcane.Commands.&lt;init&gt;(Commands.java:5)
	at io.michaelcane.Calculator.&lt;init&gt;(Calculator.java:6)
	at io.michaelcane.Commands.&lt;init&gt;(Commands.java:5)
	at io.michaelcane.Calculator.&lt;init&gt;(Calculator.java:6)
	at io.michaelcane.Commands.&lt;init&gt;(Commands.java:5)
	at io.michaelcane.Calculator.&lt;init&gt;(Calculator.java:6)
	at io.michaelcane.Commands.&lt;init&gt;(Commands.java:5)
	at io.michaelcane.Calculator.&lt;init&gt;(Calculator.java:6)
	at io.michaelcane.Commands.&lt;init&gt;(Commands.java:5)
	at io.michaelcane.Calculator.&lt;init&gt;(Calculator.java:6)
	at io.michaelcane.Commands.&lt;init&gt;(Commands.java:5)
	at io.michaelcane.Calculator.&lt;init&gt;(Calculator.java:6)
	at io.michaelcane.Commands.&lt;init&gt;(Commands.java:5)
	at io.michaelcane.Calculator.&lt;init&gt;(Calculator.java:6)
	at io.michaelcane.Commands.&lt;init&gt;(Commands.java:5)
	at io.michaelcane.Calculator.&lt;init&gt;(Calculator.java:6)
	at io.michaelcane.Commands.&lt;init&gt;(Commands.java:5)
	at io.michaelcane.Calculator.&lt;init&gt;(Calculator.java:6)
	at io.michaelcane.Commands.&lt;init&gt;(Commands.java:5)
	at io.michaelcane.Calculator.&lt;init&gt;(Calculator.java:6)
	at io.michaelcane.Commands.&lt;init&gt;(Commands.java:5)
	at io.michaelcane.Calculator.&lt;init&gt;(Calculator.java:6)
	at io.michaelcane.Commands.&lt;init&gt;(Commands.java:5)
	at io.michaelcane.Calculator.&lt;init&gt;(Calculator.java:6)
	at io.michaelcane.Commands.&lt;init&gt;(Commands.java:5)
	at io.michaelcane.Calculator.&lt;init&gt;(Calculator.java:6)
	at io.michaelcane.Commands.&lt;init&gt;(Commands.java:5)
	at io.michaelcane.Calculator.&lt;init&gt;(Calculator.java:6)
	at io.michaelcane.Commands.&lt;init&gt;(Commands.java:5)
	at io.michaelcane.Calculator.&lt;init&gt;(Calculator.java:6)
	at io.michaelcane.Commands.&lt;init&gt;(Commands.java:5)
	at io.michaelcane.Calculator.&lt;init&gt;(Calculator.java:6)
	at io.michaelcane.Commands.&lt;init&gt;(Commands.java:5)
	at io.michaelcane.Calculator.&lt;init&gt;(Calculator.java:6)
	at io.michaelcane.Commands.&lt;init&gt;(Commands.java:5)
	at io.michaelcane.Calculator.&lt;init&gt;(Calculator.java:6)
	at io.michaelcane.Commands.&lt;init&gt;(Commands.java:5)
	at io.michaelcane.Calculator.&lt;init&gt;(Calculator.java:6)
	at io.michaelcane.Commands.&lt;init&gt;(Commands.java:5)
	at io.michaelcane.Calculator.&lt;init&gt;(Calculator.java:6)
	at io.michaelcane.Commands.&lt;init&gt;(Commands.java:5)
	at io.michaelcane.Calculator.&lt;init&gt;(Calculator.java:6)
	at io.michaelcane.Commands.&lt;init&gt;(Commands.java:5)
	at io.michaelcane.Calculator.&lt;init&gt;(Calculator.java:6)
	at io.michaelcane.Commands.&lt;init&gt;(Commands.java:5)
	at io.michaelcane.Calculator.&lt;init&gt;(Calculator.java:6)
	at io.michaelcane.Commands.&lt;init&gt;(Commands.java:5)
	at io.michaelcane.Calculator.&lt;init&gt;(Calculator.java:6)
	at io.michaelcane.Commands.&lt;init&gt;(Commands.java:5)
	at io.michaelcane.Calculator.&lt;init&gt;(Calculator.java:6)
	at io.michaelcane.Commands.&lt;init&gt;(Commands.java:5)
	at io.michaelcane.Calculator.&lt;init&gt;(Calculator.java:6)
	at io.michaelcane.Commands.&lt;init&gt;(Commands.java:5)
	at io.michaelcane.Calculator.&lt;init&gt;(Calculator.java:6)
	at io.michaelcane.Commands.&lt;init&gt;(Commands.java:5)
	at io.michaelcane.Calculator.&lt;init&gt;(Calculator.java:6)
	at io.michaelcane.Commands.&lt;init&gt;(Commands.java:5)
	at io.michaelcane.Calculator.&lt;init&gt;(Calculator.java:6)
	at io.michaelcane.Commands.&lt;init&gt;(Commands.java:5)
	at io.michaelcane.Calculator.&lt;init&gt;(Calculator.java:6)
	at io.michaelcane.Commands.&lt;init&gt;(Commands.java:5)
	at io.michaelcane.Calculator.&lt;init&gt;(Calculator.java:6)
	at io.michaelcane.Commands.&lt;init&gt;(Commands.java:5)
	at io.michaelcane.Calculator.&lt;init&gt;(Calculator.java:6)
	at io.michaelcane.Commands.&lt;init&gt;(Commands.java:5)
	at io.michaelcane.Calculator.&lt;init&gt;(Calculator.java:6)
	at io.michaelcane.Commands.&lt;init&gt;(Commands.java:5)
	at io.michaelcane.Calculator.&lt;init&gt;(Calculator.java:6)
	at io.michaelcane.Commands.&lt;init&gt;(Commands.java:5)
	at io.michaelcane.Calculator.&lt;init&gt;(Calculator.java:6)
	at io.michaelcane.Commands.&lt;init&gt;(Commands.java:5)
	at io.michaelcane.Calculator.&lt;init&gt;(Calculator.java:6)
	at io.michaelcane.Commands.&lt;init&gt;(Commands.java:5)
	at io.michaelcane.Calculator.&lt;init&gt;(Calculator.java:6)
	at io.michaelcane.Commands.&lt;init&gt;(Commands.java:5)
	at io.michaelcane.Calculator.&lt;init&gt;(Calculator.java:6)
	at io.michaelcane.Commands.&lt;init&gt;(Commands.java:5)
	at io.michaelcane.Calculator.&lt;init&gt;(Calculator.java:6)
	at io.michaelcane.Commands.&lt;init&gt;(Commands.java:5)
	at io.michaelcane.Calculator.&lt;init&gt;(Calculator.java:6)
	at io.michaelcane.Commands.&lt;init&gt;(Commands.java:5)
	at io.michaelcane.Calculator.&lt;init&gt;(Calculator.java:6)
	at io.michaelcane.Commands.&lt;init&gt;(Commands.java:5)
	at io.michaelcane.Calculator.&lt;init&gt;(Calculator.java:6)
	at io.michaelcane.Commands.&lt;init&gt;(Commands.java:5)
	at io.michaelcane.Calculator.&lt;init&gt;(Calculator.java:6)
	at io.michaelcane.Commands.&lt;init&gt;(Commands.java:5)
	at io.michaelcane.Calculator.&lt;init&gt;(Calculator.java:6)
	at io.michaelcane.Commands.&lt;init&gt;(Commands.java:5)
	at io.michaelcane.Calculator.&lt;init&gt;(Calculator.java:6)
	at io.michaelcane.Commands.&lt;init&gt;(Commands.java:5)
	at io.michaelcane.Calculator.&lt;init&gt;(Calculator.java:6)
	at io.michaelcane.Commands.&lt;init&gt;(Commands.java:5)
	at io.michaelcane.Calculator.&lt;init&gt;(Calculator.java:6)
	at io.michaelcane.Commands.&lt;init&gt;(Commands.java:5)
	at io.michaelcane.Calculator.&lt;init&gt;(Calculator.java:6)
	at io.michaelcane.Commands.&lt;init&gt;(Commands.java:5)
	at io.michaelcane.Calculator.&lt;init&gt;(Calculator.java:6)
	at io.michaelcane.Commands.&lt;init&gt;(Commands.java:5)
	at io.michaelcane.Calculator.&lt;init&gt;(Calculator.java:6)
	at io.michaelcane.Commands.&lt;init&gt;(Commands.java:5)
	at io.michaelcane.Calculator.&lt;init&gt;(Calculator.java:6)
	at io.michaelcane.Commands.&lt;init&gt;(Commands.java:5)
	at io.michaelcane.Calculator.&lt;init&gt;(Calculator.java:6)
	at io.michaelcane.Commands.&lt;init&gt;(Commands.java:5)
	at io.michaelcane.Calculator.&lt;init&gt;(Calculator.java:6)
	at io.michaelcane.Commands.&lt;init&gt;(Commands.java:5)
	at io.michaelcane.Calculator.&lt;init&gt;(Calculator.java:6)
	at io.michaelcane.Commands.&lt;init&gt;(Commands.java:5)
	at io.michaelcane.Calculator.&lt;init&gt;(Calculator.java:6)
	at io.michaelcane.Commands.&lt;init&gt;(Commands.java:5)
	at io.michaelcane.Calculator.&lt;init&gt;(Calculator.java:6)
	at io.michaelcane.Commands.&lt;init&gt;(Commands.java:5)
	at io.michaelcane.Calculator.&lt;init&gt;(Calculator.java:6)
	at io.michaelcane.Commands.&lt;init&gt;(Commands.java:5)
	at io.michaelcane.Calculator.&lt;init&gt;(Calculator.java:6)
	at io.michaelcane.Commands.&lt;init&gt;(Commands.java:5)
	at io.michaelcane.Calculator.&lt;init&gt;(Calculator.java:6)
	at io.michaelcane.Commands.&lt;init&gt;(Commands.java:5)
	at io.michaelcane.Calculator.&lt;init&gt;(Calculator.java:6)
	at io.michaelcane.Commands.&lt;init&gt;(Commands.java:5)
	at io.michaelcane.Calculator.&lt;init&gt;(Calculator.java:6)
	at io.michaelcane.Commands.&lt;init&gt;(Commands.java:5)
	at io.michaelcane.Calculator.&lt;init&gt;(Calculator.java:6)
	at io.michaelcane.Commands.&lt;init&gt;(Commands.java:5)
	at io.michaelcane.Calculator.&lt;init&gt;(Calculator.java:6)
	at io.michaelcane.Commands.&lt;init&gt;(Commands.java:5)
	at io.michaelcane.Calculator.&lt;init&gt;(Calculator.java:6)
	at io.michaelcane.Commands.&lt;init&gt;(Commands.java:5)
	at io.michaelcane.Calculator.&lt;init&gt;(Calculator.java:6)
	at io.michaelcane.Commands.&lt;init&gt;(Commands.java:5)
	at io.michaelcane.Calculator.&lt;init&gt;(Calculator.java:6)
	at io.michaelcane.Commands.&lt;init&gt;(Commands.java:5)
	at io.michaelcane.Calculator.&lt;init&gt;(Calculator.java:6)
	at io.michaelcane.Commands.&lt;init&gt;(Commands.java:5)
	at io.michaelcane.Calculator.&lt;init&gt;(Calculator.java:6)
	at io.michaelcane.Commands.&lt;init&gt;(Commands.java:5)
	at io.michaelcane.Calculator.&lt;init&gt;(Calculator.java:6)
	at io.michaelcane.Commands.&lt;init&gt;(Commands.java:5)
	at io.michaelcane.Calculator.&lt;init&gt;(Calculator.java:6)
	at io.michaelcane.Commands.&lt;init&gt;(Commands.java:5)
	at io.michaelcane.Calculator.&lt;init&gt;(Calculator.java:6)
	at io.michaelcane.Commands.&lt;init&gt;(Commands.java:5)
	at io.michaelcane.Calculator.&lt;init&gt;(Calculator.java:6)
	at io.michaelcane.Commands.&lt;init&gt;(Commands.java:5)
	at io.michaelcane.Calculator.&lt;init&gt;(Calculator.java:6)
	at io.michaelcane.Commands.&lt;init&gt;(Commands.java:5)
	at io.michaelcane.Calculator.&lt;init&gt;(Calculator.java:6)
	at io.michaelcane.Commands.&lt;init&gt;(Commands.java:5)
	at io.michaelcane.Calculator.&lt;init&gt;(Calculator.java:6)
	at io.michaelcane.Commands.&lt;init&gt;(Commands.java:5)
	at io.michaelcane.Calculator.&lt;init&gt;(Calculator.java:6)
	at io.michaelcane.Commands.&lt;init&gt;(Commands.java:5)
	at io.michaelcane.Calculator.&lt;init&gt;(Calculator.java:6)
	at io.michaelcane.Commands.&lt;init&gt;(Commands.java:5)
	at io.michaelcane.Calculator.&lt;init&gt;(Calculator.java:6)
	at io.michaelcane.Commands.&lt;init&gt;(Commands.java:5)
	at io.michaelcane.Calculator.&lt;init&gt;(Calculator.java:6)
	at io.michaelcane.Commands.&lt;init&gt;(Commands.java:5)
	at io.michaelcane.Calculator.&lt;init&gt;(Calculator.java:6)
	at io.michaelcane.Commands.&lt;init&gt;(Commands.java:5)
	at io.michaelcane.Calculator.&lt;init&gt;(Calculator.java:6)
	at io.michaelcane.Commands.&lt;init&gt;(Commands.java:5)
	at io.michaelcane.Calculator.&lt;init&gt;(Calculator.java:6)
	at io.michaelcane.Commands.&lt;init&gt;(Commands.java:5)
	at io.michaelcane.Calculator.&lt;init&gt;(Calculator.java:6)
	at io.michaelcane.Commands.&lt;init&gt;(Commands.java:5)
	at io.michaelcane.Calculator.&lt;init&gt;(Calculator.java:6)
	at io.michaelcane.Commands.&lt;init&gt;(Commands.java:5)
	at io.michaelcane.Calculator.&lt;init&gt;(Calculator.java:6)
	at io.michaelcane.Commands.&lt;init&gt;(Commands.java:5)
	at io.michaelcane.Calculator.&lt;init&gt;(Calculator.java:6)
	at io.michaelcane.Commands.&lt;init&gt;(Commands.java:5)
	at io.michaelcane.Calculator.&lt;init&gt;(Calculator.java:6)
	at io.michaelcane.Commands.&lt;init&gt;(Commands.java:5)
	at io.michaelcane.Calculator.&lt;init&gt;(Calculator.java:6)
	at io.michaelcane.Commands.&lt;init&gt;(Commands.java:5)
	at io.michaelcane.Calculator.&lt;init&gt;(Calculator.java:6)
	at io.michaelcane.Commands.&lt;init&gt;(Commands.java:5)
	at io.michaelcane.Calculator.&lt;init&gt;(Calculator.java:6)
	at io.michaelcane.Commands.&lt;init&gt;(Commands.java:5)
	at io.michaelcane.Calculator.&lt;init&gt;(Calculator.java:6)
	at io.michaelcane.Commands.&lt;init&gt;(Commands.java:5)
	at io.michaelcane.Calculator.&lt;init&gt;(Calculator.java:6)
	at io.michaelcane.Commands.&lt;init&gt;(Commands.java:5)
	at io.michaelcane.Calculator.&lt;init&gt;(Calculator.java:6)
	at io.michaelcane.Commands.&lt;init&gt;(Commands.java:5)
	at io.michaelcane.Calculator.&lt;init&gt;(Calculator.java:6)
	at io.michaelcane.Commands.&lt;init&gt;(Commands.java:5)
	at io.michaelcane.Calculator.&lt;init&gt;(Calculator.java:6)
	at io.michaelcane.Commands.&lt;init&gt;(Commands.java:5)
	at io.michaelcane.Calculator.&lt;init&gt;(Calculator.java:6)
	at io.michaelcane.Commands.&lt;init&gt;(Commands.java:5)
	at io.michaelcane.Calculator.&lt;init&gt;(Calculator.java:6)
	at io.michaelcane.Commands.&lt;init&gt;(Commands.java:5)
	at io.michaelcane.Calculator.&lt;init&gt;(Calculator.java:6)
	at io.michaelcane.Commands.&lt;init&gt;(Commands.java:5)
	at io.michaelcane.Calculator.&lt;init&gt;(Calculator.java:6)
	at io.michaelcane.Commands.&lt;init&gt;(Commands.java:5)
	at io.michaelcane.Calculator.&lt;init&gt;(Calculator.java:6)
	at io.michaelcane.Commands.&lt;init&gt;(Commands.java:5)
	at io.michaelcane.Calculator.&lt;init&gt;(Calculator.java:6)
	at io.michaelcane.Commands.&lt;init&gt;(Commands.java:5)
	at io.michaelcane.Calculator.&lt;init&gt;(Calculator.java:6)
	at io.michaelcane.Commands.&lt;init&gt;(Commands.java:5)
	at io.michaelcane.Calculator.&lt;init&gt;(Calculator.java:6)
	at io.michaelcane.Commands.&lt;init&gt;(Commands.java:5)
	at io.michaelcane.Calculator.&lt;init&gt;(Calculator.java:6)
	at io.michaelcane.Commands.&lt;init&gt;(Commands.java:5)
	at io.michaelcane.Calculator.&lt;init&gt;(Calculator.java:6)
	at io.michaelcane.Commands.&lt;init&gt;(Commands.java:5)
	at io.michaelcane.Calculator.&lt;init&gt;(Calculator.java:6)
	at io.michaelcane.Commands.&lt;init&gt;(Commands.java:5)
	at io.michaelcane.Calculator.&lt;init&gt;(Calculator.java:6)
	at io.michaelcane.Commands.&lt;init&gt;(Commands.java:5)
	at io.michaelcane.Calculator.&lt;init&gt;(Calculator.java:6)
	at io.michaelcane.Commands.&lt;init&gt;(Commands.java:5)
	at io.michaelcane.Calculator.&lt;init&gt;(Calculator.java:6)
	at io.michaelcane.Commands.&lt;init&gt;(Commands.java:5)
	at io.michaelcane.Calculator.&lt;init&gt;(Calculator.java:6)
	at io.michaelcane.Commands.&lt;init&gt;(Commands.java:5)
	at io.michaelcane.Calculator.&lt;init&gt;(Calculator.java:6)
	at io.michaelcane.Commands.&lt;init&gt;(Commands.java:5)
	at io.michaelcane.Calculator.&lt;init&gt;(Calculator.java:6)
	at io.michaelcane.Commands.&lt;init&gt;(Commands.java:5)
	at io.michaelcane.Calculator.&lt;init&gt;(Calculator.java:6)
	at io.michaelcane.Commands.&lt;init&gt;(Commands.java:5)
	at io.michaelcane.Calculator.&lt;init&gt;(Calculator.java:6)
	at io.michaelcane.Commands.&lt;init&gt;(Commands.java:5)
	at io.michaelcane.Calculator.&lt;init&gt;(Calculator.java:6)
	at io.michaelcane.Commands.&lt;init&gt;(Commands.java:5)
	at io.michaelcane.Calculator.&lt;init&gt;(Calculator.java:6)
	at io.michaelcane.Commands.&lt;init&gt;(Commands.java:5)
	at io.michaelcane.Calculator.&lt;init&gt;(Calculator.java:6)
	at io.michaelcane.Commands.&lt;init&gt;(Commands.java:5)
	at io.michaelcane.Calculator.&lt;init&gt;(Calculator.java:6)
	at io.michaelcane.Commands.&lt;init&gt;(Commands.java:5)
	at io.michaelcane.Calculator.&lt;init&gt;(Calculator.java:6)
	at io.michaelcane.Commands.&lt;init&gt;(Commands.java:5)
	at io.michaelcane.Calculator.&lt;init&gt;(Calculator.java:6)
	at io.michaelcane.Commands.&lt;init&gt;(Commands.java:5)
	at io.michaelcane.Calculator.&lt;init&gt;(Calculator.java:6)
	at io.michaelcane.Commands.&lt;init&gt;(Commands.java:5)
	at io.michaelcane.Calculator.&lt;init&gt;(Calculator.java:6)
	at io.michaelcane.Commands.&lt;init&gt;(Commands.java:5)
	at io.michaelcane.Calculator.&lt;init&gt;(Calculator.java:6)
	at io.michaelcane.Commands.&lt;init&gt;(Commands.java:5)
	at io.michaelcane.Calculator.&lt;init&gt;(Calculator.java:6)
	at io.michaelcane.Commands.&lt;init&gt;(Commands.java:5)
	at io.michaelcane.Calculator.&lt;init&gt;(Calculator.java:6)
	at io.michaelcane.Commands.&lt;init&gt;(Commands.java:5)
	at io.michaelcane.Calculator.&lt;init&gt;(Calculator.java:6)
	at io.michaelcane.Commands.&lt;init&gt;(Commands.java:5)
	at io.michaelcane.Calculator.&lt;init&gt;(Calculator.java:6)
	at io.michaelcane.Commands.&lt;init&gt;(Commands.java:5)
	at io.michaelcane.Calculator.&lt;init&gt;(Calculator.java:6)
	at io.michaelcane.Commands.&lt;init&gt;(Commands.java:5)
	at io.michaelcane.Calculator.&lt;init&gt;(Calculator.java:6)
	at io.michaelcane.Commands.&lt;init&gt;(Commands.java:5)
	at io.michaelcane.Calculator.&lt;init&gt;(Calculator.java:6)
	at io.michaelcane.Commands.&lt;init&gt;(Commands.java:5)
	at io.michaelcane.Calculator.&lt;init&gt;(Calculator.java:6)
	at io.michaelcane.Commands.&lt;init&gt;(Commands.java:5)
	at io.michaelcane.Calculator.&lt;init&gt;(Calculator.java:6)
	at io.michaelcane.Commands.&lt;init&gt;(Commands.java:5)
	at io.michaelcane.Calculator.&lt;init&gt;(Calculator.java:6)
	at io.michaelcane.Commands.&lt;init&gt;(Commands.java:5)
	at io.michaelcane.Calculator.&lt;init&gt;(Calculator.java:6)
	at io.michaelcane.Commands.&lt;init&gt;(Commands.java:5)
	at io.michaelcane.Calculator.&lt;init&gt;(Calculator.java:6)
	at io.michaelcane.Commands.&lt;init&gt;(Commands.java:5)
	at io.michaelcane.Calculator.&lt;init&gt;(Calculator.java:6)
	at io.michaelcane.Commands.&lt;init&gt;(Commands.java:5)
	at io.michaelcane.Calculator.&lt;init&gt;(Calculator.java:6)
	at io.michaelcane.Commands.&lt;init&gt;(Commands.java:5)
	at io.michaelcane.Calculator.&lt;init&gt;(Calculator.java:6)
	at io.michaelcane.Commands.&lt;init&gt;(Commands.java:5)
	at io.michaelcane.Calculator.&lt;init&gt;(Calculator.java:6)
	at io.michaelcane.Commands.&lt;init&gt;(Commands.java:5)
	at io.michaelcane.Calculator.&lt;init&gt;(Calculator.java:6)
	at io.michaelcane.Commands.&lt;init&gt;(Commands.java:5)
	at io.michaelcane.Calculator.&lt;init&gt;(Calculator.java:6)
	at io.michaelcane.Commands.&lt;init&gt;(Commands.java:5)
	at io.michaelcane.Calculator.&lt;init&gt;(Calculator.java:6)
	at io.michaelcane.Commands.&lt;init&gt;(Commands.java:5)
	at io.michaelcane.Calculator.&lt;init&gt;(Calculator.java:6)
	at io.michaelcane.Commands.&lt;init&gt;(Commands.java:5)
	at io.michaelcane.Calculator.&lt;init&gt;(Calculator.java:6)
	at io.michaelcane.Commands.&lt;init&gt;(Commands.java:5)
	at io.michaelcane.Calculator.&lt;init&gt;(Calculator.java:6)
	at io.michaelcane.Commands.&lt;init&gt;(Commands.java:5)
	at io.michaelcane.Calculator.&lt;init&gt;(Calculator.java:6)
	at io.michaelcane.Commands.&lt;init&gt;(Commands.java:5)
	at io.michaelcane.Calculator.&lt;init&gt;(Calculator.java:6)
	at io.michaelcane.Commands.&lt;init&gt;(Commands.java:5)
	at io.michaelcane.Calculator.&lt;init&gt;(Calculator.java:6)
	at io.michaelcane.Commands.&lt;init&gt;(Commands.java:5)
	at io.michaelcane.Calculator.&lt;init&gt;(Calculator.java:6)
	at io.michaelcane.Commands.&lt;init&gt;(Commands.java:5)
	at io.michaelcane.Calculator.&lt;init&gt;(Calculator.java:6)
	at io.michaelcane.Commands.&lt;init&gt;(Commands.java:5)
	at io.michaelcane.Calculator.&lt;init&gt;(Calculator.java:6)
	at io.michaelcane.Commands.&lt;init&gt;(Commands.java:5)
	at io.michaelcane.Calculator.&lt;init&gt;(Calculator.java:6)
	at io.michaelcane.Commands.&lt;init&gt;(Commands.java:5)
	at io.michaelcane.Calculator.&lt;init&gt;(Calculator.java:6)
	at io.michaelcane.Commands.&lt;init&gt;(Commands.java:5)
	at io.michaelcane.Calculator.&lt;init&gt;(Calculator.java:6)
	at io.michaelcane.Commands.&lt;init&gt;(Commands.java:5)
	at io.michaelcane.Calculator.&lt;init&gt;(Calculator.java:6)
	at io.michaelcane.Commands.&lt;init&gt;(Commands.java:5)
	at io.michaelcane.Calculator.&lt;init&gt;(Calculator.java:6)
	at io.michaelcane.Commands.&lt;init&gt;(Commands.java:5)
	at io.michaelcane.Calculator.&lt;init&gt;(Calculator.java:6)
	at io.michaelcane.Commands.&lt;init&gt;(Commands.java:5)
	at io.michaelcane.Calculator.&lt;init&gt;(Calculator.java:6)
	at io.michaelcane.Commands.&lt;init&gt;(Commands.java:5)
	at io.michaelcane.Calculator.&lt;init&gt;(Calculator.java:6)
	at io.michaelcane.Commands.&lt;init&gt;(Commands.java:5)
	at io.michaelcane.Calculator.&lt;init&gt;(Calculator.java:6)
	at io.michaelcane.Commands.&lt;init&gt;(Commands.java:5)
	at io.michaelcane.Calculator.&lt;init&gt;(Calculator.java:6)
	at io.michaelcane.Commands.&lt;init&gt;(Commands.java:5)
	at io.michaelcane.Calculator.&lt;init&gt;(Calculator.java:6)
	at io.michaelcane.Commands.&lt;init&gt;(Commands.java:5)
	at io.michaelcane.Calculator.&lt;init&gt;(Calculator.java:6)
	at io.michaelcane.Commands.&lt;init&gt;(Commands.java:5)
	at io.michaelcane.Calculator.&lt;init&gt;(Calculator.java:6)
	at io.michaelcane.Commands.&lt;init&gt;(Commands.java:5)
	at io.michaelcane.Calculator.&lt;init&gt;(Calculator.java:6)
	at io.michaelcane.Commands.&lt;init&gt;(Commands.java:5)
	at io.michaelcane.Calculator.&lt;init&gt;(Calculator.java:6)
	at io.michaelcane.Commands.&lt;init&gt;(Commands.java:5)
	at io.michaelcane.Calculator.&lt;init&gt;(Calculator.java:6)
	at io.michaelcane.Commands.&lt;init&gt;(Commands.java:5)
	at io.michaelcane.Calculator.&lt;init&gt;(Calculator.java:6)
	at io.michaelcane.Commands.&lt;init&gt;(Commands.java:5)
	at io.michaelcane.Calculator.&lt;init&gt;(Calculator.java:6)
	at io.michaelcane.Commands.&lt;init&gt;(Commands.java:5)
	at io.michaelcane.Calculator.&lt;init&gt;(Calculator.java:6)
	at io.michaelcane.Commands.&lt;init&gt;(Commands.java:5)
	at io.michaelcane.Calculator.&lt;init&gt;(Calculator.java:6)
	at io.michaelcane.Commands.&lt;init&gt;(Commands.java:5)
	at io.michaelcane.Calculator.&lt;init&gt;(Calculator.java:6)
	at io.michaelcane.Commands.&lt;init&gt;(Commands.java:5)
	at io.michaelcane.Calculator.&lt;init&gt;(Calculator.java:6)
	at io.michaelcane.Commands.&lt;init&gt;(Commands.java:5)
	at io.michaelcane.Calculator.&lt;init&gt;(Calculator.java:6)
	at io.michaelcane.Commands.&lt;init&gt;(Commands.java:5)
	at io.michaelcane.Calculator.&lt;init&gt;(Calculator.java:6)
	at io.michaelcane.Commands.&lt;init&gt;(Commands.java:5)
	at io.michaelcane.Calculator.&lt;init&gt;(Calculator.java:6)
	at io.michaelcane.Commands.&lt;init&gt;(Commands.java:5)
	at io.michaelcane.Calculator.&lt;init&gt;(Calculator.java:6)
	at io.michaelcane.Commands.&lt;init&gt;(Commands.java:5)
	at io.michaelcane.Calculator.&lt;init&gt;(Calculator.java:6)
	at io.michaelcane.Commands.&lt;init&gt;(Commands.java:5)
	at io.michaelcane.Calculator.&lt;init&gt;(Calculator.java:6)
	at io.michaelcane.Commands.&lt;init&gt;(Commands.java:5)
	at io.michaelcane.Calculator.&lt;init&gt;(Calculator.java:6)
	at io.michaelcane.Commands.&lt;init&gt;(Commands.java:5)
	at io.michaelcane.Calculator.&lt;init&gt;(Calculator.java:6)
	at io.michaelcane.Commands.&lt;init&gt;(Commands.java:5)
	at io.michaelcane.Calculator.&lt;init&gt;(Calculator.java:6)
	at io.michaelcane.Commands.&lt;init&gt;(Commands.java:5)
	at io.michaelcane.Calculator.&lt;init&gt;(Calculator.java:6)
	at io.michaelcane.Commands.&lt;init&gt;(Commands.java:5)
	at io.michaelcane.Calculator.&lt;init&gt;(Calculator.java:6)
	at io.michaelcane.Commands.&lt;init&gt;(Commands.java:5)
	at io.michaelcane.Calculator.&lt;init&gt;(Calculator.java:6)
	at io.michaelcane.Commands.&lt;init&gt;(Commands.java:5)
	at io.michaelcane.Calculator.&lt;init&gt;(Calculator.java:6)
	at io.michaelcane.Commands.&lt;init&gt;(Commands.java:5)
	at io.michaelcane.Calculator.&lt;init&gt;(Calculator.java:6)
	at io.michaelcane.Commands.&lt;init&gt;(Commands.java:5)
	at io.michaelcane.Calculator.&lt;init&gt;(Calculator.java:6)
	at io.michaelcane.Commands.&lt;init&gt;(Commands.java:5)
	at io.michaelcane.Calculator.&lt;init&gt;(Calculator.java:6)
	at io.michaelcane.Commands.&lt;init&gt;(Commands.java:5)
	at io.michaelcane.Calculator.&lt;init&gt;(Calculator.java:6)
	at io.michaelcane.Commands.&lt;init&gt;(Commands.java:5)
	at io.michaelcane.Calculator.&lt;init&gt;(Calculator.java:6)
	at io.michaelcane.Commands.&lt;init&gt;(Commands.java:5)
	at io.michaelcane.Calculator.&lt;init&gt;(Calculator.java:6)
	at io.michaelcane.Commands.&lt;init&gt;(Commands.java:5)
	at io.michaelcane.Calculator.&lt;init&gt;(Calculator.java:6)
	at io.michaelcane.Commands.&lt;init&gt;(Commands.java:5)
	at io.michaelcane.Calculator.&lt;init&gt;(Calculator.java:6)
	at io.michaelcane.Commands.&lt;init&gt;(Commands.java:5)
	at io.michaelcane.Calculator.&lt;init&gt;(Calculator.java:6)
	at io.michaelcane.Commands.&lt;init&gt;(Commands.java:5)
	at io.michaelcane.Calculator.&lt;init&gt;(Calculator.java:6)
	at io.michaelcane.Commands.&lt;init&gt;(Commands.java:5)
	at io.michaelcane.Calculator.&lt;init&gt;(Calculator.java:6)
	at io.michaelcane.Commands.&lt;init&gt;(Commands.java:5)
	at io.michaelcane.Calculator.&lt;init&gt;(Calculator.java:6)
	at io.michaelcane.Commands.&lt;init&gt;(Commands.java:5)
	at io.michaelcane.Calculator.&lt;init&gt;(Calculator.java:6)
	at io.michaelcane.Commands.&lt;init&gt;(Commands.java:5)
	at io.michaelcane.Calculator.&lt;init&gt;(Calculator.java:6)
	at io.michaelcane.Commands.&lt;init&gt;(Commands.java:5)
	at io.michaelcane.Calculator.&lt;init&gt;(Calculator.java:6)
	at io.michaelcane.Commands.&lt;init&gt;(Commands.java:5)
	at io.michaelcane.Calculator.&lt;init&gt;(Calculator.java:6)
	at io.michaelcane.Commands.&lt;init&gt;(Commands.java:5)
	at io.michaelcane.Calculator.&lt;init&gt;(Calculator.java:6)
	at io.michaelcane.Commands.&lt;init&gt;(Commands.java:5)
	at io.michaelcane.Calculator.&lt;init&gt;(Calculator.java:6)
	at io.michaelcane.Commands.&lt;init&gt;(Commands.java:5)
	at io.michaelcane.Calculator.&lt;init&gt;(Calculator.java:6)
	at io.michaelcane.Commands.&lt;init&gt;(Commands.java:5)
	at io.michaelcane.Calculator.&lt;init&gt;(Calculator.java:6)
	at io.michaelcane.Commands.&lt;init&gt;(Commands.java:5)
	at io.michaelcane.Calculator.&lt;init&gt;(Calculator.java:6)
	at io.michaelcane.Commands.&lt;init&gt;(Commands.java:5)
	at io.michaelcane.Calculator.&lt;init&gt;(Calculator.java:6)
	at io.michaelcane.Commands.&lt;init&gt;(Commands.java:5)
	at io.michaelcane.Calculator.&lt;init&gt;(Calculator.java:6)
	at io.michaelcane.Commands.&lt;init&gt;(Commands.java:5)
	at io.michaelcane.Calculator.&lt;init&gt;(Calculator.java:6)
	at io.michaelcane.Commands.&lt;init&gt;(Commands.java:5)
	at io.michaelcane.Calculator.&lt;init&gt;(Calculator.java:6)
	at io.michaelcane.Commands.&lt;init&gt;(Commands.java:5)
	at io.michaelcane.Calculator.&lt;init&gt;(Calculator.java:6)
	at io.michaelcane.Commands.&lt;init&gt;(Commands.java:5)
	at io.michaelcane.Calculator.&lt;init&gt;(Calculator.java:6)
	at io.michaelcane.Commands.&lt;init&gt;(Commands.java:5)
	at io.michaelcane.Calculator.&lt;init&gt;(Calculator.java:6)
	at io.michaelcane.Commands.&lt;init&gt;(Commands.java:5)
	at io.michaelcane.Calculator.&lt;init&gt;(Calculator.java:6)
	at io.michaelcane.Commands.&lt;init&gt;(Commands.java:5)
	at io.michaelcane.Calculator.&lt;init&gt;(Calculator.java:6)
	at io.michaelcane.Commands.&lt;init&gt;(Commands.java:5)
	at io.michaelcane.Calculator.&lt;init&gt;(Calculator.java:6)
	at io.michaelcane.Commands.&lt;init&gt;(Commands.java:5)
	at io.michaelcane.Calculator.&lt;init&gt;(Calculator.java:6)
	at io.michaelcane.Commands.&lt;init&gt;(Commands.java:5)
	at io.michaelcane.Calculator.&lt;init&gt;(Calculator.java:6)
	at io.michaelcane.Commands.&lt;init&gt;(Commands.java:5)
	at io.michaelcane.Calculator.&lt;init&gt;(Calculator.java:6)
	at io.michaelcane.Commands.&lt;init&gt;(Commands.java:5)
	at io.michaelcane.Calculator.&lt;init&gt;(Calculator.java:6)
	at io.michaelcane.Commands.&lt;init&gt;(Commands.java:5)
	at io.michaelcane.Calculator.&lt;init&gt;(Calculator.java:6)
	at io.michaelcane.Commands.&lt;init&gt;(Commands.java:5)
	at io.michaelcane.Calculator.&lt;init&gt;(Calculator.java:6)
	at io.michaelcane.Commands.&lt;init&gt;(Commands.java:5)
	at io.michaelcane.Calculator.&lt;init&gt;(Calculator.java:6)
	at io.michaelcane.Commands.&lt;init&gt;(Commands.java:5)
	at io.michaelcane.Calculator.&lt;init&gt;(Calculator.java:6)
	at io.michaelcane.Commands.&lt;init&gt;(Commands.java:5)
	at io.michaelcane.Calculator.&lt;init&gt;(Calculator.java:6)
	at io.michaelcane.Commands.&lt;init&gt;(Commands.java:5)
	at io.michaelcane.Calculator.&lt;init&gt;(Calculator.java:6)
	at io.michaelcane.Commands.&lt;init&gt;(Commands.java:5)
	at io.michaelcane.Calculator.&lt;init&gt;(Calculator.java:6)
	at io.michaelcane.Commands.&lt;init&gt;(Commands.java:5)
	at io.michaelcane.Calculator.&lt;init&gt;(Calculator.java:6)
	at io.michaelcane.Commands.&lt;init&gt;(Commands.java:5)
	at io.michaelcane.Calculator.&lt;init&gt;(Calculator.java:6)
	at io.michaelcane.Commands.&lt;init&gt;(Commands.java:5)
	at io.michaelcane.Calculator.&lt;init&gt;(Calculator.java:6)
	at io.michaelcane.Commands.&lt;init&gt;(Commands.java:5)
	at io.michaelcane.Calculator.&lt;init&gt;(Calculator.java:6)
	at io.michaelcane.Commands.&lt;init&gt;(Commands.java:5)
	at io.michaelcane.Calculator.&lt;init&gt;(Calculator.java:6)
	at io.michaelcane.Commands.&lt;init&gt;(Commands.java:5)
	at io.michaelcane.Calculator.&lt;init&gt;(Calculator.java:6)
	at io.michaelcane.Commands.&lt;init&gt;(Commands.java:5)
	at io.michaelcane.Calculator.&lt;init&gt;(Calculator.java:6)
	at io.michaelcane.Commands.&lt;init&gt;(Commands.java:5)
	at io.michaelcane.Calculator.&lt;init&gt;(Calculator.java:6)
	at io.michaelcane.Commands.&lt;init&gt;(Commands.java:5)
	at io.michaelcane.Calculator.&lt;init&gt;(Calculator.java:6)
	at io.michaelcane.Commands.&lt;init&gt;(Commands.java:5)
	at io.michaelcane.Calculator.&lt;init&gt;(Calculator.java:6)
	at io.michaelcane.Commands.&lt;init&gt;(Commands.java:5)
	at io.michaelcane.Calculator.&lt;init&gt;(Calculator.java:6)
	at io.michaelcane.Commands.&lt;init&gt;(Commands.java:5)
	at io.michaelcane.Calculator.&lt;init&gt;(Calculator.java:6)
	at io.michaelcane.Commands.&lt;init&gt;(Commands.java:5)
	at io.michaelcane.Calculator.&lt;init&gt;(Calculator.java:6)
	at io.michaelcane.Commands.&lt;init&gt;(Commands.java:5)
	at io.michaelcane.Calculator.&lt;init&gt;(Calculator.java:6)
	at io.michaelcane.Commands.&lt;init&gt;(Commands.java:5)
	at io.michaelcane.Calculator.&lt;init&gt;(Calculator.java:6)
	at io.michaelcane.Commands.&lt;init&gt;(Commands.java:5)
	at io.michaelcane.Calculator.&lt;init&gt;(Calculator.java:6)
	at io.michaelcane.Commands.&lt;init&gt;(Commands.java:5)
	at io.michaelcane.Calculator.&lt;init&gt;(Calculator.java:6)
	at io.michaelcane.Commands.&lt;init&gt;(Commands.java:5)
	at io.michaelcane.Calculator.&lt;init&gt;(Calculator.java:6)
	at io.michaelcane.Commands.&lt;init&gt;(Commands.java:5)
	at io.michaelcane.Calculator.&lt;init&gt;(Calculator.java:6)
	at io.michaelcane.Commands.&lt;init&gt;(Commands.java:5)
	at io.michaelcane.Calculator.&lt;init&gt;(Calculator.java:6)
	at io.michaelcane.Commands.&lt;init&gt;(Commands.java:5)
	at io.michaelcane.Calculator.&lt;init&gt;(Calculator.java:6)
	at io.michaelcane.Commands.&lt;init&gt;(Commands.java:5)
	at io.michaelcane.Calculator.&lt;init&gt;(Calculator.java:6)
	at io.michaelcane.Commands.&lt;init&gt;(Commands.java:5)
	at io.michaelcane.Calculator.&lt;init&gt;(Calculator.java:6)
	at io.michaelcane.Commands.&lt;init&gt;(Commands.java:5)
	at io.michaelcane.Calculator.&lt;init&gt;(Calculator.java:6)
	at io.michaelcane.Commands.&lt;init&gt;(Commands.java:5)
	at io.michaelcane.Calculator.&lt;init&gt;(Calculator.java:6)
	at io.michaelcane.Commands.&lt;init&gt;(Commands.java:5)
	at io.michaelcane.Calculator.&lt;init&gt;(Calculator.java:6)
	at io.michaelcane.Commands.&lt;init&gt;(Commands.java:5)
	at io.michaelcane.Calculator.&lt;init&gt;(Calculator.java:6)
	at io.michaelcane.Commands.&lt;init&gt;(Commands.java:5)
	at io.michaelcane.Calculator.&lt;init&gt;(Calculator.java:6)
	at io.michaelcane.Commands.&lt;init&gt;(Commands.java:5)
	at io.michaelcane.Calculator.&lt;init&gt;(Calculator.java:6)
	at io.michaelcane.Commands.&lt;init&gt;(Commands.java:5)
	at io.michaelcane.Calculator.&lt;init&gt;(Calculator.java:6)
	at io.michaelcane.Commands.&lt;init&gt;(Commands.java:5)
	at io.michaelcane.Calculator.&lt;init&gt;(Calculator.java:6)
	at io.michaelcane.Commands.&lt;init&gt;(Commands.java:5)
	at io.michaelcane.Calculator.&lt;init&gt;(Calculator.java:6)
	at io.michaelcane.Commands.&lt;init&gt;(Commands.java:5)
	at io.michaelcane.Calculator.&lt;init&gt;(Calculator.java:6)
	at io.michaelcane.Commands.&lt;init&gt;(Commands.java:5)
	at io.michaelcane.Calculator.&lt;init&gt;(Calculator.java:6)
	at io.michaelcane.Commands.&lt;init&gt;(Commands.java:5)
	at io.michaelcane.Calculator.&lt;init&gt;(Calculator.java:6)
	at io.michaelcane.Commands.&lt;init&gt;(Commands.java:5)
	at io.michaelcane.Calculator.&lt;init&gt;(Calculator.java:6)
	at io.michaelcane.Commands.&lt;init&gt;(Commands.java:5)
	at io.michaelcane.Calculator.&lt;init&gt;(Calculator.java:6)
	at io.michaelcane.Commands.&lt;init&gt;(Commands.java:5)
	at io.michaelcane.Calculator.&lt;init&gt;(Calculator.java:6)
	at io.michaelcane.Commands.&lt;init&gt;(Commands.java:5)
	at io.michaelcane.Calculator.&lt;init&gt;(Calculator.java:6)
	at io.michaelcane.Commands.&lt;init&gt;(Commands.java:5)
	at io.michaelcane.Calculator.&lt;init&gt;(Calculator.java:6)
	at io.michaelcane.Commands.&lt;init&gt;(Commands.java:5)
	at io.michaelcane.Calculator.&lt;init&gt;(Calculator.java:6)
	at io.michaelcane.Commands.&lt;init&gt;(Commands.java:5)
	at io.michaelcane.Calculator.&lt;init&gt;(Calculator.java:6)
	at io.michaelcane.Commands.&lt;init&gt;(Commands.java:5)
	at io.michaelcane.Calculator.&lt;init&gt;(Calculator.java:6)
	at io.michaelcane.Commands.&lt;init&gt;(Commands.java:5)
	at io.michaelcane.Calculator.&lt;init&gt;(Calculator.java:6)
	at io.michaelcane.Commands.&lt;init&gt;(Commands.java:5)
	at io.michaelcane.Calculator.&lt;init&gt;(Calculator.java:6)
	at io.michaelcane.Commands.&lt;init&gt;(Commands.java:5)
	at io.michaelcane.Calculator.&lt;init&gt;(Calculator.java:6)
	at io.michaelcane.Commands.&lt;init&gt;(Commands.java:5)
	at io.michaelcane.Calculator.&lt;init&gt;(Calculator.java:6)
	at io.michaelcane.Commands.&lt;init&gt;(Commands.java:5)
	at io.michaelcane.Calculator.&lt;init&gt;(Calculator.java:6)
	at io.michaelcane.Commands.&lt;init&gt;(Commands.java:5)
	at io.michaelcane.Calculator.&lt;init&gt;(Calculator.java:6)
	at io.michaelcane.Commands.&lt;init&gt;(Commands.java:5)
	at io.michaelcane.Calculator.&lt;init&gt;(Calculator.java:6)
	at io.michaelcane.Commands.&lt;init&gt;(Commands.java:5)
	at io.michaelcane.Calculator.&lt;init&gt;(Calculator.java:6)
	at io.michaelcane.Commands.&lt;init&gt;(Commands.java:5)
	at io.michaelcane.Calculator.&lt;init&gt;(Calculator.java:6)
	at io.michaelcane.Commands.&lt;init&gt;(Commands.java:5)
	at io.michaelcane.Calculator.&lt;init&gt;(Calculator.java:6)
	at io.michaelcane.Commands.&lt;init&gt;(Commands.java:5)
	at io.michaelcane.Calculator.&lt;init&gt;(Calculator.java:6)
	at io.michaelcane.Commands.&lt;init&gt;(Commands.java:5)
	at io.michaelcane.Calculator.&lt;init&gt;(Calculator.java:6)
	at io.michaelcane.Commands.&lt;init&gt;(Commands.java:5)
	at io.michaelcane.Calculator.&lt;init&gt;(Calculator.java:6)
	at io.michaelcane.Commands.&lt;init&gt;(Commands.java:5)
	at io.michaelcane.Calculator.&lt;init&gt;(Calculator.java:6)
	at io.michaelcane.Commands.&lt;init&gt;(Commands.java:5)
	at io.michaelcane.Calculator.&lt;init&gt;(Calculator.java:6)
	at io.michaelcane.Commands.&lt;init&gt;(Commands.java:5)
	at io.michaelcane.Calculator.&lt;init&gt;(Calculator.java:6)
	at io.michaelcane.Commands.&lt;init&gt;(Commands.java:5)
</error>
  </testcase>
  <testcase classname="io.michaelcane.CalculatorSpec" name="test$squareRoot" time="0.018">
    <error type="java.lang.StackOverflowError">java.lang.StackOverflowError
	at io.michaelcane.Calculator.&lt;init&gt;(Calculator.java:6)
	at io.michaelcane.Commands.&lt;init&gt;(Commands.java:5)
	at io.michaelcane.Calculator.&lt;init&gt;(Calculator.java:6)
	at io.michaelcane.Commands.&lt;init&gt;(Commands.java:5)
	at io.michaelcane.Calculator.&lt;init&gt;(Calculator.java:6)
	at io.michaelcane.Commands.&lt;init&gt;(Commands.java:5)
	at io.michaelcane.Calculator.&lt;init&gt;(Calculator.java:6)
	at io.michaelcane.Commands.&lt;init&gt;(Commands.java:5)
	at io.michaelcane.Calculator.&lt;init&gt;(Calculator.java:6)
	at io.michaelcane.Commands.&lt;init&gt;(Commands.java:5)
	at io.michaelcane.Calculator.&lt;init&gt;(Calculator.java:6)
	at io.michaelcane.Commands.&lt;init&gt;(Commands.java:5)
	at io.michaelcane.Calculator.&lt;init&gt;(Calculator.java:6)
	at io.michaelcane.Commands.&lt;init&gt;(Commands.java:5)
	at io.michaelcane.Calculator.&lt;init&gt;(Calculator.java:6)
	at io.michaelcane.Commands.&lt;init&gt;(Commands.java:5)
	at io.michaelcane.Calculator.&lt;init&gt;(Calculator.java:6)
	at io.michaelcane.Commands.&lt;init&gt;(Commands.java:5)
	at io.michaelcane.Calculator.&lt;init&gt;(Calculator.java:6)
	at io.michaelcane.Commands.&lt;init&gt;(Commands.java:5)
	at io.michaelcane.Calculator.&lt;init&gt;(Calculator.java:6)
	at io.michaelcane.Commands.&lt;init&gt;(Commands.java:5)
	at io.michaelcane.Calculator.&lt;init&gt;(Calculator.java:6)
	at io.michaelcane.Commands.&lt;init&gt;(Commands.java:5)
	at io.michaelcane.Calculator.&lt;init&gt;(Calculator.java:6)
	at io.michaelcane.Commands.&lt;init&gt;(Commands.java:5)
	at io.michaelcane.Calculator.&lt;init&gt;(Calculator.java:6)
	at io.michaelcane.Commands.&lt;init&gt;(Commands.java:5)
	at io.michaelcane.Calculator.&lt;init&gt;(Calculator.java:6)
	at io.michaelcane.Commands.&lt;init&gt;(Commands.java:5)
	at io.michaelcane.Calculator.&lt;init&gt;(Calculator.java:6)
	at io.michaelcane.Commands.&lt;init&gt;(Commands.java:5)
	at io.michaelcane.Calculator.&lt;init&gt;(Calculator.java:6)
	at io.michaelcane.Commands.&lt;init&gt;(Commands.java:5)
	at io.michaelcane.Calculator.&lt;init&gt;(Calculator.java:6)
	at io.michaelcane.Commands.&lt;init&gt;(Commands.java:5)
	at io.michaelcane.Calculator.&lt;init&gt;(Calculator.java:6)
	at io.michaelcane.Commands.&lt;init&gt;(Commands.java:5)
	at io.michaelcane.Calculator.&lt;init&gt;(Calculator.java:6)
	at io.michaelcane.Commands.&lt;init&gt;(Commands.java:5)
	at io.michaelcane.Calculator.&lt;init&gt;(Calculator.java:6)
	at io.michaelcane.Commands.&lt;init&gt;(Commands.java:5)
	at io.michaelcane.Calculator.&lt;init&gt;(Calculator.java:6)
	at io.michaelcane.Commands.&lt;init&gt;(Commands.java:5)
	at io.michaelcane.Calculator.&lt;init&gt;(Calculator.java:6)
	at io.michaelcane.Commands.&lt;init&gt;(Commands.java:5)
	at io.michaelcane.Calculator.&lt;init&gt;(Calculator.java:6)
	at io.michaelcane.Commands.&lt;init&gt;(Commands.java:5)
	at io.michaelcane.Calculator.&lt;init&gt;(Calculator.java:6)
	at io.michaelcane.Commands.&lt;init&gt;(Commands.java:5)
	at io.michaelcane.Calculator.&lt;init&gt;(Calculator.java:6)
	at io.michaelcane.Commands.&lt;init&gt;(Commands.java:5)
	at io.michaelcane.Calculator.&lt;init&gt;(Calculator.java:6)
	at io.michaelcane.Commands.&lt;init&gt;(Commands.java:5)
	at io.michaelcane.Calculator.&lt;init&gt;(Calculator.java:6)
	at io.michaelcane.Commands.&lt;init&gt;(Commands.java:5)
	at io.michaelcane.Calculator.&lt;init&gt;(Calculator.java:6)
	at io.michaelcane.Commands.&lt;init&gt;(Commands.java:5)
	at io.michaelcane.Calculator.&lt;init&gt;(Calculator.java:6)
	at io.michaelcane.Commands.&lt;init&gt;(Commands.java:5)
	at io.michaelcane.Calculator.&lt;init&gt;(Calculator.java:6)
	at io.michaelcane.Commands.&lt;init&gt;(Commands.java:5)
	at io.michaelcane.Calculator.&lt;init&gt;(Calculator.java:6)
	at io.michaelcane.Commands.&lt;init&gt;(Commands.java:5)
	at io.michaelcane.Calculator.&lt;init&gt;(Calculator.java:6)
	at io.michaelcane.Commands.&lt;init&gt;(Commands.java:5)
	at io.michaelcane.Calculator.&lt;init&gt;(Calculator.java:6)
	at io.michaelcane.Commands.&lt;init&gt;(Commands.java:5)
	at io.michaelcane.Calculator.&lt;init&gt;(Calculator.java:6)
	at io.michaelcane.Commands.&lt;init&gt;(Commands.java:5)
	at io.michaelcane.Calculator.&lt;init&gt;(Calculator.java:6)
	at io.michaelcane.Commands.&lt;init&gt;(Commands.java:5)
	at io.michaelcane.Calculator.&lt;init&gt;(Calculator.java:6)
	at io.michaelcane.Commands.&lt;init&gt;(Commands.java:5)
	at io.michaelcane.Calculator.&lt;init&gt;(Calculator.java:6)
	at io.michaelcane.Commands.&lt;init&gt;(Commands.java:5)
	at io.michaelcane.Calculator.&lt;init&gt;(Calculator.java:6)
	at io.michaelcane.Commands.&lt;init&gt;(Commands.java:5)
	at io.michaelcane.Calculator.&lt;init&gt;(Calculator.java:6)
	at io.michaelcane.Commands.&lt;init&gt;(Commands.java:5)
	at io.michaelcane.Calculator.&lt;init&gt;(Calculator.java:6)
	at io.michaelcane.Commands.&lt;init&gt;(Commands.java:5)
	at io.michaelcane.Calculator.&lt;init&gt;(Calculator.java:6)
	at io.michaelcane.Commands.&lt;init&gt;(Commands.java:5)
	at io.michaelcane.Calculator.&lt;init&gt;(Calculator.java:6)
	at io.michaelcane.Commands.&lt;init&gt;(Commands.java:5)
	at io.michaelcane.Calculator.&lt;init&gt;(Calculator.java:6)
	at io.michaelcane.Commands.&lt;init&gt;(Commands.java:5)
	at io.michaelcane.Calculator.&lt;init&gt;(Calculator.java:6)
	at io.michaelcane.Commands.&lt;init&gt;(Commands.java:5)
	at io.michaelcane.Calculator.&lt;init&gt;(Calculator.java:6)
	at io.michaelcane.Commands.&lt;init&gt;(Commands.java:5)
	at io.michaelcane.Calculator.&lt;init&gt;(Calculator.java:6)
	at io.michaelcane.Commands.&lt;init&gt;(Commands.java:5)
	at io.michaelcane.Calculator.&lt;init&gt;(Calculator.java:6)
	at io.michaelcane.Commands.&lt;init&gt;(Commands.java:5)
	at io.michaelcane.Calculator.&lt;init&gt;(Calculator.java:6)
	at io.michaelcane.Commands.&lt;init&gt;(Commands.java:5)
	at io.michaelcane.Calculator.&lt;init&gt;(Calculator.java:6)
	at io.michaelcane.Commands.&lt;init&gt;(Commands.java:5)
	at io.michaelcane.Calculator.&lt;init&gt;(Calculator.java:6)
	at io.michaelcane.Commands.&lt;init&gt;(Commands.java:5)
	at io.michaelcane.Calculator.&lt;init&gt;(Calculator.java:6)
	at io.michaelcane.Commands.&lt;init&gt;(Commands.java:5)
	at io.michaelcane.Calculator.&lt;init&gt;(Calculator.java:6)
	at io.michaelcane.Commands.&lt;init&gt;(Commands.java:5)
	at io.michaelcane.Calculator.&lt;init&gt;(Calculator.java:6)
	at io.michaelcane.Commands.&lt;init&gt;(Commands.java:5)
	at io.michaelcane.Calculator.&lt;init&gt;(Calculator.java:6)
	at io.michaelcane.Commands.&lt;init&gt;(Commands.java:5)
	at io.michaelcane.Calculator.&lt;init&gt;(Calculator.java:6)
	at io.michaelcane.Commands.&lt;init&gt;(Commands.java:5)
	at io.michaelcane.Calculator.&lt;init&gt;(Calculator.java:6)
	at io.michaelcane.Commands.&lt;init&gt;(Commands.java:5)
	at io.michaelcane.Calculator.&lt;init&gt;(Calculator.java:6)
	at io.michaelcane.Commands.&lt;init&gt;(Commands.java:5)
	at io.michaelcane.Calculator.&lt;init&gt;(Calculator.java:6)
	at io.michaelcane.Commands.&lt;init&gt;(Commands.java:5)
	at io.michaelcane.Calculator.&lt;init&gt;(Calculator.java:6)
	at io.michaelcane.Commands.&lt;init&gt;(Commands.java:5)
	at io.michaelcane.Calculator.&lt;init&gt;(Calculator.java:6)
	at io.michaelcane.Commands.&lt;init&gt;(Commands.java:5)
	at io.michaelcane.Calculator.&lt;init&gt;(Calculator.java:6)
	at io.michaelcane.Commands.&lt;init&gt;(Commands.java:5)
	at io.michaelcane.Calculator.&lt;init&gt;(Calculator.java:6)
	at io.michaelcane.Commands.&lt;init&gt;(Commands.java:5)
	at io.michaelcane.Calculator.&lt;init&gt;(Calculator.java:6)
	at io.michaelcane.Commands.&lt;init&gt;(Commands.java:5)
	at io.michaelcane.Calculator.&lt;init&gt;(Calculator.java:6)
	at io.michaelcane.Commands.&lt;init&gt;(Commands.java:5)
	at io.michaelcane.Calculator.&lt;init&gt;(Calculator.java:6)
	at io.michaelcane.Commands.&lt;init&gt;(Commands.java:5)
	at io.michaelcane.Calculator.&lt;init&gt;(Calculator.java:6)
	at io.michaelcane.Commands.&lt;init&gt;(Commands.java:5)
	at io.michaelcane.Calculator.&lt;init&gt;(Calculator.java:6)
	at io.michaelcane.Commands.&lt;init&gt;(Commands.java:5)
	at io.michaelcane.Calculator.&lt;init&gt;(Calculator.java:6)
	at io.michaelcane.Commands.&lt;init&gt;(Commands.java:5)
	at io.michaelcane.Calculator.&lt;init&gt;(Calculator.java:6)
	at io.michaelcane.Commands.&lt;init&gt;(Commands.java:5)
	at io.michaelcane.Calculator.&lt;init&gt;(Calculator.java:6)
	at io.michaelcane.Commands.&lt;init&gt;(Commands.java:5)
	at io.michaelcane.Calculator.&lt;init&gt;(Calculator.java:6)
	at io.michaelcane.Commands.&lt;init&gt;(Commands.java:5)
	at io.michaelcane.Calculator.&lt;init&gt;(Calculator.java:6)
	at io.michaelcane.Commands.&lt;init&gt;(Commands.java:5)
	at io.michaelcane.Calculator.&lt;init&gt;(Calculator.java:6)
	at io.michaelcane.Commands.&lt;init&gt;(Commands.java:5)
	at io.michaelcane.Calculator.&lt;init&gt;(Calculator.java:6)
	at io.michaelcane.Commands.&lt;init&gt;(Commands.java:5)
	at io.michaelcane.Calculator.&lt;init&gt;(Calculator.java:6)
	at io.michaelcane.Commands.&lt;init&gt;(Commands.java:5)
	at io.michaelcane.Calculator.&lt;init&gt;(Calculator.java:6)
	at io.michaelcane.Commands.&lt;init&gt;(Commands.java:5)
	at io.michaelcane.Calculator.&lt;init&gt;(Calculator.java:6)
	at io.michaelcane.Commands.&lt;init&gt;(Commands.java:5)
	at io.michaelcane.Calculator.&lt;init&gt;(Calculator.java:6)
	at io.michaelcane.Commands.&lt;init&gt;(Commands.java:5)
	at io.michaelcane.Calculator.&lt;init&gt;(Calculator.java:6)
	at io.michaelcane.Commands.&lt;init&gt;(Commands.java:5)
	at io.michaelcane.Calculator.&lt;init&gt;(Calculator.java:6)
	at io.michaelcane.Commands.&lt;init&gt;(Commands.java:5)
	at io.michaelcane.Calculator.&lt;init&gt;(Calculator.java:6)
	at io.michaelcane.Commands.&lt;init&gt;(Commands.java:5)
	at io.michaelcane.Calculator.&lt;init&gt;(Calculator.java:6)
	at io.michaelcane.Commands.&lt;init&gt;(Commands.java:5)
	at io.michaelcane.Calculator.&lt;init&gt;(Calculator.java:6)
	at io.michaelcane.Commands.&lt;init&gt;(Commands.java:5)
	at io.michaelcane.Calculator.&lt;init&gt;(Calculator.java:6)
	at io.michaelcane.Commands.&lt;init&gt;(Commands.java:5)
	at io.michaelcane.Calculator.&lt;init&gt;(Calculator.java:6)
	at io.michaelcane.Commands.&lt;init&gt;(Commands.java:5)
	at io.michaelcane.Calculator.&lt;init&gt;(Calculator.java:6)
	at io.michaelcane.Commands.&lt;init&gt;(Commands.java:5)
	at io.michaelcane.Calculator.&lt;init&gt;(Calculator.java:6)
	at io.michaelcane.Commands.&lt;init&gt;(Commands.java:5)
	at io.michaelcane.Calculator.&lt;init&gt;(Calculator.java:6)
	at io.michaelcane.Commands.&lt;init&gt;(Commands.java:5)
	at io.michaelcane.Calculator.&lt;init&gt;(Calculator.java:6)
	at io.michaelcane.Commands.&lt;init&gt;(Commands.java:5)
	at io.michaelcane.Calculator.&lt;init&gt;(Calculator.java:6)
	at io.michaelcane.Commands.&lt;init&gt;(Commands.java:5)
	at io.michaelcane.Calculator.&lt;init&gt;(Calculator.java:6)
	at io.michaelcane.Commands.&lt;init&gt;(Commands.java:5)
	at io.michaelcane.Calculator.&lt;init&gt;(Calculator.java:6)
	at io.michaelcane.Commands.&lt;init&gt;(Commands.java:5)
	at io.michaelcane.Calculator.&lt;init&gt;(Calculator.java:6)
	at io.michaelcane.Commands.&lt;init&gt;(Commands.java:5)
	at io.michaelcane.Calculator.&lt;init&gt;(Calculator.java:6)
	at io.michaelcane.Commands.&lt;init&gt;(Commands.java:5)
	at io.michaelcane.Calculator.&lt;init&gt;(Calculator.java:6)
	at io.michaelcane.Commands.&lt;init&gt;(Commands.java:5)
	at io.michaelcane.Calculator.&lt;init&gt;(Calculator.java:6)
	at io.michaelcane.Commands.&lt;init&gt;(Commands.java:5)
	at io.michaelcane.Calculator.&lt;init&gt;(Calculator.java:6)
	at io.michaelcane.Commands.&lt;init&gt;(Commands.java:5)
	at io.michaelcane.Calculator.&lt;init&gt;(Calculator.java:6)
	at io.michaelcane.Commands.&lt;init&gt;(Commands.java:5)
	at io.michaelcane.Calculator.&lt;init&gt;(Calculator.java:6)
	at io.michaelcane.Commands.&lt;init&gt;(Commands.java:5)
	at io.michaelcane.Calculator.&lt;init&gt;(Calculator.java:6)
	at io.michaelcane.Commands.&lt;init&gt;(Commands.java:5)
	at io.michaelcane.Calculator.&lt;init&gt;(Calculator.java:6)
	at io.michaelcane.Commands.&lt;init&gt;(Commands.java:5)
	at io.michaelcane.Calculator.&lt;init&gt;(Calculator.java:6)
	at io.michaelcane.Commands.&lt;init&gt;(Commands.java:5)
	at io.michaelcane.Calculator.&lt;init&gt;(Calculator.java:6)
	at io.michaelcane.Commands.&lt;init&gt;(Commands.java:5)
	at io.michaelcane.Calculator.&lt;init&gt;(Calculator.java:6)
	at io.michaelcane.Commands.&lt;init&gt;(Commands.java:5)
	at io.michaelcane.Calculator.&lt;init&gt;(Calculator.java:6)
	at io.michaelcane.Commands.&lt;init&gt;(Commands.java:5)
	at io.michaelcane.Calculator.&lt;init&gt;(Calculator.java:6)
	at io.michaelcane.Commands.&lt;init&gt;(Commands.java:5)
	at io.michaelcane.Calculator.&lt;init&gt;(Calculator.java:6)
	at io.michaelcane.Commands.&lt;init&gt;(Commands.java:5)
	at io.michaelcane.Calculator.&lt;init&gt;(Calculator.java:6)
	at io.michaelcane.Commands.&lt;init&gt;(Commands.java:5)
	at io.michaelcane.Calculator.&lt;init&gt;(Calculator.java:6)
	at io.michaelcane.Commands.&lt;init&gt;(Commands.java:5)
	at io.michaelcane.Calculator.&lt;init&gt;(Calculator.java:6)
	at io.michaelcane.Commands.&lt;init&gt;(Commands.java:5)
	at io.michaelcane.Calculator.&lt;init&gt;(Calculator.java:6)
	at io.michaelcane.Commands.&lt;init&gt;(Commands.java:5)
	at io.michaelcane.Calculator.&lt;init&gt;(Calculator.java:6)
	at io.michaelcane.Commands.&lt;init&gt;(Commands.java:5)
	at io.michaelcane.Calculator.&lt;init&gt;(Calculator.java:6)
	at io.michaelcane.Commands.&lt;init&gt;(Commands.java:5)
	at io.michaelcane.Calculator.&lt;init&gt;(Calculator.java:6)
	at io.michaelcane.Commands.&lt;init&gt;(Commands.java:5)
	at io.michaelcane.Calculator.&lt;init&gt;(Calculator.java:6)
	at io.michaelcane.Commands.&lt;init&gt;(Commands.java:5)
	at io.michaelcane.Calculator.&lt;init&gt;(Calculator.java:6)
	at io.michaelcane.Commands.&lt;init&gt;(Commands.java:5)
	at io.michaelcane.Calculator.&lt;init&gt;(Calculator.java:6)
	at io.michaelcane.Commands.&lt;init&gt;(Commands.java:5)
	at io.michaelcane.Calculator.&lt;init&gt;(Calculator.java:6)
	at io.michaelcane.Commands.&lt;init&gt;(Commands.java:5)
	at io.michaelcane.Calculator.&lt;init&gt;(Calculator.java:6)
	at io.michaelcane.Commands.&lt;init&gt;(Commands.java:5)
	at io.michaelcane.Calculator.&lt;init&gt;(Calculator.java:6)
	at io.michaelcane.Commands.&lt;init&gt;(Commands.java:5)
	at io.michaelcane.Calculator.&lt;init&gt;(Calculator.java:6)
	at io.michaelcane.Commands.&lt;init&gt;(Commands.java:5)
	at io.michaelcane.Calculator.&lt;init&gt;(Calculator.java:6)
	at io.michaelcane.Commands.&lt;init&gt;(Commands.java:5)
	at io.michaelcane.Calculator.&lt;init&gt;(Calculator.java:6)
	at io.michaelcane.Commands.&lt;init&gt;(Commands.java:5)
	at io.michaelcane.Calculator.&lt;init&gt;(Calculator.java:6)
	at io.michaelcane.Commands.&lt;init&gt;(Commands.java:5)
	at io.michaelcane.Calculator.&lt;init&gt;(Calculator.java:6)
	at io.michaelcane.Commands.&lt;init&gt;(Commands.java:5)
	at io.michaelcane.Calculator.&lt;init&gt;(Calculator.java:6)
	at io.michaelcane.Commands.&lt;init&gt;(Commands.java:5)
	at io.michaelcane.Calculator.&lt;init&gt;(Calculator.java:6)
	at io.michaelcane.Commands.&lt;init&gt;(Commands.java:5)
	at io.michaelcane.Calculator.&lt;init&gt;(Calculator.java:6)
	at io.michaelcane.Commands.&lt;init&gt;(Commands.java:5)
	at io.michaelcane.Calculator.&lt;init&gt;(Calculator.java:6)
	at io.michaelcane.Commands.&lt;init&gt;(Commands.java:5)
	at io.michaelcane.Calculator.&lt;init&gt;(Calculator.java:6)
	at io.michaelcane.Commands.&lt;init&gt;(Commands.java:5)
	at io.michaelcane.Calculator.&lt;init&gt;(Calculator.java:6)
	at io.michaelcane.Commands.&lt;init&gt;(Commands.java:5)
	at io.michaelcane.Calculator.&lt;init&gt;(Calculator.java:6)
	at io.michaelcane.Commands.&lt;init&gt;(Commands.java:5)
	at io.michaelcane.Calculator.&lt;init&gt;(Calculator.java:6)
	at io.michaelcane.Commands.&lt;init&gt;(Commands.java:5)
	at io.michaelcane.Calculator.&lt;init&gt;(Calculator.java:6)
	at io.michaelcane.Commands.&lt;init&gt;(Commands.java:5)
	at io.michaelcane.Calculator.&lt;init&gt;(Calculator.java:6)
	at io.michaelcane.Commands.&lt;init&gt;(Commands.java:5)
	at io.michaelcane.Calculator.&lt;init&gt;(Calculator.java:6)
	at io.michaelcane.Commands.&lt;init&gt;(Commands.java:5)
	at io.michaelcane.Calculator.&lt;init&gt;(Calculator.java:6)
	at io.michaelcane.Commands.&lt;init&gt;(Commands.java:5)
	at io.michaelcane.Calculator.&lt;init&gt;(Calculator.java:6)
	at io.michaelcane.Commands.&lt;init&gt;(Commands.java:5)
	at io.michaelcane.Calculator.&lt;init&gt;(Calculator.java:6)
	at io.michaelcane.Commands.&lt;init&gt;(Commands.java:5)
	at io.michaelcane.Calculator.&lt;init&gt;(Calculator.java:6)
	at io.michaelcane.Commands.&lt;init&gt;(Commands.java:5)
	at io.michaelcane.Calculator.&lt;init&gt;(Calculator.java:6)
	at io.michaelcane.Commands.&lt;init&gt;(Commands.java:5)
	at io.michaelcane.Calculator.&lt;init&gt;(Calculator.java:6)
	at io.michaelcane.Commands.&lt;init&gt;(Commands.java:5)
	at io.michaelcane.Calculator.&lt;init&gt;(Calculator.java:6)
	at io.michaelcane.Commands.&lt;init&gt;(Commands.java:5)
	at io.michaelcane.Calculator.&lt;init&gt;(Calculator.java:6)
	at io.michaelcane.Commands.&lt;init&gt;(Commands.java:5)
	at io.michaelcane.Calculator.&lt;init&gt;(Calculator.java:6)
	at io.michaelcane.Commands.&lt;init&gt;(Commands.java:5)
	at io.michaelcane.Calculator.&lt;init&gt;(Calculator.java:6)
	at io.michaelcane.Commands.&lt;init&gt;(Commands.java:5)
	at io.michaelcane.Calculator.&lt;init&gt;(Calculator.java:6)
	at io.michaelcane.Commands.&lt;init&gt;(Commands.java:5)
	at io.michaelcane.Calculator.&lt;init&gt;(Calculator.java:6)
	at io.michaelcane.Commands.&lt;init&gt;(Commands.java:5)
	at io.michaelcane.Calculator.&lt;init&gt;(Calculator.java:6)
	at io.michaelcane.Commands.&lt;init&gt;(Commands.java:5)
	at io.michaelcane.Calculator.&lt;init&gt;(Calculator.java:6)
	at io.michaelcane.Commands.&lt;init&gt;(Commands.java:5)
	at io.michaelcane.Calculator.&lt;init&gt;(Calculator.java:6)
	at io.michaelcane.Commands.&lt;init&gt;(Commands.java:5)
	at io.michaelcane.Calculator.&lt;init&gt;(Calculator.java:6)
	at io.michaelcane.Commands.&lt;init&gt;(Commands.java:5)
	at io.michaelcane.Calculator.&lt;init&gt;(Calculator.java:6)
	at io.michaelcane.Commands.&lt;init&gt;(Commands.java:5)
	at io.michaelcane.Calculator.&lt;init&gt;(Calculator.java:6)
	at io.michaelcane.Commands.&lt;init&gt;(Commands.java:5)
	at io.michaelcane.Calculator.&lt;init&gt;(Calculator.java:6)
	at io.michaelcane.Commands.&lt;init&gt;(Commands.java:5)
	at io.michaelcane.Calculator.&lt;init&gt;(Calculator.java:6)
	at io.michaelcane.Commands.&lt;init&gt;(Commands.java:5)
	at io.michaelcane.Calculator.&lt;init&gt;(Calculator.java:6)
	at io.michaelcane.Commands.&lt;init&gt;(Commands.java:5)
	at io.michaelcane.Calculator.&lt;init&gt;(Calculator.java:6)
	at io.michaelcane.Commands.&lt;init&gt;(Commands.java:5)
	at io.michaelcane.Calculator.&lt;init&gt;(Calculator.java:6)
	at io.michaelcane.Commands.&lt;init&gt;(Commands.java:5)
	at io.michaelcane.Calculator.&lt;init&gt;(Calculator.java:6)
	at io.michaelcane.Commands.&lt;init&gt;(Commands.java:5)
	at io.michaelcane.Calculator.&lt;init&gt;(Calculator.java:6)
	at io.michaelcane.Commands.&lt;init&gt;(Commands.java:5)
	at io.michaelcane.Calculator.&lt;init&gt;(Calculator.java:6)
	at io.michaelcane.Commands.&lt;init&gt;(Commands.java:5)
	at io.michaelcane.Calculator.&lt;init&gt;(Calculator.java:6)
	at io.michaelcane.Commands.&lt;init&gt;(Commands.java:5)
	at io.michaelcane.Calculator.&lt;init&gt;(Calculator.java:6)
	at io.michaelcane.Commands.&lt;init&gt;(Commands.java:5)
	at io.michaelcane.Calculator.&lt;init&gt;(Calculator.java:6)
	at io.michaelcane.Commands.&lt;init&gt;(Commands.java:5)
	at io.michaelcane.Calculator.&lt;init&gt;(Calculator.java:6)
	at io.michaelcane.Commands.&lt;init&gt;(Commands.java:5)
	at io.michaelcane.Calculator.&lt;init&gt;(Calculator.java:6)
	at io.michaelcane.Commands.&lt;init&gt;(Commands.java:5)
	at io.michaelcane.Calculator.&lt;init&gt;(Calculator.java:6)
	at io.michaelcane.Commands.&lt;init&gt;(Commands.java:5)
	at io.michaelcane.Calculator.&lt;init&gt;(Calculator.java:6)
	at io.michaelcane.Commands.&lt;init&gt;(Commands.java:5)
	at io.michaelcane.Calculator.&lt;init&gt;(Calculator.java:6)
	at io.michaelcane.Commands.&lt;init&gt;(Commands.java:5)
	at io.michaelcane.Calculator.&lt;init&gt;(Calculator.java:6)
	at io.michaelcane.Commands.&lt;init&gt;(Commands.java:5)
	at io.michaelcane.Calculator.&lt;init&gt;(Calculator.java:6)
	at io.michaelcane.Commands.&lt;init&gt;(Commands.java:5)
	at io.michaelcane.Calculator.&lt;init&gt;(Calculator.java:6)
	at io.michaelcane.Commands.&lt;init&gt;(Commands.java:5)
	at io.michaelcane.Calculator.&lt;init&gt;(Calculator.java:6)
	at io.michaelcane.Commands.&lt;init&gt;(Commands.java:5)
	at io.michaelcane.Calculator.&lt;init&gt;(Calculator.java:6)
	at io.michaelcane.Commands.&lt;init&gt;(Commands.java:5)
	at io.michaelcane.Calculator.&lt;init&gt;(Calculator.java:6)
	at io.michaelcane.Commands.&lt;init&gt;(Commands.java:5)
	at io.michaelcane.Calculator.&lt;init&gt;(Calculator.java:6)
	at io.michaelcane.Commands.&lt;init&gt;(Commands.java:5)
	at io.michaelcane.Calculator.&lt;init&gt;(Calculator.java:6)
	at io.michaelcane.Commands.&lt;init&gt;(Commands.java:5)
	at io.michaelcane.Calculator.&lt;init&gt;(Calculator.java:6)
	at io.michaelcane.Commands.&lt;init&gt;(Commands.java:5)
	at io.michaelcane.Calculator.&lt;init&gt;(Calculator.java:6)
	at io.michaelcane.Commands.&lt;init&gt;(Commands.java:5)
	at io.michaelcane.Calculator.&lt;init&gt;(Calculator.java:6)
	at io.michaelcane.Commands.&lt;init&gt;(Commands.java:5)
	at io.michaelcane.Calculator.&lt;init&gt;(Calculator.java:6)
	at io.michaelcane.Commands.&lt;init&gt;(Commands.java:5)
	at io.michaelcane.Calculator.&lt;init&gt;(Calculator.java:6)
	at io.michaelcane.Commands.&lt;init&gt;(Commands.java:5)
	at io.michaelcane.Calculator.&lt;init&gt;(Calculator.java:6)
	at io.michaelcane.Commands.&lt;init&gt;(Commands.java:5)
	at io.michaelcane.Calculator.&lt;init&gt;(Calculator.java:6)
	at io.michaelcane.Commands.&lt;init&gt;(Commands.java:5)
	at io.michaelcane.Calculator.&lt;init&gt;(Calculator.java:6)
	at io.michaelcane.Commands.&lt;init&gt;(Commands.java:5)
	at io.michaelcane.Calculator.&lt;init&gt;(Calculator.java:6)
	at io.michaelcane.Commands.&lt;init&gt;(Commands.java:5)
	at io.michaelcane.Calculator.&lt;init&gt;(Calculator.java:6)
	at io.michaelcane.Commands.&lt;init&gt;(Commands.java:5)
	at io.michaelcane.Calculator.&lt;init&gt;(Calculator.java:6)
	at io.michaelcane.Commands.&lt;init&gt;(Commands.java:5)
	at io.michaelcane.Calculator.&lt;init&gt;(Calculator.java:6)
	at io.michaelcane.Commands.&lt;init&gt;(Commands.java:5)
	at io.michaelcane.Calculator.&lt;init&gt;(Calculator.java:6)
	at io.michaelcane.Commands.&lt;init&gt;(Commands.java:5)
	at io.michaelcane.Calculator.&lt;init&gt;(Calculator.java:6)
	at io.michaelcane.Commands.&lt;init&gt;(Commands.java:5)
	at io.michaelcane.Calculator.&lt;init&gt;(Calculator.java:6)
	at io.michaelcane.Commands.&lt;init&gt;(Commands.java:5)
	at io.michaelcane.Calculator.&lt;init&gt;(Calculator.java:6)
	at io.michaelcane.Commands.&lt;init&gt;(Commands.java:5)
	at io.michaelcane.Calculator.&lt;init&gt;(Calculator.java:6)
	at io.michaelcane.Commands.&lt;init&gt;(Commands.java:5)
	at io.michaelcane.Calculator.&lt;init&gt;(Calculator.java:6)
	at io.michaelcane.Commands.&lt;init&gt;(Commands.java:5)
	at io.michaelcane.Calculator.&lt;init&gt;(Calculator.java:6)
	at io.michaelcane.Commands.&lt;init&gt;(Commands.java:5)
	at io.michaelcane.Calculator.&lt;init&gt;(Calculator.java:6)
	at io.michaelcane.Commands.&lt;init&gt;(Commands.java:5)
	at io.michaelcane.Calculator.&lt;init&gt;(Calculator.java:6)
	at io.michaelcane.Commands.&lt;init&gt;(Commands.java:5)
	at io.michaelcane.Calculator.&lt;init&gt;(Calculator.java:6)
	at io.michaelcane.Commands.&lt;init&gt;(Commands.java:5)
	at io.michaelcane.Calculator.&lt;init&gt;(Calculator.java:6)
	at io.michaelcane.Commands.&lt;init&gt;(Commands.java:5)
	at io.michaelcane.Calculator.&lt;init&gt;(Calculator.java:6)
	at io.michaelcane.Commands.&lt;init&gt;(Commands.java:5)
	at io.michaelcane.Calculator.&lt;init&gt;(Calculator.java:6)
	at io.michaelcane.Commands.&lt;init&gt;(Commands.java:5)
	at io.michaelcane.Calculator.&lt;init&gt;(Calculator.java:6)
	at io.michaelcane.Commands.&lt;init&gt;(Commands.java:5)
	at io.michaelcane.Calculator.&lt;init&gt;(Calculator.java:6)
	at io.michaelcane.Commands.&lt;init&gt;(Commands.java:5)
	at io.michaelcane.Calculator.&lt;init&gt;(Calculator.java:6)
	at io.michaelcane.Commands.&lt;init&gt;(Commands.java:5)
	at io.michaelcane.Calculator.&lt;init&gt;(Calculator.java:6)
	at io.michaelcane.Commands.&lt;init&gt;(Commands.java:5)
	at io.michaelcane.Calculator.&lt;init&gt;(Calculator.java:6)
	at io.michaelcane.Commands.&lt;init&gt;(Commands.java:5)
	at io.michaelcane.Calculator.&lt;init&gt;(Calculator.java:6)
	at io.michaelcane.Commands.&lt;init&gt;(Commands.java:5)
	at io.michaelcane.Calculator.&lt;init&gt;(Calculator.java:6)
	at io.michaelcane.Commands.&lt;init&gt;(Commands.java:5)
	at io.michaelcane.Calculator.&lt;init&gt;(Calculator.java:6)
	at io.michaelcane.Commands.&lt;init&gt;(Commands.java:5)
	at io.michaelcane.Calculator.&lt;init&gt;(Calculator.java:6)
	at io.michaelcane.Commands.&lt;init&gt;(Commands.java:5)
	at io.michaelcane.Calculator.&lt;init&gt;(Calculator.java:6)
	at io.michaelcane.Commands.&lt;init&gt;(Commands.java:5)
	at io.michaelcane.Calculator.&lt;init&gt;(Calculator.java:6)
	at io.michaelcane.Commands.&lt;init&gt;(Commands.java:5)
	at io.michaelcane.Calculator.&lt;init&gt;(Calculator.java:6)
	at io.michaelcane.Commands.&lt;init&gt;(Commands.java:5)
	at io.michaelcane.Calculator.&lt;init&gt;(Calculator.java:6)
	at io.michaelcane.Commands.&lt;init&gt;(Commands.java:5)
	at io.michaelcane.Calculator.&lt;init&gt;(Calculator.java:6)
	at io.michaelcane.Commands.&lt;init&gt;(Commands.java:5)
	at io.michaelcane.Calculator.&lt;init&gt;(Calculator.java:6)
	at io.michaelcane.Commands.&lt;init&gt;(Commands.java:5)
	at io.michaelcane.Calculator.&lt;init&gt;(Calculator.java:6)
	at io.michaelcane.Commands.&lt;init&gt;(Commands.java:5)
	at io.michaelcane.Calculator.&lt;init&gt;(Calculator.java:6)
	at io.michaelcane.Commands.&lt;init&gt;(Commands.java:5)
	at io.michaelcane.Calculator.&lt;init&gt;(Calculator.java:6)
	at io.michaelcane.Commands.&lt;init&gt;(Commands.java:5)
	at io.michaelcane.Calculator.&lt;init&gt;(Calculator.java:6)
	at io.michaelcane.Commands.&lt;init&gt;(Commands.java:5)
	at io.michaelcane.Calculator.&lt;init&gt;(Calculator.java:6)
	at io.michaelcane.Commands.&lt;init&gt;(Commands.java:5)
	at io.michaelcane.Calculator.&lt;init&gt;(Calculator.java:6)
	at io.michaelcane.Commands.&lt;init&gt;(Commands.java:5)
	at io.michaelcane.Calculator.&lt;init&gt;(Calculator.java:6)
	at io.michaelcane.Commands.&lt;init&gt;(Commands.java:5)
	at io.michaelcane.Calculator.&lt;init&gt;(Calculator.java:6)
	at io.michaelcane.Commands.&lt;init&gt;(Commands.java:5)
	at io.michaelcane.Calculator.&lt;init&gt;(Calculator.java:6)
	at io.michaelcane.Commands.&lt;init&gt;(Commands.java:5)
	at io.michaelcane.Calculator.&lt;init&gt;(Calculator.java:6)
	at io.michaelcane.Commands.&lt;init&gt;(Commands.java:5)
	at io.michaelcane.Calculator.&lt;init&gt;(Calculator.java:6)
	at io.michaelcane.Commands.&lt;init&gt;(Commands.java:5)
	at io.michaelcane.Calculator.&lt;init&gt;(Calculator.java:6)
	at io.michaelcane.Commands.&lt;init&gt;(Commands.java:5)
	at io.michaelcane.Calculator.&lt;init&gt;(Calculator.java:6)
	at io.michaelcane.Commands.&lt;init&gt;(Commands.java:5)
	at io.michaelcane.Calculator.&lt;init&gt;(Calculator.java:6)
	at io.michaelcane.Commands.&lt;init&gt;(Commands.java:5)
	at io.michaelcane.Calculator.&lt;init&gt;(Calculator.java:6)
	at io.michaelcane.Commands.&lt;init&gt;(Commands.java:5)
	at io.michaelcane.Calculator.&lt;init&gt;(Calculator.java:6)
	at io.michaelcane.Commands.&lt;init&gt;(Commands.java:5)
	at io.michaelcane.Calculator.&lt;init&gt;(Calculator.java:6)
	at io.michaelcane.Commands.&lt;init&gt;(Commands.java:5)
	at io.michaelcane.Calculator.&lt;init&gt;(Calculator.java:6)
	at io.michaelcane.Commands.&lt;init&gt;(Commands.java:5)
	at io.michaelcane.Calculator.&lt;init&gt;(Calculator.java:6)
	at io.michaelcane.Commands.&lt;init&gt;(Commands.java:5)
	at io.michaelcane.Calculator.&lt;init&gt;(Calculator.java:6)
	at io.michaelcane.Commands.&lt;init&gt;(Commands.java:5)
	at io.michaelcane.Calculator.&lt;init&gt;(Calculator.java:6)
	at io.michaelcane.Commands.&lt;init&gt;(Commands.java:5)
	at io.michaelcane.Calculator.&lt;init&gt;(Calculator.java:6)
	at io.michaelcane.Commands.&lt;init&gt;(Commands.java:5)
	at io.michaelcane.Calculator.&lt;init&gt;(Calculator.java:6)
	at io.michaelcane.Commands.&lt;init&gt;(Commands.java:5)
	at io.michaelcane.Calculator.&lt;init&gt;(Calculator.java:6)
	at io.michaelcane.Commands.&lt;init&gt;(Commands.java:5)
	at io.michaelcane.Calculator.&lt;init&gt;(Calculator.java:6)
	at io.michaelcane.Commands.&lt;init&gt;(Commands.java:5)
	at io.michaelcane.Calculator.&lt;init&gt;(Calculator.java:6)
	at io.michaelcane.Commands.&lt;init&gt;(Commands.java:5)
	at io.michaelcane.Calculator.&lt;init&gt;(Calculator.java:6)
	at io.michaelcane.Commands.&lt;init&gt;(Commands.java:5)
	at io.michaelcane.Calculator.&lt;init&gt;(Calculator.java:6)
	at io.michaelcane.Commands.&lt;init&gt;(Commands.java:5)
	at io.michaelcane.Calculator.&lt;init&gt;(Calculator.java:6)
	at io.michaelcane.Commands.&lt;init&gt;(Commands.java:5)
	at io.michaelcane.Calculator.&lt;init&gt;(Calculator.java:6)
	at io.michaelcane.Commands.&lt;init&gt;(Commands.java:5)
	at io.michaelcane.Calculator.&lt;init&gt;(Calculator.java:6)
	at io.michaelcane.Commands.&lt;init&gt;(Commands.java:5)
	at io.michaelcane.Calculator.&lt;init&gt;(Calculator.java:6)
	at io.michaelcane.Commands.&lt;init&gt;(Commands.java:5)
	at io.michaelcane.Calculator.&lt;init&gt;(Calculator.java:6)
	at io.michaelcane.Commands.&lt;init&gt;(Commands.java:5)
	at io.michaelcane.Calculator.&lt;init&gt;(Calculator.java:6)
	at io.michaelcane.Commands.&lt;init&gt;(Commands.java:5)
	at io.michaelcane.Calculator.&lt;init&gt;(Calculator.java:6)
	at io.michaelcane.Commands.&lt;init&gt;(Commands.java:5)
	at io.michaelcane.Calculator.&lt;init&gt;(Calculator.java:6)
	at io.michaelcane.Commands.&lt;init&gt;(Commands.java:5)
	at io.michaelcane.Calculator.&lt;init&gt;(Calculator.java:6)
	at io.michaelcane.Commands.&lt;init&gt;(Commands.java:5)
	at io.michaelcane.Calculator.&lt;init&gt;(Calculator.java:6)
	at io.michaelcane.Commands.&lt;init&gt;(Commands.java:5)
	at io.michaelcane.Calculator.&lt;init&gt;(Calculator.java:6)
	at io.michaelcane.Commands.&lt;init&gt;(Commands.java:5)
	at io.michaelcane.Calculator.&lt;init&gt;(Calculator.java:6)
	at io.michaelcane.Commands.&lt;init&gt;(Commands.java:5)
	at io.michaelcane.Calculator.&lt;init&gt;(Calculator.java:6)
	at io.michaelcane.Commands.&lt;init&gt;(Commands.java:5)
	at io.michaelcane.Calculator.&lt;init&gt;(Calculator.java:6)
	at io.michaelcane.Commands.&lt;init&gt;(Commands.java:5)
	at io.michaelcane.Calculator.&lt;init&gt;(Calculator.java:6)
	at io.michaelcane.Commands.&lt;init&gt;(Commands.java:5)
	at io.michaelcane.Calculator.&lt;init&gt;(Calculator.java:6)
	at io.michaelcane.Commands.&lt;init&gt;(Commands.java:5)
	at io.michaelcane.Calculator.&lt;init&gt;(Calculator.java:6)
	at io.michaelcane.Commands.&lt;init&gt;(Commands.java:5)
	at io.michaelcane.Calculator.&lt;init&gt;(Calculator.java:6)
	at io.michaelcane.Commands.&lt;init&gt;(Commands.java:5)
	at io.michaelcane.Calculator.&lt;init&gt;(Calculator.java:6)
	at io.michaelcane.Commands.&lt;init&gt;(Commands.java:5)
	at io.michaelcane.Calculator.&lt;init&gt;(Calculator.java:6)
	at io.michaelcane.Commands.&lt;init&gt;(Commands.java:5)
	at io.michaelcane.Calculator.&lt;init&gt;(Calculator.java:6)
	at io.michaelcane.Commands.&lt;init&gt;(Commands.java:5)
	at io.michaelcane.Calculator.&lt;init&gt;(Calculator.java:6)
	at io.michaelcane.Commands.&lt;init&gt;(Commands.java:5)
	at io.michaelcane.Calculator.&lt;init&gt;(Calculator.java:6)
	at io.michaelcane.Commands.&lt;init&gt;(Commands.java:5)
	at io.michaelcane.Calculator.&lt;init&gt;(Calculator.java:6)
	at io.michaelcane.Commands.&lt;init&gt;(Commands.java:5)
	at io.michaelcane.Calculator.&lt;init&gt;(Calculator.java:6)
	at io.michaelcane.Commands.&lt;init&gt;(Commands.java:5)
	at io.michaelcane.Calculator.&lt;init&gt;(Calculator.java:6)
	at io.michaelcane.Commands.&lt;init&gt;(Commands.java:5)
	at io.michaelcane.Calculator.&lt;init&gt;(Calculator.java:6)
	at io.michaelcane.Commands.&lt;init&gt;(Commands.java:5)
	at io.michaelcane.Calculator.&lt;init&gt;(Calculator.java:6)
	at io.michaelcane.Commands.&lt;init&gt;(Commands.java:5)
	at io.michaelcane.Calculator.&lt;init&gt;(Calculator.java:6)
	at io.michaelcane.Commands.&lt;init&gt;(Commands.java:5)
	at io.michaelcane.Calculator.&lt;init&gt;(Calculator.java:6)
	at io.michaelcane.Commands.&lt;init&gt;(Commands.java:5)
	at io.michaelcane.Calculator.&lt;init&gt;(Calculator.java:6)
	at io.michaelcane.Commands.&lt;init&gt;(Commands.java:5)
	at io.michaelcane.Calculator.&lt;init&gt;(Calculator.java:6)
	at io.michaelcane.Commands.&lt;init&gt;(Commands.java:5)
	at io.michaelcane.Calculator.&lt;init&gt;(Calculator.java:6)
	at io.michaelcane.Commands.&lt;init&gt;(Commands.java:5)
	at io.michaelcane.Calculator.&lt;init&gt;(Calculator.java:6)
	at io.michaelcane.Commands.&lt;init&gt;(Commands.java:5)
	at io.michaelcane.Calculator.&lt;init&gt;(Calculator.java:6)
	at io.michaelcane.Commands.&lt;init&gt;(Commands.java:5)
	at io.michaelcane.Calculator.&lt;init&gt;(Calculator.java:6)
	at io.michaelcane.Commands.&lt;init&gt;(Commands.java:5)
	at io.michaelcane.Calculator.&lt;init&gt;(Calculator.java:6)
	at io.michaelcane.Commands.&lt;init&gt;(Commands.java:5)
	at io.michaelcane.Calculator.&lt;init&gt;(Calculator.java:6)
	at io.michaelcane.Commands.&lt;init&gt;(Commands.java:5)
	at io.michaelcane.Calculator.&lt;init&gt;(Calculator.java:6)
	at io.michaelcane.Commands.&lt;init&gt;(Commands.java:5)
	at io.michaelcane.Calculator.&lt;init&gt;(Calculator.java:6)
	at io.michaelcane.Commands.&lt;init&gt;(Commands.java:5)
	at io.michaelcane.Calculator.&lt;init&gt;(Calculator.java:6)
	at io.michaelcane.Commands.&lt;init&gt;(Commands.java:5)
	at io.michaelcane.Calculator.&lt;init&gt;(Calculator.java:6)
	at io.michaelcane.Commands.&lt;init&gt;(Commands.java:5)
	at io.michaelcane.Calculator.&lt;init&gt;(Calculator.java:6)
	at io.michaelcane.Commands.&lt;init&gt;(Commands.java:5)
	at io.michaelcane.Calculator.&lt;init&gt;(Calculator.java:6)
	at io.michaelcane.Commands.&lt;init&gt;(Commands.java:5)
	at io.michaelcane.Calculator.&lt;init&gt;(Calculator.java:6)
	at io.michaelcane.Commands.&lt;init&gt;(Commands.java:5)
	at io.michaelcane.Calculator.&lt;init&gt;(Calculator.java:6)
	at io.michaelcane.Commands.&lt;init&gt;(Commands.java:5)
	at io.michaelcane.Calculator.&lt;init&gt;(Calculator.java:6)
	at io.michaelcane.Commands.&lt;init&gt;(Commands.java:5)
	at io.michaelcane.Calculator.&lt;init&gt;(Calculator.java:6)
	at io.michaelcane.Commands.&lt;init&gt;(Commands.java:5)
	at io.michaelcane.Calculator.&lt;init&gt;(Calculator.java:6)
	at io.michaelcane.Commands.&lt;init&gt;(Commands.java:5)
	at io.michaelcane.Calculator.&lt;init&gt;(Calculator.java:6)
	at io.michaelcane.Commands.&lt;init&gt;(Commands.java:5)
	at io.michaelcane.Calculator.&lt;init&gt;(Calculator.java:6)
	at io.michaelcane.Commands.&lt;init&gt;(Commands.java:5)
	at io.michaelcane.Calculator.&lt;init&gt;(Calculator.java:6)
	at io.michaelcane.Commands.&lt;init&gt;(Commands.java:5)
	at io.michaelcane.Calculator.&lt;init&gt;(Calculator.java:6)
	at io.michaelcane.Commands.&lt;init&gt;(Commands.java:5)
	at io.michaelcane.Calculator.&lt;init&gt;(Calculator.java:6)
	at io.michaelcane.Commands.&lt;init&gt;(Commands.java:5)
	at io.michaelcane.Calculator.&lt;init&gt;(Calculator.java:6)
	at io.michaelcane.Commands.&lt;init&gt;(Commands.java:5)
	at io.michaelcane.Calculator.&lt;init&gt;(Calculator.java:6)
	at io.michaelcane.Commands.&lt;init&gt;(Commands.java:5)
	at io.michaelcane.Calculator.&lt;init&gt;(Calculator.java:6)
	at io.michaelcane.Commands.&lt;init&gt;(Commands.java:5)
	at io.michaelcane.Calculator.&lt;init&gt;(Calculator.java:6)
	at io.michaelcane.Commands.&lt;init&gt;(Commands.java:5)
	at io.michaelcane.Calculator.&lt;init&gt;(Calculator.java:6)
	at io.michaelcane.Commands.&lt;init&gt;(Commands.java:5)
	at io.michaelcane.Calculator.&lt;init&gt;(Calculator.java:6)
	at io.michaelcane.Commands.&lt;init&gt;(Commands.java:5)
	at io.michaelcane.Calculator.&lt;init&gt;(Calculator.java:6)
	at io.michaelcane.Commands.&lt;init&gt;(Commands.java:5)
	at io.michaelcane.Calculator.&lt;init&gt;(Calculator.java:6)
	at io.michaelcane.Commands.&lt;init&gt;(Commands.java:5)
	at io.michaelcane.Calculator.&lt;init&gt;(Calculator.java:6)
	at io.michaelcane.Commands.&lt;init&gt;(Commands.java:5)
	at io.michaelcane.Calculator.&lt;init&gt;(Calculator.java:6)
	at io.michaelcane.Commands.&lt;init&gt;(Commands.java:5)
	at io.michaelcane.Calculator.&lt;init&gt;(Calculator.java:6)
	at io.michaelcane.Commands.&lt;init&gt;(Commands.java:5)
	at io.michaelcane.Calculator.&lt;init&gt;(Calculator.java:6)
	at io.michaelcane.Commands.&lt;init&gt;(Commands.java:5)
	at io.michaelcane.Calculator.&lt;init&gt;(Calculator.java:6)
	at io.michaelcane.Commands.&lt;init&gt;(Commands.java:5)
	at io.michaelcane.Calculator.&lt;init&gt;(Calculator.java:6)
	at io.michaelcane.Commands.&lt;init&gt;(Commands.java:5)
	at io.michaelcane.Calculator.&lt;init&gt;(Calculator.java:6)
	at io.michaelcane.Commands.&lt;init&gt;(Commands.java:5)
	at io.michaelcane.Calculator.&lt;init&gt;(Calculator.java:6)
	at io.michaelcane.Commands.&lt;init&gt;(Commands.java:5)
	at io.michaelcane.Calculator.&lt;init&gt;(Calculator.java:6)
	at io.michaelcane.Commands.&lt;init&gt;(Commands.java:5)
	at io.michaelcane.Calculator.&lt;init&gt;(Calculator.java:6)
	at io.michaelcane.Commands.&lt;init&gt;(Commands.java:5)
	at io.michaelcane.Calculator.&lt;init&gt;(Calculator.java:6)
	at io.michaelcane.Commands.&lt;init&gt;(Commands.java:5)
	at io.michaelcane.Calculator.&lt;init&gt;(Calculator.java:6)
	at io.michaelcane.Commands.&lt;init&gt;(Commands.java:5)
	at io.michaelcane.Calculator.&lt;init&gt;(Calculator.java:6)
	at io.michaelcane.Commands.&lt;init&gt;(Commands.java:5)
	at io.michaelcane.Calculator.&lt;init&gt;(Calculator.java:6)
	at io.michaelcane.Commands.&lt;init&gt;(Commands.java:5)
	at io.michaelcane.Calculator.&lt;init&gt;(Calculator.java:6)
	at io.michaelcane.Commands.&lt;init&gt;(Commands.java:5)
	at io.michaelcane.Calculator.&lt;init&gt;(Calculator.java:6)
	at io.michaelcane.Commands.&lt;init&gt;(Commands.java:5)
	at io.michaelcane.Calculator.&lt;init&gt;(Calculator.java:6)
	at io.michaelcane.Commands.&lt;init&gt;(Commands.java:5)
	at io.michaelcane.Calculator.&lt;init&gt;(Calculator.java:6)
	at io.michaelcane.Commands.&lt;init&gt;(Commands.java:5)
	at io.michaelcane.Calculator.&lt;init&gt;(Calculator.java:6)
	at io.michaelcane.Commands.&lt;init&gt;(Commands.java:5)
	at io.michaelcane.Calculator.&lt;init&gt;(Calculator.java:6)
	at io.michaelcane.Commands.&lt;init&gt;(Commands.java:5)
	at io.michaelcane.Calculator.&lt;init&gt;(Calculator.java:6)
	at io.michaelcane.Commands.&lt;init&gt;(Commands.java:5)
	at io.michaelcane.Calculator.&lt;init&gt;(Calculator.java:6)
	at io.michaelcane.Commands.&lt;init&gt;(Commands.java:5)
	at io.michaelcane.Calculator.&lt;init&gt;(Calculator.java:6)
	at io.michaelcane.Commands.&lt;init&gt;(Commands.java:5)
	at io.michaelcane.Calculator.&lt;init&gt;(Calculator.java:6)
	at io.michaelcane.Commands.&lt;init&gt;(Commands.java:5)
	at io.michaelcane.Calculator.&lt;init&gt;(Calculator.java:6)
	at io.michaelcane.Commands.&lt;init&gt;(Commands.java:5)
	at io.michaelcane.Calculator.&lt;init&gt;(Calculator.java:6)
	at io.michaelcane.Commands.&lt;init&gt;(Commands.java:5)
	at io.michaelcane.Calculator.&lt;init&gt;(Calculator.java:6)
	at io.michaelcane.Commands.&lt;init&gt;(Commands.java:5)
	at io.michaelcane.Calculator.&lt;init&gt;(Calculator.java:6)
	at io.michaelcane.Commands.&lt;init&gt;(Commands.java:5)
	at io.michaelcane.Calculator.&lt;init&gt;(Calculator.java:6)
	at io.michaelcane.Commands.&lt;init&gt;(Commands.java:5)
	at io.michaelcane.Calculator.&lt;init&gt;(Calculator.java:6)
	at io.michaelcane.Commands.&lt;init&gt;(Commands.java:5)
	at io.michaelcane.Calculator.&lt;init&gt;(Calculator.java:6)
	at io.michaelcane.Commands.&lt;init&gt;(Commands.java:5)
	at io.michaelcane.Calculator.&lt;init&gt;(Calculator.java:6)
	at io.michaelcane.Commands.&lt;init&gt;(Commands.java:5)
	at io.michaelcane.Calculator.&lt;init&gt;(Calculator.java:6)
	at io.michaelcane.Commands.&lt;init&gt;(Commands.java:5)
	at io.michaelcane.Calculator.&lt;init&gt;(Calculator.java:6)
	at io.michaelcane.Commands.&lt;init&gt;(Commands.java:5)
	at io.michaelcane.Calculator.&lt;init&gt;(Calculator.java:6)
	at io.michaelcane.Commands.&lt;init&gt;(Commands.java:5)
	at io.michaelcane.Calculator.&lt;init&gt;(Calculator.java:6)
	at io.michaelcane.Commands.&lt;init&gt;(Commands.java:5)
	at io.michaelcane.Calculator.&lt;init&gt;(Calculator.java:6)
	at io.michaelcane.Commands.&lt;init&gt;(Commands.java:5)
	at io.michaelcane.Calculator.&lt;init&gt;(Calculator.java:6)
	at io.michaelcane.Commands.&lt;init&gt;(Commands.java:5)
	at io.michaelcane.Calculator.&lt;init&gt;(Calculator.java:6)
	at io.michaelcane.Commands.&lt;init&gt;(Commands.java:5)
	at io.michaelcane.Calculator.&lt;init&gt;(Calculator.java:6)
	at io.michaelcane.Commands.&lt;init&gt;(Commands.java:5)
	at io.michaelcane.Calculator.&lt;init&gt;(Calculator.java:6)
	at io.michaelcane.Commands.&lt;init&gt;(Commands.java:5)
	at io.michaelcane.Calculator.&lt;init&gt;(Calculator.java:6)
	at io.michaelcane.Commands.&lt;init&gt;(Commands.java:5)
	at io.michaelcane.Calculator.&lt;init&gt;(Calculator.java:6)
	at io.michaelcane.Commands.&lt;init&gt;(Commands.java:5)
	at io.michaelcane.Calculator.&lt;init&gt;(Calculator.java:6)
	at io.michaelcane.Commands.&lt;init&gt;(Commands.java:5)
	at io.michaelcane.Calculator.&lt;init&gt;(Calculator.java:6)
	at io.michaelcane.Commands.&lt;init&gt;(Commands.java:5)
	at io.michaelcane.Calculator.&lt;init&gt;(Calculator.java:6)
	at io.michaelcane.Commands.&lt;init&gt;(Commands.java:5)
	at io.michaelcane.Calculator.&lt;init&gt;(Calculator.java:6)
	at io.michaelcane.Commands.&lt;init&gt;(Commands.java:5)
	at io.michaelcane.Calculator.&lt;init&gt;(Calculator.java:6)
	at io.michaelcane.Commands.&lt;init&gt;(Commands.java:5)
	at io.michaelcane.Calculator.&lt;init&gt;(Calculator.java:6)
	at io.michaelcane.Commands.&lt;init&gt;(Commands.java:5)
	at io.michaelcane.Calculator.&lt;init&gt;(Calculator.java:6)
	at io.michaelcane.Commands.&lt;init&gt;(Commands.java:5)
	at io.michaelcane.Calculator.&lt;init&gt;(Calculator.java:6)
	at io.michaelcane.Commands.&lt;init&gt;(Commands.java:5)
	at io.michaelcane.Calculator.&lt;init&gt;(Calculator.java:6)
	at io.michaelcane.Commands.&lt;init&gt;(Commands.java:5)
	at io.michaelcane.Calculator.&lt;init&gt;(Calculator.java:6)
	at io.michaelcane.Commands.&lt;init&gt;(Commands.java:5)
	at io.michaelcane.Calculator.&lt;init&gt;(Calculator.java:6)
	at io.michaelcane.Commands.&lt;init&gt;(Commands.java:5)
	at io.michaelcane.Calculator.&lt;init&gt;(Calculator.java:6)
	at io.michaelcane.Commands.&lt;init&gt;(Commands.java:5)
	at io.michaelcane.Calculator.&lt;init&gt;(Calculator.java:6)
	at io.michaelcane.Commands.&lt;init&gt;(Commands.java:5)
	at io.michaelcane.Calculator.&lt;init&gt;(Calculator.java:6)
	at io.michaelcane.Commands.&lt;init&gt;(Commands.java:5)
	at io.michaelcane.Calculator.&lt;init&gt;(Calculator.java:6)
	at io.michaelcane.Commands.&lt;init&gt;(Commands.java:5)
	at io.michaelcane.Calculator.&lt;init&gt;(Calculator.java:6)
	at io.michaelcane.Commands.&lt;init&gt;(Commands.java:5)
	at io.michaelcane.Calculator.&lt;init&gt;(Calculator.java:6)
	at io.michaelcane.Commands.&lt;init&gt;(Commands.java:5)
	at io.michaelcane.Calculator.&lt;init&gt;(Calculator.java:6)
	at io.michaelcane.Commands.&lt;init&gt;(Commands.java:5)
	at io.michaelcane.Calculator.&lt;init&gt;(Calculator.java:6)
	at io.michaelcane.Commands.&lt;init&gt;(Commands.java:5)
	at io.michaelcane.Calculator.&lt;init&gt;(Calculator.java:6)
	at io.michaelcane.Commands.&lt;init&gt;(Commands.java:5)
	at io.michaelcane.Calculator.&lt;init&gt;(Calculator.java:6)
	at io.michaelcane.Commands.&lt;init&gt;(Commands.java:5)
	at io.michaelcane.Calculator.&lt;init&gt;(Calculator.java:6)
	at io.michaelcane.Commands.&lt;init&gt;(Commands.java:5)
	at io.michaelcane.Calculator.&lt;init&gt;(Calculator.java:6)
	at io.michaelcane.Commands.&lt;init&gt;(Commands.java:5)
	at io.michaelcane.Calculator.&lt;init&gt;(Calculator.java:6)
	at io.michaelcane.Commands.&lt;init&gt;(Commands.java:5)
	at io.michaelcane.Calculator.&lt;init&gt;(Calculator.java:6)
	at io.michaelcane.Commands.&lt;init&gt;(Commands.java:5)
	at io.michaelcane.Calculator.&lt;init&gt;(Calculator.java:6)
	at io.michaelcane.Commands.&lt;init&gt;(Commands.java:5)
	at io.michaelcane.Calculator.&lt;init&gt;(Calculator.java:6)
	at io.michaelcane.Commands.&lt;init&gt;(Commands.java:5)
	at io.michaelcane.Calculator.&lt;init&gt;(Calculator.java:6)
	at io.michaelcane.Commands.&lt;init&gt;(Commands.java:5)
	at io.michaelcane.Calculator.&lt;init&gt;(Calculator.java:6)
	at io.michaelcane.Commands.&lt;init&gt;(Commands.java:5)
	at io.michaelcane.Calculator.&lt;init&gt;(Calculator.java:6)
	at io.michaelcane.Commands.&lt;init&gt;(Commands.java:5)
	at io.michaelcane.Calculator.&lt;init&gt;(Calculator.java:6)
	at io.michaelcane.Commands.&lt;init&gt;(Commands.java:5)
	at io.michaelcane.Calculator.&lt;init&gt;(Calculator.java:6)
	at io.michaelcane.Commands.&lt;init&gt;(Commands.java:5)
	at io.michaelcane.Calculator.&lt;init&gt;(Calculator.java:6)
	at io.michaelcane.Commands.&lt;init&gt;(Commands.java:5)
	at io.michaelcane.Calculator.&lt;init&gt;(Calculator.java:6)
	at io.michaelcane.Commands.&lt;init&gt;(Commands.java:5)
	at io.michaelcane.Calculator.&lt;init&gt;(Calculator.java:6)
	at io.michaelcane.Commands.&lt;init&gt;(Commands.java:5)
	at io.michaelcane.Calculator.&lt;init&gt;(Calculator.java:6)
	at io.michaelcane.Commands.&lt;init&gt;(Commands.java:5)
	at io.michaelcane.Calculator.&lt;init&gt;(Calculator.java:6)
	at io.michaelcane.Commands.&lt;init&gt;(Commands.java:5)
	at io.michaelcane.Calculator.&lt;init&gt;(Calculator.java:6)
	at io.michaelcane.Commands.&lt;init&gt;(Commands.java:5)
	at io.michaelcane.Calculator.&lt;init&gt;(Calculator.java:6)
	at io.michaelcane.Commands.&lt;init&gt;(Commands.java:5)
	at io.michaelcane.Calculator.&lt;init&gt;(Calculator.java:6)
	at io.michaelcane.Commands.&lt;init&gt;(Commands.java:5)
	at io.michaelcane.Calculator.&lt;init&gt;(Calculator.java:6)
	at io.michaelcane.Commands.&lt;init&gt;(Commands.java:5)
	at io.michaelcane.Calculator.&lt;init&gt;(Calculator.java:6)
	at io.michaelcane.Commands.&lt;init&gt;(Commands.java:5)
	at io.michaelcane.Calculator.&lt;init&gt;(Calculator.java:6)
	at io.michaelcane.Commands.&lt;init&gt;(Commands.java:5)
	at io.michaelcane.Calculator.&lt;init&gt;(Calculator.java:6)
	at io.michaelcane.Commands.&lt;init&gt;(Commands.java:5)
	at io.michaelcane.Calculator.&lt;init&gt;(Calculator.java:6)
	at io.michaelcane.Commands.&lt;init&gt;(Commands.java:5)
	at io.michaelcane.Calculator.&lt;init&gt;(Calculator.java:6)
	at io.michaelcane.Commands.&lt;init&gt;(Commands.java:5)
	at io.michaelcane.Calculator.&lt;init&gt;(Calculator.java:6)
	at io.michaelcane.Commands.&lt;init&gt;(Commands.java:5)
	at io.michaelcane.Calculator.&lt;init&gt;(Calculator.java:6)
	at io.michaelcane.Commands.&lt;init&gt;(Commands.java:5)
	at io.michaelcane.Calculator.&lt;init&gt;(Calculator.java:6)
	at io.michaelcane.Commands.&lt;init&gt;(Commands.java:5)
	at io.michaelcane.Calculator.&lt;init&gt;(Calculator.java:6)
	at io.michaelcane.Commands.&lt;init&gt;(Commands.java:5)
	at io.michaelcane.Calculator.&lt;init&gt;(Calculator.java:6)
	at io.michaelcane.Commands.&lt;init&gt;(Commands.java:5)
	at io.michaelcane.Calculator.&lt;init&gt;(Calculator.java:6)
	at io.michaelcane.Commands.&lt;init&gt;(Commands.java:5)
	at io.michaelcane.Calculator.&lt;init&gt;(Calculator.java:6)
	at io.michaelcane.Commands.&lt;init&gt;(Commands.java:5)
	at io.michaelcane.Calculator.&lt;init&gt;(Calculator.java:6)
	at io.michaelcane.Commands.&lt;init&gt;(Commands.java:5)
	at io.michaelcane.Calculator.&lt;init&gt;(Calculator.java:6)
	at io.michaelcane.Commands.&lt;init&gt;(Commands.java:5)
	at io.michaelcane.Calculator.&lt;init&gt;(Calculator.java:6)
	at io.michaelcane.Commands.&lt;init&gt;(Commands.java:5)
	at io.michaelcane.Calculator.&lt;init&gt;(Calculator.java:6)
	at io.michaelcane.Commands.&lt;init&gt;(Commands.java:5)
	at io.michaelcane.Calculator.&lt;init&gt;(Calculator.java:6)
	at io.michaelcane.Commands.&lt;init&gt;(Commands.java:5)
	at io.michaelcane.Calculator.&lt;init&gt;(Calculator.java:6)
	at io.michaelcane.Commands.&lt;init&gt;(Commands.java:5)
	at io.michaelcane.Calculator.&lt;init&gt;(Calculator.java:6)
	at io.michaelcane.Commands.&lt;init&gt;(Commands.java:5)
	at io.michaelcane.Calculator.&lt;init&gt;(Calculator.java:6)
	at io.michaelcane.Commands.&lt;init&gt;(Commands.java:5)
	at io.michaelcane.Calculator.&lt;init&gt;(Calculator.java:6)
	at io.michaelcane.Commands.&lt;init&gt;(Commands.java:5)
	at io.michaelcane.Calculator.&lt;init&gt;(Calculator.java:6)
	at io.michaelcane.Commands.&lt;init&gt;(Commands.java:5)
	at io.michaelcane.Calculator.&lt;init&gt;(Calculator.java:6)
	at io.michaelcane.Commands.&lt;init&gt;(Commands.java:5)
	at io.michaelcane.Calculator.&lt;init&gt;(Calculator.java:6)
	at io.michaelcane.Commands.&lt;init&gt;(Commands.java:5)
	at io.michaelcane.Calculator.&lt;init&gt;(Calculator.java:6)
	at io.michaelcane.Commands.&lt;init&gt;(Commands.java:5)
	at io.michaelcane.Calculator.&lt;init&gt;(Calculator.java:6)
	at io.michaelcane.Commands.&lt;init&gt;(Commands.java:5)
	at io.michaelcane.Calculator.&lt;init&gt;(Calculator.java:6)
	at io.michaelcane.Commands.&lt;init&gt;(Commands.java:5)
	at io.michaelcane.Calculator.&lt;init&gt;(Calculator.java:6)
	at io.michaelcane.Commands.&lt;init&gt;(Commands.java:5)
	at io.michaelcane.Calculator.&lt;init&gt;(Calculator.java:6)
	at io.michaelcane.Commands.&lt;init&gt;(Commands.java:5)
	at io.michaelcane.Calculator.&lt;init&gt;(Calculator.java:6)
	at io.michaelcane.Commands.&lt;init&gt;(Commands.java:5)
	at io.michaelcane.Calculator.&lt;init&gt;(Calculator.java:6)
	at io.michaelcane.Commands.&lt;init&gt;(Commands.java:5)
	at io.michaelcane.Calculator.&lt;init&gt;(Calculator.java:6)
	at io.michaelcane.Commands.&lt;init&gt;(Commands.java:5)
	at io.michaelcane.Calculator.&lt;init&gt;(Calculator.java:6)
	at io.michaelcane.Commands.&lt;init&gt;(Commands.java:5)
	at io.michaelcane.Calculator.&lt;init&gt;(Calculator.java:6)
	at io.michaelcane.Commands.&lt;init&gt;(Commands.java:5)
	at io.michaelcane.Calculator.&lt;init&gt;(Calculator.java:6)
	at io.michaelcane.Commands.&lt;init&gt;(Commands.java:5)
	at io.michaelcane.Calculator.&lt;init&gt;(Calculator.java:6)
	at io.michaelcane.Commands.&lt;init&gt;(Commands.java:5)
	at io.michaelcane.Calculator.&lt;init&gt;(Calculator.java:6)
	at io.michaelcane.Commands.&lt;init&gt;(Commands.java:5)
	at io.michaelcane.Calculator.&lt;init&gt;(Calculator.java:6)
	at io.michaelcane.Commands.&lt;init&gt;(Commands.java:5)
	at io.michaelcane.Calculator.&lt;init&gt;(Calculator.java:6)
	at io.michaelcane.Commands.&lt;init&gt;(Commands.java:5)
	at io.michaelcane.Calculator.&lt;init&gt;(Calculator.java:6)
	at io.michaelcane.Commands.&lt;init&gt;(Commands.java:5)
	at io.michaelcane.Calculator.&lt;init&gt;(Calculator.java:6)
	at io.michaelcane.Commands.&lt;init&gt;(Commands.java:5)
	at io.michaelcane.Calculator.&lt;init&gt;(Calculator.java:6)
	at io.michaelcane.Commands.&lt;init&gt;(Commands.java:5)
	at io.michaelcane.Calculator.&lt;init&gt;(Calculator.java:6)
	at io.michaelcane.Commands.&lt;init&gt;(Commands.java:5)
	at io.michaelcane.Calculator.&lt;init&gt;(Calculator.java:6)
	at io.michaelcane.Commands.&lt;init&gt;(Commands.java:5)
	at io.michaelcane.Calculator.&lt;init&gt;(Calculator.java:6)
	at io.michaelcane.Commands.&lt;init&gt;(Commands.java:5)
	at io.michaelcane.Calculator.&lt;init&gt;(Calculator.java:6)
	at io.michaelcane.Commands.&lt;init&gt;(Commands.java:5)
	at io.michaelcane.Calculator.&lt;init&gt;(Calculator.java:6)
	at io.michaelcane.Commands.&lt;init&gt;(Commands.java:5)
	at io.michaelcane.Calculator.&lt;init&gt;(Calculator.java:6)
	at io.michaelcane.Commands.&lt;init&gt;(Commands.java:5)
	at io.michaelcane.Calculator.&lt;init&gt;(Calculator.java:6)
	at io.michaelcane.Commands.&lt;init&gt;(Commands.java:5)
	at io.michaelcane.Calculator.&lt;init&gt;(Calculator.java:6)
	at io.michaelcane.Commands.&lt;init&gt;(Commands.java:5)
	at io.michaelcane.Calculator.&lt;init&gt;(Calculator.java:6)
	at io.michaelcane.Commands.&lt;init&gt;(Commands.java:5)
	at io.michaelcane.Calculator.&lt;init&gt;(Calculator.java:6)
	at io.michaelcane.Commands.&lt;init&gt;(Commands.java:5)
	at io.michaelcane.Calculator.&lt;init&gt;(Calculator.java:6)
	at io.michaelcane.Commands.&lt;init&gt;(Commands.java:5)
	at io.michaelcane.Calculator.&lt;init&gt;(Calculator.java:6)
	at io.michaelcane.Commands.&lt;init&gt;(Commands.java:5)
	at io.michaelcane.Calculator.&lt;init&gt;(Calculator.java:6)
	at io.michaelcane.Commands.&lt;init&gt;(Commands.java:5)
	at io.michaelcane.Calculator.&lt;init&gt;(Calculator.java:6)
	at io.michaelcane.Commands.&lt;init&gt;(Commands.java:5)
	at io.michaelcane.Calculator.&lt;init&gt;(Calculator.java:6)
	at io.michaelcane.Commands.&lt;init&gt;(Commands.java:5)
	at io.michaelcane.Calculator.&lt;init&gt;(Calculator.java:6)
	at io.michaelcane.Commands.&lt;init&gt;(Commands.java:5)
	at io.michaelcane.Calculator.&lt;init&gt;(Calculator.java:6)
	at io.michaelcane.Commands.&lt;init&gt;(Commands.java:5)
	at io.michaelcane.Calculator.&lt;init&gt;(Calculator.java:6)
	at io.michaelcane.Commands.&lt;init&gt;(Commands.java:5)
	at io.michaelcane.Calculator.&lt;init&gt;(Calculator.java:6)
	at io.michaelcane.Commands.&lt;init&gt;(Commands.java:5)
	at io.michaelcane.Calculator.&lt;init&gt;(Calculator.java:6)
	at io.michaelcane.Commands.&lt;init&gt;(Commands.java:5)
	at io.michaelcane.Calculator.&lt;init&gt;(Calculator.java:6)
	at io.michaelcane.Commands.&lt;init&gt;(Commands.java:5)
	at io.michaelcane.Calculator.&lt;init&gt;(Calculator.java:6)
	at io.michaelcane.Commands.&lt;init&gt;(Commands.java:5)
	at io.michaelcane.Calculator.&lt;init&gt;(Calculator.java:6)
	at io.michaelcane.Commands.&lt;init&gt;(Commands.java:5)
	at io.michaelcane.Calculator.&lt;init&gt;(Calculator.java:6)
	at io.michaelcane.Commands.&lt;init&gt;(Commands.java:5)
	at io.michaelcane.Calculator.&lt;init&gt;(Calculator.java:6)
	at io.michaelcane.Commands.&lt;init&gt;(Commands.java:5)
	at io.michaelcane.Calculator.&lt;init&gt;(Calculator.java:6)
	at io.michaelcane.Commands.&lt;init&gt;(Commands.java:5)
	at io.michaelcane.Calculator.&lt;init&gt;(Calculator.java:6)
	at io.michaelcane.Commands.&lt;init&gt;(Commands.java:5)
	at io.michaelcane.Calculator.&lt;init&gt;(Calculator.java:6)
	at io.michaelcane.Commands.&lt;init&gt;(Commands.java:5)
	at io.michaelcane.Calculator.&lt;init&gt;(Calculator.java:6)
	at io.michaelcane.Commands.&lt;init&gt;(Commands.java:5)
	at io.michaelcane.Calculator.&lt;init&gt;(Calculator.java:6)
	at io.michaelcane.Commands.&lt;init&gt;(Commands.java:5)
	at io.michaelcane.Calculator.&lt;init&gt;(Calculator.java:6)
	at io.michaelcane.Commands.&lt;init&gt;(Commands.java:5)
	at io.michaelcane.Calculator.&lt;init&gt;(Calculator.java:6)
	at io.michaelcane.Commands.&lt;init&gt;(Commands.java:5)
	at io.michaelcane.Calculator.&lt;init&gt;(Calculator.java:6)
	at io.michaelcane.Commands.&lt;init&gt;(Commands.java:5)
	at io.michaelcane.Calculator.&lt;init&gt;(Calculator.java:6)
	at io.michaelcane.Commands.&lt;init&gt;(Commands.java:5)
	at io.michaelcane.Calculator.&lt;init&gt;(Calculator.java:6)
	at io.michaelcane.Commands.&lt;init&gt;(Commands.java:5)
	at io.michaelcane.Calculator.&lt;init&gt;(Calculator.java:6)
	at io.michaelcane.Commands.&lt;init&gt;(Commands.java:5)
	at io.michaelcane.Calculator.&lt;init&gt;(Calculator.java:6)
	at io.michaelcane.Commands.&lt;init&gt;(Commands.java:5)
	at io.michaelcane.Calculator.&lt;init&gt;(Calculator.java:6)
	at io.michaelcane.Commands.&lt;init&gt;(Commands.java:5)
	at io.michaelcane.Calculator.&lt;init&gt;(Calculator.java:6)
	at io.michaelcane.Commands.&lt;init&gt;(Commands.java:5)
	at io.michaelcane.Calculator.&lt;init&gt;(Calculator.java:6)
	at io.michaelcane.Commands.&lt;init&gt;(Commands.java:5)
	at io.michaelcane.Calculator.&lt;init&gt;(Calculator.java:6)
	at io.michaelcane.Commands.&lt;init&gt;(Commands.java:5)
	at io.michaelcane.Calculator.&lt;init&gt;(Calculator.java:6)
	at io.michaelcane.Commands.&lt;init&gt;(Commands.java:5)
	at io.michaelcane.Calculator.&lt;init&gt;(Calculator.java:6)
	at io.michaelcane.Commands.&lt;init&gt;(Commands.java:5)
	at io.michaelcane.Calculator.&lt;init&gt;(Calculator.java:6)
	at io.michaelcane.Commands.&lt;init&gt;(Commands.java:5)
	at io.michaelcane.Calculator.&lt;init&gt;(Calculator.java:6)
	at io.michaelcane.Commands.&lt;init&gt;(Commands.java:5)
	at io.michaelcane.Calculator.&lt;init&gt;(Calculator.java:6)
	at io.michaelcane.Commands.&lt;init&gt;(Commands.java:5)
	at io.michaelcane.Calculator.&lt;init&gt;(Calculator.java:6)
	at io.michaelcane.Commands.&lt;init&gt;(Commands.java:5)
	at io.michaelcane.Calculator.&lt;init&gt;(Calculator.java:6)
	at io.michaelcane.Commands.&lt;init&gt;(Commands.java:5)
	at io.michaelcane.Calculator.&lt;init&gt;(Calculator.java:6)
	at io.michaelcane.Commands.&lt;init&gt;(Commands.java:5)
	at io.michaelcane.Calculator.&lt;init&gt;(Calculator.java:6)
	at io.michaelcane.Commands.&lt;init&gt;(Commands.java:5)
	at io.michaelcane.Calculator.&lt;init&gt;(Calculator.java:6)
	at io.michaelcane.Commands.&lt;init&gt;(Commands.java:5)
	at io.michaelcane.Calculator.&lt;init&gt;(Calculator.java:6)
	at io.michaelcane.Commands.&lt;init&gt;(Commands.java:5)
	at io.michaelcane.Calculator.&lt;init&gt;(Calculator.java:6)
	at io.michaelcane.Commands.&lt;init&gt;(Commands.java:5)
	at io.michaelcane.Calculator.&lt;init&gt;(Calculator.java:6)
	at io.michaelcane.Commands.&lt;init&gt;(Commands.java:5)
	at io.michaelcane.Calculator.&lt;init&gt;(Calculator.java:6)
	at io.michaelcane.Commands.&lt;init&gt;(Commands.java:5)
	at io.michaelcane.Calculator.&lt;init&gt;(Calculator.java:6)
	at io.michaelcane.Commands.&lt;init&gt;(Commands.java:5)
	at io.michaelcane.Calculator.&lt;init&gt;(Calculator.java:6)
	at io.michaelcane.Commands.&lt;init&gt;(Commands.java:5)
	at io.michaelcane.Calculator.&lt;init&gt;(Calculator.java:6)
	at io.michaelcane.Commands.&lt;init&gt;(Commands.java:5)
	at io.michaelcane.Calculator.&lt;init&gt;(Calculator.java:6)
	at io.michaelcane.Commands.&lt;init&gt;(Commands.java:5)
	at io.michaelcane.Calculator.&lt;init&gt;(Calculator.java:6)
	at io.michaelcane.Commands.&lt;init&gt;(Commands.java:5)
	at io.michaelcane.Calculator.&lt;init&gt;(Calculator.java:6)
	at io.michaelcane.Commands.&lt;init&gt;(Commands.java:5)
	at io.michaelcane.Calculator.&lt;init&gt;(Calculator.java:6)
	at io.michaelcane.Commands.&lt;init&gt;(Commands.java:5)
	at io.michaelcane.Calculator.&lt;init&gt;(Calculator.java:6)
	at io.michaelcane.Commands.&lt;init&gt;(Commands.java:5)
	at io.michaelcane.Calculator.&lt;init&gt;(Calculator.java:6)
	at io.michaelcane.Commands.&lt;init&gt;(Commands.java:5)
	at io.michaelcane.Calculator.&lt;init&gt;(Calculator.java:6)
	at io.michaelcane.Commands.&lt;init&gt;(Commands.java:5)
	at io.michaelcane.Calculator.&lt;init&gt;(Calculator.java:6)
	at io.michaelcane.Commands.&lt;init&gt;(Commands.java:5)
	at io.michaelcane.Calculator.&lt;init&gt;(Calculator.java:6)
	at io.michaelcane.Commands.&lt;init&gt;(Commands.java:5)
	at io.michaelcane.Calculator.&lt;init&gt;(Calculator.java:6)
	at io.michaelcane.Commands.&lt;init&gt;(Commands.java:5)
	at io.michaelcane.Calculator.&lt;init&gt;(Calculator.java:6)
	at io.michaelcane.Commands.&lt;init&gt;(Commands.java:5)
	at io.michaelcane.Calculator.&lt;init&gt;(Calculator.java:6)
	at io.michaelcane.Commands.&lt;init&gt;(Commands.java:5)
	at io.michaelcane.Calculator.&lt;init&gt;(Calculator.java:6)
	at io.michaelcane.Commands.&lt;init&gt;(Commands.java:5)
	at io.michaelcane.Calculator.&lt;init&gt;(Calculator.java:6)
	at io.michaelcane.Commands.&lt;init&gt;(Commands.java:5)
	at io.michaelcane.Calculator.&lt;init&gt;(Calculator.java:6)
	at io.michaelcane.Commands.&lt;init&gt;(Commands.java:5)
	at io.michaelcane.Calculator.&lt;init&gt;(Calculator.java:6)
	at io.michaelcane.Commands.&lt;init&gt;(Commands.java:5)
	at io.michaelcane.Calculator.&lt;init&gt;(Calculator.java:6)
	at io.michaelcane.Commands.&lt;init&gt;(Commands.java:5)
	at io.michaelcane.Calculator.&lt;init&gt;(Calculator.java:6)
	at io.michaelcane.Commands.&lt;init&gt;(Commands.java:5)
	at io.michaelcane.Calculator.&lt;init&gt;(Calculator.java:6)
	at io.michaelcane.Commands.&lt;init&gt;(Commands.java:5)
</error>
  </testcase>
  <testcase classname="io.michaelcane.CalculatorSpec" name="test$inverseLogarithm" time="0.012">
    <error type="java.lang.StackOverflowError">java.lang.StackOverflowError
	at io.michaelcane.Calculator.&lt;init&gt;(Calculator.java:6)
	at io.michaelcane.Commands.&lt;init&gt;(Commands.java:5)
	at io.michaelcane.Calculator.&lt;init&gt;(Calculator.java:6)
	at io.michaelcane.Commands.&lt;init&gt;(Commands.java:5)
	at io.michaelcane.Calculator.&lt;init&gt;(Calculator.java:6)
	at io.michaelcane.Commands.&lt;init&gt;(Commands.java:5)
	at io.michaelcane.Calculator.&lt;init&gt;(Calculator.java:6)
	at io.michaelcane.Commands.&lt;init&gt;(Commands.java:5)
	at io.michaelcane.Calculator.&lt;init&gt;(Calculator.java:6)
	at io.michaelcane.Commands.&lt;init&gt;(Commands.java:5)
	at io.michaelcane.Calculator.&lt;init&gt;(Calculator.java:6)
	at io.michaelcane.Commands.&lt;init&gt;(Commands.java:5)
	at io.michaelcane.Calculator.&lt;init&gt;(Calculator.java:6)
	at io.michaelcane.Commands.&lt;init&gt;(Commands.java:5)
	at io.michaelcane.Calculator.&lt;init&gt;(Calculator.java:6)
	at io.michaelcane.Commands.&lt;init&gt;(Commands.java:5)
	at io.michaelcane.Calculator.&lt;init&gt;(Calculator.java:6)
	at io.michaelcane.Commands.&lt;init&gt;(Commands.java:5)
	at io.michaelcane.Calculator.&lt;init&gt;(Calculator.java:6)
	at io.michaelcane.Commands.&lt;init&gt;(Commands.java:5)
	at io.michaelcane.Calculator.&lt;init&gt;(Calculator.java:6)
	at io.michaelcane.Commands.&lt;init&gt;(Commands.java:5)
	at io.michaelcane.Calculator.&lt;init&gt;(Calculator.java:6)
	at io.michaelcane.Commands.&lt;init&gt;(Commands.java:5)
	at io.michaelcane.Calculator.&lt;init&gt;(Calculator.java:6)
	at io.michaelcane.Commands.&lt;init&gt;(Commands.java:5)
	at io.michaelcane.Calculator.&lt;init&gt;(Calculator.java:6)
	at io.michaelcane.Commands.&lt;init&gt;(Commands.java:5)
	at io.michaelcane.Calculator.&lt;init&gt;(Calculator.java:6)
	at io.michaelcane.Commands.&lt;init&gt;(Commands.java:5)
	at io.michaelcane.Calculator.&lt;init&gt;(Calculator.java:6)
	at io.michaelcane.Commands.&lt;init&gt;(Commands.java:5)
	at io.michaelcane.Calculator.&lt;init&gt;(Calculator.java:6)
	at io.michaelcane.Commands.&lt;init&gt;(Commands.java:5)
	at io.michaelcane.Calculator.&lt;init&gt;(Calculator.java:6)
	at io.michaelcane.Commands.&lt;init&gt;(Commands.java:5)
	at io.michaelcane.Calculator.&lt;init&gt;(Calculator.java:6)
	at io.michaelcane.Commands.&lt;init&gt;(Commands.java:5)
	at io.michaelcane.Calculator.&lt;init&gt;(Calculator.java:6)
	at io.michaelcane.Commands.&lt;init&gt;(Commands.java:5)
	at io.michaelcane.Calculator.&lt;init&gt;(Calculator.java:6)
	at io.michaelcane.Commands.&lt;init&gt;(Commands.java:5)
	at io.michaelcane.Calculator.&lt;init&gt;(Calculator.java:6)
	at io.michaelcane.Commands.&lt;init&gt;(Commands.java:5)
	at io.michaelcane.Calculator.&lt;init&gt;(Calculator.java:6)
	at io.michaelcane.Commands.&lt;init&gt;(Commands.java:5)
	at io.michaelcane.Calculator.&lt;init&gt;(Calculator.java:6)
	at io.michaelcane.Commands.&lt;init&gt;(Commands.java:5)
	at io.michaelcane.Calculator.&lt;init&gt;(Calculator.java:6)
	at io.michaelcane.Commands.&lt;init&gt;(Commands.java:5)
	at io.michaelcane.Calculator.&lt;init&gt;(Calculator.java:6)
	at io.michaelcane.Commands.&lt;init&gt;(Commands.java:5)
	at io.michaelcane.Calculator.&lt;init&gt;(Calculator.java:6)
	at io.michaelcane.Commands.&lt;init&gt;(Commands.java:5)
	at io.michaelcane.Calculator.&lt;init&gt;(Calculator.java:6)
	at io.michaelcane.Commands.&lt;init&gt;(Commands.java:5)
	at io.michaelcane.Calculator.&lt;init&gt;(Calculator.java:6)
	at io.michaelcane.Commands.&lt;init&gt;(Commands.java:5)
	at io.michaelcane.Calculator.&lt;init&gt;(Calculator.java:6)
	at io.michaelcane.Commands.&lt;init&gt;(Commands.java:5)
	at io.michaelcane.Calculator.&lt;init&gt;(Calculator.java:6)
	at io.michaelcane.Commands.&lt;init&gt;(Commands.java:5)
	at io.michaelcane.Calculator.&lt;init&gt;(Calculator.java:6)
	at io.michaelcane.Commands.&lt;init&gt;(Commands.java:5)
	at io.michaelcane.Calculator.&lt;init&gt;(Calculator.java:6)
	at io.michaelcane.Commands.&lt;init&gt;(Commands.java:5)
	at io.michaelcane.Calculator.&lt;init&gt;(Calculator.java:6)
	at io.michaelcane.Commands.&lt;init&gt;(Commands.java:5)
	at io.michaelcane.Calculator.&lt;init&gt;(Calculator.java:6)
	at io.michaelcane.Commands.&lt;init&gt;(Commands.java:5)
	at io.michaelcane.Calculator.&lt;init&gt;(Calculator.java:6)
	at io.michaelcane.Commands.&lt;init&gt;(Commands.java:5)
	at io.michaelcane.Calculator.&lt;init&gt;(Calculator.java:6)
	at io.michaelcane.Commands.&lt;init&gt;(Commands.java:5)
	at io.michaelcane.Calculator.&lt;init&gt;(Calculator.java:6)
	at io.michaelcane.Commands.&lt;init&gt;(Commands.java:5)
	at io.michaelcane.Calculator.&lt;init&gt;(Calculator.java:6)
	at io.michaelcane.Commands.&lt;init&gt;(Commands.java:5)
	at io.michaelcane.Calculator.&lt;init&gt;(Calculator.java:6)
	at io.michaelcane.Commands.&lt;init&gt;(Commands.java:5)
	at io.michaelcane.Calculator.&lt;init&gt;(Calculator.java:6)
	at io.michaelcane.Commands.&lt;init&gt;(Commands.java:5)
	at io.michaelcane.Calculator.&lt;init&gt;(Calculator.java:6)
	at io.michaelcane.Commands.&lt;init&gt;(Commands.java:5)
	at io.michaelcane.Calculator.&lt;init&gt;(Calculator.java:6)
	at io.michaelcane.Commands.&lt;init&gt;(Commands.java:5)
	at io.michaelcane.Calculator.&lt;init&gt;(Calculator.java:6)
	at io.michaelcane.Commands.&lt;init&gt;(Commands.java:5)
	at io.michaelcane.Calculator.&lt;init&gt;(Calculator.java:6)
	at io.michaelcane.Commands.&lt;init&gt;(Commands.java:5)
	at io.michaelcane.Calculator.&lt;init&gt;(Calculator.java:6)
	at io.michaelcane.Commands.&lt;init&gt;(Commands.java:5)
	at io.michaelcane.Calculator.&lt;init&gt;(Calculator.java:6)
	at io.michaelcane.Commands.&lt;init&gt;(Commands.java:5)
	at io.michaelcane.Calculator.&lt;init&gt;(Calculator.java:6)
	at io.michaelcane.Commands.&lt;init&gt;(Commands.java:5)
	at io.michaelcane.Calculator.&lt;init&gt;(Calculator.java:6)
	at io.michaelcane.Commands.&lt;init&gt;(Commands.java:5)
	at io.michaelcane.Calculator.&lt;init&gt;(Calculator.java:6)
	at io.michaelcane.Commands.&lt;init&gt;(Commands.java:5)
	at io.michaelcane.Calculator.&lt;init&gt;(Calculator.java:6)
	at io.michaelcane.Commands.&lt;init&gt;(Commands.java:5)
	at io.michaelcane.Calculator.&lt;init&gt;(Calculator.java:6)
	at io.michaelcane.Commands.&lt;init&gt;(Commands.java:5)
	at io.michaelcane.Calculator.&lt;init&gt;(Calculator.java:6)
	at io.michaelcane.Commands.&lt;init&gt;(Commands.java:5)
	at io.michaelcane.Calculator.&lt;init&gt;(Calculator.java:6)
	at io.michaelcane.Commands.&lt;init&gt;(Commands.java:5)
	at io.michaelcane.Calculator.&lt;init&gt;(Calculator.java:6)
	at io.michaelcane.Commands.&lt;init&gt;(Commands.java:5)
	at io.michaelcane.Calculator.&lt;init&gt;(Calculator.java:6)
	at io.michaelcane.Commands.&lt;init&gt;(Commands.java:5)
	at io.michaelcane.Calculator.&lt;init&gt;(Calculator.java:6)
	at io.michaelcane.Commands.&lt;init&gt;(Commands.java:5)
	at io.michaelcane.Calculator.&lt;init&gt;(Calculator.java:6)
	at io.michaelcane.Commands.&lt;init&gt;(Commands.java:5)
	at io.michaelcane.Calculator.&lt;init&gt;(Calculator.java:6)
	at io.michaelcane.Commands.&lt;init&gt;(Commands.java:5)
	at io.michaelcane.Calculator.&lt;init&gt;(Calculator.java:6)
	at io.michaelcane.Commands.&lt;init&gt;(Commands.java:5)
	at io.michaelcane.Calculator.&lt;init&gt;(Calculator.java:6)
	at io.michaelcane.Commands.&lt;init&gt;(Commands.java:5)
	at io.michaelcane.Calculator.&lt;init&gt;(Calculator.java:6)
	at io.michaelcane.Commands.&lt;init&gt;(Commands.java:5)
	at io.michaelcane.Calculator.&lt;init&gt;(Calculator.java:6)
	at io.michaelcane.Commands.&lt;init&gt;(Commands.java:5)
	at io.michaelcane.Calculator.&lt;init&gt;(Calculator.java:6)
	at io.michaelcane.Commands.&lt;init&gt;(Commands.java:5)
	at io.michaelcane.Calculator.&lt;init&gt;(Calculator.java:6)
	at io.michaelcane.Commands.&lt;init&gt;(Commands.java:5)
	at io.michaelcane.Calculator.&lt;init&gt;(Calculator.java:6)
	at io.michaelcane.Commands.&lt;init&gt;(Commands.java:5)
	at io.michaelcane.Calculator.&lt;init&gt;(Calculator.java:6)
	at io.michaelcane.Commands.&lt;init&gt;(Commands.java:5)
	at io.michaelcane.Calculator.&lt;init&gt;(Calculator.java:6)
	at io.michaelcane.Commands.&lt;init&gt;(Commands.java:5)
	at io.michaelcane.Calculator.&lt;init&gt;(Calculator.java:6)
	at io.michaelcane.Commands.&lt;init&gt;(Commands.java:5)
	at io.michaelcane.Calculator.&lt;init&gt;(Calculator.java:6)
	at io.michaelcane.Commands.&lt;init&gt;(Commands.java:5)
	at io.michaelcane.Calculator.&lt;init&gt;(Calculator.java:6)
	at io.michaelcane.Commands.&lt;init&gt;(Commands.java:5)
	at io.michaelcane.Calculator.&lt;init&gt;(Calculator.java:6)
	at io.michaelcane.Commands.&lt;init&gt;(Commands.java:5)
	at io.michaelcane.Calculator.&lt;init&gt;(Calculator.java:6)
	at io.michaelcane.Commands.&lt;init&gt;(Commands.java:5)
	at io.michaelcane.Calculator.&lt;init&gt;(Calculator.java:6)
	at io.michaelcane.Commands.&lt;init&gt;(Commands.java:5)
	at io.michaelcane.Calculator.&lt;init&gt;(Calculator.java:6)
	at io.michaelcane.Commands.&lt;init&gt;(Commands.java:5)
	at io.michaelcane.Calculator.&lt;init&gt;(Calculator.java:6)
	at io.michaelcane.Commands.&lt;init&gt;(Commands.java:5)
	at io.michaelcane.Calculator.&lt;init&gt;(Calculator.java:6)
	at io.michaelcane.Commands.&lt;init&gt;(Commands.java:5)
	at io.michaelcane.Calculator.&lt;init&gt;(Calculator.java:6)
	at io.michaelcane.Commands.&lt;init&gt;(Commands.java:5)
	at io.michaelcane.Calculator.&lt;init&gt;(Calculator.java:6)
	at io.michaelcane.Commands.&lt;init&gt;(Commands.java:5)
	at io.michaelcane.Calculator.&lt;init&gt;(Calculator.java:6)
	at io.michaelcane.Commands.&lt;init&gt;(Commands.java:5)
	at io.michaelcane.Calculator.&lt;init&gt;(Calculator.java:6)
	at io.michaelcane.Commands.&lt;init&gt;(Commands.java:5)
	at io.michaelcane.Calculator.&lt;init&gt;(Calculator.java:6)
	at io.michaelcane.Commands.&lt;init&gt;(Commands.java:5)
	at io.michaelcane.Calculator.&lt;init&gt;(Calculator.java:6)
	at io.michaelcane.Commands.&lt;init&gt;(Commands.java:5)
	at io.michaelcane.Calculator.&lt;init&gt;(Calculator.java:6)
	at io.michaelcane.Commands.&lt;init&gt;(Commands.java:5)
	at io.michaelcane.Calculator.&lt;init&gt;(Calculator.java:6)
	at io.michaelcane.Commands.&lt;init&gt;(Commands.java:5)
	at io.michaelcane.Calculator.&lt;init&gt;(Calculator.java:6)
	at io.michaelcane.Commands.&lt;init&gt;(Commands.java:5)
	at io.michaelcane.Calculator.&lt;init&gt;(Calculator.java:6)
	at io.michaelcane.Commands.&lt;init&gt;(Commands.java:5)
	at io.michaelcane.Calculator.&lt;init&gt;(Calculator.java:6)
	at io.michaelcane.Commands.&lt;init&gt;(Commands.java:5)
	at io.michaelcane.Calculator.&lt;init&gt;(Calculator.java:6)
	at io.michaelcane.Commands.&lt;init&gt;(Commands.java:5)
	at io.michaelcane.Calculator.&lt;init&gt;(Calculator.java:6)
	at io.michaelcane.Commands.&lt;init&gt;(Commands.java:5)
	at io.michaelcane.Calculator.&lt;init&gt;(Calculator.java:6)
	at io.michaelcane.Commands.&lt;init&gt;(Commands.java:5)
	at io.michaelcane.Calculator.&lt;init&gt;(Calculator.java:6)
	at io.michaelcane.Commands.&lt;init&gt;(Commands.java:5)
	at io.michaelcane.Calculator.&lt;init&gt;(Calculator.java:6)
	at io.michaelcane.Commands.&lt;init&gt;(Commands.java:5)
	at io.michaelcane.Calculator.&lt;init&gt;(Calculator.java:6)
	at io.michaelcane.Commands.&lt;init&gt;(Commands.java:5)
	at io.michaelcane.Calculator.&lt;init&gt;(Calculator.java:6)
	at io.michaelcane.Commands.&lt;init&gt;(Commands.java:5)
	at io.michaelcane.Calculator.&lt;init&gt;(Calculator.java:6)
	at io.michaelcane.Commands.&lt;init&gt;(Commands.java:5)
	at io.michaelcane.Calculator.&lt;init&gt;(Calculator.java:6)
	at io.michaelcane.Commands.&lt;init&gt;(Commands.java:5)
	at io.michaelcane.Calculator.&lt;init&gt;(Calculator.java:6)
	at io.michaelcane.Commands.&lt;init&gt;(Commands.java:5)
	at io.michaelcane.Calculator.&lt;init&gt;(Calculator.java:6)
	at io.michaelcane.Commands.&lt;init&gt;(Commands.java:5)
	at io.michaelcane.Calculator.&lt;init&gt;(Calculator.java:6)
	at io.michaelcane.Commands.&lt;init&gt;(Commands.java:5)
	at io.michaelcane.Calculator.&lt;init&gt;(Calculator.java:6)
	at io.michaelcane.Commands.&lt;init&gt;(Commands.java:5)
	at io.michaelcane.Calculator.&lt;init&gt;(Calculator.java:6)
	at io.michaelcane.Commands.&lt;init&gt;(Commands.java:5)
	at io.michaelcane.Calculator.&lt;init&gt;(Calculator.java:6)
	at io.michaelcane.Commands.&lt;init&gt;(Commands.java:5)
	at io.michaelcane.Calculator.&lt;init&gt;(Calculator.java:6)
	at io.michaelcane.Commands.&lt;init&gt;(Commands.java:5)
	at io.michaelcane.Calculator.&lt;init&gt;(Calculator.java:6)
	at io.michaelcane.Commands.&lt;init&gt;(Commands.java:5)
	at io.michaelcane.Calculator.&lt;init&gt;(Calculator.java:6)
	at io.michaelcane.Commands.&lt;init&gt;(Commands.java:5)
	at io.michaelcane.Calculator.&lt;init&gt;(Calculator.java:6)
	at io.michaelcane.Commands.&lt;init&gt;(Commands.java:5)
	at io.michaelcane.Calculator.&lt;init&gt;(Calculator.java:6)
	at io.michaelcane.Commands.&lt;init&gt;(Commands.java:5)
	at io.michaelcane.Calculator.&lt;init&gt;(Calculator.java:6)
	at io.michaelcane.Commands.&lt;init&gt;(Commands.java:5)
	at io.michaelcane.Calculator.&lt;init&gt;(Calculator.java:6)
	at io.michaelcane.Commands.&lt;init&gt;(Commands.java:5)
	at io.michaelcane.Calculator.&lt;init&gt;(Calculator.java:6)
	at io.michaelcane.Commands.&lt;init&gt;(Commands.java:5)
	at io.michaelcane.Calculator.&lt;init&gt;(Calculator.java:6)
	at io.michaelcane.Commands.&lt;init&gt;(Commands.java:5)
	at io.michaelcane.Calculator.&lt;init&gt;(Calculator.java:6)
	at io.michaelcane.Commands.&lt;init&gt;(Commands.java:5)
	at io.michaelcane.Calculator.&lt;init&gt;(Calculator.java:6)
	at io.michaelcane.Commands.&lt;init&gt;(Commands.java:5)
	at io.michaelcane.Calculator.&lt;init&gt;(Calculator.java:6)
	at io.michaelcane.Commands.&lt;init&gt;(Commands.java:5)
	at io.michaelcane.Calculator.&lt;init&gt;(Calculator.java:6)
	at io.michaelcane.Commands.&lt;init&gt;(Commands.java:5)
	at io.michaelcane.Calculator.&lt;init&gt;(Calculator.java:6)
	at io.michaelcane.Commands.&lt;init&gt;(Commands.java:5)
	at io.michaelcane.Calculator.&lt;init&gt;(Calculator.java:6)
	at io.michaelcane.Commands.&lt;init&gt;(Commands.java:5)
	at io.michaelcane.Calculator.&lt;init&gt;(Calculator.java:6)
	at io.michaelcane.Commands.&lt;init&gt;(Commands.java:5)
	at io.michaelcane.Calculator.&lt;init&gt;(Calculator.java:6)
	at io.michaelcane.Commands.&lt;init&gt;(Commands.java:5)
	at io.michaelcane.Calculator.&lt;init&gt;(Calculator.java:6)
	at io.michaelcane.Commands.&lt;init&gt;(Commands.java:5)
	at io.michaelcane.Calculator.&lt;init&gt;(Calculator.java:6)
	at io.michaelcane.Commands.&lt;init&gt;(Commands.java:5)
	at io.michaelcane.Calculator.&lt;init&gt;(Calculator.java:6)
	at io.michaelcane.Commands.&lt;init&gt;(Commands.java:5)
	at io.michaelcane.Calculator.&lt;init&gt;(Calculator.java:6)
	at io.michaelcane.Commands.&lt;init&gt;(Commands.java:5)
	at io.michaelcane.Calculator.&lt;init&gt;(Calculator.java:6)
	at io.michaelcane.Commands.&lt;init&gt;(Commands.java:5)
	at io.michaelcane.Calculator.&lt;init&gt;(Calculator.java:6)
	at io.michaelcane.Commands.&lt;init&gt;(Commands.java:5)
	at io.michaelcane.Calculator.&lt;init&gt;(Calculator.java:6)
	at io.michaelcane.Commands.&lt;init&gt;(Commands.java:5)
	at io.michaelcane.Calculator.&lt;init&gt;(Calculator.java:6)
	at io.michaelcane.Commands.&lt;init&gt;(Commands.java:5)
	at io.michaelcane.Calculator.&lt;init&gt;(Calculator.java:6)
	at io.michaelcane.Commands.&lt;init&gt;(Commands.java:5)
	at io.michaelcane.Calculator.&lt;init&gt;(Calculator.java:6)
	at io.michaelcane.Commands.&lt;init&gt;(Commands.java:5)
	at io.michaelcane.Calculator.&lt;init&gt;(Calculator.java:6)
	at io.michaelcane.Commands.&lt;init&gt;(Commands.java:5)
	at io.michaelcane.Calculator.&lt;init&gt;(Calculator.java:6)
	at io.michaelcane.Commands.&lt;init&gt;(Commands.java:5)
	at io.michaelcane.Calculator.&lt;init&gt;(Calculator.java:6)
	at io.michaelcane.Commands.&lt;init&gt;(Commands.java:5)
	at io.michaelcane.Calculator.&lt;init&gt;(Calculator.java:6)
	at io.michaelcane.Commands.&lt;init&gt;(Commands.java:5)
	at io.michaelcane.Calculator.&lt;init&gt;(Calculator.java:6)
	at io.michaelcane.Commands.&lt;init&gt;(Commands.java:5)
	at io.michaelcane.Calculator.&lt;init&gt;(Calculator.java:6)
	at io.michaelcane.Commands.&lt;init&gt;(Commands.java:5)
	at io.michaelcane.Calculator.&lt;init&gt;(Calculator.java:6)
	at io.michaelcane.Commands.&lt;init&gt;(Commands.java:5)
	at io.michaelcane.Calculator.&lt;init&gt;(Calculator.java:6)
	at io.michaelcane.Commands.&lt;init&gt;(Commands.java:5)
	at io.michaelcane.Calculator.&lt;init&gt;(Calculator.java:6)
	at io.michaelcane.Commands.&lt;init&gt;(Commands.java:5)
	at io.michaelcane.Calculator.&lt;init&gt;(Calculator.java:6)
	at io.michaelcane.Commands.&lt;init&gt;(Commands.java:5)
	at io.michaelcane.Calculator.&lt;init&gt;(Calculator.java:6)
	at io.michaelcane.Commands.&lt;init&gt;(Commands.java:5)
	at io.michaelcane.Calculator.&lt;init&gt;(Calculator.java:6)
	at io.michaelcane.Commands.&lt;init&gt;(Commands.java:5)
	at io.michaelcane.Calculator.&lt;init&gt;(Calculator.java:6)
	at io.michaelcane.Commands.&lt;init&gt;(Commands.java:5)
	at io.michaelcane.Calculator.&lt;init&gt;(Calculator.java:6)
	at io.michaelcane.Commands.&lt;init&gt;(Commands.java:5)
	at io.michaelcane.Calculator.&lt;init&gt;(Calculator.java:6)
	at io.michaelcane.Commands.&lt;init&gt;(Commands.java:5)
	at io.michaelcane.Calculator.&lt;init&gt;(Calculator.java:6)
	at io.michaelcane.Commands.&lt;init&gt;(Commands.java:5)
	at io.michaelcane.Calculator.&lt;init&gt;(Calculator.java:6)
	at io.michaelcane.Commands.&lt;init&gt;(Commands.java:5)
	at io.michaelcane.Calculator.&lt;init&gt;(Calculator.java:6)
	at io.michaelcane.Commands.&lt;init&gt;(Commands.java:5)
	at io.michaelcane.Calculator.&lt;init&gt;(Calculator.java:6)
	at io.michaelcane.Commands.&lt;init&gt;(Commands.java:5)
	at io.michaelcane.Calculator.&lt;init&gt;(Calculator.java:6)
	at io.michaelcane.Commands.&lt;init&gt;(Commands.java:5)
	at io.michaelcane.Calculator.&lt;init&gt;(Calculator.java:6)
	at io.michaelcane.Commands.&lt;init&gt;(Commands.java:5)
	at io.michaelcane.Calculator.&lt;init&gt;(Calculator.java:6)
	at io.michaelcane.Commands.&lt;init&gt;(Commands.java:5)
	at io.michaelcane.Calculator.&lt;init&gt;(Calculator.java:6)
	at io.michaelcane.Commands.&lt;init&gt;(Commands.java:5)
	at io.michaelcane.Calculator.&lt;init&gt;(Calculator.java:6)
	at io.michaelcane.Commands.&lt;init&gt;(Commands.java:5)
	at io.michaelcane.Calculator.&lt;init&gt;(Calculator.java:6)
	at io.michaelcane.Commands.&lt;init&gt;(Commands.java:5)
	at io.michaelcane.Calculator.&lt;init&gt;(Calculator.java:6)
	at io.michaelcane.Commands.&lt;init&gt;(Commands.java:5)
	at io.michaelcane.Calculator.&lt;init&gt;(Calculator.java:6)
	at io.michaelcane.Commands.&lt;init&gt;(Commands.java:5)
	at io.michaelcane.Calculator.&lt;init&gt;(Calculator.java:6)
	at io.michaelcane.Commands.&lt;init&gt;(Commands.java:5)
	at io.michaelcane.Calculator.&lt;init&gt;(Calculator.java:6)
	at io.michaelcane.Commands.&lt;init&gt;(Commands.java:5)
	at io.michaelcane.Calculator.&lt;init&gt;(Calculator.java:6)
	at io.michaelcane.Commands.&lt;init&gt;(Commands.java:5)
	at io.michaelcane.Calculator.&lt;init&gt;(Calculator.java:6)
	at io.michaelcane.Commands.&lt;init&gt;(Commands.java:5)
	at io.michaelcane.Calculator.&lt;init&gt;(Calculator.java:6)
	at io.michaelcane.Commands.&lt;init&gt;(Commands.java:5)
	at io.michaelcane.Calculator.&lt;init&gt;(Calculator.java:6)
	at io.michaelcane.Commands.&lt;init&gt;(Commands.java:5)
	at io.michaelcane.Calculator.&lt;init&gt;(Calculator.java:6)
	at io.michaelcane.Commands.&lt;init&gt;(Commands.java:5)
	at io.michaelcane.Calculator.&lt;init&gt;(Calculator.java:6)
	at io.michaelcane.Commands.&lt;init&gt;(Commands.java:5)
	at io.michaelcane.Calculator.&lt;init&gt;(Calculator.java:6)
	at io.michaelcane.Commands.&lt;init&gt;(Commands.java:5)
	at io.michaelcane.Calculator.&lt;init&gt;(Calculator.java:6)
	at io.michaelcane.Commands.&lt;init&gt;(Commands.java:5)
	at io.michaelcane.Calculator.&lt;init&gt;(Calculator.java:6)
	at io.michaelcane.Commands.&lt;init&gt;(Commands.java:5)
	at io.michaelcane.Calculator.&lt;init&gt;(Calculator.java:6)
	at io.michaelcane.Commands.&lt;init&gt;(Commands.java:5)
	at io.michaelcane.Calculator.&lt;init&gt;(Calculator.java:6)
	at io.michaelcane.Commands.&lt;init&gt;(Commands.java:5)
	at io.michaelcane.Calculator.&lt;init&gt;(Calculator.java:6)
	at io.michaelcane.Commands.&lt;init&gt;(Commands.java:5)
	at io.michaelcane.Calculator.&lt;init&gt;(Calculator.java:6)
	at io.michaelcane.Commands.&lt;init&gt;(Commands.java:5)
	at io.michaelcane.Calculator.&lt;init&gt;(Calculator.java:6)
	at io.michaelcane.Commands.&lt;init&gt;(Commands.java:5)
	at io.michaelcane.Calculator.&lt;init&gt;(Calculator.java:6)
	at io.michaelcane.Commands.&lt;init&gt;(Commands.java:5)
	at io.michaelcane.Calculator.&lt;init&gt;(Calculator.java:6)
	at io.michaelcane.Commands.&lt;init&gt;(Commands.java:5)
	at io.michaelcane.Calculator.&lt;init&gt;(Calculator.java:6)
	at io.michaelcane.Commands.&lt;init&gt;(Commands.java:5)
	at io.michaelcane.Calculator.&lt;init&gt;(Calculator.java:6)
	at io.michaelcane.Commands.&lt;init&gt;(Commands.java:5)
	at io.michaelcane.Calculator.&lt;init&gt;(Calculator.java:6)
	at io.michaelcane.Commands.&lt;init&gt;(Commands.java:5)
	at io.michaelcane.Calculator.&lt;init&gt;(Calculator.java:6)
	at io.michaelcane.Commands.&lt;init&gt;(Commands.java:5)
	at io.michaelcane.Calculator.&lt;init&gt;(Calculator.java:6)
	at io.michaelcane.Commands.&lt;init&gt;(Commands.java:5)
	at io.michaelcane.Calculator.&lt;init&gt;(Calculator.java:6)
	at io.michaelcane.Commands.&lt;init&gt;(Commands.java:5)
	at io.michaelcane.Calculator.&lt;init&gt;(Calculator.java:6)
	at io.michaelcane.Commands.&lt;init&gt;(Commands.java:5)
	at io.michaelcane.Calculator.&lt;init&gt;(Calculator.java:6)
	at io.michaelcane.Commands.&lt;init&gt;(Commands.java:5)
	at io.michaelcane.Calculator.&lt;init&gt;(Calculator.java:6)
	at io.michaelcane.Commands.&lt;init&gt;(Commands.java:5)
	at io.michaelcane.Calculator.&lt;init&gt;(Calculator.java:6)
	at io.michaelcane.Commands.&lt;init&gt;(Commands.java:5)
	at io.michaelcane.Calculator.&lt;init&gt;(Calculator.java:6)
	at io.michaelcane.Commands.&lt;init&gt;(Commands.java:5)
	at io.michaelcane.Calculator.&lt;init&gt;(Calculator.java:6)
	at io.michaelcane.Commands.&lt;init&gt;(Commands.java:5)
	at io.michaelcane.Calculator.&lt;init&gt;(Calculator.java:6)
	at io.michaelcane.Commands.&lt;init&gt;(Commands.java:5)
	at io.michaelcane.Calculator.&lt;init&gt;(Calculator.java:6)
	at io.michaelcane.Commands.&lt;init&gt;(Commands.java:5)
	at io.michaelcane.Calculator.&lt;init&gt;(Calculator.java:6)
	at io.michaelcane.Commands.&lt;init&gt;(Commands.java:5)
	at io.michaelcane.Calculator.&lt;init&gt;(Calculator.java:6)
	at io.michaelcane.Commands.&lt;init&gt;(Commands.java:5)
	at io.michaelcane.Calculator.&lt;init&gt;(Calculator.java:6)
	at io.michaelcane.Commands.&lt;init&gt;(Commands.java:5)
	at io.michaelcane.Calculator.&lt;init&gt;(Calculator.java:6)
	at io.michaelcane.Commands.&lt;init&gt;(Commands.java:5)
	at io.michaelcane.Calculator.&lt;init&gt;(Calculator.java:6)
	at io.michaelcane.Commands.&lt;init&gt;(Commands.java:5)
	at io.michaelcane.Calculator.&lt;init&gt;(Calculator.java:6)
	at io.michaelcane.Commands.&lt;init&gt;(Commands.java:5)
	at io.michaelcane.Calculator.&lt;init&gt;(Calculator.java:6)
	at io.michaelcane.Commands.&lt;init&gt;(Commands.java:5)
	at io.michaelcane.Calculator.&lt;init&gt;(Calculator.java:6)
	at io.michaelcane.Commands.&lt;init&gt;(Commands.java:5)
	at io.michaelcane.Calculator.&lt;init&gt;(Calculator.java:6)
	at io.michaelcane.Commands.&lt;init&gt;(Commands.java:5)
	at io.michaelcane.Calculator.&lt;init&gt;(Calculator.java:6)
	at io.michaelcane.Commands.&lt;init&gt;(Commands.java:5)
	at io.michaelcane.Calculator.&lt;init&gt;(Calculator.java:6)
	at io.michaelcane.Commands.&lt;init&gt;(Commands.java:5)
	at io.michaelcane.Calculator.&lt;init&gt;(Calculator.java:6)
	at io.michaelcane.Commands.&lt;init&gt;(Commands.java:5)
	at io.michaelcane.Calculator.&lt;init&gt;(Calculator.java:6)
	at io.michaelcane.Commands.&lt;init&gt;(Commands.java:5)
	at io.michaelcane.Calculator.&lt;init&gt;(Calculator.java:6)
	at io.michaelcane.Commands.&lt;init&gt;(Commands.java:5)
	at io.michaelcane.Calculator.&lt;init&gt;(Calculator.java:6)
	at io.michaelcane.Commands.&lt;init&gt;(Commands.java:5)
	at io.michaelcane.Calculator.&lt;init&gt;(Calculator.java:6)
	at io.michaelcane.Commands.&lt;init&gt;(Commands.java:5)
	at io.michaelcane.Calculator.&lt;init&gt;(Calculator.java:6)
	at io.michaelcane.Commands.&lt;init&gt;(Commands.java:5)
	at io.michaelcane.Calculator.&lt;init&gt;(Calculator.java:6)
	at io.michaelcane.Commands.&lt;init&gt;(Commands.java:5)
	at io.michaelcane.Calculator.&lt;init&gt;(Calculator.java:6)
	at io.michaelcane.Commands.&lt;init&gt;(Commands.java:5)
	at io.michaelcane.Calculator.&lt;init&gt;(Calculator.java:6)
	at io.michaelcane.Commands.&lt;init&gt;(Commands.java:5)
	at io.michaelcane.Calculator.&lt;init&gt;(Calculator.java:6)
	at io.michaelcane.Commands.&lt;init&gt;(Commands.java:5)
	at io.michaelcane.Calculator.&lt;init&gt;(Calculator.java:6)
	at io.michaelcane.Commands.&lt;init&gt;(Commands.java:5)
	at io.michaelcane.Calculator.&lt;init&gt;(Calculator.java:6)
	at io.michaelcane.Commands.&lt;init&gt;(Commands.java:5)
	at io.michaelcane.Calculator.&lt;init&gt;(Calculator.java:6)
	at io.michaelcane.Commands.&lt;init&gt;(Commands.java:5)
	at io.michaelcane.Calculator.&lt;init&gt;(Calculator.java:6)
	at io.michaelcane.Commands.&lt;init&gt;(Commands.java:5)
	at io.michaelcane.Calculator.&lt;init&gt;(Calculator.java:6)
	at io.michaelcane.Commands.&lt;init&gt;(Commands.java:5)
	at io.michaelcane.Calculator.&lt;init&gt;(Calculator.java:6)
	at io.michaelcane.Commands.&lt;init&gt;(Commands.java:5)
	at io.michaelcane.Calculator.&lt;init&gt;(Calculator.java:6)
	at io.michaelcane.Commands.&lt;init&gt;(Commands.java:5)
	at io.michaelcane.Calculator.&lt;init&gt;(Calculator.java:6)
	at io.michaelcane.Commands.&lt;init&gt;(Commands.java:5)
	at io.michaelcane.Calculator.&lt;init&gt;(Calculator.java:6)
	at io.michaelcane.Commands.&lt;init&gt;(Commands.java:5)
	at io.michaelcane.Calculator.&lt;init&gt;(Calculator.java:6)
	at io.michaelcane.Commands.&lt;init&gt;(Commands.java:5)
	at io.michaelcane.Calculator.&lt;init&gt;(Calculator.java:6)
	at io.michaelcane.Commands.&lt;init&gt;(Commands.java:5)
	at io.michaelcane.Calculator.&lt;init&gt;(Calculator.java:6)
	at io.michaelcane.Commands.&lt;init&gt;(Commands.java:5)
	at io.michaelcane.Calculator.&lt;init&gt;(Calculator.java:6)
	at io.michaelcane.Commands.&lt;init&gt;(Commands.java:5)
	at io.michaelcane.Calculator.&lt;init&gt;(Calculator.java:6)
	at io.michaelcane.Commands.&lt;init&gt;(Commands.java:5)
	at io.michaelcane.Calculator.&lt;init&gt;(Calculator.java:6)
	at io.michaelcane.Commands.&lt;init&gt;(Commands.java:5)
	at io.michaelcane.Calculator.&lt;init&gt;(Calculator.java:6)
	at io.michaelcane.Commands.&lt;init&gt;(Commands.java:5)
	at io.michaelcane.Calculator.&lt;init&gt;(Calculator.java:6)
	at io.michaelcane.Commands.&lt;init&gt;(Commands.java:5)
	at io.michaelcane.Calculator.&lt;init&gt;(Calculator.java:6)
	at io.michaelcane.Commands.&lt;init&gt;(Commands.java:5)
	at io.michaelcane.Calculator.&lt;init&gt;(Calculator.java:6)
	at io.michaelcane.Commands.&lt;init&gt;(Commands.java:5)
	at io.michaelcane.Calculator.&lt;init&gt;(Calculator.java:6)
	at io.michaelcane.Commands.&lt;init&gt;(Commands.java:5)
	at io.michaelcane.Calculator.&lt;init&gt;(Calculator.java:6)
	at io.michaelcane.Commands.&lt;init&gt;(Commands.java:5)
	at io.michaelcane.Calculator.&lt;init&gt;(Calculator.java:6)
	at io.michaelcane.Commands.&lt;init&gt;(Commands.java:5)
	at io.michaelcane.Calculator.&lt;init&gt;(Calculator.java:6)
	at io.michaelcane.Commands.&lt;init&gt;(Commands.java:5)
	at io.michaelcane.Calculator.&lt;init&gt;(Calculator.java:6)
	at io.michaelcane.Commands.&lt;init&gt;(Commands.java:5)
	at io.michaelcane.Calculator.&lt;init&gt;(Calculator.java:6)
	at io.michaelcane.Commands.&lt;init&gt;(Commands.java:5)
	at io.michaelcane.Calculator.&lt;init&gt;(Calculator.java:6)
	at io.michaelcane.Commands.&lt;init&gt;(Commands.java:5)
	at io.michaelcane.Calculator.&lt;init&gt;(Calculator.java:6)
	at io.michaelcane.Commands.&lt;init&gt;(Commands.java:5)
	at io.michaelcane.Calculator.&lt;init&gt;(Calculator.java:6)
	at io.michaelcane.Commands.&lt;init&gt;(Commands.java:5)
	at io.michaelcane.Calculator.&lt;init&gt;(Calculator.java:6)
	at io.michaelcane.Commands.&lt;init&gt;(Commands.java:5)
	at io.michaelcane.Calculator.&lt;init&gt;(Calculator.java:6)
	at io.michaelcane.Commands.&lt;init&gt;(Commands.java:5)
	at io.michaelcane.Calculator.&lt;init&gt;(Calculator.java:6)
	at io.michaelcane.Commands.&lt;init&gt;(Commands.java:5)
	at io.michaelcane.Calculator.&lt;init&gt;(Calculator.java:6)
	at io.michaelcane.Commands.&lt;init&gt;(Commands.java:5)
	at io.michaelcane.Calculator.&lt;init&gt;(Calculator.java:6)
	at io.michaelcane.Commands.&lt;init&gt;(Commands.java:5)
	at io.michaelcane.Calculator.&lt;init&gt;(Calculator.java:6)
	at io.michaelcane.Commands.&lt;init&gt;(Commands.java:5)
	at io.michaelcane.Calculator.&lt;init&gt;(Calculator.java:6)
	at io.michaelcane.Commands.&lt;init&gt;(Commands.java:5)
	at io.michaelcane.Calculator.&lt;init&gt;(Calculator.java:6)
	at io.michaelcane.Commands.&lt;init&gt;(Commands.java:5)
	at io.michaelcane.Calculator.&lt;init&gt;(Calculator.java:6)
	at io.michaelcane.Commands.&lt;init&gt;(Commands.java:5)
	at io.michaelcane.Calculator.&lt;init&gt;(Calculator.java:6)
	at io.michaelcane.Commands.&lt;init&gt;(Commands.java:5)
	at io.michaelcane.Calculator.&lt;init&gt;(Calculator.java:6)
	at io.michaelcane.Commands.&lt;init&gt;(Commands.java:5)
	at io.michaelcane.Calculator.&lt;init&gt;(Calculator.java:6)
	at io.michaelcane.Commands.&lt;init&gt;(Commands.java:5)
	at io.michaelcane.Calculator.&lt;init&gt;(Calculator.java:6)
	at io.michaelcane.Commands.&lt;init&gt;(Commands.java:5)
	at io.michaelcane.Calculator.&lt;init&gt;(Calculator.java:6)
	at io.michaelcane.Commands.&lt;init&gt;(Commands.java:5)
	at io.michaelcane.Calculator.&lt;init&gt;(Calculator.java:6)
	at io.michaelcane.Commands.&lt;init&gt;(Commands.java:5)
	at io.michaelcane.Calculator.&lt;init&gt;(Calculator.java:6)
	at io.michaelcane.Commands.&lt;init&gt;(Commands.java:5)
	at io.michaelcane.Calculator.&lt;init&gt;(Calculator.java:6)
	at io.michaelcane.Commands.&lt;init&gt;(Commands.java:5)
	at io.michaelcane.Calculator.&lt;init&gt;(Calculator.java:6)
	at io.michaelcane.Commands.&lt;init&gt;(Commands.java:5)
	at io.michaelcane.Calculator.&lt;init&gt;(Calculator.java:6)
	at io.michaelcane.Commands.&lt;init&gt;(Commands.java:5)
	at io.michaelcane.Calculator.&lt;init&gt;(Calculator.java:6)
	at io.michaelcane.Commands.&lt;init&gt;(Commands.java:5)
	at io.michaelcane.Calculator.&lt;init&gt;(Calculator.java:6)
	at io.michaelcane.Commands.&lt;init&gt;(Commands.java:5)
	at io.michaelcane.Calculator.&lt;init&gt;(Calculator.java:6)
	at io.michaelcane.Commands.&lt;init&gt;(Commands.java:5)
	at io.michaelcane.Calculator.&lt;init&gt;(Calculator.java:6)
	at io.michaelcane.Commands.&lt;init&gt;(Commands.java:5)
	at io.michaelcane.Calculator.&lt;init&gt;(Calculator.java:6)
	at io.michaelcane.Commands.&lt;init&gt;(Commands.java:5)
	at io.michaelcane.Calculator.&lt;init&gt;(Calculator.java:6)
	at io.michaelcane.Commands.&lt;init&gt;(Commands.java:5)
	at io.michaelcane.Calculator.&lt;init&gt;(Calculator.java:6)
	at io.michaelcane.Commands.&lt;init&gt;(Commands.java:5)
	at io.michaelcane.Calculator.&lt;init&gt;(Calculator.java:6)
	at io.michaelcane.Commands.&lt;init&gt;(Commands.java:5)
	at io.michaelcane.Calculator.&lt;init&gt;(Calculator.java:6)
	at io.michaelcane.Commands.&lt;init&gt;(Commands.java:5)
	at io.michaelcane.Calculator.&lt;init&gt;(Calculator.java:6)
	at io.michaelcane.Commands.&lt;init&gt;(Commands.java:5)
	at io.michaelcane.Calculator.&lt;init&gt;(Calculator.java:6)
	at io.michaelcane.Commands.&lt;init&gt;(Commands.java:5)
	at io.michaelcane.Calculator.&lt;init&gt;(Calculator.java:6)
	at io.michaelcane.Commands.&lt;init&gt;(Commands.java:5)
	at io.michaelcane.Calculator.&lt;init&gt;(Calculator.java:6)
	at io.michaelcane.Commands.&lt;init&gt;(Commands.java:5)
	at io.michaelcane.Calculator.&lt;init&gt;(Calculator.java:6)
	at io.michaelcane.Commands.&lt;init&gt;(Commands.java:5)
	at io.michaelcane.Calculator.&lt;init&gt;(Calculator.java:6)
	at io.michaelcane.Commands.&lt;init&gt;(Commands.java:5)
	at io.michaelcane.Calculator.&lt;init&gt;(Calculator.java:6)
	at io.michaelcane.Commands.&lt;init&gt;(Commands.java:5)
	at io.michaelcane.Calculator.&lt;init&gt;(Calculator.java:6)
	at io.michaelcane.Commands.&lt;init&gt;(Commands.java:5)
	at io.michaelcane.Calculator.&lt;init&gt;(Calculator.java:6)
	at io.michaelcane.Commands.&lt;init&gt;(Commands.java:5)
	at io.michaelcane.Calculator.&lt;init&gt;(Calculator.java:6)
	at io.michaelcane.Commands.&lt;init&gt;(Commands.java:5)
	at io.michaelcane.Calculator.&lt;init&gt;(Calculator.java:6)
	at io.michaelcane.Commands.&lt;init&gt;(Commands.java:5)
	at io.michaelcane.Calculator.&lt;init&gt;(Calculator.java:6)
	at io.michaelcane.Commands.&lt;init&gt;(Commands.java:5)
	at io.michaelcane.Calculator.&lt;init&gt;(Calculator.java:6)
	at io.michaelcane.Commands.&lt;init&gt;(Commands.java:5)
	at io.michaelcane.Calculator.&lt;init&gt;(Calculator.java:6)
	at io.michaelcane.Commands.&lt;init&gt;(Commands.java:5)
	at io.michaelcane.Calculator.&lt;init&gt;(Calculator.java:6)
	at io.michaelcane.Commands.&lt;init&gt;(Commands.java:5)
	at io.michaelcane.Calculator.&lt;init&gt;(Calculator.java:6)
	at io.michaelcane.Commands.&lt;init&gt;(Commands.java:5)
	at io.michaelcane.Calculator.&lt;init&gt;(Calculator.java:6)
	at io.michaelcane.Commands.&lt;init&gt;(Commands.java:5)
	at io.michaelcane.Calculator.&lt;init&gt;(Calculator.java:6)
	at io.michaelcane.Commands.&lt;init&gt;(Commands.java:5)
	at io.michaelcane.Calculator.&lt;init&gt;(Calculator.java:6)
	at io.michaelcane.Commands.&lt;init&gt;(Commands.java:5)
	at io.michaelcane.Calculator.&lt;init&gt;(Calculator.java:6)
	at io.michaelcane.Commands.&lt;init&gt;(Commands.java:5)
	at io.michaelcane.Calculator.&lt;init&gt;(Calculator.java:6)
	at io.michaelcane.Commands.&lt;init&gt;(Commands.java:5)
	at io.michaelcane.Calculator.&lt;init&gt;(Calculator.java:6)
	at io.michaelcane.Commands.&lt;init&gt;(Commands.java:5)
	at io.michaelcane.Calculator.&lt;init&gt;(Calculator.java:6)
	at io.michaelcane.Commands.&lt;init&gt;(Commands.java:5)
	at io.michaelcane.Calculator.&lt;init&gt;(Calculator.java:6)
	at io.michaelcane.Commands.&lt;init&gt;(Commands.java:5)
	at io.michaelcane.Calculator.&lt;init&gt;(Calculator.java:6)
	at io.michaelcane.Commands.&lt;init&gt;(Commands.java:5)
	at io.michaelcane.Calculator.&lt;init&gt;(Calculator.java:6)
	at io.michaelcane.Commands.&lt;init&gt;(Commands.java:5)
	at io.michaelcane.Calculator.&lt;init&gt;(Calculator.java:6)
	at io.michaelcane.Commands.&lt;init&gt;(Commands.java:5)
	at io.michaelcane.Calculator.&lt;init&gt;(Calculator.java:6)
	at io.michaelcane.Commands.&lt;init&gt;(Commands.java:5)
	at io.michaelcane.Calculator.&lt;init&gt;(Calculator.java:6)
	at io.michaelcane.Commands.&lt;init&gt;(Commands.java:5)
	at io.michaelcane.Calculator.&lt;init&gt;(Calculator.java:6)
	at io.michaelcane.Commands.&lt;init&gt;(Commands.java:5)
	at io.michaelcane.Calculator.&lt;init&gt;(Calculator.java:6)
	at io.michaelcane.Commands.&lt;init&gt;(Commands.java:5)
	at io.michaelcane.Calculator.&lt;init&gt;(Calculator.java:6)
	at io.michaelcane.Commands.&lt;init&gt;(Commands.java:5)
	at io.michaelcane.Calculator.&lt;init&gt;(Calculator.java:6)
	at io.michaelcane.Commands.&lt;init&gt;(Commands.java:5)
	at io.michaelcane.Calculator.&lt;init&gt;(Calculator.java:6)
	at io.michaelcane.Commands.&lt;init&gt;(Commands.java:5)
	at io.michaelcane.Calculator.&lt;init&gt;(Calculator.java:6)
	at io.michaelcane.Commands.&lt;init&gt;(Commands.java:5)
	at io.michaelcane.Calculator.&lt;init&gt;(Calculator.java:6)
	at io.michaelcane.Commands.&lt;init&gt;(Commands.java:5)
	at io.michaelcane.Calculator.&lt;init&gt;(Calculator.java:6)
	at io.michaelcane.Commands.&lt;init&gt;(Commands.java:5)
	at io.michaelcane.Calculator.&lt;init&gt;(Calculator.java:6)
	at io.michaelcane.Commands.&lt;init&gt;(Commands.java:5)
	at io.michaelcane.Calculator.&lt;init&gt;(Calculator.java:6)
	at io.michaelcane.Commands.&lt;init&gt;(Commands.java:5)
	at io.michaelcane.Calculator.&lt;init&gt;(Calculator.java:6)
	at io.michaelcane.Commands.&lt;init&gt;(Commands.java:5)
	at io.michaelcane.Calculator.&lt;init&gt;(Calculator.java:6)
	at io.michaelcane.Commands.&lt;init&gt;(Commands.java:5)
	at io.michaelcane.Calculator.&lt;init&gt;(Calculator.java:6)
	at io.michaelcane.Commands.&lt;init&gt;(Commands.java:5)
	at io.michaelcane.Calculator.&lt;init&gt;(Calculator.java:6)
	at io.michaelcane.Commands.&lt;init&gt;(Commands.java:5)
	at io.michaelcane.Calculator.&lt;init&gt;(Calculator.java:6)
	at io.michaelcane.Commands.&lt;init&gt;(Commands.java:5)
	at io.michaelcane.Calculator.&lt;init&gt;(Calculator.java:6)
	at io.michaelcane.Commands.&lt;init&gt;(Commands.java:5)
	at io.michaelcane.Calculator.&lt;init&gt;(Calculator.java:6)
	at io.michaelcane.Commands.&lt;init&gt;(Commands.java:5)
	at io.michaelcane.Calculator.&lt;init&gt;(Calculator.java:6)
	at io.michaelcane.Commands.&lt;init&gt;(Commands.java:5)
	at io.michaelcane.Calculator.&lt;init&gt;(Calculator.java:6)
	at io.michaelcane.Commands.&lt;init&gt;(Commands.java:5)
	at io.michaelcane.Calculator.&lt;init&gt;(Calculator.java:6)
	at io.michaelcane.Commands.&lt;init&gt;(Commands.java:5)
	at io.michaelcane.Calculator.&lt;init&gt;(Calculator.java:6)
	at io.michaelcane.Commands.&lt;init&gt;(Commands.java:5)
	at io.michaelcane.Calculator.&lt;init&gt;(Calculator.java:6)
	at io.michaelcane.Commands.&lt;init&gt;(Commands.java:5)
	at io.michaelcane.Calculator.&lt;init&gt;(Calculator.java:6)
	at io.michaelcane.Commands.&lt;init&gt;(Commands.java:5)
	at io.michaelcane.Calculator.&lt;init&gt;(Calculator.java:6)
	at io.michaelcane.Commands.&lt;init&gt;(Commands.java:5)
	at io.michaelcane.Calculator.&lt;init&gt;(Calculator.java:6)
	at io.michaelcane.Commands.&lt;init&gt;(Commands.java:5)
	at io.michaelcane.Calculator.&lt;init&gt;(Calculator.java:6)
	at io.michaelcane.Commands.&lt;init&gt;(Commands.java:5)
	at io.michaelcane.Calculator.&lt;init&gt;(Calculator.java:6)
	at io.michaelcane.Commands.&lt;init&gt;(Commands.java:5)
	at io.michaelcane.Calculator.&lt;init&gt;(Calculator.java:6)
	at io.michaelcane.Commands.&lt;init&gt;(Commands.java:5)
	at io.michaelcane.Calculator.&lt;init&gt;(Calculator.java:6)
	at io.michaelcane.Commands.&lt;init&gt;(Commands.java:5)
	at io.michaelcane.Calculator.&lt;init&gt;(Calculator.java:6)
	at io.michaelcane.Commands.&lt;init&gt;(Commands.java:5)
	at io.michaelcane.Calculator.&lt;init&gt;(Calculator.java:6)
	at io.michaelcane.Commands.&lt;init&gt;(Commands.java:5)
	at io.michaelcane.Calculator.&lt;init&gt;(Calculator.java:6)
	at io.michaelcane.Commands.&lt;init&gt;(Commands.java:5)
	at io.michaelcane.Calculator.&lt;init&gt;(Calculator.java:6)
	at io.michaelcane.Commands.&lt;init&gt;(Commands.java:5)
	at io.michaelcane.Calculator.&lt;init&gt;(Calculator.java:6)
	at io.michaelcane.Commands.&lt;init&gt;(Commands.java:5)
	at io.michaelcane.Calculator.&lt;init&gt;(Calculator.java:6)
	at io.michaelcane.Commands.&lt;init&gt;(Commands.java:5)
	at io.michaelcane.Calculator.&lt;init&gt;(Calculator.java:6)
	at io.michaelcane.Commands.&lt;init&gt;(Commands.java:5)
	at io.michaelcane.Calculator.&lt;init&gt;(Calculator.java:6)
	at io.michaelcane.Commands.&lt;init&gt;(Commands.java:5)
	at io.michaelcane.Calculator.&lt;init&gt;(Calculator.java:6)
	at io.michaelcane.Commands.&lt;init&gt;(Commands.java:5)
	at io.michaelcane.Calculator.&lt;init&gt;(Calculator.java:6)
	at io.michaelcane.Commands.&lt;init&gt;(Commands.java:5)
	at io.michaelcane.Calculator.&lt;init&gt;(Calculator.java:6)
	at io.michaelcane.Commands.&lt;init&gt;(Commands.java:5)
	at io.michaelcane.Calculator.&lt;init&gt;(Calculator.java:6)
	at io.michaelcane.Commands.&lt;init&gt;(Commands.java:5)
	at io.michaelcane.Calculator.&lt;init&gt;(Calculator.java:6)
	at io.michaelcane.Commands.&lt;init&gt;(Commands.java:5)
	at io.michaelcane.Calculator.&lt;init&gt;(Calculator.java:6)
	at io.michaelcane.Commands.&lt;init&gt;(Commands.java:5)
	at io.michaelcane.Calculator.&lt;init&gt;(Calculator.java:6)
	at io.michaelcane.Commands.&lt;init&gt;(Commands.java:5)
	at io.michaelcane.Calculator.&lt;init&gt;(Calculator.java:6)
	at io.michaelcane.Commands.&lt;init&gt;(Commands.java:5)
	at io.michaelcane.Calculator.&lt;init&gt;(Calculator.java:6)
	at io.michaelcane.Commands.&lt;init&gt;(Commands.java:5)
	at io.michaelcane.Calculator.&lt;init&gt;(Calculator.java:6)
	at io.michaelcane.Commands.&lt;init&gt;(Commands.java:5)
	at io.michaelcane.Calculator.&lt;init&gt;(Calculator.java:6)
	at io.michaelcane.Commands.&lt;init&gt;(Commands.java:5)
	at io.michaelcane.Calculator.&lt;init&gt;(Calculator.java:6)
	at io.michaelcane.Commands.&lt;init&gt;(Commands.java:5)
	at io.michaelcane.Calculator.&lt;init&gt;(Calculator.java:6)
	at io.michaelcane.Commands.&lt;init&gt;(Commands.java:5)
	at io.michaelcane.Calculator.&lt;init&gt;(Calculator.java:6)
	at io.michaelcane.Commands.&lt;init&gt;(Commands.java:5)
	at io.michaelcane.Calculator.&lt;init&gt;(Calculator.java:6)
	at io.michaelcane.Commands.&lt;init&gt;(Commands.java:5)
	at io.michaelcane.Calculator.&lt;init&gt;(Calculator.java:6)
	at io.michaelcane.Commands.&lt;init&gt;(Commands.java:5)
	at io.michaelcane.Calculator.&lt;init&gt;(Calculator.java:6)
	at io.michaelcane.Commands.&lt;init&gt;(Commands.java:5)
	at io.michaelcane.Calculator.&lt;init&gt;(Calculator.java:6)
	at io.michaelcane.Commands.&lt;init&gt;(Commands.java:5)
	at io.michaelcane.Calculator.&lt;init&gt;(Calculator.java:6)
	at io.michaelcane.Commands.&lt;init&gt;(Commands.java:5)
	at io.michaelcane.Calculator.&lt;init&gt;(Calculator.java:6)
	at io.michaelcane.Commands.&lt;init&gt;(Commands.java:5)
	at io.michaelcane.Calculator.&lt;init&gt;(Calculator.java:6)
	at io.michaelcane.Commands.&lt;init&gt;(Commands.java:5)
	at io.michaelcane.Calculator.&lt;init&gt;(Calculator.java:6)
	at io.michaelcane.Commands.&lt;init&gt;(Commands.java:5)
	at io.michaelcane.Calculator.&lt;init&gt;(Calculator.java:6)
	at io.michaelcane.Commands.&lt;init&gt;(Commands.java:5)
	at io.michaelcane.Calculator.&lt;init&gt;(Calculator.java:6)
	at io.michaelcane.Commands.&lt;init&gt;(Commands.java:5)
	at io.michaelcane.Calculator.&lt;init&gt;(Calculator.java:6)
	at io.michaelcane.Commands.&lt;init&gt;(Commands.java:5)
	at io.michaelcane.Calculator.&lt;init&gt;(Calculator.java:6)
	at io.michaelcane.Commands.&lt;init&gt;(Commands.java:5)
	at io.michaelcane.Calculator.&lt;init&gt;(Calculator.java:6)
	at io.michaelcane.Commands.&lt;init&gt;(Commands.java:5)
	at io.michaelcane.Calculator.&lt;init&gt;(Calculator.java:6)
	at io.michaelcane.Commands.&lt;init&gt;(Commands.java:5)
	at io.michaelcane.Calculator.&lt;init&gt;(Calculator.java:6)
	at io.michaelcane.Commands.&lt;init&gt;(Commands.java:5)
	at io.michaelcane.Calculator.&lt;init&gt;(Calculator.java:6)
	at io.michaelcane.Commands.&lt;init&gt;(Commands.java:5)
	at io.michaelcane.Calculator.&lt;init&gt;(Calculator.java:6)
	at io.michaelcane.Commands.&lt;init&gt;(Commands.java:5)
	at io.michaelcane.Calculator.&lt;init&gt;(Calculator.java:6)
	at io.michaelcane.Commands.&lt;init&gt;(Commands.java:5)
	at io.michaelcane.Calculator.&lt;init&gt;(Calculator.java:6)
	at io.michaelcane.Commands.&lt;init&gt;(Commands.java:5)
	at io.michaelcane.Calculator.&lt;init&gt;(Calculator.java:6)
	at io.michaelcane.Commands.&lt;init&gt;(Commands.java:5)
	at io.michaelcane.Calculator.&lt;init&gt;(Calculator.java:6)
	at io.michaelcane.Commands.&lt;init&gt;(Commands.java:5)
	at io.michaelcane.Calculator.&lt;init&gt;(Calculator.java:6)
	at io.michaelcane.Commands.&lt;init&gt;(Commands.java:5)
	at io.michaelcane.Calculator.&lt;init&gt;(Calculator.java:6)
	at io.michaelcane.Commands.&lt;init&gt;(Commands.java:5)
	at io.michaelcane.Calculator.&lt;init&gt;(Calculator.java:6)
	at io.michaelcane.Commands.&lt;init&gt;(Commands.java:5)
	at io.michaelcane.Calculator.&lt;init&gt;(Calculator.java:6)
	at io.michaelcane.Commands.&lt;init&gt;(Commands.java:5)
	at io.michaelcane.Calculator.&lt;init&gt;(Calculator.java:6)
	at io.michaelcane.Commands.&lt;init&gt;(Commands.java:5)
	at io.michaelcane.Calculator.&lt;init&gt;(Calculator.java:6)
	at io.michaelcane.Commands.&lt;init&gt;(Commands.java:5)
	at io.michaelcane.Calculator.&lt;init&gt;(Calculator.java:6)
	at io.michaelcane.Commands.&lt;init&gt;(Commands.java:5)
	at io.michaelcane.Calculator.&lt;init&gt;(Calculator.java:6)
	at io.michaelcane.Commands.&lt;init&gt;(Commands.java:5)
	at io.michaelcane.Calculator.&lt;init&gt;(Calculator.java:6)
	at io.michaelcane.Commands.&lt;init&gt;(Commands.java:5)
	at io.michaelcane.Calculator.&lt;init&gt;(Calculator.java:6)
	at io.michaelcane.Commands.&lt;init&gt;(Commands.java:5)
	at io.michaelcane.Calculator.&lt;init&gt;(Calculator.java:6)
	at io.michaelcane.Commands.&lt;init&gt;(Commands.java:5)
	at io.michaelcane.Calculator.&lt;init&gt;(Calculator.java:6)
	at io.michaelcane.Commands.&lt;init&gt;(Commands.java:5)
	at io.michaelcane.Calculator.&lt;init&gt;(Calculator.java:6)
	at io.michaelcane.Commands.&lt;init&gt;(Commands.java:5)
	at io.michaelcane.Calculator.&lt;init&gt;(Calculator.java:6)
	at io.michaelcane.Commands.&lt;init&gt;(Commands.java:5)
	at io.michaelcane.Calculator.&lt;init&gt;(Calculator.java:6)
	at io.michaelcane.Commands.&lt;init&gt;(Commands.java:5)
	at io.michaelcane.Calculator.&lt;init&gt;(Calculator.java:6)
	at io.michaelcane.Commands.&lt;init&gt;(Commands.java:5)
	at io.michaelcane.Calculator.&lt;init&gt;(Calculator.java:6)
	at io.michaelcane.Commands.&lt;init&gt;(Commands.java:5)
	at io.michaelcane.Calculator.&lt;init&gt;(Calculator.java:6)
	at io.michaelcane.Commands.&lt;init&gt;(Commands.java:5)
	at io.michaelcane.Calculator.&lt;init&gt;(Calculator.java:6)
	at io.michaelcane.Commands.&lt;init&gt;(Commands.java:5)
	at io.michaelcane.Calculator.&lt;init&gt;(Calculator.java:6)
	at io.michaelcane.Commands.&lt;init&gt;(Commands.java:5)
	at io.michaelcane.Calculator.&lt;init&gt;(Calculator.java:6)
	at io.michaelcane.Commands.&lt;init&gt;(Commands.java:5)
	at io.michaelcane.Calculator.&lt;init&gt;(Calculator.java:6)
	at io.michaelcane.Commands.&lt;init&gt;(Commands.java:5)
	at io.michaelcane.Calculator.&lt;init&gt;(Calculator.java:6)
	at io.michaelcane.Commands.&lt;init&gt;(Commands.java:5)
	at io.michaelcane.Calculator.&lt;init&gt;(Calculator.java:6)
	at io.michaelcane.Commands.&lt;init&gt;(Commands.java:5)
	at io.michaelcane.Calculator.&lt;init&gt;(Calculator.java:6)
	at io.michaelcane.Commands.&lt;init&gt;(Commands.java:5)
	at io.michaelcane.Calculator.&lt;init&gt;(Calculator.java:6)
	at io.michaelcane.Commands.&lt;init&gt;(Commands.java:5)
	at io.michaelcane.Calculator.&lt;init&gt;(Calculator.java:6)
	at io.michaelcane.Commands.&lt;init&gt;(Commands.java:5)
	at io.michaelcane.Calculator.&lt;init&gt;(Calculator.java:6)
	at io.michaelcane.Commands.&lt;init&gt;(Commands.java:5)
	at io.michaelcane.Calculator.&lt;init&gt;(Calculator.java:6)
	at io.michaelcane.Commands.&lt;init&gt;(Commands.java:5)
	at io.michaelcane.Calculator.&lt;init&gt;(Calculator.java:6)
	at io.michaelcane.Commands.&lt;init&gt;(Commands.java:5)
	at io.michaelcane.Calculator.&lt;init&gt;(Calculator.java:6)
	at io.michaelcane.Commands.&lt;init&gt;(Commands.java:5)
	at io.michaelcane.Calculator.&lt;init&gt;(Calculator.java:6)
	at io.michaelcane.Commands.&lt;init&gt;(Commands.java:5)
	at io.michaelcane.Calculator.&lt;init&gt;(Calculator.java:6)
	at io.michaelcane.Commands.&lt;init&gt;(Commands.java:5)
	at io.michaelcane.Calculator.&lt;init&gt;(Calculator.java:6)
	at io.michaelcane.Commands.&lt;init&gt;(Commands.java:5)
	at io.michaelcane.Calculator.&lt;init&gt;(Calculator.java:6)
	at io.michaelcane.Commands.&lt;init&gt;(Commands.java:5)
	at io.michaelcane.Calculator.&lt;init&gt;(Calculator.java:6)
	at io.michaelcane.Commands.&lt;init&gt;(Commands.java:5)
	at io.michaelcane.Calculator.&lt;init&gt;(Calculator.java:6)
	at io.michaelcane.Commands.&lt;init&gt;(Commands.java:5)
	at io.michaelcane.Calculator.&lt;init&gt;(Calculator.java:6)
	at io.michaelcane.Commands.&lt;init&gt;(Commands.java:5)
	at io.michaelcane.Calculator.&lt;init&gt;(Calculator.java:6)
	at io.michaelcane.Commands.&lt;init&gt;(Commands.java:5)
	at io.michaelcane.Calculator.&lt;init&gt;(Calculator.java:6)
	at io.michaelcane.Commands.&lt;init&gt;(Commands.java:5)
	at io.michaelcane.Calculator.&lt;init&gt;(Calculator.java:6)
	at io.michaelcane.Commands.&lt;init&gt;(Commands.java:5)
	at io.michaelcane.Calculator.&lt;init&gt;(Calculator.java:6)
	at io.michaelcane.Commands.&lt;init&gt;(Commands.java:5)
	at io.michaelcane.Calculator.&lt;init&gt;(Calculator.java:6)
	at io.michaelcane.Commands.&lt;init&gt;(Commands.java:5)
	at io.michaelcane.Calculator.&lt;init&gt;(Calculator.java:6)
	at io.michaelcane.Commands.&lt;init&gt;(Commands.java:5)
	at io.michaelcane.Calculator.&lt;init&gt;(Calculator.java:6)
	at io.michaelcane.Commands.&lt;init&gt;(Commands.java:5)
	at io.michaelcane.Calculator.&lt;init&gt;(Calculator.java:6)
	at io.michaelcane.Commands.&lt;init&gt;(Commands.java:5)
	at io.michaelcane.Calculator.&lt;init&gt;(Calculator.java:6)
	at io.michaelcane.Commands.&lt;init&gt;(Commands.java:5)
	at io.michaelcane.Calculator.&lt;init&gt;(Calculator.java:6)
	at io.michaelcane.Commands.&lt;init&gt;(Commands.java:5)
	at io.michaelcane.Calculator.&lt;init&gt;(Calculator.java:6)
	at io.michaelcane.Commands.&lt;init&gt;(Commands.java:5)
	at io.michaelcane.Calculator.&lt;init&gt;(Calculator.java:6)
	at io.michaelcane.Commands.&lt;init&gt;(Commands.java:5)
	at io.michaelcane.Calculator.&lt;init&gt;(Calculator.java:6)
	at io.michaelcane.Commands.&lt;init&gt;(Commands.java:5)
	at io.michaelcane.Calculator.&lt;init&gt;(Calculator.java:6)
	at io.michaelcane.Commands.&lt;init&gt;(Commands.java:5)
	at io.michaelcane.Calculator.&lt;init&gt;(Calculator.java:6)
	at io.michaelcane.Commands.&lt;init&gt;(Commands.java:5)
	at io.michaelcane.Calculator.&lt;init&gt;(Calculator.java:6)
	at io.michaelcane.Commands.&lt;init&gt;(Commands.java:5)
	at io.michaelcane.Calculator.&lt;init&gt;(Calculator.java:6)
	at io.michaelcane.Commands.&lt;init&gt;(Commands.java:5)
	at io.michaelcane.Calculator.&lt;init&gt;(Calculator.java:6)
	at io.michaelcane.Commands.&lt;init&gt;(Commands.java:5)
	at io.michaelcane.Calculator.&lt;init&gt;(Calculator.java:6)
	at io.michaelcane.Commands.&lt;init&gt;(Commands.java:5)
	at io.michaelcane.Calculator.&lt;init&gt;(Calculator.java:6)
	at io.michaelcane.Commands.&lt;init&gt;(Commands.java:5)
	at io.michaelcane.Calculator.&lt;init&gt;(Calculator.java:6)
	at io.michaelcane.Commands.&lt;init&gt;(Commands.java:5)
	at io.michaelcane.Calculator.&lt;init&gt;(Calculator.java:6)
	at io.michaelcane.Commands.&lt;init&gt;(Commands.java:5)
	at io.michaelcane.Calculator.&lt;init&gt;(Calculator.java:6)
	at io.michaelcane.Commands.&lt;init&gt;(Commands.java:5)
	at io.michaelcane.Calculator.&lt;init&gt;(Calculator.java:6)
	at io.michaelcane.Commands.&lt;init&gt;(Commands.java:5)
	at io.michaelcane.Calculator.&lt;init&gt;(Calculator.java:6)
	at io.michaelcane.Commands.&lt;init&gt;(Commands.java:5)
	at io.michaelcane.Calculator.&lt;init&gt;(Calculator.java:6)
	at io.michaelcane.Commands.&lt;init&gt;(Commands.java:5)
	at io.michaelcane.Calculator.&lt;init&gt;(Calculator.java:6)
	at io.michaelcane.Commands.&lt;init&gt;(Commands.java:5)
	at io.michaelcane.Calculator.&lt;init&gt;(Calculator.java:6)
	at io.michaelcane.Commands.&lt;init&gt;(Commands.java:5)
	at io.michaelcane.Calculator.&lt;init&gt;(Calculator.java:6)
	at io.michaelcane.Commands.&lt;init&gt;(Commands.java:5)
	at io.michaelcane.Calculator.&lt;init&gt;(Calculator.java:6)
	at io.michaelcane.Commands.&lt;init&gt;(Commands.java:5)
	at io.michaelcane.Calculator.&lt;init&gt;(Calculator.java:6)
	at io.michaelcane.Commands.&lt;init&gt;(Commands.java:5)
	at io.michaelcane.Calculator.&lt;init&gt;(Calculator.java:6)
	at io.michaelcane.Commands.&lt;init&gt;(Commands.java:5)
	at io.michaelcane.Calculator.&lt;init&gt;(Calculator.java:6)
	at io.michaelcane.Commands.&lt;init&gt;(Commands.java:5)
	at io.michaelcane.Calculator.&lt;init&gt;(Calculator.java:6)
	at io.michaelcane.Commands.&lt;init&gt;(Commands.java:5)
	at io.michaelcane.Calculator.&lt;init&gt;(Calculator.java:6)
	at io.michaelcane.Commands.&lt;init&gt;(Commands.java:5)
	at io.michaelcane.Calculator.&lt;init&gt;(Calculator.java:6)
	at io.michaelcane.Commands.&lt;init&gt;(Commands.java:5)
	at io.michaelcane.Calculator.&lt;init&gt;(Calculator.java:6)
	at io.michaelcane.Commands.&lt;init&gt;(Commands.java:5)
	at io.michaelcane.Calculator.&lt;init&gt;(Calculator.java:6)
	at io.michaelcane.Commands.&lt;init&gt;(Commands.java:5)
	at io.michaelcane.Calculator.&lt;init&gt;(Calculator.java:6)
	at io.michaelcane.Commands.&lt;init&gt;(Commands.java:5)
	at io.michaelcane.Calculator.&lt;init&gt;(Calculator.java:6)
	at io.michaelcane.Commands.&lt;init&gt;(Commands.java:5)
	at io.michaelcane.Calculator.&lt;init&gt;(Calculator.java:6)
	at io.michaelcane.Commands.&lt;init&gt;(Commands.java:5)
	at io.michaelcane.Calculator.&lt;init&gt;(Calculator.java:6)
	at io.michaelcane.Commands.&lt;init&gt;(Commands.java:5)
	at io.michaelcane.Calculator.&lt;init&gt;(Calculator.java:6)
	at io.michaelcane.Commands.&lt;init&gt;(Commands.java:5)
	at io.michaelcane.Calculator.&lt;init&gt;(Calculator.java:6)
	at io.michaelcane.Commands.&lt;init&gt;(Commands.java:5)
	at io.michaelcane.Calculator.&lt;init&gt;(Calculator.java:6)
	at io.michaelcane.Commands.&lt;init&gt;(Commands.java:5)
	at io.michaelcane.Calculator.&lt;init&gt;(Calculator.java:6)
	at io.michaelcane.Commands.&lt;init&gt;(Commands.java:5)
	at io.michaelcane.Calculator.&lt;init&gt;(Calculator.java:6)
	at io.michaelcane.Commands.&lt;init&gt;(Commands.java:5)
	at io.michaelcane.Calculator.&lt;init&gt;(Calculator.java:6)
	at io.michaelcane.Commands.&lt;init&gt;(Commands.java:5)
	at io.michaelcane.Calculator.&lt;init&gt;(Calculator.java:6)
	at io.michaelcane.Commands.&lt;init&gt;(Commands.java:5)
	at io.michaelcane.Calculator.&lt;init&gt;(Calculator.java:6)
	at io.michaelcane.Commands.&lt;init&gt;(Commands.java:5)
	at io.michaelcane.Calculator.&lt;init&gt;(Calculator.java:6)
	at io.michaelcane.Commands.&lt;init&gt;(Commands.java:5)
	at io.michaelcane.Calculator.&lt;init&gt;(Calculator.java:6)
	at io.michaelcane.Commands.&lt;init&gt;(Commands.java:5)
	at io.michaelcane.Calculator.&lt;init&gt;(Calculator.java:6)
	at io.michaelcane.Commands.&lt;init&gt;(Commands.java:5)
	at io.michaelcane.Calculator.&lt;init&gt;(Calculator.java:6)
	at io.michaelcane.Commands.&lt;init&gt;(Commands.java:5)
	at io.michaelcane.Calculator.&lt;init&gt;(Calculator.java:6)
	at io.michaelcane.Commands.&lt;init&gt;(Commands.java:5)
	at io.michaelcane.Calculator.&lt;init&gt;(Calculator.java:6)
	at io.michaelcane.Commands.&lt;init&gt;(Commands.java:5)
	at io.michaelcane.Calculator.&lt;init&gt;(Calculator.java:6)
	at io.michaelcane.Commands.&lt;init&gt;(Commands.java:5)
	at io.michaelcane.Calculator.&lt;init&gt;(Calculator.java:6)
	at io.michaelcane.Commands.&lt;init&gt;(Commands.java:5)
	at io.michaelcane.Calculator.&lt;init&gt;(Calculator.java:6)
	at io.michaelcane.Commands.&lt;init&gt;(Commands.java:5)
	at io.michaelcane.Calculator.&lt;init&gt;(Calculator.java:6)
	at io.michaelcane.Commands.&lt;init&gt;(Commands.java:5)
	at io.michaelcane.Calculator.&lt;init&gt;(Calculator.java:6)
	at io.michaelcane.Commands.&lt;init&gt;(Commands.java:5)
	at io.michaelcane.Calculator.&lt;init&gt;(Calculator.java:6)
	at io.michaelcane.Commands.&lt;init&gt;(Commands.java:5)
	at io.michaelcane.Calculator.&lt;init&gt;(Calculator.java:6)
	at io.michaelcane.Commands.&lt;init&gt;(Commands.java:5)
	at io.michaelcane.Calculator.&lt;init&gt;(Calculator.java:6)
	at io.michaelcane.Commands.&lt;init&gt;(Commands.java:5)
	at io.michaelcane.Calculator.&lt;init&gt;(Calculator.java:6)
	at io.michaelcane.Commands.&lt;init&gt;(Commands.java:5)
	at io.michaelcane.Calculator.&lt;init&gt;(Calculator.java:6)
	at io.michaelcane.Commands.&lt;init&gt;(Commands.java:5)
	at io.michaelcane.Calculator.&lt;init&gt;(Calculator.java:6)
	at io.michaelcane.Commands.&lt;init&gt;(Commands.java:5)
	at io.michaelcane.Calculator.&lt;init&gt;(Calculator.java:6)
	at io.michaelcane.Commands.&lt;init&gt;(Commands.java:5)
	at io.michaelcane.Calculator.&lt;init&gt;(Calculator.java:6)
	at io.michaelcane.Commands.&lt;init&gt;(Commands.java:5)
	at io.michaelcane.Calculator.&lt;init&gt;(Calculator.java:6)
	at io.michaelcane.Commands.&lt;init&gt;(Commands.java:5)
	at io.michaelcane.Calculator.&lt;init&gt;(Calculator.java:6)
	at io.michaelcane.Commands.&lt;init&gt;(Commands.java:5)
	at io.michaelcane.Calculator.&lt;init&gt;(Calculator.java:6)
	at io.michaelcane.Commands.&lt;init&gt;(Commands.java:5)
	at io.michaelcane.Calculator.&lt;init&gt;(Calculator.java:6)
	at io.michaelcane.Commands.&lt;init&gt;(Commands.java:5)
	at io.michaelcane.Calculator.&lt;init&gt;(Calculator.java:6)
	at io.michaelcane.Commands.&lt;init&gt;(Commands.java:5)
	at io.michaelcane.Calculator.&lt;init&gt;(Calculator.java:6)
	at io.michaelcane.Commands.&lt;init&gt;(Commands.java:5)
	at io.michaelcane.Calculator.&lt;init&gt;(Calculator.java:6)
	at io.michaelcane.Commands.&lt;init&gt;(Commands.java:5)
	at io.michaelcane.Calculator.&lt;init&gt;(Calculator.java:6)
	at io.michaelcane.Commands.&lt;init&gt;(Commands.java:5)
	at io.michaelcane.Calculator.&lt;init&gt;(Calculator.java:6)
	at io.michaelcane.Commands.&lt;init&gt;(Commands.java:5)
	at io.michaelcane.Calculator.&lt;init&gt;(Calculator.java:6)
	at io.michaelcane.Commands.&lt;init&gt;(Commands.java:5)
	at io.michaelcane.Calculator.&lt;init&gt;(Calculator.java:6)
	at io.michaelcane.Commands.&lt;init&gt;(Commands.java:5)
	at io.michaelcane.Calculator.&lt;init&gt;(Calculator.java:6)
	at io.michaelcane.Commands.&lt;init&gt;(Commands.java:5)
	at io.michaelcane.Calculator.&lt;init&gt;(Calculator.java:6)
	at io.michaelcane.Commands.&lt;init&gt;(Commands.java:5)
	at io.michaelcane.Calculator.&lt;init&gt;(Calculator.java:6)
	at io.michaelcane.Commands.&lt;init&gt;(Commands.java:5)
	at io.michaelcane.Calculator.&lt;init&gt;(Calculator.java:6)
	at io.michaelcane.Commands.&lt;init&gt;(Commands.java:5)
	at io.michaelcane.Calculator.&lt;init&gt;(Calculator.java:6)
	at io.michaelcane.Commands.&lt;init&gt;(Commands.java:5)
	at io.michaelcane.Calculator.&lt;init&gt;(Calculator.java:6)
	at io.michaelcane.Commands.&lt;init&gt;(Commands.java:5)
	at io.michaelcane.Calculator.&lt;init&gt;(Calculator.java:6)
	at io.michaelcane.Commands.&lt;init&gt;(Commands.java:5)
	at io.michaelcane.Calculator.&lt;init&gt;(Calculator.java:6)
	at io.michaelcane.Commands.&lt;init&gt;(Commands.java:5)
	at io.michaelcane.Calculator.&lt;init&gt;(Calculator.java:6)
	at io.michaelcane.Commands.&lt;init&gt;(Commands.java:5)
	at io.michaelcane.Calculator.&lt;init&gt;(Calculator.java:6)
	at io.michaelcane.Commands.&lt;init&gt;(Commands.java:5)
	at io.michaelcane.Calculator.&lt;init&gt;(Calculator.java:6)
	at io.michaelcane.Commands.&lt;init&gt;(Commands.java:5)
	at io.michaelcane.Calculator.&lt;init&gt;(Calculator.java:6)
	at io.michaelcane.Commands.&lt;init&gt;(Commands.java:5)
	at io.michaelcane.Calculator.&lt;init&gt;(Calculator.java:6)
	at io.michaelcane.Commands.&lt;init&gt;(Commands.java:5)
	at io.michaelcane.Calculator.&lt;init&gt;(Calculator.java:6)
	at io.michaelcane.Commands.&lt;init&gt;(Commands.java:5)
	at io.michaelcane.Calculator.&lt;init&gt;(Calculator.java:6)
	at io.michaelcane.Commands.&lt;init&gt;(Commands.java:5)
	at io.michaelcane.Calculator.&lt;init&gt;(Calculator.java:6)
	at io.michaelcane.Commands.&lt;init&gt;(Commands.java:5)
	at io.michaelcane.Calculator.&lt;init&gt;(Calculator.java:6)
	at io.michaelcane.Commands.&lt;init&gt;(Commands.java:5)
	at io.michaelcane.Calculator.&lt;init&gt;(Calculator.java:6)
	at io.michaelcane.Commands.&lt;init&gt;(Commands.java:5)
	at io.michaelcane.Calculator.&lt;init&gt;(Calculator.java:6)
	at io.michaelcane.Commands.&lt;init&gt;(Commands.java:5)
	at io.michaelcane.Calculator.&lt;init&gt;(Calculator.java:6)
	at io.michaelcane.Commands.&lt;init&gt;(Commands.java:5)
	at io.michaelcane.Calculator.&lt;init&gt;(Calculator.java:6)
	at io.michaelcane.Commands.&lt;init&gt;(Commands.java:5)
	at io.michaelcane.Calculator.&lt;init&gt;(Calculator.java:6)
	at io.michaelcane.Commands.&lt;init&gt;(Commands.java:5)
	at io.michaelcane.Calculator.&lt;init&gt;(Calculator.java:6)
	at io.michaelcane.Commands.&lt;init&gt;(Commands.java:5)
	at io.michaelcane.Calculator.&lt;init&gt;(Calculator.java:6)
	at io.michaelcane.Commands.&lt;init&gt;(Commands.java:5)
	at io.michaelcane.Calculator.&lt;init&gt;(Calculator.java:6)
	at io.michaelcane.Commands.&lt;init&gt;(Commands.java:5)
	at io.michaelcane.Calculator.&lt;init&gt;(Calculator.java:6)
	at io.michaelcane.Commands.&lt;init&gt;(Commands.java:5)
	at io.michaelcane.Calculator.&lt;init&gt;(Calculator.java:6)
	at io.michaelcane.Commands.&lt;init&gt;(Commands.java:5)
</error>
  </testcase>
  <testcase classname="io.michaelcane.CalculatorSpec" name="test$inverseSine" time="0.01">
    <error type="java.lang.StackOverflowError">java.lang.StackOverflowError
	at io.michaelcane.Calculator.&lt;init&gt;(Calculator.java:6)
	at io.michaelcane.Commands.&lt;init&gt;(Commands.java:5)
	at io.michaelcane.Calculator.&lt;init&gt;(Calculator.java:6)
	at io.michaelcane.Commands.&lt;init&gt;(Commands.java:5)
	at io.michaelcane.Calculator.&lt;init&gt;(Calculator.java:6)
	at io.michaelcane.Commands.&lt;init&gt;(Commands.java:5)
	at io.michaelcane.Calculator.&lt;init&gt;(Calculator.java:6)
	at io.michaelcane.Commands.&lt;init&gt;(Commands.java:5)
	at io.michaelcane.Calculator.&lt;init&gt;(Calculator.java:6)
	at io.michaelcane.Commands.&lt;init&gt;(Commands.java:5)
	at io.michaelcane.Calculator.&lt;init&gt;(Calculator.java:6)
	at io.michaelcane.Commands.&lt;init&gt;(Commands.java:5)
	at io.michaelcane.Calculator.&lt;init&gt;(Calculator.java:6)
	at io.michaelcane.Commands.&lt;init&gt;(Commands.java:5)
	at io.michaelcane.Calculator.&lt;init&gt;(Calculator.java:6)
	at io.michaelcane.Commands.&lt;init&gt;(Commands.java:5)
	at io.michaelcane.Calculator.&lt;init&gt;(Calculator.java:6)
	at io.michaelcane.Commands.&lt;init&gt;(Commands.java:5)
	at io.michaelcane.Calculator.&lt;init&gt;(Calculator.java:6)
	at io.michaelcane.Commands.&lt;init&gt;(Commands.java:5)
	at io.michaelcane.Calculator.&lt;init&gt;(Calculator.java:6)
	at io.michaelcane.Commands.&lt;init&gt;(Commands.java:5)
	at io.michaelcane.Calculator.&lt;init&gt;(Calculator.java:6)
	at io.michaelcane.Commands.&lt;init&gt;(Commands.java:5)
	at io.michaelcane.Calculator.&lt;init&gt;(Calculator.java:6)
	at io.michaelcane.Commands.&lt;init&gt;(Commands.java:5)
	at io.michaelcane.Calculator.&lt;init&gt;(Calculator.java:6)
	at io.michaelcane.Commands.&lt;init&gt;(Commands.java:5)
	at io.michaelcane.Calculator.&lt;init&gt;(Calculator.java:6)
	at io.michaelcane.Commands.&lt;init&gt;(Commands.java:5)
	at io.michaelcane.Calculator.&lt;init&gt;(Calculator.java:6)
	at io.michaelcane.Commands.&lt;init&gt;(Commands.java:5)
	at io.michaelcane.Calculator.&lt;init&gt;(Calculator.java:6)
	at io.michaelcane.Commands.&lt;init&gt;(Commands.java:5)
	at io.michaelcane.Calculator.&lt;init&gt;(Calculator.java:6)
	at io.michaelcane.Commands.&lt;init&gt;(Commands.java:5)
	at io.michaelcane.Calculator.&lt;init&gt;(Calculator.java:6)
	at io.michaelcane.Commands.&lt;init&gt;(Commands.java:5)
	at io.michaelcane.Calculator.&lt;init&gt;(Calculator.java:6)
	at io.michaelcane.Commands.&lt;init&gt;(Commands.java:5)
	at io.michaelcane.Calculator.&lt;init&gt;(Calculator.java:6)
	at io.michaelcane.Commands.&lt;init&gt;(Commands.java:5)
	at io.michaelcane.Calculator.&lt;init&gt;(Calculator.java:6)
	at io.michaelcane.Commands.&lt;init&gt;(Commands.java:5)
	at io.michaelcane.Calculator.&lt;init&gt;(Calculator.java:6)
	at io.michaelcane.Commands.&lt;init&gt;(Commands.java:5)
	at io.michaelcane.Calculator.&lt;init&gt;(Calculator.java:6)
	at io.michaelcane.Commands.&lt;init&gt;(Commands.java:5)
	at io.michaelcane.Calculator.&lt;init&gt;(Calculator.java:6)
	at io.michaelcane.Commands.&lt;init&gt;(Commands.java:5)
	at io.michaelcane.Calculator.&lt;init&gt;(Calculator.java:6)
	at io.michaelcane.Commands.&lt;init&gt;(Commands.java:5)
	at io.michaelcane.Calculator.&lt;init&gt;(Calculator.java:6)
	at io.michaelcane.Commands.&lt;init&gt;(Commands.java:5)
	at io.michaelcane.Calculator.&lt;init&gt;(Calculator.java:6)
	at io.michaelcane.Commands.&lt;init&gt;(Commands.java:5)
	at io.michaelcane.Calculator.&lt;init&gt;(Calculator.java:6)
	at io.michaelcane.Commands.&lt;init&gt;(Commands.java:5)
	at io.michaelcane.Calculator.&lt;init&gt;(Calculator.java:6)
	at io.michaelcane.Commands.&lt;init&gt;(Commands.java:5)
	at io.michaelcane.Calculator.&lt;init&gt;(Calculator.java:6)
	at io.michaelcane.Commands.&lt;init&gt;(Commands.java:5)
	at io.michaelcane.Calculator.&lt;init&gt;(Calculator.java:6)
	at io.michaelcane.Commands.&lt;init&gt;(Commands.java:5)
	at io.michaelcane.Calculator.&lt;init&gt;(Calculator.java:6)
	at io.michaelcane.Commands.&lt;init&gt;(Commands.java:5)
	at io.michaelcane.Calculator.&lt;init&gt;(Calculator.java:6)
	at io.michaelcane.Commands.&lt;init&gt;(Commands.java:5)
	at io.michaelcane.Calculator.&lt;init&gt;(Calculator.java:6)
	at io.michaelcane.Commands.&lt;init&gt;(Commands.java:5)
	at io.michaelcane.Calculator.&lt;init&gt;(Calculator.java:6)
	at io.michaelcane.Commands.&lt;init&gt;(Commands.java:5)
	at io.michaelcane.Calculator.&lt;init&gt;(Calculator.java:6)
	at io.michaelcane.Commands.&lt;init&gt;(Commands.java:5)
	at io.michaelcane.Calculator.&lt;init&gt;(Calculator.java:6)
	at io.michaelcane.Commands.&lt;init&gt;(Commands.java:5)
	at io.michaelcane.Calculator.&lt;init&gt;(Calculator.java:6)
	at io.michaelcane.Commands.&lt;init&gt;(Commands.java:5)
	at io.michaelcane.Calculator.&lt;init&gt;(Calculator.java:6)
	at io.michaelcane.Commands.&lt;init&gt;(Commands.java:5)
	at io.michaelcane.Calculator.&lt;init&gt;(Calculator.java:6)
	at io.michaelcane.Commands.&lt;init&gt;(Commands.java:5)
	at io.michaelcane.Calculator.&lt;init&gt;(Calculator.java:6)
	at io.michaelcane.Commands.&lt;init&gt;(Commands.java:5)
	at io.michaelcane.Calculator.&lt;init&gt;(Calculator.java:6)
	at io.michaelcane.Commands.&lt;init&gt;(Commands.java:5)
	at io.michaelcane.Calculator.&lt;init&gt;(Calculator.java:6)
	at io.michaelcane.Commands.&lt;init&gt;(Commands.java:5)
	at io.michaelcane.Calculator.&lt;init&gt;(Calculator.java:6)
	at io.michaelcane.Commands.&lt;init&gt;(Commands.java:5)
	at io.michaelcane.Calculator.&lt;init&gt;(Calculator.java:6)
	at io.michaelcane.Commands.&lt;init&gt;(Commands.java:5)
	at io.michaelcane.Calculator.&lt;init&gt;(Calculator.java:6)
	at io.michaelcane.Commands.&lt;init&gt;(Commands.java:5)
	at io.michaelcane.Calculator.&lt;init&gt;(Calculator.java:6)
	at io.michaelcane.Commands.&lt;init&gt;(Commands.java:5)
	at io.michaelcane.Calculator.&lt;init&gt;(Calculator.java:6)
	at io.michaelcane.Commands.&lt;init&gt;(Commands.java:5)
	at io.michaelcane.Calculator.&lt;init&gt;(Calculator.java:6)
	at io.michaelcane.Commands.&lt;init&gt;(Commands.java:5)
	at io.michaelcane.Calculator.&lt;init&gt;(Calculator.java:6)
	at io.michaelcane.Commands.&lt;init&gt;(Commands.java:5)
	at io.michaelcane.Calculator.&lt;init&gt;(Calculator.java:6)
	at io.michaelcane.Commands.&lt;init&gt;(Commands.java:5)
	at io.michaelcane.Calculator.&lt;init&gt;(Calculator.java:6)
	at io.michaelcane.Commands.&lt;init&gt;(Commands.java:5)
	at io.michaelcane.Calculator.&lt;init&gt;(Calculator.java:6)
	at io.michaelcane.Commands.&lt;init&gt;(Commands.java:5)
	at io.michaelcane.Calculator.&lt;init&gt;(Calculator.java:6)
	at io.michaelcane.Commands.&lt;init&gt;(Commands.java:5)
	at io.michaelcane.Calculator.&lt;init&gt;(Calculator.java:6)
	at io.michaelcane.Commands.&lt;init&gt;(Commands.java:5)
	at io.michaelcane.Calculator.&lt;init&gt;(Calculator.java:6)
	at io.michaelcane.Commands.&lt;init&gt;(Commands.java:5)
	at io.michaelcane.Calculator.&lt;init&gt;(Calculator.java:6)
	at io.michaelcane.Commands.&lt;init&gt;(Commands.java:5)
	at io.michaelcane.Calculator.&lt;init&gt;(Calculator.java:6)
	at io.michaelcane.Commands.&lt;init&gt;(Commands.java:5)
	at io.michaelcane.Calculator.&lt;init&gt;(Calculator.java:6)
	at io.michaelcane.Commands.&lt;init&gt;(Commands.java:5)
	at io.michaelcane.Calculator.&lt;init&gt;(Calculator.java:6)
	at io.michaelcane.Commands.&lt;init&gt;(Commands.java:5)
	at io.michaelcane.Calculator.&lt;init&gt;(Calculator.java:6)
	at io.michaelcane.Commands.&lt;init&gt;(Commands.java:5)
	at io.michaelcane.Calculator.&lt;init&gt;(Calculator.java:6)
	at io.michaelcane.Commands.&lt;init&gt;(Commands.java:5)
	at io.michaelcane.Calculator.&lt;init&gt;(Calculator.java:6)
	at io.michaelcane.Commands.&lt;init&gt;(Commands.java:5)
	at io.michaelcane.Calculator.&lt;init&gt;(Calculator.java:6)
	at io.michaelcane.Commands.&lt;init&gt;(Commands.java:5)
	at io.michaelcane.Calculator.&lt;init&gt;(Calculator.java:6)
	at io.michaelcane.Commands.&lt;init&gt;(Commands.java:5)
	at io.michaelcane.Calculator.&lt;init&gt;(Calculator.java:6)
	at io.michaelcane.Commands.&lt;init&gt;(Commands.java:5)
	at io.michaelcane.Calculator.&lt;init&gt;(Calculator.java:6)
	at io.michaelcane.Commands.&lt;init&gt;(Commands.java:5)
	at io.michaelcane.Calculator.&lt;init&gt;(Calculator.java:6)
	at io.michaelcane.Commands.&lt;init&gt;(Commands.java:5)
	at io.michaelcane.Calculator.&lt;init&gt;(Calculator.java:6)
	at io.michaelcane.Commands.&lt;init&gt;(Commands.java:5)
	at io.michaelcane.Calculator.&lt;init&gt;(Calculator.java:6)
	at io.michaelcane.Commands.&lt;init&gt;(Commands.java:5)
	at io.michaelcane.Calculator.&lt;init&gt;(Calculator.java:6)
	at io.michaelcane.Commands.&lt;init&gt;(Commands.java:5)
	at io.michaelcane.Calculator.&lt;init&gt;(Calculator.java:6)
	at io.michaelcane.Commands.&lt;init&gt;(Commands.java:5)
	at io.michaelcane.Calculator.&lt;init&gt;(Calculator.java:6)
	at io.michaelcane.Commands.&lt;init&gt;(Commands.java:5)
	at io.michaelcane.Calculator.&lt;init&gt;(Calculator.java:6)
	at io.michaelcane.Commands.&lt;init&gt;(Commands.java:5)
	at io.michaelcane.Calculator.&lt;init&gt;(Calculator.java:6)
	at io.michaelcane.Commands.&lt;init&gt;(Commands.java:5)
	at io.michaelcane.Calculator.&lt;init&gt;(Calculator.java:6)
	at io.michaelcane.Commands.&lt;init&gt;(Commands.java:5)
	at io.michaelcane.Calculator.&lt;init&gt;(Calculator.java:6)
	at io.michaelcane.Commands.&lt;init&gt;(Commands.java:5)
	at io.michaelcane.Calculator.&lt;init&gt;(Calculator.java:6)
	at io.michaelcane.Commands.&lt;init&gt;(Commands.java:5)
	at io.michaelcane.Calculator.&lt;init&gt;(Calculator.java:6)
	at io.michaelcane.Commands.&lt;init&gt;(Commands.java:5)
	at io.michaelcane.Calculator.&lt;init&gt;(Calculator.java:6)
	at io.michaelcane.Commands.&lt;init&gt;(Commands.java:5)
	at io.michaelcane.Calculator.&lt;init&gt;(Calculator.java:6)
	at io.michaelcane.Commands.&lt;init&gt;(Commands.java:5)
	at io.michaelcane.Calculator.&lt;init&gt;(Calculator.java:6)
	at io.michaelcane.Commands.&lt;init&gt;(Commands.java:5)
	at io.michaelcane.Calculator.&lt;init&gt;(Calculator.java:6)
	at io.michaelcane.Commands.&lt;init&gt;(Commands.java:5)
	at io.michaelcane.Calculator.&lt;init&gt;(Calculator.java:6)
	at io.michaelcane.Commands.&lt;init&gt;(Commands.java:5)
	at io.michaelcane.Calculator.&lt;init&gt;(Calculator.java:6)
	at io.michaelcane.Commands.&lt;init&gt;(Commands.java:5)
	at io.michaelcane.Calculator.&lt;init&gt;(Calculator.java:6)
	at io.michaelcane.Commands.&lt;init&gt;(Commands.java:5)
	at io.michaelcane.Calculator.&lt;init&gt;(Calculator.java:6)
	at io.michaelcane.Commands.&lt;init&gt;(Commands.java:5)
	at io.michaelcane.Calculator.&lt;init&gt;(Calculator.java:6)
	at io.michaelcane.Commands.&lt;init&gt;(Commands.java:5)
	at io.michaelcane.Calculator.&lt;init&gt;(Calculator.java:6)
	at io.michaelcane.Commands.&lt;init&gt;(Commands.java:5)
	at io.michaelcane.Calculator.&lt;init&gt;(Calculator.java:6)
	at io.michaelcane.Commands.&lt;init&gt;(Commands.java:5)
	at io.michaelcane.Calculator.&lt;init&gt;(Calculator.java:6)
	at io.michaelcane.Commands.&lt;init&gt;(Commands.java:5)
	at io.michaelcane.Calculator.&lt;init&gt;(Calculator.java:6)
	at io.michaelcane.Commands.&lt;init&gt;(Commands.java:5)
	at io.michaelcane.Calculator.&lt;init&gt;(Calculator.java:6)
	at io.michaelcane.Commands.&lt;init&gt;(Commands.java:5)
	at io.michaelcane.Calculator.&lt;init&gt;(Calculator.java:6)
	at io.michaelcane.Commands.&lt;init&gt;(Commands.java:5)
	at io.michaelcane.Calculator.&lt;init&gt;(Calculator.java:6)
	at io.michaelcane.Commands.&lt;init&gt;(Commands.java:5)
	at io.michaelcane.Calculator.&lt;init&gt;(Calculator.java:6)
	at io.michaelcane.Commands.&lt;init&gt;(Commands.java:5)
	at io.michaelcane.Calculator.&lt;init&gt;(Calculator.java:6)
	at io.michaelcane.Commands.&lt;init&gt;(Commands.java:5)
	at io.michaelcane.Calculator.&lt;init&gt;(Calculator.java:6)
	at io.michaelcane.Commands.&lt;init&gt;(Commands.java:5)
	at io.michaelcane.Calculator.&lt;init&gt;(Calculator.java:6)
	at io.michaelcane.Commands.&lt;init&gt;(Commands.java:5)
	at io.michaelcane.Calculator.&lt;init&gt;(Calculator.java:6)
	at io.michaelcane.Commands.&lt;init&gt;(Commands.java:5)
	at io.michaelcane.Calculator.&lt;init&gt;(Calculator.java:6)
	at io.michaelcane.Commands.&lt;init&gt;(Commands.java:5)
	at io.michaelcane.Calculator.&lt;init&gt;(Calculator.java:6)
	at io.michaelcane.Commands.&lt;init&gt;(Commands.java:5)
	at io.michaelcane.Calculator.&lt;init&gt;(Calculator.java:6)
	at io.michaelcane.Commands.&lt;init&gt;(Commands.java:5)
	at io.michaelcane.Calculator.&lt;init&gt;(Calculator.java:6)
	at io.michaelcane.Commands.&lt;init&gt;(Commands.java:5)
	at io.michaelcane.Calculator.&lt;init&gt;(Calculator.java:6)
	at io.michaelcane.Commands.&lt;init&gt;(Commands.java:5)
	at io.michaelcane.Calculator.&lt;init&gt;(Calculator.java:6)
	at io.michaelcane.Commands.&lt;init&gt;(Commands.java:5)
	at io.michaelcane.Calculator.&lt;init&gt;(Calculator.java:6)
	at io.michaelcane.Commands.&lt;init&gt;(Commands.java:5)
	at io.michaelcane.Calculator.&lt;init&gt;(Calculator.java:6)
	at io.michaelcane.Commands.&lt;init&gt;(Commands.java:5)
	at io.michaelcane.Calculator.&lt;init&gt;(Calculator.java:6)
	at io.michaelcane.Commands.&lt;init&gt;(Commands.java:5)
	at io.michaelcane.Calculator.&lt;init&gt;(Calculator.java:6)
	at io.michaelcane.Commands.&lt;init&gt;(Commands.java:5)
	at io.michaelcane.Calculator.&lt;init&gt;(Calculator.java:6)
	at io.michaelcane.Commands.&lt;init&gt;(Commands.java:5)
	at io.michaelcane.Calculator.&lt;init&gt;(Calculator.java:6)
	at io.michaelcane.Commands.&lt;init&gt;(Commands.java:5)
	at io.michaelcane.Calculator.&lt;init&gt;(Calculator.java:6)
	at io.michaelcane.Commands.&lt;init&gt;(Commands.java:5)
	at io.michaelcane.Calculator.&lt;init&gt;(Calculator.java:6)
	at io.michaelcane.Commands.&lt;init&gt;(Commands.java:5)
	at io.michaelcane.Calculator.&lt;init&gt;(Calculator.java:6)
	at io.michaelcane.Commands.&lt;init&gt;(Commands.java:5)
	at io.michaelcane.Calculator.&lt;init&gt;(Calculator.java:6)
	at io.michaelcane.Commands.&lt;init&gt;(Commands.java:5)
	at io.michaelcane.Calculator.&lt;init&gt;(Calculator.java:6)
	at io.michaelcane.Commands.&lt;init&gt;(Commands.java:5)
	at io.michaelcane.Calculator.&lt;init&gt;(Calculator.java:6)
	at io.michaelcane.Commands.&lt;init&gt;(Commands.java:5)
	at io.michaelcane.Calculator.&lt;init&gt;(Calculator.java:6)
	at io.michaelcane.Commands.&lt;init&gt;(Commands.java:5)
	at io.michaelcane.Calculator.&lt;init&gt;(Calculator.java:6)
	at io.michaelcane.Commands.&lt;init&gt;(Commands.java:5)
	at io.michaelcane.Calculator.&lt;init&gt;(Calculator.java:6)
	at io.michaelcane.Commands.&lt;init&gt;(Commands.java:5)
	at io.michaelcane.Calculator.&lt;init&gt;(Calculator.java:6)
	at io.michaelcane.Commands.&lt;init&gt;(Commands.java:5)
	at io.michaelcane.Calculator.&lt;init&gt;(Calculator.java:6)
	at io.michaelcane.Commands.&lt;init&gt;(Commands.java:5)
	at io.michaelcane.Calculator.&lt;init&gt;(Calculator.java:6)
	at io.michaelcane.Commands.&lt;init&gt;(Commands.java:5)
	at io.michaelcane.Calculator.&lt;init&gt;(Calculator.java:6)
	at io.michaelcane.Commands.&lt;init&gt;(Commands.java:5)
	at io.michaelcane.Calculator.&lt;init&gt;(Calculator.java:6)
	at io.michaelcane.Commands.&lt;init&gt;(Commands.java:5)
	at io.michaelcane.Calculator.&lt;init&gt;(Calculator.java:6)
	at io.michaelcane.Commands.&lt;init&gt;(Commands.java:5)
	at io.michaelcane.Calculator.&lt;init&gt;(Calculator.java:6)
	at io.michaelcane.Commands.&lt;init&gt;(Commands.java:5)
	at io.michaelcane.Calculator.&lt;init&gt;(Calculator.java:6)
	at io.michaelcane.Commands.&lt;init&gt;(Commands.java:5)
	at io.michaelcane.Calculator.&lt;init&gt;(Calculator.java:6)
	at io.michaelcane.Commands.&lt;init&gt;(Commands.java:5)
	at io.michaelcane.Calculator.&lt;init&gt;(Calculator.java:6)
	at io.michaelcane.Commands.&lt;init&gt;(Commands.java:5)
	at io.michaelcane.Calculator.&lt;init&gt;(Calculator.java:6)
	at io.michaelcane.Commands.&lt;init&gt;(Commands.java:5)
	at io.michaelcane.Calculator.&lt;init&gt;(Calculator.java:6)
	at io.michaelcane.Commands.&lt;init&gt;(Commands.java:5)
	at io.michaelcane.Calculator.&lt;init&gt;(Calculator.java:6)
	at io.michaelcane.Commands.&lt;init&gt;(Commands.java:5)
	at io.michaelcane.Calculator.&lt;init&gt;(Calculator.java:6)
	at io.michaelcane.Commands.&lt;init&gt;(Commands.java:5)
	at io.michaelcane.Calculator.&lt;init&gt;(Calculator.java:6)
	at io.michaelcane.Commands.&lt;init&gt;(Commands.java:5)
	at io.michaelcane.Calculator.&lt;init&gt;(Calculator.java:6)
	at io.michaelcane.Commands.&lt;init&gt;(Commands.java:5)
	at io.michaelcane.Calculator.&lt;init&gt;(Calculator.java:6)
	at io.michaelcane.Commands.&lt;init&gt;(Commands.java:5)
	at io.michaelcane.Calculator.&lt;init&gt;(Calculator.java:6)
	at io.michaelcane.Commands.&lt;init&gt;(Commands.java:5)
	at io.michaelcane.Calculator.&lt;init&gt;(Calculator.java:6)
	at io.michaelcane.Commands.&lt;init&gt;(Commands.java:5)
	at io.michaelcane.Calculator.&lt;init&gt;(Calculator.java:6)
	at io.michaelcane.Commands.&lt;init&gt;(Commands.java:5)
	at io.michaelcane.Calculator.&lt;init&gt;(Calculator.java:6)
	at io.michaelcane.Commands.&lt;init&gt;(Commands.java:5)
	at io.michaelcane.Calculator.&lt;init&gt;(Calculator.java:6)
	at io.michaelcane.Commands.&lt;init&gt;(Commands.java:5)
	at io.michaelcane.Calculator.&lt;init&gt;(Calculator.java:6)
	at io.michaelcane.Commands.&lt;init&gt;(Commands.java:5)
	at io.michaelcane.Calculator.&lt;init&gt;(Calculator.java:6)
	at io.michaelcane.Commands.&lt;init&gt;(Commands.java:5)
	at io.michaelcane.Calculator.&lt;init&gt;(Calculator.java:6)
	at io.michaelcane.Commands.&lt;init&gt;(Commands.java:5)
	at io.michaelcane.Calculator.&lt;init&gt;(Calculator.java:6)
	at io.michaelcane.Commands.&lt;init&gt;(Commands.java:5)
	at io.michaelcane.Calculator.&lt;init&gt;(Calculator.java:6)
	at io.michaelcane.Commands.&lt;init&gt;(Commands.java:5)
	at io.michaelcane.Calculator.&lt;init&gt;(Calculator.java:6)
	at io.michaelcane.Commands.&lt;init&gt;(Commands.java:5)
	at io.michaelcane.Calculator.&lt;init&gt;(Calculator.java:6)
	at io.michaelcane.Commands.&lt;init&gt;(Commands.java:5)
	at io.michaelcane.Calculator.&lt;init&gt;(Calculator.java:6)
	at io.michaelcane.Commands.&lt;init&gt;(Commands.java:5)
	at io.michaelcane.Calculator.&lt;init&gt;(Calculator.java:6)
	at io.michaelcane.Commands.&lt;init&gt;(Commands.java:5)
	at io.michaelcane.Calculator.&lt;init&gt;(Calculator.java:6)
	at io.michaelcane.Commands.&lt;init&gt;(Commands.java:5)
	at io.michaelcane.Calculator.&lt;init&gt;(Calculator.java:6)
	at io.michaelcane.Commands.&lt;init&gt;(Commands.java:5)
	at io.michaelcane.Calculator.&lt;init&gt;(Calculator.java:6)
	at io.michaelcane.Commands.&lt;init&gt;(Commands.java:5)
	at io.michaelcane.Calculator.&lt;init&gt;(Calculator.java:6)
	at io.michaelcane.Commands.&lt;init&gt;(Commands.java:5)
	at io.michaelcane.Calculator.&lt;init&gt;(Calculator.java:6)
	at io.michaelcane.Commands.&lt;init&gt;(Commands.java:5)
	at io.michaelcane.Calculator.&lt;init&gt;(Calculator.java:6)
	at io.michaelcane.Commands.&lt;init&gt;(Commands.java:5)
	at io.michaelcane.Calculator.&lt;init&gt;(Calculator.java:6)
	at io.michaelcane.Commands.&lt;init&gt;(Commands.java:5)
	at io.michaelcane.Calculator.&lt;init&gt;(Calculator.java:6)
	at io.michaelcane.Commands.&lt;init&gt;(Commands.java:5)
	at io.michaelcane.Calculator.&lt;init&gt;(Calculator.java:6)
	at io.michaelcane.Commands.&lt;init&gt;(Commands.java:5)
	at io.michaelcane.Calculator.&lt;init&gt;(Calculator.java:6)
	at io.michaelcane.Commands.&lt;init&gt;(Commands.java:5)
	at io.michaelcane.Calculator.&lt;init&gt;(Calculator.java:6)
	at io.michaelcane.Commands.&lt;init&gt;(Commands.java:5)
	at io.michaelcane.Calculator.&lt;init&gt;(Calculator.java:6)
	at io.michaelcane.Commands.&lt;init&gt;(Commands.java:5)
	at io.michaelcane.Calculator.&lt;init&gt;(Calculator.java:6)
	at io.michaelcane.Commands.&lt;init&gt;(Commands.java:5)
	at io.michaelcane.Calculator.&lt;init&gt;(Calculator.java:6)
	at io.michaelcane.Commands.&lt;init&gt;(Commands.java:5)
	at io.michaelcane.Calculator.&lt;init&gt;(Calculator.java:6)
	at io.michaelcane.Commands.&lt;init&gt;(Commands.java:5)
	at io.michaelcane.Calculator.&lt;init&gt;(Calculator.java:6)
	at io.michaelcane.Commands.&lt;init&gt;(Commands.java:5)
	at io.michaelcane.Calculator.&lt;init&gt;(Calculator.java:6)
	at io.michaelcane.Commands.&lt;init&gt;(Commands.java:5)
	at io.michaelcane.Calculator.&lt;init&gt;(Calculator.java:6)
	at io.michaelcane.Commands.&lt;init&gt;(Commands.java:5)
	at io.michaelcane.Calculator.&lt;init&gt;(Calculator.java:6)
	at io.michaelcane.Commands.&lt;init&gt;(Commands.java:5)
	at io.michaelcane.Calculator.&lt;init&gt;(Calculator.java:6)
	at io.michaelcane.Commands.&lt;init&gt;(Commands.java:5)
	at io.michaelcane.Calculator.&lt;init&gt;(Calculator.java:6)
	at io.michaelcane.Commands.&lt;init&gt;(Commands.java:5)
	at io.michaelcane.Calculator.&lt;init&gt;(Calculator.java:6)
	at io.michaelcane.Commands.&lt;init&gt;(Commands.java:5)
	at io.michaelcane.Calculator.&lt;init&gt;(Calculator.java:6)
	at io.michaelcane.Commands.&lt;init&gt;(Commands.java:5)
	at io.michaelcane.Calculator.&lt;init&gt;(Calculator.java:6)
	at io.michaelcane.Commands.&lt;init&gt;(Commands.java:5)
	at io.michaelcane.Calculator.&lt;init&gt;(Calculator.java:6)
	at io.michaelcane.Commands.&lt;init&gt;(Commands.java:5)
	at io.michaelcane.Calculator.&lt;init&gt;(Calculator.java:6)
	at io.michaelcane.Commands.&lt;init&gt;(Commands.java:5)
	at io.michaelcane.Calculator.&lt;init&gt;(Calculator.java:6)
	at io.michaelcane.Commands.&lt;init&gt;(Commands.java:5)
	at io.michaelcane.Calculator.&lt;init&gt;(Calculator.java:6)
	at io.michaelcane.Commands.&lt;init&gt;(Commands.java:5)
	at io.michaelcane.Calculator.&lt;init&gt;(Calculator.java:6)
	at io.michaelcane.Commands.&lt;init&gt;(Commands.java:5)
	at io.michaelcane.Calculator.&lt;init&gt;(Calculator.java:6)
	at io.michaelcane.Commands.&lt;init&gt;(Commands.java:5)
	at io.michaelcane.Calculator.&lt;init&gt;(Calculator.java:6)
	at io.michaelcane.Commands.&lt;init&gt;(Commands.java:5)
	at io.michaelcane.Calculator.&lt;init&gt;(Calculator.java:6)
	at io.michaelcane.Commands.&lt;init&gt;(Commands.java:5)
	at io.michaelcane.Calculator.&lt;init&gt;(Calculator.java:6)
	at io.michaelcane.Commands.&lt;init&gt;(Commands.java:5)
	at io.michaelcane.Calculator.&lt;init&gt;(Calculator.java:6)
	at io.michaelcane.Commands.&lt;init&gt;(Commands.java:5)
	at io.michaelcane.Calculator.&lt;init&gt;(Calculator.java:6)
	at io.michaelcane.Commands.&lt;init&gt;(Commands.java:5)
	at io.michaelcane.Calculator.&lt;init&gt;(Calculator.java:6)
	at io.michaelcane.Commands.&lt;init&gt;(Commands.java:5)
	at io.michaelcane.Calculator.&lt;init&gt;(Calculator.java:6)
	at io.michaelcane.Commands.&lt;init&gt;(Commands.java:5)
	at io.michaelcane.Calculator.&lt;init&gt;(Calculator.java:6)
	at io.michaelcane.Commands.&lt;init&gt;(Commands.java:5)
	at io.michaelcane.Calculator.&lt;init&gt;(Calculator.java:6)
	at io.michaelcane.Commands.&lt;init&gt;(Commands.java:5)
	at io.michaelcane.Calculator.&lt;init&gt;(Calculator.java:6)
	at io.michaelcane.Commands.&lt;init&gt;(Commands.java:5)
	at io.michaelcane.Calculator.&lt;init&gt;(Calculator.java:6)
	at io.michaelcane.Commands.&lt;init&gt;(Commands.java:5)
	at io.michaelcane.Calculator.&lt;init&gt;(Calculator.java:6)
	at io.michaelcane.Commands.&lt;init&gt;(Commands.java:5)
	at io.michaelcane.Calculator.&lt;init&gt;(Calculator.java:6)
	at io.michaelcane.Commands.&lt;init&gt;(Commands.java:5)
	at io.michaelcane.Calculator.&lt;init&gt;(Calculator.java:6)
	at io.michaelcane.Commands.&lt;init&gt;(Commands.java:5)
	at io.michaelcane.Calculator.&lt;init&gt;(Calculator.java:6)
	at io.michaelcane.Commands.&lt;init&gt;(Commands.java:5)
	at io.michaelcane.Calculator.&lt;init&gt;(Calculator.java:6)
	at io.michaelcane.Commands.&lt;init&gt;(Commands.java:5)
	at io.michaelcane.Calculator.&lt;init&gt;(Calculator.java:6)
	at io.michaelcane.Commands.&lt;init&gt;(Commands.java:5)
	at io.michaelcane.Calculator.&lt;init&gt;(Calculator.java:6)
	at io.michaelcane.Commands.&lt;init&gt;(Commands.java:5)
	at io.michaelcane.Calculator.&lt;init&gt;(Calculator.java:6)
	at io.michaelcane.Commands.&lt;init&gt;(Commands.java:5)
	at io.michaelcane.Calculator.&lt;init&gt;(Calculator.java:6)
	at io.michaelcane.Commands.&lt;init&gt;(Commands.java:5)
	at io.michaelcane.Calculator.&lt;init&gt;(Calculator.java:6)
	at io.michaelcane.Commands.&lt;init&gt;(Commands.java:5)
	at io.michaelcane.Calculator.&lt;init&gt;(Calculator.java:6)
	at io.michaelcane.Commands.&lt;init&gt;(Commands.java:5)
	at io.michaelcane.Calculator.&lt;init&gt;(Calculator.java:6)
	at io.michaelcane.Commands.&lt;init&gt;(Commands.java:5)
	at io.michaelcane.Calculator.&lt;init&gt;(Calculator.java:6)
	at io.michaelcane.Commands.&lt;init&gt;(Commands.java:5)
	at io.michaelcane.Calculator.&lt;init&gt;(Calculator.java:6)
	at io.michaelcane.Commands.&lt;init&gt;(Commands.java:5)
	at io.michaelcane.Calculator.&lt;init&gt;(Calculator.java:6)
	at io.michaelcane.Commands.&lt;init&gt;(Commands.java:5)
	at io.michaelcane.Calculator.&lt;init&gt;(Calculator.java:6)
	at io.michaelcane.Commands.&lt;init&gt;(Commands.java:5)
	at io.michaelcane.Calculator.&lt;init&gt;(Calculator.java:6)
	at io.michaelcane.Commands.&lt;init&gt;(Commands.java:5)
	at io.michaelcane.Calculator.&lt;init&gt;(Calculator.java:6)
	at io.michaelcane.Commands.&lt;init&gt;(Commands.java:5)
	at io.michaelcane.Calculator.&lt;init&gt;(Calculator.java:6)
	at io.michaelcane.Commands.&lt;init&gt;(Commands.java:5)
	at io.michaelcane.Calculator.&lt;init&gt;(Calculator.java:6)
	at io.michaelcane.Commands.&lt;init&gt;(Commands.java:5)
	at io.michaelcane.Calculator.&lt;init&gt;(Calculator.java:6)
	at io.michaelcane.Commands.&lt;init&gt;(Commands.java:5)
	at io.michaelcane.Calculator.&lt;init&gt;(Calculator.java:6)
	at io.michaelcane.Commands.&lt;init&gt;(Commands.java:5)
	at io.michaelcane.Calculator.&lt;init&gt;(Calculator.java:6)
	at io.michaelcane.Commands.&lt;init&gt;(Commands.java:5)
	at io.michaelcane.Calculator.&lt;init&gt;(Calculator.java:6)
	at io.michaelcane.Commands.&lt;init&gt;(Commands.java:5)
	at io.michaelcane.Calculator.&lt;init&gt;(Calculator.java:6)
	at io.michaelcane.Commands.&lt;init&gt;(Commands.java:5)
	at io.michaelcane.Calculator.&lt;init&gt;(Calculator.java:6)
	at io.michaelcane.Commands.&lt;init&gt;(Commands.java:5)
	at io.michaelcane.Calculator.&lt;init&gt;(Calculator.java:6)
	at io.michaelcane.Commands.&lt;init&gt;(Commands.java:5)
	at io.michaelcane.Calculator.&lt;init&gt;(Calculator.java:6)
	at io.michaelcane.Commands.&lt;init&gt;(Commands.java:5)
	at io.michaelcane.Calculator.&lt;init&gt;(Calculator.java:6)
	at io.michaelcane.Commands.&lt;init&gt;(Commands.java:5)
	at io.michaelcane.Calculator.&lt;init&gt;(Calculator.java:6)
	at io.michaelcane.Commands.&lt;init&gt;(Commands.java:5)
	at io.michaelcane.Calculator.&lt;init&gt;(Calculator.java:6)
	at io.michaelcane.Commands.&lt;init&gt;(Commands.java:5)
	at io.michaelcane.Calculator.&lt;init&gt;(Calculator.java:6)
	at io.michaelcane.Commands.&lt;init&gt;(Commands.java:5)
	at io.michaelcane.Calculator.&lt;init&gt;(Calculator.java:6)
	at io.michaelcane.Commands.&lt;init&gt;(Commands.java:5)
	at io.michaelcane.Calculator.&lt;init&gt;(Calculator.java:6)
	at io.michaelcane.Commands.&lt;init&gt;(Commands.java:5)
	at io.michaelcane.Calculator.&lt;init&gt;(Calculator.java:6)
	at io.michaelcane.Commands.&lt;init&gt;(Commands.java:5)
	at io.michaelcane.Calculator.&lt;init&gt;(Calculator.java:6)
	at io.michaelcane.Commands.&lt;init&gt;(Commands.java:5)
	at io.michaelcane.Calculator.&lt;init&gt;(Calculator.java:6)
	at io.michaelcane.Commands.&lt;init&gt;(Commands.java:5)
	at io.michaelcane.Calculator.&lt;init&gt;(Calculator.java:6)
	at io.michaelcane.Commands.&lt;init&gt;(Commands.java:5)
	at io.michaelcane.Calculator.&lt;init&gt;(Calculator.java:6)
	at io.michaelcane.Commands.&lt;init&gt;(Commands.java:5)
	at io.michaelcane.Calculator.&lt;init&gt;(Calculator.java:6)
	at io.michaelcane.Commands.&lt;init&gt;(Commands.java:5)
	at io.michaelcane.Calculator.&lt;init&gt;(Calculator.java:6)
	at io.michaelcane.Commands.&lt;init&gt;(Commands.java:5)
	at io.michaelcane.Calculator.&lt;init&gt;(Calculator.java:6)
	at io.michaelcane.Commands.&lt;init&gt;(Commands.java:5)
	at io.michaelcane.Calculator.&lt;init&gt;(Calculator.java:6)
	at io.michaelcane.Commands.&lt;init&gt;(Commands.java:5)
	at io.michaelcane.Calculator.&lt;init&gt;(Calculator.java:6)
	at io.michaelcane.Commands.&lt;init&gt;(Commands.java:5)
	at io.michaelcane.Calculator.&lt;init&gt;(Calculator.java:6)
	at io.michaelcane.Commands.&lt;init&gt;(Commands.java:5)
	at io.michaelcane.Calculator.&lt;init&gt;(Calculator.java:6)
	at io.michaelcane.Commands.&lt;init&gt;(Commands.java:5)
	at io.michaelcane.Calculator.&lt;init&gt;(Calculator.java:6)
	at io.michaelcane.Commands.&lt;init&gt;(Commands.java:5)
	at io.michaelcane.Calculator.&lt;init&gt;(Calculator.java:6)
	at io.michaelcane.Commands.&lt;init&gt;(Commands.java:5)
	at io.michaelcane.Calculator.&lt;init&gt;(Calculator.java:6)
	at io.michaelcane.Commands.&lt;init&gt;(Commands.java:5)
	at io.michaelcane.Calculator.&lt;init&gt;(Calculator.java:6)
	at io.michaelcane.Commands.&lt;init&gt;(Commands.java:5)
	at io.michaelcane.Calculator.&lt;init&gt;(Calculator.java:6)
	at io.michaelcane.Commands.&lt;init&gt;(Commands.java:5)
	at io.michaelcane.Calculator.&lt;init&gt;(Calculator.java:6)
	at io.michaelcane.Commands.&lt;init&gt;(Commands.java:5)
	at io.michaelcane.Calculator.&lt;init&gt;(Calculator.java:6)
	at io.michaelcane.Commands.&lt;init&gt;(Commands.java:5)
	at io.michaelcane.Calculator.&lt;init&gt;(Calculator.java:6)
	at io.michaelcane.Commands.&lt;init&gt;(Commands.java:5)
	at io.michaelcane.Calculator.&lt;init&gt;(Calculator.java:6)
	at io.michaelcane.Commands.&lt;init&gt;(Commands.java:5)
	at io.michaelcane.Calculator.&lt;init&gt;(Calculator.java:6)
	at io.michaelcane.Commands.&lt;init&gt;(Commands.java:5)
	at io.michaelcane.Calculator.&lt;init&gt;(Calculator.java:6)
	at io.michaelcane.Commands.&lt;init&gt;(Commands.java:5)
	at io.michaelcane.Calculator.&lt;init&gt;(Calculator.java:6)
	at io.michaelcane.Commands.&lt;init&gt;(Commands.java:5)
	at io.michaelcane.Calculator.&lt;init&gt;(Calculator.java:6)
	at io.michaelcane.Commands.&lt;init&gt;(Commands.java:5)
	at io.michaelcane.Calculator.&lt;init&gt;(Calculator.java:6)
	at io.michaelcane.Commands.&lt;init&gt;(Commands.java:5)
	at io.michaelcane.Calculator.&lt;init&gt;(Calculator.java:6)
	at io.michaelcane.Commands.&lt;init&gt;(Commands.java:5)
	at io.michaelcane.Calculator.&lt;init&gt;(Calculator.java:6)
	at io.michaelcane.Commands.&lt;init&gt;(Commands.java:5)
	at io.michaelcane.Calculator.&lt;init&gt;(Calculator.java:6)
	at io.michaelcane.Commands.&lt;init&gt;(Commands.java:5)
	at io.michaelcane.Calculator.&lt;init&gt;(Calculator.java:6)
	at io.michaelcane.Commands.&lt;init&gt;(Commands.java:5)
	at io.michaelcane.Calculator.&lt;init&gt;(Calculator.java:6)
	at io.michaelcane.Commands.&lt;init&gt;(Commands.java:5)
	at io.michaelcane.Calculator.&lt;init&gt;(Calculator.java:6)
	at io.michaelcane.Commands.&lt;init&gt;(Commands.java:5)
	at io.michaelcane.Calculator.&lt;init&gt;(Calculator.java:6)
	at io.michaelcane.Commands.&lt;init&gt;(Commands.java:5)
	at io.michaelcane.Calculator.&lt;init&gt;(Calculator.java:6)
	at io.michaelcane.Commands.&lt;init&gt;(Commands.java:5)
	at io.michaelcane.Calculator.&lt;init&gt;(Calculator.java:6)
	at io.michaelcane.Commands.&lt;init&gt;(Commands.java:5)
	at io.michaelcane.Calculator.&lt;init&gt;(Calculator.java:6)
	at io.michaelcane.Commands.&lt;init&gt;(Commands.java:5)
	at io.michaelcane.Calculator.&lt;init&gt;(Calculator.java:6)
	at io.michaelcane.Commands.&lt;init&gt;(Commands.java:5)
	at io.michaelcane.Calculator.&lt;init&gt;(Calculator.java:6)
	at io.michaelcane.Commands.&lt;init&gt;(Commands.java:5)
	at io.michaelcane.Calculator.&lt;init&gt;(Calculator.java:6)
	at io.michaelcane.Commands.&lt;init&gt;(Commands.java:5)
	at io.michaelcane.Calculator.&lt;init&gt;(Calculator.java:6)
	at io.michaelcane.Commands.&lt;init&gt;(Commands.java:5)
	at io.michaelcane.Calculator.&lt;init&gt;(Calculator.java:6)
	at io.michaelcane.Commands.&lt;init&gt;(Commands.java:5)
	at io.michaelcane.Calculator.&lt;init&gt;(Calculator.java:6)
	at io.michaelcane.Commands.&lt;init&gt;(Commands.java:5)
	at io.michaelcane.Calculator.&lt;init&gt;(Calculator.java:6)
	at io.michaelcane.Commands.&lt;init&gt;(Commands.java:5)
	at io.michaelcane.Calculator.&lt;init&gt;(Calculator.java:6)
	at io.michaelcane.Commands.&lt;init&gt;(Commands.java:5)
	at io.michaelcane.Calculator.&lt;init&gt;(Calculator.java:6)
	at io.michaelcane.Commands.&lt;init&gt;(Commands.java:5)
	at io.michaelcane.Calculator.&lt;init&gt;(Calculator.java:6)
	at io.michaelcane.Commands.&lt;init&gt;(Commands.java:5)
	at io.michaelcane.Calculator.&lt;init&gt;(Calculator.java:6)
	at io.michaelcane.Commands.&lt;init&gt;(Commands.java:5)
	at io.michaelcane.Calculator.&lt;init&gt;(Calculator.java:6)
	at io.michaelcane.Commands.&lt;init&gt;(Commands.java:5)
	at io.michaelcane.Calculator.&lt;init&gt;(Calculator.java:6)
	at io.michaelcane.Commands.&lt;init&gt;(Commands.java:5)
	at io.michaelcane.Calculator.&lt;init&gt;(Calculator.java:6)
	at io.michaelcane.Commands.&lt;init&gt;(Commands.java:5)
	at io.michaelcane.Calculator.&lt;init&gt;(Calculator.java:6)
	at io.michaelcane.Commands.&lt;init&gt;(Commands.java:5)
	at io.michaelcane.Calculator.&lt;init&gt;(Calculator.java:6)
	at io.michaelcane.Commands.&lt;init&gt;(Commands.java:5)
	at io.michaelcane.Calculator.&lt;init&gt;(Calculator.java:6)
	at io.michaelcane.Commands.&lt;init&gt;(Commands.java:5)
	at io.michaelcane.Calculator.&lt;init&gt;(Calculator.java:6)
	at io.michaelcane.Commands.&lt;init&gt;(Commands.java:5)
	at io.michaelcane.Calculator.&lt;init&gt;(Calculator.java:6)
	at io.michaelcane.Commands.&lt;init&gt;(Commands.java:5)
	at io.michaelcane.Calculator.&lt;init&gt;(Calculator.java:6)
	at io.michaelcane.Commands.&lt;init&gt;(Commands.java:5)
	at io.michaelcane.Calculator.&lt;init&gt;(Calculator.java:6)
	at io.michaelcane.Commands.&lt;init&gt;(Commands.java:5)
	at io.michaelcane.Calculator.&lt;init&gt;(Calculator.java:6)
	at io.michaelcane.Commands.&lt;init&gt;(Commands.java:5)
	at io.michaelcane.Calculator.&lt;init&gt;(Calculator.java:6)
	at io.michaelcane.Commands.&lt;init&gt;(Commands.java:5)
	at io.michaelcane.Calculator.&lt;init&gt;(Calculator.java:6)
	at io.michaelcane.Commands.&lt;init&gt;(Commands.java:5)
	at io.michaelcane.Calculator.&lt;init&gt;(Calculator.java:6)
	at io.michaelcane.Commands.&lt;init&gt;(Commands.java:5)
	at io.michaelcane.Calculator.&lt;init&gt;(Calculator.java:6)
	at io.michaelcane.Commands.&lt;init&gt;(Commands.java:5)
	at io.michaelcane.Calculator.&lt;init&gt;(Calculator.java:6)
	at io.michaelcane.Commands.&lt;init&gt;(Commands.java:5)
	at io.michaelcane.Calculator.&lt;init&gt;(Calculator.java:6)
	at io.michaelcane.Commands.&lt;init&gt;(Commands.java:5)
	at io.michaelcane.Calculator.&lt;init&gt;(Calculator.java:6)
	at io.michaelcane.Commands.&lt;init&gt;(Commands.java:5)
	at io.michaelcane.Calculator.&lt;init&gt;(Calculator.java:6)
	at io.michaelcane.Commands.&lt;init&gt;(Commands.java:5)
	at io.michaelcane.Calculator.&lt;init&gt;(Calculator.java:6)
	at io.michaelcane.Commands.&lt;init&gt;(Commands.java:5)
	at io.michaelcane.Calculator.&lt;init&gt;(Calculator.java:6)
	at io.michaelcane.Commands.&lt;init&gt;(Commands.java:5)
	at io.michaelcane.Calculator.&lt;init&gt;(Calculator.java:6)
	at io.michaelcane.Commands.&lt;init&gt;(Commands.java:5)
	at io.michaelcane.Calculator.&lt;init&gt;(Calculator.java:6)
	at io.michaelcane.Commands.&lt;init&gt;(Commands.java:5)
	at io.michaelcane.Calculator.&lt;init&gt;(Calculator.java:6)
	at io.michaelcane.Commands.&lt;init&gt;(Commands.java:5)
	at io.michaelcane.Calculator.&lt;init&gt;(Calculator.java:6)
	at io.michaelcane.Commands.&lt;init&gt;(Commands.java:5)
	at io.michaelcane.Calculator.&lt;init&gt;(Calculator.java:6)
	at io.michaelcane.Commands.&lt;init&gt;(Commands.java:5)
	at io.michaelcane.Calculator.&lt;init&gt;(Calculator.java:6)
	at io.michaelcane.Commands.&lt;init&gt;(Commands.java:5)
	at io.michaelcane.Calculator.&lt;init&gt;(Calculator.java:6)
	at io.michaelcane.Commands.&lt;init&gt;(Commands.java:5)
	at io.michaelcane.Calculator.&lt;init&gt;(Calculator.java:6)
	at io.michaelcane.Commands.&lt;init&gt;(Commands.java:5)
	at io.michaelcane.Calculator.&lt;init&gt;(Calculator.java:6)
	at io.michaelcane.Commands.&lt;init&gt;(Commands.java:5)
	at io.michaelcane.Calculator.&lt;init&gt;(Calculator.java:6)
	at io.michaelcane.Commands.&lt;init&gt;(Commands.java:5)
	at io.michaelcane.Calculator.&lt;init&gt;(Calculator.java:6)
	at io.michaelcane.Commands.&lt;init&gt;(Commands.java:5)
	at io.michaelcane.Calculator.&lt;init&gt;(Calculator.java:6)
	at io.michaelcane.Commands.&lt;init&gt;(Commands.java:5)
	at io.michaelcane.Calculator.&lt;init&gt;(Calculator.java:6)
	at io.michaelcane.Commands.&lt;init&gt;(Commands.java:5)
	at io.michaelcane.Calculator.&lt;init&gt;(Calculator.java:6)
	at io.michaelcane.Commands.&lt;init&gt;(Commands.java:5)
	at io.michaelcane.Calculator.&lt;init&gt;(Calculator.java:6)
	at io.michaelcane.Commands.&lt;init&gt;(Commands.java:5)
	at io.michaelcane.Calculator.&lt;init&gt;(Calculator.java:6)
	at io.michaelcane.Commands.&lt;init&gt;(Commands.java:5)
	at io.michaelcane.Calculator.&lt;init&gt;(Calculator.java:6)
	at io.michaelcane.Commands.&lt;init&gt;(Commands.java:5)
	at io.michaelcane.Calculator.&lt;init&gt;(Calculator.java:6)
	at io.michaelcane.Commands.&lt;init&gt;(Commands.java:5)
	at io.michaelcane.Calculator.&lt;init&gt;(Calculator.java:6)
	at io.michaelcane.Commands.&lt;init&gt;(Commands.java:5)
	at io.michaelcane.Calculator.&lt;init&gt;(Calculator.java:6)
	at io.michaelcane.Commands.&lt;init&gt;(Commands.java:5)
	at io.michaelcane.Calculator.&lt;init&gt;(Calculator.java:6)
	at io.michaelcane.Commands.&lt;init&gt;(Commands.java:5)
	at io.michaelcane.Calculator.&lt;init&gt;(Calculator.java:6)
	at io.michaelcane.Commands.&lt;init&gt;(Commands.java:5)
	at io.michaelcane.Calculator.&lt;init&gt;(Calculator.java:6)
	at io.michaelcane.Commands.&lt;init&gt;(Commands.java:5)
	at io.michaelcane.Calculator.&lt;init&gt;(Calculator.java:6)
	at io.michaelcane.Commands.&lt;init&gt;(Commands.java:5)
	at io.michaelcane.Calculator.&lt;init&gt;(Calculator.java:6)
	at io.michaelcane.Commands.&lt;init&gt;(Commands.java:5)
	at io.michaelcane.Calculator.&lt;init&gt;(Calculator.java:6)
	at io.michaelcane.Commands.&lt;init&gt;(Commands.java:5)
	at io.michaelcane.Calculator.&lt;init&gt;(Calculator.java:6)
	at io.michaelcane.Commands.&lt;init&gt;(Commands.java:5)
	at io.michaelcane.Calculator.&lt;init&gt;(Calculator.java:6)
	at io.michaelcane.Commands.&lt;init&gt;(Commands.java:5)
	at io.michaelcane.Calculator.&lt;init&gt;(Calculator.java:6)
	at io.michaelcane.Commands.&lt;init&gt;(Commands.java:5)
	at io.michaelcane.Calculator.&lt;init&gt;(Calculator.java:6)
	at io.michaelcane.Commands.&lt;init&gt;(Commands.java:5)
	at io.michaelcane.Calculator.&lt;init&gt;(Calculator.java:6)
	at io.michaelcane.Commands.&lt;init&gt;(Commands.java:5)
	at io.michaelcane.Calculator.&lt;init&gt;(Calculator.java:6)
	at io.michaelcane.Commands.&lt;init&gt;(Commands.java:5)
	at io.michaelcane.Calculator.&lt;init&gt;(Calculator.java:6)
	at io.michaelcane.Commands.&lt;init&gt;(Commands.java:5)
	at io.michaelcane.Calculator.&lt;init&gt;(Calculator.java:6)
	at io.michaelcane.Commands.&lt;init&gt;(Commands.java:5)
	at io.michaelcane.Calculator.&lt;init&gt;(Calculator.java:6)
	at io.michaelcane.Commands.&lt;init&gt;(Commands.java:5)
	at io.michaelcane.Calculator.&lt;init&gt;(Calculator.java:6)
	at io.michaelcane.Commands.&lt;init&gt;(Commands.java:5)
	at io.michaelcane.Calculator.&lt;init&gt;(Calculator.java:6)
	at io.michaelcane.Commands.&lt;init&gt;(Commands.java:5)
	at io.michaelcane.Calculator.&lt;init&gt;(Calculator.java:6)
	at io.michaelcane.Commands.&lt;init&gt;(Commands.java:5)
	at io.michaelcane.Calculator.&lt;init&gt;(Calculator.java:6)
	at io.michaelcane.Commands.&lt;init&gt;(Commands.java:5)
	at io.michaelcane.Calculator.&lt;init&gt;(Calculator.java:6)
	at io.michaelcane.Commands.&lt;init&gt;(Commands.java:5)
	at io.michaelcane.Calculator.&lt;init&gt;(Calculator.java:6)
	at io.michaelcane.Commands.&lt;init&gt;(Commands.java:5)
	at io.michaelcane.Calculator.&lt;init&gt;(Calculator.java:6)
	at io.michaelcane.Commands.&lt;init&gt;(Commands.java:5)
	at io.michaelcane.Calculator.&lt;init&gt;(Calculator.java:6)
	at io.michaelcane.Commands.&lt;init&gt;(Commands.java:5)
	at io.michaelcane.Calculator.&lt;init&gt;(Calculator.java:6)
	at io.michaelcane.Commands.&lt;init&gt;(Commands.java:5)
	at io.michaelcane.Calculator.&lt;init&gt;(Calculator.java:6)
	at io.michaelcane.Commands.&lt;init&gt;(Commands.java:5)
	at io.michaelcane.Calculator.&lt;init&gt;(Calculator.java:6)
	at io.michaelcane.Commands.&lt;init&gt;(Commands.java:5)
	at io.michaelcane.Calculator.&lt;init&gt;(Calculator.java:6)
	at io.michaelcane.Commands.&lt;init&gt;(Commands.java:5)
	at io.michaelcane.Calculator.&lt;init&gt;(Calculator.java:6)
	at io.michaelcane.Commands.&lt;init&gt;(Commands.java:5)
	at io.michaelcane.Calculator.&lt;init&gt;(Calculator.java:6)
	at io.michaelcane.Commands.&lt;init&gt;(Commands.java:5)
	at io.michaelcane.Calculator.&lt;init&gt;(Calculator.java:6)
	at io.michaelcane.Commands.&lt;init&gt;(Commands.java:5)
	at io.michaelcane.Calculator.&lt;init&gt;(Calculator.java:6)
	at io.michaelcane.Commands.&lt;init&gt;(Commands.java:5)
	at io.michaelcane.Calculator.&lt;init&gt;(Calculator.java:6)
	at io.michaelcane.Commands.&lt;init&gt;(Commands.java:5)
	at io.michaelcane.Calculator.&lt;init&gt;(Calculator.java:6)
	at io.michaelcane.Commands.&lt;init&gt;(Commands.java:5)
	at io.michaelcane.Calculator.&lt;init&gt;(Calculator.java:6)
	at io.michaelcane.Commands.&lt;init&gt;(Commands.java:5)
	at io.michaelcane.Calculator.&lt;init&gt;(Calculator.java:6)
	at io.michaelcane.Commands.&lt;init&gt;(Commands.java:5)
	at io.michaelcane.Calculator.&lt;init&gt;(Calculator.java:6)
	at io.michaelcane.Commands.&lt;init&gt;(Commands.java:5)
	at io.michaelcane.Calculator.&lt;init&gt;(Calculator.java:6)
	at io.michaelcane.Commands.&lt;init&gt;(Commands.java:5)
	at io.michaelcane.Calculator.&lt;init&gt;(Calculator.java:6)
	at io.michaelcane.Commands.&lt;init&gt;(Commands.java:5)
	at io.michaelcane.Calculator.&lt;init&gt;(Calculator.java:6)
	at io.michaelcane.Commands.&lt;init&gt;(Commands.java:5)
	at io.michaelcane.Calculator.&lt;init&gt;(Calculator.java:6)
	at io.michaelcane.Commands.&lt;init&gt;(Commands.java:5)
	at io.michaelcane.Calculator.&lt;init&gt;(Calculator.java:6)
	at io.michaelcane.Commands.&lt;init&gt;(Commands.java:5)
	at io.michaelcane.Calculator.&lt;init&gt;(Calculator.java:6)
	at io.michaelcane.Commands.&lt;init&gt;(Commands.java:5)
	at io.michaelcane.Calculator.&lt;init&gt;(Calculator.java:6)
	at io.michaelcane.Commands.&lt;init&gt;(Commands.java:5)
	at io.michaelcane.Calculator.&lt;init&gt;(Calculator.java:6)
	at io.michaelcane.Commands.&lt;init&gt;(Commands.java:5)
	at io.michaelcane.Calculator.&lt;init&gt;(Calculator.java:6)
	at io.michaelcane.Commands.&lt;init&gt;(Commands.java:5)
	at io.michaelcane.Calculator.&lt;init&gt;(Calculator.java:6)
	at io.michaelcane.Commands.&lt;init&gt;(Commands.java:5)
	at io.michaelcane.Calculator.&lt;init&gt;(Calculator.java:6)
	at io.michaelcane.Commands.&lt;init&gt;(Commands.java:5)
	at io.michaelcane.Calculator.&lt;init&gt;(Calculator.java:6)
	at io.michaelcane.Commands.&lt;init&gt;(Commands.java:5)
	at io.michaelcane.Calculator.&lt;init&gt;(Calculator.java:6)
	at io.michaelcane.Commands.&lt;init&gt;(Commands.java:5)
	at io.michaelcane.Calculator.&lt;init&gt;(Calculator.java:6)
	at io.michaelcane.Commands.&lt;init&gt;(Commands.java:5)
	at io.michaelcane.Calculator.&lt;init&gt;(Calculator.java:6)
	at io.michaelcane.Commands.&lt;init&gt;(Commands.java:5)
	at io.michaelcane.Calculator.&lt;init&gt;(Calculator.java:6)
	at io.michaelcane.Commands.&lt;init&gt;(Commands.java:5)
	at io.michaelcane.Calculator.&lt;init&gt;(Calculator.java:6)
	at io.michaelcane.Commands.&lt;init&gt;(Commands.java:5)
	at io.michaelcane.Calculator.&lt;init&gt;(Calculator.java:6)
	at io.michaelcane.Commands.&lt;init&gt;(Commands.java:5)
	at io.michaelcane.Calculator.&lt;init&gt;(Calculator.java:6)
	at io.michaelcane.Commands.&lt;init&gt;(Commands.java:5)
	at io.michaelcane.Calculator.&lt;init&gt;(Calculator.java:6)
	at io.michaelcane.Commands.&lt;init&gt;(Commands.java:5)
	at io.michaelcane.Calculator.&lt;init&gt;(Calculator.java:6)
	at io.michaelcane.Commands.&lt;init&gt;(Commands.java:5)
	at io.michaelcane.Calculator.&lt;init&gt;(Calculator.java:6)
	at io.michaelcane.Commands.&lt;init&gt;(Commands.java:5)
	at io.michaelcane.Calculator.&lt;init&gt;(Calculator.java:6)
	at io.michaelcane.Commands.&lt;init&gt;(Commands.java:5)
	at io.michaelcane.Calculator.&lt;init&gt;(Calculator.java:6)
	at io.michaelcane.Commands.&lt;init&gt;(Commands.java:5)
	at io.michaelcane.Calculator.&lt;init&gt;(Calculator.java:6)
	at io.michaelcane.Commands.&lt;init&gt;(Commands.java:5)
	at io.michaelcane.Calculator.&lt;init&gt;(Calculator.java:6)
	at io.michaelcane.Commands.&lt;init&gt;(Commands.java:5)
	at io.michaelcane.Calculator.&lt;init&gt;(Calculator.java:6)
	at io.michaelcane.Commands.&lt;init&gt;(Commands.java:5)
	at io.michaelcane.Calculator.&lt;init&gt;(Calculator.java:6)
	at io.michaelcane.Commands.&lt;init&gt;(Commands.java:5)
	at io.michaelcane.Calculator.&lt;init&gt;(Calculator.java:6)
	at io.michaelcane.Commands.&lt;init&gt;(Commands.java:5)
	at io.michaelcane.Calculator.&lt;init&gt;(Calculator.java:6)
	at io.michaelcane.Commands.&lt;init&gt;(Commands.java:5)
	at io.michaelcane.Calculator.&lt;init&gt;(Calculator.java:6)
	at io.michaelcane.Commands.&lt;init&gt;(Commands.java:5)
	at io.michaelcane.Calculator.&lt;init&gt;(Calculator.java:6)
	at io.michaelcane.Commands.&lt;init&gt;(Commands.java:5)
	at io.michaelcane.Calculator.&lt;init&gt;(Calculator.java:6)
	at io.michaelcane.Commands.&lt;init&gt;(Commands.java:5)
	at io.michaelcane.Calculator.&lt;init&gt;(Calculator.java:6)
	at io.michaelcane.Commands.&lt;init&gt;(Commands.java:5)
	at io.michaelcane.Calculator.&lt;init&gt;(Calculator.java:6)
	at io.michaelcane.Commands.&lt;init&gt;(Commands.java:5)
	at io.michaelcane.Calculator.&lt;init&gt;(Calculator.java:6)
	at io.michaelcane.Commands.&lt;init&gt;(Commands.java:5)
	at io.michaelcane.Calculator.&lt;init&gt;(Calculator.java:6)
	at io.michaelcane.Commands.&lt;init&gt;(Commands.java:5)
	at io.michaelcane.Calculator.&lt;init&gt;(Calculator.java:6)
	at io.michaelcane.Commands.&lt;init&gt;(Commands.java:5)
	at io.michaelcane.Calculator.&lt;init&gt;(Calculator.java:6)
	at io.michaelcane.Commands.&lt;init&gt;(Commands.java:5)
	at io.michaelcane.Calculator.&lt;init&gt;(Calculator.java:6)
	at io.michaelcane.Commands.&lt;init&gt;(Commands.java:5)
	at io.michaelcane.Calculator.&lt;init&gt;(Calculator.java:6)
	at io.michaelcane.Commands.&lt;init&gt;(Commands.java:5)
	at io.michaelcane.Calculator.&lt;init&gt;(Calculator.java:6)
	at io.michaelcane.Commands.&lt;init&gt;(Commands.java:5)
	at io.michaelcane.Calculator.&lt;init&gt;(Calculator.java:6)
	at io.michaelcane.Commands.&lt;init&gt;(Commands.java:5)
	at io.michaelcane.Calculator.&lt;init&gt;(Calculator.java:6)
	at io.michaelcane.Commands.&lt;init&gt;(Commands.java:5)
	at io.michaelcane.Calculator.&lt;init&gt;(Calculator.java:6)
	at io.michaelcane.Commands.&lt;init&gt;(Commands.java:5)
	at io.michaelcane.Calculator.&lt;init&gt;(Calculator.java:6)
	at io.michaelcane.Commands.&lt;init&gt;(Commands.java:5)
	at io.michaelcane.Calculator.&lt;init&gt;(Calculator.java:6)
	at io.michaelcane.Commands.&lt;init&gt;(Commands.java:5)
	at io.michaelcane.Calculator.&lt;init&gt;(Calculator.java:6)
	at io.michaelcane.Commands.&lt;init&gt;(Commands.java:5)
	at io.michaelcane.Calculator.&lt;init&gt;(Calculator.java:6)
	at io.michaelcane.Commands.&lt;init&gt;(Commands.java:5)
	at io.michaelcane.Calculator.&lt;init&gt;(Calculator.java:6)
	at io.michaelcane.Commands.&lt;init&gt;(Commands.java:5)
	at io.michaelcane.Calculator.&lt;init&gt;(Calculator.java:6)
	at io.michaelcane.Commands.&lt;init&gt;(Commands.java:5)
	at io.michaelcane.Calculator.&lt;init&gt;(Calculator.java:6)
	at io.michaelcane.Commands.&lt;init&gt;(Commands.java:5)
	at io.michaelcane.Calculator.&lt;init&gt;(Calculator.java:6)
	at io.michaelcane.Commands.&lt;init&gt;(Commands.java:5)
	at io.michaelcane.Calculator.&lt;init&gt;(Calculator.java:6)
	at io.michaelcane.Commands.&lt;init&gt;(Commands.java:5)
	at io.michaelcane.Calculator.&lt;init&gt;(Calculator.java:6)
	at io.michaelcane.Commands.&lt;init&gt;(Commands.java:5)
	at io.michaelcane.Calculator.&lt;init&gt;(Calculator.java:6)
	at io.michaelcane.Commands.&lt;init&gt;(Commands.java:5)
	at io.michaelcane.Calculator.&lt;init&gt;(Calculator.java:6)
	at io.michaelcane.Commands.&lt;init&gt;(Commands.java:5)
	at io.michaelcane.Calculator.&lt;init&gt;(Calculator.java:6)
	at io.michaelcane.Commands.&lt;init&gt;(Commands.java:5)
	at io.michaelcane.Calculator.&lt;init&gt;(Calculator.java:6)
	at io.michaelcane.Commands.&lt;init&gt;(Commands.java:5)
	at io.michaelcane.Calculator.&lt;init&gt;(Calculator.java:6)
	at io.michaelcane.Commands.&lt;init&gt;(Commands.java:5)
	at io.michaelcane.Calculator.&lt;init&gt;(Calculator.java:6)
	at io.michaelcane.Commands.&lt;init&gt;(Commands.java:5)
	at io.michaelcane.Calculator.&lt;init&gt;(Calculator.java:6)
	at io.michaelcane.Commands.&lt;init&gt;(Commands.java:5)
	at io.michaelcane.Calculator.&lt;init&gt;(Calculator.java:6)
	at io.michaelcane.Commands.&lt;init&gt;(Commands.java:5)
	at io.michaelcane.Calculator.&lt;init&gt;(Calculator.java:6)
	at io.michaelcane.Commands.&lt;init&gt;(Commands.java:5)
	at io.michaelcane.Calculator.&lt;init&gt;(Calculator.java:6)
	at io.michaelcane.Commands.&lt;init&gt;(Commands.java:5)
	at io.michaelcane.Calculator.&lt;init&gt;(Calculator.java:6)
	at io.michaelcane.Commands.&lt;init&gt;(Commands.java:5)
	at io.michaelcane.Calculator.&lt;init&gt;(Calculator.java:6)
	at io.michaelcane.Commands.&lt;init&gt;(Commands.java:5)
	at io.michaelcane.Calculator.&lt;init&gt;(Calculator.java:6)
	at io.michaelcane.Commands.&lt;init&gt;(Commands.java:5)
	at io.michaelcane.Calculator.&lt;init&gt;(Calculator.java:6)
	at io.michaelcane.Commands.&lt;init&gt;(Commands.java:5)
	at io.michaelcane.Calculator.&lt;init&gt;(Calculator.java:6)
	at io.michaelcane.Commands.&lt;init&gt;(Commands.java:5)
	at io.michaelcane.Calculator.&lt;init&gt;(Calculator.java:6)
	at io.michaelcane.Commands.&lt;init&gt;(Commands.java:5)
	at io.michaelcane.Calculator.&lt;init&gt;(Calculator.java:6)
	at io.michaelcane.Commands.&lt;init&gt;(Commands.java:5)
	at io.michaelcane.Calculator.&lt;init&gt;(Calculator.java:6)
	at io.michaelcane.Commands.&lt;init&gt;(Commands.java:5)
	at io.michaelcane.Calculator.&lt;init&gt;(Calculator.java:6)
	at io.michaelcane.Commands.&lt;init&gt;(Commands.java:5)
	at io.michaelcane.Calculator.&lt;init&gt;(Calculator.java:6)
	at io.michaelcane.Commands.&lt;init&gt;(Commands.java:5)
	at io.michaelcane.Calculator.&lt;init&gt;(Calculator.java:6)
	at io.michaelcane.Commands.&lt;init&gt;(Commands.java:5)
	at io.michaelcane.Calculator.&lt;init&gt;(Calculator.java:6)
	at io.michaelcane.Commands.&lt;init&gt;(Commands.java:5)
	at io.michaelcane.Calculator.&lt;init&gt;(Calculator.java:6)
	at io.michaelcane.Commands.&lt;init&gt;(Commands.java:5)
	at io.michaelcane.Calculator.&lt;init&gt;(Calculator.java:6)
	at io.michaelcane.Commands.&lt;init&gt;(Commands.java:5)
	at io.michaelcane.Calculator.&lt;init&gt;(Calculator.java:6)
	at io.michaelcane.Commands.&lt;init&gt;(Commands.java:5)
	at io.michaelcane.Calculator.&lt;init&gt;(Calculator.java:6)
	at io.michaelcane.Commands.&lt;init&gt;(Commands.java:5)
	at io.michaelcane.Calculator.&lt;init&gt;(Calculator.java:6)
	at io.michaelcane.Commands.&lt;init&gt;(Commands.java:5)
	at io.michaelcane.Calculator.&lt;init&gt;(Calculator.java:6)
	at io.michaelcane.Commands.&lt;init&gt;(Commands.java:5)
	at io.michaelcane.Calculator.&lt;init&gt;(Calculator.java:6)
	at io.michaelcane.Commands.&lt;init&gt;(Commands.java:5)
	at io.michaelcane.Calculator.&lt;init&gt;(Calculator.java:6)
	at io.michaelcane.Commands.&lt;init&gt;(Commands.java:5)
	at io.michaelcane.Calculator.&lt;init&gt;(Calculator.java:6)
	at io.michaelcane.Commands.&lt;init&gt;(Commands.java:5)
	at io.michaelcane.Calculator.&lt;init&gt;(Calculator.java:6)
	at io.michaelcane.Commands.&lt;init&gt;(Commands.java:5)
	at io.michaelcane.Calculator.&lt;init&gt;(Calculator.java:6)
	at io.michaelcane.Commands.&lt;init&gt;(Commands.java:5)
	at io.michaelcane.Calculator.&lt;init&gt;(Calculator.java:6)
	at io.michaelcane.Commands.&lt;init&gt;(Commands.java:5)
	at io.michaelcane.Calculator.&lt;init&gt;(Calculator.java:6)
	at io.michaelcane.Commands.&lt;init&gt;(Commands.java:5)
	at io.michaelcane.Calculator.&lt;init&gt;(Calculator.java:6)
	at io.michaelcane.Commands.&lt;init&gt;(Commands.java:5)
	at io.michaelcane.Calculator.&lt;init&gt;(Calculator.java:6)
	at io.michaelcane.Commands.&lt;init&gt;(Commands.java:5)
	at io.michaelcane.Calculator.&lt;init&gt;(Calculator.java:6)
	at io.michaelcane.Commands.&lt;init&gt;(Commands.java:5)
	at io.michaelcane.Calculator.&lt;init&gt;(Calculator.java:6)
	at io.michaelcane.Commands.&lt;init&gt;(Commands.java:5)
	at io.michaelcane.Calculator.&lt;init&gt;(Calculator.java:6)
	at io.michaelcane.Commands.&lt;init&gt;(Commands.java:5)
	at io.michaelcane.Calculator.&lt;init&gt;(Calculator.java:6)
	at io.michaelcane.Commands.&lt;init&gt;(Commands.java:5)
	at io.michaelcane.Calculator.&lt;init&gt;(Calculator.java:6)
	at io.michaelcane.Commands.&lt;init&gt;(Commands.java:5)
	at io.michaelcane.Calculator.&lt;init&gt;(Calculator.java:6)
	at io.michaelcane.Commands.&lt;init&gt;(Commands.java:5)
	at io.michaelcane.Calculator.&lt;init&gt;(Calculator.java:6)
	at io.michaelcane.Commands.&lt;init&gt;(Commands.java:5)
	at io.michaelcane.Calculator.&lt;init&gt;(Calculator.java:6)
	at io.michaelcane.Commands.&lt;init&gt;(Commands.java:5)
	at io.michaelcane.Calculator.&lt;init&gt;(Calculator.java:6)
	at io.michaelcane.Commands.&lt;init&gt;(Commands.java:5)
	at io.michaelcane.Calculator.&lt;init&gt;(Calculator.java:6)
	at io.michaelcane.Commands.&lt;init&gt;(Commands.java:5)
	at io.michaelcane.Calculator.&lt;init&gt;(Calculator.java:6)
	at io.michaelcane.Commands.&lt;init&gt;(Commands.java:5)
	at io.michaelcane.Calculator.&lt;init&gt;(Calculator.java:6)
	at io.michaelcane.Commands.&lt;init&gt;(Commands.java:5)
	at io.michaelcane.Calculator.&lt;init&gt;(Calculator.java:6)
	at io.michaelcane.Commands.&lt;init&gt;(Commands.java:5)
	at io.michaelcane.Calculator.&lt;init&gt;(Calculator.java:6)
	at io.michaelcane.Commands.&lt;init&gt;(Commands.java:5)
	at io.michaelcane.Calculator.&lt;init&gt;(Calculator.java:6)
	at io.michaelcane.Commands.&lt;init&gt;(Commands.java:5)
	at io.michaelcane.Calculator.&lt;init&gt;(Calculator.java:6)
	at io.michaelcane.Commands.&lt;init&gt;(Commands.java:5)
	at io.michaelcane.Calculator.&lt;init&gt;(Calculator.java:6)
	at io.michaelcane.Commands.&lt;init&gt;(Commands.java:5)
	at io.michaelcane.Calculator.&lt;init&gt;(Calculator.java:6)
	at io.michaelcane.Commands.&lt;init&gt;(Commands.java:5)
	at io.michaelcane.Calculator.&lt;init&gt;(Calculator.java:6)
	at io.michaelcane.Commands.&lt;init&gt;(Commands.java:5)
	at io.michaelcane.Calculator.&lt;init&gt;(Calculator.java:6)
	at io.michaelcane.Commands.&lt;init&gt;(Commands.java:5)
	at io.michaelcane.Calculator.&lt;init&gt;(Calculator.java:6)
	at io.michaelcane.Commands.&lt;init&gt;(Commands.java:5)
	at io.michaelcane.Calculator.&lt;init&gt;(Calculator.java:6)
	at io.michaelcane.Commands.&lt;init&gt;(Commands.java:5)
	at io.michaelcane.Calculator.&lt;init&gt;(Calculator.java:6)
	at io.michaelcane.Commands.&lt;init&gt;(Commands.java:5)
	at io.michaelcane.Calculator.&lt;init&gt;(Calculator.java:6)
	at io.michaelcane.Commands.&lt;init&gt;(Commands.java:5)
	at io.michaelcane.Calculator.&lt;init&gt;(Calculator.java:6)
	at io.michaelcane.Commands.&lt;init&gt;(Commands.java:5)
	at io.michaelcane.Calculator.&lt;init&gt;(Calculator.java:6)
	at io.michaelcane.Commands.&lt;init&gt;(Commands.java:5)
	at io.michaelcane.Calculator.&lt;init&gt;(Calculator.java:6)
	at io.michaelcane.Commands.&lt;init&gt;(Commands.java:5)
	at io.michaelcane.Calculator.&lt;init&gt;(Calculator.java:6)
	at io.michaelcane.Commands.&lt;init&gt;(Commands.java:5)
	at io.michaelcane.Calculator.&lt;init&gt;(Calculator.java:6)
	at io.michaelcane.Commands.&lt;init&gt;(Commands.java:5)
	at io.michaelcane.Calculator.&lt;init&gt;(Calculator.java:6)
	at io.michaelcane.Commands.&lt;init&gt;(Commands.java:5)
	at io.michaelcane.Calculator.&lt;init&gt;(Calculator.java:6)
	at io.michaelcane.Commands.&lt;init&gt;(Commands.java:5)
	at io.michaelcane.Calculator.&lt;init&gt;(Calculator.java:6)
	at io.michaelcane.Commands.&lt;init&gt;(Commands.java:5)
	at io.michaelcane.Calculator.&lt;init&gt;(Calculator.java:6)
	at io.michaelcane.Commands.&lt;init&gt;(Commands.java:5)
	at io.michaelcane.Calculator.&lt;init&gt;(Calculator.java:6)
	at io.michaelcane.Commands.&lt;init&gt;(Commands.java:5)
	at io.michaelcane.Calculator.&lt;init&gt;(Calculator.java:6)
	at io.michaelcane.Commands.&lt;init&gt;(Commands.java:5)
	at io.michaelcane.Calculator.&lt;init&gt;(Calculator.java:6)
	at io.michaelcane.Commands.&lt;init&gt;(Commands.java:5)
	at io.michaelcane.Calculator.&lt;init&gt;(Calculator.java:6)
	at io.michaelcane.Commands.&lt;init&gt;(Commands.java:5)
	at io.michaelcane.Calculator.&lt;init&gt;(Calculator.java:6)
	at io.michaelcane.Commands.&lt;init&gt;(Commands.java:5)
	at io.michaelcane.Calculator.&lt;init&gt;(Calculator.java:6)
	at io.michaelcane.Commands.&lt;init&gt;(Commands.java:5)
	at io.michaelcane.Calculator.&lt;init&gt;(Calculator.java:6)
	at io.michaelcane.Commands.&lt;init&gt;(Commands.java:5)
	at io.michaelcane.Calculator.&lt;init&gt;(Calculator.java:6)
	at io.michaelcane.Commands.&lt;init&gt;(Commands.java:5)
	at io.michaelcane.Calculator.&lt;init&gt;(Calculator.java:6)
	at io.michaelcane.Commands.&lt;init&gt;(Commands.java:5)
	at io.michaelcane.Calculator.&lt;init&gt;(Calculator.java:6)
	at io.michaelcane.Commands.&lt;init&gt;(Commands.java:5)
	at io.michaelcane.Calculator.&lt;init&gt;(Calculator.java:6)
	at io.michaelcane.Commands.&lt;init&gt;(Commands.java:5)
	at io.michaelcane.Calculator.&lt;init&gt;(Calculator.java:6)
	at io.michaelcane.Commands.&lt;init&gt;(Commands.java:5)
	at io.michaelcane.Calculator.&lt;init&gt;(Calculator.java:6)
	at io.michaelcane.Commands.&lt;init&gt;(Commands.java:5)
	at io.michaelcane.Calculator.&lt;init&gt;(Calculator.java:6)
	at io.michaelcane.Commands.&lt;init&gt;(Commands.java:5)
	at io.michaelcane.Calculator.&lt;init&gt;(Calculator.java:6)
	at io.michaelcane.Commands.&lt;init&gt;(Commands.java:5)
	at io.michaelcane.Calculator.&lt;init&gt;(Calculator.java:6)
	at io.michaelcane.Commands.&lt;init&gt;(Commands.java:5)
	at io.michaelcane.Calculator.&lt;init&gt;(Calculator.java:6)
	at io.michaelcane.Commands.&lt;init&gt;(Commands.java:5)
	at io.michaelcane.Calculator.&lt;init&gt;(Calculator.java:6)
	at io.michaelcane.Commands.&lt;init&gt;(Commands.java:5)
	at io.michaelcane.Calculator.&lt;init&gt;(Calculator.java:6)
	at io.michaelcane.Commands.&lt;init&gt;(Commands.java:5)
	at io.michaelcane.Calculator.&lt;init&gt;(Calculator.java:6)
	at io.michaelcane.Commands.&lt;init&gt;(Commands.java:5)
	at io.michaelcane.Calculator.&lt;init&gt;(Calculator.java:6)
	at io.michaelcane.Commands.&lt;init&gt;(Commands.java:5)
	at io.michaelcane.Calculator.&lt;init&gt;(Calculator.java:6)
	at io.michaelcane.Commands.&lt;init&gt;(Commands.java:5)
	at io.michaelcane.Calculator.&lt;init&gt;(Calculator.java:6)
	at io.michaelcane.Commands.&lt;init&gt;(Commands.java:5)
	at io.michaelcane.Calculator.&lt;init&gt;(Calculator.java:6)
	at io.michaelcane.Commands.&lt;init&gt;(Commands.java:5)
	at io.michaelcane.Calculator.&lt;init&gt;(Calculator.java:6)
	at io.michaelcane.Commands.&lt;init&gt;(Commands.java:5)
	at io.michaelcane.Calculator.&lt;init&gt;(Calculator.java:6)
	at io.michaelcane.Commands.&lt;init&gt;(Commands.java:5)
	at io.michaelcane.Calculator.&lt;init&gt;(Calculator.java:6)
	at io.michaelcane.Commands.&lt;init&gt;(Commands.java:5)
	at io.michaelcane.Calculator.&lt;init&gt;(Calculator.java:6)
	at io.michaelcane.Commands.&lt;init&gt;(Commands.java:5)
	at io.michaelcane.Calculator.&lt;init&gt;(Calculator.java:6)
	at io.michaelcane.Commands.&lt;init&gt;(Commands.java:5)
	at io.michaelcane.Calculator.&lt;init&gt;(Calculator.java:6)
	at io.michaelcane.Commands.&lt;init&gt;(Commands.java:5)
	at io.michaelcane.Calculator.&lt;init&gt;(Calculator.java:6)
	at io.michaelcane.Commands.&lt;init&gt;(Commands.java:5)
	at io.michaelcane.Calculator.&lt;init&gt;(Calculator.java:6)
	at io.michaelcane.Commands.&lt;init&gt;(Commands.java:5)
	at io.michaelcane.Calculator.&lt;init&gt;(Calculator.java:6)
	at io.michaelcane.Commands.&lt;init&gt;(Commands.java:5)
	at io.michaelcane.Calculator.&lt;init&gt;(Calculator.java:6)
	at io.michaelcane.Commands.&lt;init&gt;(Commands.java:5)
	at io.michaelcane.Calculator.&lt;init&gt;(Calculator.java:6)
	at io.michaelcane.Commands.&lt;init&gt;(Commands.java:5)
</error>
  </testcase>
  <testcase classname="io.michaelcane.CalculatorSpec" name="test$cosin" time="0.013">
    <error type="java.lang.StackOverflowError">java.lang.StackOverflowError
	at io.michaelcane.Calculator.&lt;init&gt;(Calculator.java:6)
	at io.michaelcane.Commands.&lt;init&gt;(Commands.java:5)
	at io.michaelcane.Calculator.&lt;init&gt;(Calculator.java:6)
	at io.michaelcane.Commands.&lt;init&gt;(Commands.java:5)
	at io.michaelcane.Calculator.&lt;init&gt;(Calculator.java:6)
	at io.michaelcane.Commands.&lt;init&gt;(Commands.java:5)
	at io.michaelcane.Calculator.&lt;init&gt;(Calculator.java:6)
	at io.michaelcane.Commands.&lt;init&gt;(Commands.java:5)
	at io.michaelcane.Calculator.&lt;init&gt;(Calculator.java:6)
	at io.michaelcane.Commands.&lt;init&gt;(Commands.java:5)
	at io.michaelcane.Calculator.&lt;init&gt;(Calculator.java:6)
	at io.michaelcane.Commands.&lt;init&gt;(Commands.java:5)
	at io.michaelcane.Calculator.&lt;init&gt;(Calculator.java:6)
	at io.michaelcane.Commands.&lt;init&gt;(Commands.java:5)
	at io.michaelcane.Calculator.&lt;init&gt;(Calculator.java:6)
	at io.michaelcane.Commands.&lt;init&gt;(Commands.java:5)
	at io.michaelcane.Calculator.&lt;init&gt;(Calculator.java:6)
	at io.michaelcane.Commands.&lt;init&gt;(Commands.java:5)
	at io.michaelcane.Calculator.&lt;init&gt;(Calculator.java:6)
	at io.michaelcane.Commands.&lt;init&gt;(Commands.java:5)
	at io.michaelcane.Calculator.&lt;init&gt;(Calculator.java:6)
	at io.michaelcane.Commands.&lt;init&gt;(Commands.java:5)
	at io.michaelcane.Calculator.&lt;init&gt;(Calculator.java:6)
	at io.michaelcane.Commands.&lt;init&gt;(Commands.java:5)
	at io.michaelcane.Calculator.&lt;init&gt;(Calculator.java:6)
	at io.michaelcane.Commands.&lt;init&gt;(Commands.java:5)
	at io.michaelcane.Calculator.&lt;init&gt;(Calculator.java:6)
	at io.michaelcane.Commands.&lt;init&gt;(Commands.java:5)
	at io.michaelcane.Calculator.&lt;init&gt;(Calculator.java:6)
	at io.michaelcane.Commands.&lt;init&gt;(Commands.java:5)
	at io.michaelcane.Calculator.&lt;init&gt;(Calculator.java:6)
	at io.michaelcane.Commands.&lt;init&gt;(Commands.java:5)
	at io.michaelcane.Calculator.&lt;init&gt;(Calculator.java:6)
	at io.michaelcane.Commands.&lt;init&gt;(Commands.java:5)
	at io.michaelcane.Calculator.&lt;init&gt;(Calculator.java:6)
	at io.michaelcane.Commands.&lt;init&gt;(Commands.java:5)
	at io.michaelcane.Calculator.&lt;init&gt;(Calculator.java:6)
	at io.michaelcane.Commands.&lt;init&gt;(Commands.java:5)
	at io.michaelcane.Calculator.&lt;init&gt;(Calculator.java:6)
	at io.michaelcane.Commands.&lt;init&gt;(Commands.java:5)
	at io.michaelcane.Calculator.&lt;init&gt;(Calculator.java:6)
	at io.michaelcane.Commands.&lt;init&gt;(Commands.java:5)
	at io.michaelcane.Calculator.&lt;init&gt;(Calculator.java:6)
	at io.michaelcane.Commands.&lt;init&gt;(Commands.java:5)
	at io.michaelcane.Calculator.&lt;init&gt;(Calculator.java:6)
	at io.michaelcane.Commands.&lt;init&gt;(Commands.java:5)
	at io.michaelcane.Calculator.&lt;init&gt;(Calculator.java:6)
	at io.michaelcane.Commands.&lt;init&gt;(Commands.java:5)
	at io.michaelcane.Calculator.&lt;init&gt;(Calculator.java:6)
	at io.michaelcane.Commands.&lt;init&gt;(Commands.java:5)
	at io.michaelcane.Calculator.&lt;init&gt;(Calculator.java:6)
	at io.michaelcane.Commands.&lt;init&gt;(Commands.java:5)
	at io.michaelcane.Calculator.&lt;init&gt;(Calculator.java:6)
	at io.michaelcane.Commands.&lt;init&gt;(Commands.java:5)
	at io.michaelcane.Calculator.&lt;init&gt;(Calculator.java:6)
	at io.michaelcane.Commands.&lt;init&gt;(Commands.java:5)
	at io.michaelcane.Calculator.&lt;init&gt;(Calculator.java:6)
	at io.michaelcane.Commands.&lt;init&gt;(Commands.java:5)
	at io.michaelcane.Calculator.&lt;init&gt;(Calculator.java:6)
	at io.michaelcane.Commands.&lt;init&gt;(Commands.java:5)
	at io.michaelcane.Calculator.&lt;init&gt;(Calculator.java:6)
	at io.michaelcane.Commands.&lt;init&gt;(Commands.java:5)
	at io.michaelcane.Calculator.&lt;init&gt;(Calculator.java:6)
	at io.michaelcane.Commands.&lt;init&gt;(Commands.java:5)
	at io.michaelcane.Calculator.&lt;init&gt;(Calculator.java:6)
	at io.michaelcane.Commands.&lt;init&gt;(Commands.java:5)
	at io.michaelcane.Calculator.&lt;init&gt;(Calculator.java:6)
	at io.michaelcane.Commands.&lt;init&gt;(Commands.java:5)
	at io.michaelcane.Calculator.&lt;init&gt;(Calculator.java:6)
	at io.michaelcane.Commands.&lt;init&gt;(Commands.java:5)
	at io.michaelcane.Calculator.&lt;init&gt;(Calculator.java:6)
	at io.michaelcane.Commands.&lt;init&gt;(Commands.java:5)
	at io.michaelcane.Calculator.&lt;init&gt;(Calculator.java:6)
	at io.michaelcane.Commands.&lt;init&gt;(Commands.java:5)
	at io.michaelcane.Calculator.&lt;init&gt;(Calculator.java:6)
	at io.michaelcane.Commands.&lt;init&gt;(Commands.java:5)
	at io.michaelcane.Calculator.&lt;init&gt;(Calculator.java:6)
	at io.michaelcane.Commands.&lt;init&gt;(Commands.java:5)
	at io.michaelcane.Calculator.&lt;init&gt;(Calculator.java:6)
	at io.michaelcane.Commands.&lt;init&gt;(Commands.java:5)
	at io.michaelcane.Calculator.&lt;init&gt;(Calculator.java:6)
	at io.michaelcane.Commands.&lt;init&gt;(Commands.java:5)
	at io.michaelcane.Calculator.&lt;init&gt;(Calculator.java:6)
	at io.michaelcane.Commands.&lt;init&gt;(Commands.java:5)
	at io.michaelcane.Calculator.&lt;init&gt;(Calculator.java:6)
	at io.michaelcane.Commands.&lt;init&gt;(Commands.java:5)
	at io.michaelcane.Calculator.&lt;init&gt;(Calculator.java:6)
	at io.michaelcane.Commands.&lt;init&gt;(Commands.java:5)
	at io.michaelcane.Calculator.&lt;init&gt;(Calculator.java:6)
	at io.michaelcane.Commands.&lt;init&gt;(Commands.java:5)
	at io.michaelcane.Calculator.&lt;init&gt;(Calculator.java:6)
	at io.michaelcane.Commands.&lt;init&gt;(Commands.java:5)
	at io.michaelcane.Calculator.&lt;init&gt;(Calculator.java:6)
	at io.michaelcane.Commands.&lt;init&gt;(Commands.java:5)
	at io.michaelcane.Calculator.&lt;init&gt;(Calculator.java:6)
	at io.michaelcane.Commands.&lt;init&gt;(Commands.java:5)
	at io.michaelcane.Calculator.&lt;init&gt;(Calculator.java:6)
	at io.michaelcane.Commands.&lt;init&gt;(Commands.java:5)
	at io.michaelcane.Calculator.&lt;init&gt;(Calculator.java:6)
	at io.michaelcane.Commands.&lt;init&gt;(Commands.java:5)
	at io.michaelcane.Calculator.&lt;init&gt;(Calculator.java:6)
	at io.michaelcane.Commands.&lt;init&gt;(Commands.java:5)
	at io.michaelcane.Calculator.&lt;init&gt;(Calculator.java:6)
	at io.michaelcane.Commands.&lt;init&gt;(Commands.java:5)
	at io.michaelcane.Calculator.&lt;init&gt;(Calculator.java:6)
	at io.michaelcane.Commands.&lt;init&gt;(Commands.java:5)
	at io.michaelcane.Calculator.&lt;init&gt;(Calculator.java:6)
	at io.michaelcane.Commands.&lt;init&gt;(Commands.java:5)
	at io.michaelcane.Calculator.&lt;init&gt;(Calculator.java:6)
	at io.michaelcane.Commands.&lt;init&gt;(Commands.java:5)
	at io.michaelcane.Calculator.&lt;init&gt;(Calculator.java:6)
	at io.michaelcane.Commands.&lt;init&gt;(Commands.java:5)
	at io.michaelcane.Calculator.&lt;init&gt;(Calculator.java:6)
	at io.michaelcane.Commands.&lt;init&gt;(Commands.java:5)
	at io.michaelcane.Calculator.&lt;init&gt;(Calculator.java:6)
	at io.michaelcane.Commands.&lt;init&gt;(Commands.java:5)
	at io.michaelcane.Calculator.&lt;init&gt;(Calculator.java:6)
	at io.michaelcane.Commands.&lt;init&gt;(Commands.java:5)
	at io.michaelcane.Calculator.&lt;init&gt;(Calculator.java:6)
	at io.michaelcane.Commands.&lt;init&gt;(Commands.java:5)
	at io.michaelcane.Calculator.&lt;init&gt;(Calculator.java:6)
	at io.michaelcane.Commands.&lt;init&gt;(Commands.java:5)
	at io.michaelcane.Calculator.&lt;init&gt;(Calculator.java:6)
	at io.michaelcane.Commands.&lt;init&gt;(Commands.java:5)
	at io.michaelcane.Calculator.&lt;init&gt;(Calculator.java:6)
	at io.michaelcane.Commands.&lt;init&gt;(Commands.java:5)
	at io.michaelcane.Calculator.&lt;init&gt;(Calculator.java:6)
	at io.michaelcane.Commands.&lt;init&gt;(Commands.java:5)
	at io.michaelcane.Calculator.&lt;init&gt;(Calculator.java:6)
	at io.michaelcane.Commands.&lt;init&gt;(Commands.java:5)
	at io.michaelcane.Calculator.&lt;init&gt;(Calculator.java:6)
	at io.michaelcane.Commands.&lt;init&gt;(Commands.java:5)
	at io.michaelcane.Calculator.&lt;init&gt;(Calculator.java:6)
	at io.michaelcane.Commands.&lt;init&gt;(Commands.java:5)
	at io.michaelcane.Calculator.&lt;init&gt;(Calculator.java:6)
	at io.michaelcane.Commands.&lt;init&gt;(Commands.java:5)
	at io.michaelcane.Calculator.&lt;init&gt;(Calculator.java:6)
	at io.michaelcane.Commands.&lt;init&gt;(Commands.java:5)
	at io.michaelcane.Calculator.&lt;init&gt;(Calculator.java:6)
	at io.michaelcane.Commands.&lt;init&gt;(Commands.java:5)
	at io.michaelcane.Calculator.&lt;init&gt;(Calculator.java:6)
	at io.michaelcane.Commands.&lt;init&gt;(Commands.java:5)
	at io.michaelcane.Calculator.&lt;init&gt;(Calculator.java:6)
	at io.michaelcane.Commands.&lt;init&gt;(Commands.java:5)
	at io.michaelcane.Calculator.&lt;init&gt;(Calculator.java:6)
	at io.michaelcane.Commands.&lt;init&gt;(Commands.java:5)
	at io.michaelcane.Calculator.&lt;init&gt;(Calculator.java:6)
	at io.michaelcane.Commands.&lt;init&gt;(Commands.java:5)
	at io.michaelcane.Calculator.&lt;init&gt;(Calculator.java:6)
	at io.michaelcane.Commands.&lt;init&gt;(Commands.java:5)
	at io.michaelcane.Calculator.&lt;init&gt;(Calculator.java:6)
	at io.michaelcane.Commands.&lt;init&gt;(Commands.java:5)
	at io.michaelcane.Calculator.&lt;init&gt;(Calculator.java:6)
	at io.michaelcane.Commands.&lt;init&gt;(Commands.java:5)
	at io.michaelcane.Calculator.&lt;init&gt;(Calculator.java:6)
	at io.michaelcane.Commands.&lt;init&gt;(Commands.java:5)
	at io.michaelcane.Calculator.&lt;init&gt;(Calculator.java:6)
	at io.michaelcane.Commands.&lt;init&gt;(Commands.java:5)
	at io.michaelcane.Calculator.&lt;init&gt;(Calculator.java:6)
	at io.michaelcane.Commands.&lt;init&gt;(Commands.java:5)
	at io.michaelcane.Calculator.&lt;init&gt;(Calculator.java:6)
	at io.michaelcane.Commands.&lt;init&gt;(Commands.java:5)
	at io.michaelcane.Calculator.&lt;init&gt;(Calculator.java:6)
	at io.michaelcane.Commands.&lt;init&gt;(Commands.java:5)
	at io.michaelcane.Calculator.&lt;init&gt;(Calculator.java:6)
	at io.michaelcane.Commands.&lt;init&gt;(Commands.java:5)
	at io.michaelcane.Calculator.&lt;init&gt;(Calculator.java:6)
	at io.michaelcane.Commands.&lt;init&gt;(Commands.java:5)
	at io.michaelcane.Calculator.&lt;init&gt;(Calculator.java:6)
	at io.michaelcane.Commands.&lt;init&gt;(Commands.java:5)
	at io.michaelcane.Calculator.&lt;init&gt;(Calculator.java:6)
	at io.michaelcane.Commands.&lt;init&gt;(Commands.java:5)
	at io.michaelcane.Calculator.&lt;init&gt;(Calculator.java:6)
	at io.michaelcane.Commands.&lt;init&gt;(Commands.java:5)
	at io.michaelcane.Calculator.&lt;init&gt;(Calculator.java:6)
	at io.michaelcane.Commands.&lt;init&gt;(Commands.java:5)
	at io.michaelcane.Calculator.&lt;init&gt;(Calculator.java:6)
	at io.michaelcane.Commands.&lt;init&gt;(Commands.java:5)
	at io.michaelcane.Calculator.&lt;init&gt;(Calculator.java:6)
	at io.michaelcane.Commands.&lt;init&gt;(Commands.java:5)
	at io.michaelcane.Calculator.&lt;init&gt;(Calculator.java:6)
	at io.michaelcane.Commands.&lt;init&gt;(Commands.java:5)
	at io.michaelcane.Calculator.&lt;init&gt;(Calculator.java:6)
	at io.michaelcane.Commands.&lt;init&gt;(Commands.java:5)
	at io.michaelcane.Calculator.&lt;init&gt;(Calculator.java:6)
	at io.michaelcane.Commands.&lt;init&gt;(Commands.java:5)
	at io.michaelcane.Calculator.&lt;init&gt;(Calculator.java:6)
	at io.michaelcane.Commands.&lt;init&gt;(Commands.java:5)
	at io.michaelcane.Calculator.&lt;init&gt;(Calculator.java:6)
	at io.michaelcane.Commands.&lt;init&gt;(Commands.java:5)
	at io.michaelcane.Calculator.&lt;init&gt;(Calculator.java:6)
	at io.michaelcane.Commands.&lt;init&gt;(Commands.java:5)
	at io.michaelcane.Calculator.&lt;init&gt;(Calculator.java:6)
	at io.michaelcane.Commands.&lt;init&gt;(Commands.java:5)
	at io.michaelcane.Calculator.&lt;init&gt;(Calculator.java:6)
	at io.michaelcane.Commands.&lt;init&gt;(Commands.java:5)
	at io.michaelcane.Calculator.&lt;init&gt;(Calculator.java:6)
	at io.michaelcane.Commands.&lt;init&gt;(Commands.java:5)
	at io.michaelcane.Calculator.&lt;init&gt;(Calculator.java:6)
	at io.michaelcane.Commands.&lt;init&gt;(Commands.java:5)
	at io.michaelcane.Calculator.&lt;init&gt;(Calculator.java:6)
	at io.michaelcane.Commands.&lt;init&gt;(Commands.java:5)
	at io.michaelcane.Calculator.&lt;init&gt;(Calculator.java:6)
	at io.michaelcane.Commands.&lt;init&gt;(Commands.java:5)
	at io.michaelcane.Calculator.&lt;init&gt;(Calculator.java:6)
	at io.michaelcane.Commands.&lt;init&gt;(Commands.java:5)
	at io.michaelcane.Calculator.&lt;init&gt;(Calculator.java:6)
	at io.michaelcane.Commands.&lt;init&gt;(Commands.java:5)
	at io.michaelcane.Calculator.&lt;init&gt;(Calculator.java:6)
	at io.michaelcane.Commands.&lt;init&gt;(Commands.java:5)
	at io.michaelcane.Calculator.&lt;init&gt;(Calculator.java:6)
	at io.michaelcane.Commands.&lt;init&gt;(Commands.java:5)
	at io.michaelcane.Calculator.&lt;init&gt;(Calculator.java:6)
	at io.michaelcane.Commands.&lt;init&gt;(Commands.java:5)
	at io.michaelcane.Calculator.&lt;init&gt;(Calculator.java:6)
	at io.michaelcane.Commands.&lt;init&gt;(Commands.java:5)
	at io.michaelcane.Calculator.&lt;init&gt;(Calculator.java:6)
	at io.michaelcane.Commands.&lt;init&gt;(Commands.java:5)
	at io.michaelcane.Calculator.&lt;init&gt;(Calculator.java:6)
	at io.michaelcane.Commands.&lt;init&gt;(Commands.java:5)
	at io.michaelcane.Calculator.&lt;init&gt;(Calculator.java:6)
	at io.michaelcane.Commands.&lt;init&gt;(Commands.java:5)
	at io.michaelcane.Calculator.&lt;init&gt;(Calculator.java:6)
	at io.michaelcane.Commands.&lt;init&gt;(Commands.java:5)
	at io.michaelcane.Calculator.&lt;init&gt;(Calculator.java:6)
	at io.michaelcane.Commands.&lt;init&gt;(Commands.java:5)
	at io.michaelcane.Calculator.&lt;init&gt;(Calculator.java:6)
	at io.michaelcane.Commands.&lt;init&gt;(Commands.java:5)
	at io.michaelcane.Calculator.&lt;init&gt;(Calculator.java:6)
	at io.michaelcane.Commands.&lt;init&gt;(Commands.java:5)
	at io.michaelcane.Calculator.&lt;init&gt;(Calculator.java:6)
	at io.michaelcane.Commands.&lt;init&gt;(Commands.java:5)
	at io.michaelcane.Calculator.&lt;init&gt;(Calculator.java:6)
	at io.michaelcane.Commands.&lt;init&gt;(Commands.java:5)
	at io.michaelcane.Calculator.&lt;init&gt;(Calculator.java:6)
	at io.michaelcane.Commands.&lt;init&gt;(Commands.java:5)
	at io.michaelcane.Calculator.&lt;init&gt;(Calculator.java:6)
	at io.michaelcane.Commands.&lt;init&gt;(Commands.java:5)
	at io.michaelcane.Calculator.&lt;init&gt;(Calculator.java:6)
	at io.michaelcane.Commands.&lt;init&gt;(Commands.java:5)
	at io.michaelcane.Calculator.&lt;init&gt;(Calculator.java:6)
	at io.michaelcane.Commands.&lt;init&gt;(Commands.java:5)
	at io.michaelcane.Calculator.&lt;init&gt;(Calculator.java:6)
	at io.michaelcane.Commands.&lt;init&gt;(Commands.java:5)
	at io.michaelcane.Calculator.&lt;init&gt;(Calculator.java:6)
	at io.michaelcane.Commands.&lt;init&gt;(Commands.java:5)
	at io.michaelcane.Calculator.&lt;init&gt;(Calculator.java:6)
	at io.michaelcane.Commands.&lt;init&gt;(Commands.java:5)
	at io.michaelcane.Calculator.&lt;init&gt;(Calculator.java:6)
	at io.michaelcane.Commands.&lt;init&gt;(Commands.java:5)
	at io.michaelcane.Calculator.&lt;init&gt;(Calculator.java:6)
	at io.michaelcane.Commands.&lt;init&gt;(Commands.java:5)
	at io.michaelcane.Calculator.&lt;init&gt;(Calculator.java:6)
	at io.michaelcane.Commands.&lt;init&gt;(Commands.java:5)
	at io.michaelcane.Calculator.&lt;init&gt;(Calculator.java:6)
	at io.michaelcane.Commands.&lt;init&gt;(Commands.java:5)
	at io.michaelcane.Calculator.&lt;init&gt;(Calculator.java:6)
	at io.michaelcane.Commands.&lt;init&gt;(Commands.java:5)
	at io.michaelcane.Calculator.&lt;init&gt;(Calculator.java:6)
	at io.michaelcane.Commands.&lt;init&gt;(Commands.java:5)
	at io.michaelcane.Calculator.&lt;init&gt;(Calculator.java:6)
	at io.michaelcane.Commands.&lt;init&gt;(Commands.java:5)
	at io.michaelcane.Calculator.&lt;init&gt;(Calculator.java:6)
	at io.michaelcane.Commands.&lt;init&gt;(Commands.java:5)
	at io.michaelcane.Calculator.&lt;init&gt;(Calculator.java:6)
	at io.michaelcane.Commands.&lt;init&gt;(Commands.java:5)
	at io.michaelcane.Calculator.&lt;init&gt;(Calculator.java:6)
	at io.michaelcane.Commands.&lt;init&gt;(Commands.java:5)
	at io.michaelcane.Calculator.&lt;init&gt;(Calculator.java:6)
	at io.michaelcane.Commands.&lt;init&gt;(Commands.java:5)
	at io.michaelcane.Calculator.&lt;init&gt;(Calculator.java:6)
	at io.michaelcane.Commands.&lt;init&gt;(Commands.java:5)
	at io.michaelcane.Calculator.&lt;init&gt;(Calculator.java:6)
	at io.michaelcane.Commands.&lt;init&gt;(Commands.java:5)
	at io.michaelcane.Calculator.&lt;init&gt;(Calculator.java:6)
	at io.michaelcane.Commands.&lt;init&gt;(Commands.java:5)
	at io.michaelcane.Calculator.&lt;init&gt;(Calculator.java:6)
	at io.michaelcane.Commands.&lt;init&gt;(Commands.java:5)
	at io.michaelcane.Calculator.&lt;init&gt;(Calculator.java:6)
	at io.michaelcane.Commands.&lt;init&gt;(Commands.java:5)
	at io.michaelcane.Calculator.&lt;init&gt;(Calculator.java:6)
	at io.michaelcane.Commands.&lt;init&gt;(Commands.java:5)
	at io.michaelcane.Calculator.&lt;init&gt;(Calculator.java:6)
	at io.michaelcane.Commands.&lt;init&gt;(Commands.java:5)
	at io.michaelcane.Calculator.&lt;init&gt;(Calculator.java:6)
	at io.michaelcane.Commands.&lt;init&gt;(Commands.java:5)
	at io.michaelcane.Calculator.&lt;init&gt;(Calculator.java:6)
	at io.michaelcane.Commands.&lt;init&gt;(Commands.java:5)
	at io.michaelcane.Calculator.&lt;init&gt;(Calculator.java:6)
	at io.michaelcane.Commands.&lt;init&gt;(Commands.java:5)
	at io.michaelcane.Calculator.&lt;init&gt;(Calculator.java:6)
	at io.michaelcane.Commands.&lt;init&gt;(Commands.java:5)
	at io.michaelcane.Calculator.&lt;init&gt;(Calculator.java:6)
	at io.michaelcane.Commands.&lt;init&gt;(Commands.java:5)
	at io.michaelcane.Calculator.&lt;init&gt;(Calculator.java:6)
	at io.michaelcane.Commands.&lt;init&gt;(Commands.java:5)
	at io.michaelcane.Calculator.&lt;init&gt;(Calculator.java:6)
	at io.michaelcane.Commands.&lt;init&gt;(Commands.java:5)
	at io.michaelcane.Calculator.&lt;init&gt;(Calculator.java:6)
	at io.michaelcane.Commands.&lt;init&gt;(Commands.java:5)
	at io.michaelcane.Calculator.&lt;init&gt;(Calculator.java:6)
	at io.michaelcane.Commands.&lt;init&gt;(Commands.java:5)
	at io.michaelcane.Calculator.&lt;init&gt;(Calculator.java:6)
	at io.michaelcane.Commands.&lt;init&gt;(Commands.java:5)
	at io.michaelcane.Calculator.&lt;init&gt;(Calculator.java:6)
	at io.michaelcane.Commands.&lt;init&gt;(Commands.java:5)
	at io.michaelcane.Calculator.&lt;init&gt;(Calculator.java:6)
	at io.michaelcane.Commands.&lt;init&gt;(Commands.java:5)
	at io.michaelcane.Calculator.&lt;init&gt;(Calculator.java:6)
	at io.michaelcane.Commands.&lt;init&gt;(Commands.java:5)
	at io.michaelcane.Calculator.&lt;init&gt;(Calculator.java:6)
	at io.michaelcane.Commands.&lt;init&gt;(Commands.java:5)
	at io.michaelcane.Calculator.&lt;init&gt;(Calculator.java:6)
	at io.michaelcane.Commands.&lt;init&gt;(Commands.java:5)
	at io.michaelcane.Calculator.&lt;init&gt;(Calculator.java:6)
	at io.michaelcane.Commands.&lt;init&gt;(Commands.java:5)
	at io.michaelcane.Calculator.&lt;init&gt;(Calculator.java:6)
	at io.michaelcane.Commands.&lt;init&gt;(Commands.java:5)
	at io.michaelcane.Calculator.&lt;init&gt;(Calculator.java:6)
	at io.michaelcane.Commands.&lt;init&gt;(Commands.java:5)
	at io.michaelcane.Calculator.&lt;init&gt;(Calculator.java:6)
	at io.michaelcane.Commands.&lt;init&gt;(Commands.java:5)
	at io.michaelcane.Calculator.&lt;init&gt;(Calculator.java:6)
	at io.michaelcane.Commands.&lt;init&gt;(Commands.java:5)
	at io.michaelcane.Calculator.&lt;init&gt;(Calculator.java:6)
	at io.michaelcane.Commands.&lt;init&gt;(Commands.java:5)
	at io.michaelcane.Calculator.&lt;init&gt;(Calculator.java:6)
	at io.michaelcane.Commands.&lt;init&gt;(Commands.java:5)
	at io.michaelcane.Calculator.&lt;init&gt;(Calculator.java:6)
	at io.michaelcane.Commands.&lt;init&gt;(Commands.java:5)
	at io.michaelcane.Calculator.&lt;init&gt;(Calculator.java:6)
	at io.michaelcane.Commands.&lt;init&gt;(Commands.java:5)
	at io.michaelcane.Calculator.&lt;init&gt;(Calculator.java:6)
	at io.michaelcane.Commands.&lt;init&gt;(Commands.java:5)
	at io.michaelcane.Calculator.&lt;init&gt;(Calculator.java:6)
	at io.michaelcane.Commands.&lt;init&gt;(Commands.java:5)
	at io.michaelcane.Calculator.&lt;init&gt;(Calculator.java:6)
	at io.michaelcane.Commands.&lt;init&gt;(Commands.java:5)
	at io.michaelcane.Calculator.&lt;init&gt;(Calculator.java:6)
	at io.michaelcane.Commands.&lt;init&gt;(Commands.java:5)
	at io.michaelcane.Calculator.&lt;init&gt;(Calculator.java:6)
	at io.michaelcane.Commands.&lt;init&gt;(Commands.java:5)
	at io.michaelcane.Calculator.&lt;init&gt;(Calculator.java:6)
	at io.michaelcane.Commands.&lt;init&gt;(Commands.java:5)
	at io.michaelcane.Calculator.&lt;init&gt;(Calculator.java:6)
	at io.michaelcane.Commands.&lt;init&gt;(Commands.java:5)
	at io.michaelcane.Calculator.&lt;init&gt;(Calculator.java:6)
	at io.michaelcane.Commands.&lt;init&gt;(Commands.java:5)
	at io.michaelcane.Calculator.&lt;init&gt;(Calculator.java:6)
	at io.michaelcane.Commands.&lt;init&gt;(Commands.java:5)
	at io.michaelcane.Calculator.&lt;init&gt;(Calculator.java:6)
	at io.michaelcane.Commands.&lt;init&gt;(Commands.java:5)
	at io.michaelcane.Calculator.&lt;init&gt;(Calculator.java:6)
	at io.michaelcane.Commands.&lt;init&gt;(Commands.java:5)
	at io.michaelcane.Calculator.&lt;init&gt;(Calculator.java:6)
	at io.michaelcane.Commands.&lt;init&gt;(Commands.java:5)
	at io.michaelcane.Calculator.&lt;init&gt;(Calculator.java:6)
	at io.michaelcane.Commands.&lt;init&gt;(Commands.java:5)
	at io.michaelcane.Calculator.&lt;init&gt;(Calculator.java:6)
	at io.michaelcane.Commands.&lt;init&gt;(Commands.java:5)
	at io.michaelcane.Calculator.&lt;init&gt;(Calculator.java:6)
	at io.michaelcane.Commands.&lt;init&gt;(Commands.java:5)
	at io.michaelcane.Calculator.&lt;init&gt;(Calculator.java:6)
	at io.michaelcane.Commands.&lt;init&gt;(Commands.java:5)
	at io.michaelcane.Calculator.&lt;init&gt;(Calculator.java:6)
	at io.michaelcane.Commands.&lt;init&gt;(Commands.java:5)
	at io.michaelcane.Calculator.&lt;init&gt;(Calculator.java:6)
	at io.michaelcane.Commands.&lt;init&gt;(Commands.java:5)
	at io.michaelcane.Calculator.&lt;init&gt;(Calculator.java:6)
	at io.michaelcane.Commands.&lt;init&gt;(Commands.java:5)
	at io.michaelcane.Calculator.&lt;init&gt;(Calculator.java:6)
	at io.michaelcane.Commands.&lt;init&gt;(Commands.java:5)
	at io.michaelcane.Calculator.&lt;init&gt;(Calculator.java:6)
	at io.michaelcane.Commands.&lt;init&gt;(Commands.java:5)
	at io.michaelcane.Calculator.&lt;init&gt;(Calculator.java:6)
	at io.michaelcane.Commands.&lt;init&gt;(Commands.java:5)
	at io.michaelcane.Calculator.&lt;init&gt;(Calculator.java:6)
	at io.michaelcane.Commands.&lt;init&gt;(Commands.java:5)
	at io.michaelcane.Calculator.&lt;init&gt;(Calculator.java:6)
	at io.michaelcane.Commands.&lt;init&gt;(Commands.java:5)
	at io.michaelcane.Calculator.&lt;init&gt;(Calculator.java:6)
	at io.michaelcane.Commands.&lt;init&gt;(Commands.java:5)
	at io.michaelcane.Calculator.&lt;init&gt;(Calculator.java:6)
	at io.michaelcane.Commands.&lt;init&gt;(Commands.java:5)
	at io.michaelcane.Calculator.&lt;init&gt;(Calculator.java:6)
	at io.michaelcane.Commands.&lt;init&gt;(Commands.java:5)
	at io.michaelcane.Calculator.&lt;init&gt;(Calculator.java:6)
	at io.michaelcane.Commands.&lt;init&gt;(Commands.java:5)
	at io.michaelcane.Calculator.&lt;init&gt;(Calculator.java:6)
	at io.michaelcane.Commands.&lt;init&gt;(Commands.java:5)
	at io.michaelcane.Calculator.&lt;init&gt;(Calculator.java:6)
	at io.michaelcane.Commands.&lt;init&gt;(Commands.java:5)
	at io.michaelcane.Calculator.&lt;init&gt;(Calculator.java:6)
	at io.michaelcane.Commands.&lt;init&gt;(Commands.java:5)
	at io.michaelcane.Calculator.&lt;init&gt;(Calculator.java:6)
	at io.michaelcane.Commands.&lt;init&gt;(Commands.java:5)
	at io.michaelcane.Calculator.&lt;init&gt;(Calculator.java:6)
	at io.michaelcane.Commands.&lt;init&gt;(Commands.java:5)
	at io.michaelcane.Calculator.&lt;init&gt;(Calculator.java:6)
	at io.michaelcane.Commands.&lt;init&gt;(Commands.java:5)
	at io.michaelcane.Calculator.&lt;init&gt;(Calculator.java:6)
	at io.michaelcane.Commands.&lt;init&gt;(Commands.java:5)
	at io.michaelcane.Calculator.&lt;init&gt;(Calculator.java:6)
	at io.michaelcane.Commands.&lt;init&gt;(Commands.java:5)
	at io.michaelcane.Calculator.&lt;init&gt;(Calculator.java:6)
	at io.michaelcane.Commands.&lt;init&gt;(Commands.java:5)
	at io.michaelcane.Calculator.&lt;init&gt;(Calculator.java:6)
	at io.michaelcane.Commands.&lt;init&gt;(Commands.java:5)
	at io.michaelcane.Calculator.&lt;init&gt;(Calculator.java:6)
	at io.michaelcane.Commands.&lt;init&gt;(Commands.java:5)
	at io.michaelcane.Calculator.&lt;init&gt;(Calculator.java:6)
	at io.michaelcane.Commands.&lt;init&gt;(Commands.java:5)
	at io.michaelcane.Calculator.&lt;init&gt;(Calculator.java:6)
	at io.michaelcane.Commands.&lt;init&gt;(Commands.java:5)
	at io.michaelcane.Calculator.&lt;init&gt;(Calculator.java:6)
	at io.michaelcane.Commands.&lt;init&gt;(Commands.java:5)
	at io.michaelcane.Calculator.&lt;init&gt;(Calculator.java:6)
	at io.michaelcane.Commands.&lt;init&gt;(Commands.java:5)
	at io.michaelcane.Calculator.&lt;init&gt;(Calculator.java:6)
	at io.michaelcane.Commands.&lt;init&gt;(Commands.java:5)
	at io.michaelcane.Calculator.&lt;init&gt;(Calculator.java:6)
	at io.michaelcane.Commands.&lt;init&gt;(Commands.java:5)
	at io.michaelcane.Calculator.&lt;init&gt;(Calculator.java:6)
	at io.michaelcane.Commands.&lt;init&gt;(Commands.java:5)
	at io.michaelcane.Calculator.&lt;init&gt;(Calculator.java:6)
	at io.michaelcane.Commands.&lt;init&gt;(Commands.java:5)
	at io.michaelcane.Calculator.&lt;init&gt;(Calculator.java:6)
	at io.michaelcane.Commands.&lt;init&gt;(Commands.java:5)
	at io.michaelcane.Calculator.&lt;init&gt;(Calculator.java:6)
	at io.michaelcane.Commands.&lt;init&gt;(Commands.java:5)
	at io.michaelcane.Calculator.&lt;init&gt;(Calculator.java:6)
	at io.michaelcane.Commands.&lt;init&gt;(Commands.java:5)
	at io.michaelcane.Calculator.&lt;init&gt;(Calculator.java:6)
	at io.michaelcane.Commands.&lt;init&gt;(Commands.java:5)
	at io.michaelcane.Calculator.&lt;init&gt;(Calculator.java:6)
	at io.michaelcane.Commands.&lt;init&gt;(Commands.java:5)
	at io.michaelcane.Calculator.&lt;init&gt;(Calculator.java:6)
	at io.michaelcane.Commands.&lt;init&gt;(Commands.java:5)
	at io.michaelcane.Calculator.&lt;init&gt;(Calculator.java:6)
	at io.michaelcane.Commands.&lt;init&gt;(Commands.java:5)
	at io.michaelcane.Calculator.&lt;init&gt;(Calculator.java:6)
	at io.michaelcane.Commands.&lt;init&gt;(Commands.java:5)
	at io.michaelcane.Calculator.&lt;init&gt;(Calculator.java:6)
	at io.michaelcane.Commands.&lt;init&gt;(Commands.java:5)
	at io.michaelcane.Calculator.&lt;init&gt;(Calculator.java:6)
	at io.michaelcane.Commands.&lt;init&gt;(Commands.java:5)
	at io.michaelcane.Calculator.&lt;init&gt;(Calculator.java:6)
	at io.michaelcane.Commands.&lt;init&gt;(Commands.java:5)
	at io.michaelcane.Calculator.&lt;init&gt;(Calculator.java:6)
	at io.michaelcane.Commands.&lt;init&gt;(Commands.java:5)
	at io.michaelcane.Calculator.&lt;init&gt;(Calculator.java:6)
	at io.michaelcane.Commands.&lt;init&gt;(Commands.java:5)
	at io.michaelcane.Calculator.&lt;init&gt;(Calculator.java:6)
	at io.michaelcane.Commands.&lt;init&gt;(Commands.java:5)
	at io.michaelcane.Calculator.&lt;init&gt;(Calculator.java:6)
	at io.michaelcane.Commands.&lt;init&gt;(Commands.java:5)
	at io.michaelcane.Calculator.&lt;init&gt;(Calculator.java:6)
	at io.michaelcane.Commands.&lt;init&gt;(Commands.java:5)
	at io.michaelcane.Calculator.&lt;init&gt;(Calculator.java:6)
	at io.michaelcane.Commands.&lt;init&gt;(Commands.java:5)
	at io.michaelcane.Calculator.&lt;init&gt;(Calculator.java:6)
	at io.michaelcane.Commands.&lt;init&gt;(Commands.java:5)
	at io.michaelcane.Calculator.&lt;init&gt;(Calculator.java:6)
	at io.michaelcane.Commands.&lt;init&gt;(Commands.java:5)
	at io.michaelcane.Calculator.&lt;init&gt;(Calculator.java:6)
	at io.michaelcane.Commands.&lt;init&gt;(Commands.java:5)
	at io.michaelcane.Calculator.&lt;init&gt;(Calculator.java:6)
	at io.michaelcane.Commands.&lt;init&gt;(Commands.java:5)
	at io.michaelcane.Calculator.&lt;init&gt;(Calculator.java:6)
	at io.michaelcane.Commands.&lt;init&gt;(Commands.java:5)
	at io.michaelcane.Calculator.&lt;init&gt;(Calculator.java:6)
	at io.michaelcane.Commands.&lt;init&gt;(Commands.java:5)
	at io.michaelcane.Calculator.&lt;init&gt;(Calculator.java:6)
	at io.michaelcane.Commands.&lt;init&gt;(Commands.java:5)
	at io.michaelcane.Calculator.&lt;init&gt;(Calculator.java:6)
	at io.michaelcane.Commands.&lt;init&gt;(Commands.java:5)
	at io.michaelcane.Calculator.&lt;init&gt;(Calculator.java:6)
	at io.michaelcane.Commands.&lt;init&gt;(Commands.java:5)
	at io.michaelcane.Calculator.&lt;init&gt;(Calculator.java:6)
	at io.michaelcane.Commands.&lt;init&gt;(Commands.java:5)
	at io.michaelcane.Calculator.&lt;init&gt;(Calculator.java:6)
	at io.michaelcane.Commands.&lt;init&gt;(Commands.java:5)
	at io.michaelcane.Calculator.&lt;init&gt;(Calculator.java:6)
	at io.michaelcane.Commands.&lt;init&gt;(Commands.java:5)
	at io.michaelcane.Calculator.&lt;init&gt;(Calculator.java:6)
	at io.michaelcane.Commands.&lt;init&gt;(Commands.java:5)
	at io.michaelcane.Calculator.&lt;init&gt;(Calculator.java:6)
	at io.michaelcane.Commands.&lt;init&gt;(Commands.java:5)
	at io.michaelcane.Calculator.&lt;init&gt;(Calculator.java:6)
	at io.michaelcane.Commands.&lt;init&gt;(Commands.java:5)
	at io.michaelcane.Calculator.&lt;init&gt;(Calculator.java:6)
	at io.michaelcane.Commands.&lt;init&gt;(Commands.java:5)
	at io.michaelcane.Calculator.&lt;init&gt;(Calculator.java:6)
	at io.michaelcane.Commands.&lt;init&gt;(Commands.java:5)
	at io.michaelcane.Calculator.&lt;init&gt;(Calculator.java:6)
	at io.michaelcane.Commands.&lt;init&gt;(Commands.java:5)
	at io.michaelcane.Calculator.&lt;init&gt;(Calculator.java:6)
	at io.michaelcane.Commands.&lt;init&gt;(Commands.java:5)
	at io.michaelcane.Calculator.&lt;init&gt;(Calculator.java:6)
	at io.michaelcane.Commands.&lt;init&gt;(Commands.java:5)
	at io.michaelcane.Calculator.&lt;init&gt;(Calculator.java:6)
	at io.michaelcane.Commands.&lt;init&gt;(Commands.java:5)
	at io.michaelcane.Calculator.&lt;init&gt;(Calculator.java:6)
	at io.michaelcane.Commands.&lt;init&gt;(Commands.java:5)
	at io.michaelcane.Calculator.&lt;init&gt;(Calculator.java:6)
	at io.michaelcane.Commands.&lt;init&gt;(Commands.java:5)
	at io.michaelcane.Calculator.&lt;init&gt;(Calculator.java:6)
	at io.michaelcane.Commands.&lt;init&gt;(Commands.java:5)
	at io.michaelcane.Calculator.&lt;init&gt;(Calculator.java:6)
	at io.michaelcane.Commands.&lt;init&gt;(Commands.java:5)
	at io.michaelcane.Calculator.&lt;init&gt;(Calculator.java:6)
	at io.michaelcane.Commands.&lt;init&gt;(Commands.java:5)
	at io.michaelcane.Calculator.&lt;init&gt;(Calculator.java:6)
	at io.michaelcane.Commands.&lt;init&gt;(Commands.java:5)
	at io.michaelcane.Calculator.&lt;init&gt;(Calculator.java:6)
	at io.michaelcane.Commands.&lt;init&gt;(Commands.java:5)
	at io.michaelcane.Calculator.&lt;init&gt;(Calculator.java:6)
	at io.michaelcane.Commands.&lt;init&gt;(Commands.java:5)
	at io.michaelcane.Calculator.&lt;init&gt;(Calculator.java:6)
	at io.michaelcane.Commands.&lt;init&gt;(Commands.java:5)
	at io.michaelcane.Calculator.&lt;init&gt;(Calculator.java:6)
	at io.michaelcane.Commands.&lt;init&gt;(Commands.java:5)
	at io.michaelcane.Calculator.&lt;init&gt;(Calculator.java:6)
	at io.michaelcane.Commands.&lt;init&gt;(Commands.java:5)
	at io.michaelcane.Calculator.&lt;init&gt;(Calculator.java:6)
	at io.michaelcane.Commands.&lt;init&gt;(Commands.java:5)
	at io.michaelcane.Calculator.&lt;init&gt;(Calculator.java:6)
	at io.michaelcane.Commands.&lt;init&gt;(Commands.java:5)
	at io.michaelcane.Calculator.&lt;init&gt;(Calculator.java:6)
	at io.michaelcane.Commands.&lt;init&gt;(Commands.java:5)
	at io.michaelcane.Calculator.&lt;init&gt;(Calculator.java:6)
	at io.michaelcane.Commands.&lt;init&gt;(Commands.java:5)
	at io.michaelcane.Calculator.&lt;init&gt;(Calculator.java:6)
	at io.michaelcane.Commands.&lt;init&gt;(Commands.java:5)
	at io.michaelcane.Calculator.&lt;init&gt;(Calculator.java:6)
	at io.michaelcane.Commands.&lt;init&gt;(Commands.java:5)
	at io.michaelcane.Calculator.&lt;init&gt;(Calculator.java:6)
	at io.michaelcane.Commands.&lt;init&gt;(Commands.java:5)
	at io.michaelcane.Calculator.&lt;init&gt;(Calculator.java:6)
	at io.michaelcane.Commands.&lt;init&gt;(Commands.java:5)
	at io.michaelcane.Calculator.&lt;init&gt;(Calculator.java:6)
	at io.michaelcane.Commands.&lt;init&gt;(Commands.java:5)
	at io.michaelcane.Calculator.&lt;init&gt;(Calculator.java:6)
	at io.michaelcane.Commands.&lt;init&gt;(Commands.java:5)
	at io.michaelcane.Calculator.&lt;init&gt;(Calculator.java:6)
	at io.michaelcane.Commands.&lt;init&gt;(Commands.java:5)
	at io.michaelcane.Calculator.&lt;init&gt;(Calculator.java:6)
	at io.michaelcane.Commands.&lt;init&gt;(Commands.java:5)
	at io.michaelcane.Calculator.&lt;init&gt;(Calculator.java:6)
	at io.michaelcane.Commands.&lt;init&gt;(Commands.java:5)
	at io.michaelcane.Calculator.&lt;init&gt;(Calculator.java:6)
	at io.michaelcane.Commands.&lt;init&gt;(Commands.java:5)
	at io.michaelcane.Calculator.&lt;init&gt;(Calculator.java:6)
	at io.michaelcane.Commands.&lt;init&gt;(Commands.java:5)
	at io.michaelcane.Calculator.&lt;init&gt;(Calculator.java:6)
	at io.michaelcane.Commands.&lt;init&gt;(Commands.java:5)
	at io.michaelcane.Calculator.&lt;init&gt;(Calculator.java:6)
	at io.michaelcane.Commands.&lt;init&gt;(Commands.java:5)
	at io.michaelcane.Calculator.&lt;init&gt;(Calculator.java:6)
	at io.michaelcane.Commands.&lt;init&gt;(Commands.java:5)
	at io.michaelcane.Calculator.&lt;init&gt;(Calculator.java:6)
	at io.michaelcane.Commands.&lt;init&gt;(Commands.java:5)
	at io.michaelcane.Calculator.&lt;init&gt;(Calculator.java:6)
	at io.michaelcane.Commands.&lt;init&gt;(Commands.java:5)
	at io.michaelcane.Calculator.&lt;init&gt;(Calculator.java:6)
	at io.michaelcane.Commands.&lt;init&gt;(Commands.java:5)
	at io.michaelcane.Calculator.&lt;init&gt;(Calculator.java:6)
	at io.michaelcane.Commands.&lt;init&gt;(Commands.java:5)
	at io.michaelcane.Calculator.&lt;init&gt;(Calculator.java:6)
	at io.michaelcane.Commands.&lt;init&gt;(Commands.java:5)
	at io.michaelcane.Calculator.&lt;init&gt;(Calculator.java:6)
	at io.michaelcane.Commands.&lt;init&gt;(Commands.java:5)
	at io.michaelcane.Calculator.&lt;init&gt;(Calculator.java:6)
	at io.michaelcane.Commands.&lt;init&gt;(Commands.java:5)
	at io.michaelcane.Calculator.&lt;init&gt;(Calculator.java:6)
	at io.michaelcane.Commands.&lt;init&gt;(Commands.java:5)
	at io.michaelcane.Calculator.&lt;init&gt;(Calculator.java:6)
	at io.michaelcane.Commands.&lt;init&gt;(Commands.java:5)
	at io.michaelcane.Calculator.&lt;init&gt;(Calculator.java:6)
	at io.michaelcane.Commands.&lt;init&gt;(Commands.java:5)
	at io.michaelcane.Calculator.&lt;init&gt;(Calculator.java:6)
	at io.michaelcane.Commands.&lt;init&gt;(Commands.java:5)
	at io.michaelcane.Calculator.&lt;init&gt;(Calculator.java:6)
	at io.michaelcane.Commands.&lt;init&gt;(Commands.java:5)
	at io.michaelcane.Calculator.&lt;init&gt;(Calculator.java:6)
	at io.michaelcane.Commands.&lt;init&gt;(Commands.java:5)
	at io.michaelcane.Calculator.&lt;init&gt;(Calculator.java:6)
	at io.michaelcane.Commands.&lt;init&gt;(Commands.java:5)
	at io.michaelcane.Calculator.&lt;init&gt;(Calculator.java:6)
	at io.michaelcane.Commands.&lt;init&gt;(Commands.java:5)
	at io.michaelcane.Calculator.&lt;init&gt;(Calculator.java:6)
	at io.michaelcane.Commands.&lt;init&gt;(Commands.java:5)
	at io.michaelcane.Calculator.&lt;init&gt;(Calculator.java:6)
	at io.michaelcane.Commands.&lt;init&gt;(Commands.java:5)
	at io.michaelcane.Calculator.&lt;init&gt;(Calculator.java:6)
	at io.michaelcane.Commands.&lt;init&gt;(Commands.java:5)
	at io.michaelcane.Calculator.&lt;init&gt;(Calculator.java:6)
	at io.michaelcane.Commands.&lt;init&gt;(Commands.java:5)
	at io.michaelcane.Calculator.&lt;init&gt;(Calculator.java:6)
	at io.michaelcane.Commands.&lt;init&gt;(Commands.java:5)
	at io.michaelcane.Calculator.&lt;init&gt;(Calculator.java:6)
	at io.michaelcane.Commands.&lt;init&gt;(Commands.java:5)
	at io.michaelcane.Calculator.&lt;init&gt;(Calculator.java:6)
	at io.michaelcane.Commands.&lt;init&gt;(Commands.java:5)
	at io.michaelcane.Calculator.&lt;init&gt;(Calculator.java:6)
	at io.michaelcane.Commands.&lt;init&gt;(Commands.java:5)
	at io.michaelcane.Calculator.&lt;init&gt;(Calculator.java:6)
	at io.michaelcane.Commands.&lt;init&gt;(Commands.java:5)
	at io.michaelcane.Calculator.&lt;init&gt;(Calculator.java:6)
	at io.michaelcane.Commands.&lt;init&gt;(Commands.java:5)
	at io.michaelcane.Calculator.&lt;init&gt;(Calculator.java:6)
	at io.michaelcane.Commands.&lt;init&gt;(Commands.java:5)
	at io.michaelcane.Calculator.&lt;init&gt;(Calculator.java:6)
	at io.michaelcane.Commands.&lt;init&gt;(Commands.java:5)
	at io.michaelcane.Calculator.&lt;init&gt;(Calculator.java:6)
	at io.michaelcane.Commands.&lt;init&gt;(Commands.java:5)
	at io.michaelcane.Calculator.&lt;init&gt;(Calculator.java:6)
	at io.michaelcane.Commands.&lt;init&gt;(Commands.java:5)
	at io.michaelcane.Calculator.&lt;init&gt;(Calculator.java:6)
	at io.michaelcane.Commands.&lt;init&gt;(Commands.java:5)
	at io.michaelcane.Calculator.&lt;init&gt;(Calculator.java:6)
	at io.michaelcane.Commands.&lt;init&gt;(Commands.java:5)
	at io.michaelcane.Calculator.&lt;init&gt;(Calculator.java:6)
	at io.michaelcane.Commands.&lt;init&gt;(Commands.java:5)
	at io.michaelcane.Calculator.&lt;init&gt;(Calculator.java:6)
	at io.michaelcane.Commands.&lt;init&gt;(Commands.java:5)
	at io.michaelcane.Calculator.&lt;init&gt;(Calculator.java:6)
	at io.michaelcane.Commands.&lt;init&gt;(Commands.java:5)
	at io.michaelcane.Calculator.&lt;init&gt;(Calculator.java:6)
	at io.michaelcane.Commands.&lt;init&gt;(Commands.java:5)
	at io.michaelcane.Calculator.&lt;init&gt;(Calculator.java:6)
	at io.michaelcane.Commands.&lt;init&gt;(Commands.java:5)
	at io.michaelcane.Calculator.&lt;init&gt;(Calculator.java:6)
	at io.michaelcane.Commands.&lt;init&gt;(Commands.java:5)
	at io.michaelcane.Calculator.&lt;init&gt;(Calculator.java:6)
	at io.michaelcane.Commands.&lt;init&gt;(Commands.java:5)
	at io.michaelcane.Calculator.&lt;init&gt;(Calculator.java:6)
	at io.michaelcane.Commands.&lt;init&gt;(Commands.java:5)
	at io.michaelcane.Calculator.&lt;init&gt;(Calculator.java:6)
	at io.michaelcane.Commands.&lt;init&gt;(Commands.java:5)
	at io.michaelcane.Calculator.&lt;init&gt;(Calculator.java:6)
	at io.michaelcane.Commands.&lt;init&gt;(Commands.java:5)
	at io.michaelcane.Calculator.&lt;init&gt;(Calculator.java:6)
	at io.michaelcane.Commands.&lt;init&gt;(Commands.java:5)
	at io.michaelcane.Calculator.&lt;init&gt;(Calculator.java:6)
	at io.michaelcane.Commands.&lt;init&gt;(Commands.java:5)
	at io.michaelcane.Calculator.&lt;init&gt;(Calculator.java:6)
	at io.michaelcane.Commands.&lt;init&gt;(Commands.java:5)
	at io.michaelcane.Calculator.&lt;init&gt;(Calculator.java:6)
	at io.michaelcane.Commands.&lt;init&gt;(Commands.java:5)
	at io.michaelcane.Calculator.&lt;init&gt;(Calculator.java:6)
	at io.michaelcane.Commands.&lt;init&gt;(Commands.java:5)
	at io.michaelcane.Calculator.&lt;init&gt;(Calculator.java:6)
	at io.michaelcane.Commands.&lt;init&gt;(Commands.java:5)
	at io.michaelcane.Calculator.&lt;init&gt;(Calculator.java:6)
	at io.michaelcane.Commands.&lt;init&gt;(Commands.java:5)
	at io.michaelcane.Calculator.&lt;init&gt;(Calculator.java:6)
	at io.michaelcane.Commands.&lt;init&gt;(Commands.java:5)
	at io.michaelcane.Calculator.&lt;init&gt;(Calculator.java:6)
	at io.michaelcane.Commands.&lt;init&gt;(Commands.java:5)
	at io.michaelcane.Calculator.&lt;init&gt;(Calculator.java:6)
	at io.michaelcane.Commands.&lt;init&gt;(Commands.java:5)
	at io.michaelcane.Calculator.&lt;init&gt;(Calculator.java:6)
	at io.michaelcane.Commands.&lt;init&gt;(Commands.java:5)
	at io.michaelcane.Calculator.&lt;init&gt;(Calculator.java:6)
	at io.michaelcane.Commands.&lt;init&gt;(Commands.java:5)
	at io.michaelcane.Calculator.&lt;init&gt;(Calculator.java:6)
	at io.michaelcane.Commands.&lt;init&gt;(Commands.java:5)
	at io.michaelcane.Calculator.&lt;init&gt;(Calculator.java:6)
	at io.michaelcane.Commands.&lt;init&gt;(Commands.java:5)
	at io.michaelcane.Calculator.&lt;init&gt;(Calculator.java:6)
	at io.michaelcane.Commands.&lt;init&gt;(Commands.java:5)
	at io.michaelcane.Calculator.&lt;init&gt;(Calculator.java:6)
	at io.michaelcane.Commands.&lt;init&gt;(Commands.java:5)
	at io.michaelcane.Calculator.&lt;init&gt;(Calculator.java:6)
	at io.michaelcane.Commands.&lt;init&gt;(Commands.java:5)
	at io.michaelcane.Calculator.&lt;init&gt;(Calculator.java:6)
	at io.michaelcane.Commands.&lt;init&gt;(Commands.java:5)
	at io.michaelcane.Calculator.&lt;init&gt;(Calculator.java:6)
	at io.michaelcane.Commands.&lt;init&gt;(Commands.java:5)
	at io.michaelcane.Calculator.&lt;init&gt;(Calculator.java:6)
	at io.michaelcane.Commands.&lt;init&gt;(Commands.java:5)
	at io.michaelcane.Calculator.&lt;init&gt;(Calculator.java:6)
	at io.michaelcane.Commands.&lt;init&gt;(Commands.java:5)
	at io.michaelcane.Calculator.&lt;init&gt;(Calculator.java:6)
	at io.michaelcane.Commands.&lt;init&gt;(Commands.java:5)
	at io.michaelcane.Calculator.&lt;init&gt;(Calculator.java:6)
	at io.michaelcane.Commands.&lt;init&gt;(Commands.java:5)
	at io.michaelcane.Calculator.&lt;init&gt;(Calculator.java:6)
	at io.michaelcane.Commands.&lt;init&gt;(Commands.java:5)
	at io.michaelcane.Calculator.&lt;init&gt;(Calculator.java:6)
	at io.michaelcane.Commands.&lt;init&gt;(Commands.java:5)
	at io.michaelcane.Calculator.&lt;init&gt;(Calculator.java:6)
	at io.michaelcane.Commands.&lt;init&gt;(Commands.java:5)
	at io.michaelcane.Calculator.&lt;init&gt;(Calculator.java:6)
	at io.michaelcane.Commands.&lt;init&gt;(Commands.java:5)
	at io.michaelcane.Calculator.&lt;init&gt;(Calculator.java:6)
	at io.michaelcane.Commands.&lt;init&gt;(Commands.java:5)
	at io.michaelcane.Calculator.&lt;init&gt;(Calculator.java:6)
	at io.michaelcane.Commands.&lt;init&gt;(Commands.java:5)
	at io.michaelcane.Calculator.&lt;init&gt;(Calculator.java:6)
	at io.michaelcane.Commands.&lt;init&gt;(Commands.java:5)
	at io.michaelcane.Calculator.&lt;init&gt;(Calculator.java:6)
	at io.michaelcane.Commands.&lt;init&gt;(Commands.java:5)
	at io.michaelcane.Calculator.&lt;init&gt;(Calculator.java:6)
	at io.michaelcane.Commands.&lt;init&gt;(Commands.java:5)
	at io.michaelcane.Calculator.&lt;init&gt;(Calculator.java:6)
	at io.michaelcane.Commands.&lt;init&gt;(Commands.java:5)
	at io.michaelcane.Calculator.&lt;init&gt;(Calculator.java:6)
	at io.michaelcane.Commands.&lt;init&gt;(Commands.java:5)
	at io.michaelcane.Calculator.&lt;init&gt;(Calculator.java:6)
	at io.michaelcane.Commands.&lt;init&gt;(Commands.java:5)
	at io.michaelcane.Calculator.&lt;init&gt;(Calculator.java:6)
	at io.michaelcane.Commands.&lt;init&gt;(Commands.java:5)
	at io.michaelcane.Calculator.&lt;init&gt;(Calculator.java:6)
	at io.michaelcane.Commands.&lt;init&gt;(Commands.java:5)
	at io.michaelcane.Calculator.&lt;init&gt;(Calculator.java:6)
	at io.michaelcane.Commands.&lt;init&gt;(Commands.java:5)
	at io.michaelcane.Calculator.&lt;init&gt;(Calculator.java:6)
	at io.michaelcane.Commands.&lt;init&gt;(Commands.java:5)
	at io.michaelcane.Calculator.&lt;init&gt;(Calculator.java:6)
	at io.michaelcane.Commands.&lt;init&gt;(Commands.java:5)
	at io.michaelcane.Calculator.&lt;init&gt;(Calculator.java:6)
	at io.michaelcane.Commands.&lt;init&gt;(Commands.java:5)
	at io.michaelcane.Calculator.&lt;init&gt;(Calculator.java:6)
	at io.michaelcane.Commands.&lt;init&gt;(Commands.java:5)
	at io.michaelcane.Calculator.&lt;init&gt;(Calculator.java:6)
	at io.michaelcane.Commands.&lt;init&gt;(Commands.java:5)
	at io.michaelcane.Calculator.&lt;init&gt;(Calculator.java:6)
	at io.michaelcane.Commands.&lt;init&gt;(Commands.java:5)
	at io.michaelcane.Calculator.&lt;init&gt;(Calculator.java:6)
	at io.michaelcane.Commands.&lt;init&gt;(Commands.java:5)
	at io.michaelcane.Calculator.&lt;init&gt;(Calculator.java:6)
	at io.michaelcane.Commands.&lt;init&gt;(Commands.java:5)
	at io.michaelcane.Calculator.&lt;init&gt;(Calculator.java:6)
	at io.michaelcane.Commands.&lt;init&gt;(Commands.java:5)
	at io.michaelcane.Calculator.&lt;init&gt;(Calculator.java:6)
	at io.michaelcane.Commands.&lt;init&gt;(Commands.java:5)
	at io.michaelcane.Calculator.&lt;init&gt;(Calculator.java:6)
	at io.michaelcane.Commands.&lt;init&gt;(Commands.java:5)
	at io.michaelcane.Calculator.&lt;init&gt;(Calculator.java:6)
	at io.michaelcane.Commands.&lt;init&gt;(Commands.java:5)
	at io.michaelcane.Calculator.&lt;init&gt;(Calculator.java:6)
	at io.michaelcane.Commands.&lt;init&gt;(Commands.java:5)
	at io.michaelcane.Calculator.&lt;init&gt;(Calculator.java:6)
	at io.michaelcane.Commands.&lt;init&gt;(Commands.java:5)
	at io.michaelcane.Calculator.&lt;init&gt;(Calculator.java:6)
	at io.michaelcane.Commands.&lt;init&gt;(Commands.java:5)
	at io.michaelcane.Calculator.&lt;init&gt;(Calculator.java:6)
	at io.michaelcane.Commands.&lt;init&gt;(Commands.java:5)
	at io.michaelcane.Calculator.&lt;init&gt;(Calculator.java:6)
	at io.michaelcane.Commands.&lt;init&gt;(Commands.java:5)
	at io.michaelcane.Calculator.&lt;init&gt;(Calculator.java:6)
	at io.michaelcane.Commands.&lt;init&gt;(Commands.java:5)
	at io.michaelcane.Calculator.&lt;init&gt;(Calculator.java:6)
	at io.michaelcane.Commands.&lt;init&gt;(Commands.java:5)
	at io.michaelcane.Calculator.&lt;init&gt;(Calculator.java:6)
	at io.michaelcane.Commands.&lt;init&gt;(Commands.java:5)
	at io.michaelcane.Calculator.&lt;init&gt;(Calculator.java:6)
	at io.michaelcane.Commands.&lt;init&gt;(Commands.java:5)
	at io.michaelcane.Calculator.&lt;init&gt;(Calculator.java:6)
	at io.michaelcane.Commands.&lt;init&gt;(Commands.java:5)
	at io.michaelcane.Calculator.&lt;init&gt;(Calculator.java:6)
	at io.michaelcane.Commands.&lt;init&gt;(Commands.java:5)
	at io.michaelcane.Calculator.&lt;init&gt;(Calculator.java:6)
	at io.michaelcane.Commands.&lt;init&gt;(Commands.java:5)
	at io.michaelcane.Calculator.&lt;init&gt;(Calculator.java:6)
	at io.michaelcane.Commands.&lt;init&gt;(Commands.java:5)
	at io.michaelcane.Calculator.&lt;init&gt;(Calculator.java:6)
	at io.michaelcane.Commands.&lt;init&gt;(Commands.java:5)
	at io.michaelcane.Calculator.&lt;init&gt;(Calculator.java:6)
	at io.michaelcane.Commands.&lt;init&gt;(Commands.java:5)
	at io.michaelcane.Calculator.&lt;init&gt;(Calculator.java:6)
	at io.michaelcane.Commands.&lt;init&gt;(Commands.java:5)
	at io.michaelcane.Calculator.&lt;init&gt;(Calculator.java:6)
	at io.michaelcane.Commands.&lt;init&gt;(Commands.java:5)
	at io.michaelcane.Calculator.&lt;init&gt;(Calculator.java:6)
	at io.michaelcane.Commands.&lt;init&gt;(Commands.java:5)
	at io.michaelcane.Calculator.&lt;init&gt;(Calculator.java:6)
	at io.michaelcane.Commands.&lt;init&gt;(Commands.java:5)
	at io.michaelcane.Calculator.&lt;init&gt;(Calculator.java:6)
	at io.michaelcane.Commands.&lt;init&gt;(Commands.java:5)
	at io.michaelcane.Calculator.&lt;init&gt;(Calculator.java:6)
	at io.michaelcane.Commands.&lt;init&gt;(Commands.java:5)
	at io.michaelcane.Calculator.&lt;init&gt;(Calculator.java:6)
	at io.michaelcane.Commands.&lt;init&gt;(Commands.java:5)
	at io.michaelcane.Calculator.&lt;init&gt;(Calculator.java:6)
	at io.michaelcane.Commands.&lt;init&gt;(Commands.java:5)
	at io.michaelcane.Calculator.&lt;init&gt;(Calculator.java:6)
	at io.michaelcane.Commands.&lt;init&gt;(Commands.java:5)
	at io.michaelcane.Calculator.&lt;init&gt;(Calculator.java:6)
	at io.michaelcane.Commands.&lt;init&gt;(Commands.java:5)
	at io.michaelcane.Calculator.&lt;init&gt;(Calculator.java:6)
	at io.michaelcane.Commands.&lt;init&gt;(Commands.java:5)
	at io.michaelcane.Calculator.&lt;init&gt;(Calculator.java:6)
	at io.michaelcane.Commands.&lt;init&gt;(Commands.java:5)
	at io.michaelcane.Calculator.&lt;init&gt;(Calculator.java:6)
	at io.michaelcane.Commands.&lt;init&gt;(Commands.java:5)
	at io.michaelcane.Calculator.&lt;init&gt;(Calculator.java:6)
	at io.michaelcane.Commands.&lt;init&gt;(Commands.java:5)
	at io.michaelcane.Calculator.&lt;init&gt;(Calculator.java:6)
	at io.michaelcane.Commands.&lt;init&gt;(Commands.java:5)
	at io.michaelcane.Calculator.&lt;init&gt;(Calculator.java:6)
	at io.michaelcane.Commands.&lt;init&gt;(Commands.java:5)
	at io.michaelcane.Calculator.&lt;init&gt;(Calculator.java:6)
	at io.michaelcane.Commands.&lt;init&gt;(Commands.java:5)
	at io.michaelcane.Calculator.&lt;init&gt;(Calculator.java:6)
	at io.michaelcane.Commands.&lt;init&gt;(Commands.java:5)
	at io.michaelcane.Calculator.&lt;init&gt;(Calculator.java:6)
	at io.michaelcane.Commands.&lt;init&gt;(Commands.java:5)
	at io.michaelcane.Calculator.&lt;init&gt;(Calculator.java:6)
	at io.michaelcane.Commands.&lt;init&gt;(Commands.java:5)
	at io.michaelcane.Calculator.&lt;init&gt;(Calculator.java:6)
	at io.michaelcane.Commands.&lt;init&gt;(Commands.java:5)
	at io.michaelcane.Calculator.&lt;init&gt;(Calculator.java:6)
	at io.michaelcane.Commands.&lt;init&gt;(Commands.java:5)
	at io.michaelcane.Calculator.&lt;init&gt;(Calculator.java:6)
	at io.michaelcane.Commands.&lt;init&gt;(Commands.java:5)
	at io.michaelcane.Calculator.&lt;init&gt;(Calculator.java:6)
	at io.michaelcane.Commands.&lt;init&gt;(Commands.java:5)
	at io.michaelcane.Calculator.&lt;init&gt;(Calculator.java:6)
	at io.michaelcane.Commands.&lt;init&gt;(Commands.java:5)
	at io.michaelcane.Calculator.&lt;init&gt;(Calculator.java:6)
	at io.michaelcane.Commands.&lt;init&gt;(Commands.java:5)
	at io.michaelcane.Calculator.&lt;init&gt;(Calculator.java:6)
	at io.michaelcane.Commands.&lt;init&gt;(Commands.java:5)
	at io.michaelcane.Calculator.&lt;init&gt;(Calculator.java:6)
	at io.michaelcane.Commands.&lt;init&gt;(Commands.java:5)
	at io.michaelcane.Calculator.&lt;init&gt;(Calculator.java:6)
	at io.michaelcane.Commands.&lt;init&gt;(Commands.java:5)
	at io.michaelcane.Calculator.&lt;init&gt;(Calculator.java:6)
	at io.michaelcane.Commands.&lt;init&gt;(Commands.java:5)
	at io.michaelcane.Calculator.&lt;init&gt;(Calculator.java:6)
	at io.michaelcane.Commands.&lt;init&gt;(Commands.java:5)
	at io.michaelcane.Calculator.&lt;init&gt;(Calculator.java:6)
	at io.michaelcane.Commands.&lt;init&gt;(Commands.java:5)
	at io.michaelcane.Calculator.&lt;init&gt;(Calculator.java:6)
	at io.michaelcane.Commands.&lt;init&gt;(Commands.java:5)
	at io.michaelcane.Calculator.&lt;init&gt;(Calculator.java:6)
	at io.michaelcane.Commands.&lt;init&gt;(Commands.java:5)
	at io.michaelcane.Calculator.&lt;init&gt;(Calculator.java:6)
	at io.michaelcane.Commands.&lt;init&gt;(Commands.java:5)
	at io.michaelcane.Calculator.&lt;init&gt;(Calculator.java:6)
	at io.michaelcane.Commands.&lt;init&gt;(Commands.java:5)
	at io.michaelcane.Calculator.&lt;init&gt;(Calculator.java:6)
	at io.michaelcane.Commands.&lt;init&gt;(Commands.java:5)
	at io.michaelcane.Calculator.&lt;init&gt;(Calculator.java:6)
	at io.michaelcane.Commands.&lt;init&gt;(Commands.java:5)
	at io.michaelcane.Calculator.&lt;init&gt;(Calculator.java:6)
	at io.michaelcane.Commands.&lt;init&gt;(Commands.java:5)
	at io.michaelcane.Calculator.&lt;init&gt;(Calculator.java:6)
	at io.michaelcane.Commands.&lt;init&gt;(Commands.java:5)
	at io.michaelcane.Calculator.&lt;init&gt;(Calculator.java:6)
	at io.michaelcane.Commands.&lt;init&gt;(Commands.java:5)
	at io.michaelcane.Calculator.&lt;init&gt;(Calculator.java:6)
	at io.michaelcane.Commands.&lt;init&gt;(Commands.java:5)
	at io.michaelcane.Calculator.&lt;init&gt;(Calculator.java:6)
	at io.michaelcane.Commands.&lt;init&gt;(Commands.java:5)
	at io.michaelcane.Calculator.&lt;init&gt;(Calculator.java:6)
	at io.michaelcane.Commands.&lt;init&gt;(Commands.java:5)
	at io.michaelcane.Calculator.&lt;init&gt;(Calculator.java:6)
	at io.michaelcane.Commands.&lt;init&gt;(Commands.java:5)
	at io.michaelcane.Calculator.&lt;init&gt;(Calculator.java:6)
	at io.michaelcane.Commands.&lt;init&gt;(Commands.java:5)
	at io.michaelcane.Calculator.&lt;init&gt;(Calculator.java:6)
	at io.michaelcane.Commands.&lt;init&gt;(Commands.java:5)
	at io.michaelcane.Calculator.&lt;init&gt;(Calculator.java:6)
	at io.michaelcane.Commands.&lt;init&gt;(Commands.java:5)
	at io.michaelcane.Calculator.&lt;init&gt;(Calculator.java:6)
	at io.michaelcane.Commands.&lt;init&gt;(Commands.java:5)
	at io.michaelcane.Calculator.&lt;init&gt;(Calculator.java:6)
	at io.michaelcane.Commands.&lt;init&gt;(Commands.java:5)
	at io.michaelcane.Calculator.&lt;init&gt;(Calculator.java:6)
	at io.michaelcane.Commands.&lt;init&gt;(Commands.java:5)
	at io.michaelcane.Calculator.&lt;init&gt;(Calculator.java:6)
	at io.michaelcane.Commands.&lt;init&gt;(Commands.java:5)
	at io.michaelcane.Calculator.&lt;init&gt;(Calculator.java:6)
	at io.michaelcane.Commands.&lt;init&gt;(Commands.java:5)
	at io.michaelcane.Calculator.&lt;init&gt;(Calculator.java:6)
	at io.michaelcane.Commands.&lt;init&gt;(Commands.java:5)
	at io.michaelcane.Calculator.&lt;init&gt;(Calculator.java:6)
	at io.michaelcane.Commands.&lt;init&gt;(Commands.java:5)
	at io.michaelcane.Calculator.&lt;init&gt;(Calculator.java:6)
	at io.michaelcane.Commands.&lt;init&gt;(Commands.java:5)
	at io.michaelcane.Calculator.&lt;init&gt;(Calculator.java:6)
	at io.michaelcane.Commands.&lt;init&gt;(Commands.java:5)
	at io.michaelcane.Calculator.&lt;init&gt;(Calculator.java:6)
	at io.michaelcane.Commands.&lt;init&gt;(Commands.java:5)
	at io.michaelcane.Calculator.&lt;init&gt;(Calculator.java:6)
	at io.michaelcane.Commands.&lt;init&gt;(Commands.java:5)
	at io.michaelcane.Calculator.&lt;init&gt;(Calculator.java:6)
	at io.michaelcane.Commands.&lt;init&gt;(Commands.java:5)
	at io.michaelcane.Calculator.&lt;init&gt;(Calculator.java:6)
	at io.michaelcane.Commands.&lt;init&gt;(Commands.java:5)
	at io.michaelcane.Calculator.&lt;init&gt;(Calculator.java:6)
	at io.michaelcane.Commands.&lt;init&gt;(Commands.java:5)
	at io.michaelcane.Calculator.&lt;init&gt;(Calculator.java:6)
	at io.michaelcane.Commands.&lt;init&gt;(Commands.java:5)
	at io.michaelcane.Calculator.&lt;init&gt;(Calculator.java:6)
	at io.michaelcane.Commands.&lt;init&gt;(Commands.java:5)
	at io.michaelcane.Calculator.&lt;init&gt;(Calculator.java:6)
	at io.michaelcane.Commands.&lt;init&gt;(Commands.java:5)
	at io.michaelcane.Calculator.&lt;init&gt;(Calculator.java:6)
	at io.michaelcane.Commands.&lt;init&gt;(Commands.java:5)
	at io.michaelcane.Calculator.&lt;init&gt;(Calculator.java:6)
	at io.michaelcane.Commands.&lt;init&gt;(Commands.java:5)
	at io.michaelcane.Calculator.&lt;init&gt;(Calculator.java:6)
	at io.michaelcane.Commands.&lt;init&gt;(Commands.java:5)
	at io.michaelcane.Calculator.&lt;init&gt;(Calculator.java:6)
	at io.michaelcane.Commands.&lt;init&gt;(Commands.java:5)
	at io.michaelcane.Calculator.&lt;init&gt;(Calculator.java:6)
	at io.michaelcane.Commands.&lt;init&gt;(Commands.java:5)
	at io.michaelcane.Calculator.&lt;init&gt;(Calculator.java:6)
	at io.michaelcane.Commands.&lt;init&gt;(Commands.java:5)
	at io.michaelcane.Calculator.&lt;init&gt;(Calculator.java:6)
	at io.michaelcane.Commands.&lt;init&gt;(Commands.java:5)
	at io.michaelcane.Calculator.&lt;init&gt;(Calculator.java:6)
	at io.michaelcane.Commands.&lt;init&gt;(Commands.java:5)
	at io.michaelcane.Calculator.&lt;init&gt;(Calculator.java:6)
	at io.michaelcane.Commands.&lt;init&gt;(Commands.java:5)
	at io.michaelcane.Calculator.&lt;init&gt;(Calculator.java:6)
	at io.michaelcane.Commands.&lt;init&gt;(Commands.java:5)
	at io.michaelcane.Calculator.&lt;init&gt;(Calculator.java:6)
	at io.michaelcane.Commands.&lt;init&gt;(Commands.java:5)
	at io.michaelcane.Calculator.&lt;init&gt;(Calculator.java:6)
	at io.michaelcane.Commands.&lt;init&gt;(Commands.java:5)
	at io.michaelcane.Calculator.&lt;init&gt;(Calculator.java:6)
	at io.michaelcane.Commands.&lt;init&gt;(Commands.java:5)
	at io.michaelcane.Calculator.&lt;init&gt;(Calculator.java:6)
	at io.michaelcane.Commands.&lt;init&gt;(Commands.java:5)
	at io.michaelcane.Calculator.&lt;init&gt;(Calculator.java:6)
	at io.michaelcane.Commands.&lt;init&gt;(Commands.java:5)
	at io.michaelcane.Calculator.&lt;init&gt;(Calculator.java:6)
	at io.michaelcane.Commands.&lt;init&gt;(Commands.java:5)
	at io.michaelcane.Calculator.&lt;init&gt;(Calculator.java:6)
	at io.michaelcane.Commands.&lt;init&gt;(Commands.java:5)
	at io.michaelcane.Calculator.&lt;init&gt;(Calculator.java:6)
	at io.michaelcane.Commands.&lt;init&gt;(Commands.java:5)
	at io.michaelcane.Calculator.&lt;init&gt;(Calculator.java:6)
	at io.michaelcane.Commands.&lt;init&gt;(Commands.java:5)
	at io.michaelcane.Calculator.&lt;init&gt;(Calculator.java:6)
	at io.michaelcane.Commands.&lt;init&gt;(Commands.java:5)
	at io.michaelcane.Calculator.&lt;init&gt;(Calculator.java:6)
	at io.michaelcane.Commands.&lt;init&gt;(Commands.java:5)
	at io.michaelcane.Calculator.&lt;init&gt;(Calculator.java:6)
	at io.michaelcane.Commands.&lt;init&gt;(Commands.java:5)
	at io.michaelcane.Calculator.&lt;init&gt;(Calculator.java:6)
	at io.michaelcane.Commands.&lt;init&gt;(Commands.java:5)
	at io.michaelcane.Calculator.&lt;init&gt;(Calculator.java:6)
	at io.michaelcane.Commands.&lt;init&gt;(Commands.java:5)
	at io.michaelcane.Calculator.&lt;init&gt;(Calculator.java:6)
	at io.michaelcane.Commands.&lt;init&gt;(Commands.java:5)
	at io.michaelcane.Calculator.&lt;init&gt;(Calculator.java:6)
	at io.michaelcane.Commands.&lt;init&gt;(Commands.java:5)
	at io.michaelcane.Calculator.&lt;init&gt;(Calculator.java:6)
	at io.michaelcane.Commands.&lt;init&gt;(Commands.java:5)
	at io.michaelcane.Calculator.&lt;init&gt;(Calculator.java:6)
	at io.michaelcane.Commands.&lt;init&gt;(Commands.java:5)
	at io.michaelcane.Calculator.&lt;init&gt;(Calculator.java:6)
	at io.michaelcane.Commands.&lt;init&gt;(Commands.java:5)
	at io.michaelcane.Calculator.&lt;init&gt;(Calculator.java:6)
	at io.michaelcane.Commands.&lt;init&gt;(Commands.java:5)
	at io.michaelcane.Calculator.&lt;init&gt;(Calculator.java:6)
	at io.michaelcane.Commands.&lt;init&gt;(Commands.java:5)
	at io.michaelcane.Calculator.&lt;init&gt;(Calculator.java:6)
	at io.michaelcane.Commands.&lt;init&gt;(Commands.java:5)
	at io.michaelcane.Calculator.&lt;init&gt;(Calculator.java:6)
	at io.michaelcane.Commands.&lt;init&gt;(Commands.java:5)
	at io.michaelcane.Calculator.&lt;init&gt;(Calculator.java:6)
	at io.michaelcane.Commands.&lt;init&gt;(Commands.java:5)
	at io.michaelcane.Calculator.&lt;init&gt;(Calculator.java:6)
	at io.michaelcane.Commands.&lt;init&gt;(Commands.java:5)
	at io.michaelcane.Calculator.&lt;init&gt;(Calculator.java:6)
	at io.michaelcane.Commands.&lt;init&gt;(Commands.java:5)
	at io.michaelcane.Calculator.&lt;init&gt;(Calculator.java:6)
	at io.michaelcane.Commands.&lt;init&gt;(Commands.java:5)
	at io.michaelcane.Calculator.&lt;init&gt;(Calculator.java:6)
	at io.michaelcane.Commands.&lt;init&gt;(Commands.java:5)
	at io.michaelcane.Calculator.&lt;init&gt;(Calculator.java:6)
	at io.michaelcane.Commands.&lt;init&gt;(Commands.java:5)
	at io.michaelcane.Calculator.&lt;init&gt;(Calculator.java:6)
	at io.michaelcane.Commands.&lt;init&gt;(Commands.java:5)
	at io.michaelcane.Calculator.&lt;init&gt;(Calculator.java:6)
	at io.michaelcane.Commands.&lt;init&gt;(Commands.java:5)
	at io.michaelcane.Calculator.&lt;init&gt;(Calculator.java:6)
	at io.michaelcane.Commands.&lt;init&gt;(Commands.java:5)
	at io.michaelcane.Calculator.&lt;init&gt;(Calculator.java:6)
	at io.michaelcane.Commands.&lt;init&gt;(Commands.java:5)
	at io.michaelcane.Calculator.&lt;init&gt;(Calculator.java:6)
	at io.michaelcane.Commands.&lt;init&gt;(Commands.java:5)
	at io.michaelcane.Calculator.&lt;init&gt;(Calculator.java:6)
	at io.michaelcane.Commands.&lt;init&gt;(Commands.java:5)
	at io.michaelcane.Calculator.&lt;init&gt;(Calculator.java:6)
	at io.michaelcane.Commands.&lt;init&gt;(Commands.java:5)
	at io.michaelcane.Calculator.&lt;init&gt;(Calculator.java:6)
	at io.michaelcane.Commands.&lt;init&gt;(Commands.java:5)
	at io.michaelcane.Calculator.&lt;init&gt;(Calculator.java:6)
	at io.michaelcane.Commands.&lt;init&gt;(Commands.java:5)
	at io.michaelcane.Calculator.&lt;init&gt;(Calculator.java:6)
	at io.michaelcane.Commands.&lt;init&gt;(Commands.java:5)
	at io.michaelcane.Calculator.&lt;init&gt;(Calculator.java:6)
	at io.michaelcane.Commands.&lt;init&gt;(Commands.java:5)
	at io.michaelcane.Calculator.&lt;init&gt;(Calculator.java:6)
	at io.michaelcane.Commands.&lt;init&gt;(Commands.java:5)
	at io.michaelcane.Calculator.&lt;init&gt;(Calculator.java:6)
	at io.michaelcane.Commands.&lt;init&gt;(Commands.java:5)
	at io.michaelcane.Calculator.&lt;init&gt;(Calculator.java:6)
	at io.michaelcane.Commands.&lt;init&gt;(Commands.java:5)
	at io.michaelcane.Calculator.&lt;init&gt;(Calculator.java:6)
	at io.michaelcane.Commands.&lt;init&gt;(Commands.java:5)
	at io.michaelcane.Calculator.&lt;init&gt;(Calculator.java:6)
	at io.michaelcane.Commands.&lt;init&gt;(Commands.java:5)
	at io.michaelcane.Calculator.&lt;init&gt;(Calculator.java:6)
	at io.michaelcane.Commands.&lt;init&gt;(Commands.java:5)
	at io.michaelcane.Calculator.&lt;init&gt;(Calculator.java:6)
	at io.michaelcane.Commands.&lt;init&gt;(Commands.java:5)
	at io.michaelcane.Calculator.&lt;init&gt;(Calculator.java:6)
	at io.michaelcane.Commands.&lt;init&gt;(Commands.java:5)
	at io.michaelcane.Calculator.&lt;init&gt;(Calculator.java:6)
	at io.michaelcane.Commands.&lt;init&gt;(Commands.java:5)
	at io.michaelcane.Calculator.&lt;init&gt;(Calculator.java:6)
	at io.michaelcane.Commands.&lt;init&gt;(Commands.java:5)
	at io.michaelcane.Calculator.&lt;init&gt;(Calculator.java:6)
	at io.michaelcane.Commands.&lt;init&gt;(Commands.java:5)
</error>
  </testcase>
  <testcase classname="io.michaelcane.CalculatorSpec" name="test$naturalLogarithm" time="0.011">
    <error type="java.lang.StackOverflowError">java.lang.StackOverflowError
	at io.michaelcane.Calculator.&lt;init&gt;(Calculator.java:6)
	at io.michaelcane.Commands.&lt;init&gt;(Commands.java:5)
	at io.michaelcane.Calculator.&lt;init&gt;(Calculator.java:6)
	at io.michaelcane.Commands.&lt;init&gt;(Commands.java:5)
	at io.michaelcane.Calculator.&lt;init&gt;(Calculator.java:6)
	at io.michaelcane.Commands.&lt;init&gt;(Commands.java:5)
	at io.michaelcane.Calculator.&lt;init&gt;(Calculator.java:6)
	at io.michaelcane.Commands.&lt;init&gt;(Commands.java:5)
	at io.michaelcane.Calculator.&lt;init&gt;(Calculator.java:6)
	at io.michaelcane.Commands.&lt;init&gt;(Commands.java:5)
	at io.michaelcane.Calculator.&lt;init&gt;(Calculator.java:6)
	at io.michaelcane.Commands.&lt;init&gt;(Commands.java:5)
	at io.michaelcane.Calculator.&lt;init&gt;(Calculator.java:6)
	at io.michaelcane.Commands.&lt;init&gt;(Commands.java:5)
	at io.michaelcane.Calculator.&lt;init&gt;(Calculator.java:6)
	at io.michaelcane.Commands.&lt;init&gt;(Commands.java:5)
	at io.michaelcane.Calculator.&lt;init&gt;(Calculator.java:6)
	at io.michaelcane.Commands.&lt;init&gt;(Commands.java:5)
	at io.michaelcane.Calculator.&lt;init&gt;(Calculator.java:6)
	at io.michaelcane.Commands.&lt;init&gt;(Commands.java:5)
	at io.michaelcane.Calculator.&lt;init&gt;(Calculator.java:6)
	at io.michaelcane.Commands.&lt;init&gt;(Commands.java:5)
	at io.michaelcane.Calculator.&lt;init&gt;(Calculator.java:6)
	at io.michaelcane.Commands.&lt;init&gt;(Commands.java:5)
	at io.michaelcane.Calculator.&lt;init&gt;(Calculator.java:6)
	at io.michaelcane.Commands.&lt;init&gt;(Commands.java:5)
	at io.michaelcane.Calculator.&lt;init&gt;(Calculator.java:6)
	at io.michaelcane.Commands.&lt;init&gt;(Commands.java:5)
	at io.michaelcane.Calculator.&lt;init&gt;(Calculator.java:6)
	at io.michaelcane.Commands.&lt;init&gt;(Commands.java:5)
	at io.michaelcane.Calculator.&lt;init&gt;(Calculator.java:6)
	at io.michaelcane.Commands.&lt;init&gt;(Commands.java:5)
	at io.michaelcane.Calculator.&lt;init&gt;(Calculator.java:6)
	at io.michaelcane.Commands.&lt;init&gt;(Commands.java:5)
	at io.michaelcane.Calculator.&lt;init&gt;(Calculator.java:6)
	at io.michaelcane.Commands.&lt;init&gt;(Commands.java:5)
	at io.michaelcane.Calculator.&lt;init&gt;(Calculator.java:6)
	at io.michaelcane.Commands.&lt;init&gt;(Commands.java:5)
	at io.michaelcane.Calculator.&lt;init&gt;(Calculator.java:6)
	at io.michaelcane.Commands.&lt;init&gt;(Commands.java:5)
	at io.michaelcane.Calculator.&lt;init&gt;(Calculator.java:6)
	at io.michaelcane.Commands.&lt;init&gt;(Commands.java:5)
	at io.michaelcane.Calculator.&lt;init&gt;(Calculator.java:6)
	at io.michaelcane.Commands.&lt;init&gt;(Commands.java:5)
	at io.michaelcane.Calculator.&lt;init&gt;(Calculator.java:6)
	at io.michaelcane.Commands.&lt;init&gt;(Commands.java:5)
	at io.michaelcane.Calculator.&lt;init&gt;(Calculator.java:6)
	at io.michaelcane.Commands.&lt;init&gt;(Commands.java:5)
	at io.michaelcane.Calculator.&lt;init&gt;(Calculator.java:6)
	at io.michaelcane.Commands.&lt;init&gt;(Commands.java:5)
	at io.michaelcane.Calculator.&lt;init&gt;(Calculator.java:6)
	at io.michaelcane.Commands.&lt;init&gt;(Commands.java:5)
	at io.michaelcane.Calculator.&lt;init&gt;(Calculator.java:6)
	at io.michaelcane.Commands.&lt;init&gt;(Commands.java:5)
	at io.michaelcane.Calculator.&lt;init&gt;(Calculator.java:6)
	at io.michaelcane.Commands.&lt;init&gt;(Commands.java:5)
	at io.michaelcane.Calculator.&lt;init&gt;(Calculator.java:6)
	at io.michaelcane.Commands.&lt;init&gt;(Commands.java:5)
	at io.michaelcane.Calculator.&lt;init&gt;(Calculator.java:6)
	at io.michaelcane.Commands.&lt;init&gt;(Commands.java:5)
	at io.michaelcane.Calculator.&lt;init&gt;(Calculator.java:6)
	at io.michaelcane.Commands.&lt;init&gt;(Commands.java:5)
	at io.michaelcane.Calculator.&lt;init&gt;(Calculator.java:6)
	at io.michaelcane.Commands.&lt;init&gt;(Commands.java:5)
	at io.michaelcane.Calculator.&lt;init&gt;(Calculator.java:6)
	at io.michaelcane.Commands.&lt;init&gt;(Commands.java:5)
	at io.michaelcane.Calculator.&lt;init&gt;(Calculator.java:6)
	at io.michaelcane.Commands.&lt;init&gt;(Commands.java:5)
	at io.michaelcane.Calculator.&lt;init&gt;(Calculator.java:6)
	at io.michaelcane.Commands.&lt;init&gt;(Commands.java:5)
	at io.michaelcane.Calculator.&lt;init&gt;(Calculator.java:6)
	at io.michaelcane.Commands.&lt;init&gt;(Commands.java:5)
	at io.michaelcane.Calculator.&lt;init&gt;(Calculator.java:6)
	at io.michaelcane.Commands.&lt;init&gt;(Commands.java:5)
	at io.michaelcane.Calculator.&lt;init&gt;(Calculator.java:6)
	at io.michaelcane.Commands.&lt;init&gt;(Commands.java:5)
	at io.michaelcane.Calculator.&lt;init&gt;(Calculator.java:6)
	at io.michaelcane.Commands.&lt;init&gt;(Commands.java:5)
	at io.michaelcane.Calculator.&lt;init&gt;(Calculator.java:6)
	at io.michaelcane.Commands.&lt;init&gt;(Commands.java:5)
	at io.michaelcane.Calculator.&lt;init&gt;(Calculator.java:6)
	at io.michaelcane.Commands.&lt;init&gt;(Commands.java:5)
	at io.michaelcane.Calculator.&lt;init&gt;(Calculator.java:6)
	at io.michaelcane.Commands.&lt;init&gt;(Commands.java:5)
	at io.michaelcane.Calculator.&lt;init&gt;(Calculator.java:6)
	at io.michaelcane.Commands.&lt;init&gt;(Commands.java:5)
	at io.michaelcane.Calculator.&lt;init&gt;(Calculator.java:6)
	at io.michaelcane.Commands.&lt;init&gt;(Commands.java:5)
	at io.michaelcane.Calculator.&lt;init&gt;(Calculator.java:6)
	at io.michaelcane.Commands.&lt;init&gt;(Commands.java:5)
	at io.michaelcane.Calculator.&lt;init&gt;(Calculator.java:6)
	at io.michaelcane.Commands.&lt;init&gt;(Commands.java:5)
	at io.michaelcane.Calculator.&lt;init&gt;(Calculator.java:6)
	at io.michaelcane.Commands.&lt;init&gt;(Commands.java:5)
	at io.michaelcane.Calculator.&lt;init&gt;(Calculator.java:6)
	at io.michaelcane.Commands.&lt;init&gt;(Commands.java:5)
	at io.michaelcane.Calculator.&lt;init&gt;(Calculator.java:6)
	at io.michaelcane.Commands.&lt;init&gt;(Commands.java:5)
	at io.michaelcane.Calculator.&lt;init&gt;(Calculator.java:6)
	at io.michaelcane.Commands.&lt;init&gt;(Commands.java:5)
	at io.michaelcane.Calculator.&lt;init&gt;(Calculator.java:6)
	at io.michaelcane.Commands.&lt;init&gt;(Commands.java:5)
	at io.michaelcane.Calculator.&lt;init&gt;(Calculator.java:6)
	at io.michaelcane.Commands.&lt;init&gt;(Commands.java:5)
	at io.michaelcane.Calculator.&lt;init&gt;(Calculator.java:6)
	at io.michaelcane.Commands.&lt;init&gt;(Commands.java:5)
	at io.michaelcane.Calculator.&lt;init&gt;(Calculator.java:6)
	at io.michaelcane.Commands.&lt;init&gt;(Commands.java:5)
	at io.michaelcane.Calculator.&lt;init&gt;(Calculator.java:6)
	at io.michaelcane.Commands.&lt;init&gt;(Commands.java:5)
	at io.michaelcane.Calculator.&lt;init&gt;(Calculator.java:6)
	at io.michaelcane.Commands.&lt;init&gt;(Commands.java:5)
	at io.michaelcane.Calculator.&lt;init&gt;(Calculator.java:6)
	at io.michaelcane.Commands.&lt;init&gt;(Commands.java:5)
	at io.michaelcane.Calculator.&lt;init&gt;(Calculator.java:6)
	at io.michaelcane.Commands.&lt;init&gt;(Commands.java:5)
	at io.michaelcane.Calculator.&lt;init&gt;(Calculator.java:6)
	at io.michaelcane.Commands.&lt;init&gt;(Commands.java:5)
	at io.michaelcane.Calculator.&lt;init&gt;(Calculator.java:6)
	at io.michaelcane.Commands.&lt;init&gt;(Commands.java:5)
	at io.michaelcane.Calculator.&lt;init&gt;(Calculator.java:6)
	at io.michaelcane.Commands.&lt;init&gt;(Commands.java:5)
	at io.michaelcane.Calculator.&lt;init&gt;(Calculator.java:6)
	at io.michaelcane.Commands.&lt;init&gt;(Commands.java:5)
	at io.michaelcane.Calculator.&lt;init&gt;(Calculator.java:6)
	at io.michaelcane.Commands.&lt;init&gt;(Commands.java:5)
	at io.michaelcane.Calculator.&lt;init&gt;(Calculator.java:6)
	at io.michaelcane.Commands.&lt;init&gt;(Commands.java:5)
	at io.michaelcane.Calculator.&lt;init&gt;(Calculator.java:6)
	at io.michaelcane.Commands.&lt;init&gt;(Commands.java:5)
	at io.michaelcane.Calculator.&lt;init&gt;(Calculator.java:6)
	at io.michaelcane.Commands.&lt;init&gt;(Commands.java:5)
	at io.michaelcane.Calculator.&lt;init&gt;(Calculator.java:6)
	at io.michaelcane.Commands.&lt;init&gt;(Commands.java:5)
	at io.michaelcane.Calculator.&lt;init&gt;(Calculator.java:6)
	at io.michaelcane.Commands.&lt;init&gt;(Commands.java:5)
	at io.michaelcane.Calculator.&lt;init&gt;(Calculator.java:6)
	at io.michaelcane.Commands.&lt;init&gt;(Commands.java:5)
	at io.michaelcane.Calculator.&lt;init&gt;(Calculator.java:6)
	at io.michaelcane.Commands.&lt;init&gt;(Commands.java:5)
	at io.michaelcane.Calculator.&lt;init&gt;(Calculator.java:6)
	at io.michaelcane.Commands.&lt;init&gt;(Commands.java:5)
	at io.michaelcane.Calculator.&lt;init&gt;(Calculator.java:6)
	at io.michaelcane.Commands.&lt;init&gt;(Commands.java:5)
	at io.michaelcane.Calculator.&lt;init&gt;(Calculator.java:6)
	at io.michaelcane.Commands.&lt;init&gt;(Commands.java:5)
	at io.michaelcane.Calculator.&lt;init&gt;(Calculator.java:6)
	at io.michaelcane.Commands.&lt;init&gt;(Commands.java:5)
	at io.michaelcane.Calculator.&lt;init&gt;(Calculator.java:6)
	at io.michaelcane.Commands.&lt;init&gt;(Commands.java:5)
	at io.michaelcane.Calculator.&lt;init&gt;(Calculator.java:6)
	at io.michaelcane.Commands.&lt;init&gt;(Commands.java:5)
	at io.michaelcane.Calculator.&lt;init&gt;(Calculator.java:6)
	at io.michaelcane.Commands.&lt;init&gt;(Commands.java:5)
	at io.michaelcane.Calculator.&lt;init&gt;(Calculator.java:6)
	at io.michaelcane.Commands.&lt;init&gt;(Commands.java:5)
	at io.michaelcane.Calculator.&lt;init&gt;(Calculator.java:6)
	at io.michaelcane.Commands.&lt;init&gt;(Commands.java:5)
	at io.michaelcane.Calculator.&lt;init&gt;(Calculator.java:6)
	at io.michaelcane.Commands.&lt;init&gt;(Commands.java:5)
	at io.michaelcane.Calculator.&lt;init&gt;(Calculator.java:6)
	at io.michaelcane.Commands.&lt;init&gt;(Commands.java:5)
	at io.michaelcane.Calculator.&lt;init&gt;(Calculator.java:6)
	at io.michaelcane.Commands.&lt;init&gt;(Commands.java:5)
	at io.michaelcane.Calculator.&lt;init&gt;(Calculator.java:6)
	at io.michaelcane.Commands.&lt;init&gt;(Commands.java:5)
	at io.michaelcane.Calculator.&lt;init&gt;(Calculator.java:6)
	at io.michaelcane.Commands.&lt;init&gt;(Commands.java:5)
	at io.michaelcane.Calculator.&lt;init&gt;(Calculator.java:6)
	at io.michaelcane.Commands.&lt;init&gt;(Commands.java:5)
	at io.michaelcane.Calculator.&lt;init&gt;(Calculator.java:6)
	at io.michaelcane.Commands.&lt;init&gt;(Commands.java:5)
	at io.michaelcane.Calculator.&lt;init&gt;(Calculator.java:6)
	at io.michaelcane.Commands.&lt;init&gt;(Commands.java:5)
	at io.michaelcane.Calculator.&lt;init&gt;(Calculator.java:6)
	at io.michaelcane.Commands.&lt;init&gt;(Commands.java:5)
	at io.michaelcane.Calculator.&lt;init&gt;(Calculator.java:6)
	at io.michaelcane.Commands.&lt;init&gt;(Commands.java:5)
	at io.michaelcane.Calculator.&lt;init&gt;(Calculator.java:6)
	at io.michaelcane.Commands.&lt;init&gt;(Commands.java:5)
	at io.michaelcane.Calculator.&lt;init&gt;(Calculator.java:6)
	at io.michaelcane.Commands.&lt;init&gt;(Commands.java:5)
	at io.michaelcane.Calculator.&lt;init&gt;(Calculator.java:6)
	at io.michaelcane.Commands.&lt;init&gt;(Commands.java:5)
	at io.michaelcane.Calculator.&lt;init&gt;(Calculator.java:6)
	at io.michaelcane.Commands.&lt;init&gt;(Commands.java:5)
	at io.michaelcane.Calculator.&lt;init&gt;(Calculator.java:6)
	at io.michaelcane.Commands.&lt;init&gt;(Commands.java:5)
	at io.michaelcane.Calculator.&lt;init&gt;(Calculator.java:6)
	at io.michaelcane.Commands.&lt;init&gt;(Commands.java:5)
	at io.michaelcane.Calculator.&lt;init&gt;(Calculator.java:6)
	at io.michaelcane.Commands.&lt;init&gt;(Commands.java:5)
	at io.michaelcane.Calculator.&lt;init&gt;(Calculator.java:6)
	at io.michaelcane.Commands.&lt;init&gt;(Commands.java:5)
	at io.michaelcane.Calculator.&lt;init&gt;(Calculator.java:6)
	at io.michaelcane.Commands.&lt;init&gt;(Commands.java:5)
	at io.michaelcane.Calculator.&lt;init&gt;(Calculator.java:6)
	at io.michaelcane.Commands.&lt;init&gt;(Commands.java:5)
	at io.michaelcane.Calculator.&lt;init&gt;(Calculator.java:6)
	at io.michaelcane.Commands.&lt;init&gt;(Commands.java:5)
	at io.michaelcane.Calculator.&lt;init&gt;(Calculator.java:6)
	at io.michaelcane.Commands.&lt;init&gt;(Commands.java:5)
	at io.michaelcane.Calculator.&lt;init&gt;(Calculator.java:6)
	at io.michaelcane.Commands.&lt;init&gt;(Commands.java:5)
	at io.michaelcane.Calculator.&lt;init&gt;(Calculator.java:6)
	at io.michaelcane.Commands.&lt;init&gt;(Commands.java:5)
	at io.michaelcane.Calculator.&lt;init&gt;(Calculator.java:6)
	at io.michaelcane.Commands.&lt;init&gt;(Commands.java:5)
	at io.michaelcane.Calculator.&lt;init&gt;(Calculator.java:6)
	at io.michaelcane.Commands.&lt;init&gt;(Commands.java:5)
	at io.michaelcane.Calculator.&lt;init&gt;(Calculator.java:6)
	at io.michaelcane.Commands.&lt;init&gt;(Commands.java:5)
	at io.michaelcane.Calculator.&lt;init&gt;(Calculator.java:6)
	at io.michaelcane.Commands.&lt;init&gt;(Commands.java:5)
	at io.michaelcane.Calculator.&lt;init&gt;(Calculator.java:6)
	at io.michaelcane.Commands.&lt;init&gt;(Commands.java:5)
	at io.michaelcane.Calculator.&lt;init&gt;(Calculator.java:6)
	at io.michaelcane.Commands.&lt;init&gt;(Commands.java:5)
	at io.michaelcane.Calculator.&lt;init&gt;(Calculator.java:6)
	at io.michaelcane.Commands.&lt;init&gt;(Commands.java:5)
	at io.michaelcane.Calculator.&lt;init&gt;(Calculator.java:6)
	at io.michaelcane.Commands.&lt;init&gt;(Commands.java:5)
	at io.michaelcane.Calculator.&lt;init&gt;(Calculator.java:6)
	at io.michaelcane.Commands.&lt;init&gt;(Commands.java:5)
	at io.michaelcane.Calculator.&lt;init&gt;(Calculator.java:6)
	at io.michaelcane.Commands.&lt;init&gt;(Commands.java:5)
	at io.michaelcane.Calculator.&lt;init&gt;(Calculator.java:6)
	at io.michaelcane.Commands.&lt;init&gt;(Commands.java:5)
	at io.michaelcane.Calculator.&lt;init&gt;(Calculator.java:6)
	at io.michaelcane.Commands.&lt;init&gt;(Commands.java:5)
	at io.michaelcane.Calculator.&lt;init&gt;(Calculator.java:6)
	at io.michaelcane.Commands.&lt;init&gt;(Commands.java:5)
	at io.michaelcane.Calculator.&lt;init&gt;(Calculator.java:6)
	at io.michaelcane.Commands.&lt;init&gt;(Commands.java:5)
	at io.michaelcane.Calculator.&lt;init&gt;(Calculator.java:6)
	at io.michaelcane.Commands.&lt;init&gt;(Commands.java:5)
	at io.michaelcane.Calculator.&lt;init&gt;(Calculator.java:6)
	at io.michaelcane.Commands.&lt;init&gt;(Commands.java:5)
	at io.michaelcane.Calculator.&lt;init&gt;(Calculator.java:6)
	at io.michaelcane.Commands.&lt;init&gt;(Commands.java:5)
	at io.michaelcane.Calculator.&lt;init&gt;(Calculator.java:6)
	at io.michaelcane.Commands.&lt;init&gt;(Commands.java:5)
	at io.michaelcane.Calculator.&lt;init&gt;(Calculator.java:6)
	at io.michaelcane.Commands.&lt;init&gt;(Commands.java:5)
	at io.michaelcane.Calculator.&lt;init&gt;(Calculator.java:6)
	at io.michaelcane.Commands.&lt;init&gt;(Commands.java:5)
	at io.michaelcane.Calculator.&lt;init&gt;(Calculator.java:6)
	at io.michaelcane.Commands.&lt;init&gt;(Commands.java:5)
	at io.michaelcane.Calculator.&lt;init&gt;(Calculator.java:6)
	at io.michaelcane.Commands.&lt;init&gt;(Commands.java:5)
	at io.michaelcane.Calculator.&lt;init&gt;(Calculator.java:6)
	at io.michaelcane.Commands.&lt;init&gt;(Commands.java:5)
	at io.michaelcane.Calculator.&lt;init&gt;(Calculator.java:6)
	at io.michaelcane.Commands.&lt;init&gt;(Commands.java:5)
	at io.michaelcane.Calculator.&lt;init&gt;(Calculator.java:6)
	at io.michaelcane.Commands.&lt;init&gt;(Commands.java:5)
	at io.michaelcane.Calculator.&lt;init&gt;(Calculator.java:6)
	at io.michaelcane.Commands.&lt;init&gt;(Commands.java:5)
	at io.michaelcane.Calculator.&lt;init&gt;(Calculator.java:6)
	at io.michaelcane.Commands.&lt;init&gt;(Commands.java:5)
	at io.michaelcane.Calculator.&lt;init&gt;(Calculator.java:6)
	at io.michaelcane.Commands.&lt;init&gt;(Commands.java:5)
	at io.michaelcane.Calculator.&lt;init&gt;(Calculator.java:6)
	at io.michaelcane.Commands.&lt;init&gt;(Commands.java:5)
	at io.michaelcane.Calculator.&lt;init&gt;(Calculator.java:6)
	at io.michaelcane.Commands.&lt;init&gt;(Commands.java:5)
	at io.michaelcane.Calculator.&lt;init&gt;(Calculator.java:6)
	at io.michaelcane.Commands.&lt;init&gt;(Commands.java:5)
	at io.michaelcane.Calculator.&lt;init&gt;(Calculator.java:6)
	at io.michaelcane.Commands.&lt;init&gt;(Commands.java:5)
	at io.michaelcane.Calculator.&lt;init&gt;(Calculator.java:6)
	at io.michaelcane.Commands.&lt;init&gt;(Commands.java:5)
	at io.michaelcane.Calculator.&lt;init&gt;(Calculator.java:6)
	at io.michaelcane.Commands.&lt;init&gt;(Commands.java:5)
	at io.michaelcane.Calculator.&lt;init&gt;(Calculator.java:6)
	at io.michaelcane.Commands.&lt;init&gt;(Commands.java:5)
	at io.michaelcane.Calculator.&lt;init&gt;(Calculator.java:6)
	at io.michaelcane.Commands.&lt;init&gt;(Commands.java:5)
	at io.michaelcane.Calculator.&lt;init&gt;(Calculator.java:6)
	at io.michaelcane.Commands.&lt;init&gt;(Commands.java:5)
	at io.michaelcane.Calculator.&lt;init&gt;(Calculator.java:6)
	at io.michaelcane.Commands.&lt;init&gt;(Commands.java:5)
	at io.michaelcane.Calculator.&lt;init&gt;(Calculator.java:6)
	at io.michaelcane.Commands.&lt;init&gt;(Commands.java:5)
	at io.michaelcane.Calculator.&lt;init&gt;(Calculator.java:6)
	at io.michaelcane.Commands.&lt;init&gt;(Commands.java:5)
	at io.michaelcane.Calculator.&lt;init&gt;(Calculator.java:6)
	at io.michaelcane.Commands.&lt;init&gt;(Commands.java:5)
	at io.michaelcane.Calculator.&lt;init&gt;(Calculator.java:6)
	at io.michaelcane.Commands.&lt;init&gt;(Commands.java:5)
	at io.michaelcane.Calculator.&lt;init&gt;(Calculator.java:6)
	at io.michaelcane.Commands.&lt;init&gt;(Commands.java:5)
	at io.michaelcane.Calculator.&lt;init&gt;(Calculator.java:6)
	at io.michaelcane.Commands.&lt;init&gt;(Commands.java:5)
	at io.michaelcane.Calculator.&lt;init&gt;(Calculator.java:6)
	at io.michaelcane.Commands.&lt;init&gt;(Commands.java:5)
	at io.michaelcane.Calculator.&lt;init&gt;(Calculator.java:6)
	at io.michaelcane.Commands.&lt;init&gt;(Commands.java:5)
	at io.michaelcane.Calculator.&lt;init&gt;(Calculator.java:6)
	at io.michaelcane.Commands.&lt;init&gt;(Commands.java:5)
	at io.michaelcane.Calculator.&lt;init&gt;(Calculator.java:6)
	at io.michaelcane.Commands.&lt;init&gt;(Commands.java:5)
	at io.michaelcane.Calculator.&lt;init&gt;(Calculator.java:6)
	at io.michaelcane.Commands.&lt;init&gt;(Commands.java:5)
	at io.michaelcane.Calculator.&lt;init&gt;(Calculator.java:6)
	at io.michaelcane.Commands.&lt;init&gt;(Commands.java:5)
	at io.michaelcane.Calculator.&lt;init&gt;(Calculator.java:6)
	at io.michaelcane.Commands.&lt;init&gt;(Commands.java:5)
	at io.michaelcane.Calculator.&lt;init&gt;(Calculator.java:6)
	at io.michaelcane.Commands.&lt;init&gt;(Commands.java:5)
	at io.michaelcane.Calculator.&lt;init&gt;(Calculator.java:6)
	at io.michaelcane.Commands.&lt;init&gt;(Commands.java:5)
	at io.michaelcane.Calculator.&lt;init&gt;(Calculator.java:6)
	at io.michaelcane.Commands.&lt;init&gt;(Commands.java:5)
	at io.michaelcane.Calculator.&lt;init&gt;(Calculator.java:6)
	at io.michaelcane.Commands.&lt;init&gt;(Commands.java:5)
	at io.michaelcane.Calculator.&lt;init&gt;(Calculator.java:6)
	at io.michaelcane.Commands.&lt;init&gt;(Commands.java:5)
	at io.michaelcane.Calculator.&lt;init&gt;(Calculator.java:6)
	at io.michaelcane.Commands.&lt;init&gt;(Commands.java:5)
	at io.michaelcane.Calculator.&lt;init&gt;(Calculator.java:6)
	at io.michaelcane.Commands.&lt;init&gt;(Commands.java:5)
	at io.michaelcane.Calculator.&lt;init&gt;(Calculator.java:6)
	at io.michaelcane.Commands.&lt;init&gt;(Commands.java:5)
	at io.michaelcane.Calculator.&lt;init&gt;(Calculator.java:6)
	at io.michaelcane.Commands.&lt;init&gt;(Commands.java:5)
	at io.michaelcane.Calculator.&lt;init&gt;(Calculator.java:6)
	at io.michaelcane.Commands.&lt;init&gt;(Commands.java:5)
	at io.michaelcane.Calculator.&lt;init&gt;(Calculator.java:6)
	at io.michaelcane.Commands.&lt;init&gt;(Commands.java:5)
	at io.michaelcane.Calculator.&lt;init&gt;(Calculator.java:6)
	at io.michaelcane.Commands.&lt;init&gt;(Commands.java:5)
	at io.michaelcane.Calculator.&lt;init&gt;(Calculator.java:6)
	at io.michaelcane.Commands.&lt;init&gt;(Commands.java:5)
	at io.michaelcane.Calculator.&lt;init&gt;(Calculator.java:6)
	at io.michaelcane.Commands.&lt;init&gt;(Commands.java:5)
	at io.michaelcane.Calculator.&lt;init&gt;(Calculator.java:6)
	at io.michaelcane.Commands.&lt;init&gt;(Commands.java:5)
	at io.michaelcane.Calculator.&lt;init&gt;(Calculator.java:6)
	at io.michaelcane.Commands.&lt;init&gt;(Commands.java:5)
	at io.michaelcane.Calculator.&lt;init&gt;(Calculator.java:6)
	at io.michaelcane.Commands.&lt;init&gt;(Commands.java:5)
	at io.michaelcane.Calculator.&lt;init&gt;(Calculator.java:6)
	at io.michaelcane.Commands.&lt;init&gt;(Commands.java:5)
	at io.michaelcane.Calculator.&lt;init&gt;(Calculator.java:6)
	at io.michaelcane.Commands.&lt;init&gt;(Commands.java:5)
	at io.michaelcane.Calculator.&lt;init&gt;(Calculator.java:6)
	at io.michaelcane.Commands.&lt;init&gt;(Commands.java:5)
	at io.michaelcane.Calculator.&lt;init&gt;(Calculator.java:6)
	at io.michaelcane.Commands.&lt;init&gt;(Commands.java:5)
	at io.michaelcane.Calculator.&lt;init&gt;(Calculator.java:6)
	at io.michaelcane.Commands.&lt;init&gt;(Commands.java:5)
	at io.michaelcane.Calculator.&lt;init&gt;(Calculator.java:6)
	at io.michaelcane.Commands.&lt;init&gt;(Commands.java:5)
	at io.michaelcane.Calculator.&lt;init&gt;(Calculator.java:6)
	at io.michaelcane.Commands.&lt;init&gt;(Commands.java:5)
	at io.michaelcane.Calculator.&lt;init&gt;(Calculator.java:6)
	at io.michaelcane.Commands.&lt;init&gt;(Commands.java:5)
	at io.michaelcane.Calculator.&lt;init&gt;(Calculator.java:6)
	at io.michaelcane.Commands.&lt;init&gt;(Commands.java:5)
	at io.michaelcane.Calculator.&lt;init&gt;(Calculator.java:6)
	at io.michaelcane.Commands.&lt;init&gt;(Commands.java:5)
	at io.michaelcane.Calculator.&lt;init&gt;(Calculator.java:6)
	at io.michaelcane.Commands.&lt;init&gt;(Commands.java:5)
	at io.michaelcane.Calculator.&lt;init&gt;(Calculator.java:6)
	at io.michaelcane.Commands.&lt;init&gt;(Commands.java:5)
	at io.michaelcane.Calculator.&lt;init&gt;(Calculator.java:6)
	at io.michaelcane.Commands.&lt;init&gt;(Commands.java:5)
	at io.michaelcane.Calculator.&lt;init&gt;(Calculator.java:6)
	at io.michaelcane.Commands.&lt;init&gt;(Commands.java:5)
	at io.michaelcane.Calculator.&lt;init&gt;(Calculator.java:6)
	at io.michaelcane.Commands.&lt;init&gt;(Commands.java:5)
	at io.michaelcane.Calculator.&lt;init&gt;(Calculator.java:6)
	at io.michaelcane.Commands.&lt;init&gt;(Commands.java:5)
	at io.michaelcane.Calculator.&lt;init&gt;(Calculator.java:6)
	at io.michaelcane.Commands.&lt;init&gt;(Commands.java:5)
	at io.michaelcane.Calculator.&lt;init&gt;(Calculator.java:6)
	at io.michaelcane.Commands.&lt;init&gt;(Commands.java:5)
	at io.michaelcane.Calculator.&lt;init&gt;(Calculator.java:6)
	at io.michaelcane.Commands.&lt;init&gt;(Commands.java:5)
	at io.michaelcane.Calculator.&lt;init&gt;(Calculator.java:6)
	at io.michaelcane.Commands.&lt;init&gt;(Commands.java:5)
	at io.michaelcane.Calculator.&lt;init&gt;(Calculator.java:6)
	at io.michaelcane.Commands.&lt;init&gt;(Commands.java:5)
	at io.michaelcane.Calculator.&lt;init&gt;(Calculator.java:6)
	at io.michaelcane.Commands.&lt;init&gt;(Commands.java:5)
	at io.michaelcane.Calculator.&lt;init&gt;(Calculator.java:6)
	at io.michaelcane.Commands.&lt;init&gt;(Commands.java:5)
	at io.michaelcane.Calculator.&lt;init&gt;(Calculator.java:6)
	at io.michaelcane.Commands.&lt;init&gt;(Commands.java:5)
	at io.michaelcane.Calculator.&lt;init&gt;(Calculator.java:6)
	at io.michaelcane.Commands.&lt;init&gt;(Commands.java:5)
	at io.michaelcane.Calculator.&lt;init&gt;(Calculator.java:6)
	at io.michaelcane.Commands.&lt;init&gt;(Commands.java:5)
	at io.michaelcane.Calculator.&lt;init&gt;(Calculator.java:6)
	at io.michaelcane.Commands.&lt;init&gt;(Commands.java:5)
	at io.michaelcane.Calculator.&lt;init&gt;(Calculator.java:6)
	at io.michaelcane.Commands.&lt;init&gt;(Commands.java:5)
	at io.michaelcane.Calculator.&lt;init&gt;(Calculator.java:6)
	at io.michaelcane.Commands.&lt;init&gt;(Commands.java:5)
	at io.michaelcane.Calculator.&lt;init&gt;(Calculator.java:6)
	at io.michaelcane.Commands.&lt;init&gt;(Commands.java:5)
	at io.michaelcane.Calculator.&lt;init&gt;(Calculator.java:6)
	at io.michaelcane.Commands.&lt;init&gt;(Commands.java:5)
	at io.michaelcane.Calculator.&lt;init&gt;(Calculator.java:6)
	at io.michaelcane.Commands.&lt;init&gt;(Commands.java:5)
	at io.michaelcane.Calculator.&lt;init&gt;(Calculator.java:6)
	at io.michaelcane.Commands.&lt;init&gt;(Commands.java:5)
	at io.michaelcane.Calculator.&lt;init&gt;(Calculator.java:6)
	at io.michaelcane.Commands.&lt;init&gt;(Commands.java:5)
	at io.michaelcane.Calculator.&lt;init&gt;(Calculator.java:6)
	at io.michaelcane.Commands.&lt;init&gt;(Commands.java:5)
	at io.michaelcane.Calculator.&lt;init&gt;(Calculator.java:6)
	at io.michaelcane.Commands.&lt;init&gt;(Commands.java:5)
	at io.michaelcane.Calculator.&lt;init&gt;(Calculator.java:6)
	at io.michaelcane.Commands.&lt;init&gt;(Commands.java:5)
	at io.michaelcane.Calculator.&lt;init&gt;(Calculator.java:6)
	at io.michaelcane.Commands.&lt;init&gt;(Commands.java:5)
	at io.michaelcane.Calculator.&lt;init&gt;(Calculator.java:6)
	at io.michaelcane.Commands.&lt;init&gt;(Commands.java:5)
	at io.michaelcane.Calculator.&lt;init&gt;(Calculator.java:6)
	at io.michaelcane.Commands.&lt;init&gt;(Commands.java:5)
	at io.michaelcane.Calculator.&lt;init&gt;(Calculator.java:6)
	at io.michaelcane.Commands.&lt;init&gt;(Commands.java:5)
	at io.michaelcane.Calculator.&lt;init&gt;(Calculator.java:6)
	at io.michaelcane.Commands.&lt;init&gt;(Commands.java:5)
	at io.michaelcane.Calculator.&lt;init&gt;(Calculator.java:6)
	at io.michaelcane.Commands.&lt;init&gt;(Commands.java:5)
	at io.michaelcane.Calculator.&lt;init&gt;(Calculator.java:6)
	at io.michaelcane.Commands.&lt;init&gt;(Commands.java:5)
	at io.michaelcane.Calculator.&lt;init&gt;(Calculator.java:6)
	at io.michaelcane.Commands.&lt;init&gt;(Commands.java:5)
	at io.michaelcane.Calculator.&lt;init&gt;(Calculator.java:6)
	at io.michaelcane.Commands.&lt;init&gt;(Commands.java:5)
	at io.michaelcane.Calculator.&lt;init&gt;(Calculator.java:6)
	at io.michaelcane.Commands.&lt;init&gt;(Commands.java:5)
	at io.michaelcane.Calculator.&lt;init&gt;(Calculator.java:6)
	at io.michaelcane.Commands.&lt;init&gt;(Commands.java:5)
	at io.michaelcane.Calculator.&lt;init&gt;(Calculator.java:6)
	at io.michaelcane.Commands.&lt;init&gt;(Commands.java:5)
	at io.michaelcane.Calculator.&lt;init&gt;(Calculator.java:6)
	at io.michaelcane.Commands.&lt;init&gt;(Commands.java:5)
	at io.michaelcane.Calculator.&lt;init&gt;(Calculator.java:6)
	at io.michaelcane.Commands.&lt;init&gt;(Commands.java:5)
	at io.michaelcane.Calculator.&lt;init&gt;(Calculator.java:6)
	at io.michaelcane.Commands.&lt;init&gt;(Commands.java:5)
	at io.michaelcane.Calculator.&lt;init&gt;(Calculator.java:6)
	at io.michaelcane.Commands.&lt;init&gt;(Commands.java:5)
	at io.michaelcane.Calculator.&lt;init&gt;(Calculator.java:6)
	at io.michaelcane.Commands.&lt;init&gt;(Commands.java:5)
	at io.michaelcane.Calculator.&lt;init&gt;(Calculator.java:6)
	at io.michaelcane.Commands.&lt;init&gt;(Commands.java:5)
	at io.michaelcane.Calculator.&lt;init&gt;(Calculator.java:6)
	at io.michaelcane.Commands.&lt;init&gt;(Commands.java:5)
	at io.michaelcane.Calculator.&lt;init&gt;(Calculator.java:6)
	at io.michaelcane.Commands.&lt;init&gt;(Commands.java:5)
	at io.michaelcane.Calculator.&lt;init&gt;(Calculator.java:6)
	at io.michaelcane.Commands.&lt;init&gt;(Commands.java:5)
	at io.michaelcane.Calculator.&lt;init&gt;(Calculator.java:6)
	at io.michaelcane.Commands.&lt;init&gt;(Commands.java:5)
	at io.michaelcane.Calculator.&lt;init&gt;(Calculator.java:6)
	at io.michaelcane.Commands.&lt;init&gt;(Commands.java:5)
	at io.michaelcane.Calculator.&lt;init&gt;(Calculator.java:6)
	at io.michaelcane.Commands.&lt;init&gt;(Commands.java:5)
	at io.michaelcane.Calculator.&lt;init&gt;(Calculator.java:6)
	at io.michaelcane.Commands.&lt;init&gt;(Commands.java:5)
	at io.michaelcane.Calculator.&lt;init&gt;(Calculator.java:6)
	at io.michaelcane.Commands.&lt;init&gt;(Commands.java:5)
	at io.michaelcane.Calculator.&lt;init&gt;(Calculator.java:6)
	at io.michaelcane.Commands.&lt;init&gt;(Commands.java:5)
	at io.michaelcane.Calculator.&lt;init&gt;(Calculator.java:6)
	at io.michaelcane.Commands.&lt;init&gt;(Commands.java:5)
	at io.michaelcane.Calculator.&lt;init&gt;(Calculator.java:6)
	at io.michaelcane.Commands.&lt;init&gt;(Commands.java:5)
	at io.michaelcane.Calculator.&lt;init&gt;(Calculator.java:6)
	at io.michaelcane.Commands.&lt;init&gt;(Commands.java:5)
	at io.michaelcane.Calculator.&lt;init&gt;(Calculator.java:6)
	at io.michaelcane.Commands.&lt;init&gt;(Commands.java:5)
	at io.michaelcane.Calculator.&lt;init&gt;(Calculator.java:6)
	at io.michaelcane.Commands.&lt;init&gt;(Commands.java:5)
	at io.michaelcane.Calculator.&lt;init&gt;(Calculator.java:6)
	at io.michaelcane.Commands.&lt;init&gt;(Commands.java:5)
	at io.michaelcane.Calculator.&lt;init&gt;(Calculator.java:6)
	at io.michaelcane.Commands.&lt;init&gt;(Commands.java:5)
	at io.michaelcane.Calculator.&lt;init&gt;(Calculator.java:6)
	at io.michaelcane.Commands.&lt;init&gt;(Commands.java:5)
	at io.michaelcane.Calculator.&lt;init&gt;(Calculator.java:6)
	at io.michaelcane.Commands.&lt;init&gt;(Commands.java:5)
	at io.michaelcane.Calculator.&lt;init&gt;(Calculator.java:6)
	at io.michaelcane.Commands.&lt;init&gt;(Commands.java:5)
	at io.michaelcane.Calculator.&lt;init&gt;(Calculator.java:6)
	at io.michaelcane.Commands.&lt;init&gt;(Commands.java:5)
	at io.michaelcane.Calculator.&lt;init&gt;(Calculator.java:6)
	at io.michaelcane.Commands.&lt;init&gt;(Commands.java:5)
	at io.michaelcane.Calculator.&lt;init&gt;(Calculator.java:6)
	at io.michaelcane.Commands.&lt;init&gt;(Commands.java:5)
	at io.michaelcane.Calculator.&lt;init&gt;(Calculator.java:6)
	at io.michaelcane.Commands.&lt;init&gt;(Commands.java:5)
	at io.michaelcane.Calculator.&lt;init&gt;(Calculator.java:6)
	at io.michaelcane.Commands.&lt;init&gt;(Commands.java:5)
	at io.michaelcane.Calculator.&lt;init&gt;(Calculator.java:6)
	at io.michaelcane.Commands.&lt;init&gt;(Commands.java:5)
	at io.michaelcane.Calculator.&lt;init&gt;(Calculator.java:6)
	at io.michaelcane.Commands.&lt;init&gt;(Commands.java:5)
	at io.michaelcane.Calculator.&lt;init&gt;(Calculator.java:6)
	at io.michaelcane.Commands.&lt;init&gt;(Commands.java:5)
	at io.michaelcane.Calculator.&lt;init&gt;(Calculator.java:6)
	at io.michaelcane.Commands.&lt;init&gt;(Commands.java:5)
	at io.michaelcane.Calculator.&lt;init&gt;(Calculator.java:6)
	at io.michaelcane.Commands.&lt;init&gt;(Commands.java:5)
	at io.michaelcane.Calculator.&lt;init&gt;(Calculator.java:6)
	at io.michaelcane.Commands.&lt;init&gt;(Commands.java:5)
	at io.michaelcane.Calculator.&lt;init&gt;(Calculator.java:6)
	at io.michaelcane.Commands.&lt;init&gt;(Commands.java:5)
	at io.michaelcane.Calculator.&lt;init&gt;(Calculator.java:6)
	at io.michaelcane.Commands.&lt;init&gt;(Commands.java:5)
	at io.michaelcane.Calculator.&lt;init&gt;(Calculator.java:6)
	at io.michaelcane.Commands.&lt;init&gt;(Commands.java:5)
	at io.michaelcane.Calculator.&lt;init&gt;(Calculator.java:6)
	at io.michaelcane.Commands.&lt;init&gt;(Commands.java:5)
	at io.michaelcane.Calculator.&lt;init&gt;(Calculator.java:6)
	at io.michaelcane.Commands.&lt;init&gt;(Commands.java:5)
	at io.michaelcane.Calculator.&lt;init&gt;(Calculator.java:6)
	at io.michaelcane.Commands.&lt;init&gt;(Commands.java:5)
	at io.michaelcane.Calculator.&lt;init&gt;(Calculator.java:6)
	at io.michaelcane.Commands.&lt;init&gt;(Commands.java:5)
	at io.michaelcane.Calculator.&lt;init&gt;(Calculator.java:6)
	at io.michaelcane.Commands.&lt;init&gt;(Commands.java:5)
	at io.michaelcane.Calculator.&lt;init&gt;(Calculator.java:6)
	at io.michaelcane.Commands.&lt;init&gt;(Commands.java:5)
	at io.michaelcane.Calculator.&lt;init&gt;(Calculator.java:6)
	at io.michaelcane.Commands.&lt;init&gt;(Commands.java:5)
	at io.michaelcane.Calculator.&lt;init&gt;(Calculator.java:6)
	at io.michaelcane.Commands.&lt;init&gt;(Commands.java:5)
	at io.michaelcane.Calculator.&lt;init&gt;(Calculator.java:6)
	at io.michaelcane.Commands.&lt;init&gt;(Commands.java:5)
	at io.michaelcane.Calculator.&lt;init&gt;(Calculator.java:6)
	at io.michaelcane.Commands.&lt;init&gt;(Commands.java:5)
	at io.michaelcane.Calculator.&lt;init&gt;(Calculator.java:6)
	at io.michaelcane.Commands.&lt;init&gt;(Commands.java:5)
	at io.michaelcane.Calculator.&lt;init&gt;(Calculator.java:6)
	at io.michaelcane.Commands.&lt;init&gt;(Commands.java:5)
	at io.michaelcane.Calculator.&lt;init&gt;(Calculator.java:6)
	at io.michaelcane.Commands.&lt;init&gt;(Commands.java:5)
	at io.michaelcane.Calculator.&lt;init&gt;(Calculator.java:6)
	at io.michaelcane.Commands.&lt;init&gt;(Commands.java:5)
	at io.michaelcane.Calculator.&lt;init&gt;(Calculator.java:6)
	at io.michaelcane.Commands.&lt;init&gt;(Commands.java:5)
	at io.michaelcane.Calculator.&lt;init&gt;(Calculator.java:6)
	at io.michaelcane.Commands.&lt;init&gt;(Commands.java:5)
	at io.michaelcane.Calculator.&lt;init&gt;(Calculator.java:6)
	at io.michaelcane.Commands.&lt;init&gt;(Commands.java:5)
	at io.michaelcane.Calculator.&lt;init&gt;(Calculator.java:6)
	at io.michaelcane.Commands.&lt;init&gt;(Commands.java:5)
	at io.michaelcane.Calculator.&lt;init&gt;(Calculator.java:6)
	at io.michaelcane.Commands.&lt;init&gt;(Commands.java:5)
	at io.michaelcane.Calculator.&lt;init&gt;(Calculator.java:6)
	at io.michaelcane.Commands.&lt;init&gt;(Commands.java:5)
	at io.michaelcane.Calculator.&lt;init&gt;(Calculator.java:6)
	at io.michaelcane.Commands.&lt;init&gt;(Commands.java:5)
	at io.michaelcane.Calculator.&lt;init&gt;(Calculator.java:6)
	at io.michaelcane.Commands.&lt;init&gt;(Commands.java:5)
	at io.michaelcane.Calculator.&lt;init&gt;(Calculator.java:6)
	at io.michaelcane.Commands.&lt;init&gt;(Commands.java:5)
	at io.michaelcane.Calculator.&lt;init&gt;(Calculator.java:6)
	at io.michaelcane.Commands.&lt;init&gt;(Commands.java:5)
	at io.michaelcane.Calculator.&lt;init&gt;(Calculator.java:6)
	at io.michaelcane.Commands.&lt;init&gt;(Commands.java:5)
	at io.michaelcane.Calculator.&lt;init&gt;(Calculator.java:6)
	at io.michaelcane.Commands.&lt;init&gt;(Commands.java:5)
	at io.michaelcane.Calculator.&lt;init&gt;(Calculator.java:6)
	at io.michaelcane.Commands.&lt;init&gt;(Commands.java:5)
	at io.michaelcane.Calculator.&lt;init&gt;(Calculator.java:6)
	at io.michaelcane.Commands.&lt;init&gt;(Commands.java:5)
	at io.michaelcane.Calculator.&lt;init&gt;(Calculator.java:6)
	at io.michaelcane.Commands.&lt;init&gt;(Commands.java:5)
	at io.michaelcane.Calculator.&lt;init&gt;(Calculator.java:6)
	at io.michaelcane.Commands.&lt;init&gt;(Commands.java:5)
	at io.michaelcane.Calculator.&lt;init&gt;(Calculator.java:6)
	at io.michaelcane.Commands.&lt;init&gt;(Commands.java:5)
	at io.michaelcane.Calculator.&lt;init&gt;(Calculator.java:6)
	at io.michaelcane.Commands.&lt;init&gt;(Commands.java:5)
	at io.michaelcane.Calculator.&lt;init&gt;(Calculator.java:6)
	at io.michaelcane.Commands.&lt;init&gt;(Commands.java:5)
	at io.michaelcane.Calculator.&lt;init&gt;(Calculator.java:6)
	at io.michaelcane.Commands.&lt;init&gt;(Commands.java:5)
	at io.michaelcane.Calculator.&lt;init&gt;(Calculator.java:6)
	at io.michaelcane.Commands.&lt;init&gt;(Commands.java:5)
	at io.michaelcane.Calculator.&lt;init&gt;(Calculator.java:6)
	at io.michaelcane.Commands.&lt;init&gt;(Commands.java:5)
	at io.michaelcane.Calculator.&lt;init&gt;(Calculator.java:6)
	at io.michaelcane.Commands.&lt;init&gt;(Commands.java:5)
	at io.michaelcane.Calculator.&lt;init&gt;(Calculator.java:6)
	at io.michaelcane.Commands.&lt;init&gt;(Commands.java:5)
	at io.michaelcane.Calculator.&lt;init&gt;(Calculator.java:6)
	at io.michaelcane.Commands.&lt;init&gt;(Commands.java:5)
	at io.michaelcane.Calculator.&lt;init&gt;(Calculator.java:6)
	at io.michaelcane.Commands.&lt;init&gt;(Commands.java:5)
	at io.michaelcane.Calculator.&lt;init&gt;(Calculator.java:6)
	at io.michaelcane.Commands.&lt;init&gt;(Commands.java:5)
	at io.michaelcane.Calculator.&lt;init&gt;(Calculator.java:6)
	at io.michaelcane.Commands.&lt;init&gt;(Commands.java:5)
	at io.michaelcane.Calculator.&lt;init&gt;(Calculator.java:6)
	at io.michaelcane.Commands.&lt;init&gt;(Commands.java:5)
	at io.michaelcane.Calculator.&lt;init&gt;(Calculator.java:6)
	at io.michaelcane.Commands.&lt;init&gt;(Commands.java:5)
	at io.michaelcane.Calculator.&lt;init&gt;(Calculator.java:6)
	at io.michaelcane.Commands.&lt;init&gt;(Commands.java:5)
	at io.michaelcane.Calculator.&lt;init&gt;(Calculator.java:6)
	at io.michaelcane.Commands.&lt;init&gt;(Commands.java:5)
	at io.michaelcane.Calculator.&lt;init&gt;(Calculator.java:6)
	at io.michaelcane.Commands.&lt;init&gt;(Commands.java:5)
	at io.michaelcane.Calculator.&lt;init&gt;(Calculator.java:6)
	at io.michaelcane.Commands.&lt;init&gt;(Commands.java:5)
	at io.michaelcane.Calculator.&lt;init&gt;(Calculator.java:6)
	at io.michaelcane.Commands.&lt;init&gt;(Commands.java:5)
	at io.michaelcane.Calculator.&lt;init&gt;(Calculator.java:6)
	at io.michaelcane.Commands.&lt;init&gt;(Commands.java:5)
	at io.michaelcane.Calculator.&lt;init&gt;(Calculator.java:6)
	at io.michaelcane.Commands.&lt;init&gt;(Commands.java:5)
	at io.michaelcane.Calculator.&lt;init&gt;(Calculator.java:6)
	at io.michaelcane.Commands.&lt;init&gt;(Commands.java:5)
	at io.michaelcane.Calculator.&lt;init&gt;(Calculator.java:6)
	at io.michaelcane.Commands.&lt;init&gt;(Commands.java:5)
	at io.michaelcane.Calculator.&lt;init&gt;(Calculator.java:6)
	at io.michaelcane.Commands.&lt;init&gt;(Commands.java:5)
	at io.michaelcane.Calculator.&lt;init&gt;(Calculator.java:6)
	at io.michaelcane.Commands.&lt;init&gt;(Commands.java:5)
	at io.michaelcane.Calculator.&lt;init&gt;(Calculator.java:6)
	at io.michaelcane.Commands.&lt;init&gt;(Commands.java:5)
	at io.michaelcane.Calculator.&lt;init&gt;(Calculator.java:6)
	at io.michaelcane.Commands.&lt;init&gt;(Commands.java:5)
	at io.michaelcane.Calculator.&lt;init&gt;(Calculator.java:6)
	at io.michaelcane.Commands.&lt;init&gt;(Commands.java:5)
	at io.michaelcane.Calculator.&lt;init&gt;(Calculator.java:6)
	at io.michaelcane.Commands.&lt;init&gt;(Commands.java:5)
	at io.michaelcane.Calculator.&lt;init&gt;(Calculator.java:6)
	at io.michaelcane.Commands.&lt;init&gt;(Commands.java:5)
	at io.michaelcane.Calculator.&lt;init&gt;(Calculator.java:6)
	at io.michaelcane.Commands.&lt;init&gt;(Commands.java:5)
	at io.michaelcane.Calculator.&lt;init&gt;(Calculator.java:6)
	at io.michaelcane.Commands.&lt;init&gt;(Commands.java:5)
	at io.michaelcane.Calculator.&lt;init&gt;(Calculator.java:6)
	at io.michaelcane.Commands.&lt;init&gt;(Commands.java:5)
	at io.michaelcane.Calculator.&lt;init&gt;(Calculator.java:6)
	at io.michaelcane.Commands.&lt;init&gt;(Commands.java:5)
	at io.michaelcane.Calculator.&lt;init&gt;(Calculator.java:6)
	at io.michaelcane.Commands.&lt;init&gt;(Commands.java:5)
	at io.michaelcane.Calculator.&lt;init&gt;(Calculator.java:6)
	at io.michaelcane.Commands.&lt;init&gt;(Commands.java:5)
	at io.michaelcane.Calculator.&lt;init&gt;(Calculator.java:6)
	at io.michaelcane.Commands.&lt;init&gt;(Commands.java:5)
	at io.michaelcane.Calculator.&lt;init&gt;(Calculator.java:6)
	at io.michaelcane.Commands.&lt;init&gt;(Commands.java:5)
	at io.michaelcane.Calculator.&lt;init&gt;(Calculator.java:6)
	at io.michaelcane.Commands.&lt;init&gt;(Commands.java:5)
	at io.michaelcane.Calculator.&lt;init&gt;(Calculator.java:6)
	at io.michaelcane.Commands.&lt;init&gt;(Commands.java:5)
	at io.michaelcane.Calculator.&lt;init&gt;(Calculator.java:6)
	at io.michaelcane.Commands.&lt;init&gt;(Commands.java:5)
	at io.michaelcane.Calculator.&lt;init&gt;(Calculator.java:6)
	at io.michaelcane.Commands.&lt;init&gt;(Commands.java:5)
	at io.michaelcane.Calculator.&lt;init&gt;(Calculator.java:6)
	at io.michaelcane.Commands.&lt;init&gt;(Commands.java:5)
	at io.michaelcane.Calculator.&lt;init&gt;(Calculator.java:6)
	at io.michaelcane.Commands.&lt;init&gt;(Commands.java:5)
	at io.michaelcane.Calculator.&lt;init&gt;(Calculator.java:6)
	at io.michaelcane.Commands.&lt;init&gt;(Commands.java:5)
	at io.michaelcane.Calculator.&lt;init&gt;(Calculator.java:6)
	at io.michaelcane.Commands.&lt;init&gt;(Commands.java:5)
	at io.michaelcane.Calculator.&lt;init&gt;(Calculator.java:6)
	at io.michaelcane.Commands.&lt;init&gt;(Commands.java:5)
	at io.michaelcane.Calculator.&lt;init&gt;(Calculator.java:6)
	at io.michaelcane.Commands.&lt;init&gt;(Commands.java:5)
	at io.michaelcane.Calculator.&lt;init&gt;(Calculator.java:6)
	at io.michaelcane.Commands.&lt;init&gt;(Commands.java:5)
	at io.michaelcane.Calculator.&lt;init&gt;(Calculator.java:6)
	at io.michaelcane.Commands.&lt;init&gt;(Commands.java:5)
	at io.michaelcane.Calculator.&lt;init&gt;(Calculator.java:6)
	at io.michaelcane.Commands.&lt;init&gt;(Commands.java:5)
	at io.michaelcane.Calculator.&lt;init&gt;(Calculator.java:6)
	at io.michaelcane.Commands.&lt;init&gt;(Commands.java:5)
	at io.michaelcane.Calculator.&lt;init&gt;(Calculator.java:6)
	at io.michaelcane.Commands.&lt;init&gt;(Commands.java:5)
	at io.michaelcane.Calculator.&lt;init&gt;(Calculator.java:6)
	at io.michaelcane.Commands.&lt;init&gt;(Commands.java:5)
	at io.michaelcane.Calculator.&lt;init&gt;(Calculator.java:6)
	at io.michaelcane.Commands.&lt;init&gt;(Commands.java:5)
	at io.michaelcane.Calculator.&lt;init&gt;(Calculator.java:6)
	at io.michaelcane.Commands.&lt;init&gt;(Commands.java:5)
	at io.michaelcane.Calculator.&lt;init&gt;(Calculator.java:6)
	at io.michaelcane.Commands.&lt;init&gt;(Commands.java:5)
	at io.michaelcane.Calculator.&lt;init&gt;(Calculator.java:6)
	at io.michaelcane.Commands.&lt;init&gt;(Commands.java:5)
	at io.michaelcane.Calculator.&lt;init&gt;(Calculator.java:6)
	at io.michaelcane.Commands.&lt;init&gt;(Commands.java:5)
	at io.michaelcane.Calculator.&lt;init&gt;(Calculator.java:6)
	at io.michaelcane.Commands.&lt;init&gt;(Commands.java:5)
	at io.michaelcane.Calculator.&lt;init&gt;(Calculator.java:6)
	at io.michaelcane.Commands.&lt;init&gt;(Commands.java:5)
	at io.michaelcane.Calculator.&lt;init&gt;(Calculator.java:6)
	at io.michaelcane.Commands.&lt;init&gt;(Commands.java:5)
	at io.michaelcane.Calculator.&lt;init&gt;(Calculator.java:6)
	at io.michaelcane.Commands.&lt;init&gt;(Commands.java:5)
	at io.michaelcane.Calculator.&lt;init&gt;(Calculator.java:6)
	at io.michaelcane.Commands.&lt;init&gt;(Commands.java:5)
	at io.michaelcane.Calculator.&lt;init&gt;(Calculator.java:6)
	at io.michaelcane.Commands.&lt;init&gt;(Commands.java:5)
	at io.michaelcane.Calculator.&lt;init&gt;(Calculator.java:6)
	at io.michaelcane.Commands.&lt;init&gt;(Commands.java:5)
	at io.michaelcane.Calculator.&lt;init&gt;(Calculator.java:6)
	at io.michaelcane.Commands.&lt;init&gt;(Commands.java:5)
	at io.michaelcane.Calculator.&lt;init&gt;(Calculator.java:6)
	at io.michaelcane.Commands.&lt;init&gt;(Commands.java:5)
	at io.michaelcane.Calculator.&lt;init&gt;(Calculator.java:6)
	at io.michaelcane.Commands.&lt;init&gt;(Commands.java:5)
	at io.michaelcane.Calculator.&lt;init&gt;(Calculator.java:6)
	at io.michaelcane.Commands.&lt;init&gt;(Commands.java:5)
	at io.michaelcane.Calculator.&lt;init&gt;(Calculator.java:6)
	at io.michaelcane.Commands.&lt;init&gt;(Commands.java:5)
	at io.michaelcane.Calculator.&lt;init&gt;(Calculator.java:6)
	at io.michaelcane.Commands.&lt;init&gt;(Commands.java:5)
	at io.michaelcane.Calculator.&lt;init&gt;(Calculator.java:6)
	at io.michaelcane.Commands.&lt;init&gt;(Commands.java:5)
	at io.michaelcane.Calculator.&lt;init&gt;(Calculator.java:6)
	at io.michaelcane.Commands.&lt;init&gt;(Commands.java:5)
	at io.michaelcane.Calculator.&lt;init&gt;(Calculator.java:6)
	at io.michaelcane.Commands.&lt;init&gt;(Commands.java:5)
	at io.michaelcane.Calculator.&lt;init&gt;(Calculator.java:6)
	at io.michaelcane.Commands.&lt;init&gt;(Commands.java:5)
	at io.michaelcane.Calculator.&lt;init&gt;(Calculator.java:6)
	at io.michaelcane.Commands.&lt;init&gt;(Commands.java:5)
	at io.michaelcane.Calculator.&lt;init&gt;(Calculator.java:6)
	at io.michaelcane.Commands.&lt;init&gt;(Commands.java:5)
	at io.michaelcane.Calculator.&lt;init&gt;(Calculator.java:6)
	at io.michaelcane.Commands.&lt;init&gt;(Commands.java:5)
	at io.michaelcane.Calculator.&lt;init&gt;(Calculator.java:6)
	at io.michaelcane.Commands.&lt;init&gt;(Commands.java:5)
	at io.michaelcane.Calculator.&lt;init&gt;(Calculator.java:6)
	at io.michaelcane.Commands.&lt;init&gt;(Commands.java:5)
	at io.michaelcane.Calculator.&lt;init&gt;(Calculator.java:6)
	at io.michaelcane.Commands.&lt;init&gt;(Commands.java:5)
	at io.michaelcane.Calculator.&lt;init&gt;(Calculator.java:6)
	at io.michaelcane.Commands.&lt;init&gt;(Commands.java:5)
	at io.michaelcane.Calculator.&lt;init&gt;(Calculator.java:6)
	at io.michaelcane.Commands.&lt;init&gt;(Commands.java:5)
	at io.michaelcane.Calculator.&lt;init&gt;(Calculator.java:6)
	at io.michaelcane.Commands.&lt;init&gt;(Commands.java:5)
	at io.michaelcane.Calculator.&lt;init&gt;(Calculator.java:6)
	at io.michaelcane.Commands.&lt;init&gt;(Commands.java:5)
	at io.michaelcane.Calculator.&lt;init&gt;(Calculator.java:6)
	at io.michaelcane.Commands.&lt;init&gt;(Commands.java:5)
	at io.michaelcane.Calculator.&lt;init&gt;(Calculator.java:6)
	at io.michaelcane.Commands.&lt;init&gt;(Commands.java:5)
	at io.michaelcane.Calculator.&lt;init&gt;(Calculator.java:6)
	at io.michaelcane.Commands.&lt;init&gt;(Commands.java:5)
	at io.michaelcane.Calculator.&lt;init&gt;(Calculator.java:6)
	at io.michaelcane.Commands.&lt;init&gt;(Commands.java:5)
	at io.michaelcane.Calculator.&lt;init&gt;(Calculator.java:6)
	at io.michaelcane.Commands.&lt;init&gt;(Commands.java:5)
	at io.michaelcane.Calculator.&lt;init&gt;(Calculator.java:6)
	at io.michaelcane.Commands.&lt;init&gt;(Commands.java:5)
	at io.michaelcane.Calculator.&lt;init&gt;(Calculator.java:6)
	at io.michaelcane.Commands.&lt;init&gt;(Commands.java:5)
	at io.michaelcane.Calculator.&lt;init&gt;(Calculator.java:6)
	at io.michaelcane.Commands.&lt;init&gt;(Commands.java:5)
	at io.michaelcane.Calculator.&lt;init&gt;(Calculator.java:6)
	at io.michaelcane.Commands.&lt;init&gt;(Commands.java:5)
	at io.michaelcane.Calculator.&lt;init&gt;(Calculator.java:6)
	at io.michaelcane.Commands.&lt;init&gt;(Commands.java:5)
	at io.michaelcane.Calculator.&lt;init&gt;(Calculator.java:6)
	at io.michaelcane.Commands.&lt;init&gt;(Commands.java:5)
	at io.michaelcane.Calculator.&lt;init&gt;(Calculator.java:6)
	at io.michaelcane.Commands.&lt;init&gt;(Commands.java:5)
	at io.michaelcane.Calculator.&lt;init&gt;(Calculator.java:6)
	at io.michaelcane.Commands.&lt;init&gt;(Commands.java:5)
	at io.michaelcane.Calculator.&lt;init&gt;(Calculator.java:6)
	at io.michaelcane.Commands.&lt;init&gt;(Commands.java:5)
	at io.michaelcane.Calculator.&lt;init&gt;(Calculator.java:6)
	at io.michaelcane.Commands.&lt;init&gt;(Commands.java:5)
	at io.michaelcane.Calculator.&lt;init&gt;(Calculator.java:6)
	at io.michaelcane.Commands.&lt;init&gt;(Commands.java:5)
	at io.michaelcane.Calculator.&lt;init&gt;(Calculator.java:6)
	at io.michaelcane.Commands.&lt;init&gt;(Commands.java:5)
	at io.michaelcane.Calculator.&lt;init&gt;(Calculator.java:6)
	at io.michaelcane.Commands.&lt;init&gt;(Commands.java:5)
	at io.michaelcane.Calculator.&lt;init&gt;(Calculator.java:6)
	at io.michaelcane.Commands.&lt;init&gt;(Commands.java:5)
	at io.michaelcane.Calculator.&lt;init&gt;(Calculator.java:6)
	at io.michaelcane.Commands.&lt;init&gt;(Commands.java:5)
	at io.michaelcane.Calculator.&lt;init&gt;(Calculator.java:6)
	at io.michaelcane.Commands.&lt;init&gt;(Commands.java:5)
	at io.michaelcane.Calculator.&lt;init&gt;(Calculator.java:6)
	at io.michaelcane.Commands.&lt;init&gt;(Commands.java:5)
	at io.michaelcane.Calculator.&lt;init&gt;(Calculator.java:6)
	at io.michaelcane.Commands.&lt;init&gt;(Commands.java:5)
	at io.michaelcane.Calculator.&lt;init&gt;(Calculator.java:6)
	at io.michaelcane.Commands.&lt;init&gt;(Commands.java:5)
	at io.michaelcane.Calculator.&lt;init&gt;(Calculator.java:6)
	at io.michaelcane.Commands.&lt;init&gt;(Commands.java:5)
	at io.michaelcane.Calculator.&lt;init&gt;(Calculator.java:6)
	at io.michaelcane.Commands.&lt;init&gt;(Commands.java:5)
	at io.michaelcane.Calculator.&lt;init&gt;(Calculator.java:6)
	at io.michaelcane.Commands.&lt;init&gt;(Commands.java:5)
	at io.michaelcane.Calculator.&lt;init&gt;(Calculator.java:6)
	at io.michaelcane.Commands.&lt;init&gt;(Commands.java:5)
	at io.michaelcane.Calculator.&lt;init&gt;(Calculator.java:6)
	at io.michaelcane.Commands.&lt;init&gt;(Commands.java:5)
	at io.michaelcane.Calculator.&lt;init&gt;(Calculator.java:6)
	at io.michaelcane.Commands.&lt;init&gt;(Commands.java:5)
	at io.michaelcane.Calculator.&lt;init&gt;(Calculator.java:6)
	at io.michaelcane.Commands.&lt;init&gt;(Commands.java:5)
	at io.michaelcane.Calculator.&lt;init&gt;(Calculator.java:6)
	at io.michaelcane.Commands.&lt;init&gt;(Commands.java:5)
	at io.michaelcane.Calculator.&lt;init&gt;(Calculator.java:6)
	at io.michaelcane.Commands.&lt;init&gt;(Commands.java:5)
	at io.michaelcane.Calculator.&lt;init&gt;(Calculator.java:6)
	at io.michaelcane.Commands.&lt;init&gt;(Commands.java:5)
	at io.michaelcane.Calculator.&lt;init&gt;(Calculator.java:6)
	at io.michaelcane.Commands.&lt;init&gt;(Commands.java:5)
	at io.michaelcane.Calculator.&lt;init&gt;(Calculator.java:6)
	at io.michaelcane.Commands.&lt;init&gt;(Commands.java:5)
	at io.michaelcane.Calculator.&lt;init&gt;(Calculator.java:6)
	at io.michaelcane.Commands.&lt;init&gt;(Commands.java:5)
	at io.michaelcane.Calculator.&lt;init&gt;(Calculator.java:6)
	at io.michaelcane.Commands.&lt;init&gt;(Commands.java:5)
	at io.michaelcane.Calculator.&lt;init&gt;(Calculator.java:6)
	at io.michaelcane.Commands.&lt;init&gt;(Commands.java:5)
	at io.michaelcane.Calculator.&lt;init&gt;(Calculator.java:6)
	at io.michaelcane.Commands.&lt;init&gt;(Commands.java:5)
	at io.michaelcane.Calculator.&lt;init&gt;(Calculator.java:6)
	at io.michaelcane.Commands.&lt;init&gt;(Commands.java:5)
	at io.michaelcane.Calculator.&lt;init&gt;(Calculator.java:6)
	at io.michaelcane.Commands.&lt;init&gt;(Commands.java:5)
	at io.michaelcane.Calculator.&lt;init&gt;(Calculator.java:6)
	at io.michaelcane.Commands.&lt;init&gt;(Commands.java:5)
	at io.michaelcane.Calculator.&lt;init&gt;(Calculator.java:6)
	at io.michaelcane.Commands.&lt;init&gt;(Commands.java:5)
	at io.michaelcane.Calculator.&lt;init&gt;(Calculator.java:6)
	at io.michaelcane.Commands.&lt;init&gt;(Commands.java:5)
	at io.michaelcane.Calculator.&lt;init&gt;(Calculator.java:6)
	at io.michaelcane.Commands.&lt;init&gt;(Commands.java:5)
	at io.michaelcane.Calculator.&lt;init&gt;(Calculator.java:6)
	at io.michaelcane.Commands.&lt;init&gt;(Commands.java:5)
	at io.michaelcane.Calculator.&lt;init&gt;(Calculator.java:6)
	at io.michaelcane.Commands.&lt;init&gt;(Commands.java:5)
	at io.michaelcane.Calculator.&lt;init&gt;(Calculator.java:6)
	at io.michaelcane.Commands.&lt;init&gt;(Commands.java:5)
	at io.michaelcane.Calculator.&lt;init&gt;(Calculator.java:6)
	at io.michaelcane.Commands.&lt;init&gt;(Commands.java:5)
	at io.michaelcane.Calculator.&lt;init&gt;(Calculator.java:6)
	at io.michaelcane.Commands.&lt;init&gt;(Commands.java:5)
	at io.michaelcane.Calculator.&lt;init&gt;(Calculator.java:6)
	at io.michaelcane.Commands.&lt;init&gt;(Commands.java:5)
	at io.michaelcane.Calculator.&lt;init&gt;(Calculator.java:6)
	at io.michaelcane.Commands.&lt;init&gt;(Commands.java:5)
	at io.michaelcane.Calculator.&lt;init&gt;(Calculator.java:6)
	at io.michaelcane.Commands.&lt;init&gt;(Commands.java:5)
	at io.michaelcane.Calculator.&lt;init&gt;(Calculator.java:6)
	at io.michaelcane.Commands.&lt;init&gt;(Commands.java:5)
	at io.michaelcane.Calculator.&lt;init&gt;(Calculator.java:6)
	at io.michaelcane.Commands.&lt;init&gt;(Commands.java:5)
	at io.michaelcane.Calculator.&lt;init&gt;(Calculator.java:6)
	at io.michaelcane.Commands.&lt;init&gt;(Commands.java:5)
	at io.michaelcane.Calculator.&lt;init&gt;(Calculator.java:6)
	at io.michaelcane.Commands.&lt;init&gt;(Commands.java:5)
	at io.michaelcane.Calculator.&lt;init&gt;(Calculator.java:6)
	at io.michaelcane.Commands.&lt;init&gt;(Commands.java:5)
	at io.michaelcane.Calculator.&lt;init&gt;(Calculator.java:6)
	at io.michaelcane.Commands.&lt;init&gt;(Commands.java:5)
	at io.michaelcane.Calculator.&lt;init&gt;(Calculator.java:6)
	at io.michaelcane.Commands.&lt;init&gt;(Commands.java:5)
	at io.michaelcane.Calculator.&lt;init&gt;(Calculator.java:6)
	at io.michaelcane.Commands.&lt;init&gt;(Commands.java:5)
	at io.michaelcane.Calculator.&lt;init&gt;(Calculator.java:6)
	at io.michaelcane.Commands.&lt;init&gt;(Commands.java:5)
	at io.michaelcane.Calculator.&lt;init&gt;(Calculator.java:6)
	at io.michaelcane.Commands.&lt;init&gt;(Commands.java:5)
	at io.michaelcane.Calculator.&lt;init&gt;(Calculator.java:6)
	at io.michaelcane.Commands.&lt;init&gt;(Commands.java:5)
	at io.michaelcane.Calculator.&lt;init&gt;(Calculator.java:6)
	at io.michaelcane.Commands.&lt;init&gt;(Commands.java:5)
	at io.michaelcane.Calculator.&lt;init&gt;(Calculator.java:6)
	at io.michaelcane.Commands.&lt;init&gt;(Commands.java:5)
	at io.michaelcane.Calculator.&lt;init&gt;(Calculator.java:6)
	at io.michaelcane.Commands.&lt;init&gt;(Commands.java:5)
	at io.michaelcane.Calculator.&lt;init&gt;(Calculator.java:6)
	at io.michaelcane.Commands.&lt;init&gt;(Commands.java:5)
	at io.michaelcane.Calculator.&lt;init&gt;(Calculator.java:6)
	at io.michaelcane.Commands.&lt;init&gt;(Commands.java:5)
	at io.michaelcane.Calculator.&lt;init&gt;(Calculator.java:6)
	at io.michaelcane.Commands.&lt;init&gt;(Commands.java:5)
	at io.michaelcane.Calculator.&lt;init&gt;(Calculator.java:6)
	at io.michaelcane.Commands.&lt;init&gt;(Commands.java:5)
	at io.michaelcane.Calculator.&lt;init&gt;(Calculator.java:6)
	at io.michaelcane.Commands.&lt;init&gt;(Commands.java:5)
	at io.michaelcane.Calculator.&lt;init&gt;(Calculator.java:6)
	at io.michaelcane.Commands.&lt;init&gt;(Commands.java:5)
	at io.michaelcane.Calculator.&lt;init&gt;(Calculator.java:6)
	at io.michaelcane.Commands.&lt;init&gt;(Commands.java:5)
	at io.michaelcane.Calculator.&lt;init&gt;(Calculator.java:6)
	at io.michaelcane.Commands.&lt;init&gt;(Commands.java:5)
	at io.michaelcane.Calculator.&lt;init&gt;(Calculator.java:6)
	at io.michaelcane.Commands.&lt;init&gt;(Commands.java:5)
	at io.michaelcane.Calculator.&lt;init&gt;(Calculator.java:6)
	at io.michaelcane.Commands.&lt;init&gt;(Commands.java:5)
	at io.michaelcane.Calculator.&lt;init&gt;(Calculator.java:6)
	at io.michaelcane.Commands.&lt;init&gt;(Commands.java:5)
	at io.michaelcane.Calculator.&lt;init&gt;(Calculator.java:6)
	at io.michaelcane.Commands.&lt;init&gt;(Commands.java:5)
	at io.michaelcane.Calculator.&lt;init&gt;(Calculator.java:6)
	at io.michaelcane.Commands.&lt;init&gt;(Commands.java:5)
	at io.michaelcane.Calculator.&lt;init&gt;(Calculator.java:6)
	at io.michaelcane.Commands.&lt;init&gt;(Commands.java:5)
	at io.michaelcane.Calculator.&lt;init&gt;(Calculator.java:6)
	at io.michaelcane.Commands.&lt;init&gt;(Commands.java:5)
	at io.michaelcane.Calculator.&lt;init&gt;(Calculator.java:6)
	at io.michaelcane.Commands.&lt;init&gt;(Commands.java:5)
	at io.michaelcane.Calculator.&lt;init&gt;(Calculator.java:6)
	at io.michaelcane.Commands.&lt;init&gt;(Commands.java:5)
	at io.michaelcane.Calculator.&lt;init&gt;(Calculator.java:6)
	at io.michaelcane.Commands.&lt;init&gt;(Commands.java:5)
	at io.michaelcane.Calculator.&lt;init&gt;(Calculator.java:6)
	at io.michaelcane.Commands.&lt;init&gt;(Commands.java:5)
	at io.michaelcane.Calculator.&lt;init&gt;(Calculator.java:6)
	at io.michaelcane.Commands.&lt;init&gt;(Commands.java:5)
	at io.michaelcane.Calculator.&lt;init&gt;(Calculator.java:6)
	at io.michaelcane.Commands.&lt;init&gt;(Commands.java:5)
	at io.michaelcane.Calculator.&lt;init&gt;(Calculator.java:6)
	at io.michaelcane.Commands.&lt;init&gt;(Commands.java:5)
	at io.michaelcane.Calculator.&lt;init&gt;(Calculator.java:6)
	at io.michaelcane.Commands.&lt;init&gt;(Commands.java:5)
	at io.michaelcane.Calculator.&lt;init&gt;(Calculator.java:6)
	at io.michaelcane.Commands.&lt;init&gt;(Commands.java:5)
	at io.michaelcane.Calculator.&lt;init&gt;(Calculator.java:6)
	at io.michaelcane.Commands.&lt;init&gt;(Commands.java:5)
	at io.michaelcane.Calculator.&lt;init&gt;(Calculator.java:6)
	at io.michaelcane.Commands.&lt;init&gt;(Commands.java:5)
	at io.michaelcane.Calculator.&lt;init&gt;(Calculator.java:6)
	at io.michaelcane.Commands.&lt;init&gt;(Commands.java:5)
	at io.michaelcane.Calculator.&lt;init&gt;(Calculator.java:6)
	at io.michaelcane.Commands.&lt;init&gt;(Commands.java:5)
	at io.michaelcane.Calculator.&lt;init&gt;(Calculator.java:6)
	at io.michaelcane.Commands.&lt;init&gt;(Commands.java:5)
	at io.michaelcane.Calculator.&lt;init&gt;(Calculator.java:6)
	at io.michaelcane.Commands.&lt;init&gt;(Commands.java:5)
	at io.michaelcane.Calculator.&lt;init&gt;(Calculator.java:6)
	at io.michaelcane.Commands.&lt;init&gt;(Commands.java:5)
	at io.michaelcane.Calculator.&lt;init&gt;(Calculator.java:6)
	at io.michaelcane.Commands.&lt;init&gt;(Commands.java:5)
	at io.michaelcane.Calculator.&lt;init&gt;(Calculator.java:6)
	at io.michaelcane.Commands.&lt;init&gt;(Commands.java:5)
	at io.michaelcane.Calculator.&lt;init&gt;(Calculator.java:6)
	at io.michaelcane.Commands.&lt;init&gt;(Commands.java:5)
	at io.michaelcane.Calculator.&lt;init&gt;(Calculator.java:6)
	at io.michaelcane.Commands.&lt;init&gt;(Commands.java:5)
	at io.michaelcane.Calculator.&lt;init&gt;(Calculator.java:6)
	at io.michaelcane.Commands.&lt;init&gt;(Commands.java:5)
	at io.michaelcane.Calculator.&lt;init&gt;(Calculator.java:6)
	at io.michaelcane.Commands.&lt;init&gt;(Commands.java:5)
	at io.michaelcane.Calculator.&lt;init&gt;(Calculator.java:6)
	at io.michaelcane.Commands.&lt;init&gt;(Commands.java:5)
	at io.michaelcane.Calculator.&lt;init&gt;(Calculator.java:6)
	at io.michaelcane.Commands.&lt;init&gt;(Commands.java:5)
	at io.michaelcane.Calculator.&lt;init&gt;(Calculator.java:6)
	at io.michaelcane.Commands.&lt;init&gt;(Commands.java:5)
	at io.michaelcane.Calculator.&lt;init&gt;(Calculator.java:6)
	at io.michaelcane.Commands.&lt;init&gt;(Commands.java:5)
	at io.michaelcane.Calculator.&lt;init&gt;(Calculator.java:6)
	at io.michaelcane.Commands.&lt;init&gt;(Commands.java:5)
	at io.michaelcane.Calculator.&lt;init&gt;(Calculator.java:6)
	at io.michaelcane.Commands.&lt;init&gt;(Commands.java:5)
	at io.michaelcane.Calculator.&lt;init&gt;(Calculator.java:6)
	at io.michaelcane.Commands.&lt;init&gt;(Commands.java:5)
	at io.michaelcane.Calculator.&lt;init&gt;(Calculator.java:6)
	at io.michaelcane.Commands.&lt;init&gt;(Commands.java:5)
	at io.michaelcane.Calculator.&lt;init&gt;(Calculator.java:6)
	at io.michaelcane.Commands.&lt;init&gt;(Commands.java:5)
	at io.michaelcane.Calculator.&lt;init&gt;(Calculator.java:6)
	at io.michaelcane.Commands.&lt;init&gt;(Commands.java:5)
	at io.michaelcane.Calculator.&lt;init&gt;(Calculator.java:6)
	at io.michaelcane.Commands.&lt;init&gt;(Commands.java:5)
	at io.michaelcane.Calculator.&lt;init&gt;(Calculator.java:6)
	at io.michaelcane.Commands.&lt;init&gt;(Commands.java:5)
	at io.michaelcane.Calculator.&lt;init&gt;(Calculator.java:6)
	at io.michaelcane.Commands.&lt;init&gt;(Commands.java:5)
	at io.michaelcane.Calculator.&lt;init&gt;(Calculator.java:6)
	at io.michaelcane.Commands.&lt;init&gt;(Commands.java:5)
	at io.michaelcane.Calculator.&lt;init&gt;(Calculator.java:6)
	at io.michaelcane.Commands.&lt;init&gt;(Commands.java:5)
	at io.michaelcane.Calculator.&lt;init&gt;(Calculator.java:6)
	at io.michaelcane.Commands.&lt;init&gt;(Commands.java:5)
	at io.michaelcane.Calculator.&lt;init&gt;(Calculator.java:6)
	at io.michaelcane.Commands.&lt;init&gt;(Commands.java:5)
	at io.michaelcane.Calculator.&lt;init&gt;(Calculator.java:6)
	at io.michaelcane.Commands.&lt;init&gt;(Commands.java:5)
	at io.michaelcane.Calculator.&lt;init&gt;(Calculator.java:6)
	at io.michaelcane.Commands.&lt;init&gt;(Commands.java:5)
	at io.michaelcane.Calculator.&lt;init&gt;(Calculator.java:6)
	at io.michaelcane.Commands.&lt;init&gt;(Commands.java:5)
	at io.michaelcane.Calculator.&lt;init&gt;(Calculator.java:6)
	at io.michaelcane.Commands.&lt;init&gt;(Commands.java:5)
	at io.michaelcane.Calculator.&lt;init&gt;(Calculator.java:6)
	at io.michaelcane.Commands.&lt;init&gt;(Commands.java:5)
	at io.michaelcane.Calculator.&lt;init&gt;(Calculator.java:6)
	at io.michaelcane.Commands.&lt;init&gt;(Commands.java:5)
	at io.michaelcane.Calculator.&lt;init&gt;(Calculator.java:6)
	at io.michaelcane.Commands.&lt;init&gt;(Commands.java:5)
	at io.michaelcane.Calculator.&lt;init&gt;(Calculator.java:6)
	at io.michaelcane.Commands.&lt;init&gt;(Commands.java:5)
	at io.michaelcane.Calculator.&lt;init&gt;(Calculator.java:6)
	at io.michaelcane.Commands.&lt;init&gt;(Commands.java:5)
	at io.michaelcane.Calculator.&lt;init&gt;(Calculator.java:6)
	at io.michaelcane.Commands.&lt;init&gt;(Commands.java:5)
	at io.michaelcane.Calculator.&lt;init&gt;(Calculator.java:6)
	at io.michaelcane.Commands.&lt;init&gt;(Commands.java:5)
	at io.michaelcane.Calculator.&lt;init&gt;(Calculator.java:6)
	at io.michaelcane.Commands.&lt;init&gt;(Commands.java:5)
	at io.michaelcane.Calculator.&lt;init&gt;(Calculator.java:6)
	at io.michaelcane.Commands.&lt;init&gt;(Commands.java:5)
	at io.michaelcane.Calculator.&lt;init&gt;(Calculator.java:6)
	at io.michaelcane.Commands.&lt;init&gt;(Commands.java:5)
	at io.michaelcane.Calculator.&lt;init&gt;(Calculator.java:6)
	at io.michaelcane.Commands.&lt;init&gt;(Commands.java:5)
</error>
  </testcase>
  <testcase classname="io.michaelcane.CalculatorSpec" name="test$logarithm" time="0.013">
    <error type="java.lang.StackOverflowError">java.lang.StackOverflowError
	at io.michaelcane.Calculator.&lt;init&gt;(Calculator.java:6)
	at io.michaelcane.Commands.&lt;init&gt;(Commands.java:5)
	at io.michaelcane.Calculator.&lt;init&gt;(Calculator.java:6)
	at io.michaelcane.Commands.&lt;init&gt;(Commands.java:5)
	at io.michaelcane.Calculator.&lt;init&gt;(Calculator.java:6)
	at io.michaelcane.Commands.&lt;init&gt;(Commands.java:5)
	at io.michaelcane.Calculator.&lt;init&gt;(Calculator.java:6)
	at io.michaelcane.Commands.&lt;init&gt;(Commands.java:5)
	at io.michaelcane.Calculator.&lt;init&gt;(Calculator.java:6)
	at io.michaelcane.Commands.&lt;init&gt;(Commands.java:5)
	at io.michaelcane.Calculator.&lt;init&gt;(Calculator.java:6)
	at io.michaelcane.Commands.&lt;init&gt;(Commands.java:5)
	at io.michaelcane.Calculator.&lt;init&gt;(Calculator.java:6)
	at io.michaelcane.Commands.&lt;init&gt;(Commands.java:5)
	at io.michaelcane.Calculator.&lt;init&gt;(Calculator.java:6)
	at io.michaelcane.Commands.&lt;init&gt;(Commands.java:5)
	at io.michaelcane.Calculator.&lt;init&gt;(Calculator.java:6)
	at io.michaelcane.Commands.&lt;init&gt;(Commands.java:5)
	at io.michaelcane.Calculator.&lt;init&gt;(Calculator.java:6)
	at io.michaelcane.Commands.&lt;init&gt;(Commands.java:5)
	at io.michaelcane.Calculator.&lt;init&gt;(Calculator.java:6)
	at io.michaelcane.Commands.&lt;init&gt;(Commands.java:5)
	at io.michaelcane.Calculator.&lt;init&gt;(Calculator.java:6)
	at io.michaelcane.Commands.&lt;init&gt;(Commands.java:5)
	at io.michaelcane.Calculator.&lt;init&gt;(Calculator.java:6)
	at io.michaelcane.Commands.&lt;init&gt;(Commands.java:5)
	at io.michaelcane.Calculator.&lt;init&gt;(Calculator.java:6)
	at io.michaelcane.Commands.&lt;init&gt;(Commands.java:5)
	at io.michaelcane.Calculator.&lt;init&gt;(Calculator.java:6)
	at io.michaelcane.Commands.&lt;init&gt;(Commands.java:5)
	at io.michaelcane.Calculator.&lt;init&gt;(Calculator.java:6)
	at io.michaelcane.Commands.&lt;init&gt;(Commands.java:5)
	at io.michaelcane.Calculator.&lt;init&gt;(Calculator.java:6)
	at io.michaelcane.Commands.&lt;init&gt;(Commands.java:5)
	at io.michaelcane.Calculator.&lt;init&gt;(Calculator.java:6)
	at io.michaelcane.Commands.&lt;init&gt;(Commands.java:5)
	at io.michaelcane.Calculator.&lt;init&gt;(Calculator.java:6)
	at io.michaelcane.Commands.&lt;init&gt;(Commands.java:5)
	at io.michaelcane.Calculator.&lt;init&gt;(Calculator.java:6)
	at io.michaelcane.Commands.&lt;init&gt;(Commands.java:5)
	at io.michaelcane.Calculator.&lt;init&gt;(Calculator.java:6)
	at io.michaelcane.Commands.&lt;init&gt;(Commands.java:5)
	at io.michaelcane.Calculator.&lt;init&gt;(Calculator.java:6)
	at io.michaelcane.Commands.&lt;init&gt;(Commands.java:5)
	at io.michaelcane.Calculator.&lt;init&gt;(Calculator.java:6)
	at io.michaelcane.Commands.&lt;init&gt;(Commands.java:5)
	at io.michaelcane.Calculator.&lt;init&gt;(Calculator.java:6)
	at io.michaelcane.Commands.&lt;init&gt;(Commands.java:5)
	at io.michaelcane.Calculator.&lt;init&gt;(Calculator.java:6)
	at io.michaelcane.Commands.&lt;init&gt;(Commands.java:5)
	at io.michaelcane.Calculator.&lt;init&gt;(Calculator.java:6)
	at io.michaelcane.Commands.&lt;init&gt;(Commands.java:5)
	at io.michaelcane.Calculator.&lt;init&gt;(Calculator.java:6)
	at io.michaelcane.Commands.&lt;init&gt;(Commands.java:5)
	at io.michaelcane.Calculator.&lt;init&gt;(Calculator.java:6)
	at io.michaelcane.Commands.&lt;init&gt;(Commands.java:5)
	at io.michaelcane.Calculator.&lt;init&gt;(Calculator.java:6)
	at io.michaelcane.Commands.&lt;init&gt;(Commands.java:5)
	at io.michaelcane.Calculator.&lt;init&gt;(Calculator.java:6)
	at io.michaelcane.Commands.&lt;init&gt;(Commands.java:5)
	at io.michaelcane.Calculator.&lt;init&gt;(Calculator.java:6)
	at io.michaelcane.Commands.&lt;init&gt;(Commands.java:5)
	at io.michaelcane.Calculator.&lt;init&gt;(Calculator.java:6)
	at io.michaelcane.Commands.&lt;init&gt;(Commands.java:5)
	at io.michaelcane.Calculator.&lt;init&gt;(Calculator.java:6)
	at io.michaelcane.Commands.&lt;init&gt;(Commands.java:5)
	at io.michaelcane.Calculator.&lt;init&gt;(Calculator.java:6)
	at io.michaelcane.Commands.&lt;init&gt;(Commands.java:5)
	at io.michaelcane.Calculator.&lt;init&gt;(Calculator.java:6)
	at io.michaelcane.Commands.&lt;init&gt;(Commands.java:5)
	at io.michaelcane.Calculator.&lt;init&gt;(Calculator.java:6)
	at io.michaelcane.Commands.&lt;init&gt;(Commands.java:5)
	at io.michaelcane.Calculator.&lt;init&gt;(Calculator.java:6)
	at io.michaelcane.Commands.&lt;init&gt;(Commands.java:5)
	at io.michaelcane.Calculator.&lt;init&gt;(Calculator.java:6)
	at io.michaelcane.Commands.&lt;init&gt;(Commands.java:5)
	at io.michaelcane.Calculator.&lt;init&gt;(Calculator.java:6)
	at io.michaelcane.Commands.&lt;init&gt;(Commands.java:5)
	at io.michaelcane.Calculator.&lt;init&gt;(Calculator.java:6)
	at io.michaelcane.Commands.&lt;init&gt;(Commands.java:5)
	at io.michaelcane.Calculator.&lt;init&gt;(Calculator.java:6)
	at io.michaelcane.Commands.&lt;init&gt;(Commands.java:5)
	at io.michaelcane.Calculator.&lt;init&gt;(Calculator.java:6)
	at io.michaelcane.Commands.&lt;init&gt;(Commands.java:5)
	at io.michaelcane.Calculator.&lt;init&gt;(Calculator.java:6)
	at io.michaelcane.Commands.&lt;init&gt;(Commands.java:5)
	at io.michaelcane.Calculator.&lt;init&gt;(Calculator.java:6)
	at io.michaelcane.Commands.&lt;init&gt;(Commands.java:5)
	at io.michaelcane.Calculator.&lt;init&gt;(Calculator.java:6)
	at io.michaelcane.Commands.&lt;init&gt;(Commands.java:5)
	at io.michaelcane.Calculator.&lt;init&gt;(Calculator.java:6)
	at io.michaelcane.Commands.&lt;init&gt;(Commands.java:5)
	at io.michaelcane.Calculator.&lt;init&gt;(Calculator.java:6)
	at io.michaelcane.Commands.&lt;init&gt;(Commands.java:5)
	at io.michaelcane.Calculator.&lt;init&gt;(Calculator.java:6)
	at io.michaelcane.Commands.&lt;init&gt;(Commands.java:5)
	at io.michaelcane.Calculator.&lt;init&gt;(Calculator.java:6)
	at io.michaelcane.Commands.&lt;init&gt;(Commands.java:5)
	at io.michaelcane.Calculator.&lt;init&gt;(Calculator.java:6)
	at io.michaelcane.Commands.&lt;init&gt;(Commands.java:5)
	at io.michaelcane.Calculator.&lt;init&gt;(Calculator.java:6)
	at io.michaelcane.Commands.&lt;init&gt;(Commands.java:5)
	at io.michaelcane.Calculator.&lt;init&gt;(Calculator.java:6)
	at io.michaelcane.Commands.&lt;init&gt;(Commands.java:5)
	at io.michaelcane.Calculator.&lt;init&gt;(Calculator.java:6)
	at io.michaelcane.Commands.&lt;init&gt;(Commands.java:5)
	at io.michaelcane.Calculator.&lt;init&gt;(Calculator.java:6)
	at io.michaelcane.Commands.&lt;init&gt;(Commands.java:5)
	at io.michaelcane.Calculator.&lt;init&gt;(Calculator.java:6)
	at io.michaelcane.Commands.&lt;init&gt;(Commands.java:5)
	at io.michaelcane.Calculator.&lt;init&gt;(Calculator.java:6)
	at io.michaelcane.Commands.&lt;init&gt;(Commands.java:5)
	at io.michaelcane.Calculator.&lt;init&gt;(Calculator.java:6)
	at io.michaelcane.Commands.&lt;init&gt;(Commands.java:5)
	at io.michaelcane.Calculator.&lt;init&gt;(Calculator.java:6)
	at io.michaelcane.Commands.&lt;init&gt;(Commands.java:5)
	at io.michaelcane.Calculator.&lt;init&gt;(Calculator.java:6)
	at io.michaelcane.Commands.&lt;init&gt;(Commands.java:5)
	at io.michaelcane.Calculator.&lt;init&gt;(Calculator.java:6)
	at io.michaelcane.Commands.&lt;init&gt;(Commands.java:5)
	at io.michaelcane.Calculator.&lt;init&gt;(Calculator.java:6)
	at io.michaelcane.Commands.&lt;init&gt;(Commands.java:5)
	at io.michaelcane.Calculator.&lt;init&gt;(Calculator.java:6)
	at io.michaelcane.Commands.&lt;init&gt;(Commands.java:5)
	at io.michaelcane.Calculator.&lt;init&gt;(Calculator.java:6)
	at io.michaelcane.Commands.&lt;init&gt;(Commands.java:5)
	at io.michaelcane.Calculator.&lt;init&gt;(Calculator.java:6)
	at io.michaelcane.Commands.&lt;init&gt;(Commands.java:5)
	at io.michaelcane.Calculator.&lt;init&gt;(Calculator.java:6)
	at io.michaelcane.Commands.&lt;init&gt;(Commands.java:5)
	at io.michaelcane.Calculator.&lt;init&gt;(Calculator.java:6)
	at io.michaelcane.Commands.&lt;init&gt;(Commands.java:5)
	at io.michaelcane.Calculator.&lt;init&gt;(Calculator.java:6)
	at io.michaelcane.Commands.&lt;init&gt;(Commands.java:5)
	at io.michaelcane.Calculator.&lt;init&gt;(Calculator.java:6)
	at io.michaelcane.Commands.&lt;init&gt;(Commands.java:5)
	at io.michaelcane.Calculator.&lt;init&gt;(Calculator.java:6)
	at io.michaelcane.Commands.&lt;init&gt;(Commands.java:5)
	at io.michaelcane.Calculator.&lt;init&gt;(Calculator.java:6)
	at io.michaelcane.Commands.&lt;init&gt;(Commands.java:5)
	at io.michaelcane.Calculator.&lt;init&gt;(Calculator.java:6)
	at io.michaelcane.Commands.&lt;init&gt;(Commands.java:5)
	at io.michaelcane.Calculator.&lt;init&gt;(Calculator.java:6)
	at io.michaelcane.Commands.&lt;init&gt;(Commands.java:5)
	at io.michaelcane.Calculator.&lt;init&gt;(Calculator.java:6)
	at io.michaelcane.Commands.&lt;init&gt;(Commands.java:5)
	at io.michaelcane.Calculator.&lt;init&gt;(Calculator.java:6)
	at io.michaelcane.Commands.&lt;init&gt;(Commands.java:5)
	at io.michaelcane.Calculator.&lt;init&gt;(Calculator.java:6)
	at io.michaelcane.Commands.&lt;init&gt;(Commands.java:5)
	at io.michaelcane.Calculator.&lt;init&gt;(Calculator.java:6)
	at io.michaelcane.Commands.&lt;init&gt;(Commands.java:5)
	at io.michaelcane.Calculator.&lt;init&gt;(Calculator.java:6)
	at io.michaelcane.Commands.&lt;init&gt;(Commands.java:5)
	at io.michaelcane.Calculator.&lt;init&gt;(Calculator.java:6)
	at io.michaelcane.Commands.&lt;init&gt;(Commands.java:5)
	at io.michaelcane.Calculator.&lt;init&gt;(Calculator.java:6)
	at io.michaelcane.Commands.&lt;init&gt;(Commands.java:5)
	at io.michaelcane.Calculator.&lt;init&gt;(Calculator.java:6)
	at io.michaelcane.Commands.&lt;init&gt;(Commands.java:5)
	at io.michaelcane.Calculator.&lt;init&gt;(Calculator.java:6)
	at io.michaelcane.Commands.&lt;init&gt;(Commands.java:5)
	at io.michaelcane.Calculator.&lt;init&gt;(Calculator.java:6)
	at io.michaelcane.Commands.&lt;init&gt;(Commands.java:5)
	at io.michaelcane.Calculator.&lt;init&gt;(Calculator.java:6)
	at io.michaelcane.Commands.&lt;init&gt;(Commands.java:5)
	at io.michaelcane.Calculator.&lt;init&gt;(Calculator.java:6)
	at io.michaelcane.Commands.&lt;init&gt;(Commands.java:5)
	at io.michaelcane.Calculator.&lt;init&gt;(Calculator.java:6)
	at io.michaelcane.Commands.&lt;init&gt;(Commands.java:5)
	at io.michaelcane.Calculator.&lt;init&gt;(Calculator.java:6)
	at io.michaelcane.Commands.&lt;init&gt;(Commands.java:5)
	at io.michaelcane.Calculator.&lt;init&gt;(Calculator.java:6)
	at io.michaelcane.Commands.&lt;init&gt;(Commands.java:5)
	at io.michaelcane.Calculator.&lt;init&gt;(Calculator.java:6)
	at io.michaelcane.Commands.&lt;init&gt;(Commands.java:5)
	at io.michaelcane.Calculator.&lt;init&gt;(Calculator.java:6)
	at io.michaelcane.Commands.&lt;init&gt;(Commands.java:5)
	at io.michaelcane.Calculator.&lt;init&gt;(Calculator.java:6)
	at io.michaelcane.Commands.&lt;init&gt;(Commands.java:5)
	at io.michaelcane.Calculator.&lt;init&gt;(Calculator.java:6)
	at io.michaelcane.Commands.&lt;init&gt;(Commands.java:5)
	at io.michaelcane.Calculator.&lt;init&gt;(Calculator.java:6)
	at io.michaelcane.Commands.&lt;init&gt;(Commands.java:5)
	at io.michaelcane.Calculator.&lt;init&gt;(Calculator.java:6)
	at io.michaelcane.Commands.&lt;init&gt;(Commands.java:5)
	at io.michaelcane.Calculator.&lt;init&gt;(Calculator.java:6)
	at io.michaelcane.Commands.&lt;init&gt;(Commands.java:5)
	at io.michaelcane.Calculator.&lt;init&gt;(Calculator.java:6)
	at io.michaelcane.Commands.&lt;init&gt;(Commands.java:5)
	at io.michaelcane.Calculator.&lt;init&gt;(Calculator.java:6)
	at io.michaelcane.Commands.&lt;init&gt;(Commands.java:5)
	at io.michaelcane.Calculator.&lt;init&gt;(Calculator.java:6)
	at io.michaelcane.Commands.&lt;init&gt;(Commands.java:5)
	at io.michaelcane.Calculator.&lt;init&gt;(Calculator.java:6)
	at io.michaelcane.Commands.&lt;init&gt;(Commands.java:5)
	at io.michaelcane.Calculator.&lt;init&gt;(Calculator.java:6)
	at io.michaelcane.Commands.&lt;init&gt;(Commands.java:5)
	at io.michaelcane.Calculator.&lt;init&gt;(Calculator.java:6)
	at io.michaelcane.Commands.&lt;init&gt;(Commands.java:5)
	at io.michaelcane.Calculator.&lt;init&gt;(Calculator.java:6)
	at io.michaelcane.Commands.&lt;init&gt;(Commands.java:5)
	at io.michaelcane.Calculator.&lt;init&gt;(Calculator.java:6)
	at io.michaelcane.Commands.&lt;init&gt;(Commands.java:5)
	at io.michaelcane.Calculator.&lt;init&gt;(Calculator.java:6)
	at io.michaelcane.Commands.&lt;init&gt;(Commands.java:5)
	at io.michaelcane.Calculator.&lt;init&gt;(Calculator.java:6)
	at io.michaelcane.Commands.&lt;init&gt;(Commands.java:5)
	at io.michaelcane.Calculator.&lt;init&gt;(Calculator.java:6)
	at io.michaelcane.Commands.&lt;init&gt;(Commands.java:5)
	at io.michaelcane.Calculator.&lt;init&gt;(Calculator.java:6)
	at io.michaelcane.Commands.&lt;init&gt;(Commands.java:5)
	at io.michaelcane.Calculator.&lt;init&gt;(Calculator.java:6)
	at io.michaelcane.Commands.&lt;init&gt;(Commands.java:5)
	at io.michaelcane.Calculator.&lt;init&gt;(Calculator.java:6)
	at io.michaelcane.Commands.&lt;init&gt;(Commands.java:5)
	at io.michaelcane.Calculator.&lt;init&gt;(Calculator.java:6)
	at io.michaelcane.Commands.&lt;init&gt;(Commands.java:5)
	at io.michaelcane.Calculator.&lt;init&gt;(Calculator.java:6)
	at io.michaelcane.Commands.&lt;init&gt;(Commands.java:5)
	at io.michaelcane.Calculator.&lt;init&gt;(Calculator.java:6)
	at io.michaelcane.Commands.&lt;init&gt;(Commands.java:5)
	at io.michaelcane.Calculator.&lt;init&gt;(Calculator.java:6)
	at io.michaelcane.Commands.&lt;init&gt;(Commands.java:5)
	at io.michaelcane.Calculator.&lt;init&gt;(Calculator.java:6)
	at io.michaelcane.Commands.&lt;init&gt;(Commands.java:5)
	at io.michaelcane.Calculator.&lt;init&gt;(Calculator.java:6)
	at io.michaelcane.Commands.&lt;init&gt;(Commands.java:5)
	at io.michaelcane.Calculator.&lt;init&gt;(Calculator.java:6)
	at io.michaelcane.Commands.&lt;init&gt;(Commands.java:5)
	at io.michaelcane.Calculator.&lt;init&gt;(Calculator.java:6)
	at io.michaelcane.Commands.&lt;init&gt;(Commands.java:5)
	at io.michaelcane.Calculator.&lt;init&gt;(Calculator.java:6)
	at io.michaelcane.Commands.&lt;init&gt;(Commands.java:5)
	at io.michaelcane.Calculator.&lt;init&gt;(Calculator.java:6)
	at io.michaelcane.Commands.&lt;init&gt;(Commands.java:5)
	at io.michaelcane.Calculator.&lt;init&gt;(Calculator.java:6)
	at io.michaelcane.Commands.&lt;init&gt;(Commands.java:5)
	at io.michaelcane.Calculator.&lt;init&gt;(Calculator.java:6)
	at io.michaelcane.Commands.&lt;init&gt;(Commands.java:5)
	at io.michaelcane.Calculator.&lt;init&gt;(Calculator.java:6)
	at io.michaelcane.Commands.&lt;init&gt;(Commands.java:5)
	at io.michaelcane.Calculator.&lt;init&gt;(Calculator.java:6)
	at io.michaelcane.Commands.&lt;init&gt;(Commands.java:5)
	at io.michaelcane.Calculator.&lt;init&gt;(Calculator.java:6)
	at io.michaelcane.Commands.&lt;init&gt;(Commands.java:5)
	at io.michaelcane.Calculator.&lt;init&gt;(Calculator.java:6)
	at io.michaelcane.Commands.&lt;init&gt;(Commands.java:5)
	at io.michaelcane.Calculator.&lt;init&gt;(Calculator.java:6)
	at io.michaelcane.Commands.&lt;init&gt;(Commands.java:5)
	at io.michaelcane.Calculator.&lt;init&gt;(Calculator.java:6)
	at io.michaelcane.Commands.&lt;init&gt;(Commands.java:5)
	at io.michaelcane.Calculator.&lt;init&gt;(Calculator.java:6)
	at io.michaelcane.Commands.&lt;init&gt;(Commands.java:5)
	at io.michaelcane.Calculator.&lt;init&gt;(Calculator.java:6)
	at io.michaelcane.Commands.&lt;init&gt;(Commands.java:5)
	at io.michaelcane.Calculator.&lt;init&gt;(Calculator.java:6)
	at io.michaelcane.Commands.&lt;init&gt;(Commands.java:5)
	at io.michaelcane.Calculator.&lt;init&gt;(Calculator.java:6)
	at io.michaelcane.Commands.&lt;init&gt;(Commands.java:5)
	at io.michaelcane.Calculator.&lt;init&gt;(Calculator.java:6)
	at io.michaelcane.Commands.&lt;init&gt;(Commands.java:5)
	at io.michaelcane.Calculator.&lt;init&gt;(Calculator.java:6)
	at io.michaelcane.Commands.&lt;init&gt;(Commands.java:5)
	at io.michaelcane.Calculator.&lt;init&gt;(Calculator.java:6)
	at io.michaelcane.Commands.&lt;init&gt;(Commands.java:5)
	at io.michaelcane.Calculator.&lt;init&gt;(Calculator.java:6)
	at io.michaelcane.Commands.&lt;init&gt;(Commands.java:5)
	at io.michaelcane.Calculator.&lt;init&gt;(Calculator.java:6)
	at io.michaelcane.Commands.&lt;init&gt;(Commands.java:5)
	at io.michaelcane.Calculator.&lt;init&gt;(Calculator.java:6)
	at io.michaelcane.Commands.&lt;init&gt;(Commands.java:5)
	at io.michaelcane.Calculator.&lt;init&gt;(Calculator.java:6)
	at io.michaelcane.Commands.&lt;init&gt;(Commands.java:5)
	at io.michaelcane.Calculator.&lt;init&gt;(Calculator.java:6)
	at io.michaelcane.Commands.&lt;init&gt;(Commands.java:5)
	at io.michaelcane.Calculator.&lt;init&gt;(Calculator.java:6)
	at io.michaelcane.Commands.&lt;init&gt;(Commands.java:5)
	at io.michaelcane.Calculator.&lt;init&gt;(Calculator.java:6)
	at io.michaelcane.Commands.&lt;init&gt;(Commands.java:5)
	at io.michaelcane.Calculator.&lt;init&gt;(Calculator.java:6)
	at io.michaelcane.Commands.&lt;init&gt;(Commands.java:5)
	at io.michaelcane.Calculator.&lt;init&gt;(Calculator.java:6)
	at io.michaelcane.Commands.&lt;init&gt;(Commands.java:5)
	at io.michaelcane.Calculator.&lt;init&gt;(Calculator.java:6)
	at io.michaelcane.Commands.&lt;init&gt;(Commands.java:5)
	at io.michaelcane.Calculator.&lt;init&gt;(Calculator.java:6)
	at io.michaelcane.Commands.&lt;init&gt;(Commands.java:5)
	at io.michaelcane.Calculator.&lt;init&gt;(Calculator.java:6)
	at io.michaelcane.Commands.&lt;init&gt;(Commands.java:5)
	at io.michaelcane.Calculator.&lt;init&gt;(Calculator.java:6)
	at io.michaelcane.Commands.&lt;init&gt;(Commands.java:5)
	at io.michaelcane.Calculator.&lt;init&gt;(Calculator.java:6)
	at io.michaelcane.Commands.&lt;init&gt;(Commands.java:5)
	at io.michaelcane.Calculator.&lt;init&gt;(Calculator.java:6)
	at io.michaelcane.Commands.&lt;init&gt;(Commands.java:5)
	at io.michaelcane.Calculator.&lt;init&gt;(Calculator.java:6)
	at io.michaelcane.Commands.&lt;init&gt;(Commands.java:5)
	at io.michaelcane.Calculator.&lt;init&gt;(Calculator.java:6)
	at io.michaelcane.Commands.&lt;init&gt;(Commands.java:5)
	at io.michaelcane.Calculator.&lt;init&gt;(Calculator.java:6)
	at io.michaelcane.Commands.&lt;init&gt;(Commands.java:5)
	at io.michaelcane.Calculator.&lt;init&gt;(Calculator.java:6)
	at io.michaelcane.Commands.&lt;init&gt;(Commands.java:5)
	at io.michaelcane.Calculator.&lt;init&gt;(Calculator.java:6)
	at io.michaelcane.Commands.&lt;init&gt;(Commands.java:5)
	at io.michaelcane.Calculator.&lt;init&gt;(Calculator.java:6)
	at io.michaelcane.Commands.&lt;init&gt;(Commands.java:5)
	at io.michaelcane.Calculator.&lt;init&gt;(Calculator.java:6)
	at io.michaelcane.Commands.&lt;init&gt;(Commands.java:5)
	at io.michaelcane.Calculator.&lt;init&gt;(Calculator.java:6)
	at io.michaelcane.Commands.&lt;init&gt;(Commands.java:5)
	at io.michaelcane.Calculator.&lt;init&gt;(Calculator.java:6)
	at io.michaelcane.Commands.&lt;init&gt;(Commands.java:5)
	at io.michaelcane.Calculator.&lt;init&gt;(Calculator.java:6)
	at io.michaelcane.Commands.&lt;init&gt;(Commands.java:5)
	at io.michaelcane.Calculator.&lt;init&gt;(Calculator.java:6)
	at io.michaelcane.Commands.&lt;init&gt;(Commands.java:5)
	at io.michaelcane.Calculator.&lt;init&gt;(Calculator.java:6)
	at io.michaelcane.Commands.&lt;init&gt;(Commands.java:5)
	at io.michaelcane.Calculator.&lt;init&gt;(Calculator.java:6)
	at io.michaelcane.Commands.&lt;init&gt;(Commands.java:5)
	at io.michaelcane.Calculator.&lt;init&gt;(Calculator.java:6)
	at io.michaelcane.Commands.&lt;init&gt;(Commands.java:5)
	at io.michaelcane.Calculator.&lt;init&gt;(Calculator.java:6)
	at io.michaelcane.Commands.&lt;init&gt;(Commands.java:5)
	at io.michaelcane.Calculator.&lt;init&gt;(Calculator.java:6)
	at io.michaelcane.Commands.&lt;init&gt;(Commands.java:5)
	at io.michaelcane.Calculator.&lt;init&gt;(Calculator.java:6)
	at io.michaelcane.Commands.&lt;init&gt;(Commands.java:5)
	at io.michaelcane.Calculator.&lt;init&gt;(Calculator.java:6)
	at io.michaelcane.Commands.&lt;init&gt;(Commands.java:5)
	at io.michaelcane.Calculator.&lt;init&gt;(Calculator.java:6)
	at io.michaelcane.Commands.&lt;init&gt;(Commands.java:5)
	at io.michaelcane.Calculator.&lt;init&gt;(Calculator.java:6)
	at io.michaelcane.Commands.&lt;init&gt;(Commands.java:5)
	at io.michaelcane.Calculator.&lt;init&gt;(Calculator.java:6)
	at io.michaelcane.Commands.&lt;init&gt;(Commands.java:5)
	at io.michaelcane.Calculator.&lt;init&gt;(Calculator.java:6)
	at io.michaelcane.Commands.&lt;init&gt;(Commands.java:5)
	at io.michaelcane.Calculator.&lt;init&gt;(Calculator.java:6)
	at io.michaelcane.Commands.&lt;init&gt;(Commands.java:5)
	at io.michaelcane.Calculator.&lt;init&gt;(Calculator.java:6)
	at io.michaelcane.Commands.&lt;init&gt;(Commands.java:5)
	at io.michaelcane.Calculator.&lt;init&gt;(Calculator.java:6)
	at io.michaelcane.Commands.&lt;init&gt;(Commands.java:5)
	at io.michaelcane.Calculator.&lt;init&gt;(Calculator.java:6)
	at io.michaelcane.Commands.&lt;init&gt;(Commands.java:5)
	at io.michaelcane.Calculator.&lt;init&gt;(Calculator.java:6)
	at io.michaelcane.Commands.&lt;init&gt;(Commands.java:5)
	at io.michaelcane.Calculator.&lt;init&gt;(Calculator.java:6)
	at io.michaelcane.Commands.&lt;init&gt;(Commands.java:5)
	at io.michaelcane.Calculator.&lt;init&gt;(Calculator.java:6)
	at io.michaelcane.Commands.&lt;init&gt;(Commands.java:5)
	at io.michaelcane.Calculator.&lt;init&gt;(Calculator.java:6)
	at io.michaelcane.Commands.&lt;init&gt;(Commands.java:5)
	at io.michaelcane.Calculator.&lt;init&gt;(Calculator.java:6)
	at io.michaelcane.Commands.&lt;init&gt;(Commands.java:5)
	at io.michaelcane.Calculator.&lt;init&gt;(Calculator.java:6)
	at io.michaelcane.Commands.&lt;init&gt;(Commands.java:5)
	at io.michaelcane.Calculator.&lt;init&gt;(Calculator.java:6)
	at io.michaelcane.Commands.&lt;init&gt;(Commands.java:5)
	at io.michaelcane.Calculator.&lt;init&gt;(Calculator.java:6)
	at io.michaelcane.Commands.&lt;init&gt;(Commands.java:5)
	at io.michaelcane.Calculator.&lt;init&gt;(Calculator.java:6)
	at io.michaelcane.Commands.&lt;init&gt;(Commands.java:5)
	at io.michaelcane.Calculator.&lt;init&gt;(Calculator.java:6)
	at io.michaelcane.Commands.&lt;init&gt;(Commands.java:5)
	at io.michaelcane.Calculator.&lt;init&gt;(Calculator.java:6)
	at io.michaelcane.Commands.&lt;init&gt;(Commands.java:5)
	at io.michaelcane.Calculator.&lt;init&gt;(Calculator.java:6)
	at io.michaelcane.Commands.&lt;init&gt;(Commands.java:5)
	at io.michaelcane.Calculator.&lt;init&gt;(Calculator.java:6)
	at io.michaelcane.Commands.&lt;init&gt;(Commands.java:5)
	at io.michaelcane.Calculator.&lt;init&gt;(Calculator.java:6)
	at io.michaelcane.Commands.&lt;init&gt;(Commands.java:5)
	at io.michaelcane.Calculator.&lt;init&gt;(Calculator.java:6)
	at io.michaelcane.Commands.&lt;init&gt;(Commands.java:5)
	at io.michaelcane.Calculator.&lt;init&gt;(Calculator.java:6)
	at io.michaelcane.Commands.&lt;init&gt;(Commands.java:5)
	at io.michaelcane.Calculator.&lt;init&gt;(Calculator.java:6)
	at io.michaelcane.Commands.&lt;init&gt;(Commands.java:5)
	at io.michaelcane.Calculator.&lt;init&gt;(Calculator.java:6)
	at io.michaelcane.Commands.&lt;init&gt;(Commands.java:5)
	at io.michaelcane.Calculator.&lt;init&gt;(Calculator.java:6)
	at io.michaelcane.Commands.&lt;init&gt;(Commands.java:5)
	at io.michaelcane.Calculator.&lt;init&gt;(Calculator.java:6)
	at io.michaelcane.Commands.&lt;init&gt;(Commands.java:5)
	at io.michaelcane.Calculator.&lt;init&gt;(Calculator.java:6)
	at io.michaelcane.Commands.&lt;init&gt;(Commands.java:5)
	at io.michaelcane.Calculator.&lt;init&gt;(Calculator.java:6)
	at io.michaelcane.Commands.&lt;init&gt;(Commands.java:5)
	at io.michaelcane.Calculator.&lt;init&gt;(Calculator.java:6)
	at io.michaelcane.Commands.&lt;init&gt;(Commands.java:5)
	at io.michaelcane.Calculator.&lt;init&gt;(Calculator.java:6)
	at io.michaelcane.Commands.&lt;init&gt;(Commands.java:5)
	at io.michaelcane.Calculator.&lt;init&gt;(Calculator.java:6)
	at io.michaelcane.Commands.&lt;init&gt;(Commands.java:5)
	at io.michaelcane.Calculator.&lt;init&gt;(Calculator.java:6)
	at io.michaelcane.Commands.&lt;init&gt;(Commands.java:5)
	at io.michaelcane.Calculator.&lt;init&gt;(Calculator.java:6)
	at io.michaelcane.Commands.&lt;init&gt;(Commands.java:5)
	at io.michaelcane.Calculator.&lt;init&gt;(Calculator.java:6)
	at io.michaelcane.Commands.&lt;init&gt;(Commands.java:5)
	at io.michaelcane.Calculator.&lt;init&gt;(Calculator.java:6)
	at io.michaelcane.Commands.&lt;init&gt;(Commands.java:5)
	at io.michaelcane.Calculator.&lt;init&gt;(Calculator.java:6)
	at io.michaelcane.Commands.&lt;init&gt;(Commands.java:5)
	at io.michaelcane.Calculator.&lt;init&gt;(Calculator.java:6)
	at io.michaelcane.Commands.&lt;init&gt;(Commands.java:5)
	at io.michaelcane.Calculator.&lt;init&gt;(Calculator.java:6)
	at io.michaelcane.Commands.&lt;init&gt;(Commands.java:5)
	at io.michaelcane.Calculator.&lt;init&gt;(Calculator.java:6)
	at io.michaelcane.Commands.&lt;init&gt;(Commands.java:5)
	at io.michaelcane.Calculator.&lt;init&gt;(Calculator.java:6)
	at io.michaelcane.Commands.&lt;init&gt;(Commands.java:5)
	at io.michaelcane.Calculator.&lt;init&gt;(Calculator.java:6)
	at io.michaelcane.Commands.&lt;init&gt;(Commands.java:5)
	at io.michaelcane.Calculator.&lt;init&gt;(Calculator.java:6)
	at io.michaelcane.Commands.&lt;init&gt;(Commands.java:5)
	at io.michaelcane.Calculator.&lt;init&gt;(Calculator.java:6)
	at io.michaelcane.Commands.&lt;init&gt;(Commands.java:5)
	at io.michaelcane.Calculator.&lt;init&gt;(Calculator.java:6)
	at io.michaelcane.Commands.&lt;init&gt;(Commands.java:5)
	at io.michaelcane.Calculator.&lt;init&gt;(Calculator.java:6)
	at io.michaelcane.Commands.&lt;init&gt;(Commands.java:5)
	at io.michaelcane.Calculator.&lt;init&gt;(Calculator.java:6)
	at io.michaelcane.Commands.&lt;init&gt;(Commands.java:5)
	at io.michaelcane.Calculator.&lt;init&gt;(Calculator.java:6)
	at io.michaelcane.Commands.&lt;init&gt;(Commands.java:5)
	at io.michaelcane.Calculator.&lt;init&gt;(Calculator.java:6)
	at io.michaelcane.Commands.&lt;init&gt;(Commands.java:5)
	at io.michaelcane.Calculator.&lt;init&gt;(Calculator.java:6)
	at io.michaelcane.Commands.&lt;init&gt;(Commands.java:5)
	at io.michaelcane.Calculator.&lt;init&gt;(Calculator.java:6)
	at io.michaelcane.Commands.&lt;init&gt;(Commands.java:5)
	at io.michaelcane.Calculator.&lt;init&gt;(Calculator.java:6)
	at io.michaelcane.Commands.&lt;init&gt;(Commands.java:5)
	at io.michaelcane.Calculator.&lt;init&gt;(Calculator.java:6)
	at io.michaelcane.Commands.&lt;init&gt;(Commands.java:5)
	at io.michaelcane.Calculator.&lt;init&gt;(Calculator.java:6)
	at io.michaelcane.Commands.&lt;init&gt;(Commands.java:5)
	at io.michaelcane.Calculator.&lt;init&gt;(Calculator.java:6)
	at io.michaelcane.Commands.&lt;init&gt;(Commands.java:5)
	at io.michaelcane.Calculator.&lt;init&gt;(Calculator.java:6)
	at io.michaelcane.Commands.&lt;init&gt;(Commands.java:5)
	at io.michaelcane.Calculator.&lt;init&gt;(Calculator.java:6)
	at io.michaelcane.Commands.&lt;init&gt;(Commands.java:5)
	at io.michaelcane.Calculator.&lt;init&gt;(Calculator.java:6)
	at io.michaelcane.Commands.&lt;init&gt;(Commands.java:5)
	at io.michaelcane.Calculator.&lt;init&gt;(Calculator.java:6)
	at io.michaelcane.Commands.&lt;init&gt;(Commands.java:5)
	at io.michaelcane.Calculator.&lt;init&gt;(Calculator.java:6)
	at io.michaelcane.Commands.&lt;init&gt;(Commands.java:5)
	at io.michaelcane.Calculator.&lt;init&gt;(Calculator.java:6)
	at io.michaelcane.Commands.&lt;init&gt;(Commands.java:5)
	at io.michaelcane.Calculator.&lt;init&gt;(Calculator.java:6)
	at io.michaelcane.Commands.&lt;init&gt;(Commands.java:5)
	at io.michaelcane.Calculator.&lt;init&gt;(Calculator.java:6)
	at io.michaelcane.Commands.&lt;init&gt;(Commands.java:5)
	at io.michaelcane.Calculator.&lt;init&gt;(Calculator.java:6)
	at io.michaelcane.Commands.&lt;init&gt;(Commands.java:5)
	at io.michaelcane.Calculator.&lt;init&gt;(Calculator.java:6)
	at io.michaelcane.Commands.&lt;init&gt;(Commands.java:5)
	at io.michaelcane.Calculator.&lt;init&gt;(Calculator.java:6)
	at io.michaelcane.Commands.&lt;init&gt;(Commands.java:5)
	at io.michaelcane.Calculator.&lt;init&gt;(Calculator.java:6)
	at io.michaelcane.Commands.&lt;init&gt;(Commands.java:5)
	at io.michaelcane.Calculator.&lt;init&gt;(Calculator.java:6)
	at io.michaelcane.Commands.&lt;init&gt;(Commands.java:5)
	at io.michaelcane.Calculator.&lt;init&gt;(Calculator.java:6)
	at io.michaelcane.Commands.&lt;init&gt;(Commands.java:5)
	at io.michaelcane.Calculator.&lt;init&gt;(Calculator.java:6)
	at io.michaelcane.Commands.&lt;init&gt;(Commands.java:5)
	at io.michaelcane.Calculator.&lt;init&gt;(Calculator.java:6)
	at io.michaelcane.Commands.&lt;init&gt;(Commands.java:5)
	at io.michaelcane.Calculator.&lt;init&gt;(Calculator.java:6)
	at io.michaelcane.Commands.&lt;init&gt;(Commands.java:5)
	at io.michaelcane.Calculator.&lt;init&gt;(Calculator.java:6)
	at io.michaelcane.Commands.&lt;init&gt;(Commands.java:5)
	at io.michaelcane.Calculator.&lt;init&gt;(Calculator.java:6)
	at io.michaelcane.Commands.&lt;init&gt;(Commands.java:5)
	at io.michaelcane.Calculator.&lt;init&gt;(Calculator.java:6)
	at io.michaelcane.Commands.&lt;init&gt;(Commands.java:5)
	at io.michaelcane.Calculator.&lt;init&gt;(Calculator.java:6)
	at io.michaelcane.Commands.&lt;init&gt;(Commands.java:5)
	at io.michaelcane.Calculator.&lt;init&gt;(Calculator.java:6)
	at io.michaelcane.Commands.&lt;init&gt;(Commands.java:5)
	at io.michaelcane.Calculator.&lt;init&gt;(Calculator.java:6)
	at io.michaelcane.Commands.&lt;init&gt;(Commands.java:5)
	at io.michaelcane.Calculator.&lt;init&gt;(Calculator.java:6)
	at io.michaelcane.Commands.&lt;init&gt;(Commands.java:5)
	at io.michaelcane.Calculator.&lt;init&gt;(Calculator.java:6)
	at io.michaelcane.Commands.&lt;init&gt;(Commands.java:5)
	at io.michaelcane.Calculator.&lt;init&gt;(Calculator.java:6)
	at io.michaelcane.Commands.&lt;init&gt;(Commands.java:5)
	at io.michaelcane.Calculator.&lt;init&gt;(Calculator.java:6)
	at io.michaelcane.Commands.&lt;init&gt;(Commands.java:5)
	at io.michaelcane.Calculator.&lt;init&gt;(Calculator.java:6)
	at io.michaelcane.Commands.&lt;init&gt;(Commands.java:5)
	at io.michaelcane.Calculator.&lt;init&gt;(Calculator.java:6)
	at io.michaelcane.Commands.&lt;init&gt;(Commands.java:5)
	at io.michaelcane.Calculator.&lt;init&gt;(Calculator.java:6)
	at io.michaelcane.Commands.&lt;init&gt;(Commands.java:5)
	at io.michaelcane.Calculator.&lt;init&gt;(Calculator.java:6)
	at io.michaelcane.Commands.&lt;init&gt;(Commands.java:5)
	at io.michaelcane.Calculator.&lt;init&gt;(Calculator.java:6)
	at io.michaelcane.Commands.&lt;init&gt;(Commands.java:5)
	at io.michaelcane.Calculator.&lt;init&gt;(Calculator.java:6)
	at io.michaelcane.Commands.&lt;init&gt;(Commands.java:5)
	at io.michaelcane.Calculator.&lt;init&gt;(Calculator.java:6)
	at io.michaelcane.Commands.&lt;init&gt;(Commands.java:5)
	at io.michaelcane.Calculator.&lt;init&gt;(Calculator.java:6)
	at io.michaelcane.Commands.&lt;init&gt;(Commands.java:5)
	at io.michaelcane.Calculator.&lt;init&gt;(Calculator.java:6)
	at io.michaelcane.Commands.&lt;init&gt;(Commands.java:5)
	at io.michaelcane.Calculator.&lt;init&gt;(Calculator.java:6)
	at io.michaelcane.Commands.&lt;init&gt;(Commands.java:5)
	at io.michaelcane.Calculator.&lt;init&gt;(Calculator.java:6)
	at io.michaelcane.Commands.&lt;init&gt;(Commands.java:5)
	at io.michaelcane.Calculator.&lt;init&gt;(Calculator.java:6)
	at io.michaelcane.Commands.&lt;init&gt;(Commands.java:5)
	at io.michaelcane.Calculator.&lt;init&gt;(Calculator.java:6)
	at io.michaelcane.Commands.&lt;init&gt;(Commands.java:5)
	at io.michaelcane.Calculator.&lt;init&gt;(Calculator.java:6)
	at io.michaelcane.Commands.&lt;init&gt;(Commands.java:5)
	at io.michaelcane.Calculator.&lt;init&gt;(Calculator.java:6)
	at io.michaelcane.Commands.&lt;init&gt;(Commands.java:5)
	at io.michaelcane.Calculator.&lt;init&gt;(Calculator.java:6)
	at io.michaelcane.Commands.&lt;init&gt;(Commands.java:5)
	at io.michaelcane.Calculator.&lt;init&gt;(Calculator.java:6)
	at io.michaelcane.Commands.&lt;init&gt;(Commands.java:5)
	at io.michaelcane.Calculator.&lt;init&gt;(Calculator.java:6)
	at io.michaelcane.Commands.&lt;init&gt;(Commands.java:5)
	at io.michaelcane.Calculator.&lt;init&gt;(Calculator.java:6)
	at io.michaelcane.Commands.&lt;init&gt;(Commands.java:5)
	at io.michaelcane.Calculator.&lt;init&gt;(Calculator.java:6)
	at io.michaelcane.Commands.&lt;init&gt;(Commands.java:5)
	at io.michaelcane.Calculator.&lt;init&gt;(Calculator.java:6)
	at io.michaelcane.Commands.&lt;init&gt;(Commands.java:5)
	at io.michaelcane.Calculator.&lt;init&gt;(Calculator.java:6)
	at io.michaelcane.Commands.&lt;init&gt;(Commands.java:5)
	at io.michaelcane.Calculator.&lt;init&gt;(Calculator.java:6)
	at io.michaelcane.Commands.&lt;init&gt;(Commands.java:5)
	at io.michaelcane.Calculator.&lt;init&gt;(Calculator.java:6)
	at io.michaelcane.Commands.&lt;init&gt;(Commands.java:5)
	at io.michaelcane.Calculator.&lt;init&gt;(Calculator.java:6)
	at io.michaelcane.Commands.&lt;init&gt;(Commands.java:5)
	at io.michaelcane.Calculator.&lt;init&gt;(Calculator.java:6)
	at io.michaelcane.Commands.&lt;init&gt;(Commands.java:5)
	at io.michaelcane.Calculator.&lt;init&gt;(Calculator.java:6)
	at io.michaelcane.Commands.&lt;init&gt;(Commands.java:5)
	at io.michaelcane.Calculator.&lt;init&gt;(Calculator.java:6)
	at io.michaelcane.Commands.&lt;init&gt;(Commands.java:5)
	at io.michaelcane.Calculator.&lt;init&gt;(Calculator.java:6)
	at io.michaelcane.Commands.&lt;init&gt;(Commands.java:5)
	at io.michaelcane.Calculator.&lt;init&gt;(Calculator.java:6)
	at io.michaelcane.Commands.&lt;init&gt;(Commands.java:5)
	at io.michaelcane.Calculator.&lt;init&gt;(Calculator.java:6)
	at io.michaelcane.Commands.&lt;init&gt;(Commands.java:5)
	at io.michaelcane.Calculator.&lt;init&gt;(Calculator.java:6)
	at io.michaelcane.Commands.&lt;init&gt;(Commands.java:5)
	at io.michaelcane.Calculator.&lt;init&gt;(Calculator.java:6)
	at io.michaelcane.Commands.&lt;init&gt;(Commands.java:5)
	at io.michaelcane.Calculator.&lt;init&gt;(Calculator.java:6)
	at io.michaelcane.Commands.&lt;init&gt;(Commands.java:5)
	at io.michaelcane.Calculator.&lt;init&gt;(Calculator.java:6)
	at io.michaelcane.Commands.&lt;init&gt;(Commands.java:5)
	at io.michaelcane.Calculator.&lt;init&gt;(Calculator.java:6)
	at io.michaelcane.Commands.&lt;init&gt;(Commands.java:5)
	at io.michaelcane.Calculator.&lt;init&gt;(Calculator.java:6)
	at io.michaelcane.Commands.&lt;init&gt;(Commands.java:5)
	at io.michaelcane.Calculator.&lt;init&gt;(Calculator.java:6)
	at io.michaelcane.Commands.&lt;init&gt;(Commands.java:5)
	at io.michaelcane.Calculator.&lt;init&gt;(Calculator.java:6)
	at io.michaelcane.Commands.&lt;init&gt;(Commands.java:5)
	at io.michaelcane.Calculator.&lt;init&gt;(Calculator.java:6)
	at io.michaelcane.Commands.&lt;init&gt;(Commands.java:5)
	at io.michaelcane.Calculator.&lt;init&gt;(Calculator.java:6)
	at io.michaelcane.Commands.&lt;init&gt;(Commands.java:5)
	at io.michaelcane.Calculator.&lt;init&gt;(Calculator.java:6)
	at io.michaelcane.Commands.&lt;init&gt;(Commands.java:5)
	at io.michaelcane.Calculator.&lt;init&gt;(Calculator.java:6)
	at io.michaelcane.Commands.&lt;init&gt;(Commands.java:5)
	at io.michaelcane.Calculator.&lt;init&gt;(Calculator.java:6)
	at io.michaelcane.Commands.&lt;init&gt;(Commands.java:5)
	at io.michaelcane.Calculator.&lt;init&gt;(Calculator.java:6)
	at io.michaelcane.Commands.&lt;init&gt;(Commands.java:5)
	at io.michaelcane.Calculator.&lt;init&gt;(Calculator.java:6)
	at io.michaelcane.Commands.&lt;init&gt;(Commands.java:5)
	at io.michaelcane.Calculator.&lt;init&gt;(Calculator.java:6)
	at io.michaelcane.Commands.&lt;init&gt;(Commands.java:5)
	at io.michaelcane.Calculator.&lt;init&gt;(Calculator.java:6)
	at io.michaelcane.Commands.&lt;init&gt;(Commands.java:5)
	at io.michaelcane.Calculator.&lt;init&gt;(Calculator.java:6)
	at io.michaelcane.Commands.&lt;init&gt;(Commands.java:5)
	at io.michaelcane.Calculator.&lt;init&gt;(Calculator.java:6)
	at io.michaelcane.Commands.&lt;init&gt;(Commands.java:5)
	at io.michaelcane.Calculator.&lt;init&gt;(Calculator.java:6)
	at io.michaelcane.Commands.&lt;init&gt;(Commands.java:5)
	at io.michaelcane.Calculator.&lt;init&gt;(Calculator.java:6)
	at io.michaelcane.Commands.&lt;init&gt;(Commands.java:5)
	at io.michaelcane.Calculator.&lt;init&gt;(Calculator.java:6)
	at io.michaelcane.Commands.&lt;init&gt;(Commands.java:5)
	at io.michaelcane.Calculator.&lt;init&gt;(Calculator.java:6)
	at io.michaelcane.Commands.&lt;init&gt;(Commands.java:5)
	at io.michaelcane.Calculator.&lt;init&gt;(Calculator.java:6)
	at io.michaelcane.Commands.&lt;init&gt;(Commands.java:5)
	at io.michaelcane.Calculator.&lt;init&gt;(Calculator.java:6)
	at io.michaelcane.Commands.&lt;init&gt;(Commands.java:5)
	at io.michaelcane.Calculator.&lt;init&gt;(Calculator.java:6)
	at io.michaelcane.Commands.&lt;init&gt;(Commands.java:5)
	at io.michaelcane.Calculator.&lt;init&gt;(Calculator.java:6)
	at io.michaelcane.Commands.&lt;init&gt;(Commands.java:5)
	at io.michaelcane.Calculator.&lt;init&gt;(Calculator.java:6)
	at io.michaelcane.Commands.&lt;init&gt;(Commands.java:5)
	at io.michaelcane.Calculator.&lt;init&gt;(Calculator.java:6)
	at io.michaelcane.Commands.&lt;init&gt;(Commands.java:5)
	at io.michaelcane.Calculator.&lt;init&gt;(Calculator.java:6)
	at io.michaelcane.Commands.&lt;init&gt;(Commands.java:5)
	at io.michaelcane.Calculator.&lt;init&gt;(Calculator.java:6)
	at io.michaelcane.Commands.&lt;init&gt;(Commands.java:5)
	at io.michaelcane.Calculator.&lt;init&gt;(Calculator.java:6)
	at io.michaelcane.Commands.&lt;init&gt;(Commands.java:5)
	at io.michaelcane.Calculator.&lt;init&gt;(Calculator.java:6)
	at io.michaelcane.Commands.&lt;init&gt;(Commands.java:5)
	at io.michaelcane.Calculator.&lt;init&gt;(Calculator.java:6)
	at io.michaelcane.Commands.&lt;init&gt;(Commands.java:5)
	at io.michaelcane.Calculator.&lt;init&gt;(Calculator.java:6)
	at io.michaelcane.Commands.&lt;init&gt;(Commands.java:5)
	at io.michaelcane.Calculator.&lt;init&gt;(Calculator.java:6)
	at io.michaelcane.Commands.&lt;init&gt;(Commands.java:5)
	at io.michaelcane.Calculator.&lt;init&gt;(Calculator.java:6)
	at io.michaelcane.Commands.&lt;init&gt;(Commands.java:5)
	at io.michaelcane.Calculator.&lt;init&gt;(Calculator.java:6)
	at io.michaelcane.Commands.&lt;init&gt;(Commands.java:5)
	at io.michaelcane.Calculator.&lt;init&gt;(Calculator.java:6)
	at io.michaelcane.Commands.&lt;init&gt;(Commands.java:5)
	at io.michaelcane.Calculator.&lt;init&gt;(Calculator.java:6)
	at io.michaelcane.Commands.&lt;init&gt;(Commands.java:5)
	at io.michaelcane.Calculator.&lt;init&gt;(Calculator.java:6)
	at io.michaelcane.Commands.&lt;init&gt;(Commands.java:5)
	at io.michaelcane.Calculator.&lt;init&gt;(Calculator.java:6)
	at io.michaelcane.Commands.&lt;init&gt;(Commands.java:5)
	at io.michaelcane.Calculator.&lt;init&gt;(Calculator.java:6)
	at io.michaelcane.Commands.&lt;init&gt;(Commands.java:5)
	at io.michaelcane.Calculator.&lt;init&gt;(Calculator.java:6)
	at io.michaelcane.Commands.&lt;init&gt;(Commands.java:5)
	at io.michaelcane.Calculator.&lt;init&gt;(Calculator.java:6)
	at io.michaelcane.Commands.&lt;init&gt;(Commands.java:5)
	at io.michaelcane.Calculator.&lt;init&gt;(Calculator.java:6)
	at io.michaelcane.Commands.&lt;init&gt;(Commands.java:5)
	at io.michaelcane.Calculator.&lt;init&gt;(Calculator.java:6)
	at io.michaelcane.Commands.&lt;init&gt;(Commands.java:5)
	at io.michaelcane.Calculator.&lt;init&gt;(Calculator.java:6)
	at io.michaelcane.Commands.&lt;init&gt;(Commands.java:5)
	at io.michaelcane.Calculator.&lt;init&gt;(Calculator.java:6)
	at io.michaelcane.Commands.&lt;init&gt;(Commands.java:5)
	at io.michaelcane.Calculator.&lt;init&gt;(Calculator.java:6)
	at io.michaelcane.Commands.&lt;init&gt;(Commands.java:5)
	at io.michaelcane.Calculator.&lt;init&gt;(Calculator.java:6)
	at io.michaelcane.Commands.&lt;init&gt;(Commands.java:5)
	at io.michaelcane.Calculator.&lt;init&gt;(Calculator.java:6)
	at io.michaelcane.Commands.&lt;init&gt;(Commands.java:5)
	at io.michaelcane.Calculator.&lt;init&gt;(Calculator.java:6)
	at io.michaelcane.Commands.&lt;init&gt;(Commands.java:5)
	at io.michaelcane.Calculator.&lt;init&gt;(Calculator.java:6)
	at io.michaelcane.Commands.&lt;init&gt;(Commands.java:5)
	at io.michaelcane.Calculator.&lt;init&gt;(Calculator.java:6)
	at io.michaelcane.Commands.&lt;init&gt;(Commands.java:5)
	at io.michaelcane.Calculator.&lt;init&gt;(Calculator.java:6)
	at io.michaelcane.Commands.&lt;init&gt;(Commands.java:5)
	at io.michaelcane.Calculator.&lt;init&gt;(Calculator.java:6)
	at io.michaelcane.Commands.&lt;init&gt;(Commands.java:5)
	at io.michaelcane.Calculator.&lt;init&gt;(Calculator.java:6)
	at io.michaelcane.Commands.&lt;init&gt;(Commands.java:5)
	at io.michaelcane.Calculator.&lt;init&gt;(Calculator.java:6)
	at io.michaelcane.Commands.&lt;init&gt;(Commands.java:5)
	at io.michaelcane.Calculator.&lt;init&gt;(Calculator.java:6)
	at io.michaelcane.Commands.&lt;init&gt;(Commands.java:5)
	at io.michaelcane.Calculator.&lt;init&gt;(Calculator.java:6)
	at io.michaelcane.Commands.&lt;init&gt;(Commands.java:5)
	at io.michaelcane.Calculator.&lt;init&gt;(Calculator.java:6)
	at io.michaelcane.Commands.&lt;init&gt;(Commands.java:5)
	at io.michaelcane.Calculator.&lt;init&gt;(Calculator.java:6)
	at io.michaelcane.Commands.&lt;init&gt;(Commands.java:5)
	at io.michaelcane.Calculator.&lt;init&gt;(Calculator.java:6)
	at io.michaelcane.Commands.&lt;init&gt;(Commands.java:5)
	at io.michaelcane.Calculator.&lt;init&gt;(Calculator.java:6)
	at io.michaelcane.Commands.&lt;init&gt;(Commands.java:5)
	at io.michaelcane.Calculator.&lt;init&gt;(Calculator.java:6)
	at io.michaelcane.Commands.&lt;init&gt;(Commands.java:5)
	at io.michaelcane.Calculator.&lt;init&gt;(Calculator.java:6)
	at io.michaelcane.Commands.&lt;init&gt;(Commands.java:5)
	at io.michaelcane.Calculator.&lt;init&gt;(Calculator.java:6)
	at io.michaelcane.Commands.&lt;init&gt;(Commands.java:5)
	at io.michaelcane.Calculator.&lt;init&gt;(Calculator.java:6)
	at io.michaelcane.Commands.&lt;init&gt;(Commands.java:5)
	at io.michaelcane.Calculator.&lt;init&gt;(Calculator.java:6)
	at io.michaelcane.Commands.&lt;init&gt;(Commands.java:5)
	at io.michaelcane.Calculator.&lt;init&gt;(Calculator.java:6)
	at io.michaelcane.Commands.&lt;init&gt;(Commands.java:5)
	at io.michaelcane.Calculator.&lt;init&gt;(Calculator.java:6)
	at io.michaelcane.Commands.&lt;init&gt;(Commands.java:5)
	at io.michaelcane.Calculator.&lt;init&gt;(Calculator.java:6)
	at io.michaelcane.Commands.&lt;init&gt;(Commands.java:5)
	at io.michaelcane.Calculator.&lt;init&gt;(Calculator.java:6)
	at io.michaelcane.Commands.&lt;init&gt;(Commands.java:5)
	at io.michaelcane.Calculator.&lt;init&gt;(Calculator.java:6)
	at io.michaelcane.Commands.&lt;init&gt;(Commands.java:5)
	at io.michaelcane.Calculator.&lt;init&gt;(Calculator.java:6)
	at io.michaelcane.Commands.&lt;init&gt;(Commands.java:5)
	at io.michaelcane.Calculator.&lt;init&gt;(Calculator.java:6)
	at io.michaelcane.Commands.&lt;init&gt;(Commands.java:5)
	at io.michaelcane.Calculator.&lt;init&gt;(Calculator.java:6)
	at io.michaelcane.Commands.&lt;init&gt;(Commands.java:5)
	at io.michaelcane.Calculator.&lt;init&gt;(Calculator.java:6)
	at io.michaelcane.Commands.&lt;init&gt;(Commands.java:5)
	at io.michaelcane.Calculator.&lt;init&gt;(Calculator.java:6)
	at io.michaelcane.Commands.&lt;init&gt;(Commands.java:5)
	at io.michaelcane.Calculator.&lt;init&gt;(Calculator.java:6)
	at io.michaelcane.Commands.&lt;init&gt;(Commands.java:5)
	at io.michaelcane.Calculator.&lt;init&gt;(Calculator.java:6)
	at io.michaelcane.Commands.&lt;init&gt;(Commands.java:5)
	at io.michaelcane.Calculator.&lt;init&gt;(Calculator.java:6)
	at io.michaelcane.Commands.&lt;init&gt;(Commands.java:5)
	at io.michaelcane.Calculator.&lt;init&gt;(Calculator.java:6)
	at io.michaelcane.Commands.&lt;init&gt;(Commands.java:5)
	at io.michaelcane.Calculator.&lt;init&gt;(Calculator.java:6)
	at io.michaelcane.Commands.&lt;init&gt;(Commands.java:5)
	at io.michaelcane.Calculator.&lt;init&gt;(Calculator.java:6)
	at io.michaelcane.Commands.&lt;init&gt;(Commands.java:5)
	at io.michaelcane.Calculator.&lt;init&gt;(Calculator.java:6)
	at io.michaelcane.Commands.&lt;init&gt;(Commands.java:5)
	at io.michaelcane.Calculator.&lt;init&gt;(Calculator.java:6)
	at io.michaelcane.Commands.&lt;init&gt;(Commands.java:5)
	at io.michaelcane.Calculator.&lt;init&gt;(Calculator.java:6)
	at io.michaelcane.Commands.&lt;init&gt;(Commands.java:5)
	at io.michaelcane.Calculator.&lt;init&gt;(Calculator.java:6)
	at io.michaelcane.Commands.&lt;init&gt;(Commands.java:5)
	at io.michaelcane.Calculator.&lt;init&gt;(Calculator.java:6)
	at io.michaelcane.Commands.&lt;init&gt;(Commands.java:5)
	at io.michaelcane.Calculator.&lt;init&gt;(Calculator.java:6)
	at io.michaelcane.Commands.&lt;init&gt;(Commands.java:5)
	at io.michaelcane.Calculator.&lt;init&gt;(Calculator.java:6)
	at io.michaelcane.Commands.&lt;init&gt;(Commands.java:5)
	at io.michaelcane.Calculator.&lt;init&gt;(Calculator.java:6)
	at io.michaelcane.Commands.&lt;init&gt;(Commands.java:5)
	at io.michaelcane.Calculator.&lt;init&gt;(Calculator.java:6)
	at io.michaelcane.Commands.&lt;init&gt;(Commands.java:5)
	at io.michaelcane.Calculator.&lt;init&gt;(Calculator.java:6)
	at io.michaelcane.Commands.&lt;init&gt;(Commands.java:5)
	at io.michaelcane.Calculator.&lt;init&gt;(Calculator.java:6)
	at io.michaelcane.Commands.&lt;init&gt;(Commands.java:5)
	at io.michaelcane.Calculator.&lt;init&gt;(Calculator.java:6)
	at io.michaelcane.Commands.&lt;init&gt;(Commands.java:5)
	at io.michaelcane.Calculator.&lt;init&gt;(Calculator.java:6)
	at io.michaelcane.Commands.&lt;init&gt;(Commands.java:5)
	at io.michaelcane.Calculator.&lt;init&gt;(Calculator.java:6)
	at io.michaelcane.Commands.&lt;init&gt;(Commands.java:5)
	at io.michaelcane.Calculator.&lt;init&gt;(Calculator.java:6)
	at io.michaelcane.Commands.&lt;init&gt;(Commands.java:5)
	at io.michaelcane.Calculator.&lt;init&gt;(Calculator.java:6)
	at io.michaelcane.Commands.&lt;init&gt;(Commands.java:5)
	at io.michaelcane.Calculator.&lt;init&gt;(Calculator.java:6)
	at io.michaelcane.Commands.&lt;init&gt;(Commands.java:5)
	at io.michaelcane.Calculator.&lt;init&gt;(Calculator.java:6)
	at io.michaelcane.Commands.&lt;init&gt;(Commands.java:5)
	at io.michaelcane.Calculator.&lt;init&gt;(Calculator.java:6)
	at io.michaelcane.Commands.&lt;init&gt;(Commands.java:5)
	at io.michaelcane.Calculator.&lt;init&gt;(Calculator.java:6)
	at io.michaelcane.Commands.&lt;init&gt;(Commands.java:5)
	at io.michaelcane.Calculator.&lt;init&gt;(Calculator.java:6)
	at io.michaelcane.Commands.&lt;init&gt;(Commands.java:5)
	at io.michaelcane.Calculator.&lt;init&gt;(Calculator.java:6)
	at io.michaelcane.Commands.&lt;init&gt;(Commands.java:5)
	at io.michaelcane.Calculator.&lt;init&gt;(Calculator.java:6)
	at io.michaelcane.Commands.&lt;init&gt;(Commands.java:5)
	at io.michaelcane.Calculator.&lt;init&gt;(Calculator.java:6)
	at io.michaelcane.Commands.&lt;init&gt;(Commands.java:5)
	at io.michaelcane.Calculator.&lt;init&gt;(Calculator.java:6)
	at io.michaelcane.Commands.&lt;init&gt;(Commands.java:5)
	at io.michaelcane.Calculator.&lt;init&gt;(Calculator.java:6)
	at io.michaelcane.Commands.&lt;init&gt;(Commands.java:5)
	at io.michaelcane.Calculator.&lt;init&gt;(Calculator.java:6)
	at io.michaelcane.Commands.&lt;init&gt;(Commands.java:5)
	at io.michaelcane.Calculator.&lt;init&gt;(Calculator.java:6)
	at io.michaelcane.Commands.&lt;init&gt;(Commands.java:5)
	at io.michaelcane.Calculator.&lt;init&gt;(Calculator.java:6)
	at io.michaelcane.Commands.&lt;init&gt;(Commands.java:5)
	at io.michaelcane.Calculator.&lt;init&gt;(Calculator.java:6)
	at io.michaelcane.Commands.&lt;init&gt;(Commands.java:5)
	at io.michaelcane.Calculator.&lt;init&gt;(Calculator.java:6)
	at io.michaelcane.Commands.&lt;init&gt;(Commands.java:5)
	at io.michaelcane.Calculator.&lt;init&gt;(Calculator.java:6)
	at io.michaelcane.Commands.&lt;init&gt;(Commands.java:5)
	at io.michaelcane.Calculator.&lt;init&gt;(Calculator.java:6)
	at io.michaelcane.Commands.&lt;init&gt;(Commands.java:5)
	at io.michaelcane.Calculator.&lt;init&gt;(Calculator.java:6)
	at io.michaelcane.Commands.&lt;init&gt;(Commands.java:5)
	at io.michaelcane.Calculator.&lt;init&gt;(Calculator.java:6)
	at io.michaelcane.Commands.&lt;init&gt;(Commands.java:5)
	at io.michaelcane.Calculator.&lt;init&gt;(Calculator.java:6)
	at io.michaelcane.Commands.&lt;init&gt;(Commands.java:5)
	at io.michaelcane.Calculator.&lt;init&gt;(Calculator.java:6)
	at io.michaelcane.Commands.&lt;init&gt;(Commands.java:5)
	at io.michaelcane.Calculator.&lt;init&gt;(Calculator.java:6)
	at io.michaelcane.Commands.&lt;init&gt;(Commands.java:5)
	at io.michaelcane.Calculator.&lt;init&gt;(Calculator.java:6)
	at io.michaelcane.Commands.&lt;init&gt;(Commands.java:5)
	at io.michaelcane.Calculator.&lt;init&gt;(Calculator.java:6)
	at io.michaelcane.Commands.&lt;init&gt;(Commands.java:5)
	at io.michaelcane.Calculator.&lt;init&gt;(Calculator.java:6)
	at io.michaelcane.Commands.&lt;init&gt;(Commands.java:5)
	at io.michaelcane.Calculator.&lt;init&gt;(Calculator.java:6)
	at io.michaelcane.Commands.&lt;init&gt;(Commands.java:5)
	at io.michaelcane.Calculator.&lt;init&gt;(Calculator.java:6)
	at io.michaelcane.Commands.&lt;init&gt;(Commands.java:5)
	at io.michaelcane.Calculator.&lt;init&gt;(Calculator.java:6)
	at io.michaelcane.Commands.&lt;init&gt;(Commands.java:5)
	at io.michaelcane.Calculator.&lt;init&gt;(Calculator.java:6)
	at io.michaelcane.Commands.&lt;init&gt;(Commands.java:5)
	at io.michaelcane.Calculator.&lt;init&gt;(Calculator.java:6)
	at io.michaelcane.Commands.&lt;init&gt;(Commands.java:5)
	at io.michaelcane.Calculator.&lt;init&gt;(Calculator.java:6)
	at io.michaelcane.Commands.&lt;init&gt;(Commands.java:5)
	at io.michaelcane.Calculator.&lt;init&gt;(Calculator.java:6)
	at io.michaelcane.Commands.&lt;init&gt;(Commands.java:5)
	at io.michaelcane.Calculator.&lt;init&gt;(Calculator.java:6)
	at io.michaelcane.Commands.&lt;init&gt;(Commands.java:5)
	at io.michaelcane.Calculator.&lt;init&gt;(Calculator.java:6)
	at io.michaelcane.Commands.&lt;init&gt;(Commands.java:5)
	at io.michaelcane.Calculator.&lt;init&gt;(Calculator.java:6)
	at io.michaelcane.Commands.&lt;init&gt;(Commands.java:5)
	at io.michaelcane.Calculator.&lt;init&gt;(Calculator.java:6)
	at io.michaelcane.Commands.&lt;init&gt;(Commands.java:5)
	at io.michaelcane.Calculator.&lt;init&gt;(Calculator.java:6)
	at io.michaelcane.Commands.&lt;init&gt;(Commands.java:5)
	at io.michaelcane.Calculator.&lt;init&gt;(Calculator.java:6)
	at io.michaelcane.Commands.&lt;init&gt;(Commands.java:5)
	at io.michaelcane.Calculator.&lt;init&gt;(Calculator.java:6)
	at io.michaelcane.Commands.&lt;init&gt;(Commands.java:5)
	at io.michaelcane.Calculator.&lt;init&gt;(Calculator.java:6)
	at io.michaelcane.Commands.&lt;init&gt;(Commands.java:5)
	at io.michaelcane.Calculator.&lt;init&gt;(Calculator.java:6)
	at io.michaelcane.Commands.&lt;init&gt;(Commands.java:5)
	at io.michaelcane.Calculator.&lt;init&gt;(Calculator.java:6)
	at io.michaelcane.Commands.&lt;init&gt;(Commands.java:5)
	at io.michaelcane.Calculator.&lt;init&gt;(Calculator.java:6)
	at io.michaelcane.Commands.&lt;init&gt;(Commands.java:5)
	at io.michaelcane.Calculator.&lt;init&gt;(Calculator.java:6)
	at io.michaelcane.Commands.&lt;init&gt;(Commands.java:5)
	at io.michaelcane.Calculator.&lt;init&gt;(Calculator.java:6)
	at io.michaelcane.Commands.&lt;init&gt;(Commands.java:5)
	at io.michaelcane.Calculator.&lt;init&gt;(Calculator.java:6)
	at io.michaelcane.Commands.&lt;init&gt;(Commands.java:5)
	at io.michaelcane.Calculator.&lt;init&gt;(Calculator.java:6)
	at io.michaelcane.Commands.&lt;init&gt;(Commands.java:5)
	at io.michaelcane.Calculator.&lt;init&gt;(Calculator.java:6)
	at io.michaelcane.Commands.&lt;init&gt;(Commands.java:5)
	at io.michaelcane.Calculator.&lt;init&gt;(Calculator.java:6)
	at io.michaelcane.Commands.&lt;init&gt;(Commands.java:5)
	at io.michaelcane.Calculator.&lt;init&gt;(Calculator.java:6)
	at io.michaelcane.Commands.&lt;init&gt;(Commands.java:5)
	at io.michaelcane.Calculator.&lt;init&gt;(Calculator.java:6)
	at io.michaelcane.Commands.&lt;init&gt;(Commands.java:5)
	at io.michaelcane.Calculator.&lt;init&gt;(Calculator.java:6)
	at io.michaelcane.Commands.&lt;init&gt;(Commands.java:5)
	at io.michaelcane.Calculator.&lt;init&gt;(Calculator.java:6)
	at io.michaelcane.Commands.&lt;init&gt;(Commands.java:5)
	at io.michaelcane.Calculator.&lt;init&gt;(Calculator.java:6)
	at io.michaelcane.Commands.&lt;init&gt;(Commands.java:5)
	at io.michaelcane.Calculator.&lt;init&gt;(Calculator.java:6)
	at io.michaelcane.Commands.&lt;init&gt;(Commands.java:5)
	at io.michaelcane.Calculator.&lt;init&gt;(Calculator.java:6)
	at io.michaelcane.Commands.&lt;init&gt;(Commands.java:5)
	at io.michaelcane.Calculator.&lt;init&gt;(Calculator.java:6)
	at io.michaelcane.Commands.&lt;init&gt;(Commands.java:5)
	at io.michaelcane.Calculator.&lt;init&gt;(Calculator.java:6)
	at io.michaelcane.Commands.&lt;init&gt;(Commands.java:5)
	at io.michaelcane.Calculator.&lt;init&gt;(Calculator.java:6)
	at io.michaelcane.Commands.&lt;init&gt;(Commands.java:5)
	at io.michaelcane.Calculator.&lt;init&gt;(Calculator.java:6)
	at io.michaelcane.Commands.&lt;init&gt;(Commands.java:5)
	at io.michaelcane.Calculator.&lt;init&gt;(Calculator.java:6)
	at io.michaelcane.Commands.&lt;init&gt;(Commands.java:5)
	at io.michaelcane.Calculator.&lt;init&gt;(Calculator.java:6)
	at io.michaelcane.Commands.&lt;init&gt;(Commands.java:5)
	at io.michaelcane.Calculator.&lt;init&gt;(Calculator.java:6)
	at io.michaelcane.Commands.&lt;init&gt;(Commands.java:5)
	at io.michaelcane.Calculator.&lt;init&gt;(Calculator.java:6)
	at io.michaelcane.Commands.&lt;init&gt;(Commands.java:5)
	at io.michaelcane.Calculator.&lt;init&gt;(Calculator.java:6)
	at io.michaelcane.Commands.&lt;init&gt;(Commands.java:5)
	at io.michaelcane.Calculator.&lt;init&gt;(Calculator.java:6)
	at io.michaelcane.Commands.&lt;init&gt;(Commands.java:5)
	at io.michaelcane.Calculator.&lt;init&gt;(Calculator.java:6)
	at io.michaelcane.Commands.&lt;init&gt;(Commands.java:5)
	at io.michaelcane.Calculator.&lt;init&gt;(Calculator.java:6)
	at io.michaelcane.Commands.&lt;init&gt;(Commands.java:5)
	at io.michaelcane.Calculator.&lt;init&gt;(Calculator.java:6)
	at io.michaelcane.Commands.&lt;init&gt;(Commands.java:5)
	at io.michaelcane.Calculator.&lt;init&gt;(Calculator.java:6)
	at io.michaelcane.Commands.&lt;init&gt;(Commands.java:5)
	at io.michaelcane.Calculator.&lt;init&gt;(Calculator.java:6)
	at io.michaelcane.Commands.&lt;init&gt;(Commands.java:5)
	at io.michaelcane.Calculator.&lt;init&gt;(Calculator.java:6)
	at io.michaelcane.Commands.&lt;init&gt;(Commands.java:5)
	at io.michaelcane.Calculator.&lt;init&gt;(Calculator.java:6)
	at io.michaelcane.Commands.&lt;init&gt;(Commands.java:5)
	at io.michaelcane.Calculator.&lt;init&gt;(Calculator.java:6)
	at io.michaelcane.Commands.&lt;init&gt;(Commands.java:5)
	at io.michaelcane.Calculator.&lt;init&gt;(Calculator.java:6)
	at io.michaelcane.Commands.&lt;init&gt;(Commands.java:5)
	at io.michaelcane.Calculator.&lt;init&gt;(Calculator.java:6)
	at io.michaelcane.Commands.&lt;init&gt;(Commands.java:5)
	at io.michaelcane.Calculator.&lt;init&gt;(Calculator.java:6)
	at io.michaelcane.Commands.&lt;init&gt;(Commands.java:5)
	at io.michaelcane.Calculator.&lt;init&gt;(Calculator.java:6)
	at io.michaelcane.Commands.&lt;init&gt;(Commands.java:5)
	at io.michaelcane.Calculator.&lt;init&gt;(Calculator.java:6)
	at io.michaelcane.Commands.&lt;init&gt;(Commands.java:5)
	at io.michaelcane.Calculator.&lt;init&gt;(Calculator.java:6)
	at io.michaelcane.Commands.&lt;init&gt;(Commands.java:5)
	at io.michaelcane.Calculator.&lt;init&gt;(Calculator.java:6)
	at io.michaelcane.Commands.&lt;init&gt;(Commands.java:5)
	at io.michaelcane.Calculator.&lt;init&gt;(Calculator.java:6)
	at io.michaelcane.Commands.&lt;init&gt;(Commands.java:5)
	at io.michaelcane.Calculator.&lt;init&gt;(Calculator.java:6)
	at io.michaelcane.Commands.&lt;init&gt;(Commands.java:5)
	at io.michaelcane.Calculator.&lt;init&gt;(Calculator.java:6)
	at io.michaelcane.Commands.&lt;init&gt;(Commands.java:5)
	at io.michaelcane.Calculator.&lt;init&gt;(Calculator.java:6)
	at io.michaelcane.Commands.&lt;init&gt;(Commands.java:5)
	at io.michaelcane.Calculator.&lt;init&gt;(Calculator.java:6)
	at io.michaelcane.Commands.&lt;init&gt;(Commands.java:5)
	at io.michaelcane.Calculator.&lt;init&gt;(Calculator.java:6)
	at io.michaelcane.Commands.&lt;init&gt;(Commands.java:5)
	at io.michaelcane.Calculator.&lt;init&gt;(Calculator.java:6)
	at io.michaelcane.Commands.&lt;init&gt;(Commands.java:5)
	at io.michaelcane.Calculator.&lt;init&gt;(Calculator.java:6)
	at io.michaelcane.Commands.&lt;init&gt;(Commands.java:5)
	at io.michaelcane.Calculator.&lt;init&gt;(Calculator.java:6)
	at io.michaelcane.Commands.&lt;init&gt;(Commands.java:5)
	at io.michaelcane.Calculator.&lt;init&gt;(Calculator.java:6)
	at io.michaelcane.Commands.&lt;init&gt;(Commands.java:5)
	at io.michaelcane.Calculator.&lt;init&gt;(Calculator.java:6)
	at io.michaelcane.Commands.&lt;init&gt;(Commands.java:5)
	at io.michaelcane.Calculator.&lt;init&gt;(Calculator.java:6)
	at io.michaelcane.Commands.&lt;init&gt;(Commands.java:5)
	at io.michaelcane.Calculator.&lt;init&gt;(Calculator.java:6)
	at io.michaelcane.Commands.&lt;init&gt;(Commands.java:5)
	at io.michaelcane.Calculator.&lt;init&gt;(Calculator.java:6)
	at io.michaelcane.Commands.&lt;init&gt;(Commands.java:5)
	at io.michaelcane.Calculator.&lt;init&gt;(Calculator.java:6)
	at io.michaelcane.Commands.&lt;init&gt;(Commands.java:5)
	at io.michaelcane.Calculator.&lt;init&gt;(Calculator.java:6)
	at io.michaelcane.Commands.&lt;init&gt;(Commands.java:5)
	at io.michaelcane.Calculator.&lt;init&gt;(Calculator.java:6)
	at io.michaelcane.Commands.&lt;init&gt;(Commands.java:5)
	at io.michaelcane.Calculator.&lt;init&gt;(Calculator.java:6)
	at io.michaelcane.Commands.&lt;init&gt;(Commands.java:5)
	at io.michaelcane.Calculator.&lt;init&gt;(Calculator.java:6)
	at io.michaelcane.Commands.&lt;init&gt;(Commands.java:5)
	at io.michaelcane.Calculator.&lt;init&gt;(Calculator.java:6)
	at io.michaelcane.Commands.&lt;init&gt;(Commands.java:5)
	at io.michaelcane.Calculator.&lt;init&gt;(Calculator.java:6)
	at io.michaelcane.Commands.&lt;init&gt;(Commands.java:5)
	at io.michaelcane.Calculator.&lt;init&gt;(Calculator.java:6)
	at io.michaelcane.Commands.&lt;init&gt;(Commands.java:5)
	at io.michaelcane.Calculator.&lt;init&gt;(Calculator.java:6)
	at io.michaelcane.Commands.&lt;init&gt;(Commands.java:5)
	at io.michaelcane.Calculator.&lt;init&gt;(Calculator.java:6)
	at io.michaelcane.Commands.&lt;init&gt;(Commands.java:5)
	at io.michaelcane.Calculator.&lt;init&gt;(Calculator.java:6)
	at io.michaelcane.Commands.&lt;init&gt;(Commands.java:5)
	at io.michaelcane.Calculator.&lt;init&gt;(Calculator.java:6)
	at io.michaelcane.Commands.&lt;init&gt;(Commands.java:5)
	at io.michaelcane.Calculator.&lt;init&gt;(Calculator.java:6)
	at io.michaelcane.Commands.&lt;init&gt;(Commands.java:5)
	at io.michaelcane.Calculator.&lt;init&gt;(Calculator.java:6)
	at io.michaelcane.Commands.&lt;init&gt;(Commands.java:5)
	at io.michaelcane.Calculator.&lt;init&gt;(Calculator.java:6)
	at io.michaelcane.Commands.&lt;init&gt;(Commands.java:5)
	at io.michaelcane.Calculator.&lt;init&gt;(Calculator.java:6)
	at io.michaelcane.Commands.&lt;init&gt;(Commands.java:5)
	at io.michaelcane.Calculator.&lt;init&gt;(Calculator.java:6)
	at io.michaelcane.Commands.&lt;init&gt;(Commands.java:5)
	at io.michaelcane.Calculator.&lt;init&gt;(Calculator.java:6)
	at io.michaelcane.Commands.&lt;init&gt;(Commands.java:5)
	at io.michaelcane.Calculator.&lt;init&gt;(Calculator.java:6)
	at io.michaelcane.Commands.&lt;init&gt;(Commands.java:5)
	at io.michaelcane.Calculator.&lt;init&gt;(Calculator.java:6)
	at io.michaelcane.Commands.&lt;init&gt;(Commands.java:5)
	at io.michaelcane.Calculator.&lt;init&gt;(Calculator.java:6)
	at io.michaelcane.Commands.&lt;init&gt;(Commands.java:5)
	at io.michaelcane.Calculator.&lt;init&gt;(Calculator.java:6)
	at io.michaelcane.Commands.&lt;init&gt;(Commands.java:5)
	at io.michaelcane.Calculator.&lt;init&gt;(Calculator.java:6)
	at io.michaelcane.Commands.&lt;init&gt;(Commands.java:5)
	at io.michaelcane.Calculator.&lt;init&gt;(Calculator.java:6)
	at io.michaelcane.Commands.&lt;init&gt;(Commands.java:5)
	at io.michaelcane.Calculator.&lt;init&gt;(Calculator.java:6)
	at io.michaelcane.Commands.&lt;init&gt;(Commands.java:5)
	at io.michaelcane.Calculator.&lt;init&gt;(Calculator.java:6)
	at io.michaelcane.Commands.&lt;init&gt;(Commands.java:5)
	at io.michaelcane.Calculator.&lt;init&gt;(Calculator.java:6)
	at io.michaelcane.Commands.&lt;init&gt;(Commands.java:5)
	at io.michaelcane.Calculator.&lt;init&gt;(Calculator.java:6)
	at io.michaelcane.Commands.&lt;init&gt;(Commands.java:5)
	at io.michaelcane.Calculator.&lt;init&gt;(Calculator.java:6)
	at io.michaelcane.Commands.&lt;init&gt;(Commands.java:5)
	at io.michaelcane.Calculator.&lt;init&gt;(Calculator.java:6)
	at io.michaelcane.Commands.&lt;init&gt;(Commands.java:5)
	at io.michaelcane.Calculator.&lt;init&gt;(Calculator.java:6)
	at io.michaelcane.Commands.&lt;init&gt;(Commands.java:5)
	at io.michaelcane.Calculator.&lt;init&gt;(Calculator.java:6)
	at io.michaelcane.Commands.&lt;init&gt;(Commands.java:5)
	at io.michaelcane.Calculator.&lt;init&gt;(Calculator.java:6)
	at io.michaelcane.Commands.&lt;init&gt;(Commands.java:5)
	at io.michaelcane.Calculator.&lt;init&gt;(Calculator.java:6)
	at io.michaelcane.Commands.&lt;init&gt;(Commands.java:5)
	at io.michaelcane.Calculator.&lt;init&gt;(Calculator.java:6)
	at io.michaelcane.Commands.&lt;init&gt;(Commands.java:5)
</error>
  </testcase>
  <testcase classname="io.michaelcane.CalculatorSpec" name="test$subract" time="0.011">
    <error type="java.lang.StackOverflowError">java.lang.StackOverflowError
	at io.michaelcane.Calculator.&lt;init&gt;(Calculator.java:6)
	at io.michaelcane.Commands.&lt;init&gt;(Commands.java:5)
	at io.michaelcane.Calculator.&lt;init&gt;(Calculator.java:6)
	at io.michaelcane.Commands.&lt;init&gt;(Commands.java:5)
	at io.michaelcane.Calculator.&lt;init&gt;(Calculator.java:6)
	at io.michaelcane.Commands.&lt;init&gt;(Commands.java:5)
	at io.michaelcane.Calculator.&lt;init&gt;(Calculator.java:6)
	at io.michaelcane.Commands.&lt;init&gt;(Commands.java:5)
	at io.michaelcane.Calculator.&lt;init&gt;(Calculator.java:6)
	at io.michaelcane.Commands.&lt;init&gt;(Commands.java:5)
	at io.michaelcane.Calculator.&lt;init&gt;(Calculator.java:6)
	at io.michaelcane.Commands.&lt;init&gt;(Commands.java:5)
	at io.michaelcane.Calculator.&lt;init&gt;(Calculator.java:6)
	at io.michaelcane.Commands.&lt;init&gt;(Commands.java:5)
	at io.michaelcane.Calculator.&lt;init&gt;(Calculator.java:6)
	at io.michaelcane.Commands.&lt;init&gt;(Commands.java:5)
	at io.michaelcane.Calculator.&lt;init&gt;(Calculator.java:6)
	at io.michaelcane.Commands.&lt;init&gt;(Commands.java:5)
	at io.michaelcane.Calculator.&lt;init&gt;(Calculator.java:6)
	at io.michaelcane.Commands.&lt;init&gt;(Commands.java:5)
	at io.michaelcane.Calculator.&lt;init&gt;(Calculator.java:6)
	at io.michaelcane.Commands.&lt;init&gt;(Commands.java:5)
	at io.michaelcane.Calculator.&lt;init&gt;(Calculator.java:6)
	at io.michaelcane.Commands.&lt;init&gt;(Commands.java:5)
	at io.michaelcane.Calculator.&lt;init&gt;(Calculator.java:6)
	at io.michaelcane.Commands.&lt;init&gt;(Commands.java:5)
	at io.michaelcane.Calculator.&lt;init&gt;(Calculator.java:6)
	at io.michaelcane.Commands.&lt;init&gt;(Commands.java:5)
	at io.michaelcane.Calculator.&lt;init&gt;(Calculator.java:6)
	at io.michaelcane.Commands.&lt;init&gt;(Commands.java:5)
	at io.michaelcane.Calculator.&lt;init&gt;(Calculator.java:6)
	at io.michaelcane.Commands.&lt;init&gt;(Commands.java:5)
	at io.michaelcane.Calculator.&lt;init&gt;(Calculator.java:6)
	at io.michaelcane.Commands.&lt;init&gt;(Commands.java:5)
	at io.michaelcane.Calculator.&lt;init&gt;(Calculator.java:6)
	at io.michaelcane.Commands.&lt;init&gt;(Commands.java:5)
	at io.michaelcane.Calculator.&lt;init&gt;(Calculator.java:6)
	at io.michaelcane.Commands.&lt;init&gt;(Commands.java:5)
	at io.michaelcane.Calculator.&lt;init&gt;(Calculator.java:6)
	at io.michaelcane.Commands.&lt;init&gt;(Commands.java:5)
	at io.michaelcane.Calculator.&lt;init&gt;(Calculator.java:6)
	at io.michaelcane.Commands.&lt;init&gt;(Commands.java:5)
	at io.michaelcane.Calculator.&lt;init&gt;(Calculator.java:6)
	at io.michaelcane.Commands.&lt;init&gt;(Commands.java:5)
	at io.michaelcane.Calculator.&lt;init&gt;(Calculator.java:6)
	at io.michaelcane.Commands.&lt;init&gt;(Commands.java:5)
	at io.michaelcane.Calculator.&lt;init&gt;(Calculator.java:6)
	at io.michaelcane.Commands.&lt;init&gt;(Commands.java:5)
	at io.michaelcane.Calculator.&lt;init&gt;(Calculator.java:6)
	at io.michaelcane.Commands.&lt;init&gt;(Commands.java:5)
	at io.michaelcane.Calculator.&lt;init&gt;(Calculator.java:6)
	at io.michaelcane.Commands.&lt;init&gt;(Commands.java:5)
	at io.michaelcane.Calculator.&lt;init&gt;(Calculator.java:6)
	at io.michaelcane.Commands.&lt;init&gt;(Commands.java:5)
	at io.michaelcane.Calculator.&lt;init&gt;(Calculator.java:6)
	at io.michaelcane.Commands.&lt;init&gt;(Commands.java:5)
	at io.michaelcane.Calculator.&lt;init&gt;(Calculator.java:6)
	at io.michaelcane.Commands.&lt;init&gt;(Commands.java:5)
	at io.michaelcane.Calculator.&lt;init&gt;(Calculator.java:6)
	at io.michaelcane.Commands.&lt;init&gt;(Commands.java:5)
	at io.michaelcane.Calculator.&lt;init&gt;(Calculator.java:6)
	at io.michaelcane.Commands.&lt;init&gt;(Commands.java:5)
	at io.michaelcane.Calculator.&lt;init&gt;(Calculator.java:6)
	at io.michaelcane.Commands.&lt;init&gt;(Commands.java:5)
	at io.michaelcane.Calculator.&lt;init&gt;(Calculator.java:6)
	at io.michaelcane.Commands.&lt;init&gt;(Commands.java:5)
	at io.michaelcane.Calculator.&lt;init&gt;(Calculator.java:6)
	at io.michaelcane.Commands.&lt;init&gt;(Commands.java:5)
	at io.michaelcane.Calculator.&lt;init&gt;(Calculator.java:6)
	at io.michaelcane.Commands.&lt;init&gt;(Commands.java:5)
	at io.michaelcane.Calculator.&lt;init&gt;(Calculator.java:6)
	at io.michaelcane.Commands.&lt;init&gt;(Commands.java:5)
	at io.michaelcane.Calculator.&lt;init&gt;(Calculator.java:6)
	at io.michaelcane.Commands.&lt;init&gt;(Commands.java:5)
	at io.michaelcane.Calculator.&lt;init&gt;(Calculator.java:6)
	at io.michaelcane.Commands.&lt;init&gt;(Commands.java:5)
	at io.michaelcane.Calculator.&lt;init&gt;(Calculator.java:6)
	at io.michaelcane.Commands.&lt;init&gt;(Commands.java:5)
	at io.michaelcane.Calculator.&lt;init&gt;(Calculator.java:6)
	at io.michaelcane.Commands.&lt;init&gt;(Commands.java:5)
	at io.michaelcane.Calculator.&lt;init&gt;(Calculator.java:6)
	at io.michaelcane.Commands.&lt;init&gt;(Commands.java:5)
	at io.michaelcane.Calculator.&lt;init&gt;(Calculator.java:6)
	at io.michaelcane.Commands.&lt;init&gt;(Commands.java:5)
	at io.michaelcane.Calculator.&lt;init&gt;(Calculator.java:6)
	at io.michaelcane.Commands.&lt;init&gt;(Commands.java:5)
	at io.michaelcane.Calculator.&lt;init&gt;(Calculator.java:6)
	at io.michaelcane.Commands.&lt;init&gt;(Commands.java:5)
	at io.michaelcane.Calculator.&lt;init&gt;(Calculator.java:6)
	at io.michaelcane.Commands.&lt;init&gt;(Commands.java:5)
	at io.michaelcane.Calculator.&lt;init&gt;(Calculator.java:6)
	at io.michaelcane.Commands.&lt;init&gt;(Commands.java:5)
	at io.michaelcane.Calculator.&lt;init&gt;(Calculator.java:6)
	at io.michaelcane.Commands.&lt;init&gt;(Commands.java:5)
	at io.michaelcane.Calculator.&lt;init&gt;(Calculator.java:6)
	at io.michaelcane.Commands.&lt;init&gt;(Commands.java:5)
	at io.michaelcane.Calculator.&lt;init&gt;(Calculator.java:6)
	at io.michaelcane.Commands.&lt;init&gt;(Commands.java:5)
	at io.michaelcane.Calculator.&lt;init&gt;(Calculator.java:6)
	at io.michaelcane.Commands.&lt;init&gt;(Commands.java:5)
	at io.michaelcane.Calculator.&lt;init&gt;(Calculator.java:6)
	at io.michaelcane.Commands.&lt;init&gt;(Commands.java:5)
	at io.michaelcane.Calculator.&lt;init&gt;(Calculator.java:6)
	at io.michaelcane.Commands.&lt;init&gt;(Commands.java:5)
	at io.michaelcane.Calculator.&lt;init&gt;(Calculator.java:6)
	at io.michaelcane.Commands.&lt;init&gt;(Commands.java:5)
	at io.michaelcane.Calculator.&lt;init&gt;(Calculator.java:6)
	at io.michaelcane.Commands.&lt;init&gt;(Commands.java:5)
	at io.michaelcane.Calculator.&lt;init&gt;(Calculator.java:6)
	at io.michaelcane.Commands.&lt;init&gt;(Commands.java:5)
	at io.michaelcane.Calculator.&lt;init&gt;(Calculator.java:6)
	at io.michaelcane.Commands.&lt;init&gt;(Commands.java:5)
	at io.michaelcane.Calculator.&lt;init&gt;(Calculator.java:6)
	at io.michaelcane.Commands.&lt;init&gt;(Commands.java:5)
	at io.michaelcane.Calculator.&lt;init&gt;(Calculator.java:6)
	at io.michaelcane.Commands.&lt;init&gt;(Commands.java:5)
	at io.michaelcane.Calculator.&lt;init&gt;(Calculator.java:6)
	at io.michaelcane.Commands.&lt;init&gt;(Commands.java:5)
	at io.michaelcane.Calculator.&lt;init&gt;(Calculator.java:6)
	at io.michaelcane.Commands.&lt;init&gt;(Commands.java:5)
	at io.michaelcane.Calculator.&lt;init&gt;(Calculator.java:6)
	at io.michaelcane.Commands.&lt;init&gt;(Commands.java:5)
	at io.michaelcane.Calculator.&lt;init&gt;(Calculator.java:6)
	at io.michaelcane.Commands.&lt;init&gt;(Commands.java:5)
	at io.michaelcane.Calculator.&lt;init&gt;(Calculator.java:6)
	at io.michaelcane.Commands.&lt;init&gt;(Commands.java:5)
	at io.michaelcane.Calculator.&lt;init&gt;(Calculator.java:6)
	at io.michaelcane.Commands.&lt;init&gt;(Commands.java:5)
	at io.michaelcane.Calculator.&lt;init&gt;(Calculator.java:6)
	at io.michaelcane.Commands.&lt;init&gt;(Commands.java:5)
	at io.michaelcane.Calculator.&lt;init&gt;(Calculator.java:6)
	at io.michaelcane.Commands.&lt;init&gt;(Commands.java:5)
	at io.michaelcane.Calculator.&lt;init&gt;(Calculator.java:6)
	at io.michaelcane.Commands.&lt;init&gt;(Commands.java:5)
	at io.michaelcane.Calculator.&lt;init&gt;(Calculator.java:6)
	at io.michaelcane.Commands.&lt;init&gt;(Commands.java:5)
	at io.michaelcane.Calculator.&lt;init&gt;(Calculator.java:6)
	at io.michaelcane.Commands.&lt;init&gt;(Commands.java:5)
	at io.michaelcane.Calculator.&lt;init&gt;(Calculator.java:6)
	at io.michaelcane.Commands.&lt;init&gt;(Commands.java:5)
	at io.michaelcane.Calculator.&lt;init&gt;(Calculator.java:6)
	at io.michaelcane.Commands.&lt;init&gt;(Commands.java:5)
	at io.michaelcane.Calculator.&lt;init&gt;(Calculator.java:6)
	at io.michaelcane.Commands.&lt;init&gt;(Commands.java:5)
	at io.michaelcane.Calculator.&lt;init&gt;(Calculator.java:6)
	at io.michaelcane.Commands.&lt;init&gt;(Commands.java:5)
	at io.michaelcane.Calculator.&lt;init&gt;(Calculator.java:6)
	at io.michaelcane.Commands.&lt;init&gt;(Commands.java:5)
	at io.michaelcane.Calculator.&lt;init&gt;(Calculator.java:6)
	at io.michaelcane.Commands.&lt;init&gt;(Commands.java:5)
	at io.michaelcane.Calculator.&lt;init&gt;(Calculator.java:6)
	at io.michaelcane.Commands.&lt;init&gt;(Commands.java:5)
	at io.michaelcane.Calculator.&lt;init&gt;(Calculator.java:6)
	at io.michaelcane.Commands.&lt;init&gt;(Commands.java:5)
	at io.michaelcane.Calculator.&lt;init&gt;(Calculator.java:6)
	at io.michaelcane.Commands.&lt;init&gt;(Commands.java:5)
	at io.michaelcane.Calculator.&lt;init&gt;(Calculator.java:6)
	at io.michaelcane.Commands.&lt;init&gt;(Commands.java:5)
	at io.michaelcane.Calculator.&lt;init&gt;(Calculator.java:6)
	at io.michaelcane.Commands.&lt;init&gt;(Commands.java:5)
	at io.michaelcane.Calculator.&lt;init&gt;(Calculator.java:6)
	at io.michaelcane.Commands.&lt;init&gt;(Commands.java:5)
	at io.michaelcane.Calculator.&lt;init&gt;(Calculator.java:6)
	at io.michaelcane.Commands.&lt;init&gt;(Commands.java:5)
	at io.michaelcane.Calculator.&lt;init&gt;(Calculator.java:6)
	at io.michaelcane.Commands.&lt;init&gt;(Commands.java:5)
	at io.michaelcane.Calculator.&lt;init&gt;(Calculator.java:6)
	at io.michaelcane.Commands.&lt;init&gt;(Commands.java:5)
	at io.michaelcane.Calculator.&lt;init&gt;(Calculator.java:6)
	at io.michaelcane.Commands.&lt;init&gt;(Commands.java:5)
	at io.michaelcane.Calculator.&lt;init&gt;(Calculator.java:6)
	at io.michaelcane.Commands.&lt;init&gt;(Commands.java:5)
	at io.michaelcane.Calculator.&lt;init&gt;(Calculator.java:6)
	at io.michaelcane.Commands.&lt;init&gt;(Commands.java:5)
	at io.michaelcane.Calculator.&lt;init&gt;(Calculator.java:6)
	at io.michaelcane.Commands.&lt;init&gt;(Commands.java:5)
	at io.michaelcane.Calculator.&lt;init&gt;(Calculator.java:6)
	at io.michaelcane.Commands.&lt;init&gt;(Commands.java:5)
	at io.michaelcane.Calculator.&lt;init&gt;(Calculator.java:6)
	at io.michaelcane.Commands.&lt;init&gt;(Commands.java:5)
	at io.michaelcane.Calculator.&lt;init&gt;(Calculator.java:6)
	at io.michaelcane.Commands.&lt;init&gt;(Commands.java:5)
	at io.michaelcane.Calculator.&lt;init&gt;(Calculator.java:6)
	at io.michaelcane.Commands.&lt;init&gt;(Commands.java:5)
	at io.michaelcane.Calculator.&lt;init&gt;(Calculator.java:6)
	at io.michaelcane.Commands.&lt;init&gt;(Commands.java:5)
	at io.michaelcane.Calculator.&lt;init&gt;(Calculator.java:6)
	at io.michaelcane.Commands.&lt;init&gt;(Commands.java:5)
	at io.michaelcane.Calculator.&lt;init&gt;(Calculator.java:6)
	at io.michaelcane.Commands.&lt;init&gt;(Commands.java:5)
	at io.michaelcane.Calculator.&lt;init&gt;(Calculator.java:6)
	at io.michaelcane.Commands.&lt;init&gt;(Commands.java:5)
	at io.michaelcane.Calculator.&lt;init&gt;(Calculator.java:6)
	at io.michaelcane.Commands.&lt;init&gt;(Commands.java:5)
	at io.michaelcane.Calculator.&lt;init&gt;(Calculator.java:6)
	at io.michaelcane.Commands.&lt;init&gt;(Commands.java:5)
	at io.michaelcane.Calculator.&lt;init&gt;(Calculator.java:6)
	at io.michaelcane.Commands.&lt;init&gt;(Commands.java:5)
	at io.michaelcane.Calculator.&lt;init&gt;(Calculator.java:6)
	at io.michaelcane.Commands.&lt;init&gt;(Commands.java:5)
	at io.michaelcane.Calculator.&lt;init&gt;(Calculator.java:6)
	at io.michaelcane.Commands.&lt;init&gt;(Commands.java:5)
	at io.michaelcane.Calculator.&lt;init&gt;(Calculator.java:6)
	at io.michaelcane.Commands.&lt;init&gt;(Commands.java:5)
	at io.michaelcane.Calculator.&lt;init&gt;(Calculator.java:6)
	at io.michaelcane.Commands.&lt;init&gt;(Commands.java:5)
	at io.michaelcane.Calculator.&lt;init&gt;(Calculator.java:6)
	at io.michaelcane.Commands.&lt;init&gt;(Commands.java:5)
	at io.michaelcane.Calculator.&lt;init&gt;(Calculator.java:6)
	at io.michaelcane.Commands.&lt;init&gt;(Commands.java:5)
	at io.michaelcane.Calculator.&lt;init&gt;(Calculator.java:6)
	at io.michaelcane.Commands.&lt;init&gt;(Commands.java:5)
	at io.michaelcane.Calculator.&lt;init&gt;(Calculator.java:6)
	at io.michaelcane.Commands.&lt;init&gt;(Commands.java:5)
	at io.michaelcane.Calculator.&lt;init&gt;(Calculator.java:6)
	at io.michaelcane.Commands.&lt;init&gt;(Commands.java:5)
	at io.michaelcane.Calculator.&lt;init&gt;(Calculator.java:6)
	at io.michaelcane.Commands.&lt;init&gt;(Commands.java:5)
	at io.michaelcane.Calculator.&lt;init&gt;(Calculator.java:6)
	at io.michaelcane.Commands.&lt;init&gt;(Commands.java:5)
	at io.michaelcane.Calculator.&lt;init&gt;(Calculator.java:6)
	at io.michaelcane.Commands.&lt;init&gt;(Commands.java:5)
	at io.michaelcane.Calculator.&lt;init&gt;(Calculator.java:6)
	at io.michaelcane.Commands.&lt;init&gt;(Commands.java:5)
	at io.michaelcane.Calculator.&lt;init&gt;(Calculator.java:6)
	at io.michaelcane.Commands.&lt;init&gt;(Commands.java:5)
	at io.michaelcane.Calculator.&lt;init&gt;(Calculator.java:6)
	at io.michaelcane.Commands.&lt;init&gt;(Commands.java:5)
	at io.michaelcane.Calculator.&lt;init&gt;(Calculator.java:6)
	at io.michaelcane.Commands.&lt;init&gt;(Commands.java:5)
	at io.michaelcane.Calculator.&lt;init&gt;(Calculator.java:6)
	at io.michaelcane.Commands.&lt;init&gt;(Commands.java:5)
	at io.michaelcane.Calculator.&lt;init&gt;(Calculator.java:6)
	at io.michaelcane.Commands.&lt;init&gt;(Commands.java:5)
	at io.michaelcane.Calculator.&lt;init&gt;(Calculator.java:6)
	at io.michaelcane.Commands.&lt;init&gt;(Commands.java:5)
	at io.michaelcane.Calculator.&lt;init&gt;(Calculator.java:6)
	at io.michaelcane.Commands.&lt;init&gt;(Commands.java:5)
	at io.michaelcane.Calculator.&lt;init&gt;(Calculator.java:6)
	at io.michaelcane.Commands.&lt;init&gt;(Commands.java:5)
	at io.michaelcane.Calculator.&lt;init&gt;(Calculator.java:6)
	at io.michaelcane.Commands.&lt;init&gt;(Commands.java:5)
	at io.michaelcane.Calculator.&lt;init&gt;(Calculator.java:6)
	at io.michaelcane.Commands.&lt;init&gt;(Commands.java:5)
	at io.michaelcane.Calculator.&lt;init&gt;(Calculator.java:6)
	at io.michaelcane.Commands.&lt;init&gt;(Commands.java:5)
	at io.michaelcane.Calculator.&lt;init&gt;(Calculator.java:6)
	at io.michaelcane.Commands.&lt;init&gt;(Commands.java:5)
	at io.michaelcane.Calculator.&lt;init&gt;(Calculator.java:6)
	at io.michaelcane.Commands.&lt;init&gt;(Commands.java:5)
	at io.michaelcane.Calculator.&lt;init&gt;(Calculator.java:6)
	at io.michaelcane.Commands.&lt;init&gt;(Commands.java:5)
	at io.michaelcane.Calculator.&lt;init&gt;(Calculator.java:6)
	at io.michaelcane.Commands.&lt;init&gt;(Commands.java:5)
	at io.michaelcane.Calculator.&lt;init&gt;(Calculator.java:6)
	at io.michaelcane.Commands.&lt;init&gt;(Commands.java:5)
	at io.michaelcane.Calculator.&lt;init&gt;(Calculator.java:6)
	at io.michaelcane.Commands.&lt;init&gt;(Commands.java:5)
	at io.michaelcane.Calculator.&lt;init&gt;(Calculator.java:6)
	at io.michaelcane.Commands.&lt;init&gt;(Commands.java:5)
	at io.michaelcane.Calculator.&lt;init&gt;(Calculator.java:6)
	at io.michaelcane.Commands.&lt;init&gt;(Commands.java:5)
	at io.michaelcane.Calculator.&lt;init&gt;(Calculator.java:6)
	at io.michaelcane.Commands.&lt;init&gt;(Commands.java:5)
	at io.michaelcane.Calculator.&lt;init&gt;(Calculator.java:6)
	at io.michaelcane.Commands.&lt;init&gt;(Commands.java:5)
	at io.michaelcane.Calculator.&lt;init&gt;(Calculator.java:6)
	at io.michaelcane.Commands.&lt;init&gt;(Commands.java:5)
	at io.michaelcane.Calculator.&lt;init&gt;(Calculator.java:6)
	at io.michaelcane.Commands.&lt;init&gt;(Commands.java:5)
	at io.michaelcane.Calculator.&lt;init&gt;(Calculator.java:6)
	at io.michaelcane.Commands.&lt;init&gt;(Commands.java:5)
	at io.michaelcane.Calculator.&lt;init&gt;(Calculator.java:6)
	at io.michaelcane.Commands.&lt;init&gt;(Commands.java:5)
	at io.michaelcane.Calculator.&lt;init&gt;(Calculator.java:6)
	at io.michaelcane.Commands.&lt;init&gt;(Commands.java:5)
	at io.michaelcane.Calculator.&lt;init&gt;(Calculator.java:6)
	at io.michaelcane.Commands.&lt;init&gt;(Commands.java:5)
	at io.michaelcane.Calculator.&lt;init&gt;(Calculator.java:6)
	at io.michaelcane.Commands.&lt;init&gt;(Commands.java:5)
	at io.michaelcane.Calculator.&lt;init&gt;(Calculator.java:6)
	at io.michaelcane.Commands.&lt;init&gt;(Commands.java:5)
	at io.michaelcane.Calculator.&lt;init&gt;(Calculator.java:6)
	at io.michaelcane.Commands.&lt;init&gt;(Commands.java:5)
	at io.michaelcane.Calculator.&lt;init&gt;(Calculator.java:6)
	at io.michaelcane.Commands.&lt;init&gt;(Commands.java:5)
	at io.michaelcane.Calculator.&lt;init&gt;(Calculator.java:6)
	at io.michaelcane.Commands.&lt;init&gt;(Commands.java:5)
	at io.michaelcane.Calculator.&lt;init&gt;(Calculator.java:6)
	at io.michaelcane.Commands.&lt;init&gt;(Commands.java:5)
	at io.michaelcane.Calculator.&lt;init&gt;(Calculator.java:6)
	at io.michaelcane.Commands.&lt;init&gt;(Commands.java:5)
	at io.michaelcane.Calculator.&lt;init&gt;(Calculator.java:6)
	at io.michaelcane.Commands.&lt;init&gt;(Commands.java:5)
	at io.michaelcane.Calculator.&lt;init&gt;(Calculator.java:6)
	at io.michaelcane.Commands.&lt;init&gt;(Commands.java:5)
	at io.michaelcane.Calculator.&lt;init&gt;(Calculator.java:6)
	at io.michaelcane.Commands.&lt;init&gt;(Commands.java:5)
	at io.michaelcane.Calculator.&lt;init&gt;(Calculator.java:6)
	at io.michaelcane.Commands.&lt;init&gt;(Commands.java:5)
	at io.michaelcane.Calculator.&lt;init&gt;(Calculator.java:6)
	at io.michaelcane.Commands.&lt;init&gt;(Commands.java:5)
	at io.michaelcane.Calculator.&lt;init&gt;(Calculator.java:6)
	at io.michaelcane.Commands.&lt;init&gt;(Commands.java:5)
	at io.michaelcane.Calculator.&lt;init&gt;(Calculator.java:6)
	at io.michaelcane.Commands.&lt;init&gt;(Commands.java:5)
	at io.michaelcane.Calculator.&lt;init&gt;(Calculator.java:6)
	at io.michaelcane.Commands.&lt;init&gt;(Commands.java:5)
	at io.michaelcane.Calculator.&lt;init&gt;(Calculator.java:6)
	at io.michaelcane.Commands.&lt;init&gt;(Commands.java:5)
	at io.michaelcane.Calculator.&lt;init&gt;(Calculator.java:6)
	at io.michaelcane.Commands.&lt;init&gt;(Commands.java:5)
	at io.michaelcane.Calculator.&lt;init&gt;(Calculator.java:6)
	at io.michaelcane.Commands.&lt;init&gt;(Commands.java:5)
	at io.michaelcane.Calculator.&lt;init&gt;(Calculator.java:6)
	at io.michaelcane.Commands.&lt;init&gt;(Commands.java:5)
	at io.michaelcane.Calculator.&lt;init&gt;(Calculator.java:6)
	at io.michaelcane.Commands.&lt;init&gt;(Commands.java:5)
	at io.michaelcane.Calculator.&lt;init&gt;(Calculator.java:6)
	at io.michaelcane.Commands.&lt;init&gt;(Commands.java:5)
	at io.michaelcane.Calculator.&lt;init&gt;(Calculator.java:6)
	at io.michaelcane.Commands.&lt;init&gt;(Commands.java:5)
	at io.michaelcane.Calculator.&lt;init&gt;(Calculator.java:6)
	at io.michaelcane.Commands.&lt;init&gt;(Commands.java:5)
	at io.michaelcane.Calculator.&lt;init&gt;(Calculator.java:6)
	at io.michaelcane.Commands.&lt;init&gt;(Commands.java:5)
	at io.michaelcane.Calculator.&lt;init&gt;(Calculator.java:6)
	at io.michaelcane.Commands.&lt;init&gt;(Commands.java:5)
	at io.michaelcane.Calculator.&lt;init&gt;(Calculator.java:6)
	at io.michaelcane.Commands.&lt;init&gt;(Commands.java:5)
	at io.michaelcane.Calculator.&lt;init&gt;(Calculator.java:6)
	at io.michaelcane.Commands.&lt;init&gt;(Commands.java:5)
	at io.michaelcane.Calculator.&lt;init&gt;(Calculator.java:6)
	at io.michaelcane.Commands.&lt;init&gt;(Commands.java:5)
	at io.michaelcane.Calculator.&lt;init&gt;(Calculator.java:6)
	at io.michaelcane.Commands.&lt;init&gt;(Commands.java:5)
	at io.michaelcane.Calculator.&lt;init&gt;(Calculator.java:6)
	at io.michaelcane.Commands.&lt;init&gt;(Commands.java:5)
	at io.michaelcane.Calculator.&lt;init&gt;(Calculator.java:6)
	at io.michaelcane.Commands.&lt;init&gt;(Commands.java:5)
	at io.michaelcane.Calculator.&lt;init&gt;(Calculator.java:6)
	at io.michaelcane.Commands.&lt;init&gt;(Commands.java:5)
	at io.michaelcane.Calculator.&lt;init&gt;(Calculator.java:6)
	at io.michaelcane.Commands.&lt;init&gt;(Commands.java:5)
	at io.michaelcane.Calculator.&lt;init&gt;(Calculator.java:6)
	at io.michaelcane.Commands.&lt;init&gt;(Commands.java:5)
	at io.michaelcane.Calculator.&lt;init&gt;(Calculator.java:6)
	at io.michaelcane.Commands.&lt;init&gt;(Commands.java:5)
	at io.michaelcane.Calculator.&lt;init&gt;(Calculator.java:6)
	at io.michaelcane.Commands.&lt;init&gt;(Commands.java:5)
	at io.michaelcane.Calculator.&lt;init&gt;(Calculator.java:6)
	at io.michaelcane.Commands.&lt;init&gt;(Commands.java:5)
	at io.michaelcane.Calculator.&lt;init&gt;(Calculator.java:6)
	at io.michaelcane.Commands.&lt;init&gt;(Commands.java:5)
	at io.michaelcane.Calculator.&lt;init&gt;(Calculator.java:6)
	at io.michaelcane.Commands.&lt;init&gt;(Commands.java:5)
	at io.michaelcane.Calculator.&lt;init&gt;(Calculator.java:6)
	at io.michaelcane.Commands.&lt;init&gt;(Commands.java:5)
	at io.michaelcane.Calculator.&lt;init&gt;(Calculator.java:6)
	at io.michaelcane.Commands.&lt;init&gt;(Commands.java:5)
	at io.michaelcane.Calculator.&lt;init&gt;(Calculator.java:6)
	at io.michaelcane.Commands.&lt;init&gt;(Commands.java:5)
	at io.michaelcane.Calculator.&lt;init&gt;(Calculator.java:6)
	at io.michaelcane.Commands.&lt;init&gt;(Commands.java:5)
	at io.michaelcane.Calculator.&lt;init&gt;(Calculator.java:6)
	at io.michaelcane.Commands.&lt;init&gt;(Commands.java:5)
	at io.michaelcane.Calculator.&lt;init&gt;(Calculator.java:6)
	at io.michaelcane.Commands.&lt;init&gt;(Commands.java:5)
	at io.michaelcane.Calculator.&lt;init&gt;(Calculator.java:6)
	at io.michaelcane.Commands.&lt;init&gt;(Commands.java:5)
	at io.michaelcane.Calculator.&lt;init&gt;(Calculator.java:6)
	at io.michaelcane.Commands.&lt;init&gt;(Commands.java:5)
	at io.michaelcane.Calculator.&lt;init&gt;(Calculator.java:6)
	at io.michaelcane.Commands.&lt;init&gt;(Commands.java:5)
	at io.michaelcane.Calculator.&lt;init&gt;(Calculator.java:6)
	at io.michaelcane.Commands.&lt;init&gt;(Commands.java:5)
	at io.michaelcane.Calculator.&lt;init&gt;(Calculator.java:6)
	at io.michaelcane.Commands.&lt;init&gt;(Commands.java:5)
	at io.michaelcane.Calculator.&lt;init&gt;(Calculator.java:6)
	at io.michaelcane.Commands.&lt;init&gt;(Commands.java:5)
	at io.michaelcane.Calculator.&lt;init&gt;(Calculator.java:6)
	at io.michaelcane.Commands.&lt;init&gt;(Commands.java:5)
	at io.michaelcane.Calculator.&lt;init&gt;(Calculator.java:6)
	at io.michaelcane.Commands.&lt;init&gt;(Commands.java:5)
	at io.michaelcane.Calculator.&lt;init&gt;(Calculator.java:6)
	at io.michaelcane.Commands.&lt;init&gt;(Commands.java:5)
	at io.michaelcane.Calculator.&lt;init&gt;(Calculator.java:6)
	at io.michaelcane.Commands.&lt;init&gt;(Commands.java:5)
	at io.michaelcane.Calculator.&lt;init&gt;(Calculator.java:6)
	at io.michaelcane.Commands.&lt;init&gt;(Commands.java:5)
	at io.michaelcane.Calculator.&lt;init&gt;(Calculator.java:6)
	at io.michaelcane.Commands.&lt;init&gt;(Commands.java:5)
	at io.michaelcane.Calculator.&lt;init&gt;(Calculator.java:6)
	at io.michaelcane.Commands.&lt;init&gt;(Commands.java:5)
	at io.michaelcane.Calculator.&lt;init&gt;(Calculator.java:6)
	at io.michaelcane.Commands.&lt;init&gt;(Commands.java:5)
	at io.michaelcane.Calculator.&lt;init&gt;(Calculator.java:6)
	at io.michaelcane.Commands.&lt;init&gt;(Commands.java:5)
	at io.michaelcane.Calculator.&lt;init&gt;(Calculator.java:6)
	at io.michaelcane.Commands.&lt;init&gt;(Commands.java:5)
	at io.michaelcane.Calculator.&lt;init&gt;(Calculator.java:6)
	at io.michaelcane.Commands.&lt;init&gt;(Commands.java:5)
	at io.michaelcane.Calculator.&lt;init&gt;(Calculator.java:6)
	at io.michaelcane.Commands.&lt;init&gt;(Commands.java:5)
	at io.michaelcane.Calculator.&lt;init&gt;(Calculator.java:6)
	at io.michaelcane.Commands.&lt;init&gt;(Commands.java:5)
	at io.michaelcane.Calculator.&lt;init&gt;(Calculator.java:6)
	at io.michaelcane.Commands.&lt;init&gt;(Commands.java:5)
	at io.michaelcane.Calculator.&lt;init&gt;(Calculator.java:6)
	at io.michaelcane.Commands.&lt;init&gt;(Commands.java:5)
	at io.michaelcane.Calculator.&lt;init&gt;(Calculator.java:6)
	at io.michaelcane.Commands.&lt;init&gt;(Commands.java:5)
	at io.michaelcane.Calculator.&lt;init&gt;(Calculator.java:6)
	at io.michaelcane.Commands.&lt;init&gt;(Commands.java:5)
	at io.michaelcane.Calculator.&lt;init&gt;(Calculator.java:6)
	at io.michaelcane.Commands.&lt;init&gt;(Commands.java:5)
	at io.michaelcane.Calculator.&lt;init&gt;(Calculator.java:6)
	at io.michaelcane.Commands.&lt;init&gt;(Commands.java:5)
	at io.michaelcane.Calculator.&lt;init&gt;(Calculator.java:6)
	at io.michaelcane.Commands.&lt;init&gt;(Commands.java:5)
	at io.michaelcane.Calculator.&lt;init&gt;(Calculator.java:6)
	at io.michaelcane.Commands.&lt;init&gt;(Commands.java:5)
	at io.michaelcane.Calculator.&lt;init&gt;(Calculator.java:6)
	at io.michaelcane.Commands.&lt;init&gt;(Commands.java:5)
	at io.michaelcane.Calculator.&lt;init&gt;(Calculator.java:6)
	at io.michaelcane.Commands.&lt;init&gt;(Commands.java:5)
	at io.michaelcane.Calculator.&lt;init&gt;(Calculator.java:6)
	at io.michaelcane.Commands.&lt;init&gt;(Commands.java:5)
	at io.michaelcane.Calculator.&lt;init&gt;(Calculator.java:6)
	at io.michaelcane.Commands.&lt;init&gt;(Commands.java:5)
	at io.michaelcane.Calculator.&lt;init&gt;(Calculator.java:6)
	at io.michaelcane.Commands.&lt;init&gt;(Commands.java:5)
	at io.michaelcane.Calculator.&lt;init&gt;(Calculator.java:6)
	at io.michaelcane.Commands.&lt;init&gt;(Commands.java:5)
	at io.michaelcane.Calculator.&lt;init&gt;(Calculator.java:6)
	at io.michaelcane.Commands.&lt;init&gt;(Commands.java:5)
	at io.michaelcane.Calculator.&lt;init&gt;(Calculator.java:6)
	at io.michaelcane.Commands.&lt;init&gt;(Commands.java:5)
	at io.michaelcane.Calculator.&lt;init&gt;(Calculator.java:6)
	at io.michaelcane.Commands.&lt;init&gt;(Commands.java:5)
	at io.michaelcane.Calculator.&lt;init&gt;(Calculator.java:6)
	at io.michaelcane.Commands.&lt;init&gt;(Commands.java:5)
	at io.michaelcane.Calculator.&lt;init&gt;(Calculator.java:6)
	at io.michaelcane.Commands.&lt;init&gt;(Commands.java:5)
	at io.michaelcane.Calculator.&lt;init&gt;(Calculator.java:6)
	at io.michaelcane.Commands.&lt;init&gt;(Commands.java:5)
	at io.michaelcane.Calculator.&lt;init&gt;(Calculator.java:6)
	at io.michaelcane.Commands.&lt;init&gt;(Commands.java:5)
	at io.michaelcane.Calculator.&lt;init&gt;(Calculator.java:6)
	at io.michaelcane.Commands.&lt;init&gt;(Commands.java:5)
	at io.michaelcane.Calculator.&lt;init&gt;(Calculator.java:6)
	at io.michaelcane.Commands.&lt;init&gt;(Commands.java:5)
	at io.michaelcane.Calculator.&lt;init&gt;(Calculator.java:6)
	at io.michaelcane.Commands.&lt;init&gt;(Commands.java:5)
	at io.michaelcane.Calculator.&lt;init&gt;(Calculator.java:6)
	at io.michaelcane.Commands.&lt;init&gt;(Commands.java:5)
	at io.michaelcane.Calculator.&lt;init&gt;(Calculator.java:6)
	at io.michaelcane.Commands.&lt;init&gt;(Commands.java:5)
	at io.michaelcane.Calculator.&lt;init&gt;(Calculator.java:6)
	at io.michaelcane.Commands.&lt;init&gt;(Commands.java:5)
	at io.michaelcane.Calculator.&lt;init&gt;(Calculator.java:6)
	at io.michaelcane.Commands.&lt;init&gt;(Commands.java:5)
	at io.michaelcane.Calculator.&lt;init&gt;(Calculator.java:6)
	at io.michaelcane.Commands.&lt;init&gt;(Commands.java:5)
	at io.michaelcane.Calculator.&lt;init&gt;(Calculator.java:6)
	at io.michaelcane.Commands.&lt;init&gt;(Commands.java:5)
	at io.michaelcane.Calculator.&lt;init&gt;(Calculator.java:6)
	at io.michaelcane.Commands.&lt;init&gt;(Commands.java:5)
	at io.michaelcane.Calculator.&lt;init&gt;(Calculator.java:6)
	at io.michaelcane.Commands.&lt;init&gt;(Commands.java:5)
	at io.michaelcane.Calculator.&lt;init&gt;(Calculator.java:6)
	at io.michaelcane.Commands.&lt;init&gt;(Commands.java:5)
	at io.michaelcane.Calculator.&lt;init&gt;(Calculator.java:6)
	at io.michaelcane.Commands.&lt;init&gt;(Commands.java:5)
	at io.michaelcane.Calculator.&lt;init&gt;(Calculator.java:6)
	at io.michaelcane.Commands.&lt;init&gt;(Commands.java:5)
	at io.michaelcane.Calculator.&lt;init&gt;(Calculator.java:6)
	at io.michaelcane.Commands.&lt;init&gt;(Commands.java:5)
	at io.michaelcane.Calculator.&lt;init&gt;(Calculator.java:6)
	at io.michaelcane.Commands.&lt;init&gt;(Commands.java:5)
	at io.michaelcane.Calculator.&lt;init&gt;(Calculator.java:6)
	at io.michaelcane.Commands.&lt;init&gt;(Commands.java:5)
	at io.michaelcane.Calculator.&lt;init&gt;(Calculator.java:6)
	at io.michaelcane.Commands.&lt;init&gt;(Commands.java:5)
	at io.michaelcane.Calculator.&lt;init&gt;(Calculator.java:6)
	at io.michaelcane.Commands.&lt;init&gt;(Commands.java:5)
	at io.michaelcane.Calculator.&lt;init&gt;(Calculator.java:6)
	at io.michaelcane.Commands.&lt;init&gt;(Commands.java:5)
	at io.michaelcane.Calculator.&lt;init&gt;(Calculator.java:6)
	at io.michaelcane.Commands.&lt;init&gt;(Commands.java:5)
	at io.michaelcane.Calculator.&lt;init&gt;(Calculator.java:6)
	at io.michaelcane.Commands.&lt;init&gt;(Commands.java:5)
	at io.michaelcane.Calculator.&lt;init&gt;(Calculator.java:6)
	at io.michaelcane.Commands.&lt;init&gt;(Commands.java:5)
	at io.michaelcane.Calculator.&lt;init&gt;(Calculator.java:6)
	at io.michaelcane.Commands.&lt;init&gt;(Commands.java:5)
	at io.michaelcane.Calculator.&lt;init&gt;(Calculator.java:6)
	at io.michaelcane.Commands.&lt;init&gt;(Commands.java:5)
	at io.michaelcane.Calculator.&lt;init&gt;(Calculator.java:6)
	at io.michaelcane.Commands.&lt;init&gt;(Commands.java:5)
	at io.michaelcane.Calculator.&lt;init&gt;(Calculator.java:6)
	at io.michaelcane.Commands.&lt;init&gt;(Commands.java:5)
	at io.michaelcane.Calculator.&lt;init&gt;(Calculator.java:6)
	at io.michaelcane.Commands.&lt;init&gt;(Commands.java:5)
	at io.michaelcane.Calculator.&lt;init&gt;(Calculator.java:6)
	at io.michaelcane.Commands.&lt;init&gt;(Commands.java:5)
	at io.michaelcane.Calculator.&lt;init&gt;(Calculator.java:6)
	at io.michaelcane.Commands.&lt;init&gt;(Commands.java:5)
	at io.michaelcane.Calculator.&lt;init&gt;(Calculator.java:6)
	at io.michaelcane.Commands.&lt;init&gt;(Commands.java:5)
	at io.michaelcane.Calculator.&lt;init&gt;(Calculator.java:6)
	at io.michaelcane.Commands.&lt;init&gt;(Commands.java:5)
	at io.michaelcane.Calculator.&lt;init&gt;(Calculator.java:6)
	at io.michaelcane.Commands.&lt;init&gt;(Commands.java:5)
	at io.michaelcane.Calculator.&lt;init&gt;(Calculator.java:6)
	at io.michaelcane.Commands.&lt;init&gt;(Commands.java:5)
	at io.michaelcane.Calculator.&lt;init&gt;(Calculator.java:6)
	at io.michaelcane.Commands.&lt;init&gt;(Commands.java:5)
	at io.michaelcane.Calculator.&lt;init&gt;(Calculator.java:6)
	at io.michaelcane.Commands.&lt;init&gt;(Commands.java:5)
	at io.michaelcane.Calculator.&lt;init&gt;(Calculator.java:6)
	at io.michaelcane.Commands.&lt;init&gt;(Commands.java:5)
	at io.michaelcane.Calculator.&lt;init&gt;(Calculator.java:6)
	at io.michaelcane.Commands.&lt;init&gt;(Commands.java:5)
	at io.michaelcane.Calculator.&lt;init&gt;(Calculator.java:6)
	at io.michaelcane.Commands.&lt;init&gt;(Commands.java:5)
	at io.michaelcane.Calculator.&lt;init&gt;(Calculator.java:6)
	at io.michaelcane.Commands.&lt;init&gt;(Commands.java:5)
	at io.michaelcane.Calculator.&lt;init&gt;(Calculator.java:6)
	at io.michaelcane.Commands.&lt;init&gt;(Commands.java:5)
	at io.michaelcane.Calculator.&lt;init&gt;(Calculator.java:6)
	at io.michaelcane.Commands.&lt;init&gt;(Commands.java:5)
	at io.michaelcane.Calculator.&lt;init&gt;(Calculator.java:6)
	at io.michaelcane.Commands.&lt;init&gt;(Commands.java:5)
	at io.michaelcane.Calculator.&lt;init&gt;(Calculator.java:6)
	at io.michaelcane.Commands.&lt;init&gt;(Commands.java:5)
	at io.michaelcane.Calculator.&lt;init&gt;(Calculator.java:6)
	at io.michaelcane.Commands.&lt;init&gt;(Commands.java:5)
	at io.michaelcane.Calculator.&lt;init&gt;(Calculator.java:6)
	at io.michaelcane.Commands.&lt;init&gt;(Commands.java:5)
	at io.michaelcane.Calculator.&lt;init&gt;(Calculator.java:6)
	at io.michaelcane.Commands.&lt;init&gt;(Commands.java:5)
	at io.michaelcane.Calculator.&lt;init&gt;(Calculator.java:6)
	at io.michaelcane.Commands.&lt;init&gt;(Commands.java:5)
	at io.michaelcane.Calculator.&lt;init&gt;(Calculator.java:6)
	at io.michaelcane.Commands.&lt;init&gt;(Commands.java:5)
	at io.michaelcane.Calculator.&lt;init&gt;(Calculator.java:6)
	at io.michaelcane.Commands.&lt;init&gt;(Commands.java:5)
	at io.michaelcane.Calculator.&lt;init&gt;(Calculator.java:6)
	at io.michaelcane.Commands.&lt;init&gt;(Commands.java:5)
	at io.michaelcane.Calculator.&lt;init&gt;(Calculator.java:6)
	at io.michaelcane.Commands.&lt;init&gt;(Commands.java:5)
	at io.michaelcane.Calculator.&lt;init&gt;(Calculator.java:6)
	at io.michaelcane.Commands.&lt;init&gt;(Commands.java:5)
	at io.michaelcane.Calculator.&lt;init&gt;(Calculator.java:6)
	at io.michaelcane.Commands.&lt;init&gt;(Commands.java:5)
	at io.michaelcane.Calculator.&lt;init&gt;(Calculator.java:6)
	at io.michaelcane.Commands.&lt;init&gt;(Commands.java:5)
	at io.michaelcane.Calculator.&lt;init&gt;(Calculator.java:6)
	at io.michaelcane.Commands.&lt;init&gt;(Commands.java:5)
	at io.michaelcane.Calculator.&lt;init&gt;(Calculator.java:6)
	at io.michaelcane.Commands.&lt;init&gt;(Commands.java:5)
	at io.michaelcane.Calculator.&lt;init&gt;(Calculator.java:6)
	at io.michaelcane.Commands.&lt;init&gt;(Commands.java:5)
	at io.michaelcane.Calculator.&lt;init&gt;(Calculator.java:6)
	at io.michaelcane.Commands.&lt;init&gt;(Commands.java:5)
	at io.michaelcane.Calculator.&lt;init&gt;(Calculator.java:6)
	at io.michaelcane.Commands.&lt;init&gt;(Commands.java:5)
	at io.michaelcane.Calculator.&lt;init&gt;(Calculator.java:6)
	at io.michaelcane.Commands.&lt;init&gt;(Commands.java:5)
	at io.michaelcane.Calculator.&lt;init&gt;(Calculator.java:6)
	at io.michaelcane.Commands.&lt;init&gt;(Commands.java:5)
	at io.michaelcane.Calculator.&lt;init&gt;(Calculator.java:6)
	at io.michaelcane.Commands.&lt;init&gt;(Commands.java:5)
	at io.michaelcane.Calculator.&lt;init&gt;(Calculator.java:6)
	at io.michaelcane.Commands.&lt;init&gt;(Commands.java:5)
	at io.michaelcane.Calculator.&lt;init&gt;(Calculator.java:6)
	at io.michaelcane.Commands.&lt;init&gt;(Commands.java:5)
	at io.michaelcane.Calculator.&lt;init&gt;(Calculator.java:6)
	at io.michaelcane.Commands.&lt;init&gt;(Commands.java:5)
	at io.michaelcane.Calculator.&lt;init&gt;(Calculator.java:6)
	at io.michaelcane.Commands.&lt;init&gt;(Commands.java:5)
	at io.michaelcane.Calculator.&lt;init&gt;(Calculator.java:6)
	at io.michaelcane.Commands.&lt;init&gt;(Commands.java:5)
	at io.michaelcane.Calculator.&lt;init&gt;(Calculator.java:6)
	at io.michaelcane.Commands.&lt;init&gt;(Commands.java:5)
	at io.michaelcane.Calculator.&lt;init&gt;(Calculator.java:6)
	at io.michaelcane.Commands.&lt;init&gt;(Commands.java:5)
	at io.michaelcane.Calculator.&lt;init&gt;(Calculator.java:6)
	at io.michaelcane.Commands.&lt;init&gt;(Commands.java:5)
	at io.michaelcane.Calculator.&lt;init&gt;(Calculator.java:6)
	at io.michaelcane.Commands.&lt;init&gt;(Commands.java:5)
	at io.michaelcane.Calculator.&lt;init&gt;(Calculator.java:6)
	at io.michaelcane.Commands.&lt;init&gt;(Commands.java:5)
	at io.michaelcane.Calculator.&lt;init&gt;(Calculator.java:6)
	at io.michaelcane.Commands.&lt;init&gt;(Commands.java:5)
	at io.michaelcane.Calculator.&lt;init&gt;(Calculator.java:6)
	at io.michaelcane.Commands.&lt;init&gt;(Commands.java:5)
	at io.michaelcane.Calculator.&lt;init&gt;(Calculator.java:6)
	at io.michaelcane.Commands.&lt;init&gt;(Commands.java:5)
	at io.michaelcane.Calculator.&lt;init&gt;(Calculator.java:6)
	at io.michaelcane.Commands.&lt;init&gt;(Commands.java:5)
	at io.michaelcane.Calculator.&lt;init&gt;(Calculator.java:6)
	at io.michaelcane.Commands.&lt;init&gt;(Commands.java:5)
	at io.michaelcane.Calculator.&lt;init&gt;(Calculator.java:6)
	at io.michaelcane.Commands.&lt;init&gt;(Commands.java:5)
	at io.michaelcane.Calculator.&lt;init&gt;(Calculator.java:6)
	at io.michaelcane.Commands.&lt;init&gt;(Commands.java:5)
	at io.michaelcane.Calculator.&lt;init&gt;(Calculator.java:6)
	at io.michaelcane.Commands.&lt;init&gt;(Commands.java:5)
	at io.michaelcane.Calculator.&lt;init&gt;(Calculator.java:6)
	at io.michaelcane.Commands.&lt;init&gt;(Commands.java:5)
	at io.michaelcane.Calculator.&lt;init&gt;(Calculator.java:6)
	at io.michaelcane.Commands.&lt;init&gt;(Commands.java:5)
	at io.michaelcane.Calculator.&lt;init&gt;(Calculator.java:6)
	at io.michaelcane.Commands.&lt;init&gt;(Commands.java:5)
	at io.michaelcane.Calculator.&lt;init&gt;(Calculator.java:6)
	at io.michaelcane.Commands.&lt;init&gt;(Commands.java:5)
	at io.michaelcane.Calculator.&lt;init&gt;(Calculator.java:6)
	at io.michaelcane.Commands.&lt;init&gt;(Commands.java:5)
	at io.michaelcane.Calculator.&lt;init&gt;(Calculator.java:6)
	at io.michaelcane.Commands.&lt;init&gt;(Commands.java:5)
	at io.michaelcane.Calculator.&lt;init&gt;(Calculator.java:6)
	at io.michaelcane.Commands.&lt;init&gt;(Commands.java:5)
	at io.michaelcane.Calculator.&lt;init&gt;(Calculator.java:6)
	at io.michaelcane.Commands.&lt;init&gt;(Commands.java:5)
	at io.michaelcane.Calculator.&lt;init&gt;(Calculator.java:6)
	at io.michaelcane.Commands.&lt;init&gt;(Commands.java:5)
	at io.michaelcane.Calculator.&lt;init&gt;(Calculator.java:6)
	at io.michaelcane.Commands.&lt;init&gt;(Commands.java:5)
	at io.michaelcane.Calculator.&lt;init&gt;(Calculator.java:6)
	at io.michaelcane.Commands.&lt;init&gt;(Commands.java:5)
	at io.michaelcane.Calculator.&lt;init&gt;(Calculator.java:6)
	at io.michaelcane.Commands.&lt;init&gt;(Commands.java:5)
	at io.michaelcane.Calculator.&lt;init&gt;(Calculator.java:6)
	at io.michaelcane.Commands.&lt;init&gt;(Commands.java:5)
	at io.michaelcane.Calculator.&lt;init&gt;(Calculator.java:6)
	at io.michaelcane.Commands.&lt;init&gt;(Commands.java:5)
	at io.michaelcane.Calculator.&lt;init&gt;(Calculator.java:6)
	at io.michaelcane.Commands.&lt;init&gt;(Commands.java:5)
	at io.michaelcane.Calculator.&lt;init&gt;(Calculator.java:6)
	at io.michaelcane.Commands.&lt;init&gt;(Commands.java:5)
	at io.michaelcane.Calculator.&lt;init&gt;(Calculator.java:6)
	at io.michaelcane.Commands.&lt;init&gt;(Commands.java:5)
	at io.michaelcane.Calculator.&lt;init&gt;(Calculator.java:6)
	at io.michaelcane.Commands.&lt;init&gt;(Commands.java:5)
	at io.michaelcane.Calculator.&lt;init&gt;(Calculator.java:6)
	at io.michaelcane.Commands.&lt;init&gt;(Commands.java:5)
	at io.michaelcane.Calculator.&lt;init&gt;(Calculator.java:6)
	at io.michaelcane.Commands.&lt;init&gt;(Commands.java:5)
	at io.michaelcane.Calculator.&lt;init&gt;(Calculator.java:6)
	at io.michaelcane.Commands.&lt;init&gt;(Commands.java:5)
	at io.michaelcane.Calculator.&lt;init&gt;(Calculator.java:6)
	at io.michaelcane.Commands.&lt;init&gt;(Commands.java:5)
	at io.michaelcane.Calculator.&lt;init&gt;(Calculator.java:6)
	at io.michaelcane.Commands.&lt;init&gt;(Commands.java:5)
	at io.michaelcane.Calculator.&lt;init&gt;(Calculator.java:6)
	at io.michaelcane.Commands.&lt;init&gt;(Commands.java:5)
	at io.michaelcane.Calculator.&lt;init&gt;(Calculator.java:6)
	at io.michaelcane.Commands.&lt;init&gt;(Commands.java:5)
	at io.michaelcane.Calculator.&lt;init&gt;(Calculator.java:6)
	at io.michaelcane.Commands.&lt;init&gt;(Commands.java:5)
	at io.michaelcane.Calculator.&lt;init&gt;(Calculator.java:6)
	at io.michaelcane.Commands.&lt;init&gt;(Commands.java:5)
	at io.michaelcane.Calculator.&lt;init&gt;(Calculator.java:6)
	at io.michaelcane.Commands.&lt;init&gt;(Commands.java:5)
	at io.michaelcane.Calculator.&lt;init&gt;(Calculator.java:6)
	at io.michaelcane.Commands.&lt;init&gt;(Commands.java:5)
	at io.michaelcane.Calculator.&lt;init&gt;(Calculator.java:6)
	at io.michaelcane.Commands.&lt;init&gt;(Commands.java:5)
	at io.michaelcane.Calculator.&lt;init&gt;(Calculator.java:6)
	at io.michaelcane.Commands.&lt;init&gt;(Commands.java:5)
	at io.michaelcane.Calculator.&lt;init&gt;(Calculator.java:6)
	at io.michaelcane.Commands.&lt;init&gt;(Commands.java:5)
	at io.michaelcane.Calculator.&lt;init&gt;(Calculator.java:6)
	at io.michaelcane.Commands.&lt;init&gt;(Commands.java:5)
	at io.michaelcane.Calculator.&lt;init&gt;(Calculator.java:6)
	at io.michaelcane.Commands.&lt;init&gt;(Commands.java:5)
	at io.michaelcane.Calculator.&lt;init&gt;(Calculator.java:6)
	at io.michaelcane.Commands.&lt;init&gt;(Commands.java:5)
	at io.michaelcane.Calculator.&lt;init&gt;(Calculator.java:6)
	at io.michaelcane.Commands.&lt;init&gt;(Commands.java:5)
	at io.michaelcane.Calculator.&lt;init&gt;(Calculator.java:6)
	at io.michaelcane.Commands.&lt;init&gt;(Commands.java:5)
	at io.michaelcane.Calculator.&lt;init&gt;(Calculator.java:6)
	at io.michaelcane.Commands.&lt;init&gt;(Commands.java:5)
	at io.michaelcane.Calculator.&lt;init&gt;(Calculator.java:6)
	at io.michaelcane.Commands.&lt;init&gt;(Commands.java:5)
	at io.michaelcane.Calculator.&lt;init&gt;(Calculator.java:6)
	at io.michaelcane.Commands.&lt;init&gt;(Commands.java:5)
	at io.michaelcane.Calculator.&lt;init&gt;(Calculator.java:6)
	at io.michaelcane.Commands.&lt;init&gt;(Commands.java:5)
	at io.michaelcane.Calculator.&lt;init&gt;(Calculator.java:6)
	at io.michaelcane.Commands.&lt;init&gt;(Commands.java:5)
	at io.michaelcane.Calculator.&lt;init&gt;(Calculator.java:6)
	at io.michaelcane.Commands.&lt;init&gt;(Commands.java:5)
	at io.michaelcane.Calculator.&lt;init&gt;(Calculator.java:6)
	at io.michaelcane.Commands.&lt;init&gt;(Commands.java:5)
	at io.michaelcane.Calculator.&lt;init&gt;(Calculator.java:6)
	at io.michaelcane.Commands.&lt;init&gt;(Commands.java:5)
	at io.michaelcane.Calculator.&lt;init&gt;(Calculator.java:6)
	at io.michaelcane.Commands.&lt;init&gt;(Commands.java:5)
	at io.michaelcane.Calculator.&lt;init&gt;(Calculator.java:6)
	at io.michaelcane.Commands.&lt;init&gt;(Commands.java:5)
	at io.michaelcane.Calculator.&lt;init&gt;(Calculator.java:6)
	at io.michaelcane.Commands.&lt;init&gt;(Commands.java:5)
	at io.michaelcane.Calculator.&lt;init&gt;(Calculator.java:6)
	at io.michaelcane.Commands.&lt;init&gt;(Commands.java:5)
	at io.michaelcane.Calculator.&lt;init&gt;(Calculator.java:6)
	at io.michaelcane.Commands.&lt;init&gt;(Commands.java:5)
	at io.michaelcane.Calculator.&lt;init&gt;(Calculator.java:6)
	at io.michaelcane.Commands.&lt;init&gt;(Commands.java:5)
	at io.michaelcane.Calculator.&lt;init&gt;(Calculator.java:6)
	at io.michaelcane.Commands.&lt;init&gt;(Commands.java:5)
	at io.michaelcane.Calculator.&lt;init&gt;(Calculator.java:6)
	at io.michaelcane.Commands.&lt;init&gt;(Commands.java:5)
	at io.michaelcane.Calculator.&lt;init&gt;(Calculator.java:6)
	at io.michaelcane.Commands.&lt;init&gt;(Commands.java:5)
	at io.michaelcane.Calculator.&lt;init&gt;(Calculator.java:6)
	at io.michaelcane.Commands.&lt;init&gt;(Commands.java:5)
	at io.michaelcane.Calculator.&lt;init&gt;(Calculator.java:6)
	at io.michaelcane.Commands.&lt;init&gt;(Commands.java:5)
	at io.michaelcane.Calculator.&lt;init&gt;(Calculator.java:6)
	at io.michaelcane.Commands.&lt;init&gt;(Commands.java:5)
	at io.michaelcane.Calculator.&lt;init&gt;(Calculator.java:6)
	at io.michaelcane.Commands.&lt;init&gt;(Commands.java:5)
	at io.michaelcane.Calculator.&lt;init&gt;(Calculator.java:6)
	at io.michaelcane.Commands.&lt;init&gt;(Commands.java:5)
	at io.michaelcane.Calculator.&lt;init&gt;(Calculator.java:6)
	at io.michaelcane.Commands.&lt;init&gt;(Commands.java:5)
	at io.michaelcane.Calculator.&lt;init&gt;(Calculator.java:6)
	at io.michaelcane.Commands.&lt;init&gt;(Commands.java:5)
	at io.michaelcane.Calculator.&lt;init&gt;(Calculator.java:6)
	at io.michaelcane.Commands.&lt;init&gt;(Commands.java:5)
	at io.michaelcane.Calculator.&lt;init&gt;(Calculator.java:6)
	at io.michaelcane.Commands.&lt;init&gt;(Commands.java:5)
	at io.michaelcane.Calculator.&lt;init&gt;(Calculator.java:6)
	at io.michaelcane.Commands.&lt;init&gt;(Commands.java:5)
	at io.michaelcane.Calculator.&lt;init&gt;(Calculator.java:6)
	at io.michaelcane.Commands.&lt;init&gt;(Commands.java:5)
	at io.michaelcane.Calculator.&lt;init&gt;(Calculator.java:6)
	at io.michaelcane.Commands.&lt;init&gt;(Commands.java:5)
	at io.michaelcane.Calculator.&lt;init&gt;(Calculator.java:6)
	at io.michaelcane.Commands.&lt;init&gt;(Commands.java:5)
	at io.michaelcane.Calculator.&lt;init&gt;(Calculator.java:6)
	at io.michaelcane.Commands.&lt;init&gt;(Commands.java:5)
	at io.michaelcane.Calculator.&lt;init&gt;(Calculator.java:6)
	at io.michaelcane.Commands.&lt;init&gt;(Commands.java:5)
	at io.michaelcane.Calculator.&lt;init&gt;(Calculator.java:6)
	at io.michaelcane.Commands.&lt;init&gt;(Commands.java:5)
	at io.michaelcane.Calculator.&lt;init&gt;(Calculator.java:6)
	at io.michaelcane.Commands.&lt;init&gt;(Commands.java:5)
	at io.michaelcane.Calculator.&lt;init&gt;(Calculator.java:6)
	at io.michaelcane.Commands.&lt;init&gt;(Commands.java:5)
	at io.michaelcane.Calculator.&lt;init&gt;(Calculator.java:6)
	at io.michaelcane.Commands.&lt;init&gt;(Commands.java:5)
	at io.michaelcane.Calculator.&lt;init&gt;(Calculator.java:6)
	at io.michaelcane.Commands.&lt;init&gt;(Commands.java:5)
	at io.michaelcane.Calculator.&lt;init&gt;(Calculator.java:6)
	at io.michaelcane.Commands.&lt;init&gt;(Commands.java:5)
	at io.michaelcane.Calculator.&lt;init&gt;(Calculator.java:6)
	at io.michaelcane.Commands.&lt;init&gt;(Commands.java:5)
	at io.michaelcane.Calculator.&lt;init&gt;(Calculator.java:6)
	at io.michaelcane.Commands.&lt;init&gt;(Commands.java:5)
	at io.michaelcane.Calculator.&lt;init&gt;(Calculator.java:6)
	at io.michaelcane.Commands.&lt;init&gt;(Commands.java:5)
	at io.michaelcane.Calculator.&lt;init&gt;(Calculator.java:6)
	at io.michaelcane.Commands.&lt;init&gt;(Commands.java:5)
	at io.michaelcane.Calculator.&lt;init&gt;(Calculator.java:6)
	at io.michaelcane.Commands.&lt;init&gt;(Commands.java:5)
	at io.michaelcane.Calculator.&lt;init&gt;(Calculator.java:6)
	at io.michaelcane.Commands.&lt;init&gt;(Commands.java:5)
	at io.michaelcane.Calculator.&lt;init&gt;(Calculator.java:6)
	at io.michaelcane.Commands.&lt;init&gt;(Commands.java:5)
	at io.michaelcane.Calculator.&lt;init&gt;(Calculator.java:6)
	at io.michaelcane.Commands.&lt;init&gt;(Commands.java:5)
	at io.michaelcane.Calculator.&lt;init&gt;(Calculator.java:6)
	at io.michaelcane.Commands.&lt;init&gt;(Commands.java:5)
	at io.michaelcane.Calculator.&lt;init&gt;(Calculator.java:6)
	at io.michaelcane.Commands.&lt;init&gt;(Commands.java:5)
	at io.michaelcane.Calculator.&lt;init&gt;(Calculator.java:6)
	at io.michaelcane.Commands.&lt;init&gt;(Commands.java:5)
	at io.michaelcane.Calculator.&lt;init&gt;(Calculator.java:6)
	at io.michaelcane.Commands.&lt;init&gt;(Commands.java:5)
	at io.michaelcane.Calculator.&lt;init&gt;(Calculator.java:6)
	at io.michaelcane.Commands.&lt;init&gt;(Commands.java:5)
	at io.michaelcane.Calculator.&lt;init&gt;(Calculator.java:6)
	at io.michaelcane.Commands.&lt;init&gt;(Commands.java:5)
	at io.michaelcane.Calculator.&lt;init&gt;(Calculator.java:6)
	at io.michaelcane.Commands.&lt;init&gt;(Commands.java:5)
	at io.michaelcane.Calculator.&lt;init&gt;(Calculator.java:6)
	at io.michaelcane.Commands.&lt;init&gt;(Commands.java:5)
	at io.michaelcane.Calculator.&lt;init&gt;(Calculator.java:6)
	at io.michaelcane.Commands.&lt;init&gt;(Commands.java:5)
	at io.michaelcane.Calculator.&lt;init&gt;(Calculator.java:6)
	at io.michaelcane.Commands.&lt;init&gt;(Commands.java:5)
	at io.michaelcane.Calculator.&lt;init&gt;(Calculator.java:6)
	at io.michaelcane.Commands.&lt;init&gt;(Commands.java:5)
	at io.michaelcane.Calculator.&lt;init&gt;(Calculator.java:6)
	at io.michaelcane.Commands.&lt;init&gt;(Commands.java:5)
	at io.michaelcane.Calculator.&lt;init&gt;(Calculator.java:6)
	at io.michaelcane.Commands.&lt;init&gt;(Commands.java:5)
	at io.michaelcane.Calculator.&lt;init&gt;(Calculator.java:6)
	at io.michaelcane.Commands.&lt;init&gt;(Commands.java:5)
	at io.michaelcane.Calculator.&lt;init&gt;(Calculator.java:6)
	at io.michaelcane.Commands.&lt;init&gt;(Commands.java:5)
	at io.michaelcane.Calculator.&lt;init&gt;(Calculator.java:6)
	at io.michaelcane.Commands.&lt;init&gt;(Commands.java:5)
	at io.michaelcane.Calculator.&lt;init&gt;(Calculator.java:6)
	at io.michaelcane.Commands.&lt;init&gt;(Commands.java:5)
	at io.michaelcane.Calculator.&lt;init&gt;(Calculator.java:6)
	at io.michaelcane.Commands.&lt;init&gt;(Commands.java:5)
	at io.michaelcane.Calculator.&lt;init&gt;(Calculator.java:6)
	at io.michaelcane.Commands.&lt;init&gt;(Commands.java:5)
	at io.michaelcane.Calculator.&lt;init&gt;(Calculator.java:6)
	at io.michaelcane.Commands.&lt;init&gt;(Commands.java:5)
	at io.michaelcane.Calculator.&lt;init&gt;(Calculator.java:6)
	at io.michaelcane.Commands.&lt;init&gt;(Commands.java:5)
	at io.michaelcane.Calculator.&lt;init&gt;(Calculator.java:6)
	at io.michaelcane.Commands.&lt;init&gt;(Commands.java:5)
	at io.michaelcane.Calculator.&lt;init&gt;(Calculator.java:6)
	at io.michaelcane.Commands.&lt;init&gt;(Commands.java:5)
	at io.michaelcane.Calculator.&lt;init&gt;(Calculator.java:6)
	at io.michaelcane.Commands.&lt;init&gt;(Commands.java:5)
	at io.michaelcane.Calculator.&lt;init&gt;(Calculator.java:6)
	at io.michaelcane.Commands.&lt;init&gt;(Commands.java:5)
	at io.michaelcane.Calculator.&lt;init&gt;(Calculator.java:6)
	at io.michaelcane.Commands.&lt;init&gt;(Commands.java:5)
	at io.michaelcane.Calculator.&lt;init&gt;(Calculator.java:6)
	at io.michaelcane.Commands.&lt;init&gt;(Commands.java:5)
	at io.michaelcane.Calculator.&lt;init&gt;(Calculator.java:6)
	at io.michaelcane.Commands.&lt;init&gt;(Commands.java:5)
	at io.michaelcane.Calculator.&lt;init&gt;(Calculator.java:6)
	at io.michaelcane.Commands.&lt;init&gt;(Commands.java:5)
	at io.michaelcane.Calculator.&lt;init&gt;(Calculator.java:6)
	at io.michaelcane.Commands.&lt;init&gt;(Commands.java:5)
	at io.michaelcane.Calculator.&lt;init&gt;(Calculator.java:6)
	at io.michaelcane.Commands.&lt;init&gt;(Commands.java:5)
	at io.michaelcane.Calculator.&lt;init&gt;(Calculator.java:6)
	at io.michaelcane.Commands.&lt;init&gt;(Commands.java:5)
	at io.michaelcane.Calculator.&lt;init&gt;(Calculator.java:6)
	at io.michaelcane.Commands.&lt;init&gt;(Commands.java:5)
	at io.michaelcane.Calculator.&lt;init&gt;(Calculator.java:6)
	at io.michaelcane.Commands.&lt;init&gt;(Commands.java:5)
	at io.michaelcane.Calculator.&lt;init&gt;(Calculator.java:6)
	at io.michaelcane.Commands.&lt;init&gt;(Commands.java:5)
	at io.michaelcane.Calculator.&lt;init&gt;(Calculator.java:6)
	at io.michaelcane.Commands.&lt;init&gt;(Commands.java:5)
	at io.michaelcane.Calculator.&lt;init&gt;(Calculator.java:6)
	at io.michaelcane.Commands.&lt;init&gt;(Commands.java:5)
	at io.michaelcane.Calculator.&lt;init&gt;(Calculator.java:6)
	at io.michaelcane.Commands.&lt;init&gt;(Commands.java:5)
	at io.michaelcane.Calculator.&lt;init&gt;(Calculator.java:6)
	at io.michaelcane.Commands.&lt;init&gt;(Commands.java:5)
	at io.michaelcane.Calculator.&lt;init&gt;(Calculator.java:6)
	at io.michaelcane.Commands.&lt;init&gt;(Commands.java:5)
	at io.michaelcane.Calculator.&lt;init&gt;(Calculator.java:6)
	at io.michaelcane.Commands.&lt;init&gt;(Commands.java:5)
	at io.michaelcane.Calculator.&lt;init&gt;(Calculator.java:6)
	at io.michaelcane.Commands.&lt;init&gt;(Commands.java:5)
	at io.michaelcane.Calculator.&lt;init&gt;(Calculator.java:6)
	at io.michaelcane.Commands.&lt;init&gt;(Commands.java:5)
	at io.michaelcane.Calculator.&lt;init&gt;(Calculator.java:6)
	at io.michaelcane.Commands.&lt;init&gt;(Commands.java:5)
	at io.michaelcane.Calculator.&lt;init&gt;(Calculator.java:6)
	at io.michaelcane.Commands.&lt;init&gt;(Commands.java:5)
	at io.michaelcane.Calculator.&lt;init&gt;(Calculator.java:6)
	at io.michaelcane.Commands.&lt;init&gt;(Commands.java:5)
	at io.michaelcane.Calculator.&lt;init&gt;(Calculator.java:6)
	at io.michaelcane.Commands.&lt;init&gt;(Commands.java:5)
	at io.michaelcane.Calculator.&lt;init&gt;(Calculator.java:6)
	at io.michaelcane.Commands.&lt;init&gt;(Commands.java:5)
	at io.michaelcane.Calculator.&lt;init&gt;(Calculator.java:6)
	at io.michaelcane.Commands.&lt;init&gt;(Commands.java:5)
	at io.michaelcane.Calculator.&lt;init&gt;(Calculator.java:6)
	at io.michaelcane.Commands.&lt;init&gt;(Commands.java:5)
	at io.michaelcane.Calculator.&lt;init&gt;(Calculator.java:6)
	at io.michaelcane.Commands.&lt;init&gt;(Commands.java:5)
	at io.michaelcane.Calculator.&lt;init&gt;(Calculator.java:6)
	at io.michaelcane.Commands.&lt;init&gt;(Commands.java:5)
	at io.michaelcane.Calculator.&lt;init&gt;(Calculator.java:6)
	at io.michaelcane.Commands.&lt;init&gt;(Commands.java:5)
	at io.michaelcane.Calculator.&lt;init&gt;(Calculator.java:6)
	at io.michaelcane.Commands.&lt;init&gt;(Commands.java:5)
	at io.michaelcane.Calculator.&lt;init&gt;(Calculator.java:6)
	at io.michaelcane.Commands.&lt;init&gt;(Commands.java:5)
	at io.michaelcane.Calculator.&lt;init&gt;(Calculator.java:6)
	at io.michaelcane.Commands.&lt;init&gt;(Commands.java:5)
	at io.michaelcane.Calculator.&lt;init&gt;(Calculator.java:6)
	at io.michaelcane.Commands.&lt;init&gt;(Commands.java:5)
	at io.michaelcane.Calculator.&lt;init&gt;(Calculator.java:6)
	at io.michaelcane.Commands.&lt;init&gt;(Commands.java:5)
	at io.michaelcane.Calculator.&lt;init&gt;(Calculator.java:6)
	at io.michaelcane.Commands.&lt;init&gt;(Commands.java:5)
	at io.michaelcane.Calculator.&lt;init&gt;(Calculator.java:6)
	at io.michaelcane.Commands.&lt;init&gt;(Commands.java:5)
	at io.michaelcane.Calculator.&lt;init&gt;(Calculator.java:6)
	at io.michaelcane.Commands.&lt;init&gt;(Commands.java:5)
	at io.michaelcane.Calculator.&lt;init&gt;(Calculator.java:6)
	at io.michaelcane.Commands.&lt;init&gt;(Commands.java:5)
	at io.michaelcane.Calculator.&lt;init&gt;(Calculator.java:6)
	at io.michaelcane.Commands.&lt;init&gt;(Commands.java:5)
	at io.michaelcane.Calculator.&lt;init&gt;(Calculator.java:6)
	at io.michaelcane.Commands.&lt;init&gt;(Commands.java:5)
	at io.michaelcane.Calculator.&lt;init&gt;(Calculator.java:6)
	at io.michaelcane.Commands.&lt;init&gt;(Commands.java:5)
	at io.michaelcane.Calculator.&lt;init&gt;(Calculator.java:6)
	at io.michaelcane.Commands.&lt;init&gt;(Commands.java:5)
	at io.michaelcane.Calculator.&lt;init&gt;(Calculator.java:6)
	at io.michaelcane.Commands.&lt;init&gt;(Commands.java:5)
	at io.michaelcane.Calculator.&lt;init&gt;(Calculator.java:6)
	at io.michaelcane.Commands.&lt;init&gt;(Commands.java:5)
	at io.michaelcane.Calculator.&lt;init&gt;(Calculator.java:6)
	at io.michaelcane.Commands.&lt;init&gt;(Commands.java:5)
	at io.michaelcane.Calculator.&lt;init&gt;(Calculator.java:6)
	at io.michaelcane.Commands.&lt;init&gt;(Commands.java:5)
	at io.michaelcane.Calculator.&lt;init&gt;(Calculator.java:6)
	at io.michaelcane.Commands.&lt;init&gt;(Commands.java:5)
	at io.michaelcane.Calculator.&lt;init&gt;(Calculator.java:6)
	at io.michaelcane.Commands.&lt;init&gt;(Commands.java:5)
	at io.michaelcane.Calculator.&lt;init&gt;(Calculator.java:6)
	at io.michaelcane.Commands.&lt;init&gt;(Commands.java:5)
	at io.michaelcane.Calculator.&lt;init&gt;(Calculator.java:6)
	at io.michaelcane.Commands.&lt;init&gt;(Commands.java:5)
	at io.michaelcane.Calculator.&lt;init&gt;(Calculator.java:6)
	at io.michaelcane.Commands.&lt;init&gt;(Commands.java:5)
	at io.michaelcane.Calculator.&lt;init&gt;(Calculator.java:6)
	at io.michaelcane.Commands.&lt;init&gt;(Commands.java:5)
	at io.michaelcane.Calculator.&lt;init&gt;(Calculator.java:6)
	at io.michaelcane.Commands.&lt;init&gt;(Commands.java:5)
	at io.michaelcane.Calculator.&lt;init&gt;(Calculator.java:6)
	at io.michaelcane.Commands.&lt;init&gt;(Commands.java:5)
	at io.michaelcane.Calculator.&lt;init&gt;(Calculator.java:6)
	at io.michaelcane.Commands.&lt;init&gt;(Commands.java:5)
	at io.michaelcane.Calculator.&lt;init&gt;(Calculator.java:6)
	at io.michaelcane.Commands.&lt;init&gt;(Commands.java:5)
	at io.michaelcane.Calculator.&lt;init&gt;(Calculator.java:6)
	at io.michaelcane.Commands.&lt;init&gt;(Commands.java:5)
	at io.michaelcane.Calculator.&lt;init&gt;(Calculator.java:6)
	at io.michaelcane.Commands.&lt;init&gt;(Commands.java:5)
	at io.michaelcane.Calculator.&lt;init&gt;(Calculator.java:6)
	at io.michaelcane.Commands.&lt;init&gt;(Commands.java:5)
	at io.michaelcane.Calculator.&lt;init&gt;(Calculator.java:6)
	at io.michaelcane.Commands.&lt;init&gt;(Commands.java:5)
	at io.michaelcane.Calculator.&lt;init&gt;(Calculator.java:6)
	at io.michaelcane.Commands.&lt;init&gt;(Commands.java:5)
	at io.michaelcane.Calculator.&lt;init&gt;(Calculator.java:6)
	at io.michaelcane.Commands.&lt;init&gt;(Commands.java:5)
	at io.michaelcane.Calculator.&lt;init&gt;(Calculator.java:6)
	at io.michaelcane.Commands.&lt;init&gt;(Commands.java:5)
	at io.michaelcane.Calculator.&lt;init&gt;(Calculator.java:6)
	at io.michaelcane.Commands.&lt;init&gt;(Commands.java:5)
	at io.michaelcane.Calculator.&lt;init&gt;(Calculator.java:6)
	at io.michaelcane.Commands.&lt;init&gt;(Commands.java:5)
	at io.michaelcane.Calculator.&lt;init&gt;(Calculator.java:6)
	at io.michaelcane.Commands.&lt;init&gt;(Commands.java:5)
	at io.michaelcane.Calculator.&lt;init&gt;(Calculator.java:6)
	at io.michaelcane.Commands.&lt;init&gt;(Commands.java:5)
	at io.michaelcane.Calculator.&lt;init&gt;(Calculator.java:6)
	at io.michaelcane.Commands.&lt;init&gt;(Commands.java:5)
	at io.michaelcane.Calculator.&lt;init&gt;(Calculator.java:6)
	at io.michaelcane.Commands.&lt;init&gt;(Commands.java:5)
	at io.michaelcane.Calculator.&lt;init&gt;(Calculator.java:6)
	at io.michaelcane.Commands.&lt;init&gt;(Commands.java:5)
	at io.michaelcane.Calculator.&lt;init&gt;(Calculator.java:6)
	at io.michaelcane.Commands.&lt;init&gt;(Commands.java:5)
	at io.michaelcane.Calculator.&lt;init&gt;(Calculator.java:6)
	at io.michaelcane.Commands.&lt;init&gt;(Commands.java:5)
	at io.michaelcane.Calculator.&lt;init&gt;(Calculator.java:6)
	at io.michaelcane.Commands.&lt;init&gt;(Commands.java:5)
	at io.michaelcane.Calculator.&lt;init&gt;(Calculator.java:6)
	at io.michaelcane.Commands.&lt;init&gt;(Commands.java:5)
	at io.michaelcane.Calculator.&lt;init&gt;(Calculator.java:6)
	at io.michaelcane.Commands.&lt;init&gt;(Commands.java:5)
	at io.michaelcane.Calculator.&lt;init&gt;(Calculator.java:6)
	at io.michaelcane.Commands.&lt;init&gt;(Commands.java:5)
	at io.michaelcane.Calculator.&lt;init&gt;(Calculator.java:6)
	at io.michaelcane.Commands.&lt;init&gt;(Commands.java:5)
	at io.michaelcane.Calculator.&lt;init&gt;(Calculator.java:6)
	at io.michaelcane.Commands.&lt;init&gt;(Commands.java:5)
	at io.michaelcane.Calculator.&lt;init&gt;(Calculator.java:6)
	at io.michaelcane.Commands.&lt;init&gt;(Commands.java:5)
	at io.michaelcane.Calculator.&lt;init&gt;(Calculator.java:6)
	at io.michaelcane.Commands.&lt;init&gt;(Commands.java:5)
	at io.michaelcane.Calculator.&lt;init&gt;(Calculator.java:6)
	at io.michaelcane.Commands.&lt;init&gt;(Commands.java:5)
	at io.michaelcane.Calculator.&lt;init&gt;(Calculator.java:6)
	at io.michaelcane.Commands.&lt;init&gt;(Commands.java:5)
	at io.michaelcane.Calculator.&lt;init&gt;(Calculator.java:6)
	at io.michaelcane.Commands.&lt;init&gt;(Commands.java:5)
	at io.michaelcane.Calculator.&lt;init&gt;(Calculator.java:6)
	at io.michaelcane.Commands.&lt;init&gt;(Commands.java:5)
	at io.michaelcane.Calculator.&lt;init&gt;(Calculator.java:6)
	at io.michaelcane.Commands.&lt;init&gt;(Commands.java:5)
	at io.michaelcane.Calculator.&lt;init&gt;(Calculator.java:6)
	at io.michaelcane.Commands.&lt;init&gt;(Commands.java:5)
	at io.michaelcane.Calculator.&lt;init&gt;(Calculator.java:6)
	at io.michaelcane.Commands.&lt;init&gt;(Commands.java:5)
	at io.michaelcane.Calculator.&lt;init&gt;(Calculator.java:6)
	at io.michaelcane.Commands.&lt;init&gt;(Commands.java:5)
	at io.michaelcane.Calculator.&lt;init&gt;(Calculator.java:6)
	at io.michaelcane.Commands.&lt;init&gt;(Commands.java:5)
	at io.michaelcane.Calculator.&lt;init&gt;(Calculator.java:6)
	at io.michaelcane.Commands.&lt;init&gt;(Commands.java:5)
	at io.michaelcane.Calculator.&lt;init&gt;(Calculator.java:6)
	at io.michaelcane.Commands.&lt;init&gt;(Commands.java:5)
	at io.michaelcane.Calculator.&lt;init&gt;(Calculator.java:6)
	at io.michaelcane.Commands.&lt;init&gt;(Commands.java:5)
	at io.michaelcane.Calculator.&lt;init&gt;(Calculator.java:6)
	at io.michaelcane.Commands.&lt;init&gt;(Commands.java:5)
	at io.michaelcane.Calculator.&lt;init&gt;(Calculator.java:6)
	at io.michaelcane.Commands.&lt;init&gt;(Commands.java:5)
	at io.michaelcane.Calculator.&lt;init&gt;(Calculator.java:6)
	at io.michaelcane.Commands.&lt;init&gt;(Commands.java:5)
	at io.michaelcane.Calculator.&lt;init&gt;(Calculator.java:6)
	at io.michaelcane.Commands.&lt;init&gt;(Commands.java:5)
	at io.michaelcane.Calculator.&lt;init&gt;(Calculator.java:6)
	at io.michaelcane.Commands.&lt;init&gt;(Commands.java:5)
	at io.michaelcane.Calculator.&lt;init&gt;(Calculator.java:6)
	at io.michaelcane.Commands.&lt;init&gt;(Commands.java:5)
	at io.michaelcane.Calculator.&lt;init&gt;(Calculator.java:6)
	at io.michaelcane.Commands.&lt;init&gt;(Commands.java:5)
	at io.michaelcane.Calculator.&lt;init&gt;(Calculator.java:6)
	at io.michaelcane.Commands.&lt;init&gt;(Commands.java:5)
</error>
  </testcase>
  <testcase classname="io.michaelcane.CalculatorSpec" name="test$variableExponentiation" time="0.013">
    <error type="java.lang.StackOverflowError">java.lang.StackOverflowError
	at io.michaelcane.Calculator.&lt;init&gt;(Calculator.java:6)
	at io.michaelcane.Commands.&lt;init&gt;(Commands.java:5)
	at io.michaelcane.Calculator.&lt;init&gt;(Calculator.java:6)
	at io.michaelcane.Commands.&lt;init&gt;(Commands.java:5)
	at io.michaelcane.Calculator.&lt;init&gt;(Calculator.java:6)
	at io.michaelcane.Commands.&lt;init&gt;(Commands.java:5)
	at io.michaelcane.Calculator.&lt;init&gt;(Calculator.java:6)
	at io.michaelcane.Commands.&lt;init&gt;(Commands.java:5)
	at io.michaelcane.Calculator.&lt;init&gt;(Calculator.java:6)
	at io.michaelcane.Commands.&lt;init&gt;(Commands.java:5)
	at io.michaelcane.Calculator.&lt;init&gt;(Calculator.java:6)
	at io.michaelcane.Commands.&lt;init&gt;(Commands.java:5)
	at io.michaelcane.Calculator.&lt;init&gt;(Calculator.java:6)
	at io.michaelcane.Commands.&lt;init&gt;(Commands.java:5)
	at io.michaelcane.Calculator.&lt;init&gt;(Calculator.java:6)
	at io.michaelcane.Commands.&lt;init&gt;(Commands.java:5)
	at io.michaelcane.Calculator.&lt;init&gt;(Calculator.java:6)
	at io.michaelcane.Commands.&lt;init&gt;(Commands.java:5)
	at io.michaelcane.Calculator.&lt;init&gt;(Calculator.java:6)
	at io.michaelcane.Commands.&lt;init&gt;(Commands.java:5)
	at io.michaelcane.Calculator.&lt;init&gt;(Calculator.java:6)
	at io.michaelcane.Commands.&lt;init&gt;(Commands.java:5)
	at io.michaelcane.Calculator.&lt;init&gt;(Calculator.java:6)
	at io.michaelcane.Commands.&lt;init&gt;(Commands.java:5)
	at io.michaelcane.Calculator.&lt;init&gt;(Calculator.java:6)
	at io.michaelcane.Commands.&lt;init&gt;(Commands.java:5)
	at io.michaelcane.Calculator.&lt;init&gt;(Calculator.java:6)
	at io.michaelcane.Commands.&lt;init&gt;(Commands.java:5)
	at io.michaelcane.Calculator.&lt;init&gt;(Calculator.java:6)
	at io.michaelcane.Commands.&lt;init&gt;(Commands.java:5)
	at io.michaelcane.Calculator.&lt;init&gt;(Calculator.java:6)
	at io.michaelcane.Commands.&lt;init&gt;(Commands.java:5)
	at io.michaelcane.Calculator.&lt;init&gt;(Calculator.java:6)
	at io.michaelcane.Commands.&lt;init&gt;(Commands.java:5)
	at io.michaelcane.Calculator.&lt;init&gt;(Calculator.java:6)
	at io.michaelcane.Commands.&lt;init&gt;(Commands.java:5)
	at io.michaelcane.Calculator.&lt;init&gt;(Calculator.java:6)
	at io.michaelcane.Commands.&lt;init&gt;(Commands.java:5)
	at io.michaelcane.Calculator.&lt;init&gt;(Calculator.java:6)
	at io.michaelcane.Commands.&lt;init&gt;(Commands.java:5)
	at io.michaelcane.Calculator.&lt;init&gt;(Calculator.java:6)
	at io.michaelcane.Commands.&lt;init&gt;(Commands.java:5)
	at io.michaelcane.Calculator.&lt;init&gt;(Calculator.java:6)
	at io.michaelcane.Commands.&lt;init&gt;(Commands.java:5)
	at io.michaelcane.Calculator.&lt;init&gt;(Calculator.java:6)
	at io.michaelcane.Commands.&lt;init&gt;(Commands.java:5)
	at io.michaelcane.Calculator.&lt;init&gt;(Calculator.java:6)
	at io.michaelcane.Commands.&lt;init&gt;(Commands.java:5)
	at io.michaelcane.Calculator.&lt;init&gt;(Calculator.java:6)
	at io.michaelcane.Commands.&lt;init&gt;(Commands.java:5)
	at io.michaelcane.Calculator.&lt;init&gt;(Calculator.java:6)
	at io.michaelcane.Commands.&lt;init&gt;(Commands.java:5)
	at io.michaelcane.Calculator.&lt;init&gt;(Calculator.java:6)
	at io.michaelcane.Commands.&lt;init&gt;(Commands.java:5)
	at io.michaelcane.Calculator.&lt;init&gt;(Calculator.java:6)
	at io.michaelcane.Commands.&lt;init&gt;(Commands.java:5)
	at io.michaelcane.Calculator.&lt;init&gt;(Calculator.java:6)
	at io.michaelcane.Commands.&lt;init&gt;(Commands.java:5)
	at io.michaelcane.Calculator.&lt;init&gt;(Calculator.java:6)
	at io.michaelcane.Commands.&lt;init&gt;(Commands.java:5)
	at io.michaelcane.Calculator.&lt;init&gt;(Calculator.java:6)
	at io.michaelcane.Commands.&lt;init&gt;(Commands.java:5)
	at io.michaelcane.Calculator.&lt;init&gt;(Calculator.java:6)
	at io.michaelcane.Commands.&lt;init&gt;(Commands.java:5)
	at io.michaelcane.Calculator.&lt;init&gt;(Calculator.java:6)
	at io.michaelcane.Commands.&lt;init&gt;(Commands.java:5)
	at io.michaelcane.Calculator.&lt;init&gt;(Calculator.java:6)
	at io.michaelcane.Commands.&lt;init&gt;(Commands.java:5)
	at io.michaelcane.Calculator.&lt;init&gt;(Calculator.java:6)
	at io.michaelcane.Commands.&lt;init&gt;(Commands.java:5)
	at io.michaelcane.Calculator.&lt;init&gt;(Calculator.java:6)
	at io.michaelcane.Commands.&lt;init&gt;(Commands.java:5)
	at io.michaelcane.Calculator.&lt;init&gt;(Calculator.java:6)
	at io.michaelcane.Commands.&lt;init&gt;(Commands.java:5)
	at io.michaelcane.Calculator.&lt;init&gt;(Calculator.java:6)
	at io.michaelcane.Commands.&lt;init&gt;(Commands.java:5)
	at io.michaelcane.Calculator.&lt;init&gt;(Calculator.java:6)
	at io.michaelcane.Commands.&lt;init&gt;(Commands.java:5)
	at io.michaelcane.Calculator.&lt;init&gt;(Calculator.java:6)
	at io.michaelcane.Commands.&lt;init&gt;(Commands.java:5)
	at io.michaelcane.Calculator.&lt;init&gt;(Calculator.java:6)
	at io.michaelcane.Commands.&lt;init&gt;(Commands.java:5)
	at io.michaelcane.Calculator.&lt;init&gt;(Calculator.java:6)
	at io.michaelcane.Commands.&lt;init&gt;(Commands.java:5)
	at io.michaelcane.Calculator.&lt;init&gt;(Calculator.java:6)
	at io.michaelcane.Commands.&lt;init&gt;(Commands.java:5)
	at io.michaelcane.Calculator.&lt;init&gt;(Calculator.java:6)
	at io.michaelcane.Commands.&lt;init&gt;(Commands.java:5)
	at io.michaelcane.Calculator.&lt;init&gt;(Calculator.java:6)
	at io.michaelcane.Commands.&lt;init&gt;(Commands.java:5)
	at io.michaelcane.Calculator.&lt;init&gt;(Calculator.java:6)
	at io.michaelcane.Commands.&lt;init&gt;(Commands.java:5)
	at io.michaelcane.Calculator.&lt;init&gt;(Calculator.java:6)
	at io.michaelcane.Commands.&lt;init&gt;(Commands.java:5)
	at io.michaelcane.Calculator.&lt;init&gt;(Calculator.java:6)
	at io.michaelcane.Commands.&lt;init&gt;(Commands.java:5)
	at io.michaelcane.Calculator.&lt;init&gt;(Calculator.java:6)
	at io.michaelcane.Commands.&lt;init&gt;(Commands.java:5)
	at io.michaelcane.Calculator.&lt;init&gt;(Calculator.java:6)
	at io.michaelcane.Commands.&lt;init&gt;(Commands.java:5)
	at io.michaelcane.Calculator.&lt;init&gt;(Calculator.java:6)
	at io.michaelcane.Commands.&lt;init&gt;(Commands.java:5)
	at io.michaelcane.Calculator.&lt;init&gt;(Calculator.java:6)
	at io.michaelcane.Commands.&lt;init&gt;(Commands.java:5)
	at io.michaelcane.Calculator.&lt;init&gt;(Calculator.java:6)
	at io.michaelcane.Commands.&lt;init&gt;(Commands.java:5)
	at io.michaelcane.Calculator.&lt;init&gt;(Calculator.java:6)
	at io.michaelcane.Commands.&lt;init&gt;(Commands.java:5)
	at io.michaelcane.Calculator.&lt;init&gt;(Calculator.java:6)
	at io.michaelcane.Commands.&lt;init&gt;(Commands.java:5)
	at io.michaelcane.Calculator.&lt;init&gt;(Calculator.java:6)
	at io.michaelcane.Commands.&lt;init&gt;(Commands.java:5)
	at io.michaelcane.Calculator.&lt;init&gt;(Calculator.java:6)
	at io.michaelcane.Commands.&lt;init&gt;(Commands.java:5)
	at io.michaelcane.Calculator.&lt;init&gt;(Calculator.java:6)
	at io.michaelcane.Commands.&lt;init&gt;(Commands.java:5)
	at io.michaelcane.Calculator.&lt;init&gt;(Calculator.java:6)
	at io.michaelcane.Commands.&lt;init&gt;(Commands.java:5)
	at io.michaelcane.Calculator.&lt;init&gt;(Calculator.java:6)
	at io.michaelcane.Commands.&lt;init&gt;(Commands.java:5)
	at io.michaelcane.Calculator.&lt;init&gt;(Calculator.java:6)
	at io.michaelcane.Commands.&lt;init&gt;(Commands.java:5)
	at io.michaelcane.Calculator.&lt;init&gt;(Calculator.java:6)
	at io.michaelcane.Commands.&lt;init&gt;(Commands.java:5)
	at io.michaelcane.Calculator.&lt;init&gt;(Calculator.java:6)
	at io.michaelcane.Commands.&lt;init&gt;(Commands.java:5)
	at io.michaelcane.Calculator.&lt;init&gt;(Calculator.java:6)
	at io.michaelcane.Commands.&lt;init&gt;(Commands.java:5)
	at io.michaelcane.Calculator.&lt;init&gt;(Calculator.java:6)
	at io.michaelcane.Commands.&lt;init&gt;(Commands.java:5)
	at io.michaelcane.Calculator.&lt;init&gt;(Calculator.java:6)
	at io.michaelcane.Commands.&lt;init&gt;(Commands.java:5)
	at io.michaelcane.Calculator.&lt;init&gt;(Calculator.java:6)
	at io.michaelcane.Commands.&lt;init&gt;(Commands.java:5)
	at io.michaelcane.Calculator.&lt;init&gt;(Calculator.java:6)
	at io.michaelcane.Commands.&lt;init&gt;(Commands.java:5)
	at io.michaelcane.Calculator.&lt;init&gt;(Calculator.java:6)
	at io.michaelcane.Commands.&lt;init&gt;(Commands.java:5)
	at io.michaelcane.Calculator.&lt;init&gt;(Calculator.java:6)
	at io.michaelcane.Commands.&lt;init&gt;(Commands.java:5)
	at io.michaelcane.Calculator.&lt;init&gt;(Calculator.java:6)
	at io.michaelcane.Commands.&lt;init&gt;(Commands.java:5)
	at io.michaelcane.Calculator.&lt;init&gt;(Calculator.java:6)
	at io.michaelcane.Commands.&lt;init&gt;(Commands.java:5)
	at io.michaelcane.Calculator.&lt;init&gt;(Calculator.java:6)
	at io.michaelcane.Commands.&lt;init&gt;(Commands.java:5)
	at io.michaelcane.Calculator.&lt;init&gt;(Calculator.java:6)
	at io.michaelcane.Commands.&lt;init&gt;(Commands.java:5)
	at io.michaelcane.Calculator.&lt;init&gt;(Calculator.java:6)
	at io.michaelcane.Commands.&lt;init&gt;(Commands.java:5)
	at io.michaelcane.Calculator.&lt;init&gt;(Calculator.java:6)
	at io.michaelcane.Commands.&lt;init&gt;(Commands.java:5)
	at io.michaelcane.Calculator.&lt;init&gt;(Calculator.java:6)
	at io.michaelcane.Commands.&lt;init&gt;(Commands.java:5)
	at io.michaelcane.Calculator.&lt;init&gt;(Calculator.java:6)
	at io.michaelcane.Commands.&lt;init&gt;(Commands.java:5)
	at io.michaelcane.Calculator.&lt;init&gt;(Calculator.java:6)
	at io.michaelcane.Commands.&lt;init&gt;(Commands.java:5)
	at io.michaelcane.Calculator.&lt;init&gt;(Calculator.java:6)
	at io.michaelcane.Commands.&lt;init&gt;(Commands.java:5)
	at io.michaelcane.Calculator.&lt;init&gt;(Calculator.java:6)
	at io.michaelcane.Commands.&lt;init&gt;(Commands.java:5)
	at io.michaelcane.Calculator.&lt;init&gt;(Calculator.java:6)
	at io.michaelcane.Commands.&lt;init&gt;(Commands.java:5)
	at io.michaelcane.Calculator.&lt;init&gt;(Calculator.java:6)
	at io.michaelcane.Commands.&lt;init&gt;(Commands.java:5)
	at io.michaelcane.Calculator.&lt;init&gt;(Calculator.java:6)
	at io.michaelcane.Commands.&lt;init&gt;(Commands.java:5)
	at io.michaelcane.Calculator.&lt;init&gt;(Calculator.java:6)
	at io.michaelcane.Commands.&lt;init&gt;(Commands.java:5)
	at io.michaelcane.Calculator.&lt;init&gt;(Calculator.java:6)
	at io.michaelcane.Commands.&lt;init&gt;(Commands.java:5)
	at io.michaelcane.Calculator.&lt;init&gt;(Calculator.java:6)
	at io.michaelcane.Commands.&lt;init&gt;(Commands.java:5)
	at io.michaelcane.Calculator.&lt;init&gt;(Calculator.java:6)
	at io.michaelcane.Commands.&lt;init&gt;(Commands.java:5)
	at io.michaelcane.Calculator.&lt;init&gt;(Calculator.java:6)
	at io.michaelcane.Commands.&lt;init&gt;(Commands.java:5)
	at io.michaelcane.Calculator.&lt;init&gt;(Calculator.java:6)
	at io.michaelcane.Commands.&lt;init&gt;(Commands.java:5)
	at io.michaelcane.Calculator.&lt;init&gt;(Calculator.java:6)
	at io.michaelcane.Commands.&lt;init&gt;(Commands.java:5)
	at io.michaelcane.Calculator.&lt;init&gt;(Calculator.java:6)
	at io.michaelcane.Commands.&lt;init&gt;(Commands.java:5)
	at io.michaelcane.Calculator.&lt;init&gt;(Calculator.java:6)
	at io.michaelcane.Commands.&lt;init&gt;(Commands.java:5)
	at io.michaelcane.Calculator.&lt;init&gt;(Calculator.java:6)
	at io.michaelcane.Commands.&lt;init&gt;(Commands.java:5)
	at io.michaelcane.Calculator.&lt;init&gt;(Calculator.java:6)
	at io.michaelcane.Commands.&lt;init&gt;(Commands.java:5)
	at io.michaelcane.Calculator.&lt;init&gt;(Calculator.java:6)
	at io.michaelcane.Commands.&lt;init&gt;(Commands.java:5)
	at io.michaelcane.Calculator.&lt;init&gt;(Calculator.java:6)
	at io.michaelcane.Commands.&lt;init&gt;(Commands.java:5)
	at io.michaelcane.Calculator.&lt;init&gt;(Calculator.java:6)
	at io.michaelcane.Commands.&lt;init&gt;(Commands.java:5)
	at io.michaelcane.Calculator.&lt;init&gt;(Calculator.java:6)
	at io.michaelcane.Commands.&lt;init&gt;(Commands.java:5)
	at io.michaelcane.Calculator.&lt;init&gt;(Calculator.java:6)
	at io.michaelcane.Commands.&lt;init&gt;(Commands.java:5)
	at io.michaelcane.Calculator.&lt;init&gt;(Calculator.java:6)
	at io.michaelcane.Commands.&lt;init&gt;(Commands.java:5)
	at io.michaelcane.Calculator.&lt;init&gt;(Calculator.java:6)
	at io.michaelcane.Commands.&lt;init&gt;(Commands.java:5)
	at io.michaelcane.Calculator.&lt;init&gt;(Calculator.java:6)
	at io.michaelcane.Commands.&lt;init&gt;(Commands.java:5)
	at io.michaelcane.Calculator.&lt;init&gt;(Calculator.java:6)
	at io.michaelcane.Commands.&lt;init&gt;(Commands.java:5)
	at io.michaelcane.Calculator.&lt;init&gt;(Calculator.java:6)
	at io.michaelcane.Commands.&lt;init&gt;(Commands.java:5)
	at io.michaelcane.Calculator.&lt;init&gt;(Calculator.java:6)
	at io.michaelcane.Commands.&lt;init&gt;(Commands.java:5)
	at io.michaelcane.Calculator.&lt;init&gt;(Calculator.java:6)
	at io.michaelcane.Commands.&lt;init&gt;(Commands.java:5)
	at io.michaelcane.Calculator.&lt;init&gt;(Calculator.java:6)
	at io.michaelcane.Commands.&lt;init&gt;(Commands.java:5)
	at io.michaelcane.Calculator.&lt;init&gt;(Calculator.java:6)
	at io.michaelcane.Commands.&lt;init&gt;(Commands.java:5)
	at io.michaelcane.Calculator.&lt;init&gt;(Calculator.java:6)
	at io.michaelcane.Commands.&lt;init&gt;(Commands.java:5)
	at io.michaelcane.Calculator.&lt;init&gt;(Calculator.java:6)
	at io.michaelcane.Commands.&lt;init&gt;(Commands.java:5)
	at io.michaelcane.Calculator.&lt;init&gt;(Calculator.java:6)
	at io.michaelcane.Commands.&lt;init&gt;(Commands.java:5)
	at io.michaelcane.Calculator.&lt;init&gt;(Calculator.java:6)
	at io.michaelcane.Commands.&lt;init&gt;(Commands.java:5)
	at io.michaelcane.Calculator.&lt;init&gt;(Calculator.java:6)
	at io.michaelcane.Commands.&lt;init&gt;(Commands.java:5)
	at io.michaelcane.Calculator.&lt;init&gt;(Calculator.java:6)
	at io.michaelcane.Commands.&lt;init&gt;(Commands.java:5)
	at io.michaelcane.Calculator.&lt;init&gt;(Calculator.java:6)
	at io.michaelcane.Commands.&lt;init&gt;(Commands.java:5)
	at io.michaelcane.Calculator.&lt;init&gt;(Calculator.java:6)
	at io.michaelcane.Commands.&lt;init&gt;(Commands.java:5)
	at io.michaelcane.Calculator.&lt;init&gt;(Calculator.java:6)
	at io.michaelcane.Commands.&lt;init&gt;(Commands.java:5)
	at io.michaelcane.Calculator.&lt;init&gt;(Calculator.java:6)
	at io.michaelcane.Commands.&lt;init&gt;(Commands.java:5)
	at io.michaelcane.Calculator.&lt;init&gt;(Calculator.java:6)
	at io.michaelcane.Commands.&lt;init&gt;(Commands.java:5)
	at io.michaelcane.Calculator.&lt;init&gt;(Calculator.java:6)
	at io.michaelcane.Commands.&lt;init&gt;(Commands.java:5)
	at io.michaelcane.Calculator.&lt;init&gt;(Calculator.java:6)
	at io.michaelcane.Commands.&lt;init&gt;(Commands.java:5)
	at io.michaelcane.Calculator.&lt;init&gt;(Calculator.java:6)
	at io.michaelcane.Commands.&lt;init&gt;(Commands.java:5)
	at io.michaelcane.Calculator.&lt;init&gt;(Calculator.java:6)
	at io.michaelcane.Commands.&lt;init&gt;(Commands.java:5)
	at io.michaelcane.Calculator.&lt;init&gt;(Calculator.java:6)
	at io.michaelcane.Commands.&lt;init&gt;(Commands.java:5)
	at io.michaelcane.Calculator.&lt;init&gt;(Calculator.java:6)
	at io.michaelcane.Commands.&lt;init&gt;(Commands.java:5)
	at io.michaelcane.Calculator.&lt;init&gt;(Calculator.java:6)
	at io.michaelcane.Commands.&lt;init&gt;(Commands.java:5)
	at io.michaelcane.Calculator.&lt;init&gt;(Calculator.java:6)
	at io.michaelcane.Commands.&lt;init&gt;(Commands.java:5)
	at io.michaelcane.Calculator.&lt;init&gt;(Calculator.java:6)
	at io.michaelcane.Commands.&lt;init&gt;(Commands.java:5)
	at io.michaelcane.Calculator.&lt;init&gt;(Calculator.java:6)
	at io.michaelcane.Commands.&lt;init&gt;(Commands.java:5)
	at io.michaelcane.Calculator.&lt;init&gt;(Calculator.java:6)
	at io.michaelcane.Commands.&lt;init&gt;(Commands.java:5)
	at io.michaelcane.Calculator.&lt;init&gt;(Calculator.java:6)
	at io.michaelcane.Commands.&lt;init&gt;(Commands.java:5)
	at io.michaelcane.Calculator.&lt;init&gt;(Calculator.java:6)
	at io.michaelcane.Commands.&lt;init&gt;(Commands.java:5)
	at io.michaelcane.Calculator.&lt;init&gt;(Calculator.java:6)
	at io.michaelcane.Commands.&lt;init&gt;(Commands.java:5)
	at io.michaelcane.Calculator.&lt;init&gt;(Calculator.java:6)
	at io.michaelcane.Commands.&lt;init&gt;(Commands.java:5)
	at io.michaelcane.Calculator.&lt;init&gt;(Calculator.java:6)
	at io.michaelcane.Commands.&lt;init&gt;(Commands.java:5)
	at io.michaelcane.Calculator.&lt;init&gt;(Calculator.java:6)
	at io.michaelcane.Commands.&lt;init&gt;(Commands.java:5)
	at io.michaelcane.Calculator.&lt;init&gt;(Calculator.java:6)
	at io.michaelcane.Commands.&lt;init&gt;(Commands.java:5)
	at io.michaelcane.Calculator.&lt;init&gt;(Calculator.java:6)
	at io.michaelcane.Commands.&lt;init&gt;(Commands.java:5)
	at io.michaelcane.Calculator.&lt;init&gt;(Calculator.java:6)
	at io.michaelcane.Commands.&lt;init&gt;(Commands.java:5)
	at io.michaelcane.Calculator.&lt;init&gt;(Calculator.java:6)
	at io.michaelcane.Commands.&lt;init&gt;(Commands.java:5)
	at io.michaelcane.Calculator.&lt;init&gt;(Calculator.java:6)
	at io.michaelcane.Commands.&lt;init&gt;(Commands.java:5)
	at io.michaelcane.Calculator.&lt;init&gt;(Calculator.java:6)
	at io.michaelcane.Commands.&lt;init&gt;(Commands.java:5)
	at io.michaelcane.Calculator.&lt;init&gt;(Calculator.java:6)
	at io.michaelcane.Commands.&lt;init&gt;(Commands.java:5)
	at io.michaelcane.Calculator.&lt;init&gt;(Calculator.java:6)
	at io.michaelcane.Commands.&lt;init&gt;(Commands.java:5)
	at io.michaelcane.Calculator.&lt;init&gt;(Calculator.java:6)
	at io.michaelcane.Commands.&lt;init&gt;(Commands.java:5)
	at io.michaelcane.Calculator.&lt;init&gt;(Calculator.java:6)
	at io.michaelcane.Commands.&lt;init&gt;(Commands.java:5)
	at io.michaelcane.Calculator.&lt;init&gt;(Calculator.java:6)
	at io.michaelcane.Commands.&lt;init&gt;(Commands.java:5)
	at io.michaelcane.Calculator.&lt;init&gt;(Calculator.java:6)
	at io.michaelcane.Commands.&lt;init&gt;(Commands.java:5)
	at io.michaelcane.Calculator.&lt;init&gt;(Calculator.java:6)
	at io.michaelcane.Commands.&lt;init&gt;(Commands.java:5)
	at io.michaelcane.Calculator.&lt;init&gt;(Calculator.java:6)
	at io.michaelcane.Commands.&lt;init&gt;(Commands.java:5)
	at io.michaelcane.Calculator.&lt;init&gt;(Calculator.java:6)
	at io.michaelcane.Commands.&lt;init&gt;(Commands.java:5)
	at io.michaelcane.Calculator.&lt;init&gt;(Calculator.java:6)
	at io.michaelcane.Commands.&lt;init&gt;(Commands.java:5)
	at io.michaelcane.Calculator.&lt;init&gt;(Calculator.java:6)
	at io.michaelcane.Commands.&lt;init&gt;(Commands.java:5)
	at io.michaelcane.Calculator.&lt;init&gt;(Calculator.java:6)
	at io.michaelcane.Commands.&lt;init&gt;(Commands.java:5)
	at io.michaelcane.Calculator.&lt;init&gt;(Calculator.java:6)
	at io.michaelcane.Commands.&lt;init&gt;(Commands.java:5)
	at io.michaelcane.Calculator.&lt;init&gt;(Calculator.java:6)
	at io.michaelcane.Commands.&lt;init&gt;(Commands.java:5)
	at io.michaelcane.Calculator.&lt;init&gt;(Calculator.java:6)
	at io.michaelcane.Commands.&lt;init&gt;(Commands.java:5)
	at io.michaelcane.Calculator.&lt;init&gt;(Calculator.java:6)
	at io.michaelcane.Commands.&lt;init&gt;(Commands.java:5)
	at io.michaelcane.Calculator.&lt;init&gt;(Calculator.java:6)
	at io.michaelcane.Commands.&lt;init&gt;(Commands.java:5)
	at io.michaelcane.Calculator.&lt;init&gt;(Calculator.java:6)
	at io.michaelcane.Commands.&lt;init&gt;(Commands.java:5)
	at io.michaelcane.Calculator.&lt;init&gt;(Calculator.java:6)
	at io.michaelcane.Commands.&lt;init&gt;(Commands.java:5)
	at io.michaelcane.Calculator.&lt;init&gt;(Calculator.java:6)
	at io.michaelcane.Commands.&lt;init&gt;(Commands.java:5)
	at io.michaelcane.Calculator.&lt;init&gt;(Calculator.java:6)
	at io.michaelcane.Commands.&lt;init&gt;(Commands.java:5)
	at io.michaelcane.Calculator.&lt;init&gt;(Calculator.java:6)
	at io.michaelcane.Commands.&lt;init&gt;(Commands.java:5)
	at io.michaelcane.Calculator.&lt;init&gt;(Calculator.java:6)
	at io.michaelcane.Commands.&lt;init&gt;(Commands.java:5)
	at io.michaelcane.Calculator.&lt;init&gt;(Calculator.java:6)
	at io.michaelcane.Commands.&lt;init&gt;(Commands.java:5)
	at io.michaelcane.Calculator.&lt;init&gt;(Calculator.java:6)
	at io.michaelcane.Commands.&lt;init&gt;(Commands.java:5)
	at io.michaelcane.Calculator.&lt;init&gt;(Calculator.java:6)
	at io.michaelcane.Commands.&lt;init&gt;(Commands.java:5)
	at io.michaelcane.Calculator.&lt;init&gt;(Calculator.java:6)
	at io.michaelcane.Commands.&lt;init&gt;(Commands.java:5)
	at io.michaelcane.Calculator.&lt;init&gt;(Calculator.java:6)
	at io.michaelcane.Commands.&lt;init&gt;(Commands.java:5)
	at io.michaelcane.Calculator.&lt;init&gt;(Calculator.java:6)
	at io.michaelcane.Commands.&lt;init&gt;(Commands.java:5)
	at io.michaelcane.Calculator.&lt;init&gt;(Calculator.java:6)
	at io.michaelcane.Commands.&lt;init&gt;(Commands.java:5)
	at io.michaelcane.Calculator.&lt;init&gt;(Calculator.java:6)
	at io.michaelcane.Commands.&lt;init&gt;(Commands.java:5)
	at io.michaelcane.Calculator.&lt;init&gt;(Calculator.java:6)
	at io.michaelcane.Commands.&lt;init&gt;(Commands.java:5)
	at io.michaelcane.Calculator.&lt;init&gt;(Calculator.java:6)
	at io.michaelcane.Commands.&lt;init&gt;(Commands.java:5)
	at io.michaelcane.Calculator.&lt;init&gt;(Calculator.java:6)
	at io.michaelcane.Commands.&lt;init&gt;(Commands.java:5)
	at io.michaelcane.Calculator.&lt;init&gt;(Calculator.java:6)
	at io.michaelcane.Commands.&lt;init&gt;(Commands.java:5)
	at io.michaelcane.Calculator.&lt;init&gt;(Calculator.java:6)
	at io.michaelcane.Commands.&lt;init&gt;(Commands.java:5)
	at io.michaelcane.Calculator.&lt;init&gt;(Calculator.java:6)
	at io.michaelcane.Commands.&lt;init&gt;(Commands.java:5)
	at io.michaelcane.Calculator.&lt;init&gt;(Calculator.java:6)
	at io.michaelcane.Commands.&lt;init&gt;(Commands.java:5)
	at io.michaelcane.Calculator.&lt;init&gt;(Calculator.java:6)
	at io.michaelcane.Commands.&lt;init&gt;(Commands.java:5)
	at io.michaelcane.Calculator.&lt;init&gt;(Calculator.java:6)
	at io.michaelcane.Commands.&lt;init&gt;(Commands.java:5)
	at io.michaelcane.Calculator.&lt;init&gt;(Calculator.java:6)
	at io.michaelcane.Commands.&lt;init&gt;(Commands.java:5)
	at io.michaelcane.Calculator.&lt;init&gt;(Calculator.java:6)
	at io.michaelcane.Commands.&lt;init&gt;(Commands.java:5)
	at io.michaelcane.Calculator.&lt;init&gt;(Calculator.java:6)
	at io.michaelcane.Commands.&lt;init&gt;(Commands.java:5)
	at io.michaelcane.Calculator.&lt;init&gt;(Calculator.java:6)
	at io.michaelcane.Commands.&lt;init&gt;(Commands.java:5)
	at io.michaelcane.Calculator.&lt;init&gt;(Calculator.java:6)
	at io.michaelcane.Commands.&lt;init&gt;(Commands.java:5)
	at io.michaelcane.Calculator.&lt;init&gt;(Calculator.java:6)
	at io.michaelcane.Commands.&lt;init&gt;(Commands.java:5)
	at io.michaelcane.Calculator.&lt;init&gt;(Calculator.java:6)
	at io.michaelcane.Commands.&lt;init&gt;(Commands.java:5)
	at io.michaelcane.Calculator.&lt;init&gt;(Calculator.java:6)
	at io.michaelcane.Commands.&lt;init&gt;(Commands.java:5)
	at io.michaelcane.Calculator.&lt;init&gt;(Calculator.java:6)
	at io.michaelcane.Commands.&lt;init&gt;(Commands.java:5)
	at io.michaelcane.Calculator.&lt;init&gt;(Calculator.java:6)
	at io.michaelcane.Commands.&lt;init&gt;(Commands.java:5)
	at io.michaelcane.Calculator.&lt;init&gt;(Calculator.java:6)
	at io.michaelcane.Commands.&lt;init&gt;(Commands.java:5)
	at io.michaelcane.Calculator.&lt;init&gt;(Calculator.java:6)
	at io.michaelcane.Commands.&lt;init&gt;(Commands.java:5)
	at io.michaelcane.Calculator.&lt;init&gt;(Calculator.java:6)
	at io.michaelcane.Commands.&lt;init&gt;(Commands.java:5)
	at io.michaelcane.Calculator.&lt;init&gt;(Calculator.java:6)
	at io.michaelcane.Commands.&lt;init&gt;(Commands.java:5)
	at io.michaelcane.Calculator.&lt;init&gt;(Calculator.java:6)
	at io.michaelcane.Commands.&lt;init&gt;(Commands.java:5)
	at io.michaelcane.Calculator.&lt;init&gt;(Calculator.java:6)
	at io.michaelcane.Commands.&lt;init&gt;(Commands.java:5)
	at io.michaelcane.Calculator.&lt;init&gt;(Calculator.java:6)
	at io.michaelcane.Commands.&lt;init&gt;(Commands.java:5)
	at io.michaelcane.Calculator.&lt;init&gt;(Calculator.java:6)
	at io.michaelcane.Commands.&lt;init&gt;(Commands.java:5)
	at io.michaelcane.Calculator.&lt;init&gt;(Calculator.java:6)
	at io.michaelcane.Commands.&lt;init&gt;(Commands.java:5)
	at io.michaelcane.Calculator.&lt;init&gt;(Calculator.java:6)
	at io.michaelcane.Commands.&lt;init&gt;(Commands.java:5)
	at io.michaelcane.Calculator.&lt;init&gt;(Calculator.java:6)
	at io.michaelcane.Commands.&lt;init&gt;(Commands.java:5)
	at io.michaelcane.Calculator.&lt;init&gt;(Calculator.java:6)
	at io.michaelcane.Commands.&lt;init&gt;(Commands.java:5)
	at io.michaelcane.Calculator.&lt;init&gt;(Calculator.java:6)
	at io.michaelcane.Commands.&lt;init&gt;(Commands.java:5)
	at io.michaelcane.Calculator.&lt;init&gt;(Calculator.java:6)
	at io.michaelcane.Commands.&lt;init&gt;(Commands.java:5)
	at io.michaelcane.Calculator.&lt;init&gt;(Calculator.java:6)
	at io.michaelcane.Commands.&lt;init&gt;(Commands.java:5)
	at io.michaelcane.Calculator.&lt;init&gt;(Calculator.java:6)
	at io.michaelcane.Commands.&lt;init&gt;(Commands.java:5)
	at io.michaelcane.Calculator.&lt;init&gt;(Calculator.java:6)
	at io.michaelcane.Commands.&lt;init&gt;(Commands.java:5)
	at io.michaelcane.Calculator.&lt;init&gt;(Calculator.java:6)
	at io.michaelcane.Commands.&lt;init&gt;(Commands.java:5)
	at io.michaelcane.Calculator.&lt;init&gt;(Calculator.java:6)
	at io.michaelcane.Commands.&lt;init&gt;(Commands.java:5)
	at io.michaelcane.Calculator.&lt;init&gt;(Calculator.java:6)
	at io.michaelcane.Commands.&lt;init&gt;(Commands.java:5)
	at io.michaelcane.Calculator.&lt;init&gt;(Calculator.java:6)
	at io.michaelcane.Commands.&lt;init&gt;(Commands.java:5)
	at io.michaelcane.Calculator.&lt;init&gt;(Calculator.java:6)
	at io.michaelcane.Commands.&lt;init&gt;(Commands.java:5)
	at io.michaelcane.Calculator.&lt;init&gt;(Calculator.java:6)
	at io.michaelcane.Commands.&lt;init&gt;(Commands.java:5)
	at io.michaelcane.Calculator.&lt;init&gt;(Calculator.java:6)
	at io.michaelcane.Commands.&lt;init&gt;(Commands.java:5)
	at io.michaelcane.Calculator.&lt;init&gt;(Calculator.java:6)
	at io.michaelcane.Commands.&lt;init&gt;(Commands.java:5)
	at io.michaelcane.Calculator.&lt;init&gt;(Calculator.java:6)
	at io.michaelcane.Commands.&lt;init&gt;(Commands.java:5)
	at io.michaelcane.Calculator.&lt;init&gt;(Calculator.java:6)
	at io.michaelcane.Commands.&lt;init&gt;(Commands.java:5)
	at io.michaelcane.Calculator.&lt;init&gt;(Calculator.java:6)
	at io.michaelcane.Commands.&lt;init&gt;(Commands.java:5)
	at io.michaelcane.Calculator.&lt;init&gt;(Calculator.java:6)
	at io.michaelcane.Commands.&lt;init&gt;(Commands.java:5)
	at io.michaelcane.Calculator.&lt;init&gt;(Calculator.java:6)
	at io.michaelcane.Commands.&lt;init&gt;(Commands.java:5)
	at io.michaelcane.Calculator.&lt;init&gt;(Calculator.java:6)
	at io.michaelcane.Commands.&lt;init&gt;(Commands.java:5)
	at io.michaelcane.Calculator.&lt;init&gt;(Calculator.java:6)
	at io.michaelcane.Commands.&lt;init&gt;(Commands.java:5)
	at io.michaelcane.Calculator.&lt;init&gt;(Calculator.java:6)
	at io.michaelcane.Commands.&lt;init&gt;(Commands.java:5)
	at io.michaelcane.Calculator.&lt;init&gt;(Calculator.java:6)
	at io.michaelcane.Commands.&lt;init&gt;(Commands.java:5)
	at io.michaelcane.Calculator.&lt;init&gt;(Calculator.java:6)
	at io.michaelcane.Commands.&lt;init&gt;(Commands.java:5)
	at io.michaelcane.Calculator.&lt;init&gt;(Calculator.java:6)
	at io.michaelcane.Commands.&lt;init&gt;(Commands.java:5)
	at io.michaelcane.Calculator.&lt;init&gt;(Calculator.java:6)
	at io.michaelcane.Commands.&lt;init&gt;(Commands.java:5)
	at io.michaelcane.Calculator.&lt;init&gt;(Calculator.java:6)
	at io.michaelcane.Commands.&lt;init&gt;(Commands.java:5)
	at io.michaelcane.Calculator.&lt;init&gt;(Calculator.java:6)
	at io.michaelcane.Commands.&lt;init&gt;(Commands.java:5)
	at io.michaelcane.Calculator.&lt;init&gt;(Calculator.java:6)
	at io.michaelcane.Commands.&lt;init&gt;(Commands.java:5)
	at io.michaelcane.Calculator.&lt;init&gt;(Calculator.java:6)
	at io.michaelcane.Commands.&lt;init&gt;(Commands.java:5)
	at io.michaelcane.Calculator.&lt;init&gt;(Calculator.java:6)
	at io.michaelcane.Commands.&lt;init&gt;(Commands.java:5)
	at io.michaelcane.Calculator.&lt;init&gt;(Calculator.java:6)
	at io.michaelcane.Commands.&lt;init&gt;(Commands.java:5)
	at io.michaelcane.Calculator.&lt;init&gt;(Calculator.java:6)
	at io.michaelcane.Commands.&lt;init&gt;(Commands.java:5)
	at io.michaelcane.Calculator.&lt;init&gt;(Calculator.java:6)
	at io.michaelcane.Commands.&lt;init&gt;(Commands.java:5)
	at io.michaelcane.Calculator.&lt;init&gt;(Calculator.java:6)
	at io.michaelcane.Commands.&lt;init&gt;(Commands.java:5)
	at io.michaelcane.Calculator.&lt;init&gt;(Calculator.java:6)
	at io.michaelcane.Commands.&lt;init&gt;(Commands.java:5)
	at io.michaelcane.Calculator.&lt;init&gt;(Calculator.java:6)
	at io.michaelcane.Commands.&lt;init&gt;(Commands.java:5)
	at io.michaelcane.Calculator.&lt;init&gt;(Calculator.java:6)
	at io.michaelcane.Commands.&lt;init&gt;(Commands.java:5)
	at io.michaelcane.Calculator.&lt;init&gt;(Calculator.java:6)
	at io.michaelcane.Commands.&lt;init&gt;(Commands.java:5)
	at io.michaelcane.Calculator.&lt;init&gt;(Calculator.java:6)
	at io.michaelcane.Commands.&lt;init&gt;(Commands.java:5)
	at io.michaelcane.Calculator.&lt;init&gt;(Calculator.java:6)
	at io.michaelcane.Commands.&lt;init&gt;(Commands.java:5)
	at io.michaelcane.Calculator.&lt;init&gt;(Calculator.java:6)
	at io.michaelcane.Commands.&lt;init&gt;(Commands.java:5)
	at io.michaelcane.Calculator.&lt;init&gt;(Calculator.java:6)
	at io.michaelcane.Commands.&lt;init&gt;(Commands.java:5)
	at io.michaelcane.Calculator.&lt;init&gt;(Calculator.java:6)
	at io.michaelcane.Commands.&lt;init&gt;(Commands.java:5)
	at io.michaelcane.Calculator.&lt;init&gt;(Calculator.java:6)
	at io.michaelcane.Commands.&lt;init&gt;(Commands.java:5)
	at io.michaelcane.Calculator.&lt;init&gt;(Calculator.java:6)
	at io.michaelcane.Commands.&lt;init&gt;(Commands.java:5)
	at io.michaelcane.Calculator.&lt;init&gt;(Calculator.java:6)
	at io.michaelcane.Commands.&lt;init&gt;(Commands.java:5)
	at io.michaelcane.Calculator.&lt;init&gt;(Calculator.java:6)
	at io.michaelcane.Commands.&lt;init&gt;(Commands.java:5)
	at io.michaelcane.Calculator.&lt;init&gt;(Calculator.java:6)
	at io.michaelcane.Commands.&lt;init&gt;(Commands.java:5)
	at io.michaelcane.Calculator.&lt;init&gt;(Calculator.java:6)
	at io.michaelcane.Commands.&lt;init&gt;(Commands.java:5)
	at io.michaelcane.Calculator.&lt;init&gt;(Calculator.java:6)
	at io.michaelcane.Commands.&lt;init&gt;(Commands.java:5)
	at io.michaelcane.Calculator.&lt;init&gt;(Calculator.java:6)
	at io.michaelcane.Commands.&lt;init&gt;(Commands.java:5)
	at io.michaelcane.Calculator.&lt;init&gt;(Calculator.java:6)
	at io.michaelcane.Commands.&lt;init&gt;(Commands.java:5)
	at io.michaelcane.Calculator.&lt;init&gt;(Calculator.java:6)
	at io.michaelcane.Commands.&lt;init&gt;(Commands.java:5)
	at io.michaelcane.Calculator.&lt;init&gt;(Calculator.java:6)
	at io.michaelcane.Commands.&lt;init&gt;(Commands.java:5)
	at io.michaelcane.Calculator.&lt;init&gt;(Calculator.java:6)
	at io.michaelcane.Commands.&lt;init&gt;(Commands.java:5)
	at io.michaelcane.Calculator.&lt;init&gt;(Calculator.java:6)
	at io.michaelcane.Commands.&lt;init&gt;(Commands.java:5)
	at io.michaelcane.Calculator.&lt;init&gt;(Calculator.java:6)
	at io.michaelcane.Commands.&lt;init&gt;(Commands.java:5)
	at io.michaelcane.Calculator.&lt;init&gt;(Calculator.java:6)
	at io.michaelcane.Commands.&lt;init&gt;(Commands.java:5)
	at io.michaelcane.Calculator.&lt;init&gt;(Calculator.java:6)
	at io.michaelcane.Commands.&lt;init&gt;(Commands.java:5)
	at io.michaelcane.Calculator.&lt;init&gt;(Calculator.java:6)
	at io.michaelcane.Commands.&lt;init&gt;(Commands.java:5)
	at io.michaelcane.Calculator.&lt;init&gt;(Calculator.java:6)
	at io.michaelcane.Commands.&lt;init&gt;(Commands.java:5)
	at io.michaelcane.Calculator.&lt;init&gt;(Calculator.java:6)
	at io.michaelcane.Commands.&lt;init&gt;(Commands.java:5)
	at io.michaelcane.Calculator.&lt;init&gt;(Calculator.java:6)
	at io.michaelcane.Commands.&lt;init&gt;(Commands.java:5)
	at io.michaelcane.Calculator.&lt;init&gt;(Calculator.java:6)
	at io.michaelcane.Commands.&lt;init&gt;(Commands.java:5)
	at io.michaelcane.Calculator.&lt;init&gt;(Calculator.java:6)
	at io.michaelcane.Commands.&lt;init&gt;(Commands.java:5)
	at io.michaelcane.Calculator.&lt;init&gt;(Calculator.java:6)
	at io.michaelcane.Commands.&lt;init&gt;(Commands.java:5)
	at io.michaelcane.Calculator.&lt;init&gt;(Calculator.java:6)
	at io.michaelcane.Commands.&lt;init&gt;(Commands.java:5)
	at io.michaelcane.Calculator.&lt;init&gt;(Calculator.java:6)
	at io.michaelcane.Commands.&lt;init&gt;(Commands.java:5)
	at io.michaelcane.Calculator.&lt;init&gt;(Calculator.java:6)
	at io.michaelcane.Commands.&lt;init&gt;(Commands.java:5)
	at io.michaelcane.Calculator.&lt;init&gt;(Calculator.java:6)
	at io.michaelcane.Commands.&lt;init&gt;(Commands.java:5)
	at io.michaelcane.Calculator.&lt;init&gt;(Calculator.java:6)
	at io.michaelcane.Commands.&lt;init&gt;(Commands.java:5)
	at io.michaelcane.Calculator.&lt;init&gt;(Calculator.java:6)
	at io.michaelcane.Commands.&lt;init&gt;(Commands.java:5)
	at io.michaelcane.Calculator.&lt;init&gt;(Calculator.java:6)
	at io.michaelcane.Commands.&lt;init&gt;(Commands.java:5)
	at io.michaelcane.Calculator.&lt;init&gt;(Calculator.java:6)
	at io.michaelcane.Commands.&lt;init&gt;(Commands.java:5)
	at io.michaelcane.Calculator.&lt;init&gt;(Calculator.java:6)
	at io.michaelcane.Commands.&lt;init&gt;(Commands.java:5)
	at io.michaelcane.Calculator.&lt;init&gt;(Calculator.java:6)
	at io.michaelcane.Commands.&lt;init&gt;(Commands.java:5)
	at io.michaelcane.Calculator.&lt;init&gt;(Calculator.java:6)
	at io.michaelcane.Commands.&lt;init&gt;(Commands.java:5)
	at io.michaelcane.Calculator.&lt;init&gt;(Calculator.java:6)
	at io.michaelcane.Commands.&lt;init&gt;(Commands.java:5)
	at io.michaelcane.Calculator.&lt;init&gt;(Calculator.java:6)
	at io.michaelcane.Commands.&lt;init&gt;(Commands.java:5)
	at io.michaelcane.Calculator.&lt;init&gt;(Calculator.java:6)
	at io.michaelcane.Commands.&lt;init&gt;(Commands.java:5)
	at io.michaelcane.Calculator.&lt;init&gt;(Calculator.java:6)
	at io.michaelcane.Commands.&lt;init&gt;(Commands.java:5)
	at io.michaelcane.Calculator.&lt;init&gt;(Calculator.java:6)
	at io.michaelcane.Commands.&lt;init&gt;(Commands.java:5)
	at io.michaelcane.Calculator.&lt;init&gt;(Calculator.java:6)
	at io.michaelcane.Commands.&lt;init&gt;(Commands.java:5)
	at io.michaelcane.Calculator.&lt;init&gt;(Calculator.java:6)
	at io.michaelcane.Commands.&lt;init&gt;(Commands.java:5)
	at io.michaelcane.Calculator.&lt;init&gt;(Calculator.java:6)
	at io.michaelcane.Commands.&lt;init&gt;(Commands.java:5)
	at io.michaelcane.Calculator.&lt;init&gt;(Calculator.java:6)
	at io.michaelcane.Commands.&lt;init&gt;(Commands.java:5)
	at io.michaelcane.Calculator.&lt;init&gt;(Calculator.java:6)
	at io.michaelcane.Commands.&lt;init&gt;(Commands.java:5)
	at io.michaelcane.Calculator.&lt;init&gt;(Calculator.java:6)
	at io.michaelcane.Commands.&lt;init&gt;(Commands.java:5)
	at io.michaelcane.Calculator.&lt;init&gt;(Calculator.java:6)
	at io.michaelcane.Commands.&lt;init&gt;(Commands.java:5)
	at io.michaelcane.Calculator.&lt;init&gt;(Calculator.java:6)
	at io.michaelcane.Commands.&lt;init&gt;(Commands.java:5)
	at io.michaelcane.Calculator.&lt;init&gt;(Calculator.java:6)
	at io.michaelcane.Commands.&lt;init&gt;(Commands.java:5)
	at io.michaelcane.Calculator.&lt;init&gt;(Calculator.java:6)
	at io.michaelcane.Commands.&lt;init&gt;(Commands.java:5)
	at io.michaelcane.Calculator.&lt;init&gt;(Calculator.java:6)
	at io.michaelcane.Commands.&lt;init&gt;(Commands.java:5)
	at io.michaelcane.Calculator.&lt;init&gt;(Calculator.java:6)
	at io.michaelcane.Commands.&lt;init&gt;(Commands.java:5)
	at io.michaelcane.Calculator.&lt;init&gt;(Calculator.java:6)
	at io.michaelcane.Commands.&lt;init&gt;(Commands.java:5)
	at io.michaelcane.Calculator.&lt;init&gt;(Calculator.java:6)
	at io.michaelcane.Commands.&lt;init&gt;(Commands.java:5)
	at io.michaelcane.Calculator.&lt;init&gt;(Calculator.java:6)
	at io.michaelcane.Commands.&lt;init&gt;(Commands.java:5)
	at io.michaelcane.Calculator.&lt;init&gt;(Calculator.java:6)
	at io.michaelcane.Commands.&lt;init&gt;(Commands.java:5)
	at io.michaelcane.Calculator.&lt;init&gt;(Calculator.java:6)
	at io.michaelcane.Commands.&lt;init&gt;(Commands.java:5)
	at io.michaelcane.Calculator.&lt;init&gt;(Calculator.java:6)
	at io.michaelcane.Commands.&lt;init&gt;(Commands.java:5)
	at io.michaelcane.Calculator.&lt;init&gt;(Calculator.java:6)
	at io.michaelcane.Commands.&lt;init&gt;(Commands.java:5)
	at io.michaelcane.Calculator.&lt;init&gt;(Calculator.java:6)
	at io.michaelcane.Commands.&lt;init&gt;(Commands.java:5)
	at io.michaelcane.Calculator.&lt;init&gt;(Calculator.java:6)
	at io.michaelcane.Commands.&lt;init&gt;(Commands.java:5)
	at io.michaelcane.Calculator.&lt;init&gt;(Calculator.java:6)
	at io.michaelcane.Commands.&lt;init&gt;(Commands.java:5)
	at io.michaelcane.Calculator.&lt;init&gt;(Calculator.java:6)
	at io.michaelcane.Commands.&lt;init&gt;(Commands.java:5)
	at io.michaelcane.Calculator.&lt;init&gt;(Calculator.java:6)
	at io.michaelcane.Commands.&lt;init&gt;(Commands.java:5)
	at io.michaelcane.Calculator.&lt;init&gt;(Calculator.java:6)
	at io.michaelcane.Commands.&lt;init&gt;(Commands.java:5)
	at io.michaelcane.Calculator.&lt;init&gt;(Calculator.java:6)
	at io.michaelcane.Commands.&lt;init&gt;(Commands.java:5)
	at io.michaelcane.Calculator.&lt;init&gt;(Calculator.java:6)
	at io.michaelcane.Commands.&lt;init&gt;(Commands.java:5)
	at io.michaelcane.Calculator.&lt;init&gt;(Calculator.java:6)
	at io.michaelcane.Commands.&lt;init&gt;(Commands.java:5)
	at io.michaelcane.Calculator.&lt;init&gt;(Calculator.java:6)
	at io.michaelcane.Commands.&lt;init&gt;(Commands.java:5)
	at io.michaelcane.Calculator.&lt;init&gt;(Calculator.java:6)
	at io.michaelcane.Commands.&lt;init&gt;(Commands.java:5)
	at io.michaelcane.Calculator.&lt;init&gt;(Calculator.java:6)
	at io.michaelcane.Commands.&lt;init&gt;(Commands.java:5)
	at io.michaelcane.Calculator.&lt;init&gt;(Calculator.java:6)
	at io.michaelcane.Commands.&lt;init&gt;(Commands.java:5)
	at io.michaelcane.Calculator.&lt;init&gt;(Calculator.java:6)
	at io.michaelcane.Commands.&lt;init&gt;(Commands.java:5)
	at io.michaelcane.Calculator.&lt;init&gt;(Calculator.java:6)
	at io.michaelcane.Commands.&lt;init&gt;(Commands.java:5)
	at io.michaelcane.Calculator.&lt;init&gt;(Calculator.java:6)
	at io.michaelcane.Commands.&lt;init&gt;(Commands.java:5)
	at io.michaelcane.Calculator.&lt;init&gt;(Calculator.java:6)
	at io.michaelcane.Commands.&lt;init&gt;(Commands.java:5)
	at io.michaelcane.Calculator.&lt;init&gt;(Calculator.java:6)
	at io.michaelcane.Commands.&lt;init&gt;(Commands.java:5)
	at io.michaelcane.Calculator.&lt;init&gt;(Calculator.java:6)
	at io.michaelcane.Commands.&lt;init&gt;(Commands.java:5)
	at io.michaelcane.Calculator.&lt;init&gt;(Calculator.java:6)
	at io.michaelcane.Commands.&lt;init&gt;(Commands.java:5)
	at io.michaelcane.Calculator.&lt;init&gt;(Calculator.java:6)
	at io.michaelcane.Commands.&lt;init&gt;(Commands.java:5)
	at io.michaelcane.Calculator.&lt;init&gt;(Calculator.java:6)
	at io.michaelcane.Commands.&lt;init&gt;(Commands.java:5)
	at io.michaelcane.Calculator.&lt;init&gt;(Calculator.java:6)
	at io.michaelcane.Commands.&lt;init&gt;(Commands.java:5)
	at io.michaelcane.Calculator.&lt;init&gt;(Calculator.java:6)
	at io.michaelcane.Commands.&lt;init&gt;(Commands.java:5)
	at io.michaelcane.Calculator.&lt;init&gt;(Calculator.java:6)
	at io.michaelcane.Commands.&lt;init&gt;(Commands.java:5)
	at io.michaelcane.Calculator.&lt;init&gt;(Calculator.java:6)
	at io.michaelcane.Commands.&lt;init&gt;(Commands.java:5)
	at io.michaelcane.Calculator.&lt;init&gt;(Calculator.java:6)
	at io.michaelcane.Commands.&lt;init&gt;(Commands.java:5)
	at io.michaelcane.Calculator.&lt;init&gt;(Calculator.java:6)
	at io.michaelcane.Commands.&lt;init&gt;(Commands.java:5)
	at io.michaelcane.Calculator.&lt;init&gt;(Calculator.java:6)
	at io.michaelcane.Commands.&lt;init&gt;(Commands.java:5)
	at io.michaelcane.Calculator.&lt;init&gt;(Calculator.java:6)
	at io.michaelcane.Commands.&lt;init&gt;(Commands.java:5)
	at io.michaelcane.Calculator.&lt;init&gt;(Calculator.java:6)
	at io.michaelcane.Commands.&lt;init&gt;(Commands.java:5)
	at io.michaelcane.Calculator.&lt;init&gt;(Calculator.java:6)
	at io.michaelcane.Commands.&lt;init&gt;(Commands.java:5)
	at io.michaelcane.Calculator.&lt;init&gt;(Calculator.java:6)
	at io.michaelcane.Commands.&lt;init&gt;(Commands.java:5)
	at io.michaelcane.Calculator.&lt;init&gt;(Calculator.java:6)
	at io.michaelcane.Commands.&lt;init&gt;(Commands.java:5)
	at io.michaelcane.Calculator.&lt;init&gt;(Calculator.java:6)
	at io.michaelcane.Commands.&lt;init&gt;(Commands.java:5)
	at io.michaelcane.Calculator.&lt;init&gt;(Calculator.java:6)
	at io.michaelcane.Commands.&lt;init&gt;(Commands.java:5)
	at io.michaelcane.Calculator.&lt;init&gt;(Calculator.java:6)
	at io.michaelcane.Commands.&lt;init&gt;(Commands.java:5)
	at io.michaelcane.Calculator.&lt;init&gt;(Calculator.java:6)
	at io.michaelcane.Commands.&lt;init&gt;(Commands.java:5)
	at io.michaelcane.Calculator.&lt;init&gt;(Calculator.java:6)
	at io.michaelcane.Commands.&lt;init&gt;(Commands.java:5)
	at io.michaelcane.Calculator.&lt;init&gt;(Calculator.java:6)
	at io.michaelcane.Commands.&lt;init&gt;(Commands.java:5)
	at io.michaelcane.Calculator.&lt;init&gt;(Calculator.java:6)
	at io.michaelcane.Commands.&lt;init&gt;(Commands.java:5)
	at io.michaelcane.Calculator.&lt;init&gt;(Calculator.java:6)
	at io.michaelcane.Commands.&lt;init&gt;(Commands.java:5)
	at io.michaelcane.Calculator.&lt;init&gt;(Calculator.java:6)
	at io.michaelcane.Commands.&lt;init&gt;(Commands.java:5)
	at io.michaelcane.Calculator.&lt;init&gt;(Calculator.java:6)
	at io.michaelcane.Commands.&lt;init&gt;(Commands.java:5)
	at io.michaelcane.Calculator.&lt;init&gt;(Calculator.java:6)
	at io.michaelcane.Commands.&lt;init&gt;(Commands.java:5)
	at io.michaelcane.Calculator.&lt;init&gt;(Calculator.java:6)
	at io.michaelcane.Commands.&lt;init&gt;(Commands.java:5)
	at io.michaelcane.Calculator.&lt;init&gt;(Calculator.java:6)
	at io.michaelcane.Commands.&lt;init&gt;(Commands.java:5)
	at io.michaelcane.Calculator.&lt;init&gt;(Calculator.java:6)
	at io.michaelcane.Commands.&lt;init&gt;(Commands.java:5)
	at io.michaelcane.Calculator.&lt;init&gt;(Calculator.java:6)
	at io.michaelcane.Commands.&lt;init&gt;(Commands.java:5)
	at io.michaelcane.Calculator.&lt;init&gt;(Calculator.java:6)
	at io.michaelcane.Commands.&lt;init&gt;(Commands.java:5)
	at io.michaelcane.Calculator.&lt;init&gt;(Calculator.java:6)
	at io.michaelcane.Commands.&lt;init&gt;(Commands.java:5)
	at io.michaelcane.Calculator.&lt;init&gt;(Calculator.java:6)
	at io.michaelcane.Commands.&lt;init&gt;(Commands.java:5)
	at io.michaelcane.Calculator.&lt;init&gt;(Calculator.java:6)
	at io.michaelcane.Commands.&lt;init&gt;(Commands.java:5)
	at io.michaelcane.Calculator.&lt;init&gt;(Calculator.java:6)
	at io.michaelcane.Commands.&lt;init&gt;(Commands.java:5)
	at io.michaelcane.Calculator.&lt;init&gt;(Calculator.java:6)
	at io.michaelcane.Commands.&lt;init&gt;(Commands.java:5)
	at io.michaelcane.Calculator.&lt;init&gt;(Calculator.java:6)
	at io.michaelcane.Commands.&lt;init&gt;(Commands.java:5)
	at io.michaelcane.Calculator.&lt;init&gt;(Calculator.java:6)
	at io.michaelcane.Commands.&lt;init&gt;(Commands.java:5)
	at io.michaelcane.Calculator.&lt;init&gt;(Calculator.java:6)
	at io.michaelcane.Commands.&lt;init&gt;(Commands.java:5)
	at io.michaelcane.Calculator.&lt;init&gt;(Calculator.java:6)
	at io.michaelcane.Commands.&lt;init&gt;(Commands.java:5)
	at io.michaelcane.Calculator.&lt;init&gt;(Calculator.java:6)
	at io.michaelcane.Commands.&lt;init&gt;(Commands.java:5)
	at io.michaelcane.Calculator.&lt;init&gt;(Calculator.java:6)
	at io.michaelcane.Commands.&lt;init&gt;(Commands.java:5)
	at io.michaelcane.Calculator.&lt;init&gt;(Calculator.java:6)
	at io.michaelcane.Commands.&lt;init&gt;(Commands.java:5)
	at io.michaelcane.Calculator.&lt;init&gt;(Calculator.java:6)
	at io.michaelcane.Commands.&lt;init&gt;(Commands.java:5)
	at io.michaelcane.Calculator.&lt;init&gt;(Calculator.java:6)
	at io.michaelcane.Commands.&lt;init&gt;(Commands.java:5)
	at io.michaelcane.Calculator.&lt;init&gt;(Calculator.java:6)
	at io.michaelcane.Commands.&lt;init&gt;(Commands.java:5)
	at io.michaelcane.Calculator.&lt;init&gt;(Calculator.java:6)
	at io.michaelcane.Commands.&lt;init&gt;(Commands.java:5)
	at io.michaelcane.Calculator.&lt;init&gt;(Calculator.java:6)
	at io.michaelcane.Commands.&lt;init&gt;(Commands.java:5)
	at io.michaelcane.Calculator.&lt;init&gt;(Calculator.java:6)
	at io.michaelcane.Commands.&lt;init&gt;(Commands.java:5)
	at io.michaelcane.Calculator.&lt;init&gt;(Calculator.java:6)
	at io.michaelcane.Commands.&lt;init&gt;(Commands.java:5)
	at io.michaelcane.Calculator.&lt;init&gt;(Calculator.java:6)
	at io.michaelcane.Commands.&lt;init&gt;(Commands.java:5)
	at io.michaelcane.Calculator.&lt;init&gt;(Calculator.java:6)
	at io.michaelcane.Commands.&lt;init&gt;(Commands.java:5)
	at io.michaelcane.Calculator.&lt;init&gt;(Calculator.java:6)
	at io.michaelcane.Commands.&lt;init&gt;(Commands.java:5)
	at io.michaelcane.Calculator.&lt;init&gt;(Calculator.java:6)
	at io.michaelcane.Commands.&lt;init&gt;(Commands.java:5)
	at io.michaelcane.Calculator.&lt;init&gt;(Calculator.java:6)
	at io.michaelcane.Commands.&lt;init&gt;(Commands.java:5)
	at io.michaelcane.Calculator.&lt;init&gt;(Calculator.java:6)
	at io.michaelcane.Commands.&lt;init&gt;(Commands.java:5)
	at io.michaelcane.Calculator.&lt;init&gt;(Calculator.java:6)
	at io.michaelcane.Commands.&lt;init&gt;(Commands.java:5)
	at io.michaelcane.Calculator.&lt;init&gt;(Calculator.java:6)
	at io.michaelcane.Commands.&lt;init&gt;(Commands.java:5)
	at io.michaelcane.Calculator.&lt;init&gt;(Calculator.java:6)
	at io.michaelcane.Commands.&lt;init&gt;(Commands.java:5)
	at io.michaelcane.Calculator.&lt;init&gt;(Calculator.java:6)
	at io.michaelcane.Commands.&lt;init&gt;(Commands.java:5)
	at io.michaelcane.Calculator.&lt;init&gt;(Calculator.java:6)
	at io.michaelcane.Commands.&lt;init&gt;(Commands.java:5)
	at io.michaelcane.Calculator.&lt;init&gt;(Calculator.java:6)
	at io.michaelcane.Commands.&lt;init&gt;(Commands.java:5)
	at io.michaelcane.Calculator.&lt;init&gt;(Calculator.java:6)
	at io.michaelcane.Commands.&lt;init&gt;(Commands.java:5)
	at io.michaelcane.Calculator.&lt;init&gt;(Calculator.java:6)
	at io.michaelcane.Commands.&lt;init&gt;(Commands.java:5)
	at io.michaelcane.Calculator.&lt;init&gt;(Calculator.java:6)
	at io.michaelcane.Commands.&lt;init&gt;(Commands.java:5)
	at io.michaelcane.Calculator.&lt;init&gt;(Calculator.java:6)
	at io.michaelcane.Commands.&lt;init&gt;(Commands.java:5)
	at io.michaelcane.Calculator.&lt;init&gt;(Calculator.java:6)
	at io.michaelcane.Commands.&lt;init&gt;(Commands.java:5)
	at io.michaelcane.Calculator.&lt;init&gt;(Calculator.java:6)
	at io.michaelcane.Commands.&lt;init&gt;(Commands.java:5)
	at io.michaelcane.Calculator.&lt;init&gt;(Calculator.java:6)
	at io.michaelcane.Commands.&lt;init&gt;(Commands.java:5)
	at io.michaelcane.Calculator.&lt;init&gt;(Calculator.java:6)
	at io.michaelcane.Commands.&lt;init&gt;(Commands.java:5)
	at io.michaelcane.Calculator.&lt;init&gt;(Calculator.java:6)
	at io.michaelcane.Commands.&lt;init&gt;(Commands.java:5)
	at io.michaelcane.Calculator.&lt;init&gt;(Calculator.java:6)
	at io.michaelcane.Commands.&lt;init&gt;(Commands.java:5)
	at io.michaelcane.Calculator.&lt;init&gt;(Calculator.java:6)
	at io.michaelcane.Commands.&lt;init&gt;(Commands.java:5)
	at io.michaelcane.Calculator.&lt;init&gt;(Calculator.java:6)
	at io.michaelcane.Commands.&lt;init&gt;(Commands.java:5)
	at io.michaelcane.Calculator.&lt;init&gt;(Calculator.java:6)
	at io.michaelcane.Commands.&lt;init&gt;(Commands.java:5)
	at io.michaelcane.Calculator.&lt;init&gt;(Calculator.java:6)
	at io.michaelcane.Commands.&lt;init&gt;(Commands.java:5)
	at io.michaelcane.Calculator.&lt;init&gt;(Calculator.java:6)
	at io.michaelcane.Commands.&lt;init&gt;(Commands.java:5)
	at io.michaelcane.Calculator.&lt;init&gt;(Calculator.java:6)
	at io.michaelcane.Commands.&lt;init&gt;(Commands.java:5)
	at io.michaelcane.Calculator.&lt;init&gt;(Calculator.java:6)
	at io.michaelcane.Commands.&lt;init&gt;(Commands.java:5)
	at io.michaelcane.Calculator.&lt;init&gt;(Calculator.java:6)
	at io.michaelcane.Commands.&lt;init&gt;(Commands.java:5)
	at io.michaelcane.Calculator.&lt;init&gt;(Calculator.java:6)
	at io.michaelcane.Commands.&lt;init&gt;(Commands.java:5)
	at io.michaelcane.Calculator.&lt;init&gt;(Calculator.java:6)
	at io.michaelcane.Commands.&lt;init&gt;(Commands.java:5)
	at io.michaelcane.Calculator.&lt;init&gt;(Calculator.java:6)
	at io.michaelcane.Commands.&lt;init&gt;(Commands.java:5)
	at io.michaelcane.Calculator.&lt;init&gt;(Calculator.java:6)
	at io.michaelcane.Commands.&lt;init&gt;(Commands.java:5)
	at io.michaelcane.Calculator.&lt;init&gt;(Calculator.java:6)
	at io.michaelcane.Commands.&lt;init&gt;(Commands.java:5)
	at io.michaelcane.Calculator.&lt;init&gt;(Calculator.java:6)
	at io.michaelcane.Commands.&lt;init&gt;(Commands.java:5)
	at io.michaelcane.Calculator.&lt;init&gt;(Calculator.java:6)
	at io.michaelcane.Commands.&lt;init&gt;(Commands.java:5)
	at io.michaelcane.Calculator.&lt;init&gt;(Calculator.java:6)
	at io.michaelcane.Commands.&lt;init&gt;(Commands.java:5)
	at io.michaelcane.Calculator.&lt;init&gt;(Calculator.java:6)
	at io.michaelcane.Commands.&lt;init&gt;(Commands.java:5)
	at io.michaelcane.Calculator.&lt;init&gt;(Calculator.java:6)
	at io.michaelcane.Commands.&lt;init&gt;(Commands.java:5)
	at io.michaelcane.Calculator.&lt;init&gt;(Calculator.java:6)
	at io.michaelcane.Commands.&lt;init&gt;(Commands.java:5)
	at io.michaelcane.Calculator.&lt;init&gt;(Calculator.java:6)
	at io.michaelcane.Commands.&lt;init&gt;(Commands.java:5)
	at io.michaelcane.Calculator.&lt;init&gt;(Calculator.java:6)
	at io.michaelcane.Commands.&lt;init&gt;(Commands.java:5)
	at io.michaelcane.Calculator.&lt;init&gt;(Calculator.java:6)
	at io.michaelcane.Commands.&lt;init&gt;(Commands.java:5)
	at io.michaelcane.Calculator.&lt;init&gt;(Calculator.java:6)
	at io.michaelcane.Commands.&lt;init&gt;(Commands.java:5)
	at io.michaelcane.Calculator.&lt;init&gt;(Calculator.java:6)
	at io.michaelcane.Commands.&lt;init&gt;(Commands.java:5)
	at io.michaelcane.Calculator.&lt;init&gt;(Calculator.java:6)
	at io.michaelcane.Commands.&lt;init&gt;(Commands.java:5)
	at io.michaelcane.Calculator.&lt;init&gt;(Calculator.java:6)
	at io.michaelcane.Commands.&lt;init&gt;(Commands.java:5)
	at io.michaelcane.Calculator.&lt;init&gt;(Calculator.java:6)
	at io.michaelcane.Commands.&lt;init&gt;(Commands.java:5)
	at io.michaelcane.Calculator.&lt;init&gt;(Calculator.java:6)
	at io.michaelcane.Commands.&lt;init&gt;(Commands.java:5)
	at io.michaelcane.Calculator.&lt;init&gt;(Calculator.java:6)
	at io.michaelcane.Commands.&lt;init&gt;(Commands.java:5)
	at io.michaelcane.Calculator.&lt;init&gt;(Calculator.java:6)
	at io.michaelcane.Commands.&lt;init&gt;(Commands.java:5)
	at io.michaelcane.Calculator.&lt;init&gt;(Calculator.java:6)
	at io.michaelcane.Commands.&lt;init&gt;(Commands.java:5)
	at io.michaelcane.Calculator.&lt;init&gt;(Calculator.java:6)
	at io.michaelcane.Commands.&lt;init&gt;(Commands.java:5)
	at io.michaelcane.Calculator.&lt;init&gt;(Calculator.java:6)
	at io.michaelcane.Commands.&lt;init&gt;(Commands.java:5)
	at io.michaelcane.Calculator.&lt;init&gt;(Calculator.java:6)
	at io.michaelcane.Commands.&lt;init&gt;(Commands.java:5)
	at io.michaelcane.Calculator.&lt;init&gt;(Calculator.java:6)
	at io.michaelcane.Commands.&lt;init&gt;(Commands.java:5)
	at io.michaelcane.Calculator.&lt;init&gt;(Calculator.java:6)
	at io.michaelcane.Commands.&lt;init&gt;(Commands.java:5)
	at io.michaelcane.Calculator.&lt;init&gt;(Calculator.java:6)
	at io.michaelcane.Commands.&lt;init&gt;(Commands.java:5)
	at io.michaelcane.Calculator.&lt;init&gt;(Calculator.java:6)
	at io.michaelcane.Commands.&lt;init&gt;(Commands.java:5)
	at io.michaelcane.Calculator.&lt;init&gt;(Calculator.java:6)
	at io.michaelcane.Commands.&lt;init&gt;(Commands.java:5)
	at io.michaelcane.Calculator.&lt;init&gt;(Calculator.java:6)
	at io.michaelcane.Commands.&lt;init&gt;(Commands.java:5)
	at io.michaelcane.Calculator.&lt;init&gt;(Calculator.java:6)
	at io.michaelcane.Commands.&lt;init&gt;(Commands.java:5)
	at io.michaelcane.Calculator.&lt;init&gt;(Calculator.java:6)
	at io.michaelcane.Commands.&lt;init&gt;(Commands.java:5)
	at io.michaelcane.Calculator.&lt;init&gt;(Calculator.java:6)
	at io.michaelcane.Commands.&lt;init&gt;(Commands.java:5)
	at io.michaelcane.Calculator.&lt;init&gt;(Calculator.java:6)
	at io.michaelcane.Commands.&lt;init&gt;(Commands.java:5)
	at io.michaelcane.Calculator.&lt;init&gt;(Calculator.java:6)
	at io.michaelcane.Commands.&lt;init&gt;(Commands.java:5)
	at io.michaelcane.Calculator.&lt;init&gt;(Calculator.java:6)
	at io.michaelcane.Commands.&lt;init&gt;(Commands.java:5)
	at io.michaelcane.Calculator.&lt;init&gt;(Calculator.java:6)
	at io.michaelcane.Commands.&lt;init&gt;(Commands.java:5)
	at io.michaelcane.Calculator.&lt;init&gt;(Calculator.java:6)
	at io.michaelcane.Commands.&lt;init&gt;(Commands.java:5)
	at io.michaelcane.Calculator.&lt;init&gt;(Calculator.java:6)
	at io.michaelcane.Commands.&lt;init&gt;(Commands.java:5)
	at io.michaelcane.Calculator.&lt;init&gt;(Calculator.java:6)
	at io.michaelcane.Commands.&lt;init&gt;(Commands.java:5)
	at io.michaelcane.Calculator.&lt;init&gt;(Calculator.java:6)
	at io.michaelcane.Commands.&lt;init&gt;(Commands.java:5)
	at io.michaelcane.Calculator.&lt;init&gt;(Calculator.java:6)
	at io.michaelcane.Commands.&lt;init&gt;(Commands.java:5)
	at io.michaelcane.Calculator.&lt;init&gt;(Calculator.java:6)
	at io.michaelcane.Commands.&lt;init&gt;(Commands.java:5)
	at io.michaelcane.Calculator.&lt;init&gt;(Calculator.java:6)
	at io.michaelcane.Commands.&lt;init&gt;(Commands.java:5)
	at io.michaelcane.Calculator.&lt;init&gt;(Calculator.java:6)
	at io.michaelcane.Commands.&lt;init&gt;(Commands.java:5)
	at io.michaelcane.Calculator.&lt;init&gt;(Calculator.java:6)
	at io.michaelcane.Commands.&lt;init&gt;(Commands.java:5)
	at io.michaelcane.Calculator.&lt;init&gt;(Calculator.java:6)
	at io.michaelcane.Commands.&lt;init&gt;(Commands.java:5)
	at io.michaelcane.Calculator.&lt;init&gt;(Calculator.java:6)
	at io.michaelcane.Commands.&lt;init&gt;(Commands.java:5)
	at io.michaelcane.Calculator.&lt;init&gt;(Calculator.java:6)
	at io.michaelcane.Commands.&lt;init&gt;(Commands.java:5)
	at io.michaelcane.Calculator.&lt;init&gt;(Calculator.java:6)
	at io.michaelcane.Commands.&lt;init&gt;(Commands.java:5)
	at io.michaelcane.Calculator.&lt;init&gt;(Calculator.java:6)
	at io.michaelcane.Commands.&lt;init&gt;(Commands.java:5)
	at io.michaelcane.Calculator.&lt;init&gt;(Calculator.java:6)
	at io.michaelcane.Commands.&lt;init&gt;(Commands.java:5)
	at io.michaelcane.Calculator.&lt;init&gt;(Calculator.java:6)
	at io.michaelcane.Commands.&lt;init&gt;(Commands.java:5)
	at io.michaelcane.Calculator.&lt;init&gt;(Calculator.java:6)
	at io.michaelcane.Commands.&lt;init&gt;(Commands.java:5)
	at io.michaelcane.Calculator.&lt;init&gt;(Calculator.java:6)
	at io.michaelcane.Commands.&lt;init&gt;(Commands.java:5)
	at io.michaelcane.Calculator.&lt;init&gt;(Calculator.java:6)
	at io.michaelcane.Commands.&lt;init&gt;(Commands.java:5)
	at io.michaelcane.Calculator.&lt;init&gt;(Calculator.java:6)
	at io.michaelcane.Commands.&lt;init&gt;(Commands.java:5)
	at io.michaelcane.Calculator.&lt;init&gt;(Calculator.java:6)
	at io.michaelcane.Commands.&lt;init&gt;(Commands.java:5)
	at io.michaelcane.Calculator.&lt;init&gt;(Calculator.java:6)
	at io.michaelcane.Commands.&lt;init&gt;(Commands.java:5)
	at io.michaelcane.Calculator.&lt;init&gt;(Calculator.java:6)
	at io.michaelcane.Commands.&lt;init&gt;(Commands.java:5)
	at io.michaelcane.Calculator.&lt;init&gt;(Calculator.java:6)
	at io.michaelcane.Commands.&lt;init&gt;(Commands.java:5)
	at io.michaelcane.Calculator.&lt;init&gt;(Calculator.java:6)
	at io.michaelcane.Commands.&lt;init&gt;(Commands.java:5)
	at io.michaelcane.Calculator.&lt;init&gt;(Calculator.java:6)
	at io.michaelcane.Commands.&lt;init&gt;(Commands.java:5)
	at io.michaelcane.Calculator.&lt;init&gt;(Calculator.java:6)
	at io.michaelcane.Commands.&lt;init&gt;(Commands.java:5)
	at io.michaelcane.Calculator.&lt;init&gt;(Calculator.java:6)
	at io.michaelcane.Commands.&lt;init&gt;(Commands.java:5)
	at io.michaelcane.Calculator.&lt;init&gt;(Calculator.java:6)
	at io.michaelcane.Commands.&lt;init&gt;(Commands.java:5)
	at io.michaelcane.Calculator.&lt;init&gt;(Calculator.java:6)
	at io.michaelcane.Commands.&lt;init&gt;(Commands.java:5)
	at io.michaelcane.Calculator.&lt;init&gt;(Calculator.java:6)
	at io.michaelcane.Commands.&lt;init&gt;(Commands.java:5)
	at io.michaelcane.Calculator.&lt;init&gt;(Calculator.java:6)
	at io.michaelcane.Commands.&lt;init&gt;(Commands.java:5)
	at io.michaelcane.Calculator.&lt;init&gt;(Calculator.java:6)
	at io.michaelcane.Commands.&lt;init&gt;(Commands.java:5)
	at io.michaelcane.Calculator.&lt;init&gt;(Calculator.java:6)
	at io.michaelcane.Commands.&lt;init&gt;(Commands.java:5)
	at io.michaelcane.Calculator.&lt;init&gt;(Calculator.java:6)
	at io.michaelcane.Commands.&lt;init&gt;(Commands.java:5)
	at io.michaelcane.Calculator.&lt;init&gt;(Calculator.java:6)
	at io.michaelcane.Commands.&lt;init&gt;(Commands.java:5)
	at io.michaelcane.Calculator.&lt;init&gt;(Calculator.java:6)
	at io.michaelcane.Commands.&lt;init&gt;(Commands.java:5)
	at io.michaelcane.Calculator.&lt;init&gt;(Calculator.java:6)
	at io.michaelcane.Commands.&lt;init&gt;(Commands.java:5)
	at io.michaelcane.Calculator.&lt;init&gt;(Calculator.java:6)
	at io.michaelcane.Commands.&lt;init&gt;(Commands.java:5)
	at io.michaelcane.Calculator.&lt;init&gt;(Calculator.java:6)
	at io.michaelcane.Commands.&lt;init&gt;(Commands.java:5)
	at io.michaelcane.Calculator.&lt;init&gt;(Calculator.java:6)
	at io.michaelcane.Commands.&lt;init&gt;(Commands.java:5)
	at io.michaelcane.Calculator.&lt;init&gt;(Calculator.java:6)
	at io.michaelcane.Commands.&lt;init&gt;(Commands.java:5)
	at io.michaelcane.Calculator.&lt;init&gt;(Calculator.java:6)
	at io.michaelcane.Commands.&lt;init&gt;(Commands.java:5)
	at io.michaelcane.Calculator.&lt;init&gt;(Calculator.java:6)
	at io.michaelcane.Commands.&lt;init&gt;(Commands.java:5)
	at io.michaelcane.Calculator.&lt;init&gt;(Calculator.java:6)
	at io.michaelcane.Commands.&lt;init&gt;(Commands.java:5)
	at io.michaelcane.Calculator.&lt;init&gt;(Calculator.java:6)
	at io.michaelcane.Commands.&lt;init&gt;(Commands.java:5)
	at io.michaelcane.Calculator.&lt;init&gt;(Calculator.java:6)
	at io.michaelcane.Commands.&lt;init&gt;(Commands.java:5)
	at io.michaelcane.Calculator.&lt;init&gt;(Calculator.java:6)
	at io.michaelcane.Commands.&lt;init&gt;(Commands.java:5)
	at io.michaelcane.Calculator.&lt;init&gt;(Calculator.java:6)
	at io.michaelcane.Commands.&lt;init&gt;(Commands.java:5)
	at io.michaelcane.Calculator.&lt;init&gt;(Calculator.java:6)
	at io.michaelcane.Commands.&lt;init&gt;(Commands.java:5)
	at io.michaelcane.Calculator.&lt;init&gt;(Calculator.java:6)
	at io.michaelcane.Commands.&lt;init&gt;(Commands.java:5)
	at io.michaelcane.Calculator.&lt;init&gt;(Calculator.java:6)
	at io.michaelcane.Commands.&lt;init&gt;(Commands.java:5)
	at io.michaelcane.Calculator.&lt;init&gt;(Calculator.java:6)
	at io.michaelcane.Commands.&lt;init&gt;(Commands.java:5)
	at io.michaelcane.Calculator.&lt;init&gt;(Calculator.java:6)
	at io.michaelcane.Commands.&lt;init&gt;(Commands.java:5)
	at io.michaelcane.Calculator.&lt;init&gt;(Calculator.java:6)
	at io.michaelcane.Commands.&lt;init&gt;(Commands.java:5)
	at io.michaelcane.Calculator.&lt;init&gt;(Calculator.java:6)
	at io.michaelcane.Commands.&lt;init&gt;(Commands.java:5)
	at io.michaelcane.Calculator.&lt;init&gt;(Calculator.java:6)
	at io.michaelcane.Commands.&lt;init&gt;(Commands.java:5)
	at io.michaelcane.Calculator.&lt;init&gt;(Calculator.java:6)
	at io.michaelcane.Commands.&lt;init&gt;(Commands.java:5)
	at io.michaelcane.Calculator.&lt;init&gt;(Calculator.java:6)
	at io.michaelcane.Commands.&lt;init&gt;(Commands.java:5)
	at io.michaelcane.Calculator.&lt;init&gt;(Calculator.java:6)
	at io.michaelcane.Commands.&lt;init&gt;(Commands.java:5)
	at io.michaelcane.Calculator.&lt;init&gt;(Calculator.java:6)
	at io.michaelcane.Commands.&lt;init&gt;(Commands.java:5)
	at io.michaelcane.Calculator.&lt;init&gt;(Calculator.java:6)
	at io.michaelcane.Commands.&lt;init&gt;(Commands.java:5)
	at io.michaelcane.Calculator.&lt;init&gt;(Calculator.java:6)
	at io.michaelcane.Commands.&lt;init&gt;(Commands.java:5)
	at io.michaelcane.Calculator.&lt;init&gt;(Calculator.java:6)
	at io.michaelcane.Commands.&lt;init&gt;(Commands.java:5)
	at io.michaelcane.Calculator.&lt;init&gt;(Calculator.java:6)
	at io.michaelcane.Commands.&lt;init&gt;(Commands.java:5)
	at io.michaelcane.Calculator.&lt;init&gt;(Calculator.java:6)
	at io.michaelcane.Commands.&lt;init&gt;(Commands.java:5)
	at io.michaelcane.Calculator.&lt;init&gt;(Calculator.java:6)
	at io.michaelcane.Commands.&lt;init&gt;(Commands.java:5)
	at io.michaelcane.Calculator.&lt;init&gt;(Calculator.java:6)
	at io.michaelcane.Commands.&lt;init&gt;(Commands.java:5)
</error>
  </testcase>
  <testcase classname="io.michaelcane.CalculatorSpec" name="test$tangent" time="0.01">
    <error type="java.lang.StackOverflowError">java.lang.StackOverflowError
	at io.michaelcane.Calculator.&lt;init&gt;(Calculator.java:6)
	at io.michaelcane.Commands.&lt;init&gt;(Commands.java:5)
	at io.michaelcane.Calculator.&lt;init&gt;(Calculator.java:6)
	at io.michaelcane.Commands.&lt;init&gt;(Commands.java:5)
	at io.michaelcane.Calculator.&lt;init&gt;(Calculator.java:6)
	at io.michaelcane.Commands.&lt;init&gt;(Commands.java:5)
	at io.michaelcane.Calculator.&lt;init&gt;(Calculator.java:6)
	at io.michaelcane.Commands.&lt;init&gt;(Commands.java:5)
	at io.michaelcane.Calculator.&lt;init&gt;(Calculator.java:6)
	at io.michaelcane.Commands.&lt;init&gt;(Commands.java:5)
	at io.michaelcane.Calculator.&lt;init&gt;(Calculator.java:6)
	at io.michaelcane.Commands.&lt;init&gt;(Commands.java:5)
	at io.michaelcane.Calculator.&lt;init&gt;(Calculator.java:6)
	at io.michaelcane.Commands.&lt;init&gt;(Commands.java:5)
	at io.michaelcane.Calculator.&lt;init&gt;(Calculator.java:6)
	at io.michaelcane.Commands.&lt;init&gt;(Commands.java:5)
	at io.michaelcane.Calculator.&lt;init&gt;(Calculator.java:6)
	at io.michaelcane.Commands.&lt;init&gt;(Commands.java:5)
	at io.michaelcane.Calculator.&lt;init&gt;(Calculator.java:6)
	at io.michaelcane.Commands.&lt;init&gt;(Commands.java:5)
	at io.michaelcane.Calculator.&lt;init&gt;(Calculator.java:6)
	at io.michaelcane.Commands.&lt;init&gt;(Commands.java:5)
	at io.michaelcane.Calculator.&lt;init&gt;(Calculator.java:6)
	at io.michaelcane.Commands.&lt;init&gt;(Commands.java:5)
	at io.michaelcane.Calculator.&lt;init&gt;(Calculator.java:6)
	at io.michaelcane.Commands.&lt;init&gt;(Commands.java:5)
	at io.michaelcane.Calculator.&lt;init&gt;(Calculator.java:6)
	at io.michaelcane.Commands.&lt;init&gt;(Commands.java:5)
	at io.michaelcane.Calculator.&lt;init&gt;(Calculator.java:6)
	at io.michaelcane.Commands.&lt;init&gt;(Commands.java:5)
	at io.michaelcane.Calculator.&lt;init&gt;(Calculator.java:6)
	at io.michaelcane.Commands.&lt;init&gt;(Commands.java:5)
	at io.michaelcane.Calculator.&lt;init&gt;(Calculator.java:6)
	at io.michaelcane.Commands.&lt;init&gt;(Commands.java:5)
	at io.michaelcane.Calculator.&lt;init&gt;(Calculator.java:6)
	at io.michaelcane.Commands.&lt;init&gt;(Commands.java:5)
	at io.michaelcane.Calculator.&lt;init&gt;(Calculator.java:6)
	at io.michaelcane.Commands.&lt;init&gt;(Commands.java:5)
	at io.michaelcane.Calculator.&lt;init&gt;(Calculator.java:6)
	at io.michaelcane.Commands.&lt;init&gt;(Commands.java:5)
	at io.michaelcane.Calculator.&lt;init&gt;(Calculator.java:6)
	at io.michaelcane.Commands.&lt;init&gt;(Commands.java:5)
	at io.michaelcane.Calculator.&lt;init&gt;(Calculator.java:6)
	at io.michaelcane.Commands.&lt;init&gt;(Commands.java:5)
	at io.michaelcane.Calculator.&lt;init&gt;(Calculator.java:6)
	at io.michaelcane.Commands.&lt;init&gt;(Commands.java:5)
	at io.michaelcane.Calculator.&lt;init&gt;(Calculator.java:6)
	at io.michaelcane.Commands.&lt;init&gt;(Commands.java:5)
	at io.michaelcane.Calculator.&lt;init&gt;(Calculator.java:6)
	at io.michaelcane.Commands.&lt;init&gt;(Commands.java:5)
	at io.michaelcane.Calculator.&lt;init&gt;(Calculator.java:6)
	at io.michaelcane.Commands.&lt;init&gt;(Commands.java:5)
	at io.michaelcane.Calculator.&lt;init&gt;(Calculator.java:6)
	at io.michaelcane.Commands.&lt;init&gt;(Commands.java:5)
	at io.michaelcane.Calculator.&lt;init&gt;(Calculator.java:6)
	at io.michaelcane.Commands.&lt;init&gt;(Commands.java:5)
	at io.michaelcane.Calculator.&lt;init&gt;(Calculator.java:6)
	at io.michaelcane.Commands.&lt;init&gt;(Commands.java:5)
	at io.michaelcane.Calculator.&lt;init&gt;(Calculator.java:6)
	at io.michaelcane.Commands.&lt;init&gt;(Commands.java:5)
	at io.michaelcane.Calculator.&lt;init&gt;(Calculator.java:6)
	at io.michaelcane.Commands.&lt;init&gt;(Commands.java:5)
	at io.michaelcane.Calculator.&lt;init&gt;(Calculator.java:6)
	at io.michaelcane.Commands.&lt;init&gt;(Commands.java:5)
	at io.michaelcane.Calculator.&lt;init&gt;(Calculator.java:6)
	at io.michaelcane.Commands.&lt;init&gt;(Commands.java:5)
	at io.michaelcane.Calculator.&lt;init&gt;(Calculator.java:6)
	at io.michaelcane.Commands.&lt;init&gt;(Commands.java:5)
	at io.michaelcane.Calculator.&lt;init&gt;(Calculator.java:6)
	at io.michaelcane.Commands.&lt;init&gt;(Commands.java:5)
	at io.michaelcane.Calculator.&lt;init&gt;(Calculator.java:6)
	at io.michaelcane.Commands.&lt;init&gt;(Commands.java:5)
	at io.michaelcane.Calculator.&lt;init&gt;(Calculator.java:6)
	at io.michaelcane.Commands.&lt;init&gt;(Commands.java:5)
	at io.michaelcane.Calculator.&lt;init&gt;(Calculator.java:6)
	at io.michaelcane.Commands.&lt;init&gt;(Commands.java:5)
	at io.michaelcane.Calculator.&lt;init&gt;(Calculator.java:6)
	at io.michaelcane.Commands.&lt;init&gt;(Commands.java:5)
	at io.michaelcane.Calculator.&lt;init&gt;(Calculator.java:6)
	at io.michaelcane.Commands.&lt;init&gt;(Commands.java:5)
	at io.michaelcane.Calculator.&lt;init&gt;(Calculator.java:6)
	at io.michaelcane.Commands.&lt;init&gt;(Commands.java:5)
	at io.michaelcane.Calculator.&lt;init&gt;(Calculator.java:6)
	at io.michaelcane.Commands.&lt;init&gt;(Commands.java:5)
	at io.michaelcane.Calculator.&lt;init&gt;(Calculator.java:6)
	at io.michaelcane.Commands.&lt;init&gt;(Commands.java:5)
	at io.michaelcane.Calculator.&lt;init&gt;(Calculator.java:6)
	at io.michaelcane.Commands.&lt;init&gt;(Commands.java:5)
	at io.michaelcane.Calculator.&lt;init&gt;(Calculator.java:6)
	at io.michaelcane.Commands.&lt;init&gt;(Commands.java:5)
	at io.michaelcane.Calculator.&lt;init&gt;(Calculator.java:6)
	at io.michaelcane.Commands.&lt;init&gt;(Commands.java:5)
	at io.michaelcane.Calculator.&lt;init&gt;(Calculator.java:6)
	at io.michaelcane.Commands.&lt;init&gt;(Commands.java:5)
	at io.michaelcane.Calculator.&lt;init&gt;(Calculator.java:6)
	at io.michaelcane.Commands.&lt;init&gt;(Commands.java:5)
	at io.michaelcane.Calculator.&lt;init&gt;(Calculator.java:6)
	at io.michaelcane.Commands.&lt;init&gt;(Commands.java:5)
	at io.michaelcane.Calculator.&lt;init&gt;(Calculator.java:6)
	at io.michaelcane.Commands.&lt;init&gt;(Commands.java:5)
	at io.michaelcane.Calculator.&lt;init&gt;(Calculator.java:6)
	at io.michaelcane.Commands.&lt;init&gt;(Commands.java:5)
	at io.michaelcane.Calculator.&lt;init&gt;(Calculator.java:6)
	at io.michaelcane.Commands.&lt;init&gt;(Commands.java:5)
	at io.michaelcane.Calculator.&lt;init&gt;(Calculator.java:6)
	at io.michaelcane.Commands.&lt;init&gt;(Commands.java:5)
	at io.michaelcane.Calculator.&lt;init&gt;(Calculator.java:6)
	at io.michaelcane.Commands.&lt;init&gt;(Commands.java:5)
	at io.michaelcane.Calculator.&lt;init&gt;(Calculator.java:6)
	at io.michaelcane.Commands.&lt;init&gt;(Commands.java:5)
	at io.michaelcane.Calculator.&lt;init&gt;(Calculator.java:6)
	at io.michaelcane.Commands.&lt;init&gt;(Commands.java:5)
	at io.michaelcane.Calculator.&lt;init&gt;(Calculator.java:6)
	at io.michaelcane.Commands.&lt;init&gt;(Commands.java:5)
	at io.michaelcane.Calculator.&lt;init&gt;(Calculator.java:6)
	at io.michaelcane.Commands.&lt;init&gt;(Commands.java:5)
	at io.michaelcane.Calculator.&lt;init&gt;(Calculator.java:6)
	at io.michaelcane.Commands.&lt;init&gt;(Commands.java:5)
	at io.michaelcane.Calculator.&lt;init&gt;(Calculator.java:6)
	at io.michaelcane.Commands.&lt;init&gt;(Commands.java:5)
	at io.michaelcane.Calculator.&lt;init&gt;(Calculator.java:6)
	at io.michaelcane.Commands.&lt;init&gt;(Commands.java:5)
	at io.michaelcane.Calculator.&lt;init&gt;(Calculator.java:6)
	at io.michaelcane.Commands.&lt;init&gt;(Commands.java:5)
	at io.michaelcane.Calculator.&lt;init&gt;(Calculator.java:6)
	at io.michaelcane.Commands.&lt;init&gt;(Commands.java:5)
	at io.michaelcane.Calculator.&lt;init&gt;(Calculator.java:6)
	at io.michaelcane.Commands.&lt;init&gt;(Commands.java:5)
	at io.michaelcane.Calculator.&lt;init&gt;(Calculator.java:6)
	at io.michaelcane.Commands.&lt;init&gt;(Commands.java:5)
	at io.michaelcane.Calculator.&lt;init&gt;(Calculator.java:6)
	at io.michaelcane.Commands.&lt;init&gt;(Commands.java:5)
	at io.michaelcane.Calculator.&lt;init&gt;(Calculator.java:6)
	at io.michaelcane.Commands.&lt;init&gt;(Commands.java:5)
	at io.michaelcane.Calculator.&lt;init&gt;(Calculator.java:6)
	at io.michaelcane.Commands.&lt;init&gt;(Commands.java:5)
	at io.michaelcane.Calculator.&lt;init&gt;(Calculator.java:6)
	at io.michaelcane.Commands.&lt;init&gt;(Commands.java:5)
	at io.michaelcane.Calculator.&lt;init&gt;(Calculator.java:6)
	at io.michaelcane.Commands.&lt;init&gt;(Commands.java:5)
	at io.michaelcane.Calculator.&lt;init&gt;(Calculator.java:6)
	at io.michaelcane.Commands.&lt;init&gt;(Commands.java:5)
	at io.michaelcane.Calculator.&lt;init&gt;(Calculator.java:6)
	at io.michaelcane.Commands.&lt;init&gt;(Commands.java:5)
	at io.michaelcane.Calculator.&lt;init&gt;(Calculator.java:6)
	at io.michaelcane.Commands.&lt;init&gt;(Commands.java:5)
	at io.michaelcane.Calculator.&lt;init&gt;(Calculator.java:6)
	at io.michaelcane.Commands.&lt;init&gt;(Commands.java:5)
	at io.michaelcane.Calculator.&lt;init&gt;(Calculator.java:6)
	at io.michaelcane.Commands.&lt;init&gt;(Commands.java:5)
	at io.michaelcane.Calculator.&lt;init&gt;(Calculator.java:6)
	at io.michaelcane.Commands.&lt;init&gt;(Commands.java:5)
	at io.michaelcane.Calculator.&lt;init&gt;(Calculator.java:6)
	at io.michaelcane.Commands.&lt;init&gt;(Commands.java:5)
	at io.michaelcane.Calculator.&lt;init&gt;(Calculator.java:6)
	at io.michaelcane.Commands.&lt;init&gt;(Commands.java:5)
	at io.michaelcane.Calculator.&lt;init&gt;(Calculator.java:6)
	at io.michaelcane.Commands.&lt;init&gt;(Commands.java:5)
	at io.michaelcane.Calculator.&lt;init&gt;(Calculator.java:6)
	at io.michaelcane.Commands.&lt;init&gt;(Commands.java:5)
	at io.michaelcane.Calculator.&lt;init&gt;(Calculator.java:6)
	at io.michaelcane.Commands.&lt;init&gt;(Commands.java:5)
	at io.michaelcane.Calculator.&lt;init&gt;(Calculator.java:6)
	at io.michaelcane.Commands.&lt;init&gt;(Commands.java:5)
	at io.michaelcane.Calculator.&lt;init&gt;(Calculator.java:6)
	at io.michaelcane.Commands.&lt;init&gt;(Commands.java:5)
	at io.michaelcane.Calculator.&lt;init&gt;(Calculator.java:6)
	at io.michaelcane.Commands.&lt;init&gt;(Commands.java:5)
	at io.michaelcane.Calculator.&lt;init&gt;(Calculator.java:6)
	at io.michaelcane.Commands.&lt;init&gt;(Commands.java:5)
	at io.michaelcane.Calculator.&lt;init&gt;(Calculator.java:6)
	at io.michaelcane.Commands.&lt;init&gt;(Commands.java:5)
	at io.michaelcane.Calculator.&lt;init&gt;(Calculator.java:6)
	at io.michaelcane.Commands.&lt;init&gt;(Commands.java:5)
	at io.michaelcane.Calculator.&lt;init&gt;(Calculator.java:6)
	at io.michaelcane.Commands.&lt;init&gt;(Commands.java:5)
	at io.michaelcane.Calculator.&lt;init&gt;(Calculator.java:6)
	at io.michaelcane.Commands.&lt;init&gt;(Commands.java:5)
	at io.michaelcane.Calculator.&lt;init&gt;(Calculator.java:6)
	at io.michaelcane.Commands.&lt;init&gt;(Commands.java:5)
	at io.michaelcane.Calculator.&lt;init&gt;(Calculator.java:6)
	at io.michaelcane.Commands.&lt;init&gt;(Commands.java:5)
	at io.michaelcane.Calculator.&lt;init&gt;(Calculator.java:6)
	at io.michaelcane.Commands.&lt;init&gt;(Commands.java:5)
	at io.michaelcane.Calculator.&lt;init&gt;(Calculator.java:6)
	at io.michaelcane.Commands.&lt;init&gt;(Commands.java:5)
	at io.michaelcane.Calculator.&lt;init&gt;(Calculator.java:6)
	at io.michaelcane.Commands.&lt;init&gt;(Commands.java:5)
	at io.michaelcane.Calculator.&lt;init&gt;(Calculator.java:6)
	at io.michaelcane.Commands.&lt;init&gt;(Commands.java:5)
	at io.michaelcane.Calculator.&lt;init&gt;(Calculator.java:6)
	at io.michaelcane.Commands.&lt;init&gt;(Commands.java:5)
	at io.michaelcane.Calculator.&lt;init&gt;(Calculator.java:6)
	at io.michaelcane.Commands.&lt;init&gt;(Commands.java:5)
	at io.michaelcane.Calculator.&lt;init&gt;(Calculator.java:6)
	at io.michaelcane.Commands.&lt;init&gt;(Commands.java:5)
	at io.michaelcane.Calculator.&lt;init&gt;(Calculator.java:6)
	at io.michaelcane.Commands.&lt;init&gt;(Commands.java:5)
	at io.michaelcane.Calculator.&lt;init&gt;(Calculator.java:6)
	at io.michaelcane.Commands.&lt;init&gt;(Commands.java:5)
	at io.michaelcane.Calculator.&lt;init&gt;(Calculator.java:6)
	at io.michaelcane.Commands.&lt;init&gt;(Commands.java:5)
	at io.michaelcane.Calculator.&lt;init&gt;(Calculator.java:6)
	at io.michaelcane.Commands.&lt;init&gt;(Commands.java:5)
	at io.michaelcane.Calculator.&lt;init&gt;(Calculator.java:6)
	at io.michaelcane.Commands.&lt;init&gt;(Commands.java:5)
	at io.michaelcane.Calculator.&lt;init&gt;(Calculator.java:6)
	at io.michaelcane.Commands.&lt;init&gt;(Commands.java:5)
	at io.michaelcane.Calculator.&lt;init&gt;(Calculator.java:6)
	at io.michaelcane.Commands.&lt;init&gt;(Commands.java:5)
	at io.michaelcane.Calculator.&lt;init&gt;(Calculator.java:6)
	at io.michaelcane.Commands.&lt;init&gt;(Commands.java:5)
	at io.michaelcane.Calculator.&lt;init&gt;(Calculator.java:6)
	at io.michaelcane.Commands.&lt;init&gt;(Commands.java:5)
	at io.michaelcane.Calculator.&lt;init&gt;(Calculator.java:6)
	at io.michaelcane.Commands.&lt;init&gt;(Commands.java:5)
	at io.michaelcane.Calculator.&lt;init&gt;(Calculator.java:6)
	at io.michaelcane.Commands.&lt;init&gt;(Commands.java:5)
	at io.michaelcane.Calculator.&lt;init&gt;(Calculator.java:6)
	at io.michaelcane.Commands.&lt;init&gt;(Commands.java:5)
	at io.michaelcane.Calculator.&lt;init&gt;(Calculator.java:6)
	at io.michaelcane.Commands.&lt;init&gt;(Commands.java:5)
	at io.michaelcane.Calculator.&lt;init&gt;(Calculator.java:6)
	at io.michaelcane.Commands.&lt;init&gt;(Commands.java:5)
	at io.michaelcane.Calculator.&lt;init&gt;(Calculator.java:6)
	at io.michaelcane.Commands.&lt;init&gt;(Commands.java:5)
	at io.michaelcane.Calculator.&lt;init&gt;(Calculator.java:6)
	at io.michaelcane.Commands.&lt;init&gt;(Commands.java:5)
	at io.michaelcane.Calculator.&lt;init&gt;(Calculator.java:6)
	at io.michaelcane.Commands.&lt;init&gt;(Commands.java:5)
	at io.michaelcane.Calculator.&lt;init&gt;(Calculator.java:6)
	at io.michaelcane.Commands.&lt;init&gt;(Commands.java:5)
	at io.michaelcane.Calculator.&lt;init&gt;(Calculator.java:6)
	at io.michaelcane.Commands.&lt;init&gt;(Commands.java:5)
	at io.michaelcane.Calculator.&lt;init&gt;(Calculator.java:6)
	at io.michaelcane.Commands.&lt;init&gt;(Commands.java:5)
	at io.michaelcane.Calculator.&lt;init&gt;(Calculator.java:6)
	at io.michaelcane.Commands.&lt;init&gt;(Commands.java:5)
	at io.michaelcane.Calculator.&lt;init&gt;(Calculator.java:6)
	at io.michaelcane.Commands.&lt;init&gt;(Commands.java:5)
	at io.michaelcane.Calculator.&lt;init&gt;(Calculator.java:6)
	at io.michaelcane.Commands.&lt;init&gt;(Commands.java:5)
	at io.michaelcane.Calculator.&lt;init&gt;(Calculator.java:6)
	at io.michaelcane.Commands.&lt;init&gt;(Commands.java:5)
	at io.michaelcane.Calculator.&lt;init&gt;(Calculator.java:6)
	at io.michaelcane.Commands.&lt;init&gt;(Commands.java:5)
	at io.michaelcane.Calculator.&lt;init&gt;(Calculator.java:6)
	at io.michaelcane.Commands.&lt;init&gt;(Commands.java:5)
	at io.michaelcane.Calculator.&lt;init&gt;(Calculator.java:6)
	at io.michaelcane.Commands.&lt;init&gt;(Commands.java:5)
	at io.michaelcane.Calculator.&lt;init&gt;(Calculator.java:6)
	at io.michaelcane.Commands.&lt;init&gt;(Commands.java:5)
	at io.michaelcane.Calculator.&lt;init&gt;(Calculator.java:6)
	at io.michaelcane.Commands.&lt;init&gt;(Commands.java:5)
	at io.michaelcane.Calculator.&lt;init&gt;(Calculator.java:6)
	at io.michaelcane.Commands.&lt;init&gt;(Commands.java:5)
	at io.michaelcane.Calculator.&lt;init&gt;(Calculator.java:6)
	at io.michaelcane.Commands.&lt;init&gt;(Commands.java:5)
	at io.michaelcane.Calculator.&lt;init&gt;(Calculator.java:6)
	at io.michaelcane.Commands.&lt;init&gt;(Commands.java:5)
	at io.michaelcane.Calculator.&lt;init&gt;(Calculator.java:6)
	at io.michaelcane.Commands.&lt;init&gt;(Commands.java:5)
	at io.michaelcane.Calculator.&lt;init&gt;(Calculator.java:6)
	at io.michaelcane.Commands.&lt;init&gt;(Commands.java:5)
	at io.michaelcane.Calculator.&lt;init&gt;(Calculator.java:6)
	at io.michaelcane.Commands.&lt;init&gt;(Commands.java:5)
	at io.michaelcane.Calculator.&lt;init&gt;(Calculator.java:6)
	at io.michaelcane.Commands.&lt;init&gt;(Commands.java:5)
	at io.michaelcane.Calculator.&lt;init&gt;(Calculator.java:6)
	at io.michaelcane.Commands.&lt;init&gt;(Commands.java:5)
	at io.michaelcane.Calculator.&lt;init&gt;(Calculator.java:6)
	at io.michaelcane.Commands.&lt;init&gt;(Commands.java:5)
	at io.michaelcane.Calculator.&lt;init&gt;(Calculator.java:6)
	at io.michaelcane.Commands.&lt;init&gt;(Commands.java:5)
	at io.michaelcane.Calculator.&lt;init&gt;(Calculator.java:6)
	at io.michaelcane.Commands.&lt;init&gt;(Commands.java:5)
	at io.michaelcane.Calculator.&lt;init&gt;(Calculator.java:6)
	at io.michaelcane.Commands.&lt;init&gt;(Commands.java:5)
	at io.michaelcane.Calculator.&lt;init&gt;(Calculator.java:6)
	at io.michaelcane.Commands.&lt;init&gt;(Commands.java:5)
	at io.michaelcane.Calculator.&lt;init&gt;(Calculator.java:6)
	at io.michaelcane.Commands.&lt;init&gt;(Commands.java:5)
	at io.michaelcane.Calculator.&lt;init&gt;(Calculator.java:6)
	at io.michaelcane.Commands.&lt;init&gt;(Commands.java:5)
	at io.michaelcane.Calculator.&lt;init&gt;(Calculator.java:6)
	at io.michaelcane.Commands.&lt;init&gt;(Commands.java:5)
	at io.michaelcane.Calculator.&lt;init&gt;(Calculator.java:6)
	at io.michaelcane.Commands.&lt;init&gt;(Commands.java:5)
	at io.michaelcane.Calculator.&lt;init&gt;(Calculator.java:6)
	at io.michaelcane.Commands.&lt;init&gt;(Commands.java:5)
	at io.michaelcane.Calculator.&lt;init&gt;(Calculator.java:6)
	at io.michaelcane.Commands.&lt;init&gt;(Commands.java:5)
	at io.michaelcane.Calculator.&lt;init&gt;(Calculator.java:6)
	at io.michaelcane.Commands.&lt;init&gt;(Commands.java:5)
	at io.michaelcane.Calculator.&lt;init&gt;(Calculator.java:6)
	at io.michaelcane.Commands.&lt;init&gt;(Commands.java:5)
	at io.michaelcane.Calculator.&lt;init&gt;(Calculator.java:6)
	at io.michaelcane.Commands.&lt;init&gt;(Commands.java:5)
	at io.michaelcane.Calculator.&lt;init&gt;(Calculator.java:6)
	at io.michaelcane.Commands.&lt;init&gt;(Commands.java:5)
	at io.michaelcane.Calculator.&lt;init&gt;(Calculator.java:6)
	at io.michaelcane.Commands.&lt;init&gt;(Commands.java:5)
	at io.michaelcane.Calculator.&lt;init&gt;(Calculator.java:6)
	at io.michaelcane.Commands.&lt;init&gt;(Commands.java:5)
	at io.michaelcane.Calculator.&lt;init&gt;(Calculator.java:6)
	at io.michaelcane.Commands.&lt;init&gt;(Commands.java:5)
	at io.michaelcane.Calculator.&lt;init&gt;(Calculator.java:6)
	at io.michaelcane.Commands.&lt;init&gt;(Commands.java:5)
	at io.michaelcane.Calculator.&lt;init&gt;(Calculator.java:6)
	at io.michaelcane.Commands.&lt;init&gt;(Commands.java:5)
	at io.michaelcane.Calculator.&lt;init&gt;(Calculator.java:6)
	at io.michaelcane.Commands.&lt;init&gt;(Commands.java:5)
	at io.michaelcane.Calculator.&lt;init&gt;(Calculator.java:6)
	at io.michaelcane.Commands.&lt;init&gt;(Commands.java:5)
	at io.michaelcane.Calculator.&lt;init&gt;(Calculator.java:6)
	at io.michaelcane.Commands.&lt;init&gt;(Commands.java:5)
	at io.michaelcane.Calculator.&lt;init&gt;(Calculator.java:6)
	at io.michaelcane.Commands.&lt;init&gt;(Commands.java:5)
	at io.michaelcane.Calculator.&lt;init&gt;(Calculator.java:6)
	at io.michaelcane.Commands.&lt;init&gt;(Commands.java:5)
	at io.michaelcane.Calculator.&lt;init&gt;(Calculator.java:6)
	at io.michaelcane.Commands.&lt;init&gt;(Commands.java:5)
	at io.michaelcane.Calculator.&lt;init&gt;(Calculator.java:6)
	at io.michaelcane.Commands.&lt;init&gt;(Commands.java:5)
	at io.michaelcane.Calculator.&lt;init&gt;(Calculator.java:6)
	at io.michaelcane.Commands.&lt;init&gt;(Commands.java:5)
	at io.michaelcane.Calculator.&lt;init&gt;(Calculator.java:6)
	at io.michaelcane.Commands.&lt;init&gt;(Commands.java:5)
	at io.michaelcane.Calculator.&lt;init&gt;(Calculator.java:6)
	at io.michaelcane.Commands.&lt;init&gt;(Commands.java:5)
	at io.michaelcane.Calculator.&lt;init&gt;(Calculator.java:6)
	at io.michaelcane.Commands.&lt;init&gt;(Commands.java:5)
	at io.michaelcane.Calculator.&lt;init&gt;(Calculator.java:6)
	at io.michaelcane.Commands.&lt;init&gt;(Commands.java:5)
	at io.michaelcane.Calculator.&lt;init&gt;(Calculator.java:6)
	at io.michaelcane.Commands.&lt;init&gt;(Commands.java:5)
	at io.michaelcane.Calculator.&lt;init&gt;(Calculator.java:6)
	at io.michaelcane.Commands.&lt;init&gt;(Commands.java:5)
	at io.michaelcane.Calculator.&lt;init&gt;(Calculator.java:6)
	at io.michaelcane.Commands.&lt;init&gt;(Commands.java:5)
	at io.michaelcane.Calculator.&lt;init&gt;(Calculator.java:6)
	at io.michaelcane.Commands.&lt;init&gt;(Commands.java:5)
	at io.michaelcane.Calculator.&lt;init&gt;(Calculator.java:6)
	at io.michaelcane.Commands.&lt;init&gt;(Commands.java:5)
	at io.michaelcane.Calculator.&lt;init&gt;(Calculator.java:6)
	at io.michaelcane.Commands.&lt;init&gt;(Commands.java:5)
	at io.michaelcane.Calculator.&lt;init&gt;(Calculator.java:6)
	at io.michaelcane.Commands.&lt;init&gt;(Commands.java:5)
	at io.michaelcane.Calculator.&lt;init&gt;(Calculator.java:6)
	at io.michaelcane.Commands.&lt;init&gt;(Commands.java:5)
	at io.michaelcane.Calculator.&lt;init&gt;(Calculator.java:6)
	at io.michaelcane.Commands.&lt;init&gt;(Commands.java:5)
	at io.michaelcane.Calculator.&lt;init&gt;(Calculator.java:6)
	at io.michaelcane.Commands.&lt;init&gt;(Commands.java:5)
	at io.michaelcane.Calculator.&lt;init&gt;(Calculator.java:6)
	at io.michaelcane.Commands.&lt;init&gt;(Commands.java:5)
	at io.michaelcane.Calculator.&lt;init&gt;(Calculator.java:6)
	at io.michaelcane.Commands.&lt;init&gt;(Commands.java:5)
	at io.michaelcane.Calculator.&lt;init&gt;(Calculator.java:6)
	at io.michaelcane.Commands.&lt;init&gt;(Commands.java:5)
	at io.michaelcane.Calculator.&lt;init&gt;(Calculator.java:6)
	at io.michaelcane.Commands.&lt;init&gt;(Commands.java:5)
	at io.michaelcane.Calculator.&lt;init&gt;(Calculator.java:6)
	at io.michaelcane.Commands.&lt;init&gt;(Commands.java:5)
	at io.michaelcane.Calculator.&lt;init&gt;(Calculator.java:6)
	at io.michaelcane.Commands.&lt;init&gt;(Commands.java:5)
	at io.michaelcane.Calculator.&lt;init&gt;(Calculator.java:6)
	at io.michaelcane.Commands.&lt;init&gt;(Commands.java:5)
	at io.michaelcane.Calculator.&lt;init&gt;(Calculator.java:6)
	at io.michaelcane.Commands.&lt;init&gt;(Commands.java:5)
	at io.michaelcane.Calculator.&lt;init&gt;(Calculator.java:6)
	at io.michaelcane.Commands.&lt;init&gt;(Commands.java:5)
	at io.michaelcane.Calculator.&lt;init&gt;(Calculator.java:6)
	at io.michaelcane.Commands.&lt;init&gt;(Commands.java:5)
	at io.michaelcane.Calculator.&lt;init&gt;(Calculator.java:6)
	at io.michaelcane.Commands.&lt;init&gt;(Commands.java:5)
	at io.michaelcane.Calculator.&lt;init&gt;(Calculator.java:6)
	at io.michaelcane.Commands.&lt;init&gt;(Commands.java:5)
	at io.michaelcane.Calculator.&lt;init&gt;(Calculator.java:6)
	at io.michaelcane.Commands.&lt;init&gt;(Commands.java:5)
	at io.michaelcane.Calculator.&lt;init&gt;(Calculator.java:6)
	at io.michaelcane.Commands.&lt;init&gt;(Commands.java:5)
	at io.michaelcane.Calculator.&lt;init&gt;(Calculator.java:6)
	at io.michaelcane.Commands.&lt;init&gt;(Commands.java:5)
	at io.michaelcane.Calculator.&lt;init&gt;(Calculator.java:6)
	at io.michaelcane.Commands.&lt;init&gt;(Commands.java:5)
	at io.michaelcane.Calculator.&lt;init&gt;(Calculator.java:6)
	at io.michaelcane.Commands.&lt;init&gt;(Commands.java:5)
	at io.michaelcane.Calculator.&lt;init&gt;(Calculator.java:6)
	at io.michaelcane.Commands.&lt;init&gt;(Commands.java:5)
	at io.michaelcane.Calculator.&lt;init&gt;(Calculator.java:6)
	at io.michaelcane.Commands.&lt;init&gt;(Commands.java:5)
	at io.michaelcane.Calculator.&lt;init&gt;(Calculator.java:6)
	at io.michaelcane.Commands.&lt;init&gt;(Commands.java:5)
	at io.michaelcane.Calculator.&lt;init&gt;(Calculator.java:6)
	at io.michaelcane.Commands.&lt;init&gt;(Commands.java:5)
	at io.michaelcane.Calculator.&lt;init&gt;(Calculator.java:6)
	at io.michaelcane.Commands.&lt;init&gt;(Commands.java:5)
	at io.michaelcane.Calculator.&lt;init&gt;(Calculator.java:6)
	at io.michaelcane.Commands.&lt;init&gt;(Commands.java:5)
	at io.michaelcane.Calculator.&lt;init&gt;(Calculator.java:6)
	at io.michaelcane.Commands.&lt;init&gt;(Commands.java:5)
	at io.michaelcane.Calculator.&lt;init&gt;(Calculator.java:6)
	at io.michaelcane.Commands.&lt;init&gt;(Commands.java:5)
	at io.michaelcane.Calculator.&lt;init&gt;(Calculator.java:6)
	at io.michaelcane.Commands.&lt;init&gt;(Commands.java:5)
	at io.michaelcane.Calculator.&lt;init&gt;(Calculator.java:6)
	at io.michaelcane.Commands.&lt;init&gt;(Commands.java:5)
	at io.michaelcane.Calculator.&lt;init&gt;(Calculator.java:6)
	at io.michaelcane.Commands.&lt;init&gt;(Commands.java:5)
	at io.michaelcane.Calculator.&lt;init&gt;(Calculator.java:6)
	at io.michaelcane.Commands.&lt;init&gt;(Commands.java:5)
	at io.michaelcane.Calculator.&lt;init&gt;(Calculator.java:6)
	at io.michaelcane.Commands.&lt;init&gt;(Commands.java:5)
	at io.michaelcane.Calculator.&lt;init&gt;(Calculator.java:6)
	at io.michaelcane.Commands.&lt;init&gt;(Commands.java:5)
	at io.michaelcane.Calculator.&lt;init&gt;(Calculator.java:6)
	at io.michaelcane.Commands.&lt;init&gt;(Commands.java:5)
	at io.michaelcane.Calculator.&lt;init&gt;(Calculator.java:6)
	at io.michaelcane.Commands.&lt;init&gt;(Commands.java:5)
	at io.michaelcane.Calculator.&lt;init&gt;(Calculator.java:6)
	at io.michaelcane.Commands.&lt;init&gt;(Commands.java:5)
	at io.michaelcane.Calculator.&lt;init&gt;(Calculator.java:6)
	at io.michaelcane.Commands.&lt;init&gt;(Commands.java:5)
	at io.michaelcane.Calculator.&lt;init&gt;(Calculator.java:6)
	at io.michaelcane.Commands.&lt;init&gt;(Commands.java:5)
	at io.michaelcane.Calculator.&lt;init&gt;(Calculator.java:6)
	at io.michaelcane.Commands.&lt;init&gt;(Commands.java:5)
	at io.michaelcane.Calculator.&lt;init&gt;(Calculator.java:6)
	at io.michaelcane.Commands.&lt;init&gt;(Commands.java:5)
	at io.michaelcane.Calculator.&lt;init&gt;(Calculator.java:6)
	at io.michaelcane.Commands.&lt;init&gt;(Commands.java:5)
	at io.michaelcane.Calculator.&lt;init&gt;(Calculator.java:6)
	at io.michaelcane.Commands.&lt;init&gt;(Commands.java:5)
	at io.michaelcane.Calculator.&lt;init&gt;(Calculator.java:6)
	at io.michaelcane.Commands.&lt;init&gt;(Commands.java:5)
	at io.michaelcane.Calculator.&lt;init&gt;(Calculator.java:6)
	at io.michaelcane.Commands.&lt;init&gt;(Commands.java:5)
	at io.michaelcane.Calculator.&lt;init&gt;(Calculator.java:6)
	at io.michaelcane.Commands.&lt;init&gt;(Commands.java:5)
	at io.michaelcane.Calculator.&lt;init&gt;(Calculator.java:6)
	at io.michaelcane.Commands.&lt;init&gt;(Commands.java:5)
	at io.michaelcane.Calculator.&lt;init&gt;(Calculator.java:6)
	at io.michaelcane.Commands.&lt;init&gt;(Commands.java:5)
	at io.michaelcane.Calculator.&lt;init&gt;(Calculator.java:6)
	at io.michaelcane.Commands.&lt;init&gt;(Commands.java:5)
	at io.michaelcane.Calculator.&lt;init&gt;(Calculator.java:6)
	at io.michaelcane.Commands.&lt;init&gt;(Commands.java:5)
	at io.michaelcane.Calculator.&lt;init&gt;(Calculator.java:6)
	at io.michaelcane.Commands.&lt;init&gt;(Commands.java:5)
	at io.michaelcane.Calculator.&lt;init&gt;(Calculator.java:6)
	at io.michaelcane.Commands.&lt;init&gt;(Commands.java:5)
	at io.michaelcane.Calculator.&lt;init&gt;(Calculator.java:6)
	at io.michaelcane.Commands.&lt;init&gt;(Commands.java:5)
	at io.michaelcane.Calculator.&lt;init&gt;(Calculator.java:6)
	at io.michaelcane.Commands.&lt;init&gt;(Commands.java:5)
	at io.michaelcane.Calculator.&lt;init&gt;(Calculator.java:6)
	at io.michaelcane.Commands.&lt;init&gt;(Commands.java:5)
	at io.michaelcane.Calculator.&lt;init&gt;(Calculator.java:6)
	at io.michaelcane.Commands.&lt;init&gt;(Commands.java:5)
	at io.michaelcane.Calculator.&lt;init&gt;(Calculator.java:6)
	at io.michaelcane.Commands.&lt;init&gt;(Commands.java:5)
	at io.michaelcane.Calculator.&lt;init&gt;(Calculator.java:6)
	at io.michaelcane.Commands.&lt;init&gt;(Commands.java:5)
	at io.michaelcane.Calculator.&lt;init&gt;(Calculator.java:6)
	at io.michaelcane.Commands.&lt;init&gt;(Commands.java:5)
	at io.michaelcane.Calculator.&lt;init&gt;(Calculator.java:6)
	at io.michaelcane.Commands.&lt;init&gt;(Commands.java:5)
	at io.michaelcane.Calculator.&lt;init&gt;(Calculator.java:6)
	at io.michaelcane.Commands.&lt;init&gt;(Commands.java:5)
	at io.michaelcane.Calculator.&lt;init&gt;(Calculator.java:6)
	at io.michaelcane.Commands.&lt;init&gt;(Commands.java:5)
	at io.michaelcane.Calculator.&lt;init&gt;(Calculator.java:6)
	at io.michaelcane.Commands.&lt;init&gt;(Commands.java:5)
	at io.michaelcane.Calculator.&lt;init&gt;(Calculator.java:6)
	at io.michaelcane.Commands.&lt;init&gt;(Commands.java:5)
	at io.michaelcane.Calculator.&lt;init&gt;(Calculator.java:6)
	at io.michaelcane.Commands.&lt;init&gt;(Commands.java:5)
	at io.michaelcane.Calculator.&lt;init&gt;(Calculator.java:6)
	at io.michaelcane.Commands.&lt;init&gt;(Commands.java:5)
	at io.michaelcane.Calculator.&lt;init&gt;(Calculator.java:6)
	at io.michaelcane.Commands.&lt;init&gt;(Commands.java:5)
	at io.michaelcane.Calculator.&lt;init&gt;(Calculator.java:6)
	at io.michaelcane.Commands.&lt;init&gt;(Commands.java:5)
	at io.michaelcane.Calculator.&lt;init&gt;(Calculator.java:6)
	at io.michaelcane.Commands.&lt;init&gt;(Commands.java:5)
	at io.michaelcane.Calculator.&lt;init&gt;(Calculator.java:6)
	at io.michaelcane.Commands.&lt;init&gt;(Commands.java:5)
	at io.michaelcane.Calculator.&lt;init&gt;(Calculator.java:6)
	at io.michaelcane.Commands.&lt;init&gt;(Commands.java:5)
	at io.michaelcane.Calculator.&lt;init&gt;(Calculator.java:6)
	at io.michaelcane.Commands.&lt;init&gt;(Commands.java:5)
	at io.michaelcane.Calculator.&lt;init&gt;(Calculator.java:6)
	at io.michaelcane.Commands.&lt;init&gt;(Commands.java:5)
	at io.michaelcane.Calculator.&lt;init&gt;(Calculator.java:6)
	at io.michaelcane.Commands.&lt;init&gt;(Commands.java:5)
	at io.michaelcane.Calculator.&lt;init&gt;(Calculator.java:6)
	at io.michaelcane.Commands.&lt;init&gt;(Commands.java:5)
	at io.michaelcane.Calculator.&lt;init&gt;(Calculator.java:6)
	at io.michaelcane.Commands.&lt;init&gt;(Commands.java:5)
	at io.michaelcane.Calculator.&lt;init&gt;(Calculator.java:6)
	at io.michaelcane.Commands.&lt;init&gt;(Commands.java:5)
	at io.michaelcane.Calculator.&lt;init&gt;(Calculator.java:6)
	at io.michaelcane.Commands.&lt;init&gt;(Commands.java:5)
	at io.michaelcane.Calculator.&lt;init&gt;(Calculator.java:6)
	at io.michaelcane.Commands.&lt;init&gt;(Commands.java:5)
	at io.michaelcane.Calculator.&lt;init&gt;(Calculator.java:6)
	at io.michaelcane.Commands.&lt;init&gt;(Commands.java:5)
	at io.michaelcane.Calculator.&lt;init&gt;(Calculator.java:6)
	at io.michaelcane.Commands.&lt;init&gt;(Commands.java:5)
	at io.michaelcane.Calculator.&lt;init&gt;(Calculator.java:6)
	at io.michaelcane.Commands.&lt;init&gt;(Commands.java:5)
	at io.michaelcane.Calculator.&lt;init&gt;(Calculator.java:6)
	at io.michaelcane.Commands.&lt;init&gt;(Commands.java:5)
	at io.michaelcane.Calculator.&lt;init&gt;(Calculator.java:6)
	at io.michaelcane.Commands.&lt;init&gt;(Commands.java:5)
	at io.michaelcane.Calculator.&lt;init&gt;(Calculator.java:6)
	at io.michaelcane.Commands.&lt;init&gt;(Commands.java:5)
	at io.michaelcane.Calculator.&lt;init&gt;(Calculator.java:6)
	at io.michaelcane.Commands.&lt;init&gt;(Commands.java:5)
	at io.michaelcane.Calculator.&lt;init&gt;(Calculator.java:6)
	at io.michaelcane.Commands.&lt;init&gt;(Commands.java:5)
	at io.michaelcane.Calculator.&lt;init&gt;(Calculator.java:6)
	at io.michaelcane.Commands.&lt;init&gt;(Commands.java:5)
	at io.michaelcane.Calculator.&lt;init&gt;(Calculator.java:6)
	at io.michaelcane.Commands.&lt;init&gt;(Commands.java:5)
	at io.michaelcane.Calculator.&lt;init&gt;(Calculator.java:6)
	at io.michaelcane.Commands.&lt;init&gt;(Commands.java:5)
	at io.michaelcane.Calculator.&lt;init&gt;(Calculator.java:6)
	at io.michaelcane.Commands.&lt;init&gt;(Commands.java:5)
	at io.michaelcane.Calculator.&lt;init&gt;(Calculator.java:6)
	at io.michaelcane.Commands.&lt;init&gt;(Commands.java:5)
	at io.michaelcane.Calculator.&lt;init&gt;(Calculator.java:6)
	at io.michaelcane.Commands.&lt;init&gt;(Commands.java:5)
	at io.michaelcane.Calculator.&lt;init&gt;(Calculator.java:6)
	at io.michaelcane.Commands.&lt;init&gt;(Commands.java:5)
	at io.michaelcane.Calculator.&lt;init&gt;(Calculator.java:6)
	at io.michaelcane.Commands.&lt;init&gt;(Commands.java:5)
	at io.michaelcane.Calculator.&lt;init&gt;(Calculator.java:6)
	at io.michaelcane.Commands.&lt;init&gt;(Commands.java:5)
	at io.michaelcane.Calculator.&lt;init&gt;(Calculator.java:6)
	at io.michaelcane.Commands.&lt;init&gt;(Commands.java:5)
	at io.michaelcane.Calculator.&lt;init&gt;(Calculator.java:6)
	at io.michaelcane.Commands.&lt;init&gt;(Commands.java:5)
	at io.michaelcane.Calculator.&lt;init&gt;(Calculator.java:6)
	at io.michaelcane.Commands.&lt;init&gt;(Commands.java:5)
	at io.michaelcane.Calculator.&lt;init&gt;(Calculator.java:6)
	at io.michaelcane.Commands.&lt;init&gt;(Commands.java:5)
	at io.michaelcane.Calculator.&lt;init&gt;(Calculator.java:6)
	at io.michaelcane.Commands.&lt;init&gt;(Commands.java:5)
	at io.michaelcane.Calculator.&lt;init&gt;(Calculator.java:6)
	at io.michaelcane.Commands.&lt;init&gt;(Commands.java:5)
	at io.michaelcane.Calculator.&lt;init&gt;(Calculator.java:6)
	at io.michaelcane.Commands.&lt;init&gt;(Commands.java:5)
	at io.michaelcane.Calculator.&lt;init&gt;(Calculator.java:6)
	at io.michaelcane.Commands.&lt;init&gt;(Commands.java:5)
	at io.michaelcane.Calculator.&lt;init&gt;(Calculator.java:6)
	at io.michaelcane.Commands.&lt;init&gt;(Commands.java:5)
	at io.michaelcane.Calculator.&lt;init&gt;(Calculator.java:6)
	at io.michaelcane.Commands.&lt;init&gt;(Commands.java:5)
	at io.michaelcane.Calculator.&lt;init&gt;(Calculator.java:6)
	at io.michaelcane.Commands.&lt;init&gt;(Commands.java:5)
	at io.michaelcane.Calculator.&lt;init&gt;(Calculator.java:6)
	at io.michaelcane.Commands.&lt;init&gt;(Commands.java:5)
	at io.michaelcane.Calculator.&lt;init&gt;(Calculator.java:6)
	at io.michaelcane.Commands.&lt;init&gt;(Commands.java:5)
	at io.michaelcane.Calculator.&lt;init&gt;(Calculator.java:6)
	at io.michaelcane.Commands.&lt;init&gt;(Commands.java:5)
	at io.michaelcane.Calculator.&lt;init&gt;(Calculator.java:6)
	at io.michaelcane.Commands.&lt;init&gt;(Commands.java:5)
	at io.michaelcane.Calculator.&lt;init&gt;(Calculator.java:6)
	at io.michaelcane.Commands.&lt;init&gt;(Commands.java:5)
	at io.michaelcane.Calculator.&lt;init&gt;(Calculator.java:6)
	at io.michaelcane.Commands.&lt;init&gt;(Commands.java:5)
	at io.michaelcane.Calculator.&lt;init&gt;(Calculator.java:6)
	at io.michaelcane.Commands.&lt;init&gt;(Commands.java:5)
	at io.michaelcane.Calculator.&lt;init&gt;(Calculator.java:6)
	at io.michaelcane.Commands.&lt;init&gt;(Commands.java:5)
	at io.michaelcane.Calculator.&lt;init&gt;(Calculator.java:6)
	at io.michaelcane.Commands.&lt;init&gt;(Commands.java:5)
	at io.michaelcane.Calculator.&lt;init&gt;(Calculator.java:6)
	at io.michaelcane.Commands.&lt;init&gt;(Commands.java:5)
	at io.michaelcane.Calculator.&lt;init&gt;(Calculator.java:6)
	at io.michaelcane.Commands.&lt;init&gt;(Commands.java:5)
	at io.michaelcane.Calculator.&lt;init&gt;(Calculator.java:6)
	at io.michaelcane.Commands.&lt;init&gt;(Commands.java:5)
	at io.michaelcane.Calculator.&lt;init&gt;(Calculator.java:6)
	at io.michaelcane.Commands.&lt;init&gt;(Commands.java:5)
	at io.michaelcane.Calculator.&lt;init&gt;(Calculator.java:6)
	at io.michaelcane.Commands.&lt;init&gt;(Commands.java:5)
	at io.michaelcane.Calculator.&lt;init&gt;(Calculator.java:6)
	at io.michaelcane.Commands.&lt;init&gt;(Commands.java:5)
	at io.michaelcane.Calculator.&lt;init&gt;(Calculator.java:6)
	at io.michaelcane.Commands.&lt;init&gt;(Commands.java:5)
	at io.michaelcane.Calculator.&lt;init&gt;(Calculator.java:6)
	at io.michaelcane.Commands.&lt;init&gt;(Commands.java:5)
	at io.michaelcane.Calculator.&lt;init&gt;(Calculator.java:6)
	at io.michaelcane.Commands.&lt;init&gt;(Commands.java:5)
	at io.michaelcane.Calculator.&lt;init&gt;(Calculator.java:6)
	at io.michaelcane.Commands.&lt;init&gt;(Commands.java:5)
	at io.michaelcane.Calculator.&lt;init&gt;(Calculator.java:6)
	at io.michaelcane.Commands.&lt;init&gt;(Commands.java:5)
	at io.michaelcane.Calculator.&lt;init&gt;(Calculator.java:6)
	at io.michaelcane.Commands.&lt;init&gt;(Commands.java:5)
	at io.michaelcane.Calculator.&lt;init&gt;(Calculator.java:6)
	at io.michaelcane.Commands.&lt;init&gt;(Commands.java:5)
	at io.michaelcane.Calculator.&lt;init&gt;(Calculator.java:6)
	at io.michaelcane.Commands.&lt;init&gt;(Commands.java:5)
	at io.michaelcane.Calculator.&lt;init&gt;(Calculator.java:6)
	at io.michaelcane.Commands.&lt;init&gt;(Commands.java:5)
	at io.michaelcane.Calculator.&lt;init&gt;(Calculator.java:6)
	at io.michaelcane.Commands.&lt;init&gt;(Commands.java:5)
	at io.michaelcane.Calculator.&lt;init&gt;(Calculator.java:6)
	at io.michaelcane.Commands.&lt;init&gt;(Commands.java:5)
	at io.michaelcane.Calculator.&lt;init&gt;(Calculator.java:6)
	at io.michaelcane.Commands.&lt;init&gt;(Commands.java:5)
	at io.michaelcane.Calculator.&lt;init&gt;(Calculator.java:6)
	at io.michaelcane.Commands.&lt;init&gt;(Commands.java:5)
	at io.michaelcane.Calculator.&lt;init&gt;(Calculator.java:6)
	at io.michaelcane.Commands.&lt;init&gt;(Commands.java:5)
	at io.michaelcane.Calculator.&lt;init&gt;(Calculator.java:6)
	at io.michaelcane.Commands.&lt;init&gt;(Commands.java:5)
	at io.michaelcane.Calculator.&lt;init&gt;(Calculator.java:6)
	at io.michaelcane.Commands.&lt;init&gt;(Commands.java:5)
	at io.michaelcane.Calculator.&lt;init&gt;(Calculator.java:6)
	at io.michaelcane.Commands.&lt;init&gt;(Commands.java:5)
	at io.michaelcane.Calculator.&lt;init&gt;(Calculator.java:6)
	at io.michaelcane.Commands.&lt;init&gt;(Commands.java:5)
	at io.michaelcane.Calculator.&lt;init&gt;(Calculator.java:6)
	at io.michaelcane.Commands.&lt;init&gt;(Commands.java:5)
	at io.michaelcane.Calculator.&lt;init&gt;(Calculator.java:6)
	at io.michaelcane.Commands.&lt;init&gt;(Commands.java:5)
	at io.michaelcane.Calculator.&lt;init&gt;(Calculator.java:6)
	at io.michaelcane.Commands.&lt;init&gt;(Commands.java:5)
	at io.michaelcane.Calculator.&lt;init&gt;(Calculator.java:6)
	at io.michaelcane.Commands.&lt;init&gt;(Commands.java:5)
	at io.michaelcane.Calculator.&lt;init&gt;(Calculator.java:6)
	at io.michaelcane.Commands.&lt;init&gt;(Commands.java:5)
	at io.michaelcane.Calculator.&lt;init&gt;(Calculator.java:6)
	at io.michaelcane.Commands.&lt;init&gt;(Commands.java:5)
	at io.michaelcane.Calculator.&lt;init&gt;(Calculator.java:6)
	at io.michaelcane.Commands.&lt;init&gt;(Commands.java:5)
	at io.michaelcane.Calculator.&lt;init&gt;(Calculator.java:6)
	at io.michaelcane.Commands.&lt;init&gt;(Commands.java:5)
	at io.michaelcane.Calculator.&lt;init&gt;(Calculator.java:6)
	at io.michaelcane.Commands.&lt;init&gt;(Commands.java:5)
	at io.michaelcane.Calculator.&lt;init&gt;(Calculator.java:6)
	at io.michaelcane.Commands.&lt;init&gt;(Commands.java:5)
	at io.michaelcane.Calculator.&lt;init&gt;(Calculator.java:6)
	at io.michaelcane.Commands.&lt;init&gt;(Commands.java:5)
	at io.michaelcane.Calculator.&lt;init&gt;(Calculator.java:6)
	at io.michaelcane.Commands.&lt;init&gt;(Commands.java:5)
	at io.michaelcane.Calculator.&lt;init&gt;(Calculator.java:6)
	at io.michaelcane.Commands.&lt;init&gt;(Commands.java:5)
	at io.michaelcane.Calculator.&lt;init&gt;(Calculator.java:6)
	at io.michaelcane.Commands.&lt;init&gt;(Commands.java:5)
	at io.michaelcane.Calculator.&lt;init&gt;(Calculator.java:6)
	at io.michaelcane.Commands.&lt;init&gt;(Commands.java:5)
	at io.michaelcane.Calculator.&lt;init&gt;(Calculator.java:6)
	at io.michaelcane.Commands.&lt;init&gt;(Commands.java:5)
	at io.michaelcane.Calculator.&lt;init&gt;(Calculator.java:6)
	at io.michaelcane.Commands.&lt;init&gt;(Commands.java:5)
	at io.michaelcane.Calculator.&lt;init&gt;(Calculator.java:6)
	at io.michaelcane.Commands.&lt;init&gt;(Commands.java:5)
	at io.michaelcane.Calculator.&lt;init&gt;(Calculator.java:6)
	at io.michaelcane.Commands.&lt;init&gt;(Commands.java:5)
	at io.michaelcane.Calculator.&lt;init&gt;(Calculator.java:6)
	at io.michaelcane.Commands.&lt;init&gt;(Commands.java:5)
	at io.michaelcane.Calculator.&lt;init&gt;(Calculator.java:6)
	at io.michaelcane.Commands.&lt;init&gt;(Commands.java:5)
	at io.michaelcane.Calculator.&lt;init&gt;(Calculator.java:6)
	at io.michaelcane.Commands.&lt;init&gt;(Commands.java:5)
	at io.michaelcane.Calculator.&lt;init&gt;(Calculator.java:6)
	at io.michaelcane.Commands.&lt;init&gt;(Commands.java:5)
	at io.michaelcane.Calculator.&lt;init&gt;(Calculator.java:6)
	at io.michaelcane.Commands.&lt;init&gt;(Commands.java:5)
	at io.michaelcane.Calculator.&lt;init&gt;(Calculator.java:6)
	at io.michaelcane.Commands.&lt;init&gt;(Commands.java:5)
	at io.michaelcane.Calculator.&lt;init&gt;(Calculator.java:6)
	at io.michaelcane.Commands.&lt;init&gt;(Commands.java:5)
	at io.michaelcane.Calculator.&lt;init&gt;(Calculator.java:6)
	at io.michaelcane.Commands.&lt;init&gt;(Commands.java:5)
	at io.michaelcane.Calculator.&lt;init&gt;(Calculator.java:6)
	at io.michaelcane.Commands.&lt;init&gt;(Commands.java:5)
	at io.michaelcane.Calculator.&lt;init&gt;(Calculator.java:6)
	at io.michaelcane.Commands.&lt;init&gt;(Commands.java:5)
	at io.michaelcane.Calculator.&lt;init&gt;(Calculator.java:6)
	at io.michaelcane.Commands.&lt;init&gt;(Commands.java:5)
	at io.michaelcane.Calculator.&lt;init&gt;(Calculator.java:6)
	at io.michaelcane.Commands.&lt;init&gt;(Commands.java:5)
	at io.michaelcane.Calculator.&lt;init&gt;(Calculator.java:6)
	at io.michaelcane.Commands.&lt;init&gt;(Commands.java:5)
	at io.michaelcane.Calculator.&lt;init&gt;(Calculator.java:6)
	at io.michaelcane.Commands.&lt;init&gt;(Commands.java:5)
	at io.michaelcane.Calculator.&lt;init&gt;(Calculator.java:6)
	at io.michaelcane.Commands.&lt;init&gt;(Commands.java:5)
	at io.michaelcane.Calculator.&lt;init&gt;(Calculator.java:6)
	at io.michaelcane.Commands.&lt;init&gt;(Commands.java:5)
	at io.michaelcane.Calculator.&lt;init&gt;(Calculator.java:6)
	at io.michaelcane.Commands.&lt;init&gt;(Commands.java:5)
	at io.michaelcane.Calculator.&lt;init&gt;(Calculator.java:6)
	at io.michaelcane.Commands.&lt;init&gt;(Commands.java:5)
	at io.michaelcane.Calculator.&lt;init&gt;(Calculator.java:6)
	at io.michaelcane.Commands.&lt;init&gt;(Commands.java:5)
	at io.michaelcane.Calculator.&lt;init&gt;(Calculator.java:6)
	at io.michaelcane.Commands.&lt;init&gt;(Commands.java:5)
	at io.michaelcane.Calculator.&lt;init&gt;(Calculator.java:6)
	at io.michaelcane.Commands.&lt;init&gt;(Commands.java:5)
	at io.michaelcane.Calculator.&lt;init&gt;(Calculator.java:6)
	at io.michaelcane.Commands.&lt;init&gt;(Commands.java:5)
	at io.michaelcane.Calculator.&lt;init&gt;(Calculator.java:6)
	at io.michaelcane.Commands.&lt;init&gt;(Commands.java:5)
	at io.michaelcane.Calculator.&lt;init&gt;(Calculator.java:6)
	at io.michaelcane.Commands.&lt;init&gt;(Commands.java:5)
	at io.michaelcane.Calculator.&lt;init&gt;(Calculator.java:6)
	at io.michaelcane.Commands.&lt;init&gt;(Commands.java:5)
	at io.michaelcane.Calculator.&lt;init&gt;(Calculator.java:6)
	at io.michaelcane.Commands.&lt;init&gt;(Commands.java:5)
	at io.michaelcane.Calculator.&lt;init&gt;(Calculator.java:6)
	at io.michaelcane.Commands.&lt;init&gt;(Commands.java:5)
	at io.michaelcane.Calculator.&lt;init&gt;(Calculator.java:6)
	at io.michaelcane.Commands.&lt;init&gt;(Commands.java:5)
	at io.michaelcane.Calculator.&lt;init&gt;(Calculator.java:6)
	at io.michaelcane.Commands.&lt;init&gt;(Commands.java:5)
	at io.michaelcane.Calculator.&lt;init&gt;(Calculator.java:6)
	at io.michaelcane.Commands.&lt;init&gt;(Commands.java:5)
	at io.michaelcane.Calculator.&lt;init&gt;(Calculator.java:6)
	at io.michaelcane.Commands.&lt;init&gt;(Commands.java:5)
	at io.michaelcane.Calculator.&lt;init&gt;(Calculator.java:6)
	at io.michaelcane.Commands.&lt;init&gt;(Commands.java:5)
	at io.michaelcane.Calculator.&lt;init&gt;(Calculator.java:6)
	at io.michaelcane.Commands.&lt;init&gt;(Commands.java:5)
	at io.michaelcane.Calculator.&lt;init&gt;(Calculator.java:6)
	at io.michaelcane.Commands.&lt;init&gt;(Commands.java:5)
	at io.michaelcane.Calculator.&lt;init&gt;(Calculator.java:6)
	at io.michaelcane.Commands.&lt;init&gt;(Commands.java:5)
	at io.michaelcane.Calculator.&lt;init&gt;(Calculator.java:6)
	at io.michaelcane.Commands.&lt;init&gt;(Commands.java:5)
	at io.michaelcane.Calculator.&lt;init&gt;(Calculator.java:6)
	at io.michaelcane.Commands.&lt;init&gt;(Commands.java:5)
	at io.michaelcane.Calculator.&lt;init&gt;(Calculator.java:6)
	at io.michaelcane.Commands.&lt;init&gt;(Commands.java:5)
	at io.michaelcane.Calculator.&lt;init&gt;(Calculator.java:6)
	at io.michaelcane.Commands.&lt;init&gt;(Commands.java:5)
	at io.michaelcane.Calculator.&lt;init&gt;(Calculator.java:6)
	at io.michaelcane.Commands.&lt;init&gt;(Commands.java:5)
	at io.michaelcane.Calculator.&lt;init&gt;(Calculator.java:6)
	at io.michaelcane.Commands.&lt;init&gt;(Commands.java:5)
	at io.michaelcane.Calculator.&lt;init&gt;(Calculator.java:6)
	at io.michaelcane.Commands.&lt;init&gt;(Commands.java:5)
	at io.michaelcane.Calculator.&lt;init&gt;(Calculator.java:6)
	at io.michaelcane.Commands.&lt;init&gt;(Commands.java:5)
	at io.michaelcane.Calculator.&lt;init&gt;(Calculator.java:6)
	at io.michaelcane.Commands.&lt;init&gt;(Commands.java:5)
	at io.michaelcane.Calculator.&lt;init&gt;(Calculator.java:6)
	at io.michaelcane.Commands.&lt;init&gt;(Commands.java:5)
	at io.michaelcane.Calculator.&lt;init&gt;(Calculator.java:6)
	at io.michaelcane.Commands.&lt;init&gt;(Commands.java:5)
	at io.michaelcane.Calculator.&lt;init&gt;(Calculator.java:6)
	at io.michaelcane.Commands.&lt;init&gt;(Commands.java:5)
	at io.michaelcane.Calculator.&lt;init&gt;(Calculator.java:6)
	at io.michaelcane.Commands.&lt;init&gt;(Commands.java:5)
	at io.michaelcane.Calculator.&lt;init&gt;(Calculator.java:6)
	at io.michaelcane.Commands.&lt;init&gt;(Commands.java:5)
	at io.michaelcane.Calculator.&lt;init&gt;(Calculator.java:6)
	at io.michaelcane.Commands.&lt;init&gt;(Commands.java:5)
	at io.michaelcane.Calculator.&lt;init&gt;(Calculator.java:6)
	at io.michaelcane.Commands.&lt;init&gt;(Commands.java:5)
	at io.michaelcane.Calculator.&lt;init&gt;(Calculator.java:6)
	at io.michaelcane.Commands.&lt;init&gt;(Commands.java:5)
	at io.michaelcane.Calculator.&lt;init&gt;(Calculator.java:6)
	at io.michaelcane.Commands.&lt;init&gt;(Commands.java:5)
	at io.michaelcane.Calculator.&lt;init&gt;(Calculator.java:6)
	at io.michaelcane.Commands.&lt;init&gt;(Commands.java:5)
	at io.michaelcane.Calculator.&lt;init&gt;(Calculator.java:6)
	at io.michaelcane.Commands.&lt;init&gt;(Commands.java:5)
	at io.michaelcane.Calculator.&lt;init&gt;(Calculator.java:6)
	at io.michaelcane.Commands.&lt;init&gt;(Commands.java:5)
	at io.michaelcane.Calculator.&lt;init&gt;(Calculator.java:6)
	at io.michaelcane.Commands.&lt;init&gt;(Commands.java:5)
	at io.michaelcane.Calculator.&lt;init&gt;(Calculator.java:6)
	at io.michaelcane.Commands.&lt;init&gt;(Commands.java:5)
	at io.michaelcane.Calculator.&lt;init&gt;(Calculator.java:6)
	at io.michaelcane.Commands.&lt;init&gt;(Commands.java:5)
	at io.michaelcane.Calculator.&lt;init&gt;(Calculator.java:6)
	at io.michaelcane.Commands.&lt;init&gt;(Commands.java:5)
	at io.michaelcane.Calculator.&lt;init&gt;(Calculator.java:6)
	at io.michaelcane.Commands.&lt;init&gt;(Commands.java:5)
	at io.michaelcane.Calculator.&lt;init&gt;(Calculator.java:6)
	at io.michaelcane.Commands.&lt;init&gt;(Commands.java:5)
	at io.michaelcane.Calculator.&lt;init&gt;(Calculator.java:6)
	at io.michaelcane.Commands.&lt;init&gt;(Commands.java:5)
	at io.michaelcane.Calculator.&lt;init&gt;(Calculator.java:6)
	at io.michaelcane.Commands.&lt;init&gt;(Commands.java:5)
	at io.michaelcane.Calculator.&lt;init&gt;(Calculator.java:6)
	at io.michaelcane.Commands.&lt;init&gt;(Commands.java:5)
	at io.michaelcane.Calculator.&lt;init&gt;(Calculator.java:6)
	at io.michaelcane.Commands.&lt;init&gt;(Commands.java:5)
	at io.michaelcane.Calculator.&lt;init&gt;(Calculator.java:6)
	at io.michaelcane.Commands.&lt;init&gt;(Commands.java:5)
	at io.michaelcane.Calculator.&lt;init&gt;(Calculator.java:6)
	at io.michaelcane.Commands.&lt;init&gt;(Commands.java:5)
	at io.michaelcane.Calculator.&lt;init&gt;(Calculator.java:6)
	at io.michaelcane.Commands.&lt;init&gt;(Commands.java:5)
	at io.michaelcane.Calculator.&lt;init&gt;(Calculator.java:6)
	at io.michaelcane.Commands.&lt;init&gt;(Commands.java:5)
	at io.michaelcane.Calculator.&lt;init&gt;(Calculator.java:6)
	at io.michaelcane.Commands.&lt;init&gt;(Commands.java:5)
	at io.michaelcane.Calculator.&lt;init&gt;(Calculator.java:6)
	at io.michaelcane.Commands.&lt;init&gt;(Commands.java:5)
	at io.michaelcane.Calculator.&lt;init&gt;(Calculator.java:6)
	at io.michaelcane.Commands.&lt;init&gt;(Commands.java:5)
	at io.michaelcane.Calculator.&lt;init&gt;(Calculator.java:6)
	at io.michaelcane.Commands.&lt;init&gt;(Commands.java:5)
	at io.michaelcane.Calculator.&lt;init&gt;(Calculator.java:6)
	at io.michaelcane.Commands.&lt;init&gt;(Commands.java:5)
	at io.michaelcane.Calculator.&lt;init&gt;(Calculator.java:6)
	at io.michaelcane.Commands.&lt;init&gt;(Commands.java:5)
	at io.michaelcane.Calculator.&lt;init&gt;(Calculator.java:6)
	at io.michaelcane.Commands.&lt;init&gt;(Commands.java:5)
	at io.michaelcane.Calculator.&lt;init&gt;(Calculator.java:6)
	at io.michaelcane.Commands.&lt;init&gt;(Commands.java:5)
	at io.michaelcane.Calculator.&lt;init&gt;(Calculator.java:6)
	at io.michaelcane.Commands.&lt;init&gt;(Commands.java:5)
	at io.michaelcane.Calculator.&lt;init&gt;(Calculator.java:6)
	at io.michaelcane.Commands.&lt;init&gt;(Commands.java:5)
	at io.michaelcane.Calculator.&lt;init&gt;(Calculator.java:6)
	at io.michaelcane.Commands.&lt;init&gt;(Commands.java:5)
	at io.michaelcane.Calculator.&lt;init&gt;(Calculator.java:6)
	at io.michaelcane.Commands.&lt;init&gt;(Commands.java:5)
	at io.michaelcane.Calculator.&lt;init&gt;(Calculator.java:6)
	at io.michaelcane.Commands.&lt;init&gt;(Commands.java:5)
	at io.michaelcane.Calculator.&lt;init&gt;(Calculator.java:6)
	at io.michaelcane.Commands.&lt;init&gt;(Commands.java:5)
	at io.michaelcane.Calculator.&lt;init&gt;(Calculator.java:6)
	at io.michaelcane.Commands.&lt;init&gt;(Commands.java:5)
	at io.michaelcane.Calculator.&lt;init&gt;(Calculator.java:6)
	at io.michaelcane.Commands.&lt;init&gt;(Commands.java:5)
	at io.michaelcane.Calculator.&lt;init&gt;(Calculator.java:6)
	at io.michaelcane.Commands.&lt;init&gt;(Commands.java:5)
	at io.michaelcane.Calculator.&lt;init&gt;(Calculator.java:6)
	at io.michaelcane.Commands.&lt;init&gt;(Commands.java:5)
	at io.michaelcane.Calculator.&lt;init&gt;(Calculator.java:6)
	at io.michaelcane.Commands.&lt;init&gt;(Commands.java:5)
	at io.michaelcane.Calculator.&lt;init&gt;(Calculator.java:6)
	at io.michaelcane.Commands.&lt;init&gt;(Commands.java:5)
	at io.michaelcane.Calculator.&lt;init&gt;(Calculator.java:6)
	at io.michaelcane.Commands.&lt;init&gt;(Commands.java:5)
	at io.michaelcane.Calculator.&lt;init&gt;(Calculator.java:6)
	at io.michaelcane.Commands.&lt;init&gt;(Commands.java:5)
	at io.michaelcane.Calculator.&lt;init&gt;(Calculator.java:6)
	at io.michaelcane.Commands.&lt;init&gt;(Commands.java:5)
	at io.michaelcane.Calculator.&lt;init&gt;(Calculator.java:6)
	at io.michaelcane.Commands.&lt;init&gt;(Commands.java:5)
	at io.michaelcane.Calculator.&lt;init&gt;(Calculator.java:6)
	at io.michaelcane.Commands.&lt;init&gt;(Commands.java:5)
	at io.michaelcane.Calculator.&lt;init&gt;(Calculator.java:6)
	at io.michaelcane.Commands.&lt;init&gt;(Commands.java:5)
	at io.michaelcane.Calculator.&lt;init&gt;(Calculator.java:6)
	at io.michaelcane.Commands.&lt;init&gt;(Commands.java:5)
	at io.michaelcane.Calculator.&lt;init&gt;(Calculator.java:6)
	at io.michaelcane.Commands.&lt;init&gt;(Commands.java:5)
	at io.michaelcane.Calculator.&lt;init&gt;(Calculator.java:6)
	at io.michaelcane.Commands.&lt;init&gt;(Commands.java:5)
	at io.michaelcane.Calculator.&lt;init&gt;(Calculator.java:6)
	at io.michaelcane.Commands.&lt;init&gt;(Commands.java:5)
	at io.michaelcane.Calculator.&lt;init&gt;(Calculator.java:6)
	at io.michaelcane.Commands.&lt;init&gt;(Commands.java:5)
	at io.michaelcane.Calculator.&lt;init&gt;(Calculator.java:6)
	at io.michaelcane.Commands.&lt;init&gt;(Commands.java:5)
	at io.michaelcane.Calculator.&lt;init&gt;(Calculator.java:6)
	at io.michaelcane.Commands.&lt;init&gt;(Commands.java:5)
	at io.michaelcane.Calculator.&lt;init&gt;(Calculator.java:6)
	at io.michaelcane.Commands.&lt;init&gt;(Commands.java:5)
	at io.michaelcane.Calculator.&lt;init&gt;(Calculator.java:6)
	at io.michaelcane.Commands.&lt;init&gt;(Commands.java:5)
	at io.michaelcane.Calculator.&lt;init&gt;(Calculator.java:6)
	at io.michaelcane.Commands.&lt;init&gt;(Commands.java:5)
	at io.michaelcane.Calculator.&lt;init&gt;(Calculator.java:6)
	at io.michaelcane.Commands.&lt;init&gt;(Commands.java:5)
	at io.michaelcane.Calculator.&lt;init&gt;(Calculator.java:6)
	at io.michaelcane.Commands.&lt;init&gt;(Commands.java:5)
	at io.michaelcane.Calculator.&lt;init&gt;(Calculator.java:6)
	at io.michaelcane.Commands.&lt;init&gt;(Commands.java:5)
	at io.michaelcane.Calculator.&lt;init&gt;(Calculator.java:6)
	at io.michaelcane.Commands.&lt;init&gt;(Commands.java:5)
	at io.michaelcane.Calculator.&lt;init&gt;(Calculator.java:6)
	at io.michaelcane.Commands.&lt;init&gt;(Commands.java:5)
	at io.michaelcane.Calculator.&lt;init&gt;(Calculator.java:6)
	at io.michaelcane.Commands.&lt;init&gt;(Commands.java:5)
	at io.michaelcane.Calculator.&lt;init&gt;(Calculator.java:6)
	at io.michaelcane.Commands.&lt;init&gt;(Commands.java:5)
	at io.michaelcane.Calculator.&lt;init&gt;(Calculator.java:6)
	at io.michaelcane.Commands.&lt;init&gt;(Commands.java:5)
	at io.michaelcane.Calculator.&lt;init&gt;(Calculator.java:6)
	at io.michaelcane.Commands.&lt;init&gt;(Commands.java:5)
	at io.michaelcane.Calculator.&lt;init&gt;(Calculator.java:6)
	at io.michaelcane.Commands.&lt;init&gt;(Commands.java:5)
	at io.michaelcane.Calculator.&lt;init&gt;(Calculator.java:6)
	at io.michaelcane.Commands.&lt;init&gt;(Commands.java:5)
	at io.michaelcane.Calculator.&lt;init&gt;(Calculator.java:6)
	at io.michaelcane.Commands.&lt;init&gt;(Commands.java:5)
	at io.michaelcane.Calculator.&lt;init&gt;(Calculator.java:6)
	at io.michaelcane.Commands.&lt;init&gt;(Commands.java:5)
	at io.michaelcane.Calculator.&lt;init&gt;(Calculator.java:6)
	at io.michaelcane.Commands.&lt;init&gt;(Commands.java:5)
	at io.michaelcane.Calculator.&lt;init&gt;(Calculator.java:6)
	at io.michaelcane.Commands.&lt;init&gt;(Commands.java:5)
	at io.michaelcane.Calculator.&lt;init&gt;(Calculator.java:6)
	at io.michaelcane.Commands.&lt;init&gt;(Commands.java:5)
	at io.michaelcane.Calculator.&lt;init&gt;(Calculator.java:6)
	at io.michaelcane.Commands.&lt;init&gt;(Commands.java:5)
	at io.michaelcane.Calculator.&lt;init&gt;(Calculator.java:6)
	at io.michaelcane.Commands.&lt;init&gt;(Commands.java:5)
	at io.michaelcane.Calculator.&lt;init&gt;(Calculator.java:6)
	at io.michaelcane.Commands.&lt;init&gt;(Commands.java:5)
	at io.michaelcane.Calculator.&lt;init&gt;(Calculator.java:6)
	at io.michaelcane.Commands.&lt;init&gt;(Commands.java:5)
	at io.michaelcane.Calculator.&lt;init&gt;(Calculator.java:6)
	at io.michaelcane.Commands.&lt;init&gt;(Commands.java:5)
	at io.michaelcane.Calculator.&lt;init&gt;(Calculator.java:6)
	at io.michaelcane.Commands.&lt;init&gt;(Commands.java:5)
	at io.michaelcane.Calculator.&lt;init&gt;(Calculator.java:6)
	at io.michaelcane.Commands.&lt;init&gt;(Commands.java:5)
	at io.michaelcane.Calculator.&lt;init&gt;(Calculator.java:6)
	at io.michaelcane.Commands.&lt;init&gt;(Commands.java:5)
	at io.michaelcane.Calculator.&lt;init&gt;(Calculator.java:6)
	at io.michaelcane.Commands.&lt;init&gt;(Commands.java:5)
	at io.michaelcane.Calculator.&lt;init&gt;(Calculator.java:6)
	at io.michaelcane.Commands.&lt;init&gt;(Commands.java:5)
	at io.michaelcane.Calculator.&lt;init&gt;(Calculator.java:6)
	at io.michaelcane.Commands.&lt;init&gt;(Commands.java:5)
	at io.michaelcane.Calculator.&lt;init&gt;(Calculator.java:6)
	at io.michaelcane.Commands.&lt;init&gt;(Commands.java:5)
	at io.michaelcane.Calculator.&lt;init&gt;(Calculator.java:6)
	at io.michaelcane.Commands.&lt;init&gt;(Commands.java:5)
	at io.michaelcane.Calculator.&lt;init&gt;(Calculator.java:6)
	at io.michaelcane.Commands.&lt;init&gt;(Commands.java:5)
	at io.michaelcane.Calculator.&lt;init&gt;(Calculator.java:6)
	at io.michaelcane.Commands.&lt;init&gt;(Commands.java:5)
	at io.michaelcane.Calculator.&lt;init&gt;(Calculator.java:6)
	at io.michaelcane.Commands.&lt;init&gt;(Commands.java:5)
	at io.michaelcane.Calculator.&lt;init&gt;(Calculator.java:6)
	at io.michaelcane.Commands.&lt;init&gt;(Commands.java:5)
	at io.michaelcane.Calculator.&lt;init&gt;(Calculator.java:6)
	at io.michaelcane.Commands.&lt;init&gt;(Commands.java:5)
	at io.michaelcane.Calculator.&lt;init&gt;(Calculator.java:6)
	at io.michaelcane.Commands.&lt;init&gt;(Commands.java:5)
	at io.michaelcane.Calculator.&lt;init&gt;(Calculator.java:6)
	at io.michaelcane.Commands.&lt;init&gt;(Commands.java:5)
	at io.michaelcane.Calculator.&lt;init&gt;(Calculator.java:6)
	at io.michaelcane.Commands.&lt;init&gt;(Commands.java:5)
	at io.michaelcane.Calculator.&lt;init&gt;(Calculator.java:6)
	at io.michaelcane.Commands.&lt;init&gt;(Commands.java:5)
	at io.michaelcane.Calculator.&lt;init&gt;(Calculator.java:6)
	at io.michaelcane.Commands.&lt;init&gt;(Commands.java:5)
	at io.michaelcane.Calculator.&lt;init&gt;(Calculator.java:6)
	at io.michaelcane.Commands.&lt;init&gt;(Commands.java:5)
	at io.michaelcane.Calculator.&lt;init&gt;(Calculator.java:6)
	at io.michaelcane.Commands.&lt;init&gt;(Commands.java:5)
	at io.michaelcane.Calculator.&lt;init&gt;(Calculator.java:6)
	at io.michaelcane.Commands.&lt;init&gt;(Commands.java:5)
	at io.michaelcane.Calculator.&lt;init&gt;(Calculator.java:6)
	at io.michaelcane.Commands.&lt;init&gt;(Commands.java:5)
	at io.michaelcane.Calculator.&lt;init&gt;(Calculator.java:6)
	at io.michaelcane.Commands.&lt;init&gt;(Commands.java:5)
	at io.michaelcane.Calculator.&lt;init&gt;(Calculator.java:6)
	at io.michaelcane.Commands.&lt;init&gt;(Commands.java:5)
	at io.michaelcane.Calculator.&lt;init&gt;(Calculator.java:6)
	at io.michaelcane.Commands.&lt;init&gt;(Commands.java:5)
	at io.michaelcane.Calculator.&lt;init&gt;(Calculator.java:6)
	at io.michaelcane.Commands.&lt;init&gt;(Commands.java:5)
	at io.michaelcane.Calculator.&lt;init&gt;(Calculator.java:6)
	at io.michaelcane.Commands.&lt;init&gt;(Commands.java:5)
	at io.michaelcane.Calculator.&lt;init&gt;(Calculator.java:6)
	at io.michaelcane.Commands.&lt;init&gt;(Commands.java:5)
	at io.michaelcane.Calculator.&lt;init&gt;(Calculator.java:6)
	at io.michaelcane.Commands.&lt;init&gt;(Commands.java:5)
	at io.michaelcane.Calculator.&lt;init&gt;(Calculator.java:6)
	at io.michaelcane.Commands.&lt;init&gt;(Commands.java:5)
	at io.michaelcane.Calculator.&lt;init&gt;(Calculator.java:6)
	at io.michaelcane.Commands.&lt;init&gt;(Commands.java:5)
	at io.michaelcane.Calculator.&lt;init&gt;(Calculator.java:6)
	at io.michaelcane.Commands.&lt;init&gt;(Commands.java:5)
	at io.michaelcane.Calculator.&lt;init&gt;(Calculator.java:6)
	at io.michaelcane.Commands.&lt;init&gt;(Commands.java:5)
	at io.michaelcane.Calculator.&lt;init&gt;(Calculator.java:6)
	at io.michaelcane.Commands.&lt;init&gt;(Commands.java:5)
	at io.michaelcane.Calculator.&lt;init&gt;(Calculator.java:6)
	at io.michaelcane.Commands.&lt;init&gt;(Commands.java:5)
	at io.michaelcane.Calculator.&lt;init&gt;(Calculator.java:6)
	at io.michaelcane.Commands.&lt;init&gt;(Commands.java:5)
	at io.michaelcane.Calculator.&lt;init&gt;(Calculator.java:6)
	at io.michaelcane.Commands.&lt;init&gt;(Commands.java:5)
	at io.michaelcane.Calculator.&lt;init&gt;(Calculator.java:6)
	at io.michaelcane.Commands.&lt;init&gt;(Commands.java:5)
	at io.michaelcane.Calculator.&lt;init&gt;(Calculator.java:6)
	at io.michaelcane.Commands.&lt;init&gt;(Commands.java:5)
	at io.michaelcane.Calculator.&lt;init&gt;(Calculator.java:6)
	at io.michaelcane.Commands.&lt;init&gt;(Commands.java:5)
	at io.michaelcane.Calculator.&lt;init&gt;(Calculator.java:6)
	at io.michaelcane.Commands.&lt;init&gt;(Commands.java:5)
	at io.michaelcane.Calculator.&lt;init&gt;(Calculator.java:6)
	at io.michaelcane.Commands.&lt;init&gt;(Commands.java:5)
	at io.michaelcane.Calculator.&lt;init&gt;(Calculator.java:6)
	at io.michaelcane.Commands.&lt;init&gt;(Commands.java:5)
	at io.michaelcane.Calculator.&lt;init&gt;(Calculator.java:6)
	at io.michaelcane.Commands.&lt;init&gt;(Commands.java:5)
	at io.michaelcane.Calculator.&lt;init&gt;(Calculator.java:6)
	at io.michaelcane.Commands.&lt;init&gt;(Commands.java:5)
	at io.michaelcane.Calculator.&lt;init&gt;(Calculator.java:6)
	at io.michaelcane.Commands.&lt;init&gt;(Commands.java:5)
	at io.michaelcane.Calculator.&lt;init&gt;(Calculator.java:6)
	at io.michaelcane.Commands.&lt;init&gt;(Commands.java:5)
	at io.michaelcane.Calculator.&lt;init&gt;(Calculator.java:6)
	at io.michaelcane.Commands.&lt;init&gt;(Commands.java:5)
	at io.michaelcane.Calculator.&lt;init&gt;(Calculator.java:6)
	at io.michaelcane.Commands.&lt;init&gt;(Commands.java:5)
	at io.michaelcane.Calculator.&lt;init&gt;(Calculator.java:6)
	at io.michaelcane.Commands.&lt;init&gt;(Commands.java:5)
	at io.michaelcane.Calculator.&lt;init&gt;(Calculator.java:6)
	at io.michaelcane.Commands.&lt;init&gt;(Commands.java:5)
	at io.michaelcane.Calculator.&lt;init&gt;(Calculator.java:6)
	at io.michaelcane.Commands.&lt;init&gt;(Commands.java:5)
</error>
  </testcase>
  <testcase classname="io.michaelcane.CalculatorSpec" name="test$inverseNaturalLog" time="0.009">
    <error type="java.lang.StackOverflowError">java.lang.StackOverflowError
	at io.michaelcane.Calculator.&lt;init&gt;(Calculator.java:6)
	at io.michaelcane.Commands.&lt;init&gt;(Commands.java:5)
	at io.michaelcane.Calculator.&lt;init&gt;(Calculator.java:6)
	at io.michaelcane.Commands.&lt;init&gt;(Commands.java:5)
	at io.michaelcane.Calculator.&lt;init&gt;(Calculator.java:6)
	at io.michaelcane.Commands.&lt;init&gt;(Commands.java:5)
	at io.michaelcane.Calculator.&lt;init&gt;(Calculator.java:6)
	at io.michaelcane.Commands.&lt;init&gt;(Commands.java:5)
	at io.michaelcane.Calculator.&lt;init&gt;(Calculator.java:6)
	at io.michaelcane.Commands.&lt;init&gt;(Commands.java:5)
	at io.michaelcane.Calculator.&lt;init&gt;(Calculator.java:6)
	at io.michaelcane.Commands.&lt;init&gt;(Commands.java:5)
	at io.michaelcane.Calculator.&lt;init&gt;(Calculator.java:6)
	at io.michaelcane.Commands.&lt;init&gt;(Commands.java:5)
	at io.michaelcane.Calculator.&lt;init&gt;(Calculator.java:6)
	at io.michaelcane.Commands.&lt;init&gt;(Commands.java:5)
	at io.michaelcane.Calculator.&lt;init&gt;(Calculator.java:6)
	at io.michaelcane.Commands.&lt;init&gt;(Commands.java:5)
	at io.michaelcane.Calculator.&lt;init&gt;(Calculator.java:6)
	at io.michaelcane.Commands.&lt;init&gt;(Commands.java:5)
	at io.michaelcane.Calculator.&lt;init&gt;(Calculator.java:6)
	at io.michaelcane.Commands.&lt;init&gt;(Commands.java:5)
	at io.michaelcane.Calculator.&lt;init&gt;(Calculator.java:6)
	at io.michaelcane.Commands.&lt;init&gt;(Commands.java:5)
	at io.michaelcane.Calculator.&lt;init&gt;(Calculator.java:6)
	at io.michaelcane.Commands.&lt;init&gt;(Commands.java:5)
	at io.michaelcane.Calculator.&lt;init&gt;(Calculator.java:6)
	at io.michaelcane.Commands.&lt;init&gt;(Commands.java:5)
	at io.michaelcane.Calculator.&lt;init&gt;(Calculator.java:6)
	at io.michaelcane.Commands.&lt;init&gt;(Commands.java:5)
	at io.michaelcane.Calculator.&lt;init&gt;(Calculator.java:6)
	at io.michaelcane.Commands.&lt;init&gt;(Commands.java:5)
	at io.michaelcane.Calculator.&lt;init&gt;(Calculator.java:6)
	at io.michaelcane.Commands.&lt;init&gt;(Commands.java:5)
	at io.michaelcane.Calculator.&lt;init&gt;(Calculator.java:6)
	at io.michaelcane.Commands.&lt;init&gt;(Commands.java:5)
	at io.michaelcane.Calculator.&lt;init&gt;(Calculator.java:6)
	at io.michaelcane.Commands.&lt;init&gt;(Commands.java:5)
	at io.michaelcane.Calculator.&lt;init&gt;(Calculator.java:6)
	at io.michaelcane.Commands.&lt;init&gt;(Commands.java:5)
	at io.michaelcane.Calculator.&lt;init&gt;(Calculator.java:6)
	at io.michaelcane.Commands.&lt;init&gt;(Commands.java:5)
	at io.michaelcane.Calculator.&lt;init&gt;(Calculator.java:6)
	at io.michaelcane.Commands.&lt;init&gt;(Commands.java:5)
	at io.michaelcane.Calculator.&lt;init&gt;(Calculator.java:6)
	at io.michaelcane.Commands.&lt;init&gt;(Commands.java:5)
	at io.michaelcane.Calculator.&lt;init&gt;(Calculator.java:6)
	at io.michaelcane.Commands.&lt;init&gt;(Commands.java:5)
	at io.michaelcane.Calculator.&lt;init&gt;(Calculator.java:6)
	at io.michaelcane.Commands.&lt;init&gt;(Commands.java:5)
	at io.michaelcane.Calculator.&lt;init&gt;(Calculator.java:6)
	at io.michaelcane.Commands.&lt;init&gt;(Commands.java:5)
	at io.michaelcane.Calculator.&lt;init&gt;(Calculator.java:6)
	at io.michaelcane.Commands.&lt;init&gt;(Commands.java:5)
	at io.michaelcane.Calculator.&lt;init&gt;(Calculator.java:6)
	at io.michaelcane.Commands.&lt;init&gt;(Commands.java:5)
	at io.michaelcane.Calculator.&lt;init&gt;(Calculator.java:6)
	at io.michaelcane.Commands.&lt;init&gt;(Commands.java:5)
	at io.michaelcane.Calculator.&lt;init&gt;(Calculator.java:6)
	at io.michaelcane.Commands.&lt;init&gt;(Commands.java:5)
	at io.michaelcane.Calculator.&lt;init&gt;(Calculator.java:6)
	at io.michaelcane.Commands.&lt;init&gt;(Commands.java:5)
	at io.michaelcane.Calculator.&lt;init&gt;(Calculator.java:6)
	at io.michaelcane.Commands.&lt;init&gt;(Commands.java:5)
	at io.michaelcane.Calculator.&lt;init&gt;(Calculator.java:6)
	at io.michaelcane.Commands.&lt;init&gt;(Commands.java:5)
	at io.michaelcane.Calculator.&lt;init&gt;(Calculator.java:6)
	at io.michaelcane.Commands.&lt;init&gt;(Commands.java:5)
	at io.michaelcane.Calculator.&lt;init&gt;(Calculator.java:6)
	at io.michaelcane.Commands.&lt;init&gt;(Commands.java:5)
	at io.michaelcane.Calculator.&lt;init&gt;(Calculator.java:6)
	at io.michaelcane.Commands.&lt;init&gt;(Commands.java:5)
	at io.michaelcane.Calculator.&lt;init&gt;(Calculator.java:6)
	at io.michaelcane.Commands.&lt;init&gt;(Commands.java:5)
	at io.michaelcane.Calculator.&lt;init&gt;(Calculator.java:6)
	at io.michaelcane.Commands.&lt;init&gt;(Commands.java:5)
	at io.michaelcane.Calculator.&lt;init&gt;(Calculator.java:6)
	at io.michaelcane.Commands.&lt;init&gt;(Commands.java:5)
	at io.michaelcane.Calculator.&lt;init&gt;(Calculator.java:6)
	at io.michaelcane.Commands.&lt;init&gt;(Commands.java:5)
	at io.michaelcane.Calculator.&lt;init&gt;(Calculator.java:6)
	at io.michaelcane.Commands.&lt;init&gt;(Commands.java:5)
	at io.michaelcane.Calculator.&lt;init&gt;(Calculator.java:6)
	at io.michaelcane.Commands.&lt;init&gt;(Commands.java:5)
	at io.michaelcane.Calculator.&lt;init&gt;(Calculator.java:6)
	at io.michaelcane.Commands.&lt;init&gt;(Commands.java:5)
	at io.michaelcane.Calculator.&lt;init&gt;(Calculator.java:6)
	at io.michaelcane.Commands.&lt;init&gt;(Commands.java:5)
	at io.michaelcane.Calculator.&lt;init&gt;(Calculator.java:6)
	at io.michaelcane.Commands.&lt;init&gt;(Commands.java:5)
	at io.michaelcane.Calculator.&lt;init&gt;(Calculator.java:6)
	at io.michaelcane.Commands.&lt;init&gt;(Commands.java:5)
	at io.michaelcane.Calculator.&lt;init&gt;(Calculator.java:6)
	at io.michaelcane.Commands.&lt;init&gt;(Commands.java:5)
	at io.michaelcane.Calculator.&lt;init&gt;(Calculator.java:6)
	at io.michaelcane.Commands.&lt;init&gt;(Commands.java:5)
	at io.michaelcane.Calculator.&lt;init&gt;(Calculator.java:6)
	at io.michaelcane.Commands.&lt;init&gt;(Commands.java:5)
	at io.michaelcane.Calculator.&lt;init&gt;(Calculator.java:6)
	at io.michaelcane.Commands.&lt;init&gt;(Commands.java:5)
	at io.michaelcane.Calculator.&lt;init&gt;(Calculator.java:6)
	at io.michaelcane.Commands.&lt;init&gt;(Commands.java:5)
	at io.michaelcane.Calculator.&lt;init&gt;(Calculator.java:6)
	at io.michaelcane.Commands.&lt;init&gt;(Commands.java:5)
	at io.michaelcane.Calculator.&lt;init&gt;(Calculator.java:6)
	at io.michaelcane.Commands.&lt;init&gt;(Commands.java:5)
	at io.michaelcane.Calculator.&lt;init&gt;(Calculator.java:6)
	at io.michaelcane.Commands.&lt;init&gt;(Commands.java:5)
	at io.michaelcane.Calculator.&lt;init&gt;(Calculator.java:6)
	at io.michaelcane.Commands.&lt;init&gt;(Commands.java:5)
	at io.michaelcane.Calculator.&lt;init&gt;(Calculator.java:6)
	at io.michaelcane.Commands.&lt;init&gt;(Commands.java:5)
	at io.michaelcane.Calculator.&lt;init&gt;(Calculator.java:6)
	at io.michaelcane.Commands.&lt;init&gt;(Commands.java:5)
	at io.michaelcane.Calculator.&lt;init&gt;(Calculator.java:6)
	at io.michaelcane.Commands.&lt;init&gt;(Commands.java:5)
	at io.michaelcane.Calculator.&lt;init&gt;(Calculator.java:6)
	at io.michaelcane.Commands.&lt;init&gt;(Commands.java:5)
	at io.michaelcane.Calculator.&lt;init&gt;(Calculator.java:6)
	at io.michaelcane.Commands.&lt;init&gt;(Commands.java:5)
	at io.michaelcane.Calculator.&lt;init&gt;(Calculator.java:6)
	at io.michaelcane.Commands.&lt;init&gt;(Commands.java:5)
	at io.michaelcane.Calculator.&lt;init&gt;(Calculator.java:6)
	at io.michaelcane.Commands.&lt;init&gt;(Commands.java:5)
	at io.michaelcane.Calculator.&lt;init&gt;(Calculator.java:6)
	at io.michaelcane.Commands.&lt;init&gt;(Commands.java:5)
	at io.michaelcane.Calculator.&lt;init&gt;(Calculator.java:6)
	at io.michaelcane.Commands.&lt;init&gt;(Commands.java:5)
	at io.michaelcane.Calculator.&lt;init&gt;(Calculator.java:6)
	at io.michaelcane.Commands.&lt;init&gt;(Commands.java:5)
	at io.michaelcane.Calculator.&lt;init&gt;(Calculator.java:6)
	at io.michaelcane.Commands.&lt;init&gt;(Commands.java:5)
	at io.michaelcane.Calculator.&lt;init&gt;(Calculator.java:6)
	at io.michaelcane.Commands.&lt;init&gt;(Commands.java:5)
	at io.michaelcane.Calculator.&lt;init&gt;(Calculator.java:6)
	at io.michaelcane.Commands.&lt;init&gt;(Commands.java:5)
	at io.michaelcane.Calculator.&lt;init&gt;(Calculator.java:6)
	at io.michaelcane.Commands.&lt;init&gt;(Commands.java:5)
	at io.michaelcane.Calculator.&lt;init&gt;(Calculator.java:6)
	at io.michaelcane.Commands.&lt;init&gt;(Commands.java:5)
	at io.michaelcane.Calculator.&lt;init&gt;(Calculator.java:6)
	at io.michaelcane.Commands.&lt;init&gt;(Commands.java:5)
	at io.michaelcane.Calculator.&lt;init&gt;(Calculator.java:6)
	at io.michaelcane.Commands.&lt;init&gt;(Commands.java:5)
	at io.michaelcane.Calculator.&lt;init&gt;(Calculator.java:6)
	at io.michaelcane.Commands.&lt;init&gt;(Commands.java:5)
	at io.michaelcane.Calculator.&lt;init&gt;(Calculator.java:6)
	at io.michaelcane.Commands.&lt;init&gt;(Commands.java:5)
	at io.michaelcane.Calculator.&lt;init&gt;(Calculator.java:6)
	at io.michaelcane.Commands.&lt;init&gt;(Commands.java:5)
	at io.michaelcane.Calculator.&lt;init&gt;(Calculator.java:6)
	at io.michaelcane.Commands.&lt;init&gt;(Commands.java:5)
	at io.michaelcane.Calculator.&lt;init&gt;(Calculator.java:6)
	at io.michaelcane.Commands.&lt;init&gt;(Commands.java:5)
	at io.michaelcane.Calculator.&lt;init&gt;(Calculator.java:6)
	at io.michaelcane.Commands.&lt;init&gt;(Commands.java:5)
	at io.michaelcane.Calculator.&lt;init&gt;(Calculator.java:6)
	at io.michaelcane.Commands.&lt;init&gt;(Commands.java:5)
	at io.michaelcane.Calculator.&lt;init&gt;(Calculator.java:6)
	at io.michaelcane.Commands.&lt;init&gt;(Commands.java:5)
	at io.michaelcane.Calculator.&lt;init&gt;(Calculator.java:6)
	at io.michaelcane.Commands.&lt;init&gt;(Commands.java:5)
	at io.michaelcane.Calculator.&lt;init&gt;(Calculator.java:6)
	at io.michaelcane.Commands.&lt;init&gt;(Commands.java:5)
	at io.michaelcane.Calculator.&lt;init&gt;(Calculator.java:6)
	at io.michaelcane.Commands.&lt;init&gt;(Commands.java:5)
	at io.michaelcane.Calculator.&lt;init&gt;(Calculator.java:6)
	at io.michaelcane.Commands.&lt;init&gt;(Commands.java:5)
	at io.michaelcane.Calculator.&lt;init&gt;(Calculator.java:6)
	at io.michaelcane.Commands.&lt;init&gt;(Commands.java:5)
	at io.michaelcane.Calculator.&lt;init&gt;(Calculator.java:6)
	at io.michaelcane.Commands.&lt;init&gt;(Commands.java:5)
	at io.michaelcane.Calculator.&lt;init&gt;(Calculator.java:6)
	at io.michaelcane.Commands.&lt;init&gt;(Commands.java:5)
	at io.michaelcane.Calculator.&lt;init&gt;(Calculator.java:6)
	at io.michaelcane.Commands.&lt;init&gt;(Commands.java:5)
	at io.michaelcane.Calculator.&lt;init&gt;(Calculator.java:6)
	at io.michaelcane.Commands.&lt;init&gt;(Commands.java:5)
	at io.michaelcane.Calculator.&lt;init&gt;(Calculator.java:6)
	at io.michaelcane.Commands.&lt;init&gt;(Commands.java:5)
	at io.michaelcane.Calculator.&lt;init&gt;(Calculator.java:6)
	at io.michaelcane.Commands.&lt;init&gt;(Commands.java:5)
	at io.michaelcane.Calculator.&lt;init&gt;(Calculator.java:6)
	at io.michaelcane.Commands.&lt;init&gt;(Commands.java:5)
	at io.michaelcane.Calculator.&lt;init&gt;(Calculator.java:6)
	at io.michaelcane.Commands.&lt;init&gt;(Commands.java:5)
	at io.michaelcane.Calculator.&lt;init&gt;(Calculator.java:6)
	at io.michaelcane.Commands.&lt;init&gt;(Commands.java:5)
	at io.michaelcane.Calculator.&lt;init&gt;(Calculator.java:6)
	at io.michaelcane.Commands.&lt;init&gt;(Commands.java:5)
	at io.michaelcane.Calculator.&lt;init&gt;(Calculator.java:6)
	at io.michaelcane.Commands.&lt;init&gt;(Commands.java:5)
	at io.michaelcane.Calculator.&lt;init&gt;(Calculator.java:6)
	at io.michaelcane.Commands.&lt;init&gt;(Commands.java:5)
	at io.michaelcane.Calculator.&lt;init&gt;(Calculator.java:6)
	at io.michaelcane.Commands.&lt;init&gt;(Commands.java:5)
	at io.michaelcane.Calculator.&lt;init&gt;(Calculator.java:6)
	at io.michaelcane.Commands.&lt;init&gt;(Commands.java:5)
	at io.michaelcane.Calculator.&lt;init&gt;(Calculator.java:6)
	at io.michaelcane.Commands.&lt;init&gt;(Commands.java:5)
	at io.michaelcane.Calculator.&lt;init&gt;(Calculator.java:6)
	at io.michaelcane.Commands.&lt;init&gt;(Commands.java:5)
	at io.michaelcane.Calculator.&lt;init&gt;(Calculator.java:6)
	at io.michaelcane.Commands.&lt;init&gt;(Commands.java:5)
	at io.michaelcane.Calculator.&lt;init&gt;(Calculator.java:6)
	at io.michaelcane.Commands.&lt;init&gt;(Commands.java:5)
	at io.michaelcane.Calculator.&lt;init&gt;(Calculator.java:6)
	at io.michaelcane.Commands.&lt;init&gt;(Commands.java:5)
	at io.michaelcane.Calculator.&lt;init&gt;(Calculator.java:6)
	at io.michaelcane.Commands.&lt;init&gt;(Commands.java:5)
	at io.michaelcane.Calculator.&lt;init&gt;(Calculator.java:6)
	at io.michaelcane.Commands.&lt;init&gt;(Commands.java:5)
	at io.michaelcane.Calculator.&lt;init&gt;(Calculator.java:6)
	at io.michaelcane.Commands.&lt;init&gt;(Commands.java:5)
	at io.michaelcane.Calculator.&lt;init&gt;(Calculator.java:6)
	at io.michaelcane.Commands.&lt;init&gt;(Commands.java:5)
	at io.michaelcane.Calculator.&lt;init&gt;(Calculator.java:6)
	at io.michaelcane.Commands.&lt;init&gt;(Commands.java:5)
	at io.michaelcane.Calculator.&lt;init&gt;(Calculator.java:6)
	at io.michaelcane.Commands.&lt;init&gt;(Commands.java:5)
	at io.michaelcane.Calculator.&lt;init&gt;(Calculator.java:6)
	at io.michaelcane.Commands.&lt;init&gt;(Commands.java:5)
	at io.michaelcane.Calculator.&lt;init&gt;(Calculator.java:6)
	at io.michaelcane.Commands.&lt;init&gt;(Commands.java:5)
	at io.michaelcane.Calculator.&lt;init&gt;(Calculator.java:6)
	at io.michaelcane.Commands.&lt;init&gt;(Commands.java:5)
	at io.michaelcane.Calculator.&lt;init&gt;(Calculator.java:6)
	at io.michaelcane.Commands.&lt;init&gt;(Commands.java:5)
	at io.michaelcane.Calculator.&lt;init&gt;(Calculator.java:6)
	at io.michaelcane.Commands.&lt;init&gt;(Commands.java:5)
	at io.michaelcane.Calculator.&lt;init&gt;(Calculator.java:6)
	at io.michaelcane.Commands.&lt;init&gt;(Commands.java:5)
	at io.michaelcane.Calculator.&lt;init&gt;(Calculator.java:6)
	at io.michaelcane.Commands.&lt;init&gt;(Commands.java:5)
	at io.michaelcane.Calculator.&lt;init&gt;(Calculator.java:6)
	at io.michaelcane.Commands.&lt;init&gt;(Commands.java:5)
	at io.michaelcane.Calculator.&lt;init&gt;(Calculator.java:6)
	at io.michaelcane.Commands.&lt;init&gt;(Commands.java:5)
	at io.michaelcane.Calculator.&lt;init&gt;(Calculator.java:6)
	at io.michaelcane.Commands.&lt;init&gt;(Commands.java:5)
	at io.michaelcane.Calculator.&lt;init&gt;(Calculator.java:6)
	at io.michaelcane.Commands.&lt;init&gt;(Commands.java:5)
	at io.michaelcane.Calculator.&lt;init&gt;(Calculator.java:6)
	at io.michaelcane.Commands.&lt;init&gt;(Commands.java:5)
	at io.michaelcane.Calculator.&lt;init&gt;(Calculator.java:6)
	at io.michaelcane.Commands.&lt;init&gt;(Commands.java:5)
	at io.michaelcane.Calculator.&lt;init&gt;(Calculator.java:6)
	at io.michaelcane.Commands.&lt;init&gt;(Commands.java:5)
	at io.michaelcane.Calculator.&lt;init&gt;(Calculator.java:6)
	at io.michaelcane.Commands.&lt;init&gt;(Commands.java:5)
	at io.michaelcane.Calculator.&lt;init&gt;(Calculator.java:6)
	at io.michaelcane.Commands.&lt;init&gt;(Commands.java:5)
	at io.michaelcane.Calculator.&lt;init&gt;(Calculator.java:6)
	at io.michaelcane.Commands.&lt;init&gt;(Commands.java:5)
	at io.michaelcane.Calculator.&lt;init&gt;(Calculator.java:6)
	at io.michaelcane.Commands.&lt;init&gt;(Commands.java:5)
	at io.michaelcane.Calculator.&lt;init&gt;(Calculator.java:6)
	at io.michaelcane.Commands.&lt;init&gt;(Commands.java:5)
	at io.michaelcane.Calculator.&lt;init&gt;(Calculator.java:6)
	at io.michaelcane.Commands.&lt;init&gt;(Commands.java:5)
	at io.michaelcane.Calculator.&lt;init&gt;(Calculator.java:6)
	at io.michaelcane.Commands.&lt;init&gt;(Commands.java:5)
	at io.michaelcane.Calculator.&lt;init&gt;(Calculator.java:6)
	at io.michaelcane.Commands.&lt;init&gt;(Commands.java:5)
	at io.michaelcane.Calculator.&lt;init&gt;(Calculator.java:6)
	at io.michaelcane.Commands.&lt;init&gt;(Commands.java:5)
	at io.michaelcane.Calculator.&lt;init&gt;(Calculator.java:6)
	at io.michaelcane.Commands.&lt;init&gt;(Commands.java:5)
	at io.michaelcane.Calculator.&lt;init&gt;(Calculator.java:6)
	at io.michaelcane.Commands.&lt;init&gt;(Commands.java:5)
	at io.michaelcane.Calculator.&lt;init&gt;(Calculator.java:6)
	at io.michaelcane.Commands.&lt;init&gt;(Commands.java:5)
	at io.michaelcane.Calculator.&lt;init&gt;(Calculator.java:6)
	at io.michaelcane.Commands.&lt;init&gt;(Commands.java:5)
	at io.michaelcane.Calculator.&lt;init&gt;(Calculator.java:6)
	at io.michaelcane.Commands.&lt;init&gt;(Commands.java:5)
	at io.michaelcane.Calculator.&lt;init&gt;(Calculator.java:6)
	at io.michaelcane.Commands.&lt;init&gt;(Commands.java:5)
	at io.michaelcane.Calculator.&lt;init&gt;(Calculator.java:6)
	at io.michaelcane.Commands.&lt;init&gt;(Commands.java:5)
	at io.michaelcane.Calculator.&lt;init&gt;(Calculator.java:6)
	at io.michaelcane.Commands.&lt;init&gt;(Commands.java:5)
	at io.michaelcane.Calculator.&lt;init&gt;(Calculator.java:6)
	at io.michaelcane.Commands.&lt;init&gt;(Commands.java:5)
	at io.michaelcane.Calculator.&lt;init&gt;(Calculator.java:6)
	at io.michaelcane.Commands.&lt;init&gt;(Commands.java:5)
	at io.michaelcane.Calculator.&lt;init&gt;(Calculator.java:6)
	at io.michaelcane.Commands.&lt;init&gt;(Commands.java:5)
	at io.michaelcane.Calculator.&lt;init&gt;(Calculator.java:6)
	at io.michaelcane.Commands.&lt;init&gt;(Commands.java:5)
	at io.michaelcane.Calculator.&lt;init&gt;(Calculator.java:6)
	at io.michaelcane.Commands.&lt;init&gt;(Commands.java:5)
	at io.michaelcane.Calculator.&lt;init&gt;(Calculator.java:6)
	at io.michaelcane.Commands.&lt;init&gt;(Commands.java:5)
	at io.michaelcane.Calculator.&lt;init&gt;(Calculator.java:6)
	at io.michaelcane.Commands.&lt;init&gt;(Commands.java:5)
	at io.michaelcane.Calculator.&lt;init&gt;(Calculator.java:6)
	at io.michaelcane.Commands.&lt;init&gt;(Commands.java:5)
	at io.michaelcane.Calculator.&lt;init&gt;(Calculator.java:6)
	at io.michaelcane.Commands.&lt;init&gt;(Commands.java:5)
	at io.michaelcane.Calculator.&lt;init&gt;(Calculator.java:6)
	at io.michaelcane.Commands.&lt;init&gt;(Commands.java:5)
	at io.michaelcane.Calculator.&lt;init&gt;(Calculator.java:6)
	at io.michaelcane.Commands.&lt;init&gt;(Commands.java:5)
	at io.michaelcane.Calculator.&lt;init&gt;(Calculator.java:6)
	at io.michaelcane.Commands.&lt;init&gt;(Commands.java:5)
	at io.michaelcane.Calculator.&lt;init&gt;(Calculator.java:6)
	at io.michaelcane.Commands.&lt;init&gt;(Commands.java:5)
	at io.michaelcane.Calculator.&lt;init&gt;(Calculator.java:6)
	at io.michaelcane.Commands.&lt;init&gt;(Commands.java:5)
	at io.michaelcane.Calculator.&lt;init&gt;(Calculator.java:6)
	at io.michaelcane.Commands.&lt;init&gt;(Commands.java:5)
	at io.michaelcane.Calculator.&lt;init&gt;(Calculator.java:6)
	at io.michaelcane.Commands.&lt;init&gt;(Commands.java:5)
	at io.michaelcane.Calculator.&lt;init&gt;(Calculator.java:6)
	at io.michaelcane.Commands.&lt;init&gt;(Commands.java:5)
	at io.michaelcane.Calculator.&lt;init&gt;(Calculator.java:6)
	at io.michaelcane.Commands.&lt;init&gt;(Commands.java:5)
	at io.michaelcane.Calculator.&lt;init&gt;(Calculator.java:6)
	at io.michaelcane.Commands.&lt;init&gt;(Commands.java:5)
	at io.michaelcane.Calculator.&lt;init&gt;(Calculator.java:6)
	at io.michaelcane.Commands.&lt;init&gt;(Commands.java:5)
	at io.michaelcane.Calculator.&lt;init&gt;(Calculator.java:6)
	at io.michaelcane.Commands.&lt;init&gt;(Commands.java:5)
	at io.michaelcane.Calculator.&lt;init&gt;(Calculator.java:6)
	at io.michaelcane.Commands.&lt;init&gt;(Commands.java:5)
	at io.michaelcane.Calculator.&lt;init&gt;(Calculator.java:6)
	at io.michaelcane.Commands.&lt;init&gt;(Commands.java:5)
	at io.michaelcane.Calculator.&lt;init&gt;(Calculator.java:6)
	at io.michaelcane.Commands.&lt;init&gt;(Commands.java:5)
	at io.michaelcane.Calculator.&lt;init&gt;(Calculator.java:6)
	at io.michaelcane.Commands.&lt;init&gt;(Commands.java:5)
	at io.michaelcane.Calculator.&lt;init&gt;(Calculator.java:6)
	at io.michaelcane.Commands.&lt;init&gt;(Commands.java:5)
	at io.michaelcane.Calculator.&lt;init&gt;(Calculator.java:6)
	at io.michaelcane.Commands.&lt;init&gt;(Commands.java:5)
	at io.michaelcane.Calculator.&lt;init&gt;(Calculator.java:6)
	at io.michaelcane.Commands.&lt;init&gt;(Commands.java:5)
	at io.michaelcane.Calculator.&lt;init&gt;(Calculator.java:6)
	at io.michaelcane.Commands.&lt;init&gt;(Commands.java:5)
	at io.michaelcane.Calculator.&lt;init&gt;(Calculator.java:6)
	at io.michaelcane.Commands.&lt;init&gt;(Commands.java:5)
	at io.michaelcane.Calculator.&lt;init&gt;(Calculator.java:6)
	at io.michaelcane.Commands.&lt;init&gt;(Commands.java:5)
	at io.michaelcane.Calculator.&lt;init&gt;(Calculator.java:6)
	at io.michaelcane.Commands.&lt;init&gt;(Commands.java:5)
	at io.michaelcane.Calculator.&lt;init&gt;(Calculator.java:6)
	at io.michaelcane.Commands.&lt;init&gt;(Commands.java:5)
	at io.michaelcane.Calculator.&lt;init&gt;(Calculator.java:6)
	at io.michaelcane.Commands.&lt;init&gt;(Commands.java:5)
	at io.michaelcane.Calculator.&lt;init&gt;(Calculator.java:6)
	at io.michaelcane.Commands.&lt;init&gt;(Commands.java:5)
	at io.michaelcane.Calculator.&lt;init&gt;(Calculator.java:6)
	at io.michaelcane.Commands.&lt;init&gt;(Commands.java:5)
	at io.michaelcane.Calculator.&lt;init&gt;(Calculator.java:6)
	at io.michaelcane.Commands.&lt;init&gt;(Commands.java:5)
	at io.michaelcane.Calculator.&lt;init&gt;(Calculator.java:6)
	at io.michaelcane.Commands.&lt;init&gt;(Commands.java:5)
	at io.michaelcane.Calculator.&lt;init&gt;(Calculator.java:6)
	at io.michaelcane.Commands.&lt;init&gt;(Commands.java:5)
	at io.michaelcane.Calculator.&lt;init&gt;(Calculator.java:6)
	at io.michaelcane.Commands.&lt;init&gt;(Commands.java:5)
	at io.michaelcane.Calculator.&lt;init&gt;(Calculator.java:6)
	at io.michaelcane.Commands.&lt;init&gt;(Commands.java:5)
	at io.michaelcane.Calculator.&lt;init&gt;(Calculator.java:6)
	at io.michaelcane.Commands.&lt;init&gt;(Commands.java:5)
	at io.michaelcane.Calculator.&lt;init&gt;(Calculator.java:6)
	at io.michaelcane.Commands.&lt;init&gt;(Commands.java:5)
	at io.michaelcane.Calculator.&lt;init&gt;(Calculator.java:6)
	at io.michaelcane.Commands.&lt;init&gt;(Commands.java:5)
	at io.michaelcane.Calculator.&lt;init&gt;(Calculator.java:6)
	at io.michaelcane.Commands.&lt;init&gt;(Commands.java:5)
	at io.michaelcane.Calculator.&lt;init&gt;(Calculator.java:6)
	at io.michaelcane.Commands.&lt;init&gt;(Commands.java:5)
	at io.michaelcane.Calculator.&lt;init&gt;(Calculator.java:6)
	at io.michaelcane.Commands.&lt;init&gt;(Commands.java:5)
	at io.michaelcane.Calculator.&lt;init&gt;(Calculator.java:6)
	at io.michaelcane.Commands.&lt;init&gt;(Commands.java:5)
	at io.michaelcane.Calculator.&lt;init&gt;(Calculator.java:6)
	at io.michaelcane.Commands.&lt;init&gt;(Commands.java:5)
	at io.michaelcane.Calculator.&lt;init&gt;(Calculator.java:6)
	at io.michaelcane.Commands.&lt;init&gt;(Commands.java:5)
	at io.michaelcane.Calculator.&lt;init&gt;(Calculator.java:6)
	at io.michaelcane.Commands.&lt;init&gt;(Commands.java:5)
	at io.michaelcane.Calculator.&lt;init&gt;(Calculator.java:6)
	at io.michaelcane.Commands.&lt;init&gt;(Commands.java:5)
	at io.michaelcane.Calculator.&lt;init&gt;(Calculator.java:6)
	at io.michaelcane.Commands.&lt;init&gt;(Commands.java:5)
	at io.michaelcane.Calculator.&lt;init&gt;(Calculator.java:6)
	at io.michaelcane.Commands.&lt;init&gt;(Commands.java:5)
	at io.michaelcane.Calculator.&lt;init&gt;(Calculator.java:6)
	at io.michaelcane.Commands.&lt;init&gt;(Commands.java:5)
	at io.michaelcane.Calculator.&lt;init&gt;(Calculator.java:6)
	at io.michaelcane.Commands.&lt;init&gt;(Commands.java:5)
	at io.michaelcane.Calculator.&lt;init&gt;(Calculator.java:6)
	at io.michaelcane.Commands.&lt;init&gt;(Commands.java:5)
	at io.michaelcane.Calculator.&lt;init&gt;(Calculator.java:6)
	at io.michaelcane.Commands.&lt;init&gt;(Commands.java:5)
	at io.michaelcane.Calculator.&lt;init&gt;(Calculator.java:6)
	at io.michaelcane.Commands.&lt;init&gt;(Commands.java:5)
	at io.michaelcane.Calculator.&lt;init&gt;(Calculator.java:6)
	at io.michaelcane.Commands.&lt;init&gt;(Commands.java:5)
	at io.michaelcane.Calculator.&lt;init&gt;(Calculator.java:6)
	at io.michaelcane.Commands.&lt;init&gt;(Commands.java:5)
	at io.michaelcane.Calculator.&lt;init&gt;(Calculator.java:6)
	at io.michaelcane.Commands.&lt;init&gt;(Commands.java:5)
	at io.michaelcane.Calculator.&lt;init&gt;(Calculator.java:6)
	at io.michaelcane.Commands.&lt;init&gt;(Commands.java:5)
	at io.michaelcane.Calculator.&lt;init&gt;(Calculator.java:6)
	at io.michaelcane.Commands.&lt;init&gt;(Commands.java:5)
	at io.michaelcane.Calculator.&lt;init&gt;(Calculator.java:6)
	at io.michaelcane.Commands.&lt;init&gt;(Commands.java:5)
	at io.michaelcane.Calculator.&lt;init&gt;(Calculator.java:6)
	at io.michaelcane.Commands.&lt;init&gt;(Commands.java:5)
	at io.michaelcane.Calculator.&lt;init&gt;(Calculator.java:6)
	at io.michaelcane.Commands.&lt;init&gt;(Commands.java:5)
	at io.michaelcane.Calculator.&lt;init&gt;(Calculator.java:6)
	at io.michaelcane.Commands.&lt;init&gt;(Commands.java:5)
	at io.michaelcane.Calculator.&lt;init&gt;(Calculator.java:6)
	at io.michaelcane.Commands.&lt;init&gt;(Commands.java:5)
	at io.michaelcane.Calculator.&lt;init&gt;(Calculator.java:6)
	at io.michaelcane.Commands.&lt;init&gt;(Commands.java:5)
	at io.michaelcane.Calculator.&lt;init&gt;(Calculator.java:6)
	at io.michaelcane.Commands.&lt;init&gt;(Commands.java:5)
	at io.michaelcane.Calculator.&lt;init&gt;(Calculator.java:6)
	at io.michaelcane.Commands.&lt;init&gt;(Commands.java:5)
	at io.michaelcane.Calculator.&lt;init&gt;(Calculator.java:6)
	at io.michaelcane.Commands.&lt;init&gt;(Commands.java:5)
	at io.michaelcane.Calculator.&lt;init&gt;(Calculator.java:6)
	at io.michaelcane.Commands.&lt;init&gt;(Commands.java:5)
	at io.michaelcane.Calculator.&lt;init&gt;(Calculator.java:6)
	at io.michaelcane.Commands.&lt;init&gt;(Commands.java:5)
	at io.michaelcane.Calculator.&lt;init&gt;(Calculator.java:6)
	at io.michaelcane.Commands.&lt;init&gt;(Commands.java:5)
	at io.michaelcane.Calculator.&lt;init&gt;(Calculator.java:6)
	at io.michaelcane.Commands.&lt;init&gt;(Commands.java:5)
	at io.michaelcane.Calculator.&lt;init&gt;(Calculator.java:6)
	at io.michaelcane.Commands.&lt;init&gt;(Commands.java:5)
	at io.michaelcane.Calculator.&lt;init&gt;(Calculator.java:6)
	at io.michaelcane.Commands.&lt;init&gt;(Commands.java:5)
	at io.michaelcane.Calculator.&lt;init&gt;(Calculator.java:6)
	at io.michaelcane.Commands.&lt;init&gt;(Commands.java:5)
	at io.michaelcane.Calculator.&lt;init&gt;(Calculator.java:6)
	at io.michaelcane.Commands.&lt;init&gt;(Commands.java:5)
	at io.michaelcane.Calculator.&lt;init&gt;(Calculator.java:6)
	at io.michaelcane.Commands.&lt;init&gt;(Commands.java:5)
	at io.michaelcane.Calculator.&lt;init&gt;(Calculator.java:6)
	at io.michaelcane.Commands.&lt;init&gt;(Commands.java:5)
	at io.michaelcane.Calculator.&lt;init&gt;(Calculator.java:6)
	at io.michaelcane.Commands.&lt;init&gt;(Commands.java:5)
	at io.michaelcane.Calculator.&lt;init&gt;(Calculator.java:6)
	at io.michaelcane.Commands.&lt;init&gt;(Commands.java:5)
	at io.michaelcane.Calculator.&lt;init&gt;(Calculator.java:6)
	at io.michaelcane.Commands.&lt;init&gt;(Commands.java:5)
	at io.michaelcane.Calculator.&lt;init&gt;(Calculator.java:6)
	at io.michaelcane.Commands.&lt;init&gt;(Commands.java:5)
	at io.michaelcane.Calculator.&lt;init&gt;(Calculator.java:6)
	at io.michaelcane.Commands.&lt;init&gt;(Commands.java:5)
	at io.michaelcane.Calculator.&lt;init&gt;(Calculator.java:6)
	at io.michaelcane.Commands.&lt;init&gt;(Commands.java:5)
	at io.michaelcane.Calculator.&lt;init&gt;(Calculator.java:6)
	at io.michaelcane.Commands.&lt;init&gt;(Commands.java:5)
	at io.michaelcane.Calculator.&lt;init&gt;(Calculator.java:6)
	at io.michaelcane.Commands.&lt;init&gt;(Commands.java:5)
	at io.michaelcane.Calculator.&lt;init&gt;(Calculator.java:6)
	at io.michaelcane.Commands.&lt;init&gt;(Commands.java:5)
	at io.michaelcane.Calculator.&lt;init&gt;(Calculator.java:6)
	at io.michaelcane.Commands.&lt;init&gt;(Commands.java:5)
	at io.michaelcane.Calculator.&lt;init&gt;(Calculator.java:6)
	at io.michaelcane.Commands.&lt;init&gt;(Commands.java:5)
	at io.michaelcane.Calculator.&lt;init&gt;(Calculator.java:6)
	at io.michaelcane.Commands.&lt;init&gt;(Commands.java:5)
	at io.michaelcane.Calculator.&lt;init&gt;(Calculator.java:6)
	at io.michaelcane.Commands.&lt;init&gt;(Commands.java:5)
	at io.michaelcane.Calculator.&lt;init&gt;(Calculator.java:6)
	at io.michaelcane.Commands.&lt;init&gt;(Commands.java:5)
	at io.michaelcane.Calculator.&lt;init&gt;(Calculator.java:6)
	at io.michaelcane.Commands.&lt;init&gt;(Commands.java:5)
	at io.michaelcane.Calculator.&lt;init&gt;(Calculator.java:6)
	at io.michaelcane.Commands.&lt;init&gt;(Commands.java:5)
	at io.michaelcane.Calculator.&lt;init&gt;(Calculator.java:6)
	at io.michaelcane.Commands.&lt;init&gt;(Commands.java:5)
	at io.michaelcane.Calculator.&lt;init&gt;(Calculator.java:6)
	at io.michaelcane.Commands.&lt;init&gt;(Commands.java:5)
	at io.michaelcane.Calculator.&lt;init&gt;(Calculator.java:6)
	at io.michaelcane.Commands.&lt;init&gt;(Commands.java:5)
	at io.michaelcane.Calculator.&lt;init&gt;(Calculator.java:6)
	at io.michaelcane.Commands.&lt;init&gt;(Commands.java:5)
	at io.michaelcane.Calculator.&lt;init&gt;(Calculator.java:6)
	at io.michaelcane.Commands.&lt;init&gt;(Commands.java:5)
	at io.michaelcane.Calculator.&lt;init&gt;(Calculator.java:6)
	at io.michaelcane.Commands.&lt;init&gt;(Commands.java:5)
	at io.michaelcane.Calculator.&lt;init&gt;(Calculator.java:6)
	at io.michaelcane.Commands.&lt;init&gt;(Commands.java:5)
	at io.michaelcane.Calculator.&lt;init&gt;(Calculator.java:6)
	at io.michaelcane.Commands.&lt;init&gt;(Commands.java:5)
	at io.michaelcane.Calculator.&lt;init&gt;(Calculator.java:6)
	at io.michaelcane.Commands.&lt;init&gt;(Commands.java:5)
	at io.michaelcane.Calculator.&lt;init&gt;(Calculator.java:6)
	at io.michaelcane.Commands.&lt;init&gt;(Commands.java:5)
	at io.michaelcane.Calculator.&lt;init&gt;(Calculator.java:6)
	at io.michaelcane.Commands.&lt;init&gt;(Commands.java:5)
	at io.michaelcane.Calculator.&lt;init&gt;(Calculator.java:6)
	at io.michaelcane.Commands.&lt;init&gt;(Commands.java:5)
	at io.michaelcane.Calculator.&lt;init&gt;(Calculator.java:6)
	at io.michaelcane.Commands.&lt;init&gt;(Commands.java:5)
	at io.michaelcane.Calculator.&lt;init&gt;(Calculator.java:6)
	at io.michaelcane.Commands.&lt;init&gt;(Commands.java:5)
	at io.michaelcane.Calculator.&lt;init&gt;(Calculator.java:6)
	at io.michaelcane.Commands.&lt;init&gt;(Commands.java:5)
	at io.michaelcane.Calculator.&lt;init&gt;(Calculator.java:6)
	at io.michaelcane.Commands.&lt;init&gt;(Commands.java:5)
	at io.michaelcane.Calculator.&lt;init&gt;(Calculator.java:6)
	at io.michaelcane.Commands.&lt;init&gt;(Commands.java:5)
	at io.michaelcane.Calculator.&lt;init&gt;(Calculator.java:6)
	at io.michaelcane.Commands.&lt;init&gt;(Commands.java:5)
	at io.michaelcane.Calculator.&lt;init&gt;(Calculator.java:6)
	at io.michaelcane.Commands.&lt;init&gt;(Commands.java:5)
	at io.michaelcane.Calculator.&lt;init&gt;(Calculator.java:6)
	at io.michaelcane.Commands.&lt;init&gt;(Commands.java:5)
	at io.michaelcane.Calculator.&lt;init&gt;(Calculator.java:6)
	at io.michaelcane.Commands.&lt;init&gt;(Commands.java:5)
	at io.michaelcane.Calculator.&lt;init&gt;(Calculator.java:6)
	at io.michaelcane.Commands.&lt;init&gt;(Commands.java:5)
	at io.michaelcane.Calculator.&lt;init&gt;(Calculator.java:6)
	at io.michaelcane.Commands.&lt;init&gt;(Commands.java:5)
	at io.michaelcane.Calculator.&lt;init&gt;(Calculator.java:6)
	at io.michaelcane.Commands.&lt;init&gt;(Commands.java:5)
	at io.michaelcane.Calculator.&lt;init&gt;(Calculator.java:6)
	at io.michaelcane.Commands.&lt;init&gt;(Commands.java:5)
	at io.michaelcane.Calculator.&lt;init&gt;(Calculator.java:6)
	at io.michaelcane.Commands.&lt;init&gt;(Commands.java:5)
	at io.michaelcane.Calculator.&lt;init&gt;(Calculator.java:6)
	at io.michaelcane.Commands.&lt;init&gt;(Commands.java:5)
	at io.michaelcane.Calculator.&lt;init&gt;(Calculator.java:6)
	at io.michaelcane.Commands.&lt;init&gt;(Commands.java:5)
	at io.michaelcane.Calculator.&lt;init&gt;(Calculator.java:6)
	at io.michaelcane.Commands.&lt;init&gt;(Commands.java:5)
	at io.michaelcane.Calculator.&lt;init&gt;(Calculator.java:6)
	at io.michaelcane.Commands.&lt;init&gt;(Commands.java:5)
	at io.michaelcane.Calculator.&lt;init&gt;(Calculator.java:6)
	at io.michaelcane.Commands.&lt;init&gt;(Commands.java:5)
	at io.michaelcane.Calculator.&lt;init&gt;(Calculator.java:6)
	at io.michaelcane.Commands.&lt;init&gt;(Commands.java:5)
	at io.michaelcane.Calculator.&lt;init&gt;(Calculator.java:6)
	at io.michaelcane.Commands.&lt;init&gt;(Commands.java:5)
	at io.michaelcane.Calculator.&lt;init&gt;(Calculator.java:6)
	at io.michaelcane.Commands.&lt;init&gt;(Commands.java:5)
	at io.michaelcane.Calculator.&lt;init&gt;(Calculator.java:6)
	at io.michaelcane.Commands.&lt;init&gt;(Commands.java:5)
	at io.michaelcane.Calculator.&lt;init&gt;(Calculator.java:6)
	at io.michaelcane.Commands.&lt;init&gt;(Commands.java:5)
	at io.michaelcane.Calculator.&lt;init&gt;(Calculator.java:6)
	at io.michaelcane.Commands.&lt;init&gt;(Commands.java:5)
	at io.michaelcane.Calculator.&lt;init&gt;(Calculator.java:6)
	at io.michaelcane.Commands.&lt;init&gt;(Commands.java:5)
	at io.michaelcane.Calculator.&lt;init&gt;(Calculator.java:6)
	at io.michaelcane.Commands.&lt;init&gt;(Commands.java:5)
	at io.michaelcane.Calculator.&lt;init&gt;(Calculator.java:6)
	at io.michaelcane.Commands.&lt;init&gt;(Commands.java:5)
	at io.michaelcane.Calculator.&lt;init&gt;(Calculator.java:6)
	at io.michaelcane.Commands.&lt;init&gt;(Commands.java:5)
	at io.michaelcane.Calculator.&lt;init&gt;(Calculator.java:6)
	at io.michaelcane.Commands.&lt;init&gt;(Commands.java:5)
	at io.michaelcane.Calculator.&lt;init&gt;(Calculator.java:6)
	at io.michaelcane.Commands.&lt;init&gt;(Commands.java:5)
	at io.michaelcane.Calculator.&lt;init&gt;(Calculator.java:6)
	at io.michaelcane.Commands.&lt;init&gt;(Commands.java:5)
	at io.michaelcane.Calculator.&lt;init&gt;(Calculator.java:6)
	at io.michaelcane.Commands.&lt;init&gt;(Commands.java:5)
	at io.michaelcane.Calculator.&lt;init&gt;(Calculator.java:6)
	at io.michaelcane.Commands.&lt;init&gt;(Commands.java:5)
	at io.michaelcane.Calculator.&lt;init&gt;(Calculator.java:6)
	at io.michaelcane.Commands.&lt;init&gt;(Commands.java:5)
	at io.michaelcane.Calculator.&lt;init&gt;(Calculator.java:6)
	at io.michaelcane.Commands.&lt;init&gt;(Commands.java:5)
	at io.michaelcane.Calculator.&lt;init&gt;(Calculator.java:6)
	at io.michaelcane.Commands.&lt;init&gt;(Commands.java:5)
	at io.michaelcane.Calculator.&lt;init&gt;(Calculator.java:6)
	at io.michaelcane.Commands.&lt;init&gt;(Commands.java:5)
	at io.michaelcane.Calculator.&lt;init&gt;(Calculator.java:6)
	at io.michaelcane.Commands.&lt;init&gt;(Commands.java:5)
	at io.michaelcane.Calculator.&lt;init&gt;(Calculator.java:6)
	at io.michaelcane.Commands.&lt;init&gt;(Commands.java:5)
	at io.michaelcane.Calculator.&lt;init&gt;(Calculator.java:6)
	at io.michaelcane.Commands.&lt;init&gt;(Commands.java:5)
	at io.michaelcane.Calculator.&lt;init&gt;(Calculator.java:6)
	at io.michaelcane.Commands.&lt;init&gt;(Commands.java:5)
	at io.michaelcane.Calculator.&lt;init&gt;(Calculator.java:6)
	at io.michaelcane.Commands.&lt;init&gt;(Commands.java:5)
	at io.michaelcane.Calculator.&lt;init&gt;(Calculator.java:6)
	at io.michaelcane.Commands.&lt;init&gt;(Commands.java:5)
	at io.michaelcane.Calculator.&lt;init&gt;(Calculator.java:6)
	at io.michaelcane.Commands.&lt;init&gt;(Commands.java:5)
	at io.michaelcane.Calculator.&lt;init&gt;(Calculator.java:6)
	at io.michaelcane.Commands.&lt;init&gt;(Commands.java:5)
	at io.michaelcane.Calculator.&lt;init&gt;(Calculator.java:6)
	at io.michaelcane.Commands.&lt;init&gt;(Commands.java:5)
	at io.michaelcane.Calculator.&lt;init&gt;(Calculator.java:6)
	at io.michaelcane.Commands.&lt;init&gt;(Commands.java:5)
	at io.michaelcane.Calculator.&lt;init&gt;(Calculator.java:6)
	at io.michaelcane.Commands.&lt;init&gt;(Commands.java:5)
	at io.michaelcane.Calculator.&lt;init&gt;(Calculator.java:6)
	at io.michaelcane.Commands.&lt;init&gt;(Commands.java:5)
	at io.michaelcane.Calculator.&lt;init&gt;(Calculator.java:6)
	at io.michaelcane.Commands.&lt;init&gt;(Commands.java:5)
	at io.michaelcane.Calculator.&lt;init&gt;(Calculator.java:6)
	at io.michaelcane.Commands.&lt;init&gt;(Commands.java:5)
	at io.michaelcane.Calculator.&lt;init&gt;(Calculator.java:6)
	at io.michaelcane.Commands.&lt;init&gt;(Commands.java:5)
	at io.michaelcane.Calculator.&lt;init&gt;(Calculator.java:6)
	at io.michaelcane.Commands.&lt;init&gt;(Commands.java:5)
	at io.michaelcane.Calculator.&lt;init&gt;(Calculator.java:6)
	at io.michaelcane.Commands.&lt;init&gt;(Commands.java:5)
	at io.michaelcane.Calculator.&lt;init&gt;(Calculator.java:6)
	at io.michaelcane.Commands.&lt;init&gt;(Commands.java:5)
	at io.michaelcane.Calculator.&lt;init&gt;(Calculator.java:6)
	at io.michaelcane.Commands.&lt;init&gt;(Commands.java:5)
	at io.michaelcane.Calculator.&lt;init&gt;(Calculator.java:6)
	at io.michaelcane.Commands.&lt;init&gt;(Commands.java:5)
	at io.michaelcane.Calculator.&lt;init&gt;(Calculator.java:6)
	at io.michaelcane.Commands.&lt;init&gt;(Commands.java:5)
	at io.michaelcane.Calculator.&lt;init&gt;(Calculator.java:6)
	at io.michaelcane.Commands.&lt;init&gt;(Commands.java:5)
	at io.michaelcane.Calculator.&lt;init&gt;(Calculator.java:6)
	at io.michaelcane.Commands.&lt;init&gt;(Commands.java:5)
	at io.michaelcane.Calculator.&lt;init&gt;(Calculator.java:6)
	at io.michaelcane.Commands.&lt;init&gt;(Commands.java:5)
	at io.michaelcane.Calculator.&lt;init&gt;(Calculator.java:6)
	at io.michaelcane.Commands.&lt;init&gt;(Commands.java:5)
	at io.michaelcane.Calculator.&lt;init&gt;(Calculator.java:6)
	at io.michaelcane.Commands.&lt;init&gt;(Commands.java:5)
	at io.michaelcane.Calculator.&lt;init&gt;(Calculator.java:6)
	at io.michaelcane.Commands.&lt;init&gt;(Commands.java:5)
	at io.michaelcane.Calculator.&lt;init&gt;(Calculator.java:6)
	at io.michaelcane.Commands.&lt;init&gt;(Commands.java:5)
	at io.michaelcane.Calculator.&lt;init&gt;(Calculator.java:6)
	at io.michaelcane.Commands.&lt;init&gt;(Commands.java:5)
	at io.michaelcane.Calculator.&lt;init&gt;(Calculator.java:6)
	at io.michaelcane.Commands.&lt;init&gt;(Commands.java:5)
	at io.michaelcane.Calculator.&lt;init&gt;(Calculator.java:6)
	at io.michaelcane.Commands.&lt;init&gt;(Commands.java:5)
	at io.michaelcane.Calculator.&lt;init&gt;(Calculator.java:6)
	at io.michaelcane.Commands.&lt;init&gt;(Commands.java:5)
	at io.michaelcane.Calculator.&lt;init&gt;(Calculator.java:6)
	at io.michaelcane.Commands.&lt;init&gt;(Commands.java:5)
	at io.michaelcane.Calculator.&lt;init&gt;(Calculator.java:6)
	at io.michaelcane.Commands.&lt;init&gt;(Commands.java:5)
	at io.michaelcane.Calculator.&lt;init&gt;(Calculator.java:6)
	at io.michaelcane.Commands.&lt;init&gt;(Commands.java:5)
	at io.michaelcane.Calculator.&lt;init&gt;(Calculator.java:6)
	at io.michaelcane.Commands.&lt;init&gt;(Commands.java:5)
	at io.michaelcane.Calculator.&lt;init&gt;(Calculator.java:6)
	at io.michaelcane.Commands.&lt;init&gt;(Commands.java:5)
	at io.michaelcane.Calculator.&lt;init&gt;(Calculator.java:6)
	at io.michaelcane.Commands.&lt;init&gt;(Commands.java:5)
	at io.michaelcane.Calculator.&lt;init&gt;(Calculator.java:6)
	at io.michaelcane.Commands.&lt;init&gt;(Commands.java:5)
	at io.michaelcane.Calculator.&lt;init&gt;(Calculator.java:6)
	at io.michaelcane.Commands.&lt;init&gt;(Commands.java:5)
	at io.michaelcane.Calculator.&lt;init&gt;(Calculator.java:6)
	at io.michaelcane.Commands.&lt;init&gt;(Commands.java:5)
	at io.michaelcane.Calculator.&lt;init&gt;(Calculator.java:6)
	at io.michaelcane.Commands.&lt;init&gt;(Commands.java:5)
	at io.michaelcane.Calculator.&lt;init&gt;(Calculator.java:6)
	at io.michaelcane.Commands.&lt;init&gt;(Commands.java:5)
	at io.michaelcane.Calculator.&lt;init&gt;(Calculator.java:6)
	at io.michaelcane.Commands.&lt;init&gt;(Commands.java:5)
	at io.michaelcane.Calculator.&lt;init&gt;(Calculator.java:6)
	at io.michaelcane.Commands.&lt;init&gt;(Commands.java:5)
	at io.michaelcane.Calculator.&lt;init&gt;(Calculator.java:6)
	at io.michaelcane.Commands.&lt;init&gt;(Commands.java:5)
	at io.michaelcane.Calculator.&lt;init&gt;(Calculator.java:6)
	at io.michaelcane.Commands.&lt;init&gt;(Commands.java:5)
	at io.michaelcane.Calculator.&lt;init&gt;(Calculator.java:6)
	at io.michaelcane.Commands.&lt;init&gt;(Commands.java:5)
	at io.michaelcane.Calculator.&lt;init&gt;(Calculator.java:6)
	at io.michaelcane.Commands.&lt;init&gt;(Commands.java:5)
	at io.michaelcane.Calculator.&lt;init&gt;(Calculator.java:6)
	at io.michaelcane.Commands.&lt;init&gt;(Commands.java:5)
	at io.michaelcane.Calculator.&lt;init&gt;(Calculator.java:6)
	at io.michaelcane.Commands.&lt;init&gt;(Commands.java:5)
	at io.michaelcane.Calculator.&lt;init&gt;(Calculator.java:6)
	at io.michaelcane.Commands.&lt;init&gt;(Commands.java:5)
	at io.michaelcane.Calculator.&lt;init&gt;(Calculator.java:6)
	at io.michaelcane.Commands.&lt;init&gt;(Commands.java:5)
	at io.michaelcane.Calculator.&lt;init&gt;(Calculator.java:6)
	at io.michaelcane.Commands.&lt;init&gt;(Commands.java:5)
	at io.michaelcane.Calculator.&lt;init&gt;(Calculator.java:6)
	at io.michaelcane.Commands.&lt;init&gt;(Commands.java:5)
	at io.michaelcane.Calculator.&lt;init&gt;(Calculator.java:6)
	at io.michaelcane.Commands.&lt;init&gt;(Commands.java:5)
	at io.michaelcane.Calculator.&lt;init&gt;(Calculator.java:6)
	at io.michaelcane.Commands.&lt;init&gt;(Commands.java:5)
	at io.michaelcane.Calculator.&lt;init&gt;(Calculator.java:6)
	at io.michaelcane.Commands.&lt;init&gt;(Commands.java:5)
	at io.michaelcane.Calculator.&lt;init&gt;(Calculator.java:6)
	at io.michaelcane.Commands.&lt;init&gt;(Commands.java:5)
	at io.michaelcane.Calculator.&lt;init&gt;(Calculator.java:6)
	at io.michaelcane.Commands.&lt;init&gt;(Commands.java:5)
	at io.michaelcane.Calculator.&lt;init&gt;(Calculator.java:6)
	at io.michaelcane.Commands.&lt;init&gt;(Commands.java:5)
	at io.michaelcane.Calculator.&lt;init&gt;(Calculator.java:6)
	at io.michaelcane.Commands.&lt;init&gt;(Commands.java:5)
	at io.michaelcane.Calculator.&lt;init&gt;(Calculator.java:6)
	at io.michaelcane.Commands.&lt;init&gt;(Commands.java:5)
	at io.michaelcane.Calculator.&lt;init&gt;(Calculator.java:6)
	at io.michaelcane.Commands.&lt;init&gt;(Commands.java:5)
	at io.michaelcane.Calculator.&lt;init&gt;(Calculator.java:6)
	at io.michaelcane.Commands.&lt;init&gt;(Commands.java:5)
	at io.michaelcane.Calculator.&lt;init&gt;(Calculator.java:6)
	at io.michaelcane.Commands.&lt;init&gt;(Commands.java:5)
	at io.michaelcane.Calculator.&lt;init&gt;(Calculator.java:6)
	at io.michaelcane.Commands.&lt;init&gt;(Commands.java:5)
	at io.michaelcane.Calculator.&lt;init&gt;(Calculator.java:6)
	at io.michaelcane.Commands.&lt;init&gt;(Commands.java:5)
	at io.michaelcane.Calculator.&lt;init&gt;(Calculator.java:6)
	at io.michaelcane.Commands.&lt;init&gt;(Commands.java:5)
	at io.michaelcane.Calculator.&lt;init&gt;(Calculator.java:6)
	at io.michaelcane.Commands.&lt;init&gt;(Commands.java:5)
	at io.michaelcane.Calculator.&lt;init&gt;(Calculator.java:6)
	at io.michaelcane.Commands.&lt;init&gt;(Commands.java:5)
	at io.michaelcane.Calculator.&lt;init&gt;(Calculator.java:6)
	at io.michaelcane.Commands.&lt;init&gt;(Commands.java:5)
	at io.michaelcane.Calculator.&lt;init&gt;(Calculator.java:6)
	at io.michaelcane.Commands.&lt;init&gt;(Commands.java:5)
	at io.michaelcane.Calculator.&lt;init&gt;(Calculator.java:6)
	at io.michaelcane.Commands.&lt;init&gt;(Commands.java:5)
	at io.michaelcane.Calculator.&lt;init&gt;(Calculator.java:6)
	at io.michaelcane.Commands.&lt;init&gt;(Commands.java:5)
	at io.michaelcane.Calculator.&lt;init&gt;(Calculator.java:6)
	at io.michaelcane.Commands.&lt;init&gt;(Commands.java:5)
	at io.michaelcane.Calculator.&lt;init&gt;(Calculator.java:6)
	at io.michaelcane.Commands.&lt;init&gt;(Commands.java:5)
	at io.michaelcane.Calculator.&lt;init&gt;(Calculator.java:6)
	at io.michaelcane.Commands.&lt;init&gt;(Commands.java:5)
	at io.michaelcane.Calculator.&lt;init&gt;(Calculator.java:6)
	at io.michaelcane.Commands.&lt;init&gt;(Commands.java:5)
	at io.michaelcane.Calculator.&lt;init&gt;(Calculator.java:6)
	at io.michaelcane.Commands.&lt;init&gt;(Commands.java:5)
	at io.michaelcane.Calculator.&lt;init&gt;(Calculator.java:6)
	at io.michaelcane.Commands.&lt;init&gt;(Commands.java:5)
	at io.michaelcane.Calculator.&lt;init&gt;(Calculator.java:6)
	at io.michaelcane.Commands.&lt;init&gt;(Commands.java:5)
	at io.michaelcane.Calculator.&lt;init&gt;(Calculator.java:6)
	at io.michaelcane.Commands.&lt;init&gt;(Commands.java:5)
	at io.michaelcane.Calculator.&lt;init&gt;(Calculator.java:6)
	at io.michaelcane.Commands.&lt;init&gt;(Commands.java:5)
	at io.michaelcane.Calculator.&lt;init&gt;(Calculator.java:6)
	at io.michaelcane.Commands.&lt;init&gt;(Commands.java:5)
	at io.michaelcane.Calculator.&lt;init&gt;(Calculator.java:6)
	at io.michaelcane.Commands.&lt;init&gt;(Commands.java:5)
	at io.michaelcane.Calculator.&lt;init&gt;(Calculator.java:6)
	at io.michaelcane.Commands.&lt;init&gt;(Commands.java:5)
	at io.michaelcane.Calculator.&lt;init&gt;(Calculator.java:6)
	at io.michaelcane.Commands.&lt;init&gt;(Commands.java:5)
	at io.michaelcane.Calculator.&lt;init&gt;(Calculator.java:6)
	at io.michaelcane.Commands.&lt;init&gt;(Commands.java:5)
	at io.michaelcane.Calculator.&lt;init&gt;(Calculator.java:6)
	at io.michaelcane.Commands.&lt;init&gt;(Commands.java:5)
	at io.michaelcane.Calculator.&lt;init&gt;(Calculator.java:6)
	at io.michaelcane.Commands.&lt;init&gt;(Commands.java:5)
	at io.michaelcane.Calculator.&lt;init&gt;(Calculator.java:6)
	at io.michaelcane.Commands.&lt;init&gt;(Commands.java:5)
	at io.michaelcane.Calculator.&lt;init&gt;(Calculator.java:6)
	at io.michaelcane.Commands.&lt;init&gt;(Commands.java:5)
	at io.michaelcane.Calculator.&lt;init&gt;(Calculator.java:6)
	at io.michaelcane.Commands.&lt;init&gt;(Commands.java:5)
	at io.michaelcane.Calculator.&lt;init&gt;(Calculator.java:6)
	at io.michaelcane.Commands.&lt;init&gt;(Commands.java:5)
	at io.michaelcane.Calculator.&lt;init&gt;(Calculator.java:6)
	at io.michaelcane.Commands.&lt;init&gt;(Commands.java:5)
	at io.michaelcane.Calculator.&lt;init&gt;(Calculator.java:6)
	at io.michaelcane.Commands.&lt;init&gt;(Commands.java:5)
	at io.michaelcane.Calculator.&lt;init&gt;(Calculator.java:6)
	at io.michaelcane.Commands.&lt;init&gt;(Commands.java:5)
	at io.michaelcane.Calculator.&lt;init&gt;(Calculator.java:6)
	at io.michaelcane.Commands.&lt;init&gt;(Commands.java:5)
	at io.michaelcane.Calculator.&lt;init&gt;(Calculator.java:6)
	at io.michaelcane.Commands.&lt;init&gt;(Commands.java:5)
	at io.michaelcane.Calculator.&lt;init&gt;(Calculator.java:6)
	at io.michaelcane.Commands.&lt;init&gt;(Commands.java:5)
	at io.michaelcane.Calculator.&lt;init&gt;(Calculator.java:6)
	at io.michaelcane.Commands.&lt;init&gt;(Commands.java:5)
	at io.michaelcane.Calculator.&lt;init&gt;(Calculator.java:6)
	at io.michaelcane.Commands.&lt;init&gt;(Commands.java:5)
	at io.michaelcane.Calculator.&lt;init&gt;(Calculator.java:6)
	at io.michaelcane.Commands.&lt;init&gt;(Commands.java:5)
	at io.michaelcane.Calculator.&lt;init&gt;(Calculator.java:6)
	at io.michaelcane.Commands.&lt;init&gt;(Commands.java:5)
	at io.michaelcane.Calculator.&lt;init&gt;(Calculator.java:6)
	at io.michaelcane.Commands.&lt;init&gt;(Commands.java:5)
	at io.michaelcane.Calculator.&lt;init&gt;(Calculator.java:6)
	at io.michaelcane.Commands.&lt;init&gt;(Commands.java:5)
	at io.michaelcane.Calculator.&lt;init&gt;(Calculator.java:6)
	at io.michaelcane.Commands.&lt;init&gt;(Commands.java:5)
	at io.michaelcane.Calculator.&lt;init&gt;(Calculator.java:6)
	at io.michaelcane.Commands.&lt;init&gt;(Commands.java:5)
	at io.michaelcane.Calculator.&lt;init&gt;(Calculator.java:6)
	at io.michaelcane.Commands.&lt;init&gt;(Commands.java:5)
	at io.michaelcane.Calculator.&lt;init&gt;(Calculator.java:6)
	at io.michaelcane.Commands.&lt;init&gt;(Commands.java:5)
	at io.michaelcane.Calculator.&lt;init&gt;(Calculator.java:6)
	at io.michaelcane.Commands.&lt;init&gt;(Commands.java:5)
	at io.michaelcane.Calculator.&lt;init&gt;(Calculator.java:6)
	at io.michaelcane.Commands.&lt;init&gt;(Commands.java:5)
	at io.michaelcane.Calculator.&lt;init&gt;(Calculator.java:6)
	at io.michaelcane.Commands.&lt;init&gt;(Commands.java:5)
	at io.michaelcane.Calculator.&lt;init&gt;(Calculator.java:6)
	at io.michaelcane.Commands.&lt;init&gt;(Commands.java:5)
	at io.michaelcane.Calculator.&lt;init&gt;(Calculator.java:6)
	at io.michaelcane.Commands.&lt;init&gt;(Commands.java:5)
	at io.michaelcane.Calculator.&lt;init&gt;(Calculator.java:6)
	at io.michaelcane.Commands.&lt;init&gt;(Commands.java:5)
	at io.michaelcane.Calculator.&lt;init&gt;(Calculator.java:6)
	at io.michaelcane.Commands.&lt;init&gt;(Commands.java:5)
	at io.michaelcane.Calculator.&lt;init&gt;(Calculator.java:6)
	at io.michaelcane.Commands.&lt;init&gt;(Commands.java:5)
	at io.michaelcane.Calculator.&lt;init&gt;(Calculator.java:6)
	at io.michaelcane.Commands.&lt;init&gt;(Commands.java:5)
	at io.michaelcane.Calculator.&lt;init&gt;(Calculator.java:6)
	at io.michaelcane.Commands.&lt;init&gt;(Commands.java:5)
	at io.michaelcane.Calculator.&lt;init&gt;(Calculator.java:6)
	at io.michaelcane.Commands.&lt;init&gt;(Commands.java:5)
	at io.michaelcane.Calculator.&lt;init&gt;(Calculator.java:6)
	at io.michaelcane.Commands.&lt;init&gt;(Commands.java:5)
	at io.michaelcane.Calculator.&lt;init&gt;(Calculator.java:6)
	at io.michaelcane.Commands.&lt;init&gt;(Commands.java:5)
	at io.michaelcane.Calculator.&lt;init&gt;(Calculator.java:6)
	at io.michaelcane.Commands.&lt;init&gt;(Commands.java:5)
	at io.michaelcane.Calculator.&lt;init&gt;(Calculator.java:6)
	at io.michaelcane.Commands.&lt;init&gt;(Commands.java:5)
	at io.michaelcane.Calculator.&lt;init&gt;(Calculator.java:6)
	at io.michaelcane.Commands.&lt;init&gt;(Commands.java:5)
	at io.michaelcane.Calculator.&lt;init&gt;(Calculator.java:6)
	at io.michaelcane.Commands.&lt;init&gt;(Commands.java:5)
	at io.michaelcane.Calculator.&lt;init&gt;(Calculator.java:6)
	at io.michaelcane.Commands.&lt;init&gt;(Commands.java:5)
	at io.michaelcane.Calculator.&lt;init&gt;(Calculator.java:6)
	at io.michaelcane.Commands.&lt;init&gt;(Commands.java:5)
	at io.michaelcane.Calculator.&lt;init&gt;(Calculator.java:6)
	at io.michaelcane.Commands.&lt;init&gt;(Commands.java:5)
	at io.michaelcane.Calculator.&lt;init&gt;(Calculator.java:6)
	at io.michaelcane.Commands.&lt;init&gt;(Commands.java:5)
	at io.michaelcane.Calculator.&lt;init&gt;(Calculator.java:6)
	at io.michaelcane.Commands.&lt;init&gt;(Commands.java:5)
	at io.michaelcane.Calculator.&lt;init&gt;(Calculator.java:6)
	at io.michaelcane.Commands.&lt;init&gt;(Commands.java:5)
	at io.michaelcane.Calculator.&lt;init&gt;(Calculator.java:6)
	at io.michaelcane.Commands.&lt;init&gt;(Commands.java:5)
	at io.michaelcane.Calculator.&lt;init&gt;(Calculator.java:6)
	at io.michaelcane.Commands.&lt;init&gt;(Commands.java:5)
	at io.michaelcane.Calculator.&lt;init&gt;(Calculator.java:6)
	at io.michaelcane.Commands.&lt;init&gt;(Commands.java:5)
	at io.michaelcane.Calculator.&lt;init&gt;(Calculator.java:6)
	at io.michaelcane.Commands.&lt;init&gt;(Commands.java:5)
	at io.michaelcane.Calculator.&lt;init&gt;(Calculator.java:6)
	at io.michaelcane.Commands.&lt;init&gt;(Commands.java:5)
	at io.michaelcane.Calculator.&lt;init&gt;(Calculator.java:6)
	at io.michaelcane.Commands.&lt;init&gt;(Commands.java:5)
	at io.michaelcane.Calculator.&lt;init&gt;(Calculator.java:6)
	at io.michaelcane.Commands.&lt;init&gt;(Commands.java:5)
	at io.michaelcane.Calculator.&lt;init&gt;(Calculator.java:6)
	at io.michaelcane.Commands.&lt;init&gt;(Commands.java:5)
	at io.michaelcane.Calculator.&lt;init&gt;(Calculator.java:6)
	at io.michaelcane.Commands.&lt;init&gt;(Commands.java:5)
	at io.michaelcane.Calculator.&lt;init&gt;(Calculator.java:6)
	at io.michaelcane.Commands.&lt;init&gt;(Commands.java:5)
	at io.michaelcane.Calculator.&lt;init&gt;(Calculator.java:6)
	at io.michaelcane.Commands.&lt;init&gt;(Commands.java:5)
	at io.michaelcane.Calculator.&lt;init&gt;(Calculator.java:6)
	at io.michaelcane.Commands.&lt;init&gt;(Commands.java:5)
	at io.michaelcane.Calculator.&lt;init&gt;(Calculator.java:6)
	at io.michaelcane.Commands.&lt;init&gt;(Commands.java:5)
	at io.michaelcane.Calculator.&lt;init&gt;(Calculator.java:6)
	at io.michaelcane.Commands.&lt;init&gt;(Commands.java:5)
	at io.michaelcane.Calculator.&lt;init&gt;(Calculator.java:6)
	at io.michaelcane.Commands.&lt;init&gt;(Commands.java:5)
	at io.michaelcane.Calculator.&lt;init&gt;(Calculator.java:6)
	at io.michaelcane.Commands.&lt;init&gt;(Commands.java:5)
	at io.michaelcane.Calculator.&lt;init&gt;(Calculator.java:6)
	at io.michaelcane.Commands.&lt;init&gt;(Commands.java:5)
	at io.michaelcane.Calculator.&lt;init&gt;(Calculator.java:6)
	at io.michaelcane.Commands.&lt;init&gt;(Commands.java:5)
	at io.michaelcane.Calculator.&lt;init&gt;(Calculator.java:6)
	at io.michaelcane.Commands.&lt;init&gt;(Commands.java:5)
	at io.michaelcane.Calculator.&lt;init&gt;(Calculator.java:6)
	at io.michaelcane.Commands.&lt;init&gt;(Commands.java:5)
	at io.michaelcane.Calculator.&lt;init&gt;(Calculator.java:6)
	at io.michaelcane.Commands.&lt;init&gt;(Commands.java:5)
	at io.michaelcane.Calculator.&lt;init&gt;(Calculator.java:6)
	at io.michaelcane.Commands.&lt;init&gt;(Commands.java:5)
	at io.michaelcane.Calculator.&lt;init&gt;(Calculator.java:6)
	at io.michaelcane.Commands.&lt;init&gt;(Commands.java:5)
	at io.michaelcane.Calculator.&lt;init&gt;(Calculator.java:6)
	at io.michaelcane.Commands.&lt;init&gt;(Commands.java:5)
	at io.michaelcane.Calculator.&lt;init&gt;(Calculator.java:6)
	at io.michaelcane.Commands.&lt;init&gt;(Commands.java:5)
	at io.michaelcane.Calculator.&lt;init&gt;(Calculator.java:6)
	at io.michaelcane.Commands.&lt;init&gt;(Commands.java:5)
	at io.michaelcane.Calculator.&lt;init&gt;(Calculator.java:6)
	at io.michaelcane.Commands.&lt;init&gt;(Commands.java:5)
	at io.michaelcane.Calculator.&lt;init&gt;(Calculator.java:6)
	at io.michaelcane.Commands.&lt;init&gt;(Commands.java:5)
	at io.michaelcane.Calculator.&lt;init&gt;(Calculator.java:6)
	at io.michaelcane.Commands.&lt;init&gt;(Commands.java:5)
	at io.michaelcane.Calculator.&lt;init&gt;(Calculator.java:6)
	at io.michaelcane.Commands.&lt;init&gt;(Commands.java:5)
	at io.michaelcane.Calculator.&lt;init&gt;(Calculator.java:6)
	at io.michaelcane.Commands.&lt;init&gt;(Commands.java:5)
	at io.michaelcane.Calculator.&lt;init&gt;(Calculator.java:6)
	at io.michaelcane.Commands.&lt;init&gt;(Commands.java:5)
	at io.michaelcane.Calculator.&lt;init&gt;(Calculator.java:6)
	at io.michaelcane.Commands.&lt;init&gt;(Commands.java:5)
	at io.michaelcane.Calculator.&lt;init&gt;(Calculator.java:6)
	at io.michaelcane.Commands.&lt;init&gt;(Commands.java:5)
	at io.michaelcane.Calculator.&lt;init&gt;(Calculator.java:6)
	at io.michaelcane.Commands.&lt;init&gt;(Commands.java:5)
	at io.michaelcane.Calculator.&lt;init&gt;(Calculator.java:6)
	at io.michaelcane.Commands.&lt;init&gt;(Commands.java:5)
	at io.michaelcane.Calculator.&lt;init&gt;(Calculator.java:6)
	at io.michaelcane.Commands.&lt;init&gt;(Commands.java:5)
	at io.michaelcane.Calculator.&lt;init&gt;(Calculator.java:6)
	at io.michaelcane.Commands.&lt;init&gt;(Commands.java:5)
	at io.michaelcane.Calculator.&lt;init&gt;(Calculator.java:6)
	at io.michaelcane.Commands.&lt;init&gt;(Commands.java:5)
	at io.michaelcane.Calculator.&lt;init&gt;(Calculator.java:6)
	at io.michaelcane.Commands.&lt;init&gt;(Commands.java:5)
	at io.michaelcane.Calculator.&lt;init&gt;(Calculator.java:6)
	at io.michaelcane.Commands.&lt;init&gt;(Commands.java:5)
	at io.michaelcane.Calculator.&lt;init&gt;(Calculator.java:6)
	at io.michaelcane.Commands.&lt;init&gt;(Commands.java:5)
	at io.michaelcane.Calculator.&lt;init&gt;(Calculator.java:6)
	at io.michaelcane.Commands.&lt;init&gt;(Commands.java:5)
	at io.michaelcane.Calculator.&lt;init&gt;(Calculator.java:6)
	at io.michaelcane.Commands.&lt;init&gt;(Commands.java:5)
	at io.michaelcane.Calculator.&lt;init&gt;(Calculator.java:6)
	at io.michaelcane.Commands.&lt;init&gt;(Commands.java:5)
	at io.michaelcane.Calculator.&lt;init&gt;(Calculator.java:6)
	at io.michaelcane.Commands.&lt;init&gt;(Commands.java:5)
	at io.michaelcane.Calculator.&lt;init&gt;(Calculator.java:6)
	at io.michaelcane.Commands.&lt;init&gt;(Commands.java:5)
	at io.michaelcane.Calculator.&lt;init&gt;(Calculator.java:6)
	at io.michaelcane.Commands.&lt;init&gt;(Commands.java:5)
	at io.michaelcane.Calculator.&lt;init&gt;(Calculator.java:6)
	at io.michaelcane.Commands.&lt;init&gt;(Commands.java:5)
	at io.michaelcane.Calculator.&lt;init&gt;(Calculator.java:6)
	at io.michaelcane.Commands.&lt;init&gt;(Commands.java:5)
	at io.michaelcane.Calculator.&lt;init&gt;(Calculator.java:6)
	at io.michaelcane.Commands.&lt;init&gt;(Commands.java:5)
	at io.michaelcane.Calculator.&lt;init&gt;(Calculator.java:6)
	at io.michaelcane.Commands.&lt;init&gt;(Commands.java:5)
	at io.michaelcane.Calculator.&lt;init&gt;(Calculator.java:6)
	at io.michaelcane.Commands.&lt;init&gt;(Commands.java:5)
	at io.michaelcane.Calculator.&lt;init&gt;(Calculator.java:6)
	at io.michaelcane.Commands.&lt;init&gt;(Commands.java:5)
	at io.michaelcane.Calculator.&lt;init&gt;(Calculator.java:6)
	at io.michaelcane.Commands.&lt;init&gt;(Commands.java:5)
	at io.michaelcane.Calculator.&lt;init&gt;(Calculator.java:6)
	at io.michaelcane.Commands.&lt;init&gt;(Commands.java:5)
	at io.michaelcane.Calculator.&lt;init&gt;(Calculator.java:6)
	at io.michaelcane.Commands.&lt;init&gt;(Commands.java:5)
	at io.michaelcane.Calculator.&lt;init&gt;(Calculator.java:6)
	at io.michaelcane.Commands.&lt;init&gt;(Commands.java:5)
	at io.michaelcane.Calculator.&lt;init&gt;(Calculator.java:6)
	at io.michaelcane.Commands.&lt;init&gt;(Commands.java:5)
	at io.michaelcane.Calculator.&lt;init&gt;(Calculator.java:6)
	at io.michaelcane.Commands.&lt;init&gt;(Commands.java:5)
	at io.michaelcane.Calculator.&lt;init&gt;(Calculator.java:6)
	at io.michaelcane.Commands.&lt;init&gt;(Commands.java:5)
	at io.michaelcane.Calculator.&lt;init&gt;(Calculator.java:6)
	at io.michaelcane.Commands.&lt;init&gt;(Commands.java:5)
	at io.michaelcane.Calculator.&lt;init&gt;(Calculator.java:6)
	at io.michaelcane.Commands.&lt;init&gt;(Commands.java:5)
	at io.michaelcane.Calculator.&lt;init&gt;(Calculator.java:6)
	at io.michaelcane.Commands.&lt;init&gt;(Commands.java:5)
	at io.michaelcane.Calculator.&lt;init&gt;(Calculator.java:6)
	at io.michaelcane.Commands.&lt;init&gt;(Commands.java:5)
	at io.michaelcane.Calculator.&lt;init&gt;(Calculator.java:6)
	at io.michaelcane.Commands.&lt;init&gt;(Commands.java:5)
	at io.michaelcane.Calculator.&lt;init&gt;(Calculator.java:6)
	at io.michaelcane.Commands.&lt;init&gt;(Commands.java:5)
	at io.michaelcane.Calculator.&lt;init&gt;(Calculator.java:6)
	at io.michaelcane.Commands.&lt;init&gt;(Commands.java:5)
	at io.michaelcane.Calculator.&lt;init&gt;(Calculator.java:6)
	at io.michaelcane.Commands.&lt;init&gt;(Commands.java:5)
	at io.michaelcane.Calculator.&lt;init&gt;(Calculator.java:6)
	at io.michaelcane.Commands.&lt;init&gt;(Commands.java:5)
	at io.michaelcane.Calculator.&lt;init&gt;(Calculator.java:6)
	at io.michaelcane.Commands.&lt;init&gt;(Commands.java:5)
	at io.michaelcane.Calculator.&lt;init&gt;(Calculator.java:6)
	at io.michaelcane.Commands.&lt;init&gt;(Commands.java:5)
	at io.michaelcane.Calculator.&lt;init&gt;(Calculator.java:6)
	at io.michaelcane.Commands.&lt;init&gt;(Commands.java:5)
	at io.michaelcane.Calculator.&lt;init&gt;(Calculator.java:6)
	at io.michaelcane.Commands.&lt;init&gt;(Commands.java:5)
	at io.michaelcane.Calculator.&lt;init&gt;(Calculator.java:6)
	at io.michaelcane.Commands.&lt;init&gt;(Commands.java:5)
	at io.michaelcane.Calculator.&lt;init&gt;(Calculator.java:6)
	at io.michaelcane.Commands.&lt;init&gt;(Commands.java:5)
	at io.michaelcane.Calculator.&lt;init&gt;(Calculator.java:6)
	at io.michaelcane.Commands.&lt;init&gt;(Commands.java:5)
	at io.michaelcane.Calculator.&lt;init&gt;(Calculator.java:6)
	at io.michaelcane.Commands.&lt;init&gt;(Commands.java:5)
	at io.michaelcane.Calculator.&lt;init&gt;(Calculator.java:6)
	at io.michaelcane.Commands.&lt;init&gt;(Commands.java:5)
	at io.michaelcane.Calculator.&lt;init&gt;(Calculator.java:6)
	at io.michaelcane.Commands.&lt;init&gt;(Commands.java:5)
	at io.michaelcane.Calculator.&lt;init&gt;(Calculator.java:6)
	at io.michaelcane.Commands.&lt;init&gt;(Commands.java:5)
	at io.michaelcane.Calculator.&lt;init&gt;(Calculator.java:6)
	at io.michaelcane.Commands.&lt;init&gt;(Commands.java:5)
	at io.michaelcane.Calculator.&lt;init&gt;(Calculator.java:6)
	at io.michaelcane.Commands.&lt;init&gt;(Commands.java:5)
	at io.michaelcane.Calculator.&lt;init&gt;(Calculator.java:6)
	at io.michaelcane.Commands.&lt;init&gt;(Commands.java:5)
	at io.michaelcane.Calculator.&lt;init&gt;(Calculator.java:6)
	at io.michaelcane.Commands.&lt;init&gt;(Commands.java:5)
	at io.michaelcane.Calculator.&lt;init&gt;(Calculator.java:6)
	at io.michaelcane.Commands.&lt;init&gt;(Commands.java:5)
	at io.michaelcane.Calculator.&lt;init&gt;(Calculator.java:6)
	at io.michaelcane.Commands.&lt;init&gt;(Commands.java:5)
	at io.michaelcane.Calculator.&lt;init&gt;(Calculator.java:6)
	at io.michaelcane.Commands.&lt;init&gt;(Commands.java:5)
</error>
  </testcase>
  <testcase classname="io.michaelcane.CalculatorSpec" name="test$factorial" time="0.01">
    <error type="java.lang.StackOverflowError">java.lang.StackOverflowError
	at io.michaelcane.Calculator.&lt;init&gt;(Calculator.java:6)
	at io.michaelcane.Commands.&lt;init&gt;(Commands.java:5)
	at io.michaelcane.Calculator.&lt;init&gt;(Calculator.java:6)
	at io.michaelcane.Commands.&lt;init&gt;(Commands.java:5)
	at io.michaelcane.Calculator.&lt;init&gt;(Calculator.java:6)
	at io.michaelcane.Commands.&lt;init&gt;(Commands.java:5)
	at io.michaelcane.Calculator.&lt;init&gt;(Calculator.java:6)
	at io.michaelcane.Commands.&lt;init&gt;(Commands.java:5)
	at io.michaelcane.Calculator.&lt;init&gt;(Calculator.java:6)
	at io.michaelcane.Commands.&lt;init&gt;(Commands.java:5)
	at io.michaelcane.Calculator.&lt;init&gt;(Calculator.java:6)
	at io.michaelcane.Commands.&lt;init&gt;(Commands.java:5)
	at io.michaelcane.Calculator.&lt;init&gt;(Calculator.java:6)
	at io.michaelcane.Commands.&lt;init&gt;(Commands.java:5)
	at io.michaelcane.Calculator.&lt;init&gt;(Calculator.java:6)
	at io.michaelcane.Commands.&lt;init&gt;(Commands.java:5)
	at io.michaelcane.Calculator.&lt;init&gt;(Calculator.java:6)
	at io.michaelcane.Commands.&lt;init&gt;(Commands.java:5)
	at io.michaelcane.Calculator.&lt;init&gt;(Calculator.java:6)
	at io.michaelcane.Commands.&lt;init&gt;(Commands.java:5)
	at io.michaelcane.Calculator.&lt;init&gt;(Calculator.java:6)
	at io.michaelcane.Commands.&lt;init&gt;(Commands.java:5)
	at io.michaelcane.Calculator.&lt;init&gt;(Calculator.java:6)
	at io.michaelcane.Commands.&lt;init&gt;(Commands.java:5)
	at io.michaelcane.Calculator.&lt;init&gt;(Calculator.java:6)
	at io.michaelcane.Commands.&lt;init&gt;(Commands.java:5)
	at io.michaelcane.Calculator.&lt;init&gt;(Calculator.java:6)
	at io.michaelcane.Commands.&lt;init&gt;(Commands.java:5)
	at io.michaelcane.Calculator.&lt;init&gt;(Calculator.java:6)
	at io.michaelcane.Commands.&lt;init&gt;(Commands.java:5)
	at io.michaelcane.Calculator.&lt;init&gt;(Calculator.java:6)
	at io.michaelcane.Commands.&lt;init&gt;(Commands.java:5)
	at io.michaelcane.Calculator.&lt;init&gt;(Calculator.java:6)
	at io.michaelcane.Commands.&lt;init&gt;(Commands.java:5)
	at io.michaelcane.Calculator.&lt;init&gt;(Calculator.java:6)
	at io.michaelcane.Commands.&lt;init&gt;(Commands.java:5)
	at io.michaelcane.Calculator.&lt;init&gt;(Calculator.java:6)
	at io.michaelcane.Commands.&lt;init&gt;(Commands.java:5)
	at io.michaelcane.Calculator.&lt;init&gt;(Calculator.java:6)
	at io.michaelcane.Commands.&lt;init&gt;(Commands.java:5)
	at io.michaelcane.Calculator.&lt;init&gt;(Calculator.java:6)
	at io.michaelcane.Commands.&lt;init&gt;(Commands.java:5)
	at io.michaelcane.Calculator.&lt;init&gt;(Calculator.java:6)
	at io.michaelcane.Commands.&lt;init&gt;(Commands.java:5)
	at io.michaelcane.Calculator.&lt;init&gt;(Calculator.java:6)
	at io.michaelcane.Commands.&lt;init&gt;(Commands.java:5)
	at io.michaelcane.Calculator.&lt;init&gt;(Calculator.java:6)
	at io.michaelcane.Commands.&lt;init&gt;(Commands.java:5)
	at io.michaelcane.Calculator.&lt;init&gt;(Calculator.java:6)
	at io.michaelcane.Commands.&lt;init&gt;(Commands.java:5)
	at io.michaelcane.Calculator.&lt;init&gt;(Calculator.java:6)
	at io.michaelcane.Commands.&lt;init&gt;(Commands.java:5)
	at io.michaelcane.Calculator.&lt;init&gt;(Calculator.java:6)
	at io.michaelcane.Commands.&lt;init&gt;(Commands.java:5)
	at io.michaelcane.Calculator.&lt;init&gt;(Calculator.java:6)
	at io.michaelcane.Commands.&lt;init&gt;(Commands.java:5)
	at io.michaelcane.Calculator.&lt;init&gt;(Calculator.java:6)
	at io.michaelcane.Commands.&lt;init&gt;(Commands.java:5)
	at io.michaelcane.Calculator.&lt;init&gt;(Calculator.java:6)
	at io.michaelcane.Commands.&lt;init&gt;(Commands.java:5)
	at io.michaelcane.Calculator.&lt;init&gt;(Calculator.java:6)
	at io.michaelcane.Commands.&lt;init&gt;(Commands.java:5)
	at io.michaelcane.Calculator.&lt;init&gt;(Calculator.java:6)
	at io.michaelcane.Commands.&lt;init&gt;(Commands.java:5)
	at io.michaelcane.Calculator.&lt;init&gt;(Calculator.java:6)
	at io.michaelcane.Commands.&lt;init&gt;(Commands.java:5)
	at io.michaelcane.Calculator.&lt;init&gt;(Calculator.java:6)
	at io.michaelcane.Commands.&lt;init&gt;(Commands.java:5)
	at io.michaelcane.Calculator.&lt;init&gt;(Calculator.java:6)
	at io.michaelcane.Commands.&lt;init&gt;(Commands.java:5)
	at io.michaelcane.Calculator.&lt;init&gt;(Calculator.java:6)
	at io.michaelcane.Commands.&lt;init&gt;(Commands.java:5)
	at io.michaelcane.Calculator.&lt;init&gt;(Calculator.java:6)
	at io.michaelcane.Commands.&lt;init&gt;(Commands.java:5)
	at io.michaelcane.Calculator.&lt;init&gt;(Calculator.java:6)
	at io.michaelcane.Commands.&lt;init&gt;(Commands.java:5)
	at io.michaelcane.Calculator.&lt;init&gt;(Calculator.java:6)
	at io.michaelcane.Commands.&lt;init&gt;(Commands.java:5)
	at io.michaelcane.Calculator.&lt;init&gt;(Calculator.java:6)
	at io.michaelcane.Commands.&lt;init&gt;(Commands.java:5)
	at io.michaelcane.Calculator.&lt;init&gt;(Calculator.java:6)
	at io.michaelcane.Commands.&lt;init&gt;(Commands.java:5)
	at io.michaelcane.Calculator.&lt;init&gt;(Calculator.java:6)
	at io.michaelcane.Commands.&lt;init&gt;(Commands.java:5)
	at io.michaelcane.Calculator.&lt;init&gt;(Calculator.java:6)
	at io.michaelcane.Commands.&lt;init&gt;(Commands.java:5)
	at io.michaelcane.Calculator.&lt;init&gt;(Calculator.java:6)
	at io.michaelcane.Commands.&lt;init&gt;(Commands.java:5)
	at io.michaelcane.Calculator.&lt;init&gt;(Calculator.java:6)
	at io.michaelcane.Commands.&lt;init&gt;(Commands.java:5)
	at io.michaelcane.Calculator.&lt;init&gt;(Calculator.java:6)
	at io.michaelcane.Commands.&lt;init&gt;(Commands.java:5)
	at io.michaelcane.Calculator.&lt;init&gt;(Calculator.java:6)
	at io.michaelcane.Commands.&lt;init&gt;(Commands.java:5)
	at io.michaelcane.Calculator.&lt;init&gt;(Calculator.java:6)
	at io.michaelcane.Commands.&lt;init&gt;(Commands.java:5)
	at io.michaelcane.Calculator.&lt;init&gt;(Calculator.java:6)
	at io.michaelcane.Commands.&lt;init&gt;(Commands.java:5)
	at io.michaelcane.Calculator.&lt;init&gt;(Calculator.java:6)
	at io.michaelcane.Commands.&lt;init&gt;(Commands.java:5)
	at io.michaelcane.Calculator.&lt;init&gt;(Calculator.java:6)
	at io.michaelcane.Commands.&lt;init&gt;(Commands.java:5)
	at io.michaelcane.Calculator.&lt;init&gt;(Calculator.java:6)
	at io.michaelcane.Commands.&lt;init&gt;(Commands.java:5)
	at io.michaelcane.Calculator.&lt;init&gt;(Calculator.java:6)
	at io.michaelcane.Commands.&lt;init&gt;(Commands.java:5)
	at io.michaelcane.Calculator.&lt;init&gt;(Calculator.java:6)
	at io.michaelcane.Commands.&lt;init&gt;(Commands.java:5)
	at io.michaelcane.Calculator.&lt;init&gt;(Calculator.java:6)
	at io.michaelcane.Commands.&lt;init&gt;(Commands.java:5)
	at io.michaelcane.Calculator.&lt;init&gt;(Calculator.java:6)
	at io.michaelcane.Commands.&lt;init&gt;(Commands.java:5)
	at io.michaelcane.Calculator.&lt;init&gt;(Calculator.java:6)
	at io.michaelcane.Commands.&lt;init&gt;(Commands.java:5)
	at io.michaelcane.Calculator.&lt;init&gt;(Calculator.java:6)
	at io.michaelcane.Commands.&lt;init&gt;(Commands.java:5)
	at io.michaelcane.Calculator.&lt;init&gt;(Calculator.java:6)
	at io.michaelcane.Commands.&lt;init&gt;(Commands.java:5)
	at io.michaelcane.Calculator.&lt;init&gt;(Calculator.java:6)
	at io.michaelcane.Commands.&lt;init&gt;(Commands.java:5)
	at io.michaelcane.Calculator.&lt;init&gt;(Calculator.java:6)
	at io.michaelcane.Commands.&lt;init&gt;(Commands.java:5)
	at io.michaelcane.Calculator.&lt;init&gt;(Calculator.java:6)
	at io.michaelcane.Commands.&lt;init&gt;(Commands.java:5)
	at io.michaelcane.Calculator.&lt;init&gt;(Calculator.java:6)
	at io.michaelcane.Commands.&lt;init&gt;(Commands.java:5)
	at io.michaelcane.Calculator.&lt;init&gt;(Calculator.java:6)
	at io.michaelcane.Commands.&lt;init&gt;(Commands.java:5)
	at io.michaelcane.Calculator.&lt;init&gt;(Calculator.java:6)
	at io.michaelcane.Commands.&lt;init&gt;(Commands.java:5)
	at io.michaelcane.Calculator.&lt;init&gt;(Calculator.java:6)
	at io.michaelcane.Commands.&lt;init&gt;(Commands.java:5)
	at io.michaelcane.Calculator.&lt;init&gt;(Calculator.java:6)
	at io.michaelcane.Commands.&lt;init&gt;(Commands.java:5)
	at io.michaelcane.Calculator.&lt;init&gt;(Calculator.java:6)
	at io.michaelcane.Commands.&lt;init&gt;(Commands.java:5)
	at io.michaelcane.Calculator.&lt;init&gt;(Calculator.java:6)
	at io.michaelcane.Commands.&lt;init&gt;(Commands.java:5)
	at io.michaelcane.Calculator.&lt;init&gt;(Calculator.java:6)
	at io.michaelcane.Commands.&lt;init&gt;(Commands.java:5)
	at io.michaelcane.Calculator.&lt;init&gt;(Calculator.java:6)
	at io.michaelcane.Commands.&lt;init&gt;(Commands.java:5)
	at io.michaelcane.Calculator.&lt;init&gt;(Calculator.java:6)
	at io.michaelcane.Commands.&lt;init&gt;(Commands.java:5)
	at io.michaelcane.Calculator.&lt;init&gt;(Calculator.java:6)
	at io.michaelcane.Commands.&lt;init&gt;(Commands.java:5)
	at io.michaelcane.Calculator.&lt;init&gt;(Calculator.java:6)
	at io.michaelcane.Commands.&lt;init&gt;(Commands.java:5)
	at io.michaelcane.Calculator.&lt;init&gt;(Calculator.java:6)
	at io.michaelcane.Commands.&lt;init&gt;(Commands.java:5)
	at io.michaelcane.Calculator.&lt;init&gt;(Calculator.java:6)
	at io.michaelcane.Commands.&lt;init&gt;(Commands.java:5)
	at io.michaelcane.Calculator.&lt;init&gt;(Calculator.java:6)
	at io.michaelcane.Commands.&lt;init&gt;(Commands.java:5)
	at io.michaelcane.Calculator.&lt;init&gt;(Calculator.java:6)
	at io.michaelcane.Commands.&lt;init&gt;(Commands.java:5)
	at io.michaelcane.Calculator.&lt;init&gt;(Calculator.java:6)
	at io.michaelcane.Commands.&lt;init&gt;(Commands.java:5)
	at io.michaelcane.Calculator.&lt;init&gt;(Calculator.java:6)
	at io.michaelcane.Commands.&lt;init&gt;(Commands.java:5)
	at io.michaelcane.Calculator.&lt;init&gt;(Calculator.java:6)
	at io.michaelcane.Commands.&lt;init&gt;(Commands.java:5)
	at io.michaelcane.Calculator.&lt;init&gt;(Calculator.java:6)
	at io.michaelcane.Commands.&lt;init&gt;(Commands.java:5)
	at io.michaelcane.Calculator.&lt;init&gt;(Calculator.java:6)
	at io.michaelcane.Commands.&lt;init&gt;(Commands.java:5)
	at io.michaelcane.Calculator.&lt;init&gt;(Calculator.java:6)
	at io.michaelcane.Commands.&lt;init&gt;(Commands.java:5)
	at io.michaelcane.Calculator.&lt;init&gt;(Calculator.java:6)
	at io.michaelcane.Commands.&lt;init&gt;(Commands.java:5)
	at io.michaelcane.Calculator.&lt;init&gt;(Calculator.java:6)
	at io.michaelcane.Commands.&lt;init&gt;(Commands.java:5)
	at io.michaelcane.Calculator.&lt;init&gt;(Calculator.java:6)
	at io.michaelcane.Commands.&lt;init&gt;(Commands.java:5)
	at io.michaelcane.Calculator.&lt;init&gt;(Calculator.java:6)
	at io.michaelcane.Commands.&lt;init&gt;(Commands.java:5)
	at io.michaelcane.Calculator.&lt;init&gt;(Calculator.java:6)
	at io.michaelcane.Commands.&lt;init&gt;(Commands.java:5)
	at io.michaelcane.Calculator.&lt;init&gt;(Calculator.java:6)
	at io.michaelcane.Commands.&lt;init&gt;(Commands.java:5)
	at io.michaelcane.Calculator.&lt;init&gt;(Calculator.java:6)
	at io.michaelcane.Commands.&lt;init&gt;(Commands.java:5)
	at io.michaelcane.Calculator.&lt;init&gt;(Calculator.java:6)
	at io.michaelcane.Commands.&lt;init&gt;(Commands.java:5)
	at io.michaelcane.Calculator.&lt;init&gt;(Calculator.java:6)
	at io.michaelcane.Commands.&lt;init&gt;(Commands.java:5)
	at io.michaelcane.Calculator.&lt;init&gt;(Calculator.java:6)
	at io.michaelcane.Commands.&lt;init&gt;(Commands.java:5)
	at io.michaelcane.Calculator.&lt;init&gt;(Calculator.java:6)
	at io.michaelcane.Commands.&lt;init&gt;(Commands.java:5)
	at io.michaelcane.Calculator.&lt;init&gt;(Calculator.java:6)
	at io.michaelcane.Commands.&lt;init&gt;(Commands.java:5)
	at io.michaelcane.Calculator.&lt;init&gt;(Calculator.java:6)
	at io.michaelcane.Commands.&lt;init&gt;(Commands.java:5)
	at io.michaelcane.Calculator.&lt;init&gt;(Calculator.java:6)
	at io.michaelcane.Commands.&lt;init&gt;(Commands.java:5)
	at io.michaelcane.Calculator.&lt;init&gt;(Calculator.java:6)
	at io.michaelcane.Commands.&lt;init&gt;(Commands.java:5)
	at io.michaelcane.Calculator.&lt;init&gt;(Calculator.java:6)
	at io.michaelcane.Commands.&lt;init&gt;(Commands.java:5)
	at io.michaelcane.Calculator.&lt;init&gt;(Calculator.java:6)
	at io.michaelcane.Commands.&lt;init&gt;(Commands.java:5)
	at io.michaelcane.Calculator.&lt;init&gt;(Calculator.java:6)
	at io.michaelcane.Commands.&lt;init&gt;(Commands.java:5)
	at io.michaelcane.Calculator.&lt;init&gt;(Calculator.java:6)
	at io.michaelcane.Commands.&lt;init&gt;(Commands.java:5)
	at io.michaelcane.Calculator.&lt;init&gt;(Calculator.java:6)
	at io.michaelcane.Commands.&lt;init&gt;(Commands.java:5)
	at io.michaelcane.Calculator.&lt;init&gt;(Calculator.java:6)
	at io.michaelcane.Commands.&lt;init&gt;(Commands.java:5)
	at io.michaelcane.Calculator.&lt;init&gt;(Calculator.java:6)
	at io.michaelcane.Commands.&lt;init&gt;(Commands.java:5)
	at io.michaelcane.Calculator.&lt;init&gt;(Calculator.java:6)
	at io.michaelcane.Commands.&lt;init&gt;(Commands.java:5)
	at io.michaelcane.Calculator.&lt;init&gt;(Calculator.java:6)
	at io.michaelcane.Commands.&lt;init&gt;(Commands.java:5)
	at io.michaelcane.Calculator.&lt;init&gt;(Calculator.java:6)
	at io.michaelcane.Commands.&lt;init&gt;(Commands.java:5)
	at io.michaelcane.Calculator.&lt;init&gt;(Calculator.java:6)
	at io.michaelcane.Commands.&lt;init&gt;(Commands.java:5)
	at io.michaelcane.Calculator.&lt;init&gt;(Calculator.java:6)
	at io.michaelcane.Commands.&lt;init&gt;(Commands.java:5)
	at io.michaelcane.Calculator.&lt;init&gt;(Calculator.java:6)
	at io.michaelcane.Commands.&lt;init&gt;(Commands.java:5)
	at io.michaelcane.Calculator.&lt;init&gt;(Calculator.java:6)
	at io.michaelcane.Commands.&lt;init&gt;(Commands.java:5)
	at io.michaelcane.Calculator.&lt;init&gt;(Calculator.java:6)
	at io.michaelcane.Commands.&lt;init&gt;(Commands.java:5)
	at io.michaelcane.Calculator.&lt;init&gt;(Calculator.java:6)
	at io.michaelcane.Commands.&lt;init&gt;(Commands.java:5)
	at io.michaelcane.Calculator.&lt;init&gt;(Calculator.java:6)
	at io.michaelcane.Commands.&lt;init&gt;(Commands.java:5)
	at io.michaelcane.Calculator.&lt;init&gt;(Calculator.java:6)
	at io.michaelcane.Commands.&lt;init&gt;(Commands.java:5)
	at io.michaelcane.Calculator.&lt;init&gt;(Calculator.java:6)
	at io.michaelcane.Commands.&lt;init&gt;(Commands.java:5)
	at io.michaelcane.Calculator.&lt;init&gt;(Calculator.java:6)
	at io.michaelcane.Commands.&lt;init&gt;(Commands.java:5)
	at io.michaelcane.Calculator.&lt;init&gt;(Calculator.java:6)
	at io.michaelcane.Commands.&lt;init&gt;(Commands.java:5)
	at io.michaelcane.Calculator.&lt;init&gt;(Calculator.java:6)
	at io.michaelcane.Commands.&lt;init&gt;(Commands.java:5)
	at io.michaelcane.Calculator.&lt;init&gt;(Calculator.java:6)
	at io.michaelcane.Commands.&lt;init&gt;(Commands.java:5)
	at io.michaelcane.Calculator.&lt;init&gt;(Calculator.java:6)
	at io.michaelcane.Commands.&lt;init&gt;(Commands.java:5)
	at io.michaelcane.Calculator.&lt;init&gt;(Calculator.java:6)
	at io.michaelcane.Commands.&lt;init&gt;(Commands.java:5)
	at io.michaelcane.Calculator.&lt;init&gt;(Calculator.java:6)
	at io.michaelcane.Commands.&lt;init&gt;(Commands.java:5)
	at io.michaelcane.Calculator.&lt;init&gt;(Calculator.java:6)
	at io.michaelcane.Commands.&lt;init&gt;(Commands.java:5)
	at io.michaelcane.Calculator.&lt;init&gt;(Calculator.java:6)
	at io.michaelcane.Commands.&lt;init&gt;(Commands.java:5)
	at io.michaelcane.Calculator.&lt;init&gt;(Calculator.java:6)
	at io.michaelcane.Commands.&lt;init&gt;(Commands.java:5)
	at io.michaelcane.Calculator.&lt;init&gt;(Calculator.java:6)
	at io.michaelcane.Commands.&lt;init&gt;(Commands.java:5)
	at io.michaelcane.Calculator.&lt;init&gt;(Calculator.java:6)
	at io.michaelcane.Commands.&lt;init&gt;(Commands.java:5)
	at io.michaelcane.Calculator.&lt;init&gt;(Calculator.java:6)
	at io.michaelcane.Commands.&lt;init&gt;(Commands.java:5)
	at io.michaelcane.Calculator.&lt;init&gt;(Calculator.java:6)
	at io.michaelcane.Commands.&lt;init&gt;(Commands.java:5)
	at io.michaelcane.Calculator.&lt;init&gt;(Calculator.java:6)
	at io.michaelcane.Commands.&lt;init&gt;(Commands.java:5)
	at io.michaelcane.Calculator.&lt;init&gt;(Calculator.java:6)
	at io.michaelcane.Commands.&lt;init&gt;(Commands.java:5)
	at io.michaelcane.Calculator.&lt;init&gt;(Calculator.java:6)
	at io.michaelcane.Commands.&lt;init&gt;(Commands.java:5)
	at io.michaelcane.Calculator.&lt;init&gt;(Calculator.java:6)
	at io.michaelcane.Commands.&lt;init&gt;(Commands.java:5)
	at io.michaelcane.Calculator.&lt;init&gt;(Calculator.java:6)
	at io.michaelcane.Commands.&lt;init&gt;(Commands.java:5)
	at io.michaelcane.Calculator.&lt;init&gt;(Calculator.java:6)
	at io.michaelcane.Commands.&lt;init&gt;(Commands.java:5)
	at io.michaelcane.Calculator.&lt;init&gt;(Calculator.java:6)
	at io.michaelcane.Commands.&lt;init&gt;(Commands.java:5)
	at io.michaelcane.Calculator.&lt;init&gt;(Calculator.java:6)
	at io.michaelcane.Commands.&lt;init&gt;(Commands.java:5)
	at io.michaelcane.Calculator.&lt;init&gt;(Calculator.java:6)
	at io.michaelcane.Commands.&lt;init&gt;(Commands.java:5)
	at io.michaelcane.Calculator.&lt;init&gt;(Calculator.java:6)
	at io.michaelcane.Commands.&lt;init&gt;(Commands.java:5)
	at io.michaelcane.Calculator.&lt;init&gt;(Calculator.java:6)
	at io.michaelcane.Commands.&lt;init&gt;(Commands.java:5)
	at io.michaelcane.Calculator.&lt;init&gt;(Calculator.java:6)
	at io.michaelcane.Commands.&lt;init&gt;(Commands.java:5)
	at io.michaelcane.Calculator.&lt;init&gt;(Calculator.java:6)
	at io.michaelcane.Commands.&lt;init&gt;(Commands.java:5)
	at io.michaelcane.Calculator.&lt;init&gt;(Calculator.java:6)
	at io.michaelcane.Commands.&lt;init&gt;(Commands.java:5)
	at io.michaelcane.Calculator.&lt;init&gt;(Calculator.java:6)
	at io.michaelcane.Commands.&lt;init&gt;(Commands.java:5)
	at io.michaelcane.Calculator.&lt;init&gt;(Calculator.java:6)
	at io.michaelcane.Commands.&lt;init&gt;(Commands.java:5)
	at io.michaelcane.Calculator.&lt;init&gt;(Calculator.java:6)
	at io.michaelcane.Commands.&lt;init&gt;(Commands.java:5)
	at io.michaelcane.Calculator.&lt;init&gt;(Calculator.java:6)
	at io.michaelcane.Commands.&lt;init&gt;(Commands.java:5)
	at io.michaelcane.Calculator.&lt;init&gt;(Calculator.java:6)
	at io.michaelcane.Commands.&lt;init&gt;(Commands.java:5)
	at io.michaelcane.Calculator.&lt;init&gt;(Calculator.java:6)
	at io.michaelcane.Commands.&lt;init&gt;(Commands.java:5)
	at io.michaelcane.Calculator.&lt;init&gt;(Calculator.java:6)
	at io.michaelcane.Commands.&lt;init&gt;(Commands.java:5)
	at io.michaelcane.Calculator.&lt;init&gt;(Calculator.java:6)
	at io.michaelcane.Commands.&lt;init&gt;(Commands.java:5)
	at io.michaelcane.Calculator.&lt;init&gt;(Calculator.java:6)
	at io.michaelcane.Commands.&lt;init&gt;(Commands.java:5)
	at io.michaelcane.Calculator.&lt;init&gt;(Calculator.java:6)
	at io.michaelcane.Commands.&lt;init&gt;(Commands.java:5)
	at io.michaelcane.Calculator.&lt;init&gt;(Calculator.java:6)
	at io.michaelcane.Commands.&lt;init&gt;(Commands.java:5)
	at io.michaelcane.Calculator.&lt;init&gt;(Calculator.java:6)
	at io.michaelcane.Commands.&lt;init&gt;(Commands.java:5)
	at io.michaelcane.Calculator.&lt;init&gt;(Calculator.java:6)
	at io.michaelcane.Commands.&lt;init&gt;(Commands.java:5)
	at io.michaelcane.Calculator.&lt;init&gt;(Calculator.java:6)
	at io.michaelcane.Commands.&lt;init&gt;(Commands.java:5)
	at io.michaelcane.Calculator.&lt;init&gt;(Calculator.java:6)
	at io.michaelcane.Commands.&lt;init&gt;(Commands.java:5)
	at io.michaelcane.Calculator.&lt;init&gt;(Calculator.java:6)
	at io.michaelcane.Commands.&lt;init&gt;(Commands.java:5)
	at io.michaelcane.Calculator.&lt;init&gt;(Calculator.java:6)
	at io.michaelcane.Commands.&lt;init&gt;(Commands.java:5)
	at io.michaelcane.Calculator.&lt;init&gt;(Calculator.java:6)
	at io.michaelcane.Commands.&lt;init&gt;(Commands.java:5)
	at io.michaelcane.Calculator.&lt;init&gt;(Calculator.java:6)
	at io.michaelcane.Commands.&lt;init&gt;(Commands.java:5)
	at io.michaelcane.Calculator.&lt;init&gt;(Calculator.java:6)
	at io.michaelcane.Commands.&lt;init&gt;(Commands.java:5)
	at io.michaelcane.Calculator.&lt;init&gt;(Calculator.java:6)
	at io.michaelcane.Commands.&lt;init&gt;(Commands.java:5)
	at io.michaelcane.Calculator.&lt;init&gt;(Calculator.java:6)
	at io.michaelcane.Commands.&lt;init&gt;(Commands.java:5)
	at io.michaelcane.Calculator.&lt;init&gt;(Calculator.java:6)
	at io.michaelcane.Commands.&lt;init&gt;(Commands.java:5)
	at io.michaelcane.Calculator.&lt;init&gt;(Calculator.java:6)
	at io.michaelcane.Commands.&lt;init&gt;(Commands.java:5)
	at io.michaelcane.Calculator.&lt;init&gt;(Calculator.java:6)
	at io.michaelcane.Commands.&lt;init&gt;(Commands.java:5)
	at io.michaelcane.Calculator.&lt;init&gt;(Calculator.java:6)
	at io.michaelcane.Commands.&lt;init&gt;(Commands.java:5)
	at io.michaelcane.Calculator.&lt;init&gt;(Calculator.java:6)
	at io.michaelcane.Commands.&lt;init&gt;(Commands.java:5)
	at io.michaelcane.Calculator.&lt;init&gt;(Calculator.java:6)
	at io.michaelcane.Commands.&lt;init&gt;(Commands.java:5)
	at io.michaelcane.Calculator.&lt;init&gt;(Calculator.java:6)
	at io.michaelcane.Commands.&lt;init&gt;(Commands.java:5)
	at io.michaelcane.Calculator.&lt;init&gt;(Calculator.java:6)
	at io.michaelcane.Commands.&lt;init&gt;(Commands.java:5)
	at io.michaelcane.Calculator.&lt;init&gt;(Calculator.java:6)
	at io.michaelcane.Commands.&lt;init&gt;(Commands.java:5)
	at io.michaelcane.Calculator.&lt;init&gt;(Calculator.java:6)
	at io.michaelcane.Commands.&lt;init&gt;(Commands.java:5)
	at io.michaelcane.Calculator.&lt;init&gt;(Calculator.java:6)
	at io.michaelcane.Commands.&lt;init&gt;(Commands.java:5)
	at io.michaelcane.Calculator.&lt;init&gt;(Calculator.java:6)
	at io.michaelcane.Commands.&lt;init&gt;(Commands.java:5)
	at io.michaelcane.Calculator.&lt;init&gt;(Calculator.java:6)
	at io.michaelcane.Commands.&lt;init&gt;(Commands.java:5)
	at io.michaelcane.Calculator.&lt;init&gt;(Calculator.java:6)
	at io.michaelcane.Commands.&lt;init&gt;(Commands.java:5)
	at io.michaelcane.Calculator.&lt;init&gt;(Calculator.java:6)
	at io.michaelcane.Commands.&lt;init&gt;(Commands.java:5)
	at io.michaelcane.Calculator.&lt;init&gt;(Calculator.java:6)
	at io.michaelcane.Commands.&lt;init&gt;(Commands.java:5)
	at io.michaelcane.Calculator.&lt;init&gt;(Calculator.java:6)
	at io.michaelcane.Commands.&lt;init&gt;(Commands.java:5)
	at io.michaelcane.Calculator.&lt;init&gt;(Calculator.java:6)
	at io.michaelcane.Commands.&lt;init&gt;(Commands.java:5)
	at io.michaelcane.Calculator.&lt;init&gt;(Calculator.java:6)
	at io.michaelcane.Commands.&lt;init&gt;(Commands.java:5)
	at io.michaelcane.Calculator.&lt;init&gt;(Calculator.java:6)
	at io.michaelcane.Commands.&lt;init&gt;(Commands.java:5)
	at io.michaelcane.Calculator.&lt;init&gt;(Calculator.java:6)
	at io.michaelcane.Commands.&lt;init&gt;(Commands.java:5)
	at io.michaelcane.Calculator.&lt;init&gt;(Calculator.java:6)
	at io.michaelcane.Commands.&lt;init&gt;(Commands.java:5)
	at io.michaelcane.Calculator.&lt;init&gt;(Calculator.java:6)
	at io.michaelcane.Commands.&lt;init&gt;(Commands.java:5)
	at io.michaelcane.Calculator.&lt;init&gt;(Calculator.java:6)
	at io.michaelcane.Commands.&lt;init&gt;(Commands.java:5)
	at io.michaelcane.Calculator.&lt;init&gt;(Calculator.java:6)
	at io.michaelcane.Commands.&lt;init&gt;(Commands.java:5)
	at io.michaelcane.Calculator.&lt;init&gt;(Calculator.java:6)
	at io.michaelcane.Commands.&lt;init&gt;(Commands.java:5)
	at io.michaelcane.Calculator.&lt;init&gt;(Calculator.java:6)
	at io.michaelcane.Commands.&lt;init&gt;(Commands.java:5)
	at io.michaelcane.Calculator.&lt;init&gt;(Calculator.java:6)
	at io.michaelcane.Commands.&lt;init&gt;(Commands.java:5)
	at io.michaelcane.Calculator.&lt;init&gt;(Calculator.java:6)
	at io.michaelcane.Commands.&lt;init&gt;(Commands.java:5)
	at io.michaelcane.Calculator.&lt;init&gt;(Calculator.java:6)
	at io.michaelcane.Commands.&lt;init&gt;(Commands.java:5)
	at io.michaelcane.Calculator.&lt;init&gt;(Calculator.java:6)
	at io.michaelcane.Commands.&lt;init&gt;(Commands.java:5)
	at io.michaelcane.Calculator.&lt;init&gt;(Calculator.java:6)
	at io.michaelcane.Commands.&lt;init&gt;(Commands.java:5)
	at io.michaelcane.Calculator.&lt;init&gt;(Calculator.java:6)
	at io.michaelcane.Commands.&lt;init&gt;(Commands.java:5)
	at io.michaelcane.Calculator.&lt;init&gt;(Calculator.java:6)
	at io.michaelcane.Commands.&lt;init&gt;(Commands.java:5)
	at io.michaelcane.Calculator.&lt;init&gt;(Calculator.java:6)
	at io.michaelcane.Commands.&lt;init&gt;(Commands.java:5)
	at io.michaelcane.Calculator.&lt;init&gt;(Calculator.java:6)
	at io.michaelcane.Commands.&lt;init&gt;(Commands.java:5)
	at io.michaelcane.Calculator.&lt;init&gt;(Calculator.java:6)
	at io.michaelcane.Commands.&lt;init&gt;(Commands.java:5)
	at io.michaelcane.Calculator.&lt;init&gt;(Calculator.java:6)
	at io.michaelcane.Commands.&lt;init&gt;(Commands.java:5)
	at io.michaelcane.Calculator.&lt;init&gt;(Calculator.java:6)
	at io.michaelcane.Commands.&lt;init&gt;(Commands.java:5)
	at io.michaelcane.Calculator.&lt;init&gt;(Calculator.java:6)
	at io.michaelcane.Commands.&lt;init&gt;(Commands.java:5)
	at io.michaelcane.Calculator.&lt;init&gt;(Calculator.java:6)
	at io.michaelcane.Commands.&lt;init&gt;(Commands.java:5)
	at io.michaelcane.Calculator.&lt;init&gt;(Calculator.java:6)
	at io.michaelcane.Commands.&lt;init&gt;(Commands.java:5)
	at io.michaelcane.Calculator.&lt;init&gt;(Calculator.java:6)
	at io.michaelcane.Commands.&lt;init&gt;(Commands.java:5)
	at io.michaelcane.Calculator.&lt;init&gt;(Calculator.java:6)
	at io.michaelcane.Commands.&lt;init&gt;(Commands.java:5)
	at io.michaelcane.Calculator.&lt;init&gt;(Calculator.java:6)
	at io.michaelcane.Commands.&lt;init&gt;(Commands.java:5)
	at io.michaelcane.Calculator.&lt;init&gt;(Calculator.java:6)
	at io.michaelcane.Commands.&lt;init&gt;(Commands.java:5)
	at io.michaelcane.Calculator.&lt;init&gt;(Calculator.java:6)
	at io.michaelcane.Commands.&lt;init&gt;(Commands.java:5)
	at io.michaelcane.Calculator.&lt;init&gt;(Calculator.java:6)
	at io.michaelcane.Commands.&lt;init&gt;(Commands.java:5)
	at io.michaelcane.Calculator.&lt;init&gt;(Calculator.java:6)
	at io.michaelcane.Commands.&lt;init&gt;(Commands.java:5)
	at io.michaelcane.Calculator.&lt;init&gt;(Calculator.java:6)
	at io.michaelcane.Commands.&lt;init&gt;(Commands.java:5)
	at io.michaelcane.Calculator.&lt;init&gt;(Calculator.java:6)
	at io.michaelcane.Commands.&lt;init&gt;(Commands.java:5)
	at io.michaelcane.Calculator.&lt;init&gt;(Calculator.java:6)
	at io.michaelcane.Commands.&lt;init&gt;(Commands.java:5)
	at io.michaelcane.Calculator.&lt;init&gt;(Calculator.java:6)
	at io.michaelcane.Commands.&lt;init&gt;(Commands.java:5)
	at io.michaelcane.Calculator.&lt;init&gt;(Calculator.java:6)
	at io.michaelcane.Commands.&lt;init&gt;(Commands.java:5)
	at io.michaelcane.Calculator.&lt;init&gt;(Calculator.java:6)
	at io.michaelcane.Commands.&lt;init&gt;(Commands.java:5)
	at io.michaelcane.Calculator.&lt;init&gt;(Calculator.java:6)
	at io.michaelcane.Commands.&lt;init&gt;(Commands.java:5)
	at io.michaelcane.Calculator.&lt;init&gt;(Calculator.java:6)
	at io.michaelcane.Commands.&lt;init&gt;(Commands.java:5)
	at io.michaelcane.Calculator.&lt;init&gt;(Calculator.java:6)
	at io.michaelcane.Commands.&lt;init&gt;(Commands.java:5)
	at io.michaelcane.Calculator.&lt;init&gt;(Calculator.java:6)
	at io.michaelcane.Commands.&lt;init&gt;(Commands.java:5)
	at io.michaelcane.Calculator.&lt;init&gt;(Calculator.java:6)
	at io.michaelcane.Commands.&lt;init&gt;(Commands.java:5)
	at io.michaelcane.Calculator.&lt;init&gt;(Calculator.java:6)
	at io.michaelcane.Commands.&lt;init&gt;(Commands.java:5)
	at io.michaelcane.Calculator.&lt;init&gt;(Calculator.java:6)
	at io.michaelcane.Commands.&lt;init&gt;(Commands.java:5)
	at io.michaelcane.Calculator.&lt;init&gt;(Calculator.java:6)
	at io.michaelcane.Commands.&lt;init&gt;(Commands.java:5)
	at io.michaelcane.Calculator.&lt;init&gt;(Calculator.java:6)
	at io.michaelcane.Commands.&lt;init&gt;(Commands.java:5)
	at io.michaelcane.Calculator.&lt;init&gt;(Calculator.java:6)
	at io.michaelcane.Commands.&lt;init&gt;(Commands.java:5)
	at io.michaelcane.Calculator.&lt;init&gt;(Calculator.java:6)
	at io.michaelcane.Commands.&lt;init&gt;(Commands.java:5)
	at io.michaelcane.Calculator.&lt;init&gt;(Calculator.java:6)
	at io.michaelcane.Commands.&lt;init&gt;(Commands.java:5)
	at io.michaelcane.Calculator.&lt;init&gt;(Calculator.java:6)
	at io.michaelcane.Commands.&lt;init&gt;(Commands.java:5)
	at io.michaelcane.Calculator.&lt;init&gt;(Calculator.java:6)
	at io.michaelcane.Commands.&lt;init&gt;(Commands.java:5)
	at io.michaelcane.Calculator.&lt;init&gt;(Calculator.java:6)
	at io.michaelcane.Commands.&lt;init&gt;(Commands.java:5)
	at io.michaelcane.Calculator.&lt;init&gt;(Calculator.java:6)
	at io.michaelcane.Commands.&lt;init&gt;(Commands.java:5)
	at io.michaelcane.Calculator.&lt;init&gt;(Calculator.java:6)
	at io.michaelcane.Commands.&lt;init&gt;(Commands.java:5)
	at io.michaelcane.Calculator.&lt;init&gt;(Calculator.java:6)
	at io.michaelcane.Commands.&lt;init&gt;(Commands.java:5)
	at io.michaelcane.Calculator.&lt;init&gt;(Calculator.java:6)
	at io.michaelcane.Commands.&lt;init&gt;(Commands.java:5)
	at io.michaelcane.Calculator.&lt;init&gt;(Calculator.java:6)
	at io.michaelcane.Commands.&lt;init&gt;(Commands.java:5)
	at io.michaelcane.Calculator.&lt;init&gt;(Calculator.java:6)
	at io.michaelcane.Commands.&lt;init&gt;(Commands.java:5)
	at io.michaelcane.Calculator.&lt;init&gt;(Calculator.java:6)
	at io.michaelcane.Commands.&lt;init&gt;(Commands.java:5)
	at io.michaelcane.Calculator.&lt;init&gt;(Calculator.java:6)
	at io.michaelcane.Commands.&lt;init&gt;(Commands.java:5)
	at io.michaelcane.Calculator.&lt;init&gt;(Calculator.java:6)
	at io.michaelcane.Commands.&lt;init&gt;(Commands.java:5)
	at io.michaelcane.Calculator.&lt;init&gt;(Calculator.java:6)
	at io.michaelcane.Commands.&lt;init&gt;(Commands.java:5)
	at io.michaelcane.Calculator.&lt;init&gt;(Calculator.java:6)
	at io.michaelcane.Commands.&lt;init&gt;(Commands.java:5)
	at io.michaelcane.Calculator.&lt;init&gt;(Calculator.java:6)
	at io.michaelcane.Commands.&lt;init&gt;(Commands.java:5)
	at io.michaelcane.Calculator.&lt;init&gt;(Calculator.java:6)
	at io.michaelcane.Commands.&lt;init&gt;(Commands.java:5)
	at io.michaelcane.Calculator.&lt;init&gt;(Calculator.java:6)
	at io.michaelcane.Commands.&lt;init&gt;(Commands.java:5)
	at io.michaelcane.Calculator.&lt;init&gt;(Calculator.java:6)
	at io.michaelcane.Commands.&lt;init&gt;(Commands.java:5)
	at io.michaelcane.Calculator.&lt;init&gt;(Calculator.java:6)
	at io.michaelcane.Commands.&lt;init&gt;(Commands.java:5)
	at io.michaelcane.Calculator.&lt;init&gt;(Calculator.java:6)
	at io.michaelcane.Commands.&lt;init&gt;(Commands.java:5)
	at io.michaelcane.Calculator.&lt;init&gt;(Calculator.java:6)
	at io.michaelcane.Commands.&lt;init&gt;(Commands.java:5)
	at io.michaelcane.Calculator.&lt;init&gt;(Calculator.java:6)
	at io.michaelcane.Commands.&lt;init&gt;(Commands.java:5)
	at io.michaelcane.Calculator.&lt;init&gt;(Calculator.java:6)
	at io.michaelcane.Commands.&lt;init&gt;(Commands.java:5)
	at io.michaelcane.Calculator.&lt;init&gt;(Calculator.java:6)
	at io.michaelcane.Commands.&lt;init&gt;(Commands.java:5)
	at io.michaelcane.Calculator.&lt;init&gt;(Calculator.java:6)
	at io.michaelcane.Commands.&lt;init&gt;(Commands.java:5)
	at io.michaelcane.Calculator.&lt;init&gt;(Calculator.java:6)
	at io.michaelcane.Commands.&lt;init&gt;(Commands.java:5)
	at io.michaelcane.Calculator.&lt;init&gt;(Calculator.java:6)
	at io.michaelcane.Commands.&lt;init&gt;(Commands.java:5)
	at io.michaelcane.Calculator.&lt;init&gt;(Calculator.java:6)
	at io.michaelcane.Commands.&lt;init&gt;(Commands.java:5)
	at io.michaelcane.Calculator.&lt;init&gt;(Calculator.java:6)
	at io.michaelcane.Commands.&lt;init&gt;(Commands.java:5)
	at io.michaelcane.Calculator.&lt;init&gt;(Calculator.java:6)
	at io.michaelcane.Commands.&lt;init&gt;(Commands.java:5)
	at io.michaelcane.Calculator.&lt;init&gt;(Calculator.java:6)
	at io.michaelcane.Commands.&lt;init&gt;(Commands.java:5)
	at io.michaelcane.Calculator.&lt;init&gt;(Calculator.java:6)
	at io.michaelcane.Commands.&lt;init&gt;(Commands.java:5)
	at io.michaelcane.Calculator.&lt;init&gt;(Calculator.java:6)
	at io.michaelcane.Commands.&lt;init&gt;(Commands.java:5)
	at io.michaelcane.Calculator.&lt;init&gt;(Calculator.java:6)
	at io.michaelcane.Commands.&lt;init&gt;(Commands.java:5)
	at io.michaelcane.Calculator.&lt;init&gt;(Calculator.java:6)
	at io.michaelcane.Commands.&lt;init&gt;(Commands.java:5)
	at io.michaelcane.Calculator.&lt;init&gt;(Calculator.java:6)
	at io.michaelcane.Commands.&lt;init&gt;(Commands.java:5)
	at io.michaelcane.Calculator.&lt;init&gt;(Calculator.java:6)
	at io.michaelcane.Commands.&lt;init&gt;(Commands.java:5)
	at io.michaelcane.Calculator.&lt;init&gt;(Calculator.java:6)
	at io.michaelcane.Commands.&lt;init&gt;(Commands.java:5)
	at io.michaelcane.Calculator.&lt;init&gt;(Calculator.java:6)
	at io.michaelcane.Commands.&lt;init&gt;(Commands.java:5)
	at io.michaelcane.Calculator.&lt;init&gt;(Calculator.java:6)
	at io.michaelcane.Commands.&lt;init&gt;(Commands.java:5)
	at io.michaelcane.Calculator.&lt;init&gt;(Calculator.java:6)
	at io.michaelcane.Commands.&lt;init&gt;(Commands.java:5)
	at io.michaelcane.Calculator.&lt;init&gt;(Calculator.java:6)
	at io.michaelcane.Commands.&lt;init&gt;(Commands.java:5)
	at io.michaelcane.Calculator.&lt;init&gt;(Calculator.java:6)
	at io.michaelcane.Commands.&lt;init&gt;(Commands.java:5)
	at io.michaelcane.Calculator.&lt;init&gt;(Calculator.java:6)
	at io.michaelcane.Commands.&lt;init&gt;(Commands.java:5)
	at io.michaelcane.Calculator.&lt;init&gt;(Calculator.java:6)
	at io.michaelcane.Commands.&lt;init&gt;(Commands.java:5)
	at io.michaelcane.Calculator.&lt;init&gt;(Calculator.java:6)
	at io.michaelcane.Commands.&lt;init&gt;(Commands.java:5)
	at io.michaelcane.Calculator.&lt;init&gt;(Calculator.java:6)
	at io.michaelcane.Commands.&lt;init&gt;(Commands.java:5)
	at io.michaelcane.Calculator.&lt;init&gt;(Calculator.java:6)
	at io.michaelcane.Commands.&lt;init&gt;(Commands.java:5)
	at io.michaelcane.Calculator.&lt;init&gt;(Calculator.java:6)
	at io.michaelcane.Commands.&lt;init&gt;(Commands.java:5)
	at io.michaelcane.Calculator.&lt;init&gt;(Calculator.java:6)
	at io.michaelcane.Commands.&lt;init&gt;(Commands.java:5)
	at io.michaelcane.Calculator.&lt;init&gt;(Calculator.java:6)
	at io.michaelcane.Commands.&lt;init&gt;(Commands.java:5)
	at io.michaelcane.Calculator.&lt;init&gt;(Calculator.java:6)
	at io.michaelcane.Commands.&lt;init&gt;(Commands.java:5)
	at io.michaelcane.Calculator.&lt;init&gt;(Calculator.java:6)
	at io.michaelcane.Commands.&lt;init&gt;(Commands.java:5)
	at io.michaelcane.Calculator.&lt;init&gt;(Calculator.java:6)
	at io.michaelcane.Commands.&lt;init&gt;(Commands.java:5)
	at io.michaelcane.Calculator.&lt;init&gt;(Calculator.java:6)
	at io.michaelcane.Commands.&lt;init&gt;(Commands.java:5)
	at io.michaelcane.Calculator.&lt;init&gt;(Calculator.java:6)
	at io.michaelcane.Commands.&lt;init&gt;(Commands.java:5)
	at io.michaelcane.Calculator.&lt;init&gt;(Calculator.java:6)
	at io.michaelcane.Commands.&lt;init&gt;(Commands.java:5)
	at io.michaelcane.Calculator.&lt;init&gt;(Calculator.java:6)
	at io.michaelcane.Commands.&lt;init&gt;(Commands.java:5)
	at io.michaelcane.Calculator.&lt;init&gt;(Calculator.java:6)
	at io.michaelcane.Commands.&lt;init&gt;(Commands.java:5)
	at io.michaelcane.Calculator.&lt;init&gt;(Calculator.java:6)
	at io.michaelcane.Commands.&lt;init&gt;(Commands.java:5)
	at io.michaelcane.Calculator.&lt;init&gt;(Calculator.java:6)
	at io.michaelcane.Commands.&lt;init&gt;(Commands.java:5)
	at io.michaelcane.Calculator.&lt;init&gt;(Calculator.java:6)
	at io.michaelcane.Commands.&lt;init&gt;(Commands.java:5)
	at io.michaelcane.Calculator.&lt;init&gt;(Calculator.java:6)
	at io.michaelcane.Commands.&lt;init&gt;(Commands.java:5)
	at io.michaelcane.Calculator.&lt;init&gt;(Calculator.java:6)
	at io.michaelcane.Commands.&lt;init&gt;(Commands.java:5)
	at io.michaelcane.Calculator.&lt;init&gt;(Calculator.java:6)
	at io.michaelcane.Commands.&lt;init&gt;(Commands.java:5)
	at io.michaelcane.Calculator.&lt;init&gt;(Calculator.java:6)
	at io.michaelcane.Commands.&lt;init&gt;(Commands.java:5)
	at io.michaelcane.Calculator.&lt;init&gt;(Calculator.java:6)
	at io.michaelcane.Commands.&lt;init&gt;(Commands.java:5)
	at io.michaelcane.Calculator.&lt;init&gt;(Calculator.java:6)
	at io.michaelcane.Commands.&lt;init&gt;(Commands.java:5)
	at io.michaelcane.Calculator.&lt;init&gt;(Calculator.java:6)
	at io.michaelcane.Commands.&lt;init&gt;(Commands.java:5)
	at io.michaelcane.Calculator.&lt;init&gt;(Calculator.java:6)
	at io.michaelcane.Commands.&lt;init&gt;(Commands.java:5)
	at io.michaelcane.Calculator.&lt;init&gt;(Calculator.java:6)
	at io.michaelcane.Commands.&lt;init&gt;(Commands.java:5)
	at io.michaelcane.Calculator.&lt;init&gt;(Calculator.java:6)
	at io.michaelcane.Commands.&lt;init&gt;(Commands.java:5)
	at io.michaelcane.Calculator.&lt;init&gt;(Calculator.java:6)
	at io.michaelcane.Commands.&lt;init&gt;(Commands.java:5)
	at io.michaelcane.Calculator.&lt;init&gt;(Calculator.java:6)
	at io.michaelcane.Commands.&lt;init&gt;(Commands.java:5)
	at io.michaelcane.Calculator.&lt;init&gt;(Calculator.java:6)
	at io.michaelcane.Commands.&lt;init&gt;(Commands.java:5)
	at io.michaelcane.Calculator.&lt;init&gt;(Calculator.java:6)
	at io.michaelcane.Commands.&lt;init&gt;(Commands.java:5)
	at io.michaelcane.Calculator.&lt;init&gt;(Calculator.java:6)
	at io.michaelcane.Commands.&lt;init&gt;(Commands.java:5)
	at io.michaelcane.Calculator.&lt;init&gt;(Calculator.java:6)
	at io.michaelcane.Commands.&lt;init&gt;(Commands.java:5)
	at io.michaelcane.Calculator.&lt;init&gt;(Calculator.java:6)
	at io.michaelcane.Commands.&lt;init&gt;(Commands.java:5)
	at io.michaelcane.Calculator.&lt;init&gt;(Calculator.java:6)
	at io.michaelcane.Commands.&lt;init&gt;(Commands.java:5)
	at io.michaelcane.Calculator.&lt;init&gt;(Calculator.java:6)
	at io.michaelcane.Commands.&lt;init&gt;(Commands.java:5)
	at io.michaelcane.Calculator.&lt;init&gt;(Calculator.java:6)
	at io.michaelcane.Commands.&lt;init&gt;(Commands.java:5)
	at io.michaelcane.Calculator.&lt;init&gt;(Calculator.java:6)
	at io.michaelcane.Commands.&lt;init&gt;(Commands.java:5)
	at io.michaelcane.Calculator.&lt;init&gt;(Calculator.java:6)
	at io.michaelcane.Commands.&lt;init&gt;(Commands.java:5)
	at io.michaelcane.Calculator.&lt;init&gt;(Calculator.java:6)
	at io.michaelcane.Commands.&lt;init&gt;(Commands.java:5)
	at io.michaelcane.Calculator.&lt;init&gt;(Calculator.java:6)
	at io.michaelcane.Commands.&lt;init&gt;(Commands.java:5)
	at io.michaelcane.Calculator.&lt;init&gt;(Calculator.java:6)
	at io.michaelcane.Commands.&lt;init&gt;(Commands.java:5)
	at io.michaelcane.Calculator.&lt;init&gt;(Calculator.java:6)
	at io.michaelcane.Commands.&lt;init&gt;(Commands.java:5)
	at io.michaelcane.Calculator.&lt;init&gt;(Calculator.java:6)
	at io.michaelcane.Commands.&lt;init&gt;(Commands.java:5)
	at io.michaelcane.Calculator.&lt;init&gt;(Calculator.java:6)
	at io.michaelcane.Commands.&lt;init&gt;(Commands.java:5)
	at io.michaelcane.Calculator.&lt;init&gt;(Calculator.java:6)
	at io.michaelcane.Commands.&lt;init&gt;(Commands.java:5)
	at io.michaelcane.Calculator.&lt;init&gt;(Calculator.java:6)
	at io.michaelcane.Commands.&lt;init&gt;(Commands.java:5)
	at io.michaelcane.Calculator.&lt;init&gt;(Calculator.java:6)
	at io.michaelcane.Commands.&lt;init&gt;(Commands.java:5)
	at io.michaelcane.Calculator.&lt;init&gt;(Calculator.java:6)
	at io.michaelcane.Commands.&lt;init&gt;(Commands.java:5)
	at io.michaelcane.Calculator.&lt;init&gt;(Calculator.java:6)
	at io.michaelcane.Commands.&lt;init&gt;(Commands.java:5)
	at io.michaelcane.Calculator.&lt;init&gt;(Calculator.java:6)
	at io.michaelcane.Commands.&lt;init&gt;(Commands.java:5)
	at io.michaelcane.Calculator.&lt;init&gt;(Calculator.java:6)
	at io.michaelcane.Commands.&lt;init&gt;(Commands.java:5)
	at io.michaelcane.Calculator.&lt;init&gt;(Calculator.java:6)
	at io.michaelcane.Commands.&lt;init&gt;(Commands.java:5)
	at io.michaelcane.Calculator.&lt;init&gt;(Calculator.java:6)
	at io.michaelcane.Commands.&lt;init&gt;(Commands.java:5)
	at io.michaelcane.Calculator.&lt;init&gt;(Calculator.java:6)
	at io.michaelcane.Commands.&lt;init&gt;(Commands.java:5)
	at io.michaelcane.Calculator.&lt;init&gt;(Calculator.java:6)
	at io.michaelcane.Commands.&lt;init&gt;(Commands.java:5)
	at io.michaelcane.Calculator.&lt;init&gt;(Calculator.java:6)
	at io.michaelcane.Commands.&lt;init&gt;(Commands.java:5)
	at io.michaelcane.Calculator.&lt;init&gt;(Calculator.java:6)
	at io.michaelcane.Commands.&lt;init&gt;(Commands.java:5)
	at io.michaelcane.Calculator.&lt;init&gt;(Calculator.java:6)
	at io.michaelcane.Commands.&lt;init&gt;(Commands.java:5)
	at io.michaelcane.Calculator.&lt;init&gt;(Calculator.java:6)
	at io.michaelcane.Commands.&lt;init&gt;(Commands.java:5)
	at io.michaelcane.Calculator.&lt;init&gt;(Calculator.java:6)
	at io.michaelcane.Commands.&lt;init&gt;(Commands.java:5)
	at io.michaelcane.Calculator.&lt;init&gt;(Calculator.java:6)
	at io.michaelcane.Commands.&lt;init&gt;(Commands.java:5)
	at io.michaelcane.Calculator.&lt;init&gt;(Calculator.java:6)
	at io.michaelcane.Commands.&lt;init&gt;(Commands.java:5)
	at io.michaelcane.Calculator.&lt;init&gt;(Calculator.java:6)
	at io.michaelcane.Commands.&lt;init&gt;(Commands.java:5)
	at io.michaelcane.Calculator.&lt;init&gt;(Calculator.java:6)
	at io.michaelcane.Commands.&lt;init&gt;(Commands.java:5)
	at io.michaelcane.Calculator.&lt;init&gt;(Calculator.java:6)
	at io.michaelcane.Commands.&lt;init&gt;(Commands.java:5)
	at io.michaelcane.Calculator.&lt;init&gt;(Calculator.java:6)
	at io.michaelcane.Commands.&lt;init&gt;(Commands.java:5)
	at io.michaelcane.Calculator.&lt;init&gt;(Calculator.java:6)
	at io.michaelcane.Commands.&lt;init&gt;(Commands.java:5)
	at io.michaelcane.Calculator.&lt;init&gt;(Calculator.java:6)
	at io.michaelcane.Commands.&lt;init&gt;(Commands.java:5)
	at io.michaelcane.Calculator.&lt;init&gt;(Calculator.java:6)
	at io.michaelcane.Commands.&lt;init&gt;(Commands.java:5)
	at io.michaelcane.Calculator.&lt;init&gt;(Calculator.java:6)
	at io.michaelcane.Commands.&lt;init&gt;(Commands.java:5)
	at io.michaelcane.Calculator.&lt;init&gt;(Calculator.java:6)
	at io.michaelcane.Commands.&lt;init&gt;(Commands.java:5)
	at io.michaelcane.Calculator.&lt;init&gt;(Calculator.java:6)
	at io.michaelcane.Commands.&lt;init&gt;(Commands.java:5)
	at io.michaelcane.Calculator.&lt;init&gt;(Calculator.java:6)
	at io.michaelcane.Commands.&lt;init&gt;(Commands.java:5)
	at io.michaelcane.Calculator.&lt;init&gt;(Calculator.java:6)
	at io.michaelcane.Commands.&lt;init&gt;(Commands.java:5)
	at io.michaelcane.Calculator.&lt;init&gt;(Calculator.java:6)
	at io.michaelcane.Commands.&lt;init&gt;(Commands.java:5)
	at io.michaelcane.Calculator.&lt;init&gt;(Calculator.java:6)
	at io.michaelcane.Commands.&lt;init&gt;(Commands.java:5)
	at io.michaelcane.Calculator.&lt;init&gt;(Calculator.java:6)
	at io.michaelcane.Commands.&lt;init&gt;(Commands.java:5)
	at io.michaelcane.Calculator.&lt;init&gt;(Calculator.java:6)
	at io.michaelcane.Commands.&lt;init&gt;(Commands.java:5)
	at io.michaelcane.Calculator.&lt;init&gt;(Calculator.java:6)
	at io.michaelcane.Commands.&lt;init&gt;(Commands.java:5)
	at io.michaelcane.Calculator.&lt;init&gt;(Calculator.java:6)
	at io.michaelcane.Commands.&lt;init&gt;(Commands.java:5)
	at io.michaelcane.Calculator.&lt;init&gt;(Calculator.java:6)
	at io.michaelcane.Commands.&lt;init&gt;(Commands.java:5)
	at io.michaelcane.Calculator.&lt;init&gt;(Calculator.java:6)
	at io.michaelcane.Commands.&lt;init&gt;(Commands.java:5)
	at io.michaelcane.Calculator.&lt;init&gt;(Calculator.java:6)
	at io.michaelcane.Commands.&lt;init&gt;(Commands.java:5)
	at io.michaelcane.Calculator.&lt;init&gt;(Calculator.java:6)
	at io.michaelcane.Commands.&lt;init&gt;(Commands.java:5)
	at io.michaelcane.Calculator.&lt;init&gt;(Calculator.java:6)
	at io.michaelcane.Commands.&lt;init&gt;(Commands.java:5)
	at io.michaelcane.Calculator.&lt;init&gt;(Calculator.java:6)
	at io.michaelcane.Commands.&lt;init&gt;(Commands.java:5)
	at io.michaelcane.Calculator.&lt;init&gt;(Calculator.java:6)
	at io.michaelcane.Commands.&lt;init&gt;(Commands.java:5)
	at io.michaelcane.Calculator.&lt;init&gt;(Calculator.java:6)
	at io.michaelcane.Commands.&lt;init&gt;(Commands.java:5)
	at io.michaelcane.Calculator.&lt;init&gt;(Calculator.java:6)
	at io.michaelcane.Commands.&lt;init&gt;(Commands.java:5)
	at io.michaelcane.Calculator.&lt;init&gt;(Calculator.java:6)
	at io.michaelcane.Commands.&lt;init&gt;(Commands.java:5)
	at io.michaelcane.Calculator.&lt;init&gt;(Calculator.java:6)
	at io.michaelcane.Commands.&lt;init&gt;(Commands.java:5)
	at io.michaelcane.Calculator.&lt;init&gt;(Calculator.java:6)
	at io.michaelcane.Commands.&lt;init&gt;(Commands.java:5)
	at io.michaelcane.Calculator.&lt;init&gt;(Calculator.java:6)
	at io.michaelcane.Commands.&lt;init&gt;(Commands.java:5)
	at io.michaelcane.Calculator.&lt;init&gt;(Calculator.java:6)
	at io.michaelcane.Commands.&lt;init&gt;(Commands.java:5)
	at io.michaelcane.Calculator.&lt;init&gt;(Calculator.java:6)
	at io.michaelcane.Commands.&lt;init&gt;(Commands.java:5)
	at io.michaelcane.Calculator.&lt;init&gt;(Calculator.java:6)
	at io.michaelcane.Commands.&lt;init&gt;(Commands.java:5)
	at io.michaelcane.Calculator.&lt;init&gt;(Calculator.java:6)
	at io.michaelcane.Commands.&lt;init&gt;(Commands.java:5)
	at io.michaelcane.Calculator.&lt;init&gt;(Calculator.java:6)
	at io.michaelcane.Commands.&lt;init&gt;(Commands.java:5)
	at io.michaelcane.Calculator.&lt;init&gt;(Calculator.java:6)
	at io.michaelcane.Commands.&lt;init&gt;(Commands.java:5)
	at io.michaelcane.Calculator.&lt;init&gt;(Calculator.java:6)
	at io.michaelcane.Commands.&lt;init&gt;(Commands.java:5)
	at io.michaelcane.Calculator.&lt;init&gt;(Calculator.java:6)
	at io.michaelcane.Commands.&lt;init&gt;(Commands.java:5)
	at io.michaelcane.Calculator.&lt;init&gt;(Calculator.java:6)
	at io.michaelcane.Commands.&lt;init&gt;(Commands.java:5)
	at io.michaelcane.Calculator.&lt;init&gt;(Calculator.java:6)
	at io.michaelcane.Commands.&lt;init&gt;(Commands.java:5)
	at io.michaelcane.Calculator.&lt;init&gt;(Calculator.java:6)
	at io.michaelcane.Commands.&lt;init&gt;(Commands.java:5)
	at io.michaelcane.Calculator.&lt;init&gt;(Calculator.java:6)
	at io.michaelcane.Commands.&lt;init&gt;(Commands.java:5)
	at io.michaelcane.Calculator.&lt;init&gt;(Calculator.java:6)
	at io.michaelcane.Commands.&lt;init&gt;(Commands.java:5)
	at io.michaelcane.Calculator.&lt;init&gt;(Calculator.java:6)
	at io.michaelcane.Commands.&lt;init&gt;(Commands.java:5)
	at io.michaelcane.Calculator.&lt;init&gt;(Calculator.java:6)
	at io.michaelcane.Commands.&lt;init&gt;(Commands.java:5)
	at io.michaelcane.Calculator.&lt;init&gt;(Calculator.java:6)
	at io.michaelcane.Commands.&lt;init&gt;(Commands.java:5)
	at io.michaelcane.Calculator.&lt;init&gt;(Calculator.java:6)
	at io.michaelcane.Commands.&lt;init&gt;(Commands.java:5)
	at io.michaelcane.Calculator.&lt;init&gt;(Calculator.java:6)
	at io.michaelcane.Commands.&lt;init&gt;(Commands.java:5)
	at io.michaelcane.Calculator.&lt;init&gt;(Calculator.java:6)
	at io.michaelcane.Commands.&lt;init&gt;(Commands.java:5)
	at io.michaelcane.Calculator.&lt;init&gt;(Calculator.java:6)
	at io.michaelcane.Commands.&lt;init&gt;(Commands.java:5)
	at io.michaelcane.Calculator.&lt;init&gt;(Calculator.java:6)
	at io.michaelcane.Commands.&lt;init&gt;(Commands.java:5)
	at io.michaelcane.Calculator.&lt;init&gt;(Calculator.java:6)
	at io.michaelcane.Commands.&lt;init&gt;(Commands.java:5)
	at io.michaelcane.Calculator.&lt;init&gt;(Calculator.java:6)
	at io.michaelcane.Commands.&lt;init&gt;(Commands.java:5)
	at io.michaelcane.Calculator.&lt;init&gt;(Calculator.java:6)
	at io.michaelcane.Commands.&lt;init&gt;(Commands.java:5)
	at io.michaelcane.Calculator.&lt;init&gt;(Calculator.java:6)
	at io.michaelcane.Commands.&lt;init&gt;(Commands.java:5)
	at io.michaelcane.Calculator.&lt;init&gt;(Calculator.java:6)
	at io.michaelcane.Commands.&lt;init&gt;(Commands.java:5)
	at io.michaelcane.Calculator.&lt;init&gt;(Calculator.java:6)
	at io.michaelcane.Commands.&lt;init&gt;(Commands.java:5)
	at io.michaelcane.Calculator.&lt;init&gt;(Calculator.java:6)
	at io.michaelcane.Commands.&lt;init&gt;(Commands.java:5)
	at io.michaelcane.Calculator.&lt;init&gt;(Calculator.java:6)
	at io.michaelcane.Commands.&lt;init&gt;(Commands.java:5)
	at io.michaelcane.Calculator.&lt;init&gt;(Calculator.java:6)
	at io.michaelcane.Commands.&lt;init&gt;(Commands.java:5)
	at io.michaelcane.Calculator.&lt;init&gt;(Calculator.java:6)
	at io.michaelcane.Commands.&lt;init&gt;(Commands.java:5)
	at io.michaelcane.Calculator.&lt;init&gt;(Calculator.java:6)
	at io.michaelcane.Commands.&lt;init&gt;(Commands.java:5)
	at io.michaelcane.Calculator.&lt;init&gt;(Calculator.java:6)
	at io.michaelcane.Commands.&lt;init&gt;(Commands.java:5)
	at io.michaelcane.Calculator.&lt;init&gt;(Calculator.java:6)
	at io.michaelcane.Commands.&lt;init&gt;(Commands.java:5)
	at io.michaelcane.Calculator.&lt;init&gt;(Calculator.java:6)
	at io.michaelcane.Commands.&lt;init&gt;(Commands.java:5)
	at io.michaelcane.Calculator.&lt;init&gt;(Calculator.java:6)
	at io.michaelcane.Commands.&lt;init&gt;(Commands.java:5)
	at io.michaelcane.Calculator.&lt;init&gt;(Calculator.java:6)
	at io.michaelcane.Commands.&lt;init&gt;(Commands.java:5)
	at io.michaelcane.Calculator.&lt;init&gt;(Calculator.java:6)
	at io.michaelcane.Commands.&lt;init&gt;(Commands.java:5)
	at io.michaelcane.Calculator.&lt;init&gt;(Calculator.java:6)
	at io.michaelcane.Commands.&lt;init&gt;(Commands.java:5)
	at io.michaelcane.Calculator.&lt;init&gt;(Calculator.java:6)
	at io.michaelcane.Commands.&lt;init&gt;(Commands.java:5)
	at io.michaelcane.Calculator.&lt;init&gt;(Calculator.java:6)
	at io.michaelcane.Commands.&lt;init&gt;(Commands.java:5)
	at io.michaelcane.Calculator.&lt;init&gt;(Calculator.java:6)
	at io.michaelcane.Commands.&lt;init&gt;(Commands.java:5)
	at io.michaelcane.Calculator.&lt;init&gt;(Calculator.java:6)
	at io.michaelcane.Commands.&lt;init&gt;(Commands.java:5)
	at io.michaelcane.Calculator.&lt;init&gt;(Calculator.java:6)
	at io.michaelcane.Commands.&lt;init&gt;(Commands.java:5)
	at io.michaelcane.Calculator.&lt;init&gt;(Calculator.java:6)
	at io.michaelcane.Commands.&lt;init&gt;(Commands.java:5)
	at io.michaelcane.Calculator.&lt;init&gt;(Calculator.java:6)
	at io.michaelcane.Commands.&lt;init&gt;(Commands.java:5)
	at io.michaelcane.Calculator.&lt;init&gt;(Calculator.java:6)
	at io.michaelcane.Commands.&lt;init&gt;(Commands.java:5)
	at io.michaelcane.Calculator.&lt;init&gt;(Calculator.java:6)
	at io.michaelcane.Commands.&lt;init&gt;(Commands.java:5)
	at io.michaelcane.Calculator.&lt;init&gt;(Calculator.java:6)
	at io.michaelcane.Commands.&lt;init&gt;(Commands.java:5)
	at io.michaelcane.Calculator.&lt;init&gt;(Calculator.java:6)
	at io.michaelcane.Commands.&lt;init&gt;(Commands.java:5)
	at io.michaelcane.Calculator.&lt;init&gt;(Calculator.java:6)
	at io.michaelcane.Commands.&lt;init&gt;(Commands.java:5)
	at io.michaelcane.Calculator.&lt;init&gt;(Calculator.java:6)
	at io.michaelcane.Commands.&lt;init&gt;(Commands.java:5)
	at io.michaelcane.Calculator.&lt;init&gt;(Calculator.java:6)
	at io.michaelcane.Commands.&lt;init&gt;(Commands.java:5)
	at io.michaelcane.Calculator.&lt;init&gt;(Calculator.java:6)
	at io.michaelcane.Commands.&lt;init&gt;(Commands.java:5)
	at io.michaelcane.Calculator.&lt;init&gt;(Calculator.java:6)
	at io.michaelcane.Commands.&lt;init&gt;(Commands.java:5)
	at io.michaelcane.Calculator.&lt;init&gt;(Calculator.java:6)
	at io.michaelcane.Commands.&lt;init&gt;(Commands.java:5)
	at io.michaelcane.Calculator.&lt;init&gt;(Calculator.java:6)
	at io.michaelcane.Commands.&lt;init&gt;(Commands.java:5)
	at io.michaelcane.Calculator.&lt;init&gt;(Calculator.java:6)
	at io.michaelcane.Commands.&lt;init&gt;(Commands.java:5)
	at io.michaelcane.Calculator.&lt;init&gt;(Calculator.java:6)
	at io.michaelcane.Commands.&lt;init&gt;(Commands.java:5)
	at io.michaelcane.Calculator.&lt;init&gt;(Calculator.java:6)
	at io.michaelcane.Commands.&lt;init&gt;(Commands.java:5)
	at io.michaelcane.Calculator.&lt;init&gt;(Calculator.java:6)
	at io.michaelcane.Commands.&lt;init&gt;(Commands.java:5)
	at io.michaelcane.Calculator.&lt;init&gt;(Calculator.java:6)
	at io.michaelcane.Commands.&lt;init&gt;(Commands.java:5)
	at io.michaelcane.Calculator.&lt;init&gt;(Calculator.java:6)
	at io.michaelcane.Commands.&lt;init&gt;(Commands.java:5)
	at io.michaelcane.Calculator.&lt;init&gt;(Calculator.java:6)
	at io.michaelcane.Commands.&lt;init&gt;(Commands.java:5)
	at io.michaelcane.Calculator.&lt;init&gt;(Calculator.java:6)
	at io.michaelcane.Commands.&lt;init&gt;(Commands.java:5)
	at io.michaelcane.Calculator.&lt;init&gt;(Calculator.java:6)
	at io.michaelcane.Commands.&lt;init&gt;(Commands.java:5)
	at io.michaelcane.Calculator.&lt;init&gt;(Calculator.java:6)
	at io.michaelcane.Commands.&lt;init&gt;(Commands.java:5)
	at io.michaelcane.Calculator.&lt;init&gt;(Calculator.java:6)
	at io.michaelcane.Commands.&lt;init&gt;(Commands.java:5)
	at io.michaelcane.Calculator.&lt;init&gt;(Calculator.java:6)
	at io.michaelcane.Commands.&lt;init&gt;(Commands.java:5)
	at io.michaelcane.Calculator.&lt;init&gt;(Calculator.java:6)
	at io.michaelcane.Commands.&lt;init&gt;(Commands.java:5)
	at io.michaelcane.Calculator.&lt;init&gt;(Calculator.java:6)
	at io.michaelcane.Commands.&lt;init&gt;(Commands.java:5)
	at io.michaelcane.Calculator.&lt;init&gt;(Calculator.java:6)
	at io.michaelcane.Commands.&lt;init&gt;(Commands.java:5)
	at io.michaelcane.Calculator.&lt;init&gt;(Calculator.java:6)
	at io.michaelcane.Commands.&lt;init&gt;(Commands.java:5)
	at io.michaelcane.Calculator.&lt;init&gt;(Calculator.java:6)
	at io.michaelcane.Commands.&lt;init&gt;(Commands.java:5)
	at io.michaelcane.Calculator.&lt;init&gt;(Calculator.java:6)
	at io.michaelcane.Commands.&lt;init&gt;(Commands.java:5)
	at io.michaelcane.Calculator.&lt;init&gt;(Calculator.java:6)
	at io.michaelcane.Commands.&lt;init&gt;(Commands.java:5)
	at io.michaelcane.Calculator.&lt;init&gt;(Calculator.java:6)
	at io.michaelcane.Commands.&lt;init&gt;(Commands.java:5)
	at io.michaelcane.Calculator.&lt;init&gt;(Calculator.java:6)
	at io.michaelcane.Commands.&lt;init&gt;(Commands.java:5)
	at io.michaelcane.Calculator.&lt;init&gt;(Calculator.java:6)
	at io.michaelcane.Commands.&lt;init&gt;(Commands.java:5)
	at io.michaelcane.Calculator.&lt;init&gt;(Calculator.java:6)
	at io.michaelcane.Commands.&lt;init&gt;(Commands.java:5)
	at io.michaelcane.Calculator.&lt;init&gt;(Calculator.java:6)
	at io.michaelcane.Commands.&lt;init&gt;(Commands.java:5)
	at io.michaelcane.Calculator.&lt;init&gt;(Calculator.java:6)
	at io.michaelcane.Commands.&lt;init&gt;(Commands.java:5)
	at io.michaelcane.Calculator.&lt;init&gt;(Calculator.java:6)
	at io.michaelcane.Commands.&lt;init&gt;(Commands.java:5)
	at io.michaelcane.Calculator.&lt;init&gt;(Calculator.java:6)
	at io.michaelcane.Commands.&lt;init&gt;(Commands.java:5)
	at io.michaelcane.Calculator.&lt;init&gt;(Calculator.java:6)
	at io.michaelcane.Commands.&lt;init&gt;(Commands.java:5)
	at io.michaelcane.Calculator.&lt;init&gt;(Calculator.java:6)
	at io.michaelcane.Commands.&lt;init&gt;(Commands.java:5)
	at io.michaelcane.Calculator.&lt;init&gt;(Calculator.java:6)
	at io.michaelcane.Commands.&lt;init&gt;(Commands.java:5)
	at io.michaelcane.Calculator.&lt;init&gt;(Calculator.java:6)
	at io.michaelcane.Commands.&lt;init&gt;(Commands.java:5)
	at io.michaelcane.Calculator.&lt;init&gt;(Calculator.java:6)
	at io.michaelcane.Commands.&lt;init&gt;(Commands.java:5)
	at io.michaelcane.Calculator.&lt;init&gt;(Calculator.java:6)
	at io.michaelcane.Commands.&lt;init&gt;(Commands.java:5)
	at io.michaelcane.Calculator.&lt;init&gt;(Calculator.java:6)
	at io.michaelcane.Commands.&lt;init&gt;(Commands.java:5)
	at io.michaelcane.Calculator.&lt;init&gt;(Calculator.java:6)
	at io.michaelcane.Commands.&lt;init&gt;(Commands.java:5)
	at io.michaelcane.Calculator.&lt;init&gt;(Calculator.java:6)
	at io.michaelcane.Commands.&lt;init&gt;(Commands.java:5)
	at io.michaelcane.Calculator.&lt;init&gt;(Calculator.java:6)
	at io.michaelcane.Commands.&lt;init&gt;(Commands.java:5)
	at io.michaelcane.Calculator.&lt;init&gt;(Calculator.java:6)
	at io.michaelcane.Commands.&lt;init&gt;(Commands.java:5)
	at io.michaelcane.Calculator.&lt;init&gt;(Calculator.java:6)
	at io.michaelcane.Commands.&lt;init&gt;(Commands.java:5)
	at io.michaelcane.Calculator.&lt;init&gt;(Calculator.java:6)
	at io.michaelcane.Commands.&lt;init&gt;(Commands.java:5)
	at io.michaelcane.Calculator.&lt;init&gt;(Calculator.java:6)
	at io.michaelcane.Commands.&lt;init&gt;(Commands.java:5)
	at io.michaelcane.Calculator.&lt;init&gt;(Calculator.java:6)
	at io.michaelcane.Commands.&lt;init&gt;(Commands.java:5)
	at io.michaelcane.Calculator.&lt;init&gt;(Calculator.java:6)
	at io.michaelcane.Commands.&lt;init&gt;(Commands.java:5)
	at io.michaelcane.Calculator.&lt;init&gt;(Calculator.java:6)
	at io.michaelcane.Commands.&lt;init&gt;(Commands.java:5)
	at io.michaelcane.Calculator.&lt;init&gt;(Calculator.java:6)
	at io.michaelcane.Commands.&lt;init&gt;(Commands.java:5)
	at io.michaelcane.Calculator.&lt;init&gt;(Calculator.java:6)
	at io.michaelcane.Commands.&lt;init&gt;(Commands.java:5)
	at io.michaelcane.Calculator.&lt;init&gt;(Calculator.java:6)
	at io.michaelcane.Commands.&lt;init&gt;(Commands.java:5)
	at io.michaelcane.Calculator.&lt;init&gt;(Calculator.java:6)
	at io.michaelcane.Commands.&lt;init&gt;(Commands.java:5)
	at io.michaelcane.Calculator.&lt;init&gt;(Calculator.java:6)
	at io.michaelcane.Commands.&lt;init&gt;(Commands.java:5)
	at io.michaelcane.Calculator.&lt;init&gt;(Calculator.java:6)
	at io.michaelcane.Commands.&lt;init&gt;(Commands.java:5)
	at io.michaelcane.Calculator.&lt;init&gt;(Calculator.java:6)
	at io.michaelcane.Commands.&lt;init&gt;(Commands.java:5)
	at io.michaelcane.Calculator.&lt;init&gt;(Calculator.java:6)
	at io.michaelcane.Commands.&lt;init&gt;(Commands.java:5)
	at io.michaelcane.Calculator.&lt;init&gt;(Calculator.java:6)
	at io.michaelcane.Commands.&lt;init&gt;(Commands.java:5)
	at io.michaelcane.Calculator.&lt;init&gt;(Calculator.java:6)
	at io.michaelcane.Commands.&lt;init&gt;(Commands.java:5)
	at io.michaelcane.Calculator.&lt;init&gt;(Calculator.java:6)
	at io.michaelcane.Commands.&lt;init&gt;(Commands.java:5)
	at io.michaelcane.Calculator.&lt;init&gt;(Calculator.java:6)
	at io.michaelcane.Commands.&lt;init&gt;(Commands.java:5)
	at io.michaelcane.Calculator.&lt;init&gt;(Calculator.java:6)
	at io.michaelcane.Commands.&lt;init&gt;(Commands.java:5)
	at io.michaelcane.Calculator.&lt;init&gt;(Calculator.java:6)
	at io.michaelcane.Commands.&lt;init&gt;(Commands.java:5)
	at io.michaelcane.Calculator.&lt;init&gt;(Calculator.java:6)
	at io.michaelcane.Commands.&lt;init&gt;(Commands.java:5)
	at io.michaelcane.Calculator.&lt;init&gt;(Calculator.java:6)
	at io.michaelcane.Commands.&lt;init&gt;(Commands.java:5)
	at io.michaelcane.Calculator.&lt;init&gt;(Calculator.java:6)
	at io.michaelcane.Commands.&lt;init&gt;(Commands.java:5)
	at io.michaelcane.Calculator.&lt;init&gt;(Calculator.java:6)
	at io.michaelcane.Commands.&lt;init&gt;(Commands.java:5)
	at io.michaelcane.Calculator.&lt;init&gt;(Calculator.java:6)
	at io.michaelcane.Commands.&lt;init&gt;(Commands.java:5)
	at io.michaelcane.Calculator.&lt;init&gt;(Calculator.java:6)
	at io.michaelcane.Commands.&lt;init&gt;(Commands.java:5)
	at io.michaelcane.Calculator.&lt;init&gt;(Calculator.java:6)
	at io.michaelcane.Commands.&lt;init&gt;(Commands.java:5)
	at io.michaelcane.Calculator.&lt;init&gt;(Calculator.java:6)
	at io.michaelcane.Commands.&lt;init&gt;(Commands.java:5)
	at io.michaelcane.Calculator.&lt;init&gt;(Calculator.java:6)
	at io.michaelcane.Commands.&lt;init&gt;(Commands.java:5)
	at io.michaelcane.Calculator.&lt;init&gt;(Calculator.java:6)
	at io.michaelcane.Commands.&lt;init&gt;(Commands.java:5)
	at io.michaelcane.Calculator.&lt;init&gt;(Calculator.java:6)
	at io.michaelcane.Commands.&lt;init&gt;(Commands.java:5)
	at io.michaelcane.Calculator.&lt;init&gt;(Calculator.java:6)
	at io.michaelcane.Commands.&lt;init&gt;(Commands.java:5)
	at io.michaelcane.Calculator.&lt;init&gt;(Calculator.java:6)
	at io.michaelcane.Commands.&lt;init&gt;(Commands.java:5)
	at io.michaelcane.Calculator.&lt;init&gt;(Calculator.java:6)
	at io.michaelcane.Commands.&lt;init&gt;(Commands.java:5)
	at io.michaelcane.Calculator.&lt;init&gt;(Calculator.java:6)
	at io.michaelcane.Commands.&lt;init&gt;(Commands.java:5)
	at io.michaelcane.Calculator.&lt;init&gt;(Calculator.java:6)
	at io.michaelcane.Commands.&lt;init&gt;(Commands.java:5)
	at io.michaelcane.Calculator.&lt;init&gt;(Calculator.java:6)
	at io.michaelcane.Commands.&lt;init&gt;(Commands.java:5)
	at io.michaelcane.Calculator.&lt;init&gt;(Calculator.java:6)
	at io.michaelcane.Commands.&lt;init&gt;(Commands.java:5)
	at io.michaelcane.Calculator.&lt;init&gt;(Calculator.java:6)
	at io.michaelcane.Commands.&lt;init&gt;(Commands.java:5)
	at io.michaelcane.Calculator.&lt;init&gt;(Calculator.java:6)
	at io.michaelcane.Commands.&lt;init&gt;(Commands.java:5)
	at io.michaelcane.Calculator.&lt;init&gt;(Calculator.java:6)
	at io.michaelcane.Commands.&lt;init&gt;(Commands.java:5)
	at io.michaelcane.Calculator.&lt;init&gt;(Calculator.java:6)
	at io.michaelcane.Commands.&lt;init&gt;(Commands.java:5)
	at io.michaelcane.Calculator.&lt;init&gt;(Calculator.java:6)
	at io.michaelcane.Commands.&lt;init&gt;(Commands.java:5)
</error>
  </testcase>
</testsuite>